molecule mol04.xyz
System:, atNum: 6 coords [              0.0000               0.0000               0.3295]
System:, atNum: 1 coords [              0.0000               1.6294              -0.9884]
System:, atNum: 1 coords [              0.0000              -1.6294              -0.9884]
===== Original AO-S matrix =====

                  [Col  1]              [Col  2]              [Col  3]              [Col  4]              [Col  5]              [Col  6]              [Col  7]              [Col  8]              [Col  9]              [Col 10]
[Row   1]               1.0000               0.2191               0.0000               0.0000               0.0000               0.1843              -0.0000               0.0000               0.0000               0.0000
[Row   2]               0.2191               1.0000               0.0000               0.0000               0.0000               0.8123               0.0000               0.0000               0.0000               0.0000
[Row   3]               0.0000               0.0000               1.0000               0.0000               0.0000               0.0000               0.5698               0.0000               0.0000               0.0000
[Row   4]               0.0000               0.0000               0.0000               1.0000               0.0000               0.0000               0.0000               0.5698               0.0000               0.0000
[Row   5]               0.0000               0.0000               0.0000               0.0000               1.0000               0.0000               0.0000               0.0000               0.5698               0.0000
[Row   6]               0.1843               0.8123               0.0000               0.0000               0.0000               1.0000               0.0000               0.0000               0.0000               0.0000
[Row   7]              -0.0000               0.0000               0.5698               0.0000               0.0000               0.0000               1.0000               0.0000               0.0000              -0.0000
[Row   8]               0.0000               0.0000               0.0000               0.5698               0.0000               0.0000               0.0000               1.0000               0.0000               0.0000
[Row   9]               0.0000               0.0000               0.0000               0.0000               0.5698               0.0000               0.0000               0.0000               1.0000               0.0000
[Row  10]               0.0000               0.0000               0.0000               0.0000               0.0000               0.0000              -0.0000               0.0000               0.0000               1.0000
[Row  11]               0.0000               0.0000               0.0000               0.0000               0.0000               0.0000               0.0000              -0.0000               0.0000               0.0000
[Row  12]               0.0000               0.0000               0.0000               0.0000               0.0000               0.0000               0.0000               0.0000              -0.0000               0.0000
[Row  13]               0.0000               0.0000               0.0000               0.0000               0.0000               0.0000               0.0000               0.0000               0.0000               0.0000
[Row  14]               0.0000               0.0000               0.0000               0.0000               0.0000               0.0000               0.0000               0.0000               0.0000               0.0000
[Row  15]               0.0301               0.2619              -0.2247               0.0000               0.2778               0.3695              -0.3229               0.0000               0.3992               0.0307
[Row  16]               0.0901               0.4676              -0.1668               0.0000               0.2063               0.6959              -0.3682               0.0000               0.4553               0.0076
[Row  17]               0.0301               0.2619              -0.2247               0.0000              -0.2778               0.3695              -0.3229               0.0000              -0.3992               0.0307
[Row  18]               0.0901               0.4676              -0.1668               0.0000              -0.2063               0.6959              -0.3682               0.0000              -0.4553               0.0076
                  [Col 11]              [Col 12]              [Col 13]              [Col 14]              [Col 15]              [Col 16]              [Col 17]              [Col 18]
[Row   1]               0.0000               0.0000               0.0000               0.0000               0.0301               0.0901               0.0301               0.0901
[Row   2]               0.0000               0.0000               0.0000               0.0000               0.2619               0.4676               0.2619               0.4676
[Row   3]               0.0000               0.0000               0.0000               0.0000              -0.2247              -0.1668              -0.2247              -0.1668
[Row   4]               0.0000               0.0000               0.0000               0.0000               0.0000               0.0000               0.0000               0.0000
[Row   5]               0.0000               0.0000               0.0000               0.0000               0.2778               0.2063              -0.2778              -0.2063
[Row   6]               0.0000               0.0000               0.0000               0.0000               0.3695               0.6959               0.3695               0.6959
[Row   7]               0.0000               0.0000               0.0000               0.0000              -0.3229              -0.3682              -0.3229              -0.3682
[Row   8]              -0.0000               0.0000               0.0000               0.0000               0.0000               0.0000               0.0000               0.0000
[Row   9]               0.0000              -0.0000               0.0000               0.0000               0.3992               0.4553              -0.3992              -0.4553
[Row  10]               0.0000               0.0000               0.0000               0.0000               0.0307               0.0076               0.0307               0.0076
[Row  11]               1.0000               0.0000               0.0000               0.0000               0.0000               0.0000               0.0000               0.0000
[Row  12]               0.0000               1.0000               0.0000               0.0000              -0.2793              -0.0693               0.2793               0.0693
[Row  13]               0.0000               0.0000               1.0000               0.0000              -0.1727              -0.0428              -0.1727              -0.0428
[Row  14]               0.0000               0.0000               0.0000               1.0000               0.0000               0.0000               0.0000               0.0000
[Row  15]               0.0000              -0.2793              -0.1727               0.0000               1.0000               0.6583               0.0232               0.1634
[Row  16]               0.0000              -0.0693              -0.0428               0.0000               0.6583               1.0000               0.1634               0.4247
[Row  17]               0.0000               0.2793              -0.1727               0.0000               0.0232               0.1634               1.0000               0.6583
[Row  18]               0.0000               0.0693              -0.0428               0.0000               0.1634               0.4247               0.6583               1.0000
nbas 18
 ===== CA ===== 

                  [Col  1]              [Col  2]              [Col  3]              [Col  4]              [Col  5]              [Col  6]              [Col  7]              [Col  8]              [Col  9]              [Col 10]
[Row   1]               0.9964               0.1898              -0.0000               0.1006              -0.0000               0.1147               0.0000              -0.0000               0.0504              -0.0000
[Row   2]               0.0223              -0.3859               0.0000              -0.1976               0.0000              -0.1219              -0.0000               0.0000              -0.2552               0.0000
[Row   3]              -0.0027               0.1474               0.0000              -0.4893               0.0000               0.2446               0.0000               0.0000              -0.9668               0.0000
[Row   4]              -0.0000              -0.0000              -0.0000               0.0000               0.4328              -0.0000               0.0000               0.0000               0.0000               1.1368
[Row   5]              -0.0000              -0.0000               0.4455               0.0000               0.0000              -0.0000               0.3705               0.6973               0.0000              -0.0000
[Row   6]              -0.0110              -0.3785              -0.0000              -0.4448              -0.0000              -1.9137              -0.0000              -0.0000              -0.2933               0.0000
[Row   7]               0.0032               0.0568               0.0000              -0.3787               0.0000               0.9497               0.0000              -0.0000               1.3569              -0.0000
[Row   8]               0.0000              -0.0000               0.0000               0.0000               0.6877              -0.0000               0.0000              -0.0000              -0.0000              -1.0039
[Row   9]               0.0000               0.0000               0.1781               0.0000              -0.0000              -0.0000               1.2934              -1.3172              -0.0000               0.0000
[Row  10]               0.0004              -0.0109              -0.0000               0.0275              -0.0000              -0.0136              -0.0000               0.0000               0.0185              -0.0000
[Row  11]               0.0000              -0.0000              -0.0000              -0.0000              -0.0246               0.0000              -0.0000               0.0000              -0.0000              -0.0185
[Row  12]              -0.0000               0.0000              -0.0544              -0.0000              -0.0000               0.0000              -0.0044              -0.1130              -0.0000              -0.0000
[Row  13]              -0.0005               0.0215               0.0000              -0.0092              -0.0000               0.0023               0.0000               0.0000              -0.0454              -0.0000
[Row  14]               0.0000               0.0000               0.0000               0.0000               0.0000               0.0000               0.0000              -0.0000               0.0000              -0.0000
[Row  15]              -0.0004              -0.1834               0.2470               0.1129              -0.0000               0.0116              -0.0542               0.4430               0.2061              -0.0000
[Row  16]               0.0034              -0.0655               0.2379               0.1235               0.0000               1.4923              -1.5178               0.0444               0.2683              -0.0000
[Row  17]              -0.0004              -0.1834              -0.2470               0.1129              -0.0000               0.0116               0.0542              -0.4430               0.2061              -0.0000
[Row  18]               0.0034              -0.0655              -0.2379               0.1235              -0.0000               1.4923               1.5178              -0.0444               0.2683              -0.0000
                  [Col 11]              [Col 12]              [Col 13]              [Col 14]              [Col 15]              [Col 16]              [Col 17]              [Col 18]
[Row   1]               0.0262              -0.0000               0.0511               0.0000               0.0016              -0.0000               0.0406              -0.0000
[Row   2]               1.4396               0.0000              -1.3900               0.0000               0.0175              -0.0000               0.2512               0.0000
[Row   3]               0.1358              -0.0000               0.5470               0.0000               0.0422              -0.0000               0.0421               0.0000
[Row   4]               0.0000               0.0000               0.0000              -0.0000               0.0000               0.0317               0.0000              -0.0000
[Row   5]               0.0000               0.9014               0.0000               0.0000              -0.0000              -0.0000              -0.0000               0.1126
[Row   6]              -2.5954              -0.0000               2.4619              -0.0000              -0.0432               0.0000              -0.8589               0.0000
[Row   7]               0.7513               0.0000              -0.8315               0.0000               0.0165              -0.0000               0.4564              -0.0000
[Row   8]              -0.0000              -0.0000              -0.0000              -0.0000              -0.0000              -0.0017              -0.0000               0.0000
[Row   9]              -0.0000              -1.1896              -0.0000              -0.0000               0.0000               0.0000               0.0000               0.3588
[Row  10]              -0.0003               0.0000               0.0021               0.0000               0.9828              -0.0000              -0.1927               0.0000
[Row  11]              -0.0000              -0.0000              -0.0000              -0.0000               0.0000               0.9995              -0.0000               0.0000
[Row  12]               0.0000               0.1845               0.0000              -0.0000               0.0000               0.0000              -0.0000              -1.1262
[Row  13]              -0.1600               0.0000              -0.1300               0.0000               0.1782              -0.0000               1.0326              -0.0000
[Row  14]               0.0000               0.0000              -0.0000               1.0000              -0.0000               0.0000               0.0000              -0.0000
[Row  15]               0.5679              -0.7015               0.6484               0.0000               0.0280              -0.0000               0.5193              -0.6542
[Row  16]               0.5435               1.3088              -1.2914              -0.0000               0.0032              -0.0000               0.1769               0.1139
[Row  17]               0.5679               0.7015               0.6484               0.0000               0.0280              -0.0000               0.5193               0.6542
[Row  18]               0.5435              -1.3088              -1.2914              -0.0000               0.0032              -0.0000               0.1769              -0.1139
 ===== CB ===== 

                  [Col  1]              [Col  2]              [Col  3]              [Col  4]              [Col  5]              [Col  6]              [Col  7]              [Col  8]              [Col  9]              [Col 10]
[Row   1]               0.9964               0.1898              -0.0000               0.1006              -0.0000               0.1147               0.0000              -0.0000               0.0504              -0.0000
[Row   2]               0.0223              -0.3859               0.0000              -0.1976               0.0000              -0.1219              -0.0000               0.0000              -0.2552               0.0000
[Row   3]              -0.0027               0.1474               0.0000              -0.4893               0.0000               0.2446               0.0000               0.0000              -0.9668               0.0000
[Row   4]              -0.0000              -0.0000              -0.0000               0.0000               0.4328              -0.0000               0.0000               0.0000               0.0000               1.1368
[Row   5]              -0.0000              -0.0000               0.4455               0.0000               0.0000              -0.0000               0.3705               0.6973               0.0000              -0.0000
[Row   6]              -0.0110              -0.3785              -0.0000              -0.4448              -0.0000              -1.9137              -0.0000              -0.0000              -0.2933               0.0000
[Row   7]               0.0032               0.0568               0.0000              -0.3787               0.0000               0.9497               0.0000              -0.0000               1.3569              -0.0000
[Row   8]               0.0000              -0.0000               0.0000               0.0000               0.6877              -0.0000               0.0000              -0.0000              -0.0000              -1.0039
[Row   9]               0.0000               0.0000               0.1781               0.0000              -0.0000              -0.0000               1.2934              -1.3172              -0.0000               0.0000
[Row  10]               0.0004              -0.0109              -0.0000               0.0275              -0.0000              -0.0136              -0.0000               0.0000               0.0185              -0.0000
[Row  11]               0.0000              -0.0000              -0.0000              -0.0000              -0.0246               0.0000              -0.0000               0.0000              -0.0000              -0.0185
[Row  12]              -0.0000               0.0000              -0.0544              -0.0000              -0.0000               0.0000              -0.0044              -0.1130              -0.0000              -0.0000
[Row  13]              -0.0005               0.0215               0.0000              -0.0092              -0.0000               0.0023               0.0000               0.0000              -0.0454              -0.0000
[Row  14]               0.0000               0.0000               0.0000               0.0000               0.0000               0.0000               0.0000              -0.0000               0.0000              -0.0000
[Row  15]              -0.0004              -0.1834               0.2470               0.1129              -0.0000               0.0116              -0.0542               0.4430               0.2061              -0.0000
[Row  16]               0.0034              -0.0655               0.2379               0.1235               0.0000               1.4923              -1.5178               0.0444               0.2683              -0.0000
[Row  17]              -0.0004              -0.1834              -0.2470               0.1129              -0.0000               0.0116               0.0542              -0.4430               0.2061              -0.0000
[Row  18]               0.0034              -0.0655              -0.2379               0.1235              -0.0000               1.4923               1.5178              -0.0444               0.2683              -0.0000
                  [Col 11]              [Col 12]              [Col 13]              [Col 14]              [Col 15]              [Col 16]              [Col 17]              [Col 18]
[Row   1]               0.0262              -0.0000               0.0511               0.0000               0.0016              -0.0000               0.0406              -0.0000
[Row   2]               1.4396               0.0000              -1.3900               0.0000               0.0175              -0.0000               0.2512               0.0000
[Row   3]               0.1358              -0.0000               0.5470               0.0000               0.0422              -0.0000               0.0421               0.0000
[Row   4]               0.0000               0.0000               0.0000              -0.0000               0.0000               0.0317               0.0000              -0.0000
[Row   5]               0.0000               0.9014               0.0000               0.0000              -0.0000              -0.0000              -0.0000               0.1126
[Row   6]              -2.5954              -0.0000               2.4619              -0.0000              -0.0432               0.0000              -0.8589               0.0000
[Row   7]               0.7513               0.0000              -0.8315               0.0000               0.0165              -0.0000               0.4564              -0.0000
[Row   8]              -0.0000              -0.0000              -0.0000              -0.0000              -0.0000              -0.0017              -0.0000               0.0000
[Row   9]              -0.0000              -1.1896              -0.0000              -0.0000               0.0000               0.0000               0.0000               0.3588
[Row  10]              -0.0003               0.0000               0.0021               0.0000               0.9828              -0.0000              -0.1927               0.0000
[Row  11]              -0.0000              -0.0000              -0.0000              -0.0000               0.0000               0.9995              -0.0000               0.0000
[Row  12]               0.0000               0.1845               0.0000              -0.0000               0.0000               0.0000              -0.0000              -1.1262
[Row  13]              -0.1600               0.0000              -0.1300               0.0000               0.1782              -0.0000               1.0326              -0.0000
[Row  14]               0.0000               0.0000              -0.0000               1.0000              -0.0000               0.0000               0.0000              -0.0000
[Row  15]               0.5679              -0.7015               0.6484               0.0000               0.0280              -0.0000               0.5193              -0.6542
[Row  16]               0.5435               1.3088              -1.2914              -0.0000               0.0032              -0.0000               0.1769               0.1139
[Row  17]               0.5679               0.7015               0.6484               0.0000               0.0280              -0.0000               0.5193               0.6542
[Row  18]               0.5435              -1.3088              -1.2914              -0.0000               0.0032              -0.0000               0.1769              -0.1139
 ===== P_psi ===== Dalpha+Dbeta 

                  [Col  1]              [Col  2]              [Col  3]              [Col  4]              [Col  5]              [Col  6]              [Col  7]              [Col  8]              [Col  9]              [Col 10]
[Row   1]               2.0780              -0.1419              -0.0478              -0.0000              -0.0000              -0.2551              -0.0482               0.0000               0.0000               0.0022
[Row   2]              -0.1419               0.3769               0.0795              -0.0000               0.0000               0.4674               0.1060              -0.0000              -0.0000              -0.0024
[Row   3]              -0.0478               0.0795               0.5223              -0.0000              -0.0000               0.3238               0.3873              -0.0000              -0.0000              -0.0301
[Row   4]              -0.0000              -0.0000              -0.0000               0.0000              -0.0000              -0.0000              -0.0000               0.0000              -0.0000               0.0000
[Row   5]              -0.0000               0.0000              -0.0000              -0.0000               0.3970              -0.0000               0.0000               0.0000               0.1587               0.0000
[Row   6]              -0.2551               0.4674               0.3238              -0.0000              -0.0000               0.6825               0.2938              -0.0000              -0.0000              -0.0162
[Row   7]              -0.0482               0.1060               0.3873              -0.0000               0.0000               0.2938               0.2933              -0.0000               0.0000              -0.0221
[Row   8]               0.0000              -0.0000              -0.0000               0.0000               0.0000              -0.0000              -0.0000               0.0000               0.0000               0.0000
[Row   9]               0.0000              -0.0000              -0.0000              -0.0000               0.1587              -0.0000               0.0000               0.0000               0.0634               0.0000
[Row  10]               0.0022              -0.0024              -0.0301               0.0000               0.0000              -0.0162              -0.0221               0.0000               0.0000               0.0017
[Row  11]               0.0000               0.0000               0.0000              -0.0000              -0.0000               0.0000               0.0000              -0.0000              -0.0000              -0.0000
[Row  12]              -0.0000              -0.0000               0.0000               0.0000              -0.0485               0.0000              -0.0000              -0.0000              -0.0194              -0.0000
[Row  13]               0.0053              -0.0130               0.0153              -0.0000               0.0000              -0.0081               0.0094              -0.0000               0.0000              -0.0010
[Row  14]               0.0000              -0.0000              -0.0000               0.0000               0.0000              -0.0000              -0.0000               0.0000               0.0000               0.0000
[Row  15]              -0.0477               0.0969              -0.1646               0.0000               0.2201               0.0384              -0.1064               0.0000               0.0880               0.0102
[Row  16]               0.0068               0.0019              -0.1402               0.0000               0.2120              -0.0603              -0.1009               0.0000               0.0847               0.0082
[Row  17]              -0.0477               0.0969              -0.1646               0.0000              -0.2201               0.0384              -0.1064               0.0000              -0.0880               0.0102
[Row  18]               0.0068               0.0019              -0.1402               0.0000              -0.2120              -0.0603              -0.1009               0.0000              -0.0847               0.0082
                  [Col 11]              [Col 12]              [Col 13]              [Col 14]              [Col 15]              [Col 16]              [Col 17]              [Col 18]
[Row   1]               0.0000              -0.0000               0.0053               0.0000              -0.0477               0.0068              -0.0477               0.0068
[Row   2]               0.0000              -0.0000              -0.0130              -0.0000               0.0969               0.0019               0.0969               0.0019
[Row   3]               0.0000               0.0000               0.0153              -0.0000              -0.1646              -0.1402              -0.1646              -0.1402
[Row   4]              -0.0000               0.0000              -0.0000               0.0000               0.0000               0.0000               0.0000               0.0000
[Row   5]              -0.0000              -0.0485               0.0000               0.0000               0.2201               0.2120              -0.2201              -0.2120
[Row   6]               0.0000               0.0000              -0.0081              -0.0000               0.0384              -0.0603               0.0384              -0.0603
[Row   7]               0.0000              -0.0000               0.0094              -0.0000              -0.1064              -0.1009              -0.1064              -0.1009
[Row   8]              -0.0000              -0.0000              -0.0000               0.0000               0.0000               0.0000               0.0000               0.0000
[Row   9]              -0.0000              -0.0194               0.0000               0.0000               0.0880               0.0847              -0.0880              -0.0847
[Row  10]              -0.0000              -0.0000              -0.0010               0.0000               0.0102               0.0082               0.0102               0.0082
[Row  11]               0.0000               0.0000               0.0000              -0.0000              -0.0000              -0.0000              -0.0000              -0.0000
[Row  12]               0.0000               0.0059              -0.0000              -0.0000              -0.0269              -0.0259               0.0269               0.0259
[Row  13]               0.0000              -0.0000               0.0011              -0.0000              -0.0100              -0.0051              -0.0100              -0.0051
[Row  14]              -0.0000              -0.0000              -0.0000               0.0000               0.0000               0.0000              -0.0000               0.0000
[Row  15]              -0.0000              -0.0269              -0.0100               0.0000               0.2149               0.1695              -0.0293              -0.0656
[Row  16]              -0.0000              -0.0259              -0.0051               0.0000               0.1695               0.1523              -0.0656              -0.0741
[Row  17]              -0.0000               0.0269              -0.0100              -0.0000              -0.0293              -0.0656               0.2149               0.1695
[Row  18]              -0.0000               0.0259              -0.0051               0.0000              -0.0656              -0.0741               0.1695               0.1523
===== P_mu,nu local =====

                  [Col  1]              [Col  2]              [Col  3]              [Col  4]              [Col  5]              [Col  6]              [Col  7]              [Col  8]              [Col  9]              [Col 10]
[Row   1]               2.0780              -0.1419              -0.0478              -0.0000              -0.0000              -0.2551              -0.0482               0.0000               0.0000               0.0022
[Row   2]              -0.1419               0.3769               0.0795              -0.0000               0.0000               0.4674               0.1060              -0.0000              -0.0000              -0.0024
[Row   3]              -0.0478               0.0795               0.5223              -0.0000              -0.0000               0.3238               0.3873              -0.0000              -0.0000              -0.0301
[Row   4]              -0.0000              -0.0000              -0.0000               0.0000              -0.0000              -0.0000              -0.0000               0.0000              -0.0000               0.0000
[Row   5]              -0.0000               0.0000              -0.0000              -0.0000               0.3970              -0.0000               0.0000               0.0000               0.1587               0.0000
[Row   6]              -0.2551               0.4674               0.3238              -0.0000              -0.0000               0.6825               0.2938              -0.0000              -0.0000              -0.0162
[Row   7]              -0.0482               0.1060               0.3873              -0.0000               0.0000               0.2938               0.2933              -0.0000               0.0000              -0.0221
[Row   8]               0.0000              -0.0000              -0.0000               0.0000               0.0000              -0.0000              -0.0000               0.0000               0.0000               0.0000
[Row   9]               0.0000              -0.0000              -0.0000              -0.0000               0.1587              -0.0000               0.0000               0.0000               0.0634               0.0000
[Row  10]               0.0022              -0.0024              -0.0301               0.0000               0.0000              -0.0162              -0.0221               0.0000               0.0000               0.0017
[Row  11]               0.0000               0.0000               0.0000              -0.0000              -0.0000               0.0000               0.0000              -0.0000              -0.0000              -0.0000
[Row  12]              -0.0000              -0.0000               0.0000               0.0000              -0.0485               0.0000              -0.0000              -0.0000              -0.0194              -0.0000
[Row  13]               0.0053              -0.0130               0.0153              -0.0000               0.0000              -0.0081               0.0094              -0.0000               0.0000              -0.0010
[Row  14]               0.0000              -0.0000              -0.0000               0.0000               0.0000              -0.0000              -0.0000               0.0000               0.0000               0.0000
[Row  15]              -0.0477               0.0969              -0.1646               0.0000               0.2201               0.0384              -0.1064               0.0000               0.0880               0.0102
[Row  16]               0.0068               0.0019              -0.1402               0.0000               0.2120              -0.0603              -0.1009               0.0000               0.0847               0.0082
[Row  17]              -0.0477               0.0969              -0.1646               0.0000              -0.2201               0.0384              -0.1064               0.0000              -0.0880               0.0102
[Row  18]               0.0068               0.0019              -0.1402               0.0000              -0.2120              -0.0603              -0.1009               0.0000              -0.0847               0.0082
                  [Col 11]              [Col 12]              [Col 13]              [Col 14]              [Col 15]              [Col 16]              [Col 17]              [Col 18]
[Row   1]               0.0000              -0.0000               0.0053               0.0000              -0.0477               0.0068              -0.0477               0.0068
[Row   2]               0.0000              -0.0000              -0.0130              -0.0000               0.0969               0.0019               0.0969               0.0019
[Row   3]               0.0000               0.0000               0.0153              -0.0000              -0.1646              -0.1402              -0.1646              -0.1402
[Row   4]              -0.0000               0.0000              -0.0000               0.0000               0.0000               0.0000               0.0000               0.0000
[Row   5]              -0.0000              -0.0485               0.0000               0.0000               0.2201               0.2120              -0.2201              -0.2120
[Row   6]               0.0000               0.0000              -0.0081              -0.0000               0.0384              -0.0603               0.0384              -0.0603
[Row   7]               0.0000              -0.0000               0.0094              -0.0000              -0.1064              -0.1009              -0.1064              -0.1009
[Row   8]              -0.0000              -0.0000              -0.0000               0.0000               0.0000               0.0000               0.0000               0.0000
[Row   9]              -0.0000              -0.0194               0.0000               0.0000               0.0880               0.0847              -0.0880              -0.0847
[Row  10]              -0.0000              -0.0000              -0.0010               0.0000               0.0102               0.0082               0.0102               0.0082
[Row  11]               0.0000               0.0000               0.0000              -0.0000              -0.0000              -0.0000              -0.0000              -0.0000
[Row  12]               0.0000               0.0059              -0.0000              -0.0000              -0.0269              -0.0259               0.0269               0.0259
[Row  13]               0.0000              -0.0000               0.0011              -0.0000              -0.0100              -0.0051              -0.0100              -0.0051
[Row  14]              -0.0000              -0.0000              -0.0000               0.0000               0.0000               0.0000              -0.0000               0.0000
[Row  15]              -0.0000              -0.0269              -0.0100               0.0000               0.2149               0.1695              -0.0293              -0.0656
[Row  16]              -0.0000              -0.0259              -0.0051               0.0000               0.1695               0.1523              -0.0656              -0.0741
[Row  17]              -0.0000               0.0269              -0.0100              -0.0000              -0.0293              -0.0656               0.2149               0.1695
[Row  18]              -0.0000               0.0259              -0.0051               0.0000              -0.0656              -0.0741               0.1695               0.1523
===== P_mu,nu psi4 =====

                  [Col  1]              [Col  2]              [Col  3]              [Col  4]              [Col  5]              [Col  6]              [Col  7]              [Col  8]              [Col  9]              [Col 10]
[Row   1]               2.0780              -0.1419              -0.0478              -0.0000              -0.0000              -0.2551              -0.0482               0.0000               0.0000               0.0022
[Row   2]              -0.1419               0.3769               0.0795              -0.0000               0.0000               0.4674               0.1060              -0.0000              -0.0000              -0.0024
[Row   3]              -0.0478               0.0795               0.5223              -0.0000              -0.0000               0.3238               0.3873              -0.0000              -0.0000              -0.0301
[Row   4]              -0.0000              -0.0000              -0.0000               0.0000              -0.0000              -0.0000              -0.0000               0.0000              -0.0000               0.0000
[Row   5]              -0.0000               0.0000              -0.0000              -0.0000               0.3970              -0.0000               0.0000               0.0000               0.1587               0.0000
[Row   6]              -0.2551               0.4674               0.3238              -0.0000              -0.0000               0.6825               0.2938              -0.0000              -0.0000              -0.0162
[Row   7]              -0.0482               0.1060               0.3873              -0.0000               0.0000               0.2938               0.2933              -0.0000               0.0000              -0.0221
[Row   8]               0.0000              -0.0000              -0.0000               0.0000               0.0000              -0.0000              -0.0000               0.0000               0.0000               0.0000
[Row   9]               0.0000              -0.0000              -0.0000              -0.0000               0.1587              -0.0000               0.0000               0.0000               0.0634               0.0000
[Row  10]               0.0022              -0.0024              -0.0301               0.0000               0.0000              -0.0162              -0.0221               0.0000               0.0000               0.0017
[Row  11]               0.0000               0.0000               0.0000              -0.0000              -0.0000               0.0000               0.0000              -0.0000              -0.0000              -0.0000
[Row  12]              -0.0000              -0.0000               0.0000               0.0000              -0.0485               0.0000              -0.0000              -0.0000              -0.0194              -0.0000
[Row  13]               0.0053              -0.0130               0.0153              -0.0000               0.0000              -0.0081               0.0094              -0.0000               0.0000              -0.0010
[Row  14]               0.0000              -0.0000              -0.0000               0.0000               0.0000              -0.0000              -0.0000               0.0000               0.0000               0.0000
[Row  15]              -0.0477               0.0969              -0.1646               0.0000               0.2201               0.0384              -0.1064               0.0000               0.0880               0.0102
[Row  16]               0.0068               0.0019              -0.1402               0.0000               0.2120              -0.0603              -0.1009               0.0000               0.0847               0.0082
[Row  17]              -0.0477               0.0969              -0.1646               0.0000              -0.2201               0.0384              -0.1064               0.0000              -0.0880               0.0102
[Row  18]               0.0068               0.0019              -0.1402               0.0000              -0.2120              -0.0603              -0.1009               0.0000              -0.0847               0.0082
                  [Col 11]              [Col 12]              [Col 13]              [Col 14]              [Col 15]              [Col 16]              [Col 17]              [Col 18]
[Row   1]               0.0000              -0.0000               0.0053               0.0000              -0.0477               0.0068              -0.0477               0.0068
[Row   2]               0.0000              -0.0000              -0.0130              -0.0000               0.0969               0.0019               0.0969               0.0019
[Row   3]               0.0000               0.0000               0.0153              -0.0000              -0.1646              -0.1402              -0.1646              -0.1402
[Row   4]              -0.0000               0.0000              -0.0000               0.0000               0.0000               0.0000               0.0000               0.0000
[Row   5]              -0.0000              -0.0485               0.0000               0.0000               0.2201               0.2120              -0.2201              -0.2120
[Row   6]               0.0000               0.0000              -0.0081              -0.0000               0.0384              -0.0603               0.0384              -0.0603
[Row   7]               0.0000              -0.0000               0.0094              -0.0000              -0.1064              -0.1009              -0.1064              -0.1009
[Row   8]              -0.0000              -0.0000              -0.0000               0.0000               0.0000               0.0000               0.0000               0.0000
[Row   9]              -0.0000              -0.0194               0.0000               0.0000               0.0880               0.0847              -0.0880              -0.0847
[Row  10]              -0.0000              -0.0000              -0.0010               0.0000               0.0102               0.0082               0.0102               0.0082
[Row  11]               0.0000               0.0000               0.0000              -0.0000              -0.0000              -0.0000              -0.0000              -0.0000
[Row  12]               0.0000               0.0059              -0.0000              -0.0000              -0.0269              -0.0259               0.0269               0.0259
[Row  13]               0.0000              -0.0000               0.0011              -0.0000              -0.0100              -0.0051              -0.0100              -0.0051
[Row  14]              -0.0000              -0.0000              -0.0000               0.0000               0.0000               0.0000              -0.0000               0.0000
[Row  15]              -0.0000              -0.0269              -0.0100               0.0000               0.2149               0.1695              -0.0293              -0.0656
[Row  16]              -0.0000              -0.0259              -0.0051               0.0000               0.1695               0.1523              -0.0656              -0.0741
[Row  17]              -0.0000               0.0269              -0.0100              -0.0000              -0.0293              -0.0656               0.2149               0.1695
[Row  18]              -0.0000               0.0259              -0.0051               0.0000              -0.0656              -0.0741               0.1695               0.1523
====== P^(AO) = SPS =====

                  [Col  1]              [Col  2]              [Col  3]              [Col  4]              [Col  5]              [Col  6]              [Col  7]              [Col  8]              [Col  9]              [Col 10]
[Row   1]               1.9998               0.4454              -0.0035              -0.0000              -0.0000               0.3650              -0.0006              -0.0000              -0.0000               0.0006
[Row   2]               0.4454               1.6819               0.1169              -0.0000              -0.0000               1.7619               0.0972              -0.0000              -0.0000               0.0114
[Row   3]              -0.0035               0.1169               1.4319              -0.0000               0.0000               0.0256               1.4840              -0.0000              -0.0000              -0.0711
[Row   4]              -0.0000              -0.0000              -0.0000               0.0000               0.0000              -0.0000              -0.0000               0.0000               0.0000               0.0000
[Row   5]              -0.0000              -0.0000               0.0000               0.0000               1.2243              -0.0000               0.0000               0.0000               1.3234               0.0000
[Row   6]               0.3650               1.7619               0.0256              -0.0000              -0.0000               1.8580               0.0008              -0.0000              -0.0000               0.0171
[Row   7]              -0.0006               0.0972               1.4840              -0.0000               0.0000               0.0008               1.5383              -0.0000              -0.0000              -0.0739
[Row   8]              -0.0000              -0.0000              -0.0000               0.0000               0.0000              -0.0000              -0.0000               0.0000               0.0000               0.0000
[Row   9]              -0.0000              -0.0000              -0.0000               0.0000               1.3234              -0.0000              -0.0000               0.0000               1.4306               0.0000
[Row  10]               0.0006               0.0114              -0.0711               0.0000               0.0000               0.0171              -0.0739               0.0000               0.0000               0.0037
[Row  11]               0.0000               0.0000               0.0000              -0.0000              -0.0000               0.0000               0.0000              -0.0000              -0.0000              -0.0000
[Row  12]              -0.0000               0.0000              -0.0000              -0.0000              -0.3527              -0.0000              -0.0000              -0.0000              -0.3812              -0.0000
[Row  13]               0.0004              -0.1042               0.1451              -0.0000              -0.0000              -0.1213               0.1522              -0.0000              -0.0000              -0.0085
[Row  14]               0.0000              -0.0000              -0.0000               0.0000               0.0000              -0.0000              -0.0000               0.0000               0.0000               0.0000
[Row  15]               0.0563               0.7044              -0.6828               0.0000               0.8906               0.7958              -0.7193               0.0000               0.9626               0.0420
[Row  16]               0.1754               1.1355              -0.5633               0.0000               0.6820               1.2410              -0.6015               0.0000               0.7372               0.0404
[Row  17]               0.0563               0.7044              -0.6828               0.0000              -0.8906               0.7958              -0.7193               0.0000              -0.9626               0.0420
[Row  18]               0.1754               1.1355              -0.5633               0.0000              -0.6820               1.2410              -0.6015               0.0000              -0.7372               0.0404
                  [Col 11]              [Col 12]              [Col 13]              [Col 14]              [Col 15]              [Col 16]              [Col 17]              [Col 18]
[Row   1]               0.0000              -0.0000               0.0004               0.0000               0.0563               0.1754               0.0563               0.1754
[Row   2]               0.0000               0.0000              -0.1042              -0.0000               0.7044               1.1355               0.7044               1.1355
[Row   3]               0.0000              -0.0000               0.1451              -0.0000              -0.6828              -0.5633              -0.6828              -0.5633
[Row   4]              -0.0000              -0.0000              -0.0000               0.0000               0.0000               0.0000               0.0000               0.0000
[Row   5]              -0.0000              -0.3527              -0.0000               0.0000               0.8906               0.6820              -0.8906              -0.6820
[Row   6]               0.0000              -0.0000              -0.1213              -0.0000               0.7958               1.2410               0.7958               1.2410
[Row   7]               0.0000              -0.0000               0.1522              -0.0000              -0.7193              -0.6015              -0.7193              -0.6015
[Row   8]              -0.0000              -0.0000              -0.0000               0.0000               0.0000               0.0000               0.0000               0.0000
[Row   9]              -0.0000              -0.3812              -0.0000               0.0000               0.9626               0.7372              -0.9626              -0.7372
[Row  10]              -0.0000              -0.0000              -0.0085               0.0000               0.0420               0.0404               0.0420               0.0404
[Row  11]               0.0000               0.0000               0.0000              -0.0000              -0.0000              -0.0000               0.0000               0.0000
[Row  12]               0.0000               0.1016               0.0000              -0.0000              -0.2565              -0.1965               0.2565               0.1965
[Row  13]               0.0000               0.0000               0.0233              -0.0000              -0.1244              -0.1414              -0.1244              -0.1414
[Row  14]              -0.0000              -0.0000              -0.0000               0.0000               0.0000               0.0000               0.0000              -0.0000
[Row  15]              -0.0000              -0.2565              -0.1244               0.0000               1.3305               1.3128               0.0350               0.3206
[Row  16]              -0.0000              -0.1965              -0.1414               0.0000               1.3128               1.4468               0.3206               0.6869
[Row  17]               0.0000               0.2565              -0.1244               0.0000               0.0350               0.3206               1.3305               1.3128
[Row  18]               0.0000               0.1965              -0.1414              -0.0000               0.3206               0.6869               1.3128               1.4468
====== S^(AO) = S =====

                  [Col  1]              [Col  2]              [Col  3]              [Col  4]              [Col  5]              [Col  6]              [Col  7]              [Col  8]              [Col  9]              [Col 10]
[Row   1]               1.0000               0.2191               0.0000               0.0000               0.0000               0.1843              -0.0000               0.0000               0.0000               0.0000
[Row   2]               0.2191               1.0000               0.0000               0.0000               0.0000               0.8123               0.0000               0.0000               0.0000               0.0000
[Row   3]               0.0000               0.0000               1.0000               0.0000               0.0000               0.0000               0.5698               0.0000               0.0000               0.0000
[Row   4]               0.0000               0.0000               0.0000               1.0000               0.0000               0.0000               0.0000               0.5698               0.0000               0.0000
[Row   5]               0.0000               0.0000               0.0000               0.0000               1.0000               0.0000               0.0000               0.0000               0.5698               0.0000
[Row   6]               0.1843               0.8123               0.0000               0.0000               0.0000               1.0000               0.0000               0.0000               0.0000               0.0000
[Row   7]              -0.0000               0.0000               0.5698               0.0000               0.0000               0.0000               1.0000               0.0000               0.0000              -0.0000
[Row   8]               0.0000               0.0000               0.0000               0.5698               0.0000               0.0000               0.0000               1.0000               0.0000               0.0000
[Row   9]               0.0000               0.0000               0.0000               0.0000               0.5698               0.0000               0.0000               0.0000               1.0000               0.0000
[Row  10]               0.0000               0.0000               0.0000               0.0000               0.0000               0.0000              -0.0000               0.0000               0.0000               1.0000
[Row  11]               0.0000               0.0000               0.0000               0.0000               0.0000               0.0000               0.0000              -0.0000               0.0000               0.0000
[Row  12]               0.0000               0.0000               0.0000               0.0000               0.0000               0.0000               0.0000               0.0000              -0.0000               0.0000
[Row  13]               0.0000               0.0000               0.0000               0.0000               0.0000               0.0000               0.0000               0.0000               0.0000               0.0000
[Row  14]               0.0000               0.0000               0.0000               0.0000               0.0000               0.0000               0.0000               0.0000               0.0000               0.0000
[Row  15]               0.0301               0.2619              -0.2247               0.0000               0.2778               0.3695              -0.3229               0.0000               0.3992               0.0307
[Row  16]               0.0901               0.4676              -0.1668               0.0000               0.2063               0.6959              -0.3682               0.0000               0.4553               0.0076
[Row  17]               0.0301               0.2619              -0.2247               0.0000              -0.2778               0.3695              -0.3229               0.0000              -0.3992               0.0307
[Row  18]               0.0901               0.4676              -0.1668               0.0000              -0.2063               0.6959              -0.3682               0.0000              -0.4553               0.0076
                  [Col 11]              [Col 12]              [Col 13]              [Col 14]              [Col 15]              [Col 16]              [Col 17]              [Col 18]
[Row   1]               0.0000               0.0000               0.0000               0.0000               0.0301               0.0901               0.0301               0.0901
[Row   2]               0.0000               0.0000               0.0000               0.0000               0.2619               0.4676               0.2619               0.4676
[Row   3]               0.0000               0.0000               0.0000               0.0000              -0.2247              -0.1668              -0.2247              -0.1668
[Row   4]               0.0000               0.0000               0.0000               0.0000               0.0000               0.0000               0.0000               0.0000
[Row   5]               0.0000               0.0000               0.0000               0.0000               0.2778               0.2063              -0.2778              -0.2063
[Row   6]               0.0000               0.0000               0.0000               0.0000               0.3695               0.6959               0.3695               0.6959
[Row   7]               0.0000               0.0000               0.0000               0.0000              -0.3229              -0.3682              -0.3229              -0.3682
[Row   8]              -0.0000               0.0000               0.0000               0.0000               0.0000               0.0000               0.0000               0.0000
[Row   9]               0.0000              -0.0000               0.0000               0.0000               0.3992               0.4553              -0.3992              -0.4553
[Row  10]               0.0000               0.0000               0.0000               0.0000               0.0307               0.0076               0.0307               0.0076
[Row  11]               1.0000               0.0000               0.0000               0.0000               0.0000               0.0000               0.0000               0.0000
[Row  12]               0.0000               1.0000               0.0000               0.0000              -0.2793              -0.0693               0.2793               0.0693
[Row  13]               0.0000               0.0000               1.0000               0.0000              -0.1727              -0.0428              -0.1727              -0.0428
[Row  14]               0.0000               0.0000               0.0000               1.0000               0.0000               0.0000               0.0000               0.0000
[Row  15]               0.0000              -0.2793              -0.1727               0.0000               1.0000               0.6583               0.0232               0.1634
[Row  16]               0.0000              -0.0693              -0.0428               0.0000               0.6583               1.0000               0.1634               0.4247
[Row  17]               0.0000               0.2793              -0.1727               0.0000               0.0232               0.1634               1.0000               0.6583
[Row  18]               0.0000               0.0693              -0.0428               0.0000               0.1634               0.4247               0.6583               1.0000
====== P^(AO) std gaussian m_l ordering SPS =====

                  [Col  1]              [Col  2]              [Col  3]              [Col  4]              [Col  5]              [Col  6]              [Col  7]              [Col  8]              [Col  9]              [Col 10]
[Row   1]               1.9998               0.4454              -0.0000              -0.0000              -0.0035               0.3650              -0.0000              -0.0000              -0.0006               0.0006
[Row   2]               0.4454               1.6819              -0.0000              -0.0000               0.1169               1.7619              -0.0000              -0.0000               0.0972               0.0114
[Row   3]              -0.0000              -0.0000               0.0000               0.0000              -0.0000              -0.0000               0.0000               0.0000              -0.0000               0.0000
[Row   4]              -0.0000              -0.0000               0.0000               1.2243               0.0000              -0.0000               0.0000               1.3234               0.0000               0.0000
[Row   5]              -0.0035               0.1169              -0.0000               0.0000               1.4319               0.0256              -0.0000              -0.0000               1.4840              -0.0711
[Row   6]               0.3650               1.7619              -0.0000              -0.0000               0.0256               1.8580              -0.0000              -0.0000               0.0008               0.0171
[Row   7]              -0.0000              -0.0000               0.0000               0.0000              -0.0000              -0.0000               0.0000               0.0000              -0.0000               0.0000
[Row   8]              -0.0000              -0.0000               0.0000               1.3234              -0.0000              -0.0000               0.0000               1.4306              -0.0000               0.0000
[Row   9]              -0.0006               0.0972              -0.0000               0.0000               1.4840               0.0008              -0.0000              -0.0000               1.5383              -0.0739
[Row  10]               0.0006               0.0114               0.0000               0.0000              -0.0711               0.0171               0.0000               0.0000              -0.0739               0.0037
[Row  11]               0.0000               0.0000              -0.0000              -0.0000               0.0000               0.0000              -0.0000              -0.0000               0.0000              -0.0000
[Row  12]              -0.0000               0.0000              -0.0000              -0.3527              -0.0000              -0.0000              -0.0000              -0.3812              -0.0000              -0.0000
[Row  13]               0.0004              -0.1042              -0.0000              -0.0000               0.1451              -0.1213              -0.0000              -0.0000               0.1522              -0.0085
[Row  14]               0.0000              -0.0000               0.0000               0.0000              -0.0000              -0.0000               0.0000               0.0000              -0.0000               0.0000
[Row  15]               0.0563               0.7044               0.0000               0.8906              -0.6828               0.7958               0.0000               0.9626              -0.7193               0.0420
[Row  16]               0.1754               1.1355               0.0000               0.6820              -0.5633               1.2410               0.0000               0.7372              -0.6015               0.0404
[Row  17]               0.0563               0.7044               0.0000              -0.8906              -0.6828               0.7958               0.0000              -0.9626              -0.7193               0.0420
[Row  18]               0.1754               1.1355               0.0000              -0.6820              -0.5633               1.2410               0.0000              -0.7372              -0.6015               0.0404
                  [Col 11]              [Col 12]              [Col 13]              [Col 14]              [Col 15]              [Col 16]              [Col 17]              [Col 18]
[Row   1]               0.0000              -0.0000               0.0004               0.0000               0.0563               0.1754               0.0563               0.1754
[Row   2]               0.0000               0.0000              -0.1042              -0.0000               0.7044               1.1355               0.7044               1.1355
[Row   3]              -0.0000              -0.0000              -0.0000               0.0000               0.0000               0.0000               0.0000               0.0000
[Row   4]              -0.0000              -0.3527              -0.0000               0.0000               0.8906               0.6820              -0.8906              -0.6820
[Row   5]               0.0000              -0.0000               0.1451              -0.0000              -0.6828              -0.5633              -0.6828              -0.5633
[Row   6]               0.0000              -0.0000              -0.1213              -0.0000               0.7958               1.2410               0.7958               1.2410
[Row   7]              -0.0000              -0.0000              -0.0000               0.0000               0.0000               0.0000               0.0000               0.0000
[Row   8]              -0.0000              -0.3812              -0.0000               0.0000               0.9626               0.7372              -0.9626              -0.7372
[Row   9]               0.0000              -0.0000               0.1522              -0.0000              -0.7193              -0.6015              -0.7193              -0.6015
[Row  10]              -0.0000              -0.0000              -0.0085               0.0000               0.0420               0.0404               0.0420               0.0404
[Row  11]               0.0000               0.0000               0.0000              -0.0000              -0.0000              -0.0000               0.0000               0.0000
[Row  12]               0.0000               0.1016               0.0000              -0.0000              -0.2565              -0.1965               0.2565               0.1965
[Row  13]               0.0000               0.0000               0.0233              -0.0000              -0.1244              -0.1414              -0.1244              -0.1414
[Row  14]              -0.0000              -0.0000              -0.0000               0.0000               0.0000               0.0000               0.0000              -0.0000
[Row  15]              -0.0000              -0.2565              -0.1244               0.0000               1.3305               1.3128               0.0350               0.3206
[Row  16]              -0.0000              -0.1965              -0.1414               0.0000               1.3128               1.4468               0.3206               0.6869
[Row  17]               0.0000               0.2565              -0.1244               0.0000               0.0350               0.3206               1.3305               1.3128
[Row  18]               0.0000               0.1965              -0.1414              -0.0000               0.3206               0.6869               1.3128               1.4468
====== S^(AO) std gaussian m_l ordering =====

                  [Col  1]              [Col  2]              [Col  3]              [Col  4]              [Col  5]              [Col  6]              [Col  7]              [Col  8]              [Col  9]              [Col 10]
[Row   1]               1.0000               0.2191               0.0000               0.0000               0.0000               0.1843               0.0000               0.0000              -0.0000               0.0000
[Row   2]               0.2191               1.0000               0.0000               0.0000               0.0000               0.8123               0.0000               0.0000               0.0000               0.0000
[Row   3]               0.0000               0.0000               1.0000               0.0000               0.0000               0.0000               0.5698               0.0000               0.0000               0.0000
[Row   4]               0.0000               0.0000               0.0000               1.0000               0.0000               0.0000               0.0000               0.5698               0.0000               0.0000
[Row   5]               0.0000               0.0000               0.0000               0.0000               1.0000               0.0000               0.0000               0.0000               0.5698               0.0000
[Row   6]               0.1843               0.8123               0.0000               0.0000               0.0000               1.0000               0.0000               0.0000               0.0000               0.0000
[Row   7]               0.0000               0.0000               0.5698               0.0000               0.0000               0.0000               1.0000               0.0000               0.0000               0.0000
[Row   8]               0.0000               0.0000               0.0000               0.5698               0.0000               0.0000               0.0000               1.0000               0.0000               0.0000
[Row   9]              -0.0000               0.0000               0.0000               0.0000               0.5698               0.0000               0.0000               0.0000               1.0000              -0.0000
[Row  10]               0.0000               0.0000               0.0000               0.0000               0.0000               0.0000               0.0000               0.0000              -0.0000               1.0000
[Row  11]               0.0000               0.0000               0.0000               0.0000               0.0000               0.0000              -0.0000               0.0000               0.0000               0.0000
[Row  12]               0.0000               0.0000               0.0000               0.0000               0.0000               0.0000               0.0000              -0.0000               0.0000               0.0000
[Row  13]               0.0000               0.0000               0.0000               0.0000               0.0000               0.0000               0.0000               0.0000               0.0000               0.0000
[Row  14]               0.0000               0.0000               0.0000               0.0000               0.0000               0.0000               0.0000               0.0000               0.0000               0.0000
[Row  15]               0.0301               0.2619               0.0000               0.2778              -0.2247               0.3695               0.0000               0.3992              -0.3229               0.0307
[Row  16]               0.0901               0.4676               0.0000               0.2063              -0.1668               0.6959               0.0000               0.4553              -0.3682               0.0076
[Row  17]               0.0301               0.2619               0.0000              -0.2778              -0.2247               0.3695               0.0000              -0.3992              -0.3229               0.0307
[Row  18]               0.0901               0.4676               0.0000              -0.2063              -0.1668               0.6959               0.0000              -0.4553              -0.3682               0.0076
                  [Col 11]              [Col 12]              [Col 13]              [Col 14]              [Col 15]              [Col 16]              [Col 17]              [Col 18]
[Row   1]               0.0000               0.0000               0.0000               0.0000               0.0301               0.0901               0.0301               0.0901
[Row   2]               0.0000               0.0000               0.0000               0.0000               0.2619               0.4676               0.2619               0.4676
[Row   3]               0.0000               0.0000               0.0000               0.0000               0.0000               0.0000               0.0000               0.0000
[Row   4]               0.0000               0.0000               0.0000               0.0000               0.2778               0.2063              -0.2778              -0.2063
[Row   5]               0.0000               0.0000               0.0000               0.0000              -0.2247              -0.1668              -0.2247              -0.1668
[Row   6]               0.0000               0.0000               0.0000               0.0000               0.3695               0.6959               0.3695               0.6959
[Row   7]              -0.0000               0.0000               0.0000               0.0000               0.0000               0.0000               0.0000               0.0000
[Row   8]               0.0000              -0.0000               0.0000               0.0000               0.3992               0.4553              -0.3992              -0.4553
[Row   9]               0.0000               0.0000               0.0000               0.0000              -0.3229              -0.3682              -0.3229              -0.3682
[Row  10]               0.0000               0.0000               0.0000               0.0000               0.0307               0.0076               0.0307               0.0076
[Row  11]               1.0000               0.0000               0.0000               0.0000               0.0000               0.0000               0.0000               0.0000
[Row  12]               0.0000               1.0000               0.0000               0.0000              -0.2793              -0.0693               0.2793               0.0693
[Row  13]               0.0000               0.0000               1.0000               0.0000              -0.1727              -0.0428              -0.1727              -0.0428
[Row  14]               0.0000               0.0000               0.0000               1.0000               0.0000               0.0000               0.0000               0.0000
[Row  15]               0.0000              -0.2793              -0.1727               0.0000               1.0000               0.6583               0.0232               0.1634
[Row  16]               0.0000              -0.0693              -0.0428               0.0000               0.6583               1.0000               0.1634               0.4247
[Row  17]               0.0000               0.2793              -0.1727               0.0000               0.0232               0.1634               1.0000               0.6583
[Row  18]               0.0000               0.0693              -0.0428               0.0000               0.1634               0.4247               0.6583               1.0000
