molecule mol09.xyz
System:, atNum: 7 coords [              0.0000               0.0000               0.2201]
System:, atNum: 1 coords [              0.0000               1.7758              -0.5136]
System:, atNum: 1 coords [              1.5379              -0.8879              -0.5136]
System:, atNum: 1 coords [             -1.5379              -0.8879              -0.5136]
===== Original AO-S matrix =====

                  [Col  1]              [Col  2]              [Col  3]              [Col  4]              [Col  5]              [Col  6]              [Col  7]              [Col  8]              [Col  9]              [Col 10]
[Row   1]               1.0000               0.2222              -0.0000               0.0000               0.0000               0.1719               0.0000               0.0000               0.0000               0.0000
[Row   2]               0.2222               1.0000              -0.0000               0.0000               0.0000               0.7755               0.0000               0.0000               0.0000               0.0000
[Row   3]              -0.0000              -0.0000               1.0000               0.0000               0.0000               0.0000               0.5193               0.0000               0.0000               0.0000
[Row   4]               0.0000               0.0000               0.0000               1.0000               0.0000               0.0000               0.0000               0.5193               0.0000               0.0000
[Row   5]               0.0000               0.0000               0.0000               0.0000               1.0000               0.0000               0.0000               0.0000               0.5193               0.0000
[Row   6]               0.1719               0.7755               0.0000               0.0000               0.0000               1.0000               0.0000               0.0000               0.0000               0.0000
[Row   7]               0.0000               0.0000               0.5193               0.0000               0.0000               0.0000               1.0000               0.0000               0.0000               0.0000
[Row   8]               0.0000               0.0000               0.0000               0.5193               0.0000               0.0000               0.0000               1.0000               0.0000               0.0000
[Row   9]               0.0000               0.0000               0.0000               0.0000               0.5193               0.0000               0.0000               0.0000               1.0000               0.0000
[Row  10]               0.0000               0.0000               0.0000               0.0000               0.0000               0.0000               0.0000               0.0000               0.0000               1.0000
[Row  11]               0.0000               0.0000               0.0000               0.0000               0.0000               0.0000               0.0000               0.0000               0.0000               0.0000
[Row  12]               0.0000               0.0000               0.0000               0.0000               0.0000               0.0000               0.0000               0.0000               0.0000               0.0000
[Row  13]               0.0000               0.0000               0.0000               0.0000               0.0000               0.0000               0.0000               0.0000               0.0000               0.0000
[Row  14]               0.0000               0.0000               0.0000               0.0000               0.0000               0.0000               0.0000               0.0000               0.0000               0.0000
[Row  15]               0.0342               0.2590              -0.1241               0.0000               0.3004               0.4061              -0.2114               0.0000               0.5116              -0.1038
[Row  16]               0.0792               0.4231              -0.0744               0.0000               0.1801               0.7031              -0.2053               0.0000               0.4968              -0.0213
[Row  17]               0.0342               0.2590              -0.1241               0.2602              -0.1502               0.4061              -0.2114               0.4430              -0.2558              -0.1038
[Row  18]               0.0792               0.4231              -0.0744               0.1560              -0.0900               0.7031              -0.2053               0.4302              -0.2484              -0.0213
[Row  19]               0.0342               0.2590              -0.1241              -0.2602              -0.1502               0.4061              -0.2114              -0.4430              -0.2558              -0.1038
[Row  20]               0.0792               0.4231              -0.0744              -0.1560              -0.0900               0.7031              -0.2053              -0.4302              -0.2484              -0.0213
                  [Col 11]              [Col 12]              [Col 13]              [Col 14]              [Col 15]              [Col 16]              [Col 17]              [Col 18]              [Col 19]              [Col 20]
[Row   1]               0.0000               0.0000               0.0000               0.0000               0.0342               0.0792               0.0342               0.0792               0.0342               0.0792
[Row   2]               0.0000               0.0000               0.0000               0.0000               0.2590               0.4231               0.2590               0.4231               0.2590               0.4231
[Row   3]               0.0000               0.0000               0.0000               0.0000              -0.1241              -0.0744              -0.1241              -0.0744              -0.1241              -0.0744
[Row   4]               0.0000               0.0000               0.0000               0.0000               0.0000               0.0000               0.2602               0.1560              -0.2602              -0.1560
[Row   5]               0.0000               0.0000               0.0000               0.0000               0.3004               0.1801              -0.1502              -0.0900              -0.1502              -0.0900
[Row   6]               0.0000               0.0000               0.0000               0.0000               0.4061               0.7031               0.4061               0.7031               0.4061               0.7031
[Row   7]               0.0000               0.0000               0.0000               0.0000              -0.2114              -0.2053              -0.2114              -0.2053              -0.2114              -0.2053
[Row   8]               0.0000               0.0000               0.0000               0.0000               0.0000               0.0000               0.4430               0.4302              -0.4430              -0.4302
[Row   9]               0.0000               0.0000               0.0000               0.0000               0.5116               0.4968              -0.2558              -0.2484              -0.2558              -0.2484
[Row  10]               0.0000               0.0000               0.0000               0.0000              -0.1038              -0.0213              -0.1038              -0.0213              -0.1038              -0.0213
[Row  11]               1.0000               0.0000               0.0000               0.0000               0.0000               0.0000              -0.1953              -0.0400               0.1953               0.0400
[Row  12]               0.0000               1.0000               0.0000               0.0000              -0.2255              -0.0462               0.1128               0.0231               0.1128               0.0231
[Row  13]               0.0000               0.0000               1.0000               0.0000              -0.2729              -0.0559               0.1365               0.0280               0.1365               0.0280
[Row  14]               0.0000               0.0000               0.0000               1.0000               0.0000               0.0000              -0.2363              -0.0484               0.2363               0.0484
[Row  15]               0.0000              -0.2255              -0.2729               0.0000               1.0000               0.6583               0.0340               0.1901               0.0340               0.1901
[Row  16]               0.0000              -0.0462              -0.0559               0.0000               0.6583               1.0000               0.1901               0.4663               0.1901               0.4663
[Row  17]              -0.1953               0.1128               0.1365              -0.2363               0.0340               0.1901               1.0000               0.6583               0.0340               0.1901
[Row  18]              -0.0400               0.0231               0.0280              -0.0484               0.1901               0.4663               0.6583               1.0000               0.1901               0.4663
[Row  19]               0.1953               0.1128               0.1365               0.2363               0.0340               0.1901               0.0340               0.1901               1.0000               0.6583
[Row  20]               0.0400               0.0231               0.0280               0.0484               0.1901               0.4663               0.1901               0.4663               0.6583               1.0000
nbas 20
 ===== CA ===== 

                  [Col  1]              [Col  2]              [Col  3]              [Col  4]              [Col  5]              [Col  6]              [Col  7]              [Col  8]              [Col  9]              [Col 10]
[Row   1]               0.9960               0.2003              -0.0000               0.0000               0.0634               0.1136               0.0000               0.0000              -0.0000              -0.0000
[Row   2]               0.0231              -0.4120               0.0000              -0.0000              -0.1524              -0.1044              -0.0000               0.0000              -0.0000               0.0000
[Row   3]              -0.0018               0.0885              -0.0000               0.0000              -0.5518               0.1526               0.0000              -0.0000               0.0000               0.0000
[Row   4]              -0.0000               0.0000               0.4701               0.0000              -0.0000               0.0000              -0.0000               0.3348              -0.0000               0.3586
[Row   5]               0.0000              -0.0000              -0.0000               0.4701              -0.0000              -0.0000               0.3348               0.0000               0.3586               0.0000
[Row   6]              -0.0108              -0.4654               0.0000              -0.0000              -0.2588              -1.8186              -0.0000              -0.0000               0.0000              -0.0000
[Row   7]               0.0020               0.0539              -0.0000              -0.0000              -0.4895               0.4904               0.0000               0.0000              -0.0000              -0.0000
[Row   8]               0.0000               0.0000               0.2805               0.0000              -0.0000               0.0000              -0.0000               1.1129               0.0000              -1.1743
[Row   9]              -0.0000              -0.0000              -0.0000               0.2805               0.0000              -0.0000               1.1129               0.0000              -1.1743              -0.0000
[Row  10]               0.0002               0.0092              -0.0000              -0.0000               0.0272              -0.0005              -0.0000              -0.0000               0.0000               0.0000
[Row  11]               0.0000              -0.0000              -0.0403              -0.0000               0.0000               0.0000               0.0000              -0.0166               0.0000              -0.0871
[Row  12]               0.0000               0.0000               0.0000              -0.0403              -0.0000               0.0000              -0.0166              -0.0000              -0.0871              -0.0000
[Row  13]               0.0000              -0.0000               0.0000              -0.0246               0.0000              -0.0000               0.0024               0.0000              -0.1395              -0.0000
[Row  14]               0.0000              -0.0000              -0.0246              -0.0000               0.0000               0.0000              -0.0000               0.0024               0.0000              -0.1395
[Row  15]               0.0000              -0.1360              -0.0000               0.2754               0.0671               0.0306              -0.0492              -0.0000               0.7776               0.0000
[Row  16]               0.0023              -0.0038              -0.0000               0.1686               0.0467               0.9434              -1.7576              -0.0000              -0.0845              -0.0000
[Row  17]               0.0000              -0.1360               0.2385              -0.1377               0.0671               0.0306               0.0246              -0.0426              -0.3888               0.6734
[Row  18]               0.0023              -0.0038               0.1460              -0.0843               0.0467               0.9434               0.8788              -1.5222               0.0423              -0.0732
[Row  19]               0.0000              -0.1360              -0.2385              -0.1377               0.0671               0.0306               0.0246               0.0426              -0.3888              -0.6734
[Row  20]               0.0023              -0.0038              -0.1460              -0.0843               0.0467               0.9434               0.8788               1.5222               0.0423               0.0732
                  [Col 11]              [Col 12]              [Col 13]              [Col 14]              [Col 15]              [Col 16]              [Col 17]              [Col 18]              [Col 19]              [Col 20]
[Row   1]               0.0349               0.0909               0.0000              -0.0000               0.0104              -0.0000               0.0000               0.0378               0.0000              -0.0000
[Row   2]              -0.1979              -0.5809              -0.0000               0.0000              -1.7944              -0.0000               0.0000               0.5211              -0.0000              -0.0000
[Row   3]              -0.9783               0.2974               0.0000              -0.0000               0.1360              -0.0000              -0.0000               0.0310               0.0000              -0.0000
[Row   4]               0.0000               0.0000               0.0000               1.0255              -0.0000               0.0205               0.0000              -0.0000               0.0000               0.0806
[Row   5]               0.0000              -0.0000               1.0255              -0.0000              -0.0000              -0.0000               0.0205               0.0000               0.0806              -0.0000
[Row   6]              -0.1575               0.4297               0.0000              -0.0000               3.4494               0.0000              -0.0000              -1.4522              -0.0000               0.0000
[Row   7]               1.1350               0.0488               0.0000              -0.0000              -0.7072              -0.0000               0.0000               0.4457               0.0000              -0.0000
[Row   8]              -0.0000              -0.0000              -0.0000              -1.3294               0.0000               0.0341               0.0000               0.0000               0.0000               0.6490
[Row   9]              -0.0000               0.0000              -1.3294               0.0000               0.0000              -0.0000               0.0341              -0.0000               0.6490              -0.0000
[Row  10]              -0.0132              -0.2013              -0.0000               0.0000               0.2338               0.0000              -0.0000               0.9981               0.0000              -0.0000
[Row  11]              -0.0000               0.0000               0.0000               0.0767              -0.0000               0.7640               0.0000              -0.0000              -0.0000              -0.7762
[Row  12]              -0.0000              -0.0000               0.0767              -0.0000               0.0000              -0.0000               0.7640               0.0000              -0.7762               0.0000
[Row  13]              -0.0000              -0.0000               0.1161              -0.0000              -0.0000               0.0000              -0.6443              -0.0000              -0.9200               0.0000
[Row  14]              -0.0000               0.0000               0.0000               0.1161              -0.0000              -0.6443              -0.0000              -0.0000              -0.0000              -0.9200
[Row  15]               0.0996               0.7213              -0.5449               0.0000              -0.2883               0.0000              -0.0329               0.4884              -0.9260               0.0000
[Row  16]               0.1140              -0.4387               1.3393              -0.0000              -0.7062               0.0000              -0.0005               0.1893               0.0331              -0.0000
[Row  17]               0.0996               0.7213               0.2725              -0.4719              -0.2883              -0.0285               0.0164               0.4884               0.4630              -0.8019
[Row  18]               0.1140              -0.4387              -0.6696               1.1599              -0.7062              -0.0005               0.0003               0.1893              -0.0166               0.0287
[Row  19]               0.0996               0.7213               0.2725               0.4719              -0.2883               0.0285               0.0164               0.4884               0.4630               0.8019
[Row  20]               0.1140              -0.4387              -0.6696              -1.1599              -0.7062               0.0005               0.0003               0.1893              -0.0166              -0.0287
 ===== CB ===== 

                  [Col  1]              [Col  2]              [Col  3]              [Col  4]              [Col  5]              [Col  6]              [Col  7]              [Col  8]              [Col  9]              [Col 10]
[Row   1]               0.9960               0.2003              -0.0000               0.0000               0.0634               0.1136               0.0000               0.0000              -0.0000              -0.0000
[Row   2]               0.0231              -0.4120               0.0000              -0.0000              -0.1524              -0.1044              -0.0000               0.0000              -0.0000               0.0000
[Row   3]              -0.0018               0.0885              -0.0000               0.0000              -0.5518               0.1526               0.0000              -0.0000               0.0000               0.0000
[Row   4]              -0.0000               0.0000               0.4701               0.0000              -0.0000               0.0000              -0.0000               0.3348              -0.0000               0.3586
[Row   5]               0.0000              -0.0000              -0.0000               0.4701              -0.0000              -0.0000               0.3348               0.0000               0.3586               0.0000
[Row   6]              -0.0108              -0.4654               0.0000              -0.0000              -0.2588              -1.8186              -0.0000              -0.0000               0.0000              -0.0000
[Row   7]               0.0020               0.0539              -0.0000              -0.0000              -0.4895               0.4904               0.0000               0.0000              -0.0000              -0.0000
[Row   8]               0.0000               0.0000               0.2805               0.0000              -0.0000               0.0000              -0.0000               1.1129               0.0000              -1.1743
[Row   9]              -0.0000              -0.0000              -0.0000               0.2805               0.0000              -0.0000               1.1129               0.0000              -1.1743              -0.0000
[Row  10]               0.0002               0.0092              -0.0000              -0.0000               0.0272              -0.0005              -0.0000              -0.0000               0.0000               0.0000
[Row  11]               0.0000              -0.0000              -0.0403              -0.0000               0.0000               0.0000               0.0000              -0.0166               0.0000              -0.0871
[Row  12]               0.0000               0.0000               0.0000              -0.0403              -0.0000               0.0000              -0.0166              -0.0000              -0.0871              -0.0000
[Row  13]               0.0000              -0.0000               0.0000              -0.0246               0.0000              -0.0000               0.0024               0.0000              -0.1395              -0.0000
[Row  14]               0.0000              -0.0000              -0.0246              -0.0000               0.0000               0.0000              -0.0000               0.0024               0.0000              -0.1395
[Row  15]               0.0000              -0.1360              -0.0000               0.2754               0.0671               0.0306              -0.0492              -0.0000               0.7776               0.0000
[Row  16]               0.0023              -0.0038              -0.0000               0.1686               0.0467               0.9434              -1.7576              -0.0000              -0.0845              -0.0000
[Row  17]               0.0000              -0.1360               0.2385              -0.1377               0.0671               0.0306               0.0246              -0.0426              -0.3888               0.6734
[Row  18]               0.0023              -0.0038               0.1460              -0.0843               0.0467               0.9434               0.8788              -1.5222               0.0423              -0.0732
[Row  19]               0.0000              -0.1360              -0.2385              -0.1377               0.0671               0.0306               0.0246               0.0426              -0.3888              -0.6734
[Row  20]               0.0023              -0.0038              -0.1460              -0.0843               0.0467               0.9434               0.8788               1.5222               0.0423               0.0732
                  [Col 11]              [Col 12]              [Col 13]              [Col 14]              [Col 15]              [Col 16]              [Col 17]              [Col 18]              [Col 19]              [Col 20]
[Row   1]               0.0349               0.0909               0.0000              -0.0000               0.0104              -0.0000               0.0000               0.0378               0.0000              -0.0000
[Row   2]              -0.1979              -0.5809              -0.0000               0.0000              -1.7944              -0.0000               0.0000               0.5211              -0.0000              -0.0000
[Row   3]              -0.9783               0.2974               0.0000              -0.0000               0.1360              -0.0000              -0.0000               0.0310               0.0000              -0.0000
[Row   4]               0.0000               0.0000               0.0000               1.0255              -0.0000               0.0205               0.0000              -0.0000               0.0000               0.0806
[Row   5]               0.0000              -0.0000               1.0255              -0.0000              -0.0000              -0.0000               0.0205               0.0000               0.0806              -0.0000
[Row   6]              -0.1575               0.4297               0.0000              -0.0000               3.4494               0.0000              -0.0000              -1.4522              -0.0000               0.0000
[Row   7]               1.1350               0.0488               0.0000              -0.0000              -0.7072              -0.0000               0.0000               0.4457               0.0000              -0.0000
[Row   8]              -0.0000              -0.0000              -0.0000              -1.3294               0.0000               0.0341               0.0000               0.0000               0.0000               0.6490
[Row   9]              -0.0000               0.0000              -1.3294               0.0000               0.0000              -0.0000               0.0341              -0.0000               0.6490              -0.0000
[Row  10]              -0.0132              -0.2013              -0.0000               0.0000               0.2338               0.0000              -0.0000               0.9981               0.0000              -0.0000
[Row  11]              -0.0000               0.0000               0.0000               0.0767              -0.0000               0.7640               0.0000              -0.0000              -0.0000              -0.7762
[Row  12]              -0.0000              -0.0000               0.0767              -0.0000               0.0000              -0.0000               0.7640               0.0000              -0.7762               0.0000
[Row  13]              -0.0000              -0.0000               0.1161              -0.0000              -0.0000               0.0000              -0.6443              -0.0000              -0.9200               0.0000
[Row  14]              -0.0000               0.0000               0.0000               0.1161              -0.0000              -0.6443              -0.0000              -0.0000              -0.0000              -0.9200
[Row  15]               0.0996               0.7213              -0.5449               0.0000              -0.2883               0.0000              -0.0329               0.4884              -0.9260               0.0000
[Row  16]               0.1140              -0.4387               1.3393              -0.0000              -0.7062               0.0000              -0.0005               0.1893               0.0331              -0.0000
[Row  17]               0.0996               0.7213               0.2725              -0.4719              -0.2883              -0.0285               0.0164               0.4884               0.4630              -0.8019
[Row  18]               0.1140              -0.4387              -0.6696               1.1599              -0.7062              -0.0005               0.0003               0.1893              -0.0166               0.0287
[Row  19]               0.0996               0.7213               0.2725               0.4719              -0.2883               0.0285               0.0164               0.4884               0.4630               0.8019
[Row  20]               0.1140              -0.4387              -0.6696              -1.1599              -0.7062               0.0005               0.0003               0.1893              -0.0166              -0.0287
 ===== P_psi ===== Dalpha+Dbeta 

                  [Col  1]              [Col  2]              [Col  3]              [Col  4]              [Col  5]              [Col  6]              [Col  7]              [Col  8]              [Col  9]              [Col 10]
[Row   1]               2.0724              -0.1384              -0.0380              -0.0000               0.0000              -0.2408              -0.0365               0.0000               0.0000               0.0075
[Row   2]              -0.1384               0.3870               0.0952              -0.0000              -0.0000               0.4619               0.1049              -0.0000              -0.0000              -0.0158
[Row   3]              -0.0380               0.0952               0.6246               0.0000               0.0000               0.2033               0.5497               0.0000               0.0000              -0.0284
[Row   4]              -0.0000              -0.0000               0.0000               0.4420              -0.0000               0.0000              -0.0000               0.2638               0.0000              -0.0000
[Row   5]               0.0000              -0.0000               0.0000              -0.0000               0.4420              -0.0000               0.0000               0.0000               0.2638              -0.0000
[Row   6]              -0.2408               0.4619               0.2033               0.0000              -0.0000               0.5673               0.2031               0.0000              -0.0000              -0.0226
[Row   7]              -0.0365               0.1049               0.5497              -0.0000               0.0000               0.2031               0.4850               0.0000              -0.0000              -0.0257
[Row   8]               0.0000              -0.0000               0.0000               0.2638               0.0000               0.0000               0.0000               0.1574               0.0000              -0.0000
[Row   9]               0.0000              -0.0000               0.0000               0.0000               0.2638              -0.0000              -0.0000               0.0000               0.1574              -0.0000
[Row  10]               0.0075              -0.0158              -0.0284              -0.0000              -0.0000              -0.0226              -0.0257              -0.0000              -0.0000               0.0016
[Row  11]               0.0000               0.0000              -0.0000              -0.0379              -0.0000              -0.0000              -0.0000              -0.0226              -0.0000               0.0000
[Row  12]               0.0000               0.0000               0.0000              -0.0000              -0.0379               0.0000               0.0000              -0.0000              -0.0226               0.0000
[Row  13]              -0.0000               0.0000              -0.0000               0.0000              -0.0231               0.0000              -0.0000               0.0000              -0.0138               0.0000
[Row  14]               0.0000              -0.0000              -0.0000              -0.0231               0.0000              -0.0000              -0.0000              -0.0138               0.0000               0.0000
[Row  15]              -0.0459               0.0917              -0.0982              -0.0000               0.2589               0.0919              -0.0804              -0.0000               0.1545               0.0012
[Row  16]               0.0090              -0.0110              -0.0523              -0.0000               0.1585              -0.0207              -0.0462              -0.0000               0.0946               0.0025
[Row  17]              -0.0459               0.0917              -0.0982               0.2243              -0.1295               0.0919              -0.0804               0.1338              -0.0773               0.0012
[Row  18]               0.0090              -0.0110              -0.0523               0.1373              -0.0792              -0.0207              -0.0462               0.0819              -0.0473               0.0025
[Row  19]              -0.0459               0.0917              -0.0982              -0.2243              -0.1295               0.0919              -0.0804              -0.1338              -0.0773               0.0012
[Row  20]               0.0090              -0.0110              -0.0523              -0.1373              -0.0792              -0.0207              -0.0462              -0.0819              -0.0473               0.0025
                  [Col 11]              [Col 12]              [Col 13]              [Col 14]              [Col 15]              [Col 16]              [Col 17]              [Col 18]              [Col 19]              [Col 20]
[Row   1]               0.0000               0.0000              -0.0000               0.0000              -0.0459               0.0090              -0.0459               0.0090              -0.0459               0.0090
[Row   2]               0.0000               0.0000               0.0000              -0.0000               0.0917              -0.0110               0.0917              -0.0110               0.0917              -0.0110
[Row   3]              -0.0000               0.0000              -0.0000              -0.0000              -0.0982              -0.0523              -0.0982              -0.0523              -0.0982              -0.0523
[Row   4]              -0.0379              -0.0000               0.0000              -0.0231              -0.0000              -0.0000               0.2243               0.1373              -0.2243              -0.1373
[Row   5]              -0.0000              -0.0379              -0.0231               0.0000               0.2589               0.1585              -0.1295              -0.0792              -0.1295              -0.0792
[Row   6]              -0.0000               0.0000               0.0000              -0.0000               0.0919              -0.0207               0.0919              -0.0207               0.0919              -0.0207
[Row   7]              -0.0000               0.0000              -0.0000              -0.0000              -0.0804              -0.0462              -0.0804              -0.0462              -0.0804              -0.0462
[Row   8]              -0.0226              -0.0000               0.0000              -0.0138              -0.0000              -0.0000               0.1338               0.0819              -0.1338              -0.0819
[Row   9]              -0.0000              -0.0226              -0.0138               0.0000               0.1545               0.0946              -0.0773              -0.0473              -0.0773              -0.0473
[Row  10]               0.0000               0.0000               0.0000               0.0000               0.0012               0.0025               0.0012               0.0025               0.0012               0.0025
[Row  11]               0.0032               0.0000              -0.0000               0.0020              -0.0000               0.0000              -0.0192              -0.0118               0.0192               0.0118
[Row  12]               0.0000               0.0032               0.0020               0.0000              -0.0222              -0.0136               0.0111               0.0068               0.0111               0.0068
[Row  13]              -0.0000               0.0020               0.0012              -0.0000              -0.0136              -0.0083               0.0068               0.0041               0.0068               0.0041
[Row  14]               0.0020               0.0000              -0.0000               0.0012               0.0000               0.0000              -0.0117              -0.0072               0.0117               0.0072
[Row  15]              -0.0000              -0.0222              -0.0136               0.0000               0.1977               0.1002              -0.0298              -0.0391              -0.0298              -0.0391
[Row  16]               0.0000              -0.0136              -0.0083               0.0000               0.1002               0.0612              -0.0391              -0.0240              -0.0391              -0.0240
[Row  17]              -0.0192               0.0111               0.0068              -0.0117              -0.0298              -0.0391               0.1977               0.1002              -0.0298              -0.0391
[Row  18]              -0.0118               0.0068               0.0041              -0.0072              -0.0391              -0.0240               0.1002               0.0612              -0.0391              -0.0240
[Row  19]               0.0192               0.0111               0.0068               0.0117              -0.0298              -0.0391              -0.0298              -0.0391               0.1977               0.1002
[Row  20]               0.0118               0.0068               0.0041               0.0072              -0.0391              -0.0240              -0.0391              -0.0240               0.1002               0.0612
===== P_mu,nu local =====

                  [Col  1]              [Col  2]              [Col  3]              [Col  4]              [Col  5]              [Col  6]              [Col  7]              [Col  8]              [Col  9]              [Col 10]
[Row   1]               2.0724              -0.1384              -0.0380              -0.0000               0.0000              -0.2408              -0.0365               0.0000               0.0000               0.0075
[Row   2]              -0.1384               0.3870               0.0952              -0.0000              -0.0000               0.4619               0.1049              -0.0000              -0.0000              -0.0158
[Row   3]              -0.0380               0.0952               0.6246               0.0000               0.0000               0.2033               0.5497               0.0000               0.0000              -0.0284
[Row   4]              -0.0000              -0.0000               0.0000               0.4420              -0.0000               0.0000              -0.0000               0.2638               0.0000              -0.0000
[Row   5]               0.0000              -0.0000               0.0000              -0.0000               0.4420              -0.0000               0.0000               0.0000               0.2638              -0.0000
[Row   6]              -0.2408               0.4619               0.2033               0.0000              -0.0000               0.5673               0.2031               0.0000              -0.0000              -0.0226
[Row   7]              -0.0365               0.1049               0.5497              -0.0000               0.0000               0.2031               0.4850               0.0000              -0.0000              -0.0257
[Row   8]               0.0000              -0.0000               0.0000               0.2638               0.0000               0.0000               0.0000               0.1574               0.0000              -0.0000
[Row   9]               0.0000              -0.0000               0.0000               0.0000               0.2638              -0.0000              -0.0000               0.0000               0.1574              -0.0000
[Row  10]               0.0075              -0.0158              -0.0284              -0.0000              -0.0000              -0.0226              -0.0257              -0.0000              -0.0000               0.0016
[Row  11]               0.0000               0.0000              -0.0000              -0.0379              -0.0000              -0.0000              -0.0000              -0.0226              -0.0000               0.0000
[Row  12]               0.0000               0.0000               0.0000              -0.0000              -0.0379               0.0000               0.0000              -0.0000              -0.0226               0.0000
[Row  13]              -0.0000               0.0000              -0.0000               0.0000              -0.0231               0.0000              -0.0000               0.0000              -0.0138               0.0000
[Row  14]               0.0000              -0.0000              -0.0000              -0.0231               0.0000              -0.0000              -0.0000              -0.0138               0.0000               0.0000
[Row  15]              -0.0459               0.0917              -0.0982              -0.0000               0.2589               0.0919              -0.0804              -0.0000               0.1545               0.0012
[Row  16]               0.0090              -0.0110              -0.0523              -0.0000               0.1585              -0.0207              -0.0462              -0.0000               0.0946               0.0025
[Row  17]              -0.0459               0.0917              -0.0982               0.2243              -0.1295               0.0919              -0.0804               0.1338              -0.0773               0.0012
[Row  18]               0.0090              -0.0110              -0.0523               0.1373              -0.0792              -0.0207              -0.0462               0.0819              -0.0473               0.0025
[Row  19]              -0.0459               0.0917              -0.0982              -0.2243              -0.1295               0.0919              -0.0804              -0.1338              -0.0773               0.0012
[Row  20]               0.0090              -0.0110              -0.0523              -0.1373              -0.0792              -0.0207              -0.0462              -0.0819              -0.0473               0.0025
                  [Col 11]              [Col 12]              [Col 13]              [Col 14]              [Col 15]              [Col 16]              [Col 17]              [Col 18]              [Col 19]              [Col 20]
[Row   1]               0.0000               0.0000              -0.0000               0.0000              -0.0459               0.0090              -0.0459               0.0090              -0.0459               0.0090
[Row   2]               0.0000               0.0000               0.0000              -0.0000               0.0917              -0.0110               0.0917              -0.0110               0.0917              -0.0110
[Row   3]              -0.0000               0.0000              -0.0000              -0.0000              -0.0982              -0.0523              -0.0982              -0.0523              -0.0982              -0.0523
[Row   4]              -0.0379              -0.0000               0.0000              -0.0231              -0.0000              -0.0000               0.2243               0.1373              -0.2243              -0.1373
[Row   5]              -0.0000              -0.0379              -0.0231               0.0000               0.2589               0.1585              -0.1295              -0.0792              -0.1295              -0.0792
[Row   6]              -0.0000               0.0000               0.0000              -0.0000               0.0919              -0.0207               0.0919              -0.0207               0.0919              -0.0207
[Row   7]              -0.0000               0.0000              -0.0000              -0.0000              -0.0804              -0.0462              -0.0804              -0.0462              -0.0804              -0.0462
[Row   8]              -0.0226              -0.0000               0.0000              -0.0138              -0.0000              -0.0000               0.1338               0.0819              -0.1338              -0.0819
[Row   9]              -0.0000              -0.0226              -0.0138               0.0000               0.1545               0.0946              -0.0773              -0.0473              -0.0773              -0.0473
[Row  10]               0.0000               0.0000               0.0000               0.0000               0.0012               0.0025               0.0012               0.0025               0.0012               0.0025
[Row  11]               0.0032               0.0000              -0.0000               0.0020              -0.0000               0.0000              -0.0192              -0.0118               0.0192               0.0118
[Row  12]               0.0000               0.0032               0.0020               0.0000              -0.0222              -0.0136               0.0111               0.0068               0.0111               0.0068
[Row  13]              -0.0000               0.0020               0.0012              -0.0000              -0.0136              -0.0083               0.0068               0.0041               0.0068               0.0041
[Row  14]               0.0020               0.0000              -0.0000               0.0012               0.0000               0.0000              -0.0117              -0.0072               0.0117               0.0072
[Row  15]              -0.0000              -0.0222              -0.0136               0.0000               0.1977               0.1002              -0.0298              -0.0391              -0.0298              -0.0391
[Row  16]               0.0000              -0.0136              -0.0083               0.0000               0.1002               0.0612              -0.0391              -0.0240              -0.0391              -0.0240
[Row  17]              -0.0192               0.0111               0.0068              -0.0117              -0.0298              -0.0391               0.1977               0.1002              -0.0298              -0.0391
[Row  18]              -0.0118               0.0068               0.0041              -0.0072              -0.0391              -0.0240               0.1002               0.0612              -0.0391              -0.0240
[Row  19]               0.0192               0.0111               0.0068               0.0117              -0.0298              -0.0391              -0.0298              -0.0391               0.1977               0.1002
[Row  20]               0.0118               0.0068               0.0041               0.0072              -0.0391              -0.0240              -0.0391              -0.0240               0.1002               0.0612
===== P_mu,nu psi4 =====

                  [Col  1]              [Col  2]              [Col  3]              [Col  4]              [Col  5]              [Col  6]              [Col  7]              [Col  8]              [Col  9]              [Col 10]
[Row   1]               2.0724              -0.1384              -0.0380              -0.0000               0.0000              -0.2408              -0.0365               0.0000               0.0000               0.0075
[Row   2]              -0.1384               0.3870               0.0952              -0.0000              -0.0000               0.4619               0.1049              -0.0000              -0.0000              -0.0158
[Row   3]              -0.0380               0.0952               0.6246               0.0000               0.0000               0.2033               0.5497               0.0000               0.0000              -0.0284
[Row   4]              -0.0000              -0.0000               0.0000               0.4420              -0.0000               0.0000              -0.0000               0.2638               0.0000              -0.0000
[Row   5]               0.0000              -0.0000               0.0000              -0.0000               0.4420              -0.0000               0.0000               0.0000               0.2638              -0.0000
[Row   6]              -0.2408               0.4619               0.2033               0.0000              -0.0000               0.5673               0.2031               0.0000              -0.0000              -0.0226
[Row   7]              -0.0365               0.1049               0.5497              -0.0000               0.0000               0.2031               0.4850               0.0000              -0.0000              -0.0257
[Row   8]               0.0000              -0.0000               0.0000               0.2638               0.0000               0.0000               0.0000               0.1574               0.0000              -0.0000
[Row   9]               0.0000              -0.0000               0.0000               0.0000               0.2638              -0.0000              -0.0000               0.0000               0.1574              -0.0000
[Row  10]               0.0075              -0.0158              -0.0284              -0.0000              -0.0000              -0.0226              -0.0257              -0.0000              -0.0000               0.0016
[Row  11]               0.0000               0.0000              -0.0000              -0.0379              -0.0000              -0.0000              -0.0000              -0.0226              -0.0000               0.0000
[Row  12]               0.0000               0.0000               0.0000              -0.0000              -0.0379               0.0000               0.0000              -0.0000              -0.0226               0.0000
[Row  13]              -0.0000               0.0000              -0.0000               0.0000              -0.0231               0.0000              -0.0000               0.0000              -0.0138               0.0000
[Row  14]               0.0000              -0.0000              -0.0000              -0.0231               0.0000              -0.0000              -0.0000              -0.0138               0.0000               0.0000
[Row  15]              -0.0459               0.0917              -0.0982              -0.0000               0.2589               0.0919              -0.0804              -0.0000               0.1545               0.0012
[Row  16]               0.0090              -0.0110              -0.0523              -0.0000               0.1585              -0.0207              -0.0462              -0.0000               0.0946               0.0025
[Row  17]              -0.0459               0.0917              -0.0982               0.2243              -0.1295               0.0919              -0.0804               0.1338              -0.0773               0.0012
[Row  18]               0.0090              -0.0110              -0.0523               0.1373              -0.0792              -0.0207              -0.0462               0.0819              -0.0473               0.0025
[Row  19]              -0.0459               0.0917              -0.0982              -0.2243              -0.1295               0.0919              -0.0804              -0.1338              -0.0773               0.0012
[Row  20]               0.0090              -0.0110              -0.0523              -0.1373              -0.0792              -0.0207              -0.0462              -0.0819              -0.0473               0.0025
                  [Col 11]              [Col 12]              [Col 13]              [Col 14]              [Col 15]              [Col 16]              [Col 17]              [Col 18]              [Col 19]              [Col 20]
[Row   1]               0.0000               0.0000              -0.0000               0.0000              -0.0459               0.0090              -0.0459               0.0090              -0.0459               0.0090
[Row   2]               0.0000               0.0000               0.0000              -0.0000               0.0917              -0.0110               0.0917              -0.0110               0.0917              -0.0110
[Row   3]              -0.0000               0.0000              -0.0000              -0.0000              -0.0982              -0.0523              -0.0982              -0.0523              -0.0982              -0.0523
[Row   4]              -0.0379              -0.0000               0.0000              -0.0231              -0.0000              -0.0000               0.2243               0.1373              -0.2243              -0.1373
[Row   5]              -0.0000              -0.0379              -0.0231               0.0000               0.2589               0.1585              -0.1295              -0.0792              -0.1295              -0.0792
[Row   6]              -0.0000               0.0000               0.0000              -0.0000               0.0919              -0.0207               0.0919              -0.0207               0.0919              -0.0207
[Row   7]              -0.0000               0.0000              -0.0000              -0.0000              -0.0804              -0.0462              -0.0804              -0.0462              -0.0804              -0.0462
[Row   8]              -0.0226              -0.0000               0.0000              -0.0138              -0.0000              -0.0000               0.1338               0.0819              -0.1338              -0.0819
[Row   9]              -0.0000              -0.0226              -0.0138               0.0000               0.1545               0.0946              -0.0773              -0.0473              -0.0773              -0.0473
[Row  10]               0.0000               0.0000               0.0000               0.0000               0.0012               0.0025               0.0012               0.0025               0.0012               0.0025
[Row  11]               0.0032               0.0000              -0.0000               0.0020              -0.0000               0.0000              -0.0192              -0.0118               0.0192               0.0118
[Row  12]               0.0000               0.0032               0.0020               0.0000              -0.0222              -0.0136               0.0111               0.0068               0.0111               0.0068
[Row  13]              -0.0000               0.0020               0.0012              -0.0000              -0.0136              -0.0083               0.0068               0.0041               0.0068               0.0041
[Row  14]               0.0020               0.0000              -0.0000               0.0012               0.0000               0.0000              -0.0117              -0.0072               0.0117               0.0072
[Row  15]              -0.0000              -0.0222              -0.0136               0.0000               0.1977               0.1002              -0.0298              -0.0391              -0.0298              -0.0391
[Row  16]               0.0000              -0.0136              -0.0083               0.0000               0.1002               0.0612              -0.0391              -0.0240              -0.0391              -0.0240
[Row  17]              -0.0192               0.0111               0.0068              -0.0117              -0.0298              -0.0391               0.1977               0.1002              -0.0298              -0.0391
[Row  18]              -0.0118               0.0068               0.0041              -0.0072              -0.0391              -0.0240               0.1002               0.0612              -0.0391              -0.0240
[Row  19]               0.0192               0.0111               0.0068               0.0117              -0.0298              -0.0391              -0.0298              -0.0391               0.1977               0.1002
[Row  20]               0.0118               0.0068               0.0041               0.0072              -0.0391              -0.0240              -0.0391              -0.0240               0.1002               0.0612
====== P^(AO) = SPS =====

                  [Col  1]              [Col  2]              [Col  3]              [Col  4]              [Col  5]              [Col  6]              [Col  7]              [Col  8]              [Col  9]              [Col 10]
[Row   1]               1.9998               0.4532              -0.0029               0.0000               0.0000               0.3395              -0.0006               0.0000               0.0000               0.0015
[Row   2]               0.4532               1.6256               0.1003               0.0000              -0.0000               1.7231               0.0691              -0.0000              -0.0000              -0.0884
[Row   3]              -0.0029               0.1003               1.4724               0.0000               0.0000               0.0014               1.4893              -0.0000              -0.0000               0.0118
[Row   4]               0.0000               0.0000               0.0000               1.2339              -0.0000               0.0000               0.0000               1.3535              -0.0000              -0.0000
[Row   5]               0.0000              -0.0000               0.0000              -0.0000               1.2339               0.0000              -0.0000              -0.0000               1.3535              -0.0000
[Row   6]               0.3395               1.7231               0.0014               0.0000               0.0000               1.8449              -0.0339              -0.0000               0.0000              -0.0969
[Row   7]              -0.0006               0.0691               1.4893               0.0000              -0.0000              -0.0339               1.5071              -0.0000              -0.0000               0.0139
[Row   8]               0.0000              -0.0000              -0.0000               1.3535              -0.0000              -0.0000              -0.0000               1.4847               0.0000              -0.0000
[Row   9]               0.0000              -0.0000              -0.0000              -0.0000               1.3535               0.0000              -0.0000               0.0000               1.4847              -0.0000
[Row  10]               0.0015              -0.0884               0.0118              -0.0000              -0.0000              -0.0969               0.0139              -0.0000              -0.0000               0.0054
[Row  11]               0.0000               0.0000               0.0000              -0.2280              -0.0000               0.0000               0.0000              -0.2501              -0.0000               0.0000
[Row  12]               0.0000              -0.0000               0.0000               0.0000              -0.2280              -0.0000               0.0000              -0.0000              -0.2501               0.0000
[Row  13]              -0.0000               0.0000              -0.0000               0.0000              -0.2380               0.0000              -0.0000               0.0000              -0.2610              -0.0000
[Row  14]               0.0000               0.0000              -0.0000              -0.2380               0.0000               0.0000              -0.0000              -0.2610               0.0000               0.0000
[Row  15]               0.0637               0.7256              -0.4025              -0.0000               1.0140               0.8124              -0.4231              -0.0000               1.1123              -0.0468
[Row  16]               0.1528               1.1081              -0.3196              -0.0000               0.7009               1.2149              -0.3469              -0.0000               0.7688              -0.0671
[Row  17]               0.0637               0.7256              -0.4025               0.8782              -0.5070               0.8124              -0.4231               0.9633              -0.5562              -0.0468
[Row  18]               0.1528               1.1081              -0.3196               0.6070              -0.3504               1.2149              -0.3469               0.6658              -0.3844              -0.0671
[Row  19]               0.0637               0.7256              -0.4025              -0.8782              -0.5070               0.8124              -0.4231              -0.9633              -0.5562              -0.0468
[Row  20]               0.1528               1.1081              -0.3196              -0.6070              -0.3504               1.2149              -0.3469              -0.6658              -0.3844              -0.0671
                  [Col 11]              [Col 12]              [Col 13]              [Col 14]              [Col 15]              [Col 16]              [Col 17]              [Col 18]              [Col 19]              [Col 20]
[Row   1]               0.0000               0.0000              -0.0000               0.0000               0.0637               0.1528               0.0637               0.1528               0.0637               0.1528
[Row   2]               0.0000              -0.0000               0.0000               0.0000               0.7256               1.1081               0.7256               1.1081               0.7256               1.1081
[Row   3]               0.0000               0.0000              -0.0000              -0.0000              -0.4025              -0.3196              -0.4025              -0.3196              -0.4025              -0.3196
[Row   4]              -0.2280               0.0000               0.0000              -0.2380              -0.0000              -0.0000               0.8782               0.6070              -0.8782              -0.6070
[Row   5]              -0.0000              -0.2280              -0.2380               0.0000               1.0140               0.7009              -0.5070              -0.3504              -0.5070              -0.3504
[Row   6]               0.0000              -0.0000               0.0000               0.0000               0.8124               1.2149               0.8124               1.2149               0.8124               1.2149
[Row   7]               0.0000               0.0000              -0.0000              -0.0000              -0.4231              -0.3469              -0.4231              -0.3469              -0.4231              -0.3469
[Row   8]              -0.2501              -0.0000               0.0000              -0.2610              -0.0000              -0.0000               0.9633               0.6658              -0.9633              -0.6658
[Row   9]              -0.0000              -0.2501              -0.2610               0.0000               1.1123               0.7688              -0.5562              -0.3844              -0.5562              -0.3844
[Row  10]               0.0000               0.0000              -0.0000               0.0000              -0.0468              -0.0671              -0.0468              -0.0671              -0.0468              -0.0671
[Row  11]               0.0421               0.0000              -0.0000               0.0440               0.0000               0.0000              -0.1622              -0.1121               0.1622               0.1121
[Row  12]               0.0000               0.0421               0.0440              -0.0000              -0.1873              -0.1295               0.0937               0.0647               0.0937               0.0647
[Row  13]              -0.0000               0.0440               0.0459              -0.0000              -0.1956              -0.1352               0.0978               0.0676               0.0978               0.0676
[Row  14]               0.0440              -0.0000              -0.0000               0.0459               0.0000               0.0000              -0.1694              -0.1171               0.1694               0.1171
[Row  15]               0.0000              -0.1873              -0.1956               0.0000               1.3053               1.2020               0.0553               0.3380               0.0553               0.3380
[Row  16]               0.0000              -0.1295              -0.1352               0.0000               1.2020               1.2706               0.3380               0.6735               0.3380               0.6735
[Row  17]              -0.1622               0.0937               0.0978              -0.1694               0.0553               0.3380               1.3053               1.2020               0.0553               0.3380
[Row  18]              -0.1121               0.0647               0.0676              -0.1171               0.3380               0.6735               1.2020               1.2706               0.3380               0.6735
[Row  19]               0.1622               0.0937               0.0978               0.1694               0.0553               0.3380               0.0553               0.3380               1.3053               1.2020
[Row  20]               0.1121               0.0647               0.0676               0.1171               0.3380               0.6735               0.3380               0.6735               1.2020               1.2706
====== S^(AO) = S =====

                  [Col  1]              [Col  2]              [Col  3]              [Col  4]              [Col  5]              [Col  6]              [Col  7]              [Col  8]              [Col  9]              [Col 10]
[Row   1]               1.0000               0.2222              -0.0000               0.0000               0.0000               0.1719               0.0000               0.0000               0.0000               0.0000
[Row   2]               0.2222               1.0000              -0.0000               0.0000               0.0000               0.7755               0.0000               0.0000               0.0000               0.0000
[Row   3]              -0.0000              -0.0000               1.0000               0.0000               0.0000               0.0000               0.5193               0.0000               0.0000               0.0000
[Row   4]               0.0000               0.0000               0.0000               1.0000               0.0000               0.0000               0.0000               0.5193               0.0000               0.0000
[Row   5]               0.0000               0.0000               0.0000               0.0000               1.0000               0.0000               0.0000               0.0000               0.5193               0.0000
[Row   6]               0.1719               0.7755               0.0000               0.0000               0.0000               1.0000               0.0000               0.0000               0.0000               0.0000
[Row   7]               0.0000               0.0000               0.5193               0.0000               0.0000               0.0000               1.0000               0.0000               0.0000               0.0000
[Row   8]               0.0000               0.0000               0.0000               0.5193               0.0000               0.0000               0.0000               1.0000               0.0000               0.0000
[Row   9]               0.0000               0.0000               0.0000               0.0000               0.5193               0.0000               0.0000               0.0000               1.0000               0.0000
[Row  10]               0.0000               0.0000               0.0000               0.0000               0.0000               0.0000               0.0000               0.0000               0.0000               1.0000
[Row  11]               0.0000               0.0000               0.0000               0.0000               0.0000               0.0000               0.0000               0.0000               0.0000               0.0000
[Row  12]               0.0000               0.0000               0.0000               0.0000               0.0000               0.0000               0.0000               0.0000               0.0000               0.0000
[Row  13]               0.0000               0.0000               0.0000               0.0000               0.0000               0.0000               0.0000               0.0000               0.0000               0.0000
[Row  14]               0.0000               0.0000               0.0000               0.0000               0.0000               0.0000               0.0000               0.0000               0.0000               0.0000
[Row  15]               0.0342               0.2590              -0.1241               0.0000               0.3004               0.4061              -0.2114               0.0000               0.5116              -0.1038
[Row  16]               0.0792               0.4231              -0.0744               0.0000               0.1801               0.7031              -0.2053               0.0000               0.4968              -0.0213
[Row  17]               0.0342               0.2590              -0.1241               0.2602              -0.1502               0.4061              -0.2114               0.4430              -0.2558              -0.1038
[Row  18]               0.0792               0.4231              -0.0744               0.1560              -0.0900               0.7031              -0.2053               0.4302              -0.2484              -0.0213
[Row  19]               0.0342               0.2590              -0.1241              -0.2602              -0.1502               0.4061              -0.2114              -0.4430              -0.2558              -0.1038
[Row  20]               0.0792               0.4231              -0.0744              -0.1560              -0.0900               0.7031              -0.2053              -0.4302              -0.2484              -0.0213
                  [Col 11]              [Col 12]              [Col 13]              [Col 14]              [Col 15]              [Col 16]              [Col 17]              [Col 18]              [Col 19]              [Col 20]
[Row   1]               0.0000               0.0000               0.0000               0.0000               0.0342               0.0792               0.0342               0.0792               0.0342               0.0792
[Row   2]               0.0000               0.0000               0.0000               0.0000               0.2590               0.4231               0.2590               0.4231               0.2590               0.4231
[Row   3]               0.0000               0.0000               0.0000               0.0000              -0.1241              -0.0744              -0.1241              -0.0744              -0.1241              -0.0744
[Row   4]               0.0000               0.0000               0.0000               0.0000               0.0000               0.0000               0.2602               0.1560              -0.2602              -0.1560
[Row   5]               0.0000               0.0000               0.0000               0.0000               0.3004               0.1801              -0.1502              -0.0900              -0.1502              -0.0900
[Row   6]               0.0000               0.0000               0.0000               0.0000               0.4061               0.7031               0.4061               0.7031               0.4061               0.7031
[Row   7]               0.0000               0.0000               0.0000               0.0000              -0.2114              -0.2053              -0.2114              -0.2053              -0.2114              -0.2053
[Row   8]               0.0000               0.0000               0.0000               0.0000               0.0000               0.0000               0.4430               0.4302              -0.4430              -0.4302
[Row   9]               0.0000               0.0000               0.0000               0.0000               0.5116               0.4968              -0.2558              -0.2484              -0.2558              -0.2484
[Row  10]               0.0000               0.0000               0.0000               0.0000              -0.1038              -0.0213              -0.1038              -0.0213              -0.1038              -0.0213
[Row  11]               1.0000               0.0000               0.0000               0.0000               0.0000               0.0000              -0.1953              -0.0400               0.1953               0.0400
[Row  12]               0.0000               1.0000               0.0000               0.0000              -0.2255              -0.0462               0.1128               0.0231               0.1128               0.0231
[Row  13]               0.0000               0.0000               1.0000               0.0000              -0.2729              -0.0559               0.1365               0.0280               0.1365               0.0280
[Row  14]               0.0000               0.0000               0.0000               1.0000               0.0000               0.0000              -0.2363              -0.0484               0.2363               0.0484
[Row  15]               0.0000              -0.2255              -0.2729               0.0000               1.0000               0.6583               0.0340               0.1901               0.0340               0.1901
[Row  16]               0.0000              -0.0462              -0.0559               0.0000               0.6583               1.0000               0.1901               0.4663               0.1901               0.4663
[Row  17]              -0.1953               0.1128               0.1365              -0.2363               0.0340               0.1901               1.0000               0.6583               0.0340               0.1901
[Row  18]              -0.0400               0.0231               0.0280              -0.0484               0.1901               0.4663               0.6583               1.0000               0.1901               0.4663
[Row  19]               0.1953               0.1128               0.1365               0.2363               0.0340               0.1901               0.0340               0.1901               1.0000               0.6583
[Row  20]               0.0400               0.0231               0.0280               0.0484               0.1901               0.4663               0.1901               0.4663               0.6583               1.0000
====== P^(AO) std gaussian m_l ordering SPS =====

                  [Col  1]              [Col  2]              [Col  3]              [Col  4]              [Col  5]              [Col  6]              [Col  7]              [Col  8]              [Col  9]              [Col 10]
[Row   1]               1.9998               0.4532               0.0000               0.0000              -0.0029               0.3395               0.0000               0.0000              -0.0006               0.0015
[Row   2]               0.4532               1.6256               0.0000              -0.0000               0.1003               1.7231              -0.0000              -0.0000               0.0691              -0.0884
[Row   3]               0.0000               0.0000               1.2339              -0.0000               0.0000               0.0000               1.3535              -0.0000               0.0000              -0.0000
[Row   4]               0.0000              -0.0000              -0.0000               1.2339               0.0000               0.0000              -0.0000               1.3535              -0.0000              -0.0000
[Row   5]              -0.0029               0.1003               0.0000               0.0000               1.4724               0.0014              -0.0000              -0.0000               1.4893               0.0118
[Row   6]               0.3395               1.7231               0.0000               0.0000               0.0014               1.8449              -0.0000               0.0000              -0.0339              -0.0969
[Row   7]               0.0000              -0.0000               1.3535              -0.0000              -0.0000              -0.0000               1.4847               0.0000              -0.0000              -0.0000
[Row   8]               0.0000              -0.0000              -0.0000               1.3535              -0.0000               0.0000               0.0000               1.4847              -0.0000              -0.0000
[Row   9]              -0.0006               0.0691               0.0000              -0.0000               1.4893              -0.0339              -0.0000              -0.0000               1.5071               0.0139
[Row  10]               0.0015              -0.0884              -0.0000              -0.0000               0.0118              -0.0969              -0.0000              -0.0000               0.0139               0.0054
[Row  11]               0.0000               0.0000              -0.2280              -0.0000               0.0000               0.0000              -0.2501              -0.0000               0.0000               0.0000
[Row  12]               0.0000              -0.0000               0.0000              -0.2280               0.0000              -0.0000              -0.0000              -0.2501               0.0000               0.0000
[Row  13]              -0.0000               0.0000               0.0000              -0.2380              -0.0000               0.0000               0.0000              -0.2610              -0.0000              -0.0000
[Row  14]               0.0000               0.0000              -0.2380               0.0000              -0.0000               0.0000              -0.2610               0.0000              -0.0000               0.0000
[Row  15]               0.0637               0.7256              -0.0000               1.0140              -0.4025               0.8124              -0.0000               1.1123              -0.4231              -0.0468
[Row  16]               0.1528               1.1081              -0.0000               0.7009              -0.3196               1.2149              -0.0000               0.7688              -0.3469              -0.0671
[Row  17]               0.0637               0.7256               0.8782              -0.5070              -0.4025               0.8124               0.9633              -0.5562              -0.4231              -0.0468
[Row  18]               0.1528               1.1081               0.6070              -0.3504              -0.3196               1.2149               0.6658              -0.3844              -0.3469              -0.0671
[Row  19]               0.0637               0.7256              -0.8782              -0.5070              -0.4025               0.8124              -0.9633              -0.5562              -0.4231              -0.0468
[Row  20]               0.1528               1.1081              -0.6070              -0.3504              -0.3196               1.2149              -0.6658              -0.3844              -0.3469              -0.0671
                  [Col 11]              [Col 12]              [Col 13]              [Col 14]              [Col 15]              [Col 16]              [Col 17]              [Col 18]              [Col 19]              [Col 20]
[Row   1]               0.0000               0.0000              -0.0000               0.0000               0.0637               0.1528               0.0637               0.1528               0.0637               0.1528
[Row   2]               0.0000              -0.0000               0.0000               0.0000               0.7256               1.1081               0.7256               1.1081               0.7256               1.1081
[Row   3]              -0.2280               0.0000               0.0000              -0.2380              -0.0000              -0.0000               0.8782               0.6070              -0.8782              -0.6070
[Row   4]              -0.0000              -0.2280              -0.2380               0.0000               1.0140               0.7009              -0.5070              -0.3504              -0.5070              -0.3504
[Row   5]               0.0000               0.0000              -0.0000              -0.0000              -0.4025              -0.3196              -0.4025              -0.3196              -0.4025              -0.3196
[Row   6]               0.0000              -0.0000               0.0000               0.0000               0.8124               1.2149               0.8124               1.2149               0.8124               1.2149
[Row   7]              -0.2501              -0.0000               0.0000              -0.2610              -0.0000              -0.0000               0.9633               0.6658              -0.9633              -0.6658
[Row   8]              -0.0000              -0.2501              -0.2610               0.0000               1.1123               0.7688              -0.5562              -0.3844              -0.5562              -0.3844
[Row   9]               0.0000               0.0000              -0.0000              -0.0000              -0.4231              -0.3469              -0.4231              -0.3469              -0.4231              -0.3469
[Row  10]               0.0000               0.0000              -0.0000               0.0000              -0.0468              -0.0671              -0.0468              -0.0671              -0.0468              -0.0671
[Row  11]               0.0421               0.0000              -0.0000               0.0440               0.0000               0.0000              -0.1622              -0.1121               0.1622               0.1121
[Row  12]               0.0000               0.0421               0.0440              -0.0000              -0.1873              -0.1295               0.0937               0.0647               0.0937               0.0647
[Row  13]              -0.0000               0.0440               0.0459              -0.0000              -0.1956              -0.1352               0.0978               0.0676               0.0978               0.0676
[Row  14]               0.0440              -0.0000              -0.0000               0.0459               0.0000               0.0000              -0.1694              -0.1171               0.1694               0.1171
[Row  15]               0.0000              -0.1873              -0.1956               0.0000               1.3053               1.2020               0.0553               0.3380               0.0553               0.3380
[Row  16]               0.0000              -0.1295              -0.1352               0.0000               1.2020               1.2706               0.3380               0.6735               0.3380               0.6735
[Row  17]              -0.1622               0.0937               0.0978              -0.1694               0.0553               0.3380               1.3053               1.2020               0.0553               0.3380
[Row  18]              -0.1121               0.0647               0.0676              -0.1171               0.3380               0.6735               1.2020               1.2706               0.3380               0.6735
[Row  19]               0.1622               0.0937               0.0978               0.1694               0.0553               0.3380               0.0553               0.3380               1.3053               1.2020
[Row  20]               0.1121               0.0647               0.0676               0.1171               0.3380               0.6735               0.3380               0.6735               1.2020               1.2706
====== S^(AO) std gaussian m_l ordering =====

                  [Col  1]              [Col  2]              [Col  3]              [Col  4]              [Col  5]              [Col  6]              [Col  7]              [Col  8]              [Col  9]              [Col 10]
[Row   1]               1.0000               0.2222               0.0000               0.0000              -0.0000               0.1719               0.0000               0.0000               0.0000               0.0000
[Row   2]               0.2222               1.0000               0.0000               0.0000              -0.0000               0.7755               0.0000               0.0000               0.0000               0.0000
[Row   3]               0.0000               0.0000               1.0000               0.0000               0.0000               0.0000               0.5193               0.0000               0.0000               0.0000
[Row   4]               0.0000               0.0000               0.0000               1.0000               0.0000               0.0000               0.0000               0.5193               0.0000               0.0000
[Row   5]              -0.0000              -0.0000               0.0000               0.0000               1.0000               0.0000               0.0000               0.0000               0.5193               0.0000
[Row   6]               0.1719               0.7755               0.0000               0.0000               0.0000               1.0000               0.0000               0.0000               0.0000               0.0000
[Row   7]               0.0000               0.0000               0.5193               0.0000               0.0000               0.0000               1.0000               0.0000               0.0000               0.0000
[Row   8]               0.0000               0.0000               0.0000               0.5193               0.0000               0.0000               0.0000               1.0000               0.0000               0.0000
[Row   9]               0.0000               0.0000               0.0000               0.0000               0.5193               0.0000               0.0000               0.0000               1.0000               0.0000
[Row  10]               0.0000               0.0000               0.0000               0.0000               0.0000               0.0000               0.0000               0.0000               0.0000               1.0000
[Row  11]               0.0000               0.0000               0.0000               0.0000               0.0000               0.0000               0.0000               0.0000               0.0000               0.0000
[Row  12]               0.0000               0.0000               0.0000               0.0000               0.0000               0.0000               0.0000               0.0000               0.0000               0.0000
[Row  13]               0.0000               0.0000               0.0000               0.0000               0.0000               0.0000               0.0000               0.0000               0.0000               0.0000
[Row  14]               0.0000               0.0000               0.0000               0.0000               0.0000               0.0000               0.0000               0.0000               0.0000               0.0000
[Row  15]               0.0342               0.2590               0.0000               0.3004              -0.1241               0.4061               0.0000               0.5116              -0.2114              -0.1038
[Row  16]               0.0792               0.4231               0.0000               0.1801              -0.0744               0.7031               0.0000               0.4968              -0.2053              -0.0213
[Row  17]               0.0342               0.2590               0.2602              -0.1502              -0.1241               0.4061               0.4430              -0.2558              -0.2114              -0.1038
[Row  18]               0.0792               0.4231               0.1560              -0.0900              -0.0744               0.7031               0.4302              -0.2484              -0.2053              -0.0213
[Row  19]               0.0342               0.2590              -0.2602              -0.1502              -0.1241               0.4061              -0.4430              -0.2558              -0.2114              -0.1038
[Row  20]               0.0792               0.4231              -0.1560              -0.0900              -0.0744               0.7031              -0.4302              -0.2484              -0.2053              -0.0213
                  [Col 11]              [Col 12]              [Col 13]              [Col 14]              [Col 15]              [Col 16]              [Col 17]              [Col 18]              [Col 19]              [Col 20]
[Row   1]               0.0000               0.0000               0.0000               0.0000               0.0342               0.0792               0.0342               0.0792               0.0342               0.0792
[Row   2]               0.0000               0.0000               0.0000               0.0000               0.2590               0.4231               0.2590               0.4231               0.2590               0.4231
[Row   3]               0.0000               0.0000               0.0000               0.0000               0.0000               0.0000               0.2602               0.1560              -0.2602              -0.1560
[Row   4]               0.0000               0.0000               0.0000               0.0000               0.3004               0.1801              -0.1502              -0.0900              -0.1502              -0.0900
[Row   5]               0.0000               0.0000               0.0000               0.0000              -0.1241              -0.0744              -0.1241              -0.0744              -0.1241              -0.0744
[Row   6]               0.0000               0.0000               0.0000               0.0000               0.4061               0.7031               0.4061               0.7031               0.4061               0.7031
[Row   7]               0.0000               0.0000               0.0000               0.0000               0.0000               0.0000               0.4430               0.4302              -0.4430              -0.4302
[Row   8]               0.0000               0.0000               0.0000               0.0000               0.5116               0.4968              -0.2558              -0.2484              -0.2558              -0.2484
[Row   9]               0.0000               0.0000               0.0000               0.0000              -0.2114              -0.2053              -0.2114              -0.2053              -0.2114              -0.2053
[Row  10]               0.0000               0.0000               0.0000               0.0000              -0.1038              -0.0213              -0.1038              -0.0213              -0.1038              -0.0213
[Row  11]               1.0000               0.0000               0.0000               0.0000               0.0000               0.0000              -0.1953              -0.0400               0.1953               0.0400
[Row  12]               0.0000               1.0000               0.0000               0.0000              -0.2255              -0.0462               0.1128               0.0231               0.1128               0.0231
[Row  13]               0.0000               0.0000               1.0000               0.0000              -0.2729              -0.0559               0.1365               0.0280               0.1365               0.0280
[Row  14]               0.0000               0.0000               0.0000               1.0000               0.0000               0.0000              -0.2363              -0.0484               0.2363               0.0484
[Row  15]               0.0000              -0.2255              -0.2729               0.0000               1.0000               0.6583               0.0340               0.1901               0.0340               0.1901
[Row  16]               0.0000              -0.0462              -0.0559               0.0000               0.6583               1.0000               0.1901               0.4663               0.1901               0.4663
[Row  17]              -0.1953               0.1128               0.1365              -0.2363               0.0340               0.1901               1.0000               0.6583               0.0340               0.1901
[Row  18]              -0.0400               0.0231               0.0280              -0.0484               0.1901               0.4663               0.6583               1.0000               0.1901               0.4663
[Row  19]               0.1953               0.1128               0.1365               0.2363               0.0340               0.1901               0.0340               0.1901               1.0000               0.6583
[Row  20]               0.0400               0.0231               0.0280               0.0484               0.1901               0.4663               0.1901               0.4663               0.6583               1.0000
