molecule mol00.xyz
System:, atNum: 3 coords [              0.0000               0.0000               0.7748]
System:, atNum: 1 coords [              0.0000               0.0000              -2.3244]
===== Original AO-S matrix =====

                  [Col  1]              [Col  2]              [Col  3]              [Col  4]              [Col  5]              [Col  6]              [Col  7]              [Col  8]              [Col  9]              [Col 10]
[Row   1]               1.0000               0.1453               0.0000               0.0000               0.0000               0.1857               0.0000               0.0000               0.0000               0.0000
[Row   2]               0.1453               1.0000              -0.0000               0.0000               0.0000               0.9055               0.0000               0.0000               0.0000               0.0000
[Row   3]               0.0000              -0.0000               1.0000               0.0000               0.0000               0.0000               0.8021               0.0000               0.0000               0.0000
[Row   4]               0.0000               0.0000               0.0000               1.0000               0.0000               0.0000               0.0000               0.8021               0.0000               0.0000
[Row   5]               0.0000               0.0000               0.0000               0.0000               1.0000               0.0000               0.0000               0.0000               0.8021               0.0000
[Row   6]               0.1857               0.9055               0.0000               0.0000               0.0000               1.0000               0.0000               0.0000               0.0000               0.0000
[Row   7]               0.0000               0.0000               0.8021               0.0000               0.0000               0.0000               1.0000               0.0000               0.0000              -0.0000
[Row   8]               0.0000               0.0000               0.0000               0.8021               0.0000               0.0000               0.0000               1.0000               0.0000               0.0000
[Row   9]               0.0000               0.0000               0.0000               0.0000               0.8021               0.0000               0.0000               0.0000               1.0000               0.0000
[Row  10]               0.0000               0.0000               0.0000               0.0000               0.0000               0.0000              -0.0000               0.0000               0.0000               1.0000
[Row  11]               0.0000               0.0000               0.0000               0.0000               0.0000               0.0000               0.0000              -0.0000               0.0000               0.0000
[Row  12]               0.0000               0.0000               0.0000               0.0000               0.0000               0.0000               0.0000               0.0000              -0.0000               0.0000
[Row  13]               0.0000               0.0000               0.0000               0.0000               0.0000               0.0000               0.0000               0.0000               0.0000               0.0000
[Row  14]               0.0000               0.0000               0.0000               0.0000               0.0000               0.0000               0.0000               0.0000               0.0000               0.0000
[Row  15]               0.0169               0.2377              -0.3491               0.0000               0.0000               0.1946              -0.2174               0.0000               0.0000               0.4362
[Row  16]               0.1268               0.5502              -0.6351               0.0000               0.0000               0.5116              -0.4917               0.0000               0.0000               0.3718
                  [Col 11]              [Col 12]              [Col 13]              [Col 14]              [Col 15]              [Col 16]
[Row   1]               0.0000               0.0000               0.0000               0.0000               0.0169               0.1268
[Row   2]               0.0000               0.0000               0.0000               0.0000               0.2377               0.5502
[Row   3]               0.0000               0.0000               0.0000               0.0000              -0.3491              -0.6351
[Row   4]               0.0000               0.0000               0.0000               0.0000               0.0000               0.0000
[Row   5]               0.0000               0.0000               0.0000               0.0000               0.0000               0.0000
[Row   6]               0.0000               0.0000               0.0000               0.0000               0.1946               0.5116
[Row   7]               0.0000               0.0000               0.0000               0.0000              -0.2174              -0.4917
[Row   8]              -0.0000               0.0000               0.0000               0.0000               0.0000               0.0000
[Row   9]               0.0000              -0.0000               0.0000               0.0000               0.0000               0.0000
[Row  10]               0.0000               0.0000               0.0000               0.0000               0.4362               0.3718
[Row  11]               1.0000               0.0000               0.0000               0.0000               0.0000               0.0000
[Row  12]               0.0000               1.0000               0.0000               0.0000               0.0000               0.0000
[Row  13]               0.0000               0.0000               1.0000               0.0000              -0.0000               0.0000
[Row  14]               0.0000               0.0000               0.0000               1.0000               0.0000               0.0000
[Row  15]               0.0000               0.0000              -0.0000               0.0000               1.0000               0.6583
[Row  16]               0.0000               0.0000               0.0000               0.0000               0.6583               1.0000
nbas 16
 ===== CA ===== 

                  [Col  1]              [Col  2]              [Col  3]              [Col  4]              [Col  5]              [Col  6]              [Col  7]              [Col  8]              [Col  9]              [Col 10]
[Row   1]               0.9987               0.1256               0.1391               0.0000               0.0000               0.0493               0.0421               0.0000               0.0000               0.0513
[Row   2]               0.0155              -0.2317               0.1415               0.0000               0.0000               0.0783               1.9341               0.0000               0.0000               1.4807
[Row   3]               0.0105               0.2477              -0.1792              -0.0000              -0.0000              -0.6572               0.9131               0.0000               0.0000              -1.5285
[Row   4]              -0.0000              -0.0000              -0.0000               0.0105               0.0143               0.0000              -0.0000               1.6702               0.0263               0.0000
[Row   5]              -0.0000              -0.0000              -0.0000               0.0143              -0.0105              -0.0000               0.0000               0.0263              -1.6702               0.0000
[Row   6]              -0.0086              -0.1621              -0.8865              -0.0000               0.0000              -0.7296              -1.9763              -0.0000              -0.0000              -0.6441
[Row   7]              -0.0056               0.0039              -0.4987              -0.0000               0.0000               1.3809              -0.4959              -0.0000              -0.0000               0.6016
[Row   8]               0.0000              -0.0000               0.0000               0.5835               0.7939              -0.0000               0.0000              -1.3521              -0.0213              -0.0000
[Row   9]               0.0000               0.0000              -0.0000               0.7939              -0.5835               0.0000              -0.0000              -0.0213               1.3521              -0.0000
[Row  10]              -0.0013              -0.0385              -0.0105               0.0000               0.0000              -0.0221               0.0252               0.0000              -0.0000              -0.1964
[Row  11]              -0.0000              -0.0000               0.0000               0.0162               0.0220              -0.0000              -0.0000               0.0678               0.0011              -0.0000
[Row  12]               0.0000               0.0000               0.0000               0.0220              -0.0162              -0.0000              -0.0000               0.0011              -0.0678              -0.0000
[Row  13]              -0.0000               0.0000              -0.0000              -0.0000               0.0000              -0.0000              -0.0000              -0.0000              -0.0000              -0.0000
[Row  14]               0.0000              -0.0000              -0.0000              -0.0000               0.0000              -0.0000              -0.0000               0.0000               0.0000               0.0000
[Row  15]               0.0026              -0.2872               0.0575              -0.0000              -0.0000               0.0926              -0.0057              -0.0000               0.0000              -0.0779
[Row  16]               0.0044              -0.3955               0.0749              -0.0000              -0.0000               0.5982               0.2817               0.0000               0.0000              -1.1455
                  [Col 11]              [Col 12]              [Col 13]              [Col 14]              [Col 15]              [Col 16]
[Row   1]              -0.0000               0.0000              -0.0000              -0.0000               0.1035               0.0891
[Row   2]              -0.0000              -0.0000              -0.0000               0.0000               1.0678               0.1213
[Row   3]               0.0000              -0.0000               0.0000              -0.0000              -1.4638              -0.0752
[Row   4]               0.1030               0.0491              -0.0000              -0.0000              -0.0000              -0.0000
[Row   5]              -0.0491               0.1030               0.0000              -0.0000              -0.0000               0.0000
[Row   6]               0.0000               0.0000              -0.0000              -0.0000               0.0559               0.2522
[Row   7]              -0.0000              -0.0000              -0.0000               0.0000               0.1770              -0.2432
[Row   8]              -0.0586              -0.0280               0.0000               0.0000               0.0000               0.0000
[Row   9]               0.0280              -0.0586              -0.0000               0.0000               0.0000              -0.0000
[Row  10]               0.0000               0.0000               0.0000              -0.0000               1.3490              -0.2536
[Row  11]              -0.9003              -0.4292               0.0000               0.0000               0.0000              -0.0000
[Row  12]               0.4292              -0.9003              -0.0000               0.0000               0.0000              -0.0000
[Row  13]               0.0000               0.0000               0.0783               0.9969               0.0000              -0.0000
[Row  14]               0.0000              -0.0000               0.9969              -0.0783              -0.0000               0.0000
[Row  15]               0.0000              -0.0000              -0.0000               0.0000               0.1117               1.3974
[Row  16]              -0.0000              -0.0000               0.0000              -0.0000              -2.1257              -1.4044
 ===== CB ===== 

                  [Col  1]              [Col  2]              [Col  3]              [Col  4]              [Col  5]              [Col  6]              [Col  7]              [Col  8]              [Col  9]              [Col 10]
[Row   1]               0.9987               0.1256               0.1391               0.0000               0.0000               0.0493               0.0421               0.0000               0.0000               0.0513
[Row   2]               0.0155              -0.2317               0.1415               0.0000               0.0000               0.0783               1.9341               0.0000               0.0000               1.4807
[Row   3]               0.0105               0.2477              -0.1792              -0.0000              -0.0000              -0.6572               0.9131               0.0000               0.0000              -1.5285
[Row   4]              -0.0000              -0.0000              -0.0000               0.0105               0.0143               0.0000              -0.0000               1.6702               0.0263               0.0000
[Row   5]              -0.0000              -0.0000              -0.0000               0.0143              -0.0105              -0.0000               0.0000               0.0263              -1.6702               0.0000
[Row   6]              -0.0086              -0.1621              -0.8865              -0.0000               0.0000              -0.7296              -1.9763              -0.0000              -0.0000              -0.6441
[Row   7]              -0.0056               0.0039              -0.4987              -0.0000               0.0000               1.3809              -0.4959              -0.0000              -0.0000               0.6016
[Row   8]               0.0000              -0.0000               0.0000               0.5835               0.7939              -0.0000               0.0000              -1.3521              -0.0213              -0.0000
[Row   9]               0.0000               0.0000              -0.0000               0.7939              -0.5835               0.0000              -0.0000              -0.0213               1.3521              -0.0000
[Row  10]              -0.0013              -0.0385              -0.0105               0.0000               0.0000              -0.0221               0.0252               0.0000              -0.0000              -0.1964
[Row  11]              -0.0000              -0.0000               0.0000               0.0162               0.0220              -0.0000              -0.0000               0.0678               0.0011              -0.0000
[Row  12]               0.0000               0.0000               0.0000               0.0220              -0.0162              -0.0000              -0.0000               0.0011              -0.0678              -0.0000
[Row  13]              -0.0000               0.0000              -0.0000              -0.0000               0.0000              -0.0000              -0.0000              -0.0000              -0.0000              -0.0000
[Row  14]               0.0000              -0.0000              -0.0000              -0.0000               0.0000              -0.0000              -0.0000               0.0000               0.0000               0.0000
[Row  15]               0.0026              -0.2872               0.0575              -0.0000              -0.0000               0.0926              -0.0057              -0.0000               0.0000              -0.0779
[Row  16]               0.0044              -0.3955               0.0749              -0.0000              -0.0000               0.5982               0.2817               0.0000               0.0000              -1.1455
                  [Col 11]              [Col 12]              [Col 13]              [Col 14]              [Col 15]              [Col 16]
[Row   1]              -0.0000               0.0000              -0.0000              -0.0000               0.1035               0.0891
[Row   2]              -0.0000              -0.0000              -0.0000               0.0000               1.0678               0.1213
[Row   3]               0.0000              -0.0000               0.0000              -0.0000              -1.4638              -0.0752
[Row   4]               0.1030               0.0491              -0.0000              -0.0000              -0.0000              -0.0000
[Row   5]              -0.0491               0.1030               0.0000              -0.0000              -0.0000               0.0000
[Row   6]               0.0000               0.0000              -0.0000              -0.0000               0.0559               0.2522
[Row   7]              -0.0000              -0.0000              -0.0000               0.0000               0.1770              -0.2432
[Row   8]              -0.0586              -0.0280               0.0000               0.0000               0.0000               0.0000
[Row   9]               0.0280              -0.0586              -0.0000               0.0000               0.0000              -0.0000
[Row  10]               0.0000               0.0000               0.0000              -0.0000               1.3490              -0.2536
[Row  11]              -0.9003              -0.4292               0.0000               0.0000               0.0000              -0.0000
[Row  12]               0.4292              -0.9003              -0.0000               0.0000               0.0000              -0.0000
[Row  13]               0.0000               0.0000               0.0783               0.9969               0.0000              -0.0000
[Row  14]               0.0000              -0.0000               0.9969              -0.0783              -0.0000               0.0000
[Row  15]               0.0000              -0.0000              -0.0000               0.0000               0.1117               1.3974
[Row  16]              -0.0000              -0.0000               0.0000              -0.0000              -2.1257              -1.4044
 ===== P_psi ===== Dalpha+Dbeta 

                  [Col  1]              [Col  2]              [Col  3]              [Col  4]              [Col  5]              [Col  6]              [Col  7]              [Col  8]              [Col  9]              [Col 10]
[Row   1]               2.0262              -0.0272               0.0832              -0.0000              -0.0000              -0.0578              -0.0101               0.0000               0.0000              -0.0122
[Row   2]              -0.0272               0.1078              -0.1144               0.0000               0.0000               0.0748              -0.0020               0.0000              -0.0000               0.0178
[Row   3]               0.0832              -0.1144               0.1229              -0.0000              -0.0000              -0.0805               0.0018              -0.0000               0.0000              -0.0191
[Row   4]              -0.0000               0.0000              -0.0000               0.0000               0.0000               0.0000               0.0000              -0.0000              -0.0000               0.0000
[Row   5]              -0.0000               0.0000              -0.0000               0.0000               0.0000               0.0000               0.0000              -0.0000              -0.0000               0.0000
[Row   6]              -0.0578               0.0748              -0.0805               0.0000               0.0000               0.0527              -0.0012               0.0000              -0.0000               0.0125
[Row   7]              -0.0101              -0.0020               0.0018               0.0000               0.0000              -0.0012               0.0001              -0.0000              -0.0000              -0.0003
[Row   8]               0.0000               0.0000              -0.0000              -0.0000              -0.0000               0.0000              -0.0000               0.0000               0.0000               0.0000
[Row   9]               0.0000              -0.0000               0.0000              -0.0000              -0.0000              -0.0000              -0.0000               0.0000               0.0000              -0.0000
[Row  10]              -0.0122               0.0178              -0.0191               0.0000               0.0000               0.0125              -0.0003               0.0000              -0.0000               0.0030
[Row  11]              -0.0000              -0.0000              -0.0000               0.0000               0.0000               0.0000               0.0000              -0.0000              -0.0000               0.0000
[Row  12]               0.0000              -0.0000               0.0000              -0.0000              -0.0000              -0.0000              -0.0000               0.0000               0.0000              -0.0000
[Row  13]              -0.0000              -0.0000              -0.0000               0.0000               0.0000               0.0000               0.0000              -0.0000              -0.0000               0.0000
[Row  14]               0.0000               0.0000              -0.0000              -0.0000              -0.0000               0.0000              -0.0000               0.0000               0.0000               0.0000
[Row  15]              -0.0669               0.1332              -0.1422               0.0000               0.0000               0.0930              -0.0023               0.0000              -0.0000               0.0221
[Row  16]              -0.0905               0.1834              -0.1958               0.0000               0.0000               0.1281              -0.0031               0.0000              -0.0000               0.0305
                  [Col 11]              [Col 12]              [Col 13]              [Col 14]              [Col 15]              [Col 16]
[Row   1]              -0.0000               0.0000              -0.0000               0.0000              -0.0669              -0.0905
[Row   2]              -0.0000              -0.0000              -0.0000               0.0000               0.1332               0.1834
[Row   3]              -0.0000               0.0000              -0.0000              -0.0000              -0.1422              -0.1958
[Row   4]               0.0000              -0.0000               0.0000              -0.0000               0.0000               0.0000
[Row   5]               0.0000              -0.0000               0.0000              -0.0000               0.0000               0.0000
[Row   6]               0.0000              -0.0000               0.0000               0.0000               0.0930               0.1281
[Row   7]               0.0000              -0.0000               0.0000              -0.0000              -0.0023              -0.0031
[Row   8]              -0.0000               0.0000              -0.0000               0.0000               0.0000               0.0000
[Row   9]              -0.0000               0.0000              -0.0000               0.0000              -0.0000              -0.0000
[Row  10]               0.0000              -0.0000               0.0000               0.0000               0.0221               0.0305
[Row  11]               0.0000              -0.0000               0.0000              -0.0000               0.0000               0.0000
[Row  12]              -0.0000               0.0000              -0.0000               0.0000              -0.0000              -0.0000
[Row  13]               0.0000              -0.0000               0.0000              -0.0000              -0.0000              -0.0000
[Row  14]              -0.0000               0.0000              -0.0000               0.0000               0.0000               0.0000
[Row  15]               0.0000              -0.0000              -0.0000               0.0000               0.1650               0.2272
[Row  16]               0.0000              -0.0000              -0.0000               0.0000               0.2272               0.3129
===== P_mu,nu local =====

                  [Col  1]              [Col  2]              [Col  3]              [Col  4]              [Col  5]              [Col  6]              [Col  7]              [Col  8]              [Col  9]              [Col 10]
[Row   1]               2.0262              -0.0272               0.0832              -0.0000              -0.0000              -0.0578              -0.0101               0.0000               0.0000              -0.0122
[Row   2]              -0.0272               0.1078              -0.1144               0.0000               0.0000               0.0748              -0.0020               0.0000              -0.0000               0.0178
[Row   3]               0.0832              -0.1144               0.1229              -0.0000              -0.0000              -0.0805               0.0018              -0.0000               0.0000              -0.0191
[Row   4]              -0.0000               0.0000              -0.0000               0.0000               0.0000               0.0000               0.0000              -0.0000              -0.0000               0.0000
[Row   5]              -0.0000               0.0000              -0.0000               0.0000               0.0000               0.0000               0.0000              -0.0000              -0.0000               0.0000
[Row   6]              -0.0578               0.0748              -0.0805               0.0000               0.0000               0.0527              -0.0012               0.0000              -0.0000               0.0125
[Row   7]              -0.0101              -0.0020               0.0018               0.0000               0.0000              -0.0012               0.0001              -0.0000              -0.0000              -0.0003
[Row   8]               0.0000               0.0000              -0.0000              -0.0000              -0.0000               0.0000              -0.0000               0.0000               0.0000               0.0000
[Row   9]               0.0000              -0.0000               0.0000              -0.0000              -0.0000              -0.0000              -0.0000               0.0000               0.0000              -0.0000
[Row  10]              -0.0122               0.0178              -0.0191               0.0000               0.0000               0.0125              -0.0003               0.0000              -0.0000               0.0030
[Row  11]              -0.0000              -0.0000              -0.0000               0.0000               0.0000               0.0000               0.0000              -0.0000              -0.0000               0.0000
[Row  12]               0.0000              -0.0000               0.0000              -0.0000              -0.0000              -0.0000              -0.0000               0.0000               0.0000              -0.0000
[Row  13]              -0.0000              -0.0000              -0.0000               0.0000               0.0000               0.0000               0.0000              -0.0000              -0.0000               0.0000
[Row  14]               0.0000               0.0000              -0.0000              -0.0000              -0.0000               0.0000              -0.0000               0.0000               0.0000               0.0000
[Row  15]              -0.0669               0.1332              -0.1422               0.0000               0.0000               0.0930              -0.0023               0.0000              -0.0000               0.0221
[Row  16]              -0.0905               0.1834              -0.1958               0.0000               0.0000               0.1281              -0.0031               0.0000              -0.0000               0.0305
                  [Col 11]              [Col 12]              [Col 13]              [Col 14]              [Col 15]              [Col 16]
[Row   1]              -0.0000               0.0000              -0.0000               0.0000              -0.0669              -0.0905
[Row   2]              -0.0000              -0.0000              -0.0000               0.0000               0.1332               0.1834
[Row   3]              -0.0000               0.0000              -0.0000              -0.0000              -0.1422              -0.1958
[Row   4]               0.0000              -0.0000               0.0000              -0.0000               0.0000               0.0000
[Row   5]               0.0000              -0.0000               0.0000              -0.0000               0.0000               0.0000
[Row   6]               0.0000              -0.0000               0.0000               0.0000               0.0930               0.1281
[Row   7]               0.0000              -0.0000               0.0000              -0.0000              -0.0023              -0.0031
[Row   8]              -0.0000               0.0000              -0.0000               0.0000               0.0000               0.0000
[Row   9]              -0.0000               0.0000              -0.0000               0.0000              -0.0000              -0.0000
[Row  10]               0.0000              -0.0000               0.0000               0.0000               0.0221               0.0305
[Row  11]               0.0000              -0.0000               0.0000              -0.0000               0.0000               0.0000
[Row  12]              -0.0000               0.0000              -0.0000               0.0000              -0.0000              -0.0000
[Row  13]               0.0000              -0.0000               0.0000              -0.0000              -0.0000              -0.0000
[Row  14]              -0.0000               0.0000              -0.0000               0.0000               0.0000               0.0000
[Row  15]               0.0000              -0.0000              -0.0000               0.0000               0.1650               0.2272
[Row  16]               0.0000              -0.0000              -0.0000               0.0000               0.2272               0.3129
===== P_mu,nu psi4 =====

                  [Col  1]              [Col  2]              [Col  3]              [Col  4]              [Col  5]              [Col  6]              [Col  7]              [Col  8]              [Col  9]              [Col 10]
[Row   1]               2.0262              -0.0272               0.0832              -0.0000              -0.0000              -0.0578              -0.0101               0.0000               0.0000              -0.0122
[Row   2]              -0.0272               0.1078              -0.1144               0.0000               0.0000               0.0748              -0.0020               0.0000              -0.0000               0.0178
[Row   3]               0.0832              -0.1144               0.1229              -0.0000              -0.0000              -0.0805               0.0018              -0.0000               0.0000              -0.0191
[Row   4]              -0.0000               0.0000              -0.0000               0.0000               0.0000               0.0000               0.0000              -0.0000              -0.0000               0.0000
[Row   5]              -0.0000               0.0000              -0.0000               0.0000               0.0000               0.0000               0.0000              -0.0000              -0.0000               0.0000
[Row   6]              -0.0578               0.0748              -0.0805               0.0000               0.0000               0.0527              -0.0012               0.0000              -0.0000               0.0125
[Row   7]              -0.0101              -0.0020               0.0018               0.0000               0.0000              -0.0012               0.0001              -0.0000              -0.0000              -0.0003
[Row   8]               0.0000               0.0000              -0.0000              -0.0000              -0.0000               0.0000              -0.0000               0.0000               0.0000               0.0000
[Row   9]               0.0000              -0.0000               0.0000              -0.0000              -0.0000              -0.0000              -0.0000               0.0000               0.0000              -0.0000
[Row  10]              -0.0122               0.0178              -0.0191               0.0000               0.0000               0.0125              -0.0003               0.0000              -0.0000               0.0030
[Row  11]              -0.0000              -0.0000              -0.0000               0.0000               0.0000               0.0000               0.0000              -0.0000              -0.0000               0.0000
[Row  12]               0.0000              -0.0000               0.0000              -0.0000              -0.0000              -0.0000              -0.0000               0.0000               0.0000              -0.0000
[Row  13]              -0.0000              -0.0000              -0.0000               0.0000               0.0000               0.0000               0.0000              -0.0000              -0.0000               0.0000
[Row  14]               0.0000               0.0000              -0.0000              -0.0000              -0.0000               0.0000              -0.0000               0.0000               0.0000               0.0000
[Row  15]              -0.0669               0.1332              -0.1422               0.0000               0.0000               0.0930              -0.0023               0.0000              -0.0000               0.0221
[Row  16]              -0.0905               0.1834              -0.1958               0.0000               0.0000               0.1281              -0.0031               0.0000              -0.0000               0.0305
                  [Col 11]              [Col 12]              [Col 13]              [Col 14]              [Col 15]              [Col 16]
[Row   1]              -0.0000               0.0000              -0.0000               0.0000              -0.0669              -0.0905
[Row   2]              -0.0000              -0.0000              -0.0000               0.0000               0.1332               0.1834
[Row   3]              -0.0000               0.0000              -0.0000              -0.0000              -0.1422              -0.1958
[Row   4]               0.0000              -0.0000               0.0000              -0.0000               0.0000               0.0000
[Row   5]               0.0000              -0.0000               0.0000              -0.0000               0.0000               0.0000
[Row   6]               0.0000              -0.0000               0.0000               0.0000               0.0930               0.1281
[Row   7]               0.0000              -0.0000               0.0000              -0.0000              -0.0023              -0.0031
[Row   8]              -0.0000               0.0000              -0.0000               0.0000               0.0000               0.0000
[Row   9]              -0.0000               0.0000              -0.0000               0.0000              -0.0000              -0.0000
[Row  10]               0.0000              -0.0000               0.0000               0.0000               0.0221               0.0305
[Row  11]               0.0000              -0.0000               0.0000              -0.0000               0.0000               0.0000
[Row  12]              -0.0000               0.0000              -0.0000               0.0000              -0.0000              -0.0000
[Row  13]               0.0000              -0.0000               0.0000              -0.0000              -0.0000              -0.0000
[Row  14]              -0.0000               0.0000              -0.0000               0.0000               0.0000               0.0000
[Row  15]               0.0000              -0.0000              -0.0000               0.0000               0.1650               0.2272
[Row  16]               0.0000              -0.0000              -0.0000               0.0000               0.2272               0.3129
====== P^(AO) = SPS =====

                  [Col  1]              [Col  2]              [Col  3]              [Col  4]              [Col  5]              [Col  6]              [Col  7]              [Col  8]              [Col  9]              [Col 10]
[Row   1]               1.9998               0.3029               0.0129              -0.0000               0.0000               0.3792               0.0065               0.0000               0.0000              -0.0012
[Row   2]               0.3029               0.8834              -0.7775               0.0000              -0.0000               0.8444              -0.5937               0.0000              -0.0000               0.4021
[Row   3]               0.0129              -0.7775               0.7255              -0.0000               0.0000              -0.7300               0.5535              -0.0000               0.0000              -0.3744
[Row   4]              -0.0000               0.0000              -0.0000               0.0000              -0.0000               0.0000              -0.0000               0.0000              -0.0000               0.0000
[Row   5]               0.0000              -0.0000               0.0000              -0.0000               0.0000              -0.0000               0.0000               0.0000               0.0000              -0.0000
[Row   6]               0.3792               0.8444              -0.7300               0.0000              -0.0000               0.8114              -0.5576               0.0000               0.0000               0.3778
[Row   7]               0.0065              -0.5937               0.5535              -0.0000               0.0000              -0.5576               0.4223              -0.0000               0.0000              -0.2857
[Row   8]               0.0000               0.0000              -0.0000               0.0000               0.0000               0.0000              -0.0000               0.0000               0.0000               0.0000
[Row   9]               0.0000              -0.0000               0.0000              -0.0000               0.0000               0.0000               0.0000               0.0000               0.0000              -0.0000
[Row  10]              -0.0012               0.4021              -0.3744               0.0000              -0.0000               0.3778              -0.2857               0.0000              -0.0000               0.1932
[Row  11]              -0.0000              -0.0000              -0.0000               0.0000              -0.0000              -0.0000              -0.0000              -0.0000              -0.0000               0.0000
[Row  12]               0.0000              -0.0000               0.0000              -0.0000               0.0000              -0.0000               0.0000              -0.0000               0.0000              -0.0000
[Row  13]              -0.0000              -0.0000              -0.0000               0.0000              -0.0000              -0.0000               0.0000              -0.0000              -0.0000              -0.0000
[Row  14]               0.0000               0.0000              -0.0000              -0.0000               0.0000               0.0000              -0.0000               0.0000               0.0000               0.0000
[Row  15]               0.0328               0.9579              -0.8866               0.0000              -0.0000               0.9017              -0.6765               0.0000              -0.0000               0.4577
[Row  16]               0.2521               1.2722              -1.1468               0.0000              -0.0000               1.2074              -0.8754               0.0000              -0.0000               0.5926
                  [Col 11]              [Col 12]              [Col 13]              [Col 14]              [Col 15]              [Col 16]
[Row   1]              -0.0000               0.0000              -0.0000               0.0000               0.0328               0.2521
[Row   2]              -0.0000              -0.0000              -0.0000               0.0000               0.9579               1.2722
[Row   3]              -0.0000               0.0000              -0.0000              -0.0000              -0.8866              -1.1468
[Row   4]               0.0000              -0.0000               0.0000              -0.0000               0.0000               0.0000
[Row   5]              -0.0000               0.0000              -0.0000               0.0000              -0.0000              -0.0000
[Row   6]              -0.0000              -0.0000              -0.0000               0.0000               0.9017               1.2074
[Row   7]              -0.0000               0.0000               0.0000              -0.0000              -0.6765              -0.8754
[Row   8]              -0.0000              -0.0000              -0.0000               0.0000               0.0000               0.0000
[Row   9]              -0.0000               0.0000              -0.0000               0.0000              -0.0000              -0.0000
[Row  10]               0.0000              -0.0000              -0.0000               0.0000               0.4577               0.5926
[Row  11]               0.0000              -0.0000               0.0000              -0.0000               0.0000              -0.0000
[Row  12]              -0.0000               0.0000              -0.0000               0.0000              -0.0000              -0.0000
[Row  13]               0.0000              -0.0000               0.0000              -0.0000              -0.0000              -0.0000
[Row  14]              -0.0000               0.0000              -0.0000               0.0000               0.0000               0.0000
[Row  15]               0.0000              -0.0000              -0.0000               0.0000               1.0848               1.4082
[Row  16]              -0.0000              -0.0000              -0.0000               0.0000               1.4082               1.8499
====== S^(AO) = S =====

                  [Col  1]              [Col  2]              [Col  3]              [Col  4]              [Col  5]              [Col  6]              [Col  7]              [Col  8]              [Col  9]              [Col 10]
[Row   1]               1.0000               0.1453               0.0000               0.0000               0.0000               0.1857               0.0000               0.0000               0.0000               0.0000
[Row   2]               0.1453               1.0000              -0.0000               0.0000               0.0000               0.9055               0.0000               0.0000               0.0000               0.0000
[Row   3]               0.0000              -0.0000               1.0000               0.0000               0.0000               0.0000               0.8021               0.0000               0.0000               0.0000
[Row   4]               0.0000               0.0000               0.0000               1.0000               0.0000               0.0000               0.0000               0.8021               0.0000               0.0000
[Row   5]               0.0000               0.0000               0.0000               0.0000               1.0000               0.0000               0.0000               0.0000               0.8021               0.0000
[Row   6]               0.1857               0.9055               0.0000               0.0000               0.0000               1.0000               0.0000               0.0000               0.0000               0.0000
[Row   7]               0.0000               0.0000               0.8021               0.0000               0.0000               0.0000               1.0000               0.0000               0.0000              -0.0000
[Row   8]               0.0000               0.0000               0.0000               0.8021               0.0000               0.0000               0.0000               1.0000               0.0000               0.0000
[Row   9]               0.0000               0.0000               0.0000               0.0000               0.8021               0.0000               0.0000               0.0000               1.0000               0.0000
[Row  10]               0.0000               0.0000               0.0000               0.0000               0.0000               0.0000              -0.0000               0.0000               0.0000               1.0000
[Row  11]               0.0000               0.0000               0.0000               0.0000               0.0000               0.0000               0.0000              -0.0000               0.0000               0.0000
[Row  12]               0.0000               0.0000               0.0000               0.0000               0.0000               0.0000               0.0000               0.0000              -0.0000               0.0000
[Row  13]               0.0000               0.0000               0.0000               0.0000               0.0000               0.0000               0.0000               0.0000               0.0000               0.0000
[Row  14]               0.0000               0.0000               0.0000               0.0000               0.0000               0.0000               0.0000               0.0000               0.0000               0.0000
[Row  15]               0.0169               0.2377              -0.3491               0.0000               0.0000               0.1946              -0.2174               0.0000               0.0000               0.4362
[Row  16]               0.1268               0.5502              -0.6351               0.0000               0.0000               0.5116              -0.4917               0.0000               0.0000               0.3718
                  [Col 11]              [Col 12]              [Col 13]              [Col 14]              [Col 15]              [Col 16]
[Row   1]               0.0000               0.0000               0.0000               0.0000               0.0169               0.1268
[Row   2]               0.0000               0.0000               0.0000               0.0000               0.2377               0.5502
[Row   3]               0.0000               0.0000               0.0000               0.0000              -0.3491              -0.6351
[Row   4]               0.0000               0.0000               0.0000               0.0000               0.0000               0.0000
[Row   5]               0.0000               0.0000               0.0000               0.0000               0.0000               0.0000
[Row   6]               0.0000               0.0000               0.0000               0.0000               0.1946               0.5116
[Row   7]               0.0000               0.0000               0.0000               0.0000              -0.2174              -0.4917
[Row   8]              -0.0000               0.0000               0.0000               0.0000               0.0000               0.0000
[Row   9]               0.0000              -0.0000               0.0000               0.0000               0.0000               0.0000
[Row  10]               0.0000               0.0000               0.0000               0.0000               0.4362               0.3718
[Row  11]               1.0000               0.0000               0.0000               0.0000               0.0000               0.0000
[Row  12]               0.0000               1.0000               0.0000               0.0000               0.0000               0.0000
[Row  13]               0.0000               0.0000               1.0000               0.0000              -0.0000               0.0000
[Row  14]               0.0000               0.0000               0.0000               1.0000               0.0000               0.0000
[Row  15]               0.0000               0.0000              -0.0000               0.0000               1.0000               0.6583
[Row  16]               0.0000               0.0000               0.0000               0.0000               0.6583               1.0000
====== P^(AO) std gaussian m_l ordering SPS =====

                  [Col  1]              [Col  2]              [Col  3]              [Col  4]              [Col  5]              [Col  6]              [Col  7]              [Col  8]              [Col  9]              [Col 10]
[Row   1]               1.9998               0.3029              -0.0000               0.0000               0.0129               0.3792               0.0000               0.0000               0.0065              -0.0012
[Row   2]               0.3029               0.8834               0.0000              -0.0000              -0.7775               0.8444               0.0000              -0.0000              -0.5937               0.4021
[Row   3]              -0.0000               0.0000               0.0000              -0.0000              -0.0000               0.0000               0.0000              -0.0000              -0.0000               0.0000
[Row   4]               0.0000              -0.0000              -0.0000               0.0000               0.0000              -0.0000               0.0000               0.0000               0.0000              -0.0000
[Row   5]               0.0129              -0.7775              -0.0000               0.0000               0.7255              -0.7300              -0.0000               0.0000               0.5535              -0.3744
[Row   6]               0.3792               0.8444               0.0000              -0.0000              -0.7300               0.8114               0.0000               0.0000              -0.5576               0.3778
[Row   7]               0.0000               0.0000               0.0000               0.0000              -0.0000               0.0000               0.0000               0.0000              -0.0000               0.0000
[Row   8]               0.0000              -0.0000              -0.0000               0.0000               0.0000               0.0000               0.0000               0.0000               0.0000              -0.0000
[Row   9]               0.0065              -0.5937              -0.0000               0.0000               0.5535              -0.5576              -0.0000               0.0000               0.4223              -0.2857
[Row  10]              -0.0012               0.4021               0.0000              -0.0000              -0.3744               0.3778               0.0000              -0.0000              -0.2857               0.1932
[Row  11]              -0.0000              -0.0000               0.0000              -0.0000              -0.0000              -0.0000              -0.0000              -0.0000              -0.0000               0.0000
[Row  12]               0.0000              -0.0000              -0.0000               0.0000               0.0000              -0.0000              -0.0000               0.0000               0.0000              -0.0000
[Row  13]              -0.0000              -0.0000               0.0000              -0.0000              -0.0000              -0.0000              -0.0000              -0.0000               0.0000              -0.0000
[Row  14]               0.0000               0.0000              -0.0000               0.0000              -0.0000               0.0000               0.0000               0.0000              -0.0000               0.0000
[Row  15]               0.0328               0.9579               0.0000              -0.0000              -0.8866               0.9017               0.0000              -0.0000              -0.6765               0.4577
[Row  16]               0.2521               1.2722               0.0000              -0.0000              -1.1468               1.2074               0.0000              -0.0000              -0.8754               0.5926
                  [Col 11]              [Col 12]              [Col 13]              [Col 14]              [Col 15]              [Col 16]
[Row   1]              -0.0000               0.0000              -0.0000               0.0000               0.0328               0.2521
[Row   2]              -0.0000              -0.0000              -0.0000               0.0000               0.9579               1.2722
[Row   3]               0.0000              -0.0000               0.0000              -0.0000               0.0000               0.0000
[Row   4]              -0.0000               0.0000              -0.0000               0.0000              -0.0000              -0.0000
[Row   5]              -0.0000               0.0000              -0.0000              -0.0000              -0.8866              -1.1468
[Row   6]              -0.0000              -0.0000              -0.0000               0.0000               0.9017               1.2074
[Row   7]              -0.0000              -0.0000              -0.0000               0.0000               0.0000               0.0000
[Row   8]              -0.0000               0.0000              -0.0000               0.0000              -0.0000              -0.0000
[Row   9]              -0.0000               0.0000               0.0000              -0.0000              -0.6765              -0.8754
[Row  10]               0.0000              -0.0000              -0.0000               0.0000               0.4577               0.5926
[Row  11]               0.0000              -0.0000               0.0000              -0.0000               0.0000              -0.0000
[Row  12]              -0.0000               0.0000              -0.0000               0.0000              -0.0000              -0.0000
[Row  13]               0.0000              -0.0000               0.0000              -0.0000              -0.0000              -0.0000
[Row  14]              -0.0000               0.0000              -0.0000               0.0000               0.0000               0.0000
[Row  15]               0.0000              -0.0000              -0.0000               0.0000               1.0848               1.4082
[Row  16]              -0.0000              -0.0000              -0.0000               0.0000               1.4082               1.8499
====== S^(AO) std gaussian m_l ordering =====

                  [Col  1]              [Col  2]              [Col  3]              [Col  4]              [Col  5]              [Col  6]              [Col  7]              [Col  8]              [Col  9]              [Col 10]
[Row   1]               1.0000               0.1453               0.0000               0.0000               0.0000               0.1857               0.0000               0.0000               0.0000               0.0000
[Row   2]               0.1453               1.0000               0.0000               0.0000              -0.0000               0.9055               0.0000               0.0000               0.0000               0.0000
[Row   3]               0.0000               0.0000               1.0000               0.0000               0.0000               0.0000               0.8021               0.0000               0.0000               0.0000
[Row   4]               0.0000               0.0000               0.0000               1.0000               0.0000               0.0000               0.0000               0.8021               0.0000               0.0000
[Row   5]               0.0000              -0.0000               0.0000               0.0000               1.0000               0.0000               0.0000               0.0000               0.8021               0.0000
[Row   6]               0.1857               0.9055               0.0000               0.0000               0.0000               1.0000               0.0000               0.0000               0.0000               0.0000
[Row   7]               0.0000               0.0000               0.8021               0.0000               0.0000               0.0000               1.0000               0.0000               0.0000               0.0000
[Row   8]               0.0000               0.0000               0.0000               0.8021               0.0000               0.0000               0.0000               1.0000               0.0000               0.0000
[Row   9]               0.0000               0.0000               0.0000               0.0000               0.8021               0.0000               0.0000               0.0000               1.0000              -0.0000
[Row  10]               0.0000               0.0000               0.0000               0.0000               0.0000               0.0000               0.0000               0.0000              -0.0000               1.0000
[Row  11]               0.0000               0.0000               0.0000               0.0000               0.0000               0.0000              -0.0000               0.0000               0.0000               0.0000
[Row  12]               0.0000               0.0000               0.0000               0.0000               0.0000               0.0000               0.0000              -0.0000               0.0000               0.0000
[Row  13]               0.0000               0.0000               0.0000               0.0000               0.0000               0.0000               0.0000               0.0000               0.0000               0.0000
[Row  14]               0.0000               0.0000               0.0000               0.0000               0.0000               0.0000               0.0000               0.0000               0.0000               0.0000
[Row  15]               0.0169               0.2377               0.0000               0.0000              -0.3491               0.1946               0.0000               0.0000              -0.2174               0.4362
[Row  16]               0.1268               0.5502               0.0000               0.0000              -0.6351               0.5116               0.0000               0.0000              -0.4917               0.3718
                  [Col 11]              [Col 12]              [Col 13]              [Col 14]              [Col 15]              [Col 16]
[Row   1]               0.0000               0.0000               0.0000               0.0000               0.0169               0.1268
[Row   2]               0.0000               0.0000               0.0000               0.0000               0.2377               0.5502
[Row   3]               0.0000               0.0000               0.0000               0.0000               0.0000               0.0000
[Row   4]               0.0000               0.0000               0.0000               0.0000               0.0000               0.0000
[Row   5]               0.0000               0.0000               0.0000               0.0000              -0.3491              -0.6351
[Row   6]               0.0000               0.0000               0.0000               0.0000               0.1946               0.5116
[Row   7]              -0.0000               0.0000               0.0000               0.0000               0.0000               0.0000
[Row   8]               0.0000              -0.0000               0.0000               0.0000               0.0000               0.0000
[Row   9]               0.0000               0.0000               0.0000               0.0000              -0.2174              -0.4917
[Row  10]               0.0000               0.0000               0.0000               0.0000               0.4362               0.3718
[Row  11]               1.0000               0.0000               0.0000               0.0000               0.0000               0.0000
[Row  12]               0.0000               1.0000               0.0000               0.0000               0.0000               0.0000
[Row  13]               0.0000               0.0000               1.0000               0.0000              -0.0000               0.0000
[Row  14]               0.0000               0.0000               0.0000               1.0000               0.0000               0.0000
[Row  15]               0.0000               0.0000              -0.0000               0.0000               1.0000               0.6583
[Row  16]               0.0000               0.0000               0.0000               0.0000               0.6583               1.0000
