molecule mol11.xyz
System:, atNum: 8 coords [              0.0000               0.0000               0.2254]
System:, atNum: 1 coords [              0.0000               1.4423              -0.9015]
System:, atNum: 1 coords [              0.0000              -1.4423              -0.9015]
===== Original AO-S matrix =====

                  [Col  1]              [Col  2]              [Col  3]              [Col  4]              [Col  5]              [Col  6]              [Col  7]              [Col  8]              [Col  9]              [Col 10]
[Row   1]               1.0000               0.2337               0.0000               0.0000               0.0000               0.1673               0.0000               0.0000               0.0000               0.0000
[Row   2]               0.2337               1.0000              -0.0000               0.0000               0.0000               0.7636               0.0000               0.0000               0.0000               0.0000
[Row   3]               0.0000              -0.0000               1.0000               0.0000               0.0000              -0.0000               0.5015               0.0000               0.0000               0.0000
[Row   4]               0.0000               0.0000               0.0000               1.0000               0.0000               0.0000               0.0000               0.5015               0.0000               0.0000
[Row   5]               0.0000               0.0000               0.0000               0.0000               1.0000               0.0000               0.0000               0.0000               0.5015               0.0000
[Row   6]               0.1673               0.7636              -0.0000               0.0000               0.0000               1.0000               0.0000               0.0000               0.0000               0.0000
[Row   7]               0.0000               0.0000               0.5015               0.0000               0.0000               0.0000               1.0000               0.0000               0.0000               0.0000
[Row   8]               0.0000               0.0000               0.0000               0.5015               0.0000               0.0000               0.0000               1.0000               0.0000               0.0000
[Row   9]               0.0000               0.0000               0.0000               0.0000               0.5015               0.0000               0.0000               0.0000               1.0000               0.0000
[Row  10]               0.0000               0.0000               0.0000               0.0000               0.0000               0.0000               0.0000               0.0000               0.0000               1.0000
[Row  11]               0.0000               0.0000               0.0000               0.0000               0.0000               0.0000               0.0000               0.0000               0.0000               0.0000
[Row  12]               0.0000               0.0000               0.0000               0.0000               0.0000               0.0000               0.0000               0.0000               0.0000               0.0000
[Row  13]               0.0000               0.0000               0.0000               0.0000               0.0000               0.0000               0.0000               0.0000               0.0000               0.0000
[Row  14]               0.0000               0.0000               0.0000               0.0000               0.0000               0.0000               0.0000               0.0000               0.0000               0.0000
[Row  15]               0.0334               0.2414              -0.1731               0.0000               0.2216               0.4213              -0.3582               0.0000               0.4585               0.0264
[Row  16]               0.0682               0.3764              -0.0911               0.0000               0.1165               0.6788              -0.2972               0.0000               0.3805               0.0049
[Row  17]               0.0334               0.2414              -0.1731               0.0000              -0.2216               0.4213              -0.3582               0.0000              -0.4585               0.0264
[Row  18]               0.0682               0.3764              -0.0911               0.0000              -0.1165               0.6788              -0.2972               0.0000              -0.3805               0.0049
                  [Col 11]              [Col 12]              [Col 13]              [Col 14]              [Col 15]              [Col 16]              [Col 17]              [Col 18]
[Row   1]               0.0000               0.0000               0.0000               0.0000               0.0334               0.0682               0.0334               0.0682
[Row   2]               0.0000               0.0000               0.0000               0.0000               0.2414               0.3764               0.2414               0.3764
[Row   3]               0.0000               0.0000               0.0000               0.0000              -0.1731              -0.0911              -0.1731              -0.0911
[Row   4]               0.0000               0.0000               0.0000               0.0000               0.0000               0.0000               0.0000               0.0000
[Row   5]               0.0000               0.0000               0.0000               0.0000               0.2216               0.1165              -0.2216              -0.1165
[Row   6]               0.0000               0.0000               0.0000               0.0000               0.4213               0.6788               0.4213               0.6788
[Row   7]               0.0000               0.0000               0.0000               0.0000              -0.3582              -0.2972              -0.3582              -0.2972
[Row   8]               0.0000               0.0000               0.0000               0.0000               0.0000               0.0000               0.0000               0.0000
[Row   9]               0.0000               0.0000               0.0000               0.0000               0.4585               0.3805              -0.4585              -0.3805
[Row  10]               0.0000               0.0000               0.0000               0.0000               0.0264               0.0049               0.0264               0.0049
[Row  11]               1.0000               0.0000               0.0000               0.0000               0.0000               0.0000               0.0000               0.0000
[Row  12]               0.0000               1.0000               0.0000               0.0000              -0.3241              -0.0603               0.3241               0.0603
[Row  13]               0.0000               0.0000               1.0000               0.0000              -0.2074              -0.0386              -0.2074              -0.0386
[Row  14]               0.0000               0.0000               0.0000               1.0000               0.0000               0.0000               0.0000               0.0000
[Row  15]               0.0000              -0.3241              -0.2074               0.0000               1.0000               0.6583               0.0496               0.2208
[Row  16]               0.0000              -0.0603              -0.0386               0.0000               0.6583               1.0000               0.2208               0.5112
[Row  17]               0.0000               0.3241              -0.2074               0.0000               0.0496               0.2208               1.0000               0.6583
[Row  18]               0.0000               0.0603              -0.0386               0.0000               0.2208               0.5112               0.6583               1.0000
nbas 18
 ===== CA ===== 

                  [Col  1]              [Col  2]              [Col  3]              [Col  4]              [Col  5]              [Col  6]              [Col  7]              [Col  8]              [Col  9]              [Col 10]
[Row   1]               0.9958               0.2142               0.0000               0.0700              -0.0000               0.0858              -0.0000               0.0000               0.0639               0.0000
[Row   2]               0.0219              -0.4690              -0.0000              -0.1714               0.0000              -0.1025               0.0000              -0.0000              -0.3114              -0.0000
[Row   3]              -0.0016               0.0897              -0.0000              -0.5529               0.0000               0.2230              -0.0000               0.0000               0.3628              -0.0000
[Row   4]               0.0000               0.0000              -0.0000               0.0000               0.6395               0.0000               0.0000              -0.0000              -0.0000               0.9628
[Row   5]               0.0000               0.0000               0.5055              -0.0000               0.0000               0.0000               0.3331               0.1064              -0.0000               0.0000
[Row   6]              -0.0081              -0.4965               0.0000              -0.2811               0.0000              -1.1760               0.0000               0.0000               0.1273               0.0000
[Row   7]               0.0018               0.0574              -0.0000              -0.4077               0.0000               0.4911              -0.0000              -0.0000               0.1687               0.0000
[Row   8]              -0.0000              -0.0000               0.0000               0.0000               0.5116               0.0000              -0.0000               0.0000               0.0000              -1.0360
[Row   9]              -0.0000               0.0000               0.3095              -0.0000               0.0000               0.0000               0.8272               0.6126               0.0000              -0.0000
[Row  10]              -0.0000              -0.0061               0.0000               0.0346              -0.0000              -0.0136               0.0000               0.0000              -0.0161              -0.0000
[Row  11]               0.0000               0.0000               0.0000              -0.0000              -0.0335               0.0000              -0.0000              -0.0000               0.0000               0.0150
[Row  12]               0.0000               0.0000              -0.0513               0.0000              -0.0000              -0.0000              -0.0218               0.1984              -0.0000               0.0000
[Row  13]               0.0003               0.0161               0.0000              -0.0072               0.0000               0.0082               0.0000               0.0000              -0.2181              -0.0000
[Row  14]               0.0000               0.0000              -0.0000              -0.0000              -0.0000              -0.0000               0.0000              -0.0000               0.0000              -0.0000
[Row  15]               0.0003              -0.1284               0.2295               0.1423              -0.0000               0.0580              -0.0533              -0.8389               0.8737               0.0000
[Row  16]               0.0019               0.0076               0.1140               0.0798              -0.0000               0.9907              -1.3718               0.4987              -0.4932               0.0000
[Row  17]               0.0003              -0.1284              -0.2295               0.1423              -0.0000               0.0580               0.0533               0.8389               0.8737               0.0000
[Row  18]               0.0019               0.0076              -0.1140               0.0798              -0.0000               0.9907               1.3718              -0.4987              -0.4932              -0.0000
                  [Col 11]              [Col 12]              [Col 13]              [Col 14]              [Col 15]              [Col 16]              [Col 17]              [Col 18]
[Row   1]               0.0461               0.0000               0.0650              -0.0008              -0.0000               0.0000               0.0187              -0.0000
[Row   2]              -0.3700              -0.0000              -1.5977               0.1153               0.0000               0.0000               0.5717               0.0000
[Row   3]              -0.9035               0.0000               0.2475              -0.0082              -0.0000               0.0000              -0.0527              -0.0000
[Row   4]              -0.0000              -0.0000               0.0000              -0.0000               0.0000               0.0070               0.0000               0.0000
[Row   5]               0.0000               1.0344              -0.0000               0.0000              -0.0000              -0.0000               0.0000               0.0307
[Row   6]               0.1044               0.0000               2.4835              -0.2234              -0.0000              -0.0000              -1.3462              -0.0000
[Row   7]               1.1421              -0.0000              -0.7203               0.1336               0.0000               0.0000               0.7211               0.0000
[Row   8]               0.0000               0.0000              -0.0000              -0.0000               0.0000               0.0327               0.0000               0.0000
[Row   9]              -0.0000              -1.5349               0.0000              -0.0000              -0.0000               0.0000              -0.0000              -0.8377
[Row  10]              -0.0224               0.0000               0.0440               0.9869               0.0000               0.0000              -0.1625              -0.0000
[Row  11]               0.0000               0.0000              -0.0000              -0.0000               0.0000               0.9993               0.0000               0.0000
[Row  12]               0.0000               0.0089              -0.0000               0.0000               0.0000              -0.0000              -0.0000               1.2714
[Row  13]              -0.0471               0.0000               0.2545               0.1252               0.0000               0.0000               1.0692               0.0000
[Row  14]              -0.0000               0.0000               0.0000              -0.0000               1.0000              -0.0000              -0.0000              -0.0000
[Row  15]               0.1693              -0.0855              -0.2107               0.0763               0.0000              -0.0000               0.8325               0.9293
[Row  16]               0.1002               0.8905              -0.6284               0.0420               0.0000              -0.0000               0.1165              -0.0486
[Row  17]               0.1693               0.0855              -0.2107               0.0763               0.0000               0.0000               0.8325              -0.9293
[Row  18]               0.1002              -0.8905              -0.6284               0.0420               0.0000               0.0000               0.1165               0.0486
 ===== CB ===== 

                  [Col  1]              [Col  2]              [Col  3]              [Col  4]              [Col  5]              [Col  6]              [Col  7]              [Col  8]              [Col  9]              [Col 10]
[Row   1]               0.9958               0.2142               0.0000               0.0700              -0.0000               0.0858              -0.0000               0.0000               0.0639               0.0000
[Row   2]               0.0219              -0.4690              -0.0000              -0.1714               0.0000              -0.1025               0.0000              -0.0000              -0.3114              -0.0000
[Row   3]              -0.0016               0.0897              -0.0000              -0.5529               0.0000               0.2230              -0.0000               0.0000               0.3628              -0.0000
[Row   4]               0.0000               0.0000              -0.0000               0.0000               0.6395               0.0000               0.0000              -0.0000              -0.0000               0.9628
[Row   5]               0.0000               0.0000               0.5055              -0.0000               0.0000               0.0000               0.3331               0.1064              -0.0000               0.0000
[Row   6]              -0.0081              -0.4965               0.0000              -0.2811               0.0000              -1.1760               0.0000               0.0000               0.1273               0.0000
[Row   7]               0.0018               0.0574              -0.0000              -0.4077               0.0000               0.4911              -0.0000              -0.0000               0.1687               0.0000
[Row   8]              -0.0000              -0.0000               0.0000               0.0000               0.5116               0.0000              -0.0000               0.0000               0.0000              -1.0360
[Row   9]              -0.0000               0.0000               0.3095              -0.0000               0.0000               0.0000               0.8272               0.6126               0.0000              -0.0000
[Row  10]              -0.0000              -0.0061               0.0000               0.0346              -0.0000              -0.0136               0.0000               0.0000              -0.0161              -0.0000
[Row  11]               0.0000               0.0000               0.0000              -0.0000              -0.0335               0.0000              -0.0000              -0.0000               0.0000               0.0150
[Row  12]               0.0000               0.0000              -0.0513               0.0000              -0.0000              -0.0000              -0.0218               0.1984              -0.0000               0.0000
[Row  13]               0.0003               0.0161               0.0000              -0.0072               0.0000               0.0082               0.0000               0.0000              -0.2181              -0.0000
[Row  14]               0.0000               0.0000              -0.0000              -0.0000              -0.0000              -0.0000               0.0000              -0.0000               0.0000              -0.0000
[Row  15]               0.0003              -0.1284               0.2295               0.1423              -0.0000               0.0580              -0.0533              -0.8389               0.8737               0.0000
[Row  16]               0.0019               0.0076               0.1140               0.0798              -0.0000               0.9907              -1.3718               0.4987              -0.4932               0.0000
[Row  17]               0.0003              -0.1284              -0.2295               0.1423              -0.0000               0.0580               0.0533               0.8389               0.8737               0.0000
[Row  18]               0.0019               0.0076              -0.1140               0.0798              -0.0000               0.9907               1.3718              -0.4987              -0.4932              -0.0000
                  [Col 11]              [Col 12]              [Col 13]              [Col 14]              [Col 15]              [Col 16]              [Col 17]              [Col 18]
[Row   1]               0.0461               0.0000               0.0650              -0.0008              -0.0000               0.0000               0.0187              -0.0000
[Row   2]              -0.3700              -0.0000              -1.5977               0.1153               0.0000               0.0000               0.5717               0.0000
[Row   3]              -0.9035               0.0000               0.2475              -0.0082              -0.0000               0.0000              -0.0527              -0.0000
[Row   4]              -0.0000              -0.0000               0.0000              -0.0000               0.0000               0.0070               0.0000               0.0000
[Row   5]               0.0000               1.0344              -0.0000               0.0000              -0.0000              -0.0000               0.0000               0.0307
[Row   6]               0.1044               0.0000               2.4835              -0.2234              -0.0000              -0.0000              -1.3462              -0.0000
[Row   7]               1.1421              -0.0000              -0.7203               0.1336               0.0000               0.0000               0.7211               0.0000
[Row   8]               0.0000               0.0000              -0.0000              -0.0000               0.0000               0.0327               0.0000               0.0000
[Row   9]              -0.0000              -1.5349               0.0000              -0.0000              -0.0000               0.0000              -0.0000              -0.8377
[Row  10]              -0.0224               0.0000               0.0440               0.9869               0.0000               0.0000              -0.1625              -0.0000
[Row  11]               0.0000               0.0000              -0.0000              -0.0000               0.0000               0.9993               0.0000               0.0000
[Row  12]               0.0000               0.0089              -0.0000               0.0000               0.0000              -0.0000              -0.0000               1.2714
[Row  13]              -0.0471               0.0000               0.2545               0.1252               0.0000               0.0000               1.0692               0.0000
[Row  14]              -0.0000               0.0000               0.0000              -0.0000               1.0000              -0.0000              -0.0000              -0.0000
[Row  15]               0.1693              -0.0855              -0.2107               0.0763               0.0000              -0.0000               0.8325               0.9293
[Row  16]               0.1002               0.8905              -0.6284               0.0420               0.0000              -0.0000               0.1165              -0.0486
[Row  17]               0.1693               0.0855              -0.2107               0.0763               0.0000               0.0000               0.8325              -0.9293
[Row  18]               0.1002              -0.8905              -0.6284               0.0420               0.0000               0.0000               0.1165               0.0486
 ===== P_psi ===== Dalpha+Dbeta 

                  [Col  1]              [Col  2]              [Col  3]              [Col  4]              [Col  5]              [Col  6]              [Col  7]              [Col  8]              [Col  9]              [Col 10]
[Row   1]               2.0848              -0.1812              -0.0422               0.0000               0.0000              -0.2681              -0.0288              -0.0000              -0.0000               0.0022
[Row   2]              -0.1812               0.4997               0.1053              -0.0000              -0.0000               0.5618               0.0860               0.0000              -0.0000              -0.0062
[Row   3]              -0.0422               0.1053               0.6276              -0.0000               0.0000               0.2218               0.4612              -0.0000              -0.0000              -0.0394
[Row   4]               0.0000              -0.0000              -0.0000               0.8180               0.0000               0.0000              -0.0000               0.6543               0.0000               0.0000
[Row   5]               0.0000              -0.0000               0.0000               0.0000               0.5111               0.0000               0.0000               0.0000               0.3129              -0.0000
[Row   6]              -0.2681               0.5618               0.2218               0.0000               0.0000               0.6512               0.1722               0.0000               0.0000              -0.0134
[Row   7]              -0.0288               0.0860               0.4612              -0.0000               0.0000               0.1722               0.3390              -0.0000              -0.0000              -0.0289
[Row   8]              -0.0000               0.0000              -0.0000               0.6543               0.0000               0.0000              -0.0000               0.5235               0.0000               0.0000
[Row   9]              -0.0000              -0.0000              -0.0000               0.0000               0.3129               0.0000              -0.0000               0.0000               0.1916               0.0000
[Row  10]               0.0022              -0.0062              -0.0394               0.0000              -0.0000              -0.0134              -0.0289               0.0000               0.0000               0.0025
[Row  11]               0.0000               0.0000               0.0000              -0.0428               0.0000              -0.0000               0.0000              -0.0343               0.0000              -0.0000
[Row  12]               0.0000              -0.0000               0.0000              -0.0000              -0.0518              -0.0000               0.0000              -0.0000              -0.0317              -0.0000
[Row  13]               0.0065              -0.0126               0.0109               0.0000               0.0000              -0.0120               0.0077               0.0000               0.0000              -0.0007
[Row  14]               0.0000              -0.0000               0.0000              -0.0000              -0.0000              -0.0000               0.0000              -0.0000              -0.0000              -0.0000
[Row  15]              -0.0345               0.0717              -0.1804              -0.0000               0.2321               0.0475              -0.1308              -0.0000               0.1421               0.0114
[Row  16]               0.0182              -0.0344              -0.0869              -0.0000               0.1153              -0.0524              -0.0642              -0.0000               0.0706               0.0054
[Row  17]              -0.0345               0.0717              -0.1804              -0.0000              -0.2321               0.0475              -0.1308              -0.0000              -0.1421               0.0114
[Row  18]               0.0182              -0.0344              -0.0869              -0.0000              -0.1153              -0.0524              -0.0642              -0.0000              -0.0706               0.0054
                  [Col 11]              [Col 12]              [Col 13]              [Col 14]              [Col 15]              [Col 16]              [Col 17]              [Col 18]
[Row   1]               0.0000               0.0000               0.0065               0.0000              -0.0345               0.0182              -0.0345               0.0182
[Row   2]               0.0000              -0.0000              -0.0126              -0.0000               0.0717              -0.0344               0.0717              -0.0344
[Row   3]               0.0000               0.0000               0.0109               0.0000              -0.1804              -0.0869              -0.1804              -0.0869
[Row   4]              -0.0428              -0.0000               0.0000              -0.0000              -0.0000              -0.0000              -0.0000              -0.0000
[Row   5]               0.0000              -0.0518               0.0000              -0.0000               0.2321               0.1153              -0.2321              -0.1153
[Row   6]              -0.0000              -0.0000              -0.0120              -0.0000               0.0475              -0.0524               0.0475              -0.0524
[Row   7]               0.0000               0.0000               0.0077               0.0000              -0.1308              -0.0642              -0.1308              -0.0642
[Row   8]              -0.0343              -0.0000               0.0000              -0.0000              -0.0000              -0.0000              -0.0000              -0.0000
[Row   9]               0.0000              -0.0317               0.0000              -0.0000               0.1421               0.0706              -0.1421              -0.0706
[Row  10]              -0.0000              -0.0000              -0.0007              -0.0000               0.0114               0.0054               0.0114               0.0054
[Row  11]               0.0022              -0.0000              -0.0000               0.0000               0.0000               0.0000              -0.0000              -0.0000
[Row  12]              -0.0000               0.0053               0.0000               0.0000              -0.0235              -0.0117               0.0235               0.0117
[Row  13]              -0.0000               0.0000               0.0006               0.0000              -0.0062              -0.0009              -0.0062              -0.0009
[Row  14]               0.0000               0.0000               0.0000               0.0000              -0.0000              -0.0000               0.0000               0.0000
[Row  15]               0.0000              -0.0235              -0.0062              -0.0000               0.1788               0.0731              -0.0319              -0.0316
[Row  16]               0.0000              -0.0117              -0.0009              -0.0000               0.0731               0.0389              -0.0316              -0.0131
[Row  17]              -0.0000               0.0235              -0.0062               0.0000              -0.0319              -0.0316               0.1788               0.0731
[Row  18]              -0.0000               0.0117              -0.0009               0.0000              -0.0316              -0.0131               0.0731               0.0389
===== P_mu,nu local =====

                  [Col  1]              [Col  2]              [Col  3]              [Col  4]              [Col  5]              [Col  6]              [Col  7]              [Col  8]              [Col  9]              [Col 10]
[Row   1]               2.0848              -0.1812              -0.0422               0.0000               0.0000              -0.2681              -0.0288              -0.0000              -0.0000               0.0022
[Row   2]              -0.1812               0.4997               0.1053              -0.0000              -0.0000               0.5618               0.0860               0.0000              -0.0000              -0.0062
[Row   3]              -0.0422               0.1053               0.6276              -0.0000               0.0000               0.2218               0.4612              -0.0000              -0.0000              -0.0394
[Row   4]               0.0000              -0.0000              -0.0000               0.8180               0.0000               0.0000              -0.0000               0.6543               0.0000               0.0000
[Row   5]               0.0000              -0.0000               0.0000               0.0000               0.5111               0.0000               0.0000               0.0000               0.3129              -0.0000
[Row   6]              -0.2681               0.5618               0.2218               0.0000               0.0000               0.6512               0.1722               0.0000               0.0000              -0.0134
[Row   7]              -0.0288               0.0860               0.4612              -0.0000               0.0000               0.1722               0.3390              -0.0000              -0.0000              -0.0289
[Row   8]              -0.0000               0.0000              -0.0000               0.6543               0.0000               0.0000              -0.0000               0.5235               0.0000               0.0000
[Row   9]              -0.0000              -0.0000              -0.0000               0.0000               0.3129               0.0000              -0.0000               0.0000               0.1916               0.0000
[Row  10]               0.0022              -0.0062              -0.0394               0.0000              -0.0000              -0.0134              -0.0289               0.0000               0.0000               0.0025
[Row  11]               0.0000               0.0000               0.0000              -0.0428               0.0000              -0.0000               0.0000              -0.0343               0.0000              -0.0000
[Row  12]               0.0000              -0.0000               0.0000              -0.0000              -0.0518              -0.0000               0.0000              -0.0000              -0.0317              -0.0000
[Row  13]               0.0065              -0.0126               0.0109               0.0000               0.0000              -0.0120               0.0077               0.0000               0.0000              -0.0007
[Row  14]               0.0000              -0.0000               0.0000              -0.0000              -0.0000              -0.0000               0.0000              -0.0000              -0.0000              -0.0000
[Row  15]              -0.0345               0.0717              -0.1804              -0.0000               0.2321               0.0475              -0.1308              -0.0000               0.1421               0.0114
[Row  16]               0.0182              -0.0344              -0.0869              -0.0000               0.1153              -0.0524              -0.0642              -0.0000               0.0706               0.0054
[Row  17]              -0.0345               0.0717              -0.1804              -0.0000              -0.2321               0.0475              -0.1308              -0.0000              -0.1421               0.0114
[Row  18]               0.0182              -0.0344              -0.0869              -0.0000              -0.1153              -0.0524              -0.0642              -0.0000              -0.0706               0.0054
                  [Col 11]              [Col 12]              [Col 13]              [Col 14]              [Col 15]              [Col 16]              [Col 17]              [Col 18]
[Row   1]               0.0000               0.0000               0.0065               0.0000              -0.0345               0.0182              -0.0345               0.0182
[Row   2]               0.0000              -0.0000              -0.0126              -0.0000               0.0717              -0.0344               0.0717              -0.0344
[Row   3]               0.0000               0.0000               0.0109               0.0000              -0.1804              -0.0869              -0.1804              -0.0869
[Row   4]              -0.0428              -0.0000               0.0000              -0.0000              -0.0000              -0.0000              -0.0000              -0.0000
[Row   5]               0.0000              -0.0518               0.0000              -0.0000               0.2321               0.1153              -0.2321              -0.1153
[Row   6]              -0.0000              -0.0000              -0.0120              -0.0000               0.0475              -0.0524               0.0475              -0.0524
[Row   7]               0.0000               0.0000               0.0077               0.0000              -0.1308              -0.0642              -0.1308              -0.0642
[Row   8]              -0.0343              -0.0000               0.0000              -0.0000              -0.0000              -0.0000              -0.0000              -0.0000
[Row   9]               0.0000              -0.0317               0.0000              -0.0000               0.1421               0.0706              -0.1421              -0.0706
[Row  10]              -0.0000              -0.0000              -0.0007              -0.0000               0.0114               0.0054               0.0114               0.0054
[Row  11]               0.0022              -0.0000              -0.0000               0.0000               0.0000               0.0000              -0.0000              -0.0000
[Row  12]              -0.0000               0.0053               0.0000               0.0000              -0.0235              -0.0117               0.0235               0.0117
[Row  13]              -0.0000               0.0000               0.0006               0.0000              -0.0062              -0.0009              -0.0062              -0.0009
[Row  14]               0.0000               0.0000               0.0000               0.0000              -0.0000              -0.0000               0.0000               0.0000
[Row  15]               0.0000              -0.0235              -0.0062              -0.0000               0.1788               0.0731              -0.0319              -0.0316
[Row  16]               0.0000              -0.0117              -0.0009              -0.0000               0.0731               0.0389              -0.0316              -0.0131
[Row  17]              -0.0000               0.0235              -0.0062               0.0000              -0.0319              -0.0316               0.1788               0.0731
[Row  18]              -0.0000               0.0117              -0.0009               0.0000              -0.0316              -0.0131               0.0731               0.0389
===== P_mu,nu psi4 =====

                  [Col  1]              [Col  2]              [Col  3]              [Col  4]              [Col  5]              [Col  6]              [Col  7]              [Col  8]              [Col  9]              [Col 10]
[Row   1]               2.0848              -0.1812              -0.0422               0.0000               0.0000              -0.2681              -0.0288              -0.0000              -0.0000               0.0022
[Row   2]              -0.1812               0.4997               0.1053              -0.0000              -0.0000               0.5618               0.0860               0.0000              -0.0000              -0.0062
[Row   3]              -0.0422               0.1053               0.6276              -0.0000               0.0000               0.2218               0.4612              -0.0000              -0.0000              -0.0394
[Row   4]               0.0000              -0.0000              -0.0000               0.8180               0.0000               0.0000              -0.0000               0.6543               0.0000               0.0000
[Row   5]               0.0000              -0.0000               0.0000               0.0000               0.5111               0.0000               0.0000               0.0000               0.3129              -0.0000
[Row   6]              -0.2681               0.5618               0.2218               0.0000               0.0000               0.6512               0.1722               0.0000               0.0000              -0.0134
[Row   7]              -0.0288               0.0860               0.4612              -0.0000               0.0000               0.1722               0.3390              -0.0000              -0.0000              -0.0289
[Row   8]              -0.0000               0.0000              -0.0000               0.6543               0.0000               0.0000              -0.0000               0.5235               0.0000               0.0000
[Row   9]              -0.0000              -0.0000              -0.0000               0.0000               0.3129               0.0000              -0.0000               0.0000               0.1916               0.0000
[Row  10]               0.0022              -0.0062              -0.0394               0.0000              -0.0000              -0.0134              -0.0289               0.0000               0.0000               0.0025
[Row  11]               0.0000               0.0000               0.0000              -0.0428               0.0000              -0.0000               0.0000              -0.0343               0.0000              -0.0000
[Row  12]               0.0000              -0.0000               0.0000              -0.0000              -0.0518              -0.0000               0.0000              -0.0000              -0.0317              -0.0000
[Row  13]               0.0065              -0.0126               0.0109               0.0000               0.0000              -0.0120               0.0077               0.0000               0.0000              -0.0007
[Row  14]               0.0000              -0.0000               0.0000              -0.0000              -0.0000              -0.0000               0.0000              -0.0000              -0.0000              -0.0000
[Row  15]              -0.0345               0.0717              -0.1804              -0.0000               0.2321               0.0475              -0.1308              -0.0000               0.1421               0.0114
[Row  16]               0.0182              -0.0344              -0.0869              -0.0000               0.1153              -0.0524              -0.0642              -0.0000               0.0706               0.0054
[Row  17]              -0.0345               0.0717              -0.1804              -0.0000              -0.2321               0.0475              -0.1308              -0.0000              -0.1421               0.0114
[Row  18]               0.0182              -0.0344              -0.0869              -0.0000              -0.1153              -0.0524              -0.0642              -0.0000              -0.0706               0.0054
                  [Col 11]              [Col 12]              [Col 13]              [Col 14]              [Col 15]              [Col 16]              [Col 17]              [Col 18]
[Row   1]               0.0000               0.0000               0.0065               0.0000              -0.0345               0.0182              -0.0345               0.0182
[Row   2]               0.0000              -0.0000              -0.0126              -0.0000               0.0717              -0.0344               0.0717              -0.0344
[Row   3]               0.0000               0.0000               0.0109               0.0000              -0.1804              -0.0869              -0.1804              -0.0869
[Row   4]              -0.0428              -0.0000               0.0000              -0.0000              -0.0000              -0.0000              -0.0000              -0.0000
[Row   5]               0.0000              -0.0518               0.0000              -0.0000               0.2321               0.1153              -0.2321              -0.1153
[Row   6]              -0.0000              -0.0000              -0.0120              -0.0000               0.0475              -0.0524               0.0475              -0.0524
[Row   7]               0.0000               0.0000               0.0077               0.0000              -0.1308              -0.0642              -0.1308              -0.0642
[Row   8]              -0.0343              -0.0000               0.0000              -0.0000              -0.0000              -0.0000              -0.0000              -0.0000
[Row   9]               0.0000              -0.0317               0.0000              -0.0000               0.1421               0.0706              -0.1421              -0.0706
[Row  10]              -0.0000              -0.0000              -0.0007              -0.0000               0.0114               0.0054               0.0114               0.0054
[Row  11]               0.0022              -0.0000              -0.0000               0.0000               0.0000               0.0000              -0.0000              -0.0000
[Row  12]              -0.0000               0.0053               0.0000               0.0000              -0.0235              -0.0117               0.0235               0.0117
[Row  13]              -0.0000               0.0000               0.0006               0.0000              -0.0062              -0.0009              -0.0062              -0.0009
[Row  14]               0.0000               0.0000               0.0000               0.0000              -0.0000              -0.0000               0.0000               0.0000
[Row  15]               0.0000              -0.0235              -0.0062              -0.0000               0.1788               0.0731              -0.0319              -0.0316
[Row  16]               0.0000              -0.0117              -0.0009              -0.0000               0.0731               0.0389              -0.0316              -0.0131
[Row  17]              -0.0000               0.0235              -0.0062               0.0000              -0.0319              -0.0316               0.1788               0.0731
[Row  18]              -0.0000               0.0117              -0.0009               0.0000              -0.0316              -0.0131               0.0731               0.0389
====== P^(AO) = SPS =====

                  [Col  1]              [Col  2]              [Col  3]              [Col  4]              [Col  5]              [Col  6]              [Col  7]              [Col  8]              [Col  9]              [Col 10]
[Row   1]               1.9998               0.4746              -0.0032               0.0000               0.0000               0.3294              -0.0009              -0.0000              -0.0000              -0.0001
[Row   2]               0.4746               1.7011               0.1190               0.0000              -0.0000               1.7385               0.0774               0.0000              -0.0000               0.0012
[Row   3]              -0.0032               0.1190               1.4010              -0.0000              -0.0000              -0.0141               1.4318              -0.0000              -0.0000              -0.0747
[Row   4]               0.0000               0.0000              -0.0000               1.6060               0.0000               0.0000              -0.0000               1.4917              -0.0000               0.0000
[Row   5]               0.0000              -0.0000              -0.0000               0.0000               1.2452              -0.0000               0.0000               0.0000               1.3577              -0.0000
[Row   6]               0.3294               1.7385              -0.0141               0.0000              -0.0000               1.8035              -0.0612               0.0000               0.0000               0.0087
[Row   7]              -0.0009               0.0774               1.4318              -0.0000               0.0000              -0.0612               1.4646              -0.0000               0.0000              -0.0765
[Row   8]              -0.0000               0.0000              -0.0000               1.4917               0.0000               0.0000              -0.0000               1.3855               0.0000               0.0000
[Row   9]              -0.0000              -0.0000              -0.0000              -0.0000               1.3577               0.0000              -0.0000               0.0000               1.4802               0.0000
[Row  10]              -0.0001               0.0012              -0.0747               0.0000              -0.0000               0.0087              -0.0765               0.0000               0.0000               0.0040
[Row  11]               0.0000               0.0000               0.0000              -0.0600               0.0000               0.0000               0.0000              -0.0558               0.0000              -0.0000
[Row  12]               0.0000               0.0000               0.0000              -0.0000              -0.3374               0.0000               0.0000              -0.0000              -0.3679              -0.0000
[Row  13]               0.0015              -0.0827               0.1411               0.0000              -0.0000              -0.1012               0.1469               0.0000              -0.0000              -0.0080
[Row  14]               0.0000              -0.0000               0.0000              -0.0000              -0.0000              -0.0000               0.0000              -0.0000              -0.0000              -0.0000
[Row  15]               0.0620               0.6960              -0.6591              -0.0000               0.8499               0.7931              -0.6945               0.0000               0.9267               0.0387
[Row  16]               0.1304               1.0263              -0.4771              -0.0000               0.5301               1.1169              -0.5168              -0.0000               0.5780               0.0304
[Row  17]               0.0620               0.6960              -0.6591              -0.0000              -0.8499               0.7931              -0.6945              -0.0000              -0.9267               0.0387
[Row  18]               0.1304               1.0263              -0.4771              -0.0000              -0.5301               1.1169              -0.5168              -0.0000              -0.5780               0.0304
                  [Col 11]              [Col 12]              [Col 13]              [Col 14]              [Col 15]              [Col 16]              [Col 17]              [Col 18]
[Row   1]               0.0000               0.0000               0.0015               0.0000               0.0620               0.1304               0.0620               0.1304
[Row   2]               0.0000               0.0000              -0.0827              -0.0000               0.6960               1.0263               0.6960               1.0263
[Row   3]               0.0000               0.0000               0.1411               0.0000              -0.6591              -0.4771              -0.6591              -0.4771
[Row   4]              -0.0600              -0.0000               0.0000              -0.0000              -0.0000              -0.0000              -0.0000              -0.0000
[Row   5]               0.0000              -0.3374              -0.0000              -0.0000               0.8499               0.5301              -0.8499              -0.5301
[Row   6]               0.0000               0.0000              -0.1012              -0.0000               0.7931               1.1169               0.7931               1.1169
[Row   7]               0.0000               0.0000               0.1469               0.0000              -0.6945              -0.5168              -0.6945              -0.5168
[Row   8]              -0.0558              -0.0000               0.0000              -0.0000               0.0000              -0.0000              -0.0000              -0.0000
[Row   9]               0.0000              -0.3679              -0.0000              -0.0000               0.9267               0.5780              -0.9267              -0.5780
[Row  10]              -0.0000              -0.0000              -0.0080              -0.0000               0.0387               0.0304               0.0387               0.0304
[Row  11]               0.0022              -0.0000              -0.0000               0.0000               0.0000               0.0000              -0.0000              -0.0000
[Row  12]              -0.0000               0.0914               0.0000               0.0000              -0.2303              -0.1437               0.2303               0.1437
[Row  13]              -0.0000               0.0000               0.0199               0.0000              -0.1108              -0.1104              -0.1108              -0.1104
[Row  14]               0.0000               0.0000               0.0000               0.0000              -0.0000              -0.0000               0.0000              -0.0000
[Row  15]               0.0000              -0.2303              -0.1108              -0.0000               1.2368               1.0745               0.0766               0.3508
[Row  16]               0.0000              -0.1437              -0.1104              -0.0000               1.0745               1.0768               0.3508               0.6254
[Row  17]              -0.0000               0.2303              -0.1108               0.0000               0.0766               0.3508               1.2368               1.0745
[Row  18]              -0.0000               0.1437              -0.1104              -0.0000               0.3508               0.6254               1.0745               1.0768
====== S^(AO) = S =====

                  [Col  1]              [Col  2]              [Col  3]              [Col  4]              [Col  5]              [Col  6]              [Col  7]              [Col  8]              [Col  9]              [Col 10]
[Row   1]               1.0000               0.2337               0.0000               0.0000               0.0000               0.1673               0.0000               0.0000               0.0000               0.0000
[Row   2]               0.2337               1.0000              -0.0000               0.0000               0.0000               0.7636               0.0000               0.0000               0.0000               0.0000
[Row   3]               0.0000              -0.0000               1.0000               0.0000               0.0000              -0.0000               0.5015               0.0000               0.0000               0.0000
[Row   4]               0.0000               0.0000               0.0000               1.0000               0.0000               0.0000               0.0000               0.5015               0.0000               0.0000
[Row   5]               0.0000               0.0000               0.0000               0.0000               1.0000               0.0000               0.0000               0.0000               0.5015               0.0000
[Row   6]               0.1673               0.7636              -0.0000               0.0000               0.0000               1.0000               0.0000               0.0000               0.0000               0.0000
[Row   7]               0.0000               0.0000               0.5015               0.0000               0.0000               0.0000               1.0000               0.0000               0.0000               0.0000
[Row   8]               0.0000               0.0000               0.0000               0.5015               0.0000               0.0000               0.0000               1.0000               0.0000               0.0000
[Row   9]               0.0000               0.0000               0.0000               0.0000               0.5015               0.0000               0.0000               0.0000               1.0000               0.0000
[Row  10]               0.0000               0.0000               0.0000               0.0000               0.0000               0.0000               0.0000               0.0000               0.0000               1.0000
[Row  11]               0.0000               0.0000               0.0000               0.0000               0.0000               0.0000               0.0000               0.0000               0.0000               0.0000
[Row  12]               0.0000               0.0000               0.0000               0.0000               0.0000               0.0000               0.0000               0.0000               0.0000               0.0000
[Row  13]               0.0000               0.0000               0.0000               0.0000               0.0000               0.0000               0.0000               0.0000               0.0000               0.0000
[Row  14]               0.0000               0.0000               0.0000               0.0000               0.0000               0.0000               0.0000               0.0000               0.0000               0.0000
[Row  15]               0.0334               0.2414              -0.1731               0.0000               0.2216               0.4213              -0.3582               0.0000               0.4585               0.0264
[Row  16]               0.0682               0.3764              -0.0911               0.0000               0.1165               0.6788              -0.2972               0.0000               0.3805               0.0049
[Row  17]               0.0334               0.2414              -0.1731               0.0000              -0.2216               0.4213              -0.3582               0.0000              -0.4585               0.0264
[Row  18]               0.0682               0.3764              -0.0911               0.0000              -0.1165               0.6788              -0.2972               0.0000              -0.3805               0.0049
                  [Col 11]              [Col 12]              [Col 13]              [Col 14]              [Col 15]              [Col 16]              [Col 17]              [Col 18]
[Row   1]               0.0000               0.0000               0.0000               0.0000               0.0334               0.0682               0.0334               0.0682
[Row   2]               0.0000               0.0000               0.0000               0.0000               0.2414               0.3764               0.2414               0.3764
[Row   3]               0.0000               0.0000               0.0000               0.0000              -0.1731              -0.0911              -0.1731              -0.0911
[Row   4]               0.0000               0.0000               0.0000               0.0000               0.0000               0.0000               0.0000               0.0000
[Row   5]               0.0000               0.0000               0.0000               0.0000               0.2216               0.1165              -0.2216              -0.1165
[Row   6]               0.0000               0.0000               0.0000               0.0000               0.4213               0.6788               0.4213               0.6788
[Row   7]               0.0000               0.0000               0.0000               0.0000              -0.3582              -0.2972              -0.3582              -0.2972
[Row   8]               0.0000               0.0000               0.0000               0.0000               0.0000               0.0000               0.0000               0.0000
[Row   9]               0.0000               0.0000               0.0000               0.0000               0.4585               0.3805              -0.4585              -0.3805
[Row  10]               0.0000               0.0000               0.0000               0.0000               0.0264               0.0049               0.0264               0.0049
[Row  11]               1.0000               0.0000               0.0000               0.0000               0.0000               0.0000               0.0000               0.0000
[Row  12]               0.0000               1.0000               0.0000               0.0000              -0.3241              -0.0603               0.3241               0.0603
[Row  13]               0.0000               0.0000               1.0000               0.0000              -0.2074              -0.0386              -0.2074              -0.0386
[Row  14]               0.0000               0.0000               0.0000               1.0000               0.0000               0.0000               0.0000               0.0000
[Row  15]               0.0000              -0.3241              -0.2074               0.0000               1.0000               0.6583               0.0496               0.2208
[Row  16]               0.0000              -0.0603              -0.0386               0.0000               0.6583               1.0000               0.2208               0.5112
[Row  17]               0.0000               0.3241              -0.2074               0.0000               0.0496               0.2208               1.0000               0.6583
[Row  18]               0.0000               0.0603              -0.0386               0.0000               0.2208               0.5112               0.6583               1.0000
====== P^(AO) std gaussian m_l ordering SPS =====

                  [Col  1]              [Col  2]              [Col  3]              [Col  4]              [Col  5]              [Col  6]              [Col  7]              [Col  8]              [Col  9]              [Col 10]
[Row   1]               1.9998               0.4746               0.0000               0.0000              -0.0032               0.3294              -0.0000              -0.0000              -0.0009              -0.0001
[Row   2]               0.4746               1.7011               0.0000              -0.0000               0.1190               1.7385               0.0000              -0.0000               0.0774               0.0012
[Row   3]               0.0000               0.0000               1.6060               0.0000              -0.0000               0.0000               1.4917              -0.0000              -0.0000               0.0000
[Row   4]               0.0000              -0.0000               0.0000               1.2452              -0.0000              -0.0000               0.0000               1.3577               0.0000              -0.0000
[Row   5]              -0.0032               0.1190              -0.0000              -0.0000               1.4010              -0.0141              -0.0000              -0.0000               1.4318              -0.0747
[Row   6]               0.3294               1.7385               0.0000              -0.0000              -0.0141               1.8035               0.0000               0.0000              -0.0612               0.0087
[Row   7]              -0.0000               0.0000               1.4917               0.0000              -0.0000               0.0000               1.3855               0.0000              -0.0000               0.0000
[Row   8]              -0.0000              -0.0000              -0.0000               1.3577              -0.0000               0.0000               0.0000               1.4802              -0.0000               0.0000
[Row   9]              -0.0009               0.0774              -0.0000               0.0000               1.4318              -0.0612              -0.0000               0.0000               1.4646              -0.0765
[Row  10]              -0.0001               0.0012               0.0000              -0.0000              -0.0747               0.0087               0.0000               0.0000              -0.0765               0.0040
[Row  11]               0.0000               0.0000              -0.0600               0.0000               0.0000               0.0000              -0.0558               0.0000               0.0000              -0.0000
[Row  12]               0.0000               0.0000              -0.0000              -0.3374               0.0000               0.0000              -0.0000              -0.3679               0.0000              -0.0000
[Row  13]               0.0015              -0.0827               0.0000              -0.0000               0.1411              -0.1012               0.0000              -0.0000               0.1469              -0.0080
[Row  14]               0.0000              -0.0000              -0.0000              -0.0000               0.0000              -0.0000              -0.0000              -0.0000               0.0000              -0.0000
[Row  15]               0.0620               0.6960              -0.0000               0.8499              -0.6591               0.7931               0.0000               0.9267              -0.6945               0.0387
[Row  16]               0.1304               1.0263              -0.0000               0.5301              -0.4771               1.1169              -0.0000               0.5780              -0.5168               0.0304
[Row  17]               0.0620               0.6960              -0.0000              -0.8499              -0.6591               0.7931              -0.0000              -0.9267              -0.6945               0.0387
[Row  18]               0.1304               1.0263              -0.0000              -0.5301              -0.4771               1.1169              -0.0000              -0.5780              -0.5168               0.0304
                  [Col 11]              [Col 12]              [Col 13]              [Col 14]              [Col 15]              [Col 16]              [Col 17]              [Col 18]
[Row   1]               0.0000               0.0000               0.0015               0.0000               0.0620               0.1304               0.0620               0.1304
[Row   2]               0.0000               0.0000              -0.0827              -0.0000               0.6960               1.0263               0.6960               1.0263
[Row   3]              -0.0600              -0.0000               0.0000              -0.0000              -0.0000              -0.0000              -0.0000              -0.0000
[Row   4]               0.0000              -0.3374              -0.0000              -0.0000               0.8499               0.5301              -0.8499              -0.5301
[Row   5]               0.0000               0.0000               0.1411               0.0000              -0.6591              -0.4771              -0.6591              -0.4771
[Row   6]               0.0000               0.0000              -0.1012              -0.0000               0.7931               1.1169               0.7931               1.1169
[Row   7]              -0.0558              -0.0000               0.0000              -0.0000               0.0000              -0.0000              -0.0000              -0.0000
[Row   8]               0.0000              -0.3679              -0.0000              -0.0000               0.9267               0.5780              -0.9267              -0.5780
[Row   9]               0.0000               0.0000               0.1469               0.0000              -0.6945              -0.5168              -0.6945              -0.5168
[Row  10]              -0.0000              -0.0000              -0.0080              -0.0000               0.0387               0.0304               0.0387               0.0304
[Row  11]               0.0022              -0.0000              -0.0000               0.0000               0.0000               0.0000              -0.0000              -0.0000
[Row  12]              -0.0000               0.0914               0.0000               0.0000              -0.2303              -0.1437               0.2303               0.1437
[Row  13]              -0.0000               0.0000               0.0199               0.0000              -0.1108              -0.1104              -0.1108              -0.1104
[Row  14]               0.0000               0.0000               0.0000               0.0000              -0.0000              -0.0000               0.0000              -0.0000
[Row  15]               0.0000              -0.2303              -0.1108              -0.0000               1.2368               1.0745               0.0766               0.3508
[Row  16]               0.0000              -0.1437              -0.1104              -0.0000               1.0745               1.0768               0.3508               0.6254
[Row  17]              -0.0000               0.2303              -0.1108               0.0000               0.0766               0.3508               1.2368               1.0745
[Row  18]              -0.0000               0.1437              -0.1104              -0.0000               0.3508               0.6254               1.0745               1.0768
====== S^(AO) std gaussian m_l ordering =====

                  [Col  1]              [Col  2]              [Col  3]              [Col  4]              [Col  5]              [Col  6]              [Col  7]              [Col  8]              [Col  9]              [Col 10]
[Row   1]               1.0000               0.2337               0.0000               0.0000               0.0000               0.1673               0.0000               0.0000               0.0000               0.0000
[Row   2]               0.2337               1.0000               0.0000               0.0000              -0.0000               0.7636               0.0000               0.0000               0.0000               0.0000
[Row   3]               0.0000               0.0000               1.0000               0.0000               0.0000               0.0000               0.5015               0.0000               0.0000               0.0000
[Row   4]               0.0000               0.0000               0.0000               1.0000               0.0000               0.0000               0.0000               0.5015               0.0000               0.0000
[Row   5]               0.0000              -0.0000               0.0000               0.0000               1.0000              -0.0000               0.0000               0.0000               0.5015               0.0000
[Row   6]               0.1673               0.7636               0.0000               0.0000              -0.0000               1.0000               0.0000               0.0000               0.0000               0.0000
[Row   7]               0.0000               0.0000               0.5015               0.0000               0.0000               0.0000               1.0000               0.0000               0.0000               0.0000
[Row   8]               0.0000               0.0000               0.0000               0.5015               0.0000               0.0000               0.0000               1.0000               0.0000               0.0000
[Row   9]               0.0000               0.0000               0.0000               0.0000               0.5015               0.0000               0.0000               0.0000               1.0000               0.0000
[Row  10]               0.0000               0.0000               0.0000               0.0000               0.0000               0.0000               0.0000               0.0000               0.0000               1.0000
[Row  11]               0.0000               0.0000               0.0000               0.0000               0.0000               0.0000               0.0000               0.0000               0.0000               0.0000
[Row  12]               0.0000               0.0000               0.0000               0.0000               0.0000               0.0000               0.0000               0.0000               0.0000               0.0000
[Row  13]               0.0000               0.0000               0.0000               0.0000               0.0000               0.0000               0.0000               0.0000               0.0000               0.0000
[Row  14]               0.0000               0.0000               0.0000               0.0000               0.0000               0.0000               0.0000               0.0000               0.0000               0.0000
[Row  15]               0.0334               0.2414               0.0000               0.2216              -0.1731               0.4213               0.0000               0.4585              -0.3582               0.0264
[Row  16]               0.0682               0.3764               0.0000               0.1165              -0.0911               0.6788               0.0000               0.3805              -0.2972               0.0049
[Row  17]               0.0334               0.2414               0.0000              -0.2216              -0.1731               0.4213               0.0000              -0.4585              -0.3582               0.0264
[Row  18]               0.0682               0.3764               0.0000              -0.1165              -0.0911               0.6788               0.0000              -0.3805              -0.2972               0.0049
                  [Col 11]              [Col 12]              [Col 13]              [Col 14]              [Col 15]              [Col 16]              [Col 17]              [Col 18]
[Row   1]               0.0000               0.0000               0.0000               0.0000               0.0334               0.0682               0.0334               0.0682
[Row   2]               0.0000               0.0000               0.0000               0.0000               0.2414               0.3764               0.2414               0.3764
[Row   3]               0.0000               0.0000               0.0000               0.0000               0.0000               0.0000               0.0000               0.0000
[Row   4]               0.0000               0.0000               0.0000               0.0000               0.2216               0.1165              -0.2216              -0.1165
[Row   5]               0.0000               0.0000               0.0000               0.0000              -0.1731              -0.0911              -0.1731              -0.0911
[Row   6]               0.0000               0.0000               0.0000               0.0000               0.4213               0.6788               0.4213               0.6788
[Row   7]               0.0000               0.0000               0.0000               0.0000               0.0000               0.0000               0.0000               0.0000
[Row   8]               0.0000               0.0000               0.0000               0.0000               0.4585               0.3805              -0.4585              -0.3805
[Row   9]               0.0000               0.0000               0.0000               0.0000              -0.3582              -0.2972              -0.3582              -0.2972
[Row  10]               0.0000               0.0000               0.0000               0.0000               0.0264               0.0049               0.0264               0.0049
[Row  11]               1.0000               0.0000               0.0000               0.0000               0.0000               0.0000               0.0000               0.0000
[Row  12]               0.0000               1.0000               0.0000               0.0000              -0.3241              -0.0603               0.3241               0.0603
[Row  13]               0.0000               0.0000               1.0000               0.0000              -0.2074              -0.0386              -0.2074              -0.0386
[Row  14]               0.0000               0.0000               0.0000               1.0000               0.0000               0.0000               0.0000               0.0000
[Row  15]               0.0000              -0.3241              -0.2074               0.0000               1.0000               0.6583               0.0496               0.2208
[Row  16]               0.0000              -0.0603              -0.0386               0.0000               0.6583               1.0000               0.2208               0.5112
[Row  17]               0.0000               0.3241              -0.2074               0.0000               0.0496               0.2208               1.0000               0.6583
[Row  18]               0.0000               0.0603              -0.0386               0.0000               0.2208               0.5112               0.6583               1.0000
