molecule mol135.xyz
System:, atNum: 1 coords [              0.0000               0.0000               0.6965]
System:, atNum: 1 coords [              0.0000               0.0000              -0.6965]
===== Original AO-S matrix =====

                  [Col  1]              [Col  2]              [Col  3]              [Col  4]
[Row   1]               1.0000               0.6583               0.4578               0.5101
[Row   2]               0.6583               1.0000               0.5101               0.8551
[Row   3]               0.4578               0.5101               1.0000               0.6583
[Row   4]               0.5101               0.8551               0.6583               1.0000
nbas 4
 ===== CA ===== 

                  [Col  1]              [Col  2]              [Col  3]              [Col  4]
[Row   1]               0.3274               0.1221               0.7651               1.1250
[Row   2]               0.2711               1.7221              -0.6861              -1.3516
[Row   3]               0.3274              -0.1221               0.7651              -1.1250
[Row   4]               0.2711              -1.7221              -0.6861               1.3516
 ===== CB ===== 

                  [Col  1]              [Col  2]              [Col  3]              [Col  4]
[Row   1]               0.3274               0.1221               0.7651               1.1250
[Row   2]               0.2711               1.7221              -0.6861              -1.3516
[Row   3]               0.3274              -0.1221               0.7651              -1.1250
[Row   4]               0.2711              -1.7221              -0.6861               1.3516
 ===== P_psi ===== Dalpha+Dbeta 

                  [Col  1]              [Col  2]              [Col  3]              [Col  4]
[Row   1]               0.2144               0.1775               0.2144               0.1775
[Row   2]               0.1775               0.1470               0.1775               0.1470
[Row   3]               0.2144               0.1775               0.2144               0.1775
[Row   4]               0.1775               0.1470               0.1775               0.1470
===== P_mu,nu local =====

                  [Col  1]              [Col  2]              [Col  3]              [Col  4]
[Row   1]               0.2144               0.1775               0.2144               0.1775
[Row   2]               0.1775               0.1470               0.1775               0.1470
[Row   3]               0.2144               0.1775               0.2144               0.1775
[Row   4]               0.1775               0.1470               0.1775               0.1470
===== P_mu,nu psi4 =====

                  [Col  1]              [Col  2]              [Col  3]              [Col  4]
[Row   1]               0.2144               0.1775               0.2144               0.1775
[Row   2]               0.1775               0.1470               0.1775               0.1470
[Row   3]               0.2144               0.1775               0.2144               0.1775
[Row   4]               0.1775               0.1470               0.1775               0.1470
====== P^(AO) = SPS =====

                  [Col  1]              [Col  2]              [Col  3]              [Col  4]
[Row   1]               1.2610               1.4061               1.2610               1.4061
[Row   2]               1.4061               1.5680               1.4061               1.5680
[Row   3]               1.2610               1.4061               1.2610               1.4061
[Row   4]               1.4061               1.5680               1.4061               1.5680
====== S^(AO) = S =====

                  [Col  1]              [Col  2]              [Col  3]              [Col  4]
[Row   1]               1.0000               0.6583               0.4578               0.5101
[Row   2]               0.6583               1.0000               0.5101               0.8551
[Row   3]               0.4578               0.5101               1.0000               0.6583
[Row   4]               0.5101               0.8551               0.6583               1.0000
====== P^(AO) std gaussian m_l ordering SPS =====

                  [Col  1]              [Col  2]              [Col  3]              [Col  4]
[Row   1]               1.2610               1.4061               1.2610               1.4061
[Row   2]               1.4061               1.5680               1.4061               1.5680
[Row   3]               1.2610               1.4061               1.2610               1.4061
[Row   4]               1.4061               1.5680               1.4061               1.5680
====== S^(AO) std gaussian m_l ordering =====

                  [Col  1]              [Col  2]              [Col  3]              [Col  4]
[Row   1]               1.0000               0.6583               0.4578               0.5101
[Row   2]               0.6583               1.0000               0.5101               0.8551
[Row   3]               0.4578               0.5101               1.0000               0.6583
[Row   4]               0.5101               0.8551               0.6583               1.0000
