molecule mol12.xyz
System:, atNum: 9 coords [              0.0000               0.0000               0.1765]
System:, atNum: 1 coords [              0.0000               0.0000              -1.5883]
===== Original AO-S matrix =====

                  [Col  1]              [Col  2]              [Col  3]              [Col  4]              [Col  5]              [Col  6]              [Col  7]              [Col  8]              [Col  9]              [Col 10]
[Row   1]               1.0000               0.2443               0.0000               0.0000               0.0000               0.1716              -0.0000               0.0000               0.0000               0.0000
[Row   2]               0.2443               1.0000               0.0000               0.0000               0.0000               0.7635               0.0000               0.0000               0.0000               0.0000
[Row   3]               0.0000               0.0000               1.0000               0.0000               0.0000               0.0000               0.4995               0.0000               0.0000               0.0000
[Row   4]               0.0000               0.0000               0.0000               1.0000               0.0000               0.0000               0.0000               0.4995               0.0000               0.0000
[Row   5]               0.0000               0.0000               0.0000               0.0000               1.0000               0.0000               0.0000               0.0000               0.4995               0.0000
[Row   6]               0.1716               0.7635               0.0000               0.0000               0.0000               1.0000               0.0000               0.0000               0.0000               0.0000
[Row   7]              -0.0000               0.0000               0.4995               0.0000               0.0000               0.0000               1.0000               0.0000               0.0000               0.0000
[Row   8]               0.0000               0.0000               0.0000               0.4995               0.0000               0.0000               0.0000               1.0000               0.0000               0.0000
[Row   9]               0.0000               0.0000               0.0000               0.0000               0.4995               0.0000               0.0000               0.0000               1.0000               0.0000
[Row  10]               0.0000               0.0000               0.0000               0.0000               0.0000               0.0000               0.0000               0.0000               0.0000               1.0000
[Row  11]               0.0000               0.0000               0.0000               0.0000               0.0000               0.0000               0.0000               0.0000               0.0000               0.0000
[Row  12]               0.0000               0.0000               0.0000               0.0000               0.0000               0.0000               0.0000               0.0000               0.0000               0.0000
[Row  13]               0.0000               0.0000               0.0000               0.0000               0.0000               0.0000               0.0000               0.0000               0.0000               0.0000
[Row  14]               0.0000               0.0000               0.0000               0.0000               0.0000               0.0000               0.0000               0.0000               0.0000               0.0000
[Row  15]               0.0318               0.2162              -0.2318               0.0000               0.0000               0.4193              -0.5919               0.0000               0.0000               0.3958
[Row  16]               0.0591               0.3268              -0.1101               0.0000               0.0000               0.6296              -0.4129               0.0000               0.0000               0.0689
                  [Col 11]              [Col 12]              [Col 13]              [Col 14]              [Col 15]              [Col 16]
[Row   1]               0.0000               0.0000               0.0000               0.0000               0.0318               0.0591
[Row   2]               0.0000               0.0000               0.0000               0.0000               0.2162               0.3268
[Row   3]               0.0000               0.0000               0.0000               0.0000              -0.2318              -0.1101
[Row   4]               0.0000               0.0000               0.0000               0.0000               0.0000               0.0000
[Row   5]               0.0000               0.0000               0.0000               0.0000               0.0000               0.0000
[Row   6]               0.0000               0.0000               0.0000               0.0000               0.4193               0.6296
[Row   7]               0.0000               0.0000               0.0000               0.0000              -0.5919              -0.4129
[Row   8]               0.0000               0.0000               0.0000               0.0000               0.0000               0.0000
[Row   9]               0.0000               0.0000               0.0000               0.0000               0.0000               0.0000
[Row  10]               0.0000               0.0000               0.0000               0.0000               0.3958               0.0689
[Row  11]               1.0000               0.0000               0.0000               0.0000               0.0000               0.0000
[Row  12]               0.0000               1.0000               0.0000               0.0000               0.0000               0.0000
[Row  13]               0.0000               0.0000               1.0000               0.0000              -0.0000              -0.0000
[Row  14]               0.0000               0.0000               0.0000               1.0000               0.0000               0.0000
[Row  15]               0.0000               0.0000              -0.0000               0.0000               1.0000               0.6583
[Row  16]               0.0000               0.0000              -0.0000               0.0000               0.6583               1.0000
nbas 16
 ===== CA ===== 

                  [Col  1]              [Col  2]              [Col  3]              [Col  4]              [Col  5]              [Col  6]              [Col  7]              [Col  8]              [Col  9]              [Col 10]
[Row   1]               0.9955               0.2320               0.0544               0.0000              -0.0000               0.0637               0.0314              -0.0000              -0.0000               0.0597
[Row   2]               0.0214              -0.4971              -0.1290               0.0000               0.0000              -0.0791              -0.1171               0.0000               0.0000              -0.5794
[Row   3]              -0.0012               0.0634              -0.5508              -0.0000               0.0000               0.2616               0.3785               0.0000              -0.0000              -0.8363
[Row   4]               0.0000              -0.0000               0.0000               0.1975               0.6287              -0.0000               0.0000               0.0391               0.9465               0.0000
[Row   5]              -0.0000               0.0000               0.0000               0.6287              -0.1975               0.0000              -0.0000              -0.9465               0.0391              -0.0000
[Row   6]              -0.0059              -0.5436              -0.2029               0.0000              -0.0000              -0.7246               0.0403              -0.0000              -0.0000               0.4187
[Row   7]               0.0014               0.0485              -0.3761               0.0000               0.0000               0.4588               0.2223              -0.0000               0.0000               1.0998
[Row   8]              -0.0000              -0.0000               0.0000               0.1473               0.4687               0.0000              -0.0000              -0.0430              -1.0416              -0.0000
[Row   9]               0.0000              -0.0000              -0.0000               0.4687              -0.1473              -0.0000               0.0000               1.0416              -0.0430               0.0000
[Row  10]              -0.0004              -0.0183               0.0390              -0.0000               0.0000              -0.0152               0.1837              -0.0000               0.0000               0.0958
[Row  11]              -0.0000              -0.0000               0.0000              -0.0083              -0.0265              -0.0000              -0.0000               0.0021               0.0498              -0.0000
[Row  12]               0.0000              -0.0000               0.0000              -0.0265               0.0083              -0.0000               0.0000              -0.0498               0.0021               0.0000
[Row  13]               0.0000               0.0000               0.0000              -0.0000               0.0000               0.0000              -0.0000              -0.0000               0.0000               0.0000
[Row  14]              -0.0000              -0.0000               0.0000              -0.0000              -0.0000              -0.0000               0.0000               0.0000               0.0000               0.0000
[Row  15]               0.0007              -0.1080               0.2547              -0.0000               0.0000               0.1068               1.2247              -0.0000               0.0000               0.2734
[Row  16]               0.0016               0.0108               0.1075              -0.0000               0.0000               1.3476              -0.7925               0.0000               0.0000               0.0784
                  [Col 11]              [Col 12]              [Col 13]              [Col 14]              [Col 15]              [Col 16]
[Row   1]               0.0906               0.0000               0.0000              -0.0000               0.0000               0.0014
[Row   2]              -1.4253              -0.0000              -0.0000               0.0000              -0.0000              -0.5520
[Row   3]               0.3582               0.0000               0.0000              -0.0000               0.0000               0.2095
[Row   4]               0.0000               0.0270               0.0105               0.0000              -0.0000               0.0000
[Row   5]              -0.0000              -0.0105               0.0270               0.0000              -0.0000               0.0000
[Row   6]               1.8000               0.0000               0.0000              -0.0000               0.0000               1.0366
[Row   7]              -0.6696              -0.0000              -0.0000               0.0000              -0.0000              -0.9797
[Row   8]               0.0000              -0.0612              -0.0237              -0.0000               0.0000              -0.0000
[Row   9]               0.0000               0.0237              -0.0612              -0.0000              -0.0000              -0.0000
[Row  10]              -0.2956              -0.0000              -0.0000               0.0000               0.0000               1.1915
[Row  11]               0.0000              -0.9308              -0.3610              -0.0000               0.0000              -0.0000
[Row  12]              -0.0000               0.3610              -0.9308              -0.0000              -0.0000               0.0000
[Row  13]              -0.0000              -0.0000              -0.0000               0.2509               0.9680              -0.0000
[Row  14]               0.0000              -0.0000              -0.0000               0.9680              -0.2509               0.0000
[Row  15]              -0.0879               0.0000               0.0000              -0.0000              -0.0000              -1.4277
[Row  16]              -0.6971              -0.0000              -0.0000               0.0000              -0.0000               0.0467
 ===== CB ===== 

                  [Col  1]              [Col  2]              [Col  3]              [Col  4]              [Col  5]              [Col  6]              [Col  7]              [Col  8]              [Col  9]              [Col 10]
[Row   1]               0.9955               0.2320               0.0544               0.0000              -0.0000               0.0637               0.0314              -0.0000              -0.0000               0.0597
[Row   2]               0.0214              -0.4971              -0.1290               0.0000               0.0000              -0.0791              -0.1171               0.0000               0.0000              -0.5794
[Row   3]              -0.0012               0.0634              -0.5508              -0.0000               0.0000               0.2616               0.3785               0.0000              -0.0000              -0.8363
[Row   4]               0.0000              -0.0000               0.0000               0.1975               0.6287              -0.0000               0.0000               0.0391               0.9465               0.0000
[Row   5]              -0.0000               0.0000               0.0000               0.6287              -0.1975               0.0000              -0.0000              -0.9465               0.0391              -0.0000
[Row   6]              -0.0059              -0.5436              -0.2029               0.0000              -0.0000              -0.7246               0.0403              -0.0000              -0.0000               0.4187
[Row   7]               0.0014               0.0485              -0.3761               0.0000               0.0000               0.4588               0.2223              -0.0000               0.0000               1.0998
[Row   8]              -0.0000              -0.0000               0.0000               0.1473               0.4687               0.0000              -0.0000              -0.0430              -1.0416              -0.0000
[Row   9]               0.0000              -0.0000              -0.0000               0.4687              -0.1473              -0.0000               0.0000               1.0416              -0.0430               0.0000
[Row  10]              -0.0004              -0.0183               0.0390              -0.0000               0.0000              -0.0152               0.1837              -0.0000               0.0000               0.0958
[Row  11]              -0.0000              -0.0000               0.0000              -0.0083              -0.0265              -0.0000              -0.0000               0.0021               0.0498              -0.0000
[Row  12]               0.0000              -0.0000               0.0000              -0.0265               0.0083              -0.0000               0.0000              -0.0498               0.0021               0.0000
[Row  13]               0.0000               0.0000               0.0000              -0.0000               0.0000               0.0000              -0.0000              -0.0000               0.0000               0.0000
[Row  14]              -0.0000              -0.0000               0.0000              -0.0000              -0.0000              -0.0000               0.0000               0.0000               0.0000               0.0000
[Row  15]               0.0007              -0.1080               0.2547              -0.0000               0.0000               0.1068               1.2247              -0.0000               0.0000               0.2734
[Row  16]               0.0016               0.0108               0.1075              -0.0000               0.0000               1.3476              -0.7925               0.0000               0.0000               0.0784
                  [Col 11]              [Col 12]              [Col 13]              [Col 14]              [Col 15]              [Col 16]
[Row   1]               0.0906               0.0000               0.0000              -0.0000               0.0000               0.0014
[Row   2]              -1.4253              -0.0000              -0.0000               0.0000              -0.0000              -0.5520
[Row   3]               0.3582               0.0000               0.0000              -0.0000               0.0000               0.2095
[Row   4]               0.0000               0.0270               0.0105               0.0000              -0.0000               0.0000
[Row   5]              -0.0000              -0.0105               0.0270               0.0000              -0.0000               0.0000
[Row   6]               1.8000               0.0000               0.0000              -0.0000               0.0000               1.0366
[Row   7]              -0.6696              -0.0000              -0.0000               0.0000              -0.0000              -0.9797
[Row   8]               0.0000              -0.0612              -0.0237              -0.0000               0.0000              -0.0000
[Row   9]               0.0000               0.0237              -0.0612              -0.0000              -0.0000              -0.0000
[Row  10]              -0.2956              -0.0000              -0.0000               0.0000               0.0000               1.1915
[Row  11]               0.0000              -0.9308              -0.3610              -0.0000               0.0000              -0.0000
[Row  12]              -0.0000               0.3610              -0.9308              -0.0000              -0.0000               0.0000
[Row  13]              -0.0000              -0.0000              -0.0000               0.2509               0.9680              -0.0000
[Row  14]               0.0000              -0.0000              -0.0000               0.9680              -0.2509               0.0000
[Row  15]              -0.0879               0.0000               0.0000              -0.0000              -0.0000              -1.4277
[Row  16]              -0.6971              -0.0000              -0.0000               0.0000              -0.0000               0.0467
 ===== P_psi ===== Dalpha+Dbeta 

                  [Col  1]              [Col  2]              [Col  3]              [Col  4]              [Col  5]              [Col  6]              [Col  7]              [Col  8]              [Col  9]              [Col 10]
[Row   1]               2.0958              -0.2022              -0.0329               0.0000              -0.0000              -0.2861              -0.0156              -0.0000               0.0000              -0.0050
[Row   2]              -0.2022               0.5284               0.0790               0.0000              -0.0000               0.5925               0.0489               0.0000               0.0000               0.0081
[Row   3]              -0.0329               0.0790               0.6148              -0.0000              -0.0000               0.1545               0.4204              -0.0000              -0.0000              -0.0453
[Row   4]               0.0000               0.0000              -0.0000               0.8687              -0.0000              -0.0000               0.0000               0.6476               0.0000               0.0000
[Row   5]              -0.0000              -0.0000              -0.0000              -0.0000               0.8687               0.0000              -0.0000               0.0000               0.6476              -0.0000
[Row   6]              -0.2861               0.5925               0.1545              -0.0000               0.0000               0.6734               0.0999              -0.0000               0.0000               0.0040
[Row   7]              -0.0156               0.0489               0.4204               0.0000              -0.0000               0.0999               0.2875               0.0000               0.0000              -0.0311
[Row   8]              -0.0000               0.0000              -0.0000               0.6476               0.0000              -0.0000               0.0000               0.4828               0.0000               0.0000
[Row   9]               0.0000               0.0000              -0.0000               0.0000               0.6476               0.0000               0.0000               0.0000               0.4828              -0.0000
[Row  10]              -0.0050               0.0081              -0.0453               0.0000              -0.0000               0.0040              -0.0311               0.0000              -0.0000               0.0037
[Row  11]              -0.0000              -0.0000              -0.0000              -0.0366               0.0000              -0.0000              -0.0000              -0.0273               0.0000               0.0000
[Row  12]               0.0000              -0.0000              -0.0000              -0.0000              -0.0366              -0.0000              -0.0000              -0.0000              -0.0273               0.0000
[Row  13]               0.0000              -0.0000              -0.0000               0.0000              -0.0000              -0.0000              -0.0000               0.0000              -0.0000               0.0000
[Row  14]              -0.0000               0.0000              -0.0000              -0.0000              -0.0000               0.0000              -0.0000              -0.0000              -0.0000               0.0000
[Row  15]              -0.0211               0.0417              -0.2943               0.0000              -0.0000               0.0141              -0.2020               0.0000              -0.0000               0.0238
[Row  16]               0.0199              -0.0384              -0.1170               0.0000              -0.0000              -0.0554              -0.0798               0.0000              -0.0000               0.0080
                  [Col 11]              [Col 12]              [Col 13]              [Col 14]              [Col 15]              [Col 16]
[Row   1]              -0.0000               0.0000               0.0000              -0.0000              -0.0211               0.0199
[Row   2]              -0.0000              -0.0000              -0.0000               0.0000               0.0417              -0.0384
[Row   3]              -0.0000              -0.0000              -0.0000              -0.0000              -0.2943              -0.1170
[Row   4]              -0.0366              -0.0000               0.0000              -0.0000               0.0000               0.0000
[Row   5]               0.0000              -0.0366              -0.0000              -0.0000              -0.0000              -0.0000
[Row   6]              -0.0000              -0.0000              -0.0000               0.0000               0.0141              -0.0554
[Row   7]              -0.0000              -0.0000              -0.0000              -0.0000              -0.2020              -0.0798
[Row   8]              -0.0273              -0.0000               0.0000              -0.0000               0.0000               0.0000
[Row   9]               0.0000              -0.0273              -0.0000              -0.0000              -0.0000              -0.0000
[Row  10]               0.0000               0.0000               0.0000               0.0000               0.0238               0.0080
[Row  11]               0.0015               0.0000              -0.0000               0.0000               0.0000               0.0000
[Row  12]               0.0000               0.0015               0.0000               0.0000               0.0000               0.0000
[Row  13]              -0.0000               0.0000               0.0000              -0.0000               0.0000               0.0000
[Row  14]               0.0000               0.0000              -0.0000               0.0000               0.0000               0.0000
[Row  15]               0.0000               0.0000               0.0000               0.0000               0.1531               0.0524
[Row  16]               0.0000               0.0000               0.0000               0.0000               0.0524               0.0233
===== P_mu,nu local =====

                  [Col  1]              [Col  2]              [Col  3]              [Col  4]              [Col  5]              [Col  6]              [Col  7]              [Col  8]              [Col  9]              [Col 10]
[Row   1]               2.0958              -0.2022              -0.0329               0.0000              -0.0000              -0.2861              -0.0156              -0.0000               0.0000              -0.0050
[Row   2]              -0.2022               0.5284               0.0790               0.0000              -0.0000               0.5925               0.0489               0.0000               0.0000               0.0081
[Row   3]              -0.0329               0.0790               0.6148              -0.0000              -0.0000               0.1545               0.4204              -0.0000              -0.0000              -0.0453
[Row   4]               0.0000               0.0000              -0.0000               0.8687              -0.0000              -0.0000               0.0000               0.6476               0.0000               0.0000
[Row   5]              -0.0000              -0.0000              -0.0000              -0.0000               0.8687               0.0000              -0.0000               0.0000               0.6476              -0.0000
[Row   6]              -0.2861               0.5925               0.1545              -0.0000               0.0000               0.6734               0.0999              -0.0000               0.0000               0.0040
[Row   7]              -0.0156               0.0489               0.4204               0.0000              -0.0000               0.0999               0.2875               0.0000               0.0000              -0.0311
[Row   8]              -0.0000               0.0000              -0.0000               0.6476               0.0000              -0.0000               0.0000               0.4828               0.0000               0.0000
[Row   9]               0.0000               0.0000              -0.0000               0.0000               0.6476               0.0000               0.0000               0.0000               0.4828              -0.0000
[Row  10]              -0.0050               0.0081              -0.0453               0.0000              -0.0000               0.0040              -0.0311               0.0000              -0.0000               0.0037
[Row  11]              -0.0000              -0.0000              -0.0000              -0.0366               0.0000              -0.0000              -0.0000              -0.0273               0.0000               0.0000
[Row  12]               0.0000              -0.0000              -0.0000              -0.0000              -0.0366              -0.0000              -0.0000              -0.0000              -0.0273               0.0000
[Row  13]               0.0000              -0.0000              -0.0000               0.0000              -0.0000              -0.0000              -0.0000               0.0000              -0.0000               0.0000
[Row  14]              -0.0000               0.0000              -0.0000              -0.0000              -0.0000               0.0000              -0.0000              -0.0000              -0.0000               0.0000
[Row  15]              -0.0211               0.0417              -0.2943               0.0000              -0.0000               0.0141              -0.2020               0.0000              -0.0000               0.0238
[Row  16]               0.0199              -0.0384              -0.1170               0.0000              -0.0000              -0.0554              -0.0798               0.0000              -0.0000               0.0080
                  [Col 11]              [Col 12]              [Col 13]              [Col 14]              [Col 15]              [Col 16]
[Row   1]              -0.0000               0.0000               0.0000              -0.0000              -0.0211               0.0199
[Row   2]              -0.0000              -0.0000              -0.0000               0.0000               0.0417              -0.0384
[Row   3]              -0.0000              -0.0000              -0.0000              -0.0000              -0.2943              -0.1170
[Row   4]              -0.0366              -0.0000               0.0000              -0.0000               0.0000               0.0000
[Row   5]               0.0000              -0.0366              -0.0000              -0.0000              -0.0000              -0.0000
[Row   6]              -0.0000              -0.0000              -0.0000               0.0000               0.0141              -0.0554
[Row   7]              -0.0000              -0.0000              -0.0000              -0.0000              -0.2020              -0.0798
[Row   8]              -0.0273              -0.0000               0.0000              -0.0000               0.0000               0.0000
[Row   9]               0.0000              -0.0273              -0.0000              -0.0000              -0.0000              -0.0000
[Row  10]               0.0000               0.0000               0.0000               0.0000               0.0238               0.0080
[Row  11]               0.0015               0.0000              -0.0000               0.0000               0.0000               0.0000
[Row  12]               0.0000               0.0015               0.0000               0.0000               0.0000               0.0000
[Row  13]              -0.0000               0.0000               0.0000              -0.0000               0.0000               0.0000
[Row  14]               0.0000               0.0000              -0.0000               0.0000               0.0000               0.0000
[Row  15]               0.0000               0.0000               0.0000               0.0000               0.1531               0.0524
[Row  16]               0.0000               0.0000               0.0000               0.0000               0.0524               0.0233
===== P_mu,nu psi4 =====

                  [Col  1]              [Col  2]              [Col  3]              [Col  4]              [Col  5]              [Col  6]              [Col  7]              [Col  8]              [Col  9]              [Col 10]
[Row   1]               2.0958              -0.2022              -0.0329               0.0000              -0.0000              -0.2861              -0.0156              -0.0000               0.0000              -0.0050
[Row   2]              -0.2022               0.5284               0.0790               0.0000              -0.0000               0.5925               0.0489               0.0000               0.0000               0.0081
[Row   3]              -0.0329               0.0790               0.6148              -0.0000              -0.0000               0.1545               0.4204              -0.0000              -0.0000              -0.0453
[Row   4]               0.0000               0.0000              -0.0000               0.8687              -0.0000              -0.0000               0.0000               0.6476               0.0000               0.0000
[Row   5]              -0.0000              -0.0000              -0.0000              -0.0000               0.8687               0.0000              -0.0000               0.0000               0.6476              -0.0000
[Row   6]              -0.2861               0.5925               0.1545              -0.0000               0.0000               0.6734               0.0999              -0.0000               0.0000               0.0040
[Row   7]              -0.0156               0.0489               0.4204               0.0000              -0.0000               0.0999               0.2875               0.0000               0.0000              -0.0311
[Row   8]              -0.0000               0.0000              -0.0000               0.6476               0.0000              -0.0000               0.0000               0.4828               0.0000               0.0000
[Row   9]               0.0000               0.0000              -0.0000               0.0000               0.6476               0.0000               0.0000               0.0000               0.4828              -0.0000
[Row  10]              -0.0050               0.0081              -0.0453               0.0000              -0.0000               0.0040              -0.0311               0.0000              -0.0000               0.0037
[Row  11]              -0.0000              -0.0000              -0.0000              -0.0366               0.0000              -0.0000              -0.0000              -0.0273               0.0000               0.0000
[Row  12]               0.0000              -0.0000              -0.0000              -0.0000              -0.0366              -0.0000              -0.0000              -0.0000              -0.0273               0.0000
[Row  13]               0.0000              -0.0000              -0.0000               0.0000              -0.0000              -0.0000              -0.0000               0.0000              -0.0000               0.0000
[Row  14]              -0.0000               0.0000              -0.0000              -0.0000              -0.0000               0.0000              -0.0000              -0.0000              -0.0000               0.0000
[Row  15]              -0.0211               0.0417              -0.2943               0.0000              -0.0000               0.0141              -0.2020               0.0000              -0.0000               0.0238
[Row  16]               0.0199              -0.0384              -0.1170               0.0000              -0.0000              -0.0554              -0.0798               0.0000              -0.0000               0.0080
                  [Col 11]              [Col 12]              [Col 13]              [Col 14]              [Col 15]              [Col 16]
[Row   1]              -0.0000               0.0000               0.0000              -0.0000              -0.0211               0.0199
[Row   2]              -0.0000              -0.0000              -0.0000               0.0000               0.0417              -0.0384
[Row   3]              -0.0000              -0.0000              -0.0000              -0.0000              -0.2943              -0.1170
[Row   4]              -0.0366              -0.0000               0.0000              -0.0000               0.0000               0.0000
[Row   5]               0.0000              -0.0366              -0.0000              -0.0000              -0.0000              -0.0000
[Row   6]              -0.0000              -0.0000              -0.0000               0.0000               0.0141              -0.0554
[Row   7]              -0.0000              -0.0000              -0.0000              -0.0000              -0.2020              -0.0798
[Row   8]              -0.0273              -0.0000               0.0000              -0.0000               0.0000               0.0000
[Row   9]               0.0000              -0.0273              -0.0000              -0.0000              -0.0000              -0.0000
[Row  10]               0.0000               0.0000               0.0000               0.0000               0.0238               0.0080
[Row  11]               0.0015               0.0000              -0.0000               0.0000               0.0000               0.0000
[Row  12]               0.0000               0.0015               0.0000               0.0000               0.0000               0.0000
[Row  13]              -0.0000               0.0000               0.0000              -0.0000               0.0000               0.0000
[Row  14]               0.0000               0.0000              -0.0000               0.0000               0.0000               0.0000
[Row  15]               0.0000               0.0000               0.0000               0.0000               0.1531               0.0524
[Row  16]               0.0000               0.0000               0.0000               0.0000               0.0524               0.0233
====== P^(AO) = SPS =====

                  [Col  1]              [Col  2]              [Col  3]              [Col  4]              [Col  5]              [Col  6]              [Col  7]              [Col  8]              [Col  9]              [Col 10]
[Row   1]               1.9998               0.4951              -0.0025              -0.0000              -0.0000               0.3378              -0.0008              -0.0000               0.0000              -0.0011
[Row   2]               0.4951               1.7332               0.0965               0.0000               0.0000               1.7512               0.0608               0.0000               0.0000               0.0524
[Row   3]              -0.0025               0.0965               1.3355              -0.0000              -0.0000              -0.0155               1.4014              -0.0000              -0.0000              -0.2518
[Row   4]              -0.0000               0.0000              -0.0000               1.6361               0.0000               0.0000              -0.0000               1.4843               0.0000               0.0000
[Row   5]              -0.0000               0.0000              -0.0000               0.0000               1.6361               0.0000               0.0000               0.0000               1.4843              -0.0000
[Row   6]               0.3378               1.7512              -0.0155               0.0000               0.0000               1.7937              -0.0585               0.0000               0.0000               0.0765
[Row   7]              -0.0008               0.0608               1.4014              -0.0000               0.0000              -0.0585               1.4715              -0.0000               0.0000              -0.2660
[Row   8]              -0.0000               0.0000              -0.0000               1.4843               0.0000               0.0000              -0.0000               1.3466               0.0000               0.0000
[Row   9]               0.0000               0.0000              -0.0000               0.0000               1.4843               0.0000               0.0000               0.0000               1.3466              -0.0000
[Row  10]              -0.0011               0.0524              -0.2518               0.0000              -0.0000               0.0765              -0.2660               0.0000              -0.0000               0.0506
[Row  11]              -0.0000              -0.0000              -0.0000              -0.0502               0.0000              -0.0000              -0.0000              -0.0455               0.0000               0.0000
[Row  12]               0.0000               0.0000              -0.0000              -0.0000              -0.0502               0.0000              -0.0000              -0.0000              -0.0455               0.0000
[Row  13]               0.0000              -0.0000              -0.0000               0.0000              -0.0000              -0.0000              -0.0000               0.0000              -0.0000               0.0000
[Row  14]              -0.0000               0.0000              -0.0000              -0.0000              -0.0000               0.0000              -0.0000              -0.0000              -0.0000               0.0000
[Row  15]               0.0587               0.6484              -1.0459               0.0000              -0.0000               0.7605              -1.1155               0.0000              -0.0000               0.2285
[Row  16]               0.1122               0.9298              -0.6589               0.0000              -0.0000               1.0149              -0.7154               0.0000               0.0000               0.1661
                  [Col 11]              [Col 12]              [Col 13]              [Col 14]              [Col 15]              [Col 16]
[Row   1]              -0.0000               0.0000               0.0000              -0.0000               0.0587               0.1122
[Row   2]              -0.0000               0.0000              -0.0000               0.0000               0.6484               0.9298
[Row   3]              -0.0000              -0.0000              -0.0000              -0.0000              -1.0459              -0.6589
[Row   4]              -0.0502              -0.0000               0.0000              -0.0000               0.0000               0.0000
[Row   5]               0.0000              -0.0502              -0.0000              -0.0000              -0.0000              -0.0000
[Row   6]              -0.0000               0.0000              -0.0000               0.0000               0.7605               1.0149
[Row   7]              -0.0000              -0.0000              -0.0000              -0.0000              -1.1155              -0.7154
[Row   8]              -0.0455              -0.0000               0.0000              -0.0000               0.0000               0.0000
[Row   9]               0.0000              -0.0455              -0.0000              -0.0000              -0.0000               0.0000
[Row  10]               0.0000               0.0000               0.0000               0.0000               0.2285               0.1661
[Row  11]               0.0015               0.0000              -0.0000               0.0000               0.0000               0.0000
[Row  12]               0.0000               0.0015               0.0000               0.0000               0.0000               0.0000
[Row  13]              -0.0000               0.0000               0.0000              -0.0000               0.0000               0.0000
[Row  14]               0.0000               0.0000              -0.0000               0.0000               0.0000               0.0000
[Row  15]               0.0000               0.0000               0.0000               0.0000               1.1350               0.9396
[Row  16]               0.0000               0.0000               0.0000               0.0000               0.9396               0.8938
====== S^(AO) = S =====

                  [Col  1]              [Col  2]              [Col  3]              [Col  4]              [Col  5]              [Col  6]              [Col  7]              [Col  8]              [Col  9]              [Col 10]
[Row   1]               1.0000               0.2443               0.0000               0.0000               0.0000               0.1716              -0.0000               0.0000               0.0000               0.0000
[Row   2]               0.2443               1.0000               0.0000               0.0000               0.0000               0.7635               0.0000               0.0000               0.0000               0.0000
[Row   3]               0.0000               0.0000               1.0000               0.0000               0.0000               0.0000               0.4995               0.0000               0.0000               0.0000
[Row   4]               0.0000               0.0000               0.0000               1.0000               0.0000               0.0000               0.0000               0.4995               0.0000               0.0000
[Row   5]               0.0000               0.0000               0.0000               0.0000               1.0000               0.0000               0.0000               0.0000               0.4995               0.0000
[Row   6]               0.1716               0.7635               0.0000               0.0000               0.0000               1.0000               0.0000               0.0000               0.0000               0.0000
[Row   7]              -0.0000               0.0000               0.4995               0.0000               0.0000               0.0000               1.0000               0.0000               0.0000               0.0000
[Row   8]               0.0000               0.0000               0.0000               0.4995               0.0000               0.0000               0.0000               1.0000               0.0000               0.0000
[Row   9]               0.0000               0.0000               0.0000               0.0000               0.4995               0.0000               0.0000               0.0000               1.0000               0.0000
[Row  10]               0.0000               0.0000               0.0000               0.0000               0.0000               0.0000               0.0000               0.0000               0.0000               1.0000
[Row  11]               0.0000               0.0000               0.0000               0.0000               0.0000               0.0000               0.0000               0.0000               0.0000               0.0000
[Row  12]               0.0000               0.0000               0.0000               0.0000               0.0000               0.0000               0.0000               0.0000               0.0000               0.0000
[Row  13]               0.0000               0.0000               0.0000               0.0000               0.0000               0.0000               0.0000               0.0000               0.0000               0.0000
[Row  14]               0.0000               0.0000               0.0000               0.0000               0.0000               0.0000               0.0000               0.0000               0.0000               0.0000
[Row  15]               0.0318               0.2162              -0.2318               0.0000               0.0000               0.4193              -0.5919               0.0000               0.0000               0.3958
[Row  16]               0.0591               0.3268              -0.1101               0.0000               0.0000               0.6296              -0.4129               0.0000               0.0000               0.0689
                  [Col 11]              [Col 12]              [Col 13]              [Col 14]              [Col 15]              [Col 16]
[Row   1]               0.0000               0.0000               0.0000               0.0000               0.0318               0.0591
[Row   2]               0.0000               0.0000               0.0000               0.0000               0.2162               0.3268
[Row   3]               0.0000               0.0000               0.0000               0.0000              -0.2318              -0.1101
[Row   4]               0.0000               0.0000               0.0000               0.0000               0.0000               0.0000
[Row   5]               0.0000               0.0000               0.0000               0.0000               0.0000               0.0000
[Row   6]               0.0000               0.0000               0.0000               0.0000               0.4193               0.6296
[Row   7]               0.0000               0.0000               0.0000               0.0000              -0.5919              -0.4129
[Row   8]               0.0000               0.0000               0.0000               0.0000               0.0000               0.0000
[Row   9]               0.0000               0.0000               0.0000               0.0000               0.0000               0.0000
[Row  10]               0.0000               0.0000               0.0000               0.0000               0.3958               0.0689
[Row  11]               1.0000               0.0000               0.0000               0.0000               0.0000               0.0000
[Row  12]               0.0000               1.0000               0.0000               0.0000               0.0000               0.0000
[Row  13]               0.0000               0.0000               1.0000               0.0000              -0.0000              -0.0000
[Row  14]               0.0000               0.0000               0.0000               1.0000               0.0000               0.0000
[Row  15]               0.0000               0.0000              -0.0000               0.0000               1.0000               0.6583
[Row  16]               0.0000               0.0000              -0.0000               0.0000               0.6583               1.0000
====== P^(AO) std gaussian m_l ordering SPS =====

                  [Col  1]              [Col  2]              [Col  3]              [Col  4]              [Col  5]              [Col  6]              [Col  7]              [Col  8]              [Col  9]              [Col 10]
[Row   1]               1.9998               0.4951              -0.0000              -0.0000              -0.0025               0.3378              -0.0000               0.0000              -0.0008              -0.0011
[Row   2]               0.4951               1.7332               0.0000               0.0000               0.0965               1.7512               0.0000               0.0000               0.0608               0.0524
[Row   3]              -0.0000               0.0000               1.6361               0.0000              -0.0000               0.0000               1.4843               0.0000              -0.0000               0.0000
[Row   4]              -0.0000               0.0000               0.0000               1.6361              -0.0000               0.0000               0.0000               1.4843               0.0000              -0.0000
[Row   5]              -0.0025               0.0965              -0.0000              -0.0000               1.3355              -0.0155              -0.0000              -0.0000               1.4014              -0.2518
[Row   6]               0.3378               1.7512               0.0000               0.0000              -0.0155               1.7937               0.0000               0.0000              -0.0585               0.0765
[Row   7]              -0.0000               0.0000               1.4843               0.0000              -0.0000               0.0000               1.3466               0.0000              -0.0000               0.0000
[Row   8]               0.0000               0.0000               0.0000               1.4843              -0.0000               0.0000               0.0000               1.3466               0.0000              -0.0000
[Row   9]              -0.0008               0.0608              -0.0000               0.0000               1.4014              -0.0585              -0.0000               0.0000               1.4715              -0.2660
[Row  10]              -0.0011               0.0524               0.0000              -0.0000              -0.2518               0.0765               0.0000              -0.0000              -0.2660               0.0506
[Row  11]              -0.0000              -0.0000              -0.0502               0.0000              -0.0000              -0.0000              -0.0455               0.0000              -0.0000               0.0000
[Row  12]               0.0000               0.0000              -0.0000              -0.0502              -0.0000               0.0000              -0.0000              -0.0455              -0.0000               0.0000
[Row  13]               0.0000              -0.0000               0.0000              -0.0000              -0.0000              -0.0000               0.0000              -0.0000              -0.0000               0.0000
[Row  14]              -0.0000               0.0000              -0.0000              -0.0000              -0.0000               0.0000              -0.0000              -0.0000              -0.0000               0.0000
[Row  15]               0.0587               0.6484               0.0000              -0.0000              -1.0459               0.7605               0.0000              -0.0000              -1.1155               0.2285
[Row  16]               0.1122               0.9298               0.0000              -0.0000              -0.6589               1.0149               0.0000               0.0000              -0.7154               0.1661
                  [Col 11]              [Col 12]              [Col 13]              [Col 14]              [Col 15]              [Col 16]
[Row   1]              -0.0000               0.0000               0.0000              -0.0000               0.0587               0.1122
[Row   2]              -0.0000               0.0000              -0.0000               0.0000               0.6484               0.9298
[Row   3]              -0.0502              -0.0000               0.0000              -0.0000               0.0000               0.0000
[Row   4]               0.0000              -0.0502              -0.0000              -0.0000              -0.0000              -0.0000
[Row   5]              -0.0000              -0.0000              -0.0000              -0.0000              -1.0459              -0.6589
[Row   6]              -0.0000               0.0000              -0.0000               0.0000               0.7605               1.0149
[Row   7]              -0.0455              -0.0000               0.0000              -0.0000               0.0000               0.0000
[Row   8]               0.0000              -0.0455              -0.0000              -0.0000              -0.0000               0.0000
[Row   9]              -0.0000              -0.0000              -0.0000              -0.0000              -1.1155              -0.7154
[Row  10]               0.0000               0.0000               0.0000               0.0000               0.2285               0.1661
[Row  11]               0.0015               0.0000              -0.0000               0.0000               0.0000               0.0000
[Row  12]               0.0000               0.0015               0.0000               0.0000               0.0000               0.0000
[Row  13]              -0.0000               0.0000               0.0000              -0.0000               0.0000               0.0000
[Row  14]               0.0000               0.0000              -0.0000               0.0000               0.0000               0.0000
[Row  15]               0.0000               0.0000               0.0000               0.0000               1.1350               0.9396
[Row  16]               0.0000               0.0000               0.0000               0.0000               0.9396               0.8938
====== S^(AO) std gaussian m_l ordering =====

                  [Col  1]              [Col  2]              [Col  3]              [Col  4]              [Col  5]              [Col  6]              [Col  7]              [Col  8]              [Col  9]              [Col 10]
[Row   1]               1.0000               0.2443               0.0000               0.0000               0.0000               0.1716               0.0000               0.0000              -0.0000               0.0000
[Row   2]               0.2443               1.0000               0.0000               0.0000               0.0000               0.7635               0.0000               0.0000               0.0000               0.0000
[Row   3]               0.0000               0.0000               1.0000               0.0000               0.0000               0.0000               0.4995               0.0000               0.0000               0.0000
[Row   4]               0.0000               0.0000               0.0000               1.0000               0.0000               0.0000               0.0000               0.4995               0.0000               0.0000
[Row   5]               0.0000               0.0000               0.0000               0.0000               1.0000               0.0000               0.0000               0.0000               0.4995               0.0000
[Row   6]               0.1716               0.7635               0.0000               0.0000               0.0000               1.0000               0.0000               0.0000               0.0000               0.0000
[Row   7]               0.0000               0.0000               0.4995               0.0000               0.0000               0.0000               1.0000               0.0000               0.0000               0.0000
[Row   8]               0.0000               0.0000               0.0000               0.4995               0.0000               0.0000               0.0000               1.0000               0.0000               0.0000
[Row   9]              -0.0000               0.0000               0.0000               0.0000               0.4995               0.0000               0.0000               0.0000               1.0000               0.0000
[Row  10]               0.0000               0.0000               0.0000               0.0000               0.0000               0.0000               0.0000               0.0000               0.0000               1.0000
[Row  11]               0.0000               0.0000               0.0000               0.0000               0.0000               0.0000               0.0000               0.0000               0.0000               0.0000
[Row  12]               0.0000               0.0000               0.0000               0.0000               0.0000               0.0000               0.0000               0.0000               0.0000               0.0000
[Row  13]               0.0000               0.0000               0.0000               0.0000               0.0000               0.0000               0.0000               0.0000               0.0000               0.0000
[Row  14]               0.0000               0.0000               0.0000               0.0000               0.0000               0.0000               0.0000               0.0000               0.0000               0.0000
[Row  15]               0.0318               0.2162               0.0000               0.0000              -0.2318               0.4193               0.0000               0.0000              -0.5919               0.3958
[Row  16]               0.0591               0.3268               0.0000               0.0000              -0.1101               0.6296               0.0000               0.0000              -0.4129               0.0689
                  [Col 11]              [Col 12]              [Col 13]              [Col 14]              [Col 15]              [Col 16]
[Row   1]               0.0000               0.0000               0.0000               0.0000               0.0318               0.0591
[Row   2]               0.0000               0.0000               0.0000               0.0000               0.2162               0.3268
[Row   3]               0.0000               0.0000               0.0000               0.0000               0.0000               0.0000
[Row   4]               0.0000               0.0000               0.0000               0.0000               0.0000               0.0000
[Row   5]               0.0000               0.0000               0.0000               0.0000              -0.2318              -0.1101
[Row   6]               0.0000               0.0000               0.0000               0.0000               0.4193               0.6296
[Row   7]               0.0000               0.0000               0.0000               0.0000               0.0000               0.0000
[Row   8]               0.0000               0.0000               0.0000               0.0000               0.0000               0.0000
[Row   9]               0.0000               0.0000               0.0000               0.0000              -0.5919              -0.4129
[Row  10]               0.0000               0.0000               0.0000               0.0000               0.3958               0.0689
[Row  11]               1.0000               0.0000               0.0000               0.0000               0.0000               0.0000
[Row  12]               0.0000               1.0000               0.0000               0.0000               0.0000               0.0000
[Row  13]               0.0000               0.0000               1.0000               0.0000              -0.0000              -0.0000
[Row  14]               0.0000               0.0000               0.0000               1.0000               0.0000               0.0000
[Row  15]               0.0000               0.0000              -0.0000               0.0000               1.0000               0.6583
[Row  16]               0.0000               0.0000              -0.0000               0.0000               0.6583               1.0000
