molecule mol20.xyz
System:, atNum: 17 coords [              0.0000               0.0000               0.1344]
System:, atNum: 1 coords [              0.0000               0.0000              -2.2844]
===== Original AO-S matrix =====

                  [Col  1]              [Col  2]              [Col  3]              [Col  4]              [Col  5]              [Col  6]              [Col  7]              [Col  8]              [Col  9]              [Col 10]
[Row   1]               1.0000               0.2672               0.0000               0.0000               0.0000               0.0112               0.0000               0.0000               0.0000               0.0341
[Row   2]               0.2672               1.0000              -0.0000               0.0000               0.0000               0.3358              -0.0000               0.0000               0.0000               0.2556
[Row   3]               0.0000              -0.0000               1.0000               0.0000               0.0000              -0.0000               0.3254               0.0000               0.0000               0.0000
[Row   4]               0.0000               0.0000               0.0000               1.0000               0.0000               0.0000               0.0000               0.3254               0.0000               0.0000
[Row   5]               0.0000               0.0000               0.0000               0.0000               1.0000               0.0000               0.0000               0.0000               0.3254               0.0000
[Row   6]               0.0112               0.3358              -0.0000               0.0000               0.0000               1.0000               0.0000               0.0000               0.0000               0.8259
[Row   7]               0.0000              -0.0000               0.3254               0.0000               0.0000               0.0000               1.0000               0.0000               0.0000               0.0000
[Row   8]               0.0000               0.0000               0.0000               0.3254               0.0000               0.0000               0.0000               1.0000               0.0000               0.0000
[Row   9]               0.0000               0.0000               0.0000               0.0000               0.3254               0.0000               0.0000               0.0000               1.0000               0.0000
[Row  10]               0.0341               0.2556               0.0000               0.0000               0.0000               0.8259               0.0000               0.0000               0.0000               1.0000
[Row  11]              -0.0000               0.0000               0.0714               0.0000               0.0000               0.0000               0.6243               0.0000               0.0000               0.0000
[Row  12]               0.0000               0.0000               0.0000               0.0714               0.0000               0.0000               0.0000               0.6243               0.0000               0.0000
[Row  13]               0.0000               0.0000               0.0000               0.0000               0.0714               0.0000               0.0000               0.0000               0.6243               0.0000
[Row  14]               0.0000               0.0000               0.0000               0.0000               0.0000               0.0000               0.0000               0.0000               0.0000               0.0000
[Row  15]               0.0000               0.0000               0.0000               0.0000               0.0000               0.0000               0.0000               0.0000               0.0000               0.0000
[Row  16]               0.0000               0.0000               0.0000               0.0000               0.0000               0.0000               0.0000               0.0000               0.0000               0.0000
[Row  17]               0.0000               0.0000               0.0000               0.0000               0.0000               0.0000               0.0000               0.0000               0.0000               0.0000
[Row  18]               0.0000               0.0000               0.0000               0.0000               0.0000               0.0000               0.0000               0.0000               0.0000               0.0000
[Row  19]               0.0021               0.0238              -0.0230               0.0000               0.0000               0.2043              -0.3263               0.0000               0.0000               0.3097
[Row  20]               0.0146               0.1136              -0.0325               0.0000               0.0000               0.4398              -0.3246               0.0000               0.0000               0.6404
                  [Col 11]              [Col 12]              [Col 13]              [Col 14]              [Col 15]              [Col 16]              [Col 17]              [Col 18]              [Col 19]              [Col 20]
[Row   1]              -0.0000               0.0000               0.0000               0.0000               0.0000               0.0000               0.0000               0.0000               0.0021               0.0146
[Row   2]               0.0000               0.0000               0.0000               0.0000               0.0000               0.0000               0.0000               0.0000               0.0238               0.1136
[Row   3]               0.0714               0.0000               0.0000               0.0000               0.0000               0.0000               0.0000               0.0000              -0.0230              -0.0325
[Row   4]               0.0000               0.0714               0.0000               0.0000               0.0000               0.0000               0.0000               0.0000               0.0000               0.0000
[Row   5]               0.0000               0.0000               0.0714               0.0000               0.0000               0.0000               0.0000               0.0000               0.0000               0.0000
[Row   6]               0.0000               0.0000               0.0000               0.0000               0.0000               0.0000               0.0000               0.0000               0.2043               0.4398
[Row   7]               0.6243               0.0000               0.0000               0.0000               0.0000               0.0000               0.0000               0.0000              -0.3263              -0.3246
[Row   8]               0.0000               0.6243               0.0000               0.0000               0.0000               0.0000               0.0000               0.0000               0.0000               0.0000
[Row   9]               0.0000               0.0000               0.6243               0.0000               0.0000               0.0000               0.0000               0.0000               0.0000               0.0000
[Row  10]               0.0000               0.0000               0.0000               0.0000               0.0000               0.0000               0.0000               0.0000               0.3097               0.6404
[Row  11]               1.0000               0.0000               0.0000               0.0000               0.0000               0.0000               0.0000               0.0000              -0.4704              -0.6209
[Row  12]               0.0000               1.0000               0.0000               0.0000               0.0000               0.0000               0.0000               0.0000               0.0000               0.0000
[Row  13]               0.0000               0.0000               1.0000               0.0000               0.0000               0.0000               0.0000               0.0000               0.0000               0.0000
[Row  14]               0.0000               0.0000               0.0000               1.0000               0.0000               0.0000               0.0000               0.0000               0.2659               0.0974
[Row  15]               0.0000               0.0000               0.0000               0.0000               1.0000               0.0000               0.0000               0.0000               0.0000               0.0000
[Row  16]               0.0000               0.0000               0.0000               0.0000               0.0000               1.0000               0.0000               0.0000               0.0000               0.0000
[Row  17]               0.0000               0.0000               0.0000               0.0000               0.0000               0.0000               1.0000               0.0000               0.0000              -0.0000
[Row  18]               0.0000               0.0000               0.0000               0.0000               0.0000               0.0000               0.0000               1.0000               0.0000               0.0000
[Row  19]              -0.4704               0.0000               0.0000               0.2659               0.0000               0.0000               0.0000               0.0000               1.0000               0.6583
[Row  20]              -0.6209               0.0000               0.0000               0.0974               0.0000               0.0000              -0.0000               0.0000               0.6583               1.0000
nbas 20
 ===== CA ===== 

                  [Col  1]              [Col  2]              [Col  3]              [Col  4]              [Col  5]              [Col  6]              [Col  7]              [Col  8]              [Col  9]              [Col 10]
[Row   1]               0.9965               0.2868               0.0015              -0.0000               0.0000               0.0783               0.0235               0.0000              -0.0000               0.0221
[Row   2]               0.0126              -1.0311              -0.0055               0.0000              -0.0000              -0.3576              -0.1096              -0.0000               0.0000              -0.1065
[Row   3]              -0.0001               0.0046              -0.9928              -0.0000              -0.0000               0.0382              -0.2303              -0.0000               0.0000               0.1460
[Row   4]               0.0000              -0.0000              -0.0000               0.9929               0.0378              -0.0000              -0.0000               0.2254               0.1657               0.0000
[Row   5]              -0.0000               0.0000              -0.0000              -0.0378               0.9929               0.0000               0.0000              -0.1657               0.2254               0.0000
[Row   6]              -0.0039              -0.0226               0.0017              -0.0000               0.0000               0.7078               0.2237               0.0000              -0.0000               0.2183
[Row   7]               0.0001               0.0011              -0.0228               0.0000              -0.0000              -0.0891               0.5817               0.0000              -0.0000              -0.3844
[Row   8]              -0.0000               0.0000               0.0000               0.0203               0.0008               0.0000               0.0000              -0.5839              -0.4292              -0.0000
[Row   9]              -0.0000               0.0000              -0.0000              -0.0008               0.0203              -0.0000              -0.0000               0.4292              -0.5839              -0.0000
[Row  10]               0.0024               0.0073              -0.0023              -0.0000              -0.0000               0.3060               0.2301               0.0000              -0.0000               0.8667
[Row  11]              -0.0005              -0.0015               0.0066              -0.0000               0.0000              -0.0200               0.1844               0.0000              -0.0000              -1.0217
[Row  12]               0.0000               0.0000              -0.0000              -0.0045              -0.0002               0.0000               0.0000              -0.3330              -0.2448              -0.0000
[Row  13]               0.0000              -0.0000               0.0000               0.0002              -0.0045              -0.0000              -0.0000               0.2448              -0.3330               0.0000
[Row  14]               0.0000              -0.0003               0.0007               0.0000               0.0000               0.0296              -0.0715               0.0000              -0.0000              -0.0782
[Row  15]               0.0000               0.0000               0.0000              -0.0003              -0.0000              -0.0000               0.0000               0.0129               0.0095              -0.0000
[Row  16]               0.0000              -0.0000              -0.0000               0.0000              -0.0003               0.0000              -0.0000              -0.0095               0.0129               0.0000
[Row  17]               0.0000              -0.0000               0.0000               0.0000               0.0000              -0.0000              -0.0000               0.0000              -0.0000               0.0000
[Row  18]               0.0000               0.0000              -0.0000               0.0000              -0.0000              -0.0000               0.0000              -0.0000              -0.0000               0.0000
[Row  19]               0.0002               0.0006              -0.0013               0.0000              -0.0000               0.1482              -0.2841              -0.0000               0.0000              -0.1792
[Row  20]              -0.0008              -0.0023               0.0030               0.0000               0.0000               0.0297              -0.2373              -0.0000               0.0000              -1.6963
                  [Col 11]              [Col 12]              [Col 13]              [Col 14]              [Col 15]              [Col 16]              [Col 17]              [Col 18]              [Col 19]              [Col 20]
[Row   1]               0.0660               0.0333               0.0000              -0.0000               0.0333              -0.0000               0.0000               0.0000               0.0000              -0.0008
[Row   2]              -0.0835              -0.0673              -0.0000               0.0000              -0.0459               0.0000               0.0000              -0.0000              -0.0000               0.0351
[Row   3]               0.0312              -0.2371              -0.0000               0.0000               0.2032              -0.0000               0.0000              -0.0000               0.0000              -0.0430
[Row   4]              -0.0000              -0.0000               0.0723               0.2907               0.0000               0.0043               0.0062               0.0000              -0.0000              -0.0000
[Row   5]               0.0000               0.0000              -0.2907               0.0723              -0.0000              -0.0062               0.0043               0.0000               0.0000              -0.0000
[Row   6]               1.4919               0.6665               0.0000              -0.0000               0.7402              -0.0000              -0.0000               0.0000               0.0000               0.0966
[Row   7]              -0.1842               0.9448               0.0000              -0.0000              -0.7598               0.0000              -0.0000              -0.0000              -0.0000               0.1123
[Row   8]               0.0000               0.0000              -0.2811              -1.1306              -0.0000              -0.0141              -0.0206              -0.0000               0.0000               0.0000
[Row   9]              -0.0000              -0.0000               1.1306              -0.2811               0.0000               0.0206              -0.0141              -0.0000              -0.0000               0.0000
[Row  10]              -1.9280              -0.7274              -0.0000               0.0000              -1.6664               0.0000              -0.0000              -0.0000              -0.0000              -0.2038
[Row  11]               0.7182              -1.0771              -0.0000               0.0000               1.3565              -0.0000               0.0000               0.0000               0.0000               0.2254
[Row  12]              -0.0000              -0.0000               0.2976               1.1972               0.0000               0.0042               0.0061               0.0000              -0.0000              -0.0000
[Row  13]               0.0000               0.0000              -1.1972               0.2976              -0.0000              -0.0061               0.0042               0.0000               0.0000              -0.0000
[Row  14]               0.2365              -0.1383               0.0000              -0.0000              -0.3970               0.0000              -0.0000              -0.0000              -0.0000              -0.9405
[Row  15]              -0.0000              -0.0000               0.0028               0.0111              -0.0000              -0.5668              -0.8236              -0.0000               0.0000               0.0000
[Row  16]               0.0000              -0.0000              -0.0111               0.0028               0.0000               0.8236              -0.5668               0.0000              -0.0000               0.0000
[Row  17]              -0.0000              -0.0000               0.0000              -0.0000              -0.0000              -0.0000               0.0000               0.9997               0.0244              -0.0000
[Row  18]              -0.0000               0.0000               0.0000               0.0000               0.0000              -0.0000              -0.0000               0.0244              -0.9997               0.0000
[Row  19]               0.3916              -0.2810               0.0000               0.0000              -0.8669               0.0000               0.0000               0.0000              -0.0000               0.9502
[Row  20]               0.3879               0.2210               0.0000              -0.0000               2.0509              -0.0000              -0.0000               0.0000               0.0000              -0.3290
 ===== CB ===== 

                  [Col  1]              [Col  2]              [Col  3]              [Col  4]              [Col  5]              [Col  6]              [Col  7]              [Col  8]              [Col  9]              [Col 10]
[Row   1]               0.9965               0.2868               0.0015              -0.0000               0.0000               0.0783               0.0235               0.0000              -0.0000               0.0221
[Row   2]               0.0126              -1.0311              -0.0055               0.0000              -0.0000              -0.3576              -0.1096              -0.0000               0.0000              -0.1065
[Row   3]              -0.0001               0.0046              -0.9928              -0.0000              -0.0000               0.0382              -0.2303              -0.0000               0.0000               0.1460
[Row   4]               0.0000              -0.0000              -0.0000               0.9929               0.0378              -0.0000              -0.0000               0.2254               0.1657               0.0000
[Row   5]              -0.0000               0.0000              -0.0000              -0.0378               0.9929               0.0000               0.0000              -0.1657               0.2254               0.0000
[Row   6]              -0.0039              -0.0226               0.0017              -0.0000               0.0000               0.7078               0.2237               0.0000              -0.0000               0.2183
[Row   7]               0.0001               0.0011              -0.0228               0.0000              -0.0000              -0.0891               0.5817               0.0000              -0.0000              -0.3844
[Row   8]              -0.0000               0.0000               0.0000               0.0203               0.0008               0.0000               0.0000              -0.5839              -0.4292              -0.0000
[Row   9]              -0.0000               0.0000              -0.0000              -0.0008               0.0203              -0.0000              -0.0000               0.4292              -0.5839              -0.0000
[Row  10]               0.0024               0.0073              -0.0023              -0.0000              -0.0000               0.3060               0.2301               0.0000              -0.0000               0.8667
[Row  11]              -0.0005              -0.0015               0.0066              -0.0000               0.0000              -0.0200               0.1844               0.0000              -0.0000              -1.0217
[Row  12]               0.0000               0.0000              -0.0000              -0.0045              -0.0002               0.0000               0.0000              -0.3330              -0.2448              -0.0000
[Row  13]               0.0000              -0.0000               0.0000               0.0002              -0.0045              -0.0000              -0.0000               0.2448              -0.3330               0.0000
[Row  14]               0.0000              -0.0003               0.0007               0.0000               0.0000               0.0296              -0.0715               0.0000              -0.0000              -0.0782
[Row  15]               0.0000               0.0000               0.0000              -0.0003              -0.0000              -0.0000               0.0000               0.0129               0.0095              -0.0000
[Row  16]               0.0000              -0.0000              -0.0000               0.0000              -0.0003               0.0000              -0.0000              -0.0095               0.0129               0.0000
[Row  17]               0.0000              -0.0000               0.0000               0.0000               0.0000              -0.0000              -0.0000               0.0000              -0.0000               0.0000
[Row  18]               0.0000               0.0000              -0.0000               0.0000              -0.0000              -0.0000               0.0000              -0.0000              -0.0000               0.0000
[Row  19]               0.0002               0.0006              -0.0013               0.0000              -0.0000               0.1482              -0.2841              -0.0000               0.0000              -0.1792
[Row  20]              -0.0008              -0.0023               0.0030               0.0000               0.0000               0.0297              -0.2373              -0.0000               0.0000              -1.6963
                  [Col 11]              [Col 12]              [Col 13]              [Col 14]              [Col 15]              [Col 16]              [Col 17]              [Col 18]              [Col 19]              [Col 20]
[Row   1]               0.0660               0.0333               0.0000              -0.0000               0.0333              -0.0000               0.0000               0.0000               0.0000              -0.0008
[Row   2]              -0.0835              -0.0673              -0.0000               0.0000              -0.0459               0.0000               0.0000              -0.0000              -0.0000               0.0351
[Row   3]               0.0312              -0.2371              -0.0000               0.0000               0.2032              -0.0000               0.0000              -0.0000               0.0000              -0.0430
[Row   4]              -0.0000              -0.0000               0.0723               0.2907               0.0000               0.0043               0.0062               0.0000              -0.0000              -0.0000
[Row   5]               0.0000               0.0000              -0.2907               0.0723              -0.0000              -0.0062               0.0043               0.0000               0.0000              -0.0000
[Row   6]               1.4919               0.6665               0.0000              -0.0000               0.7402              -0.0000              -0.0000               0.0000               0.0000               0.0966
[Row   7]              -0.1842               0.9448               0.0000              -0.0000              -0.7598               0.0000              -0.0000              -0.0000              -0.0000               0.1123
[Row   8]               0.0000               0.0000              -0.2811              -1.1306              -0.0000              -0.0141              -0.0206              -0.0000               0.0000               0.0000
[Row   9]              -0.0000              -0.0000               1.1306              -0.2811               0.0000               0.0206              -0.0141              -0.0000              -0.0000               0.0000
[Row  10]              -1.9280              -0.7274              -0.0000               0.0000              -1.6664               0.0000              -0.0000              -0.0000              -0.0000              -0.2038
[Row  11]               0.7182              -1.0771              -0.0000               0.0000               1.3565              -0.0000               0.0000               0.0000               0.0000               0.2254
[Row  12]              -0.0000              -0.0000               0.2976               1.1972               0.0000               0.0042               0.0061               0.0000              -0.0000              -0.0000
[Row  13]               0.0000               0.0000              -1.1972               0.2976              -0.0000              -0.0061               0.0042               0.0000               0.0000              -0.0000
[Row  14]               0.2365              -0.1383               0.0000              -0.0000              -0.3970               0.0000              -0.0000              -0.0000              -0.0000              -0.9405
[Row  15]              -0.0000              -0.0000               0.0028               0.0111              -0.0000              -0.5668              -0.8236              -0.0000               0.0000               0.0000
[Row  16]               0.0000              -0.0000              -0.0111               0.0028               0.0000               0.8236              -0.5668               0.0000              -0.0000               0.0000
[Row  17]              -0.0000              -0.0000               0.0000              -0.0000              -0.0000              -0.0000               0.0000               0.9997               0.0244              -0.0000
[Row  18]              -0.0000               0.0000               0.0000               0.0000               0.0000              -0.0000              -0.0000               0.0244              -0.9997               0.0000
[Row  19]               0.3916              -0.2810               0.0000               0.0000              -0.8669               0.0000               0.0000               0.0000              -0.0000               0.9502
[Row  20]               0.3879               0.2210               0.0000              -0.0000               2.0509              -0.0000              -0.0000               0.0000               0.0000              -0.3290
 ===== P_psi ===== Dalpha+Dbeta 

                  [Col  1]              [Col  2]              [Col  3]              [Col  4]              [Col  5]              [Col  6]              [Col  7]              [Col  8]              [Col  9]              [Col 10]
[Row   1]               2.1641              -0.6276              -0.0053               0.0000              -0.0000               0.1008               0.0143              -0.0000              -0.0000               0.0677
[Row   2]              -0.6276               2.4065               0.0246               0.0000               0.0000              -0.5089              -0.0658              -0.0000               0.0000              -0.2842
[Row   3]              -0.0053               0.0246               2.0803               0.0000               0.0000              -0.0526              -0.2295              -0.0000              -0.0000              -0.0781
[Row   4]               0.0000               0.0000               0.0000               2.1309              -0.0000              -0.0000               0.0000              -0.3652               0.0000              -0.0000
[Row   5]              -0.0000               0.0000               0.0000              -0.0000               2.1309              -0.0000               0.0000               0.0000              -0.3652               0.0000
[Row   6]               0.1008              -0.5089              -0.0526              -0.0000              -0.0000               1.1032               0.1340               0.0000              -0.0000               0.5358
[Row   7]               0.0143              -0.0658              -0.2295               0.0000               0.0000               0.1340               0.6937              -0.0000              -0.0000               0.2134
[Row   8]              -0.0000              -0.0000              -0.0000              -0.3652               0.0000               0.0000              -0.0000               1.0511              -0.0000               0.0000
[Row   9]              -0.0000               0.0000              -0.0000               0.0000              -0.3652              -0.0000              -0.0000              -0.0000               1.0511              -0.0000
[Row  10]               0.0677              -0.2842              -0.0781              -0.0000               0.0000               0.5358               0.2134               0.0000              -0.0000               0.2933
[Row  11]               0.0038              -0.0232              -0.0995               0.0000              -0.0000               0.0542               0.2178              -0.0000               0.0000               0.0725
[Row  12]               0.0000              -0.0000               0.0000              -0.2401               0.0000               0.0000              -0.0000               0.5988               0.0000              -0.0000
[Row  13]               0.0000               0.0000               0.0000              -0.0000              -0.2401               0.0000               0.0000               0.0000               0.5988               0.0000
[Row  14]               0.0011              -0.0049               0.0338               0.0000              -0.0000               0.0100              -0.0885              -0.0000               0.0000              -0.0148
[Row  15]               0.0000               0.0000              -0.0000               0.0083               0.0000              -0.0000               0.0000              -0.0233              -0.0000              -0.0000
[Row  16]               0.0000               0.0000               0.0000              -0.0000               0.0083              -0.0000              -0.0000               0.0000              -0.0233              -0.0000
[Row  17]               0.0000               0.0000              -0.0000               0.0000              -0.0000              -0.0000              -0.0000              -0.0000               0.0000              -0.0000
[Row  18]               0.0000              -0.0000              -0.0000               0.0000              -0.0000              -0.0000               0.0000               0.0000              -0.0000               0.0000
[Row  19]               0.0107              -0.0449               0.1447               0.0000               0.0000               0.0828              -0.3568              -0.0000               0.0000              -0.0400
[Row  20]              -0.0095               0.0354               0.1055               0.0000              -0.0000              -0.0639              -0.2815              -0.0000               0.0000              -0.0911
                  [Col 11]              [Col 12]              [Col 13]              [Col 14]              [Col 15]              [Col 16]              [Col 17]              [Col 18]              [Col 19]              [Col 20]
[Row   1]               0.0038               0.0000               0.0000               0.0011               0.0000               0.0000               0.0000               0.0000               0.0107              -0.0095
[Row   2]              -0.0232              -0.0000               0.0000              -0.0049               0.0000               0.0000               0.0000              -0.0000              -0.0449               0.0354
[Row   3]              -0.0995               0.0000               0.0000               0.0338              -0.0000               0.0000              -0.0000              -0.0000               0.1447               0.1055
[Row   4]               0.0000              -0.2401              -0.0000               0.0000               0.0083              -0.0000               0.0000               0.0000               0.0000               0.0000
[Row   5]              -0.0000               0.0000              -0.2401              -0.0000               0.0000               0.0083              -0.0000              -0.0000               0.0000              -0.0000
[Row   6]               0.0542               0.0000               0.0000               0.0100              -0.0000              -0.0000              -0.0000              -0.0000               0.0828              -0.0639
[Row   7]               0.2178              -0.0000               0.0000              -0.0885               0.0000              -0.0000              -0.0000               0.0000              -0.3568              -0.2815
[Row   8]              -0.0000               0.5988               0.0000              -0.0000              -0.0233               0.0000              -0.0000               0.0000              -0.0000              -0.0000
[Row   9]               0.0000               0.0000               0.5988               0.0000              -0.0000              -0.0233               0.0000              -0.0000               0.0000               0.0000
[Row  10]               0.0725              -0.0000               0.0000              -0.0148              -0.0000              -0.0000              -0.0000               0.0000              -0.0400              -0.0911
[Row  11]               0.0689              -0.0000               0.0000              -0.0275               0.0000              -0.0000              -0.0000               0.0000              -0.1107              -0.0886
[Row  12]              -0.0000               0.3417               0.0000              -0.0000              -0.0133               0.0000              -0.0000               0.0000              -0.0000              -0.0000
[Row  13]               0.0000               0.0000               0.3417               0.0000              -0.0000              -0.0133               0.0000              -0.0000               0.0000               0.0000
[Row  14]              -0.0275              -0.0000               0.0000               0.0120              -0.0000               0.0000               0.0000              -0.0000               0.0494               0.0357
[Row  15]               0.0000              -0.0133              -0.0000              -0.0000               0.0005               0.0000               0.0000              -0.0000              -0.0000              -0.0000
[Row  16]              -0.0000               0.0000              -0.0133               0.0000               0.0000               0.0005              -0.0000               0.0000               0.0000               0.0000
[Row  17]              -0.0000              -0.0000               0.0000               0.0000               0.0000              -0.0000               0.0000              -0.0000               0.0000               0.0000
[Row  18]               0.0000               0.0000              -0.0000              -0.0000              -0.0000               0.0000              -0.0000               0.0000              -0.0000              -0.0000
[Row  19]              -0.1107              -0.0000               0.0000               0.0494              -0.0000               0.0000               0.0000              -0.0000               0.2053               0.1436
[Row  20]              -0.0886              -0.0000               0.0000               0.0357              -0.0000               0.0000               0.0000              -0.0000               0.1436               0.1144
===== P_mu,nu local =====

                  [Col  1]              [Col  2]              [Col  3]              [Col  4]              [Col  5]              [Col  6]              [Col  7]              [Col  8]              [Col  9]              [Col 10]
[Row   1]               2.1641              -0.6276              -0.0053               0.0000              -0.0000               0.1008               0.0143              -0.0000              -0.0000               0.0677
[Row   2]              -0.6276               2.4065               0.0246               0.0000               0.0000              -0.5089              -0.0658              -0.0000               0.0000              -0.2842
[Row   3]              -0.0053               0.0246               2.0803               0.0000               0.0000              -0.0526              -0.2295              -0.0000              -0.0000              -0.0781
[Row   4]               0.0000               0.0000               0.0000               2.1309              -0.0000              -0.0000               0.0000              -0.3652               0.0000              -0.0000
[Row   5]              -0.0000               0.0000               0.0000              -0.0000               2.1309              -0.0000               0.0000               0.0000              -0.3652               0.0000
[Row   6]               0.1008              -0.5089              -0.0526              -0.0000              -0.0000               1.1032               0.1340               0.0000              -0.0000               0.5358
[Row   7]               0.0143              -0.0658              -0.2295               0.0000               0.0000               0.1340               0.6937              -0.0000              -0.0000               0.2134
[Row   8]              -0.0000              -0.0000              -0.0000              -0.3652               0.0000               0.0000              -0.0000               1.0511              -0.0000               0.0000
[Row   9]              -0.0000               0.0000              -0.0000               0.0000              -0.3652              -0.0000              -0.0000              -0.0000               1.0511              -0.0000
[Row  10]               0.0677              -0.2842              -0.0781              -0.0000               0.0000               0.5358               0.2134               0.0000              -0.0000               0.2933
[Row  11]               0.0038              -0.0232              -0.0995               0.0000              -0.0000               0.0542               0.2178              -0.0000               0.0000               0.0725
[Row  12]               0.0000              -0.0000               0.0000              -0.2401               0.0000               0.0000              -0.0000               0.5988               0.0000              -0.0000
[Row  13]               0.0000               0.0000               0.0000              -0.0000              -0.2401               0.0000               0.0000               0.0000               0.5988               0.0000
[Row  14]               0.0011              -0.0049               0.0338               0.0000              -0.0000               0.0100              -0.0885              -0.0000               0.0000              -0.0148
[Row  15]               0.0000               0.0000              -0.0000               0.0083               0.0000              -0.0000               0.0000              -0.0233              -0.0000              -0.0000
[Row  16]               0.0000               0.0000               0.0000              -0.0000               0.0083              -0.0000              -0.0000               0.0000              -0.0233              -0.0000
[Row  17]               0.0000               0.0000              -0.0000               0.0000              -0.0000              -0.0000              -0.0000              -0.0000               0.0000              -0.0000
[Row  18]               0.0000              -0.0000              -0.0000               0.0000              -0.0000              -0.0000               0.0000               0.0000              -0.0000               0.0000
[Row  19]               0.0107              -0.0449               0.1447               0.0000               0.0000               0.0828              -0.3568              -0.0000               0.0000              -0.0400
[Row  20]              -0.0095               0.0354               0.1055               0.0000              -0.0000              -0.0639              -0.2815              -0.0000               0.0000              -0.0911
                  [Col 11]              [Col 12]              [Col 13]              [Col 14]              [Col 15]              [Col 16]              [Col 17]              [Col 18]              [Col 19]              [Col 20]
[Row   1]               0.0038               0.0000               0.0000               0.0011               0.0000               0.0000               0.0000               0.0000               0.0107              -0.0095
[Row   2]              -0.0232              -0.0000               0.0000              -0.0049               0.0000               0.0000               0.0000              -0.0000              -0.0449               0.0354
[Row   3]              -0.0995               0.0000               0.0000               0.0338              -0.0000               0.0000              -0.0000              -0.0000               0.1447               0.1055
[Row   4]               0.0000              -0.2401              -0.0000               0.0000               0.0083              -0.0000               0.0000               0.0000               0.0000               0.0000
[Row   5]              -0.0000               0.0000              -0.2401              -0.0000               0.0000               0.0083              -0.0000              -0.0000               0.0000              -0.0000
[Row   6]               0.0542               0.0000               0.0000               0.0100              -0.0000              -0.0000              -0.0000              -0.0000               0.0828              -0.0639
[Row   7]               0.2178              -0.0000               0.0000              -0.0885               0.0000              -0.0000              -0.0000               0.0000              -0.3568              -0.2815
[Row   8]              -0.0000               0.5988               0.0000              -0.0000              -0.0233               0.0000              -0.0000               0.0000              -0.0000              -0.0000
[Row   9]               0.0000               0.0000               0.5988               0.0000              -0.0000              -0.0233               0.0000              -0.0000               0.0000               0.0000
[Row  10]               0.0725              -0.0000               0.0000              -0.0148              -0.0000              -0.0000              -0.0000               0.0000              -0.0400              -0.0911
[Row  11]               0.0689              -0.0000               0.0000              -0.0275               0.0000              -0.0000              -0.0000               0.0000              -0.1107              -0.0886
[Row  12]              -0.0000               0.3417               0.0000              -0.0000              -0.0133               0.0000              -0.0000               0.0000              -0.0000              -0.0000
[Row  13]               0.0000               0.0000               0.3417               0.0000              -0.0000              -0.0133               0.0000              -0.0000               0.0000               0.0000
[Row  14]              -0.0275              -0.0000               0.0000               0.0120              -0.0000               0.0000               0.0000              -0.0000               0.0494               0.0357
[Row  15]               0.0000              -0.0133              -0.0000              -0.0000               0.0005               0.0000               0.0000              -0.0000              -0.0000              -0.0000
[Row  16]              -0.0000               0.0000              -0.0133               0.0000               0.0000               0.0005              -0.0000               0.0000               0.0000               0.0000
[Row  17]              -0.0000              -0.0000               0.0000               0.0000               0.0000              -0.0000               0.0000              -0.0000               0.0000               0.0000
[Row  18]               0.0000               0.0000              -0.0000              -0.0000              -0.0000               0.0000              -0.0000               0.0000              -0.0000              -0.0000
[Row  19]              -0.1107              -0.0000               0.0000               0.0494              -0.0000               0.0000               0.0000              -0.0000               0.2053               0.1436
[Row  20]              -0.0886              -0.0000               0.0000               0.0357              -0.0000               0.0000               0.0000              -0.0000               0.1436               0.1144
===== P_mu,nu psi4 =====

                  [Col  1]              [Col  2]              [Col  3]              [Col  4]              [Col  5]              [Col  6]              [Col  7]              [Col  8]              [Col  9]              [Col 10]
[Row   1]               2.1641              -0.6276              -0.0053               0.0000              -0.0000               0.1008               0.0143              -0.0000              -0.0000               0.0677
[Row   2]              -0.6276               2.4065               0.0246               0.0000               0.0000              -0.5089              -0.0658              -0.0000               0.0000              -0.2842
[Row   3]              -0.0053               0.0246               2.0803               0.0000               0.0000              -0.0526              -0.2295              -0.0000              -0.0000              -0.0781
[Row   4]               0.0000               0.0000               0.0000               2.1309              -0.0000              -0.0000               0.0000              -0.3652               0.0000              -0.0000
[Row   5]              -0.0000               0.0000               0.0000              -0.0000               2.1309              -0.0000               0.0000               0.0000              -0.3652               0.0000
[Row   6]               0.1008              -0.5089              -0.0526              -0.0000              -0.0000               1.1032               0.1340               0.0000              -0.0000               0.5358
[Row   7]               0.0143              -0.0658              -0.2295               0.0000               0.0000               0.1340               0.6937              -0.0000              -0.0000               0.2134
[Row   8]              -0.0000              -0.0000              -0.0000              -0.3652               0.0000               0.0000              -0.0000               1.0511              -0.0000               0.0000
[Row   9]              -0.0000               0.0000              -0.0000               0.0000              -0.3652              -0.0000              -0.0000              -0.0000               1.0511              -0.0000
[Row  10]               0.0677              -0.2842              -0.0781              -0.0000               0.0000               0.5358               0.2134               0.0000              -0.0000               0.2933
[Row  11]               0.0038              -0.0232              -0.0995               0.0000              -0.0000               0.0542               0.2178              -0.0000               0.0000               0.0725
[Row  12]               0.0000              -0.0000               0.0000              -0.2401               0.0000               0.0000              -0.0000               0.5988               0.0000              -0.0000
[Row  13]               0.0000               0.0000               0.0000              -0.0000              -0.2401               0.0000               0.0000               0.0000               0.5988               0.0000
[Row  14]               0.0011              -0.0049               0.0338               0.0000              -0.0000               0.0100              -0.0885              -0.0000               0.0000              -0.0148
[Row  15]               0.0000               0.0000              -0.0000               0.0083               0.0000              -0.0000               0.0000              -0.0233              -0.0000              -0.0000
[Row  16]               0.0000               0.0000               0.0000              -0.0000               0.0083              -0.0000              -0.0000               0.0000              -0.0233              -0.0000
[Row  17]               0.0000               0.0000              -0.0000               0.0000              -0.0000              -0.0000              -0.0000              -0.0000               0.0000              -0.0000
[Row  18]               0.0000              -0.0000              -0.0000               0.0000              -0.0000              -0.0000               0.0000               0.0000              -0.0000               0.0000
[Row  19]               0.0107              -0.0449               0.1447               0.0000               0.0000               0.0828              -0.3568              -0.0000               0.0000              -0.0400
[Row  20]              -0.0095               0.0354               0.1055               0.0000              -0.0000              -0.0639              -0.2815              -0.0000               0.0000              -0.0911
                  [Col 11]              [Col 12]              [Col 13]              [Col 14]              [Col 15]              [Col 16]              [Col 17]              [Col 18]              [Col 19]              [Col 20]
[Row   1]               0.0038               0.0000               0.0000               0.0011               0.0000               0.0000               0.0000               0.0000               0.0107              -0.0095
[Row   2]              -0.0232              -0.0000               0.0000              -0.0049               0.0000               0.0000               0.0000              -0.0000              -0.0449               0.0354
[Row   3]              -0.0995               0.0000               0.0000               0.0338              -0.0000               0.0000              -0.0000              -0.0000               0.1447               0.1055
[Row   4]               0.0000              -0.2401              -0.0000               0.0000               0.0083              -0.0000               0.0000               0.0000               0.0000               0.0000
[Row   5]              -0.0000               0.0000              -0.2401              -0.0000               0.0000               0.0083              -0.0000              -0.0000               0.0000              -0.0000
[Row   6]               0.0542               0.0000               0.0000               0.0100              -0.0000              -0.0000              -0.0000              -0.0000               0.0828              -0.0639
[Row   7]               0.2178              -0.0000               0.0000              -0.0885               0.0000              -0.0000              -0.0000               0.0000              -0.3568              -0.2815
[Row   8]              -0.0000               0.5988               0.0000              -0.0000              -0.0233               0.0000              -0.0000               0.0000              -0.0000              -0.0000
[Row   9]               0.0000               0.0000               0.5988               0.0000              -0.0000              -0.0233               0.0000              -0.0000               0.0000               0.0000
[Row  10]               0.0725              -0.0000               0.0000              -0.0148              -0.0000              -0.0000              -0.0000               0.0000              -0.0400              -0.0911
[Row  11]               0.0689              -0.0000               0.0000              -0.0275               0.0000              -0.0000              -0.0000               0.0000              -0.1107              -0.0886
[Row  12]              -0.0000               0.3417               0.0000              -0.0000              -0.0133               0.0000              -0.0000               0.0000              -0.0000              -0.0000
[Row  13]               0.0000               0.0000               0.3417               0.0000              -0.0000              -0.0133               0.0000              -0.0000               0.0000               0.0000
[Row  14]              -0.0275              -0.0000               0.0000               0.0120              -0.0000               0.0000               0.0000              -0.0000               0.0494               0.0357
[Row  15]               0.0000              -0.0133              -0.0000              -0.0000               0.0005               0.0000               0.0000              -0.0000              -0.0000              -0.0000
[Row  16]              -0.0000               0.0000              -0.0133               0.0000               0.0000               0.0005              -0.0000               0.0000               0.0000               0.0000
[Row  17]              -0.0000              -0.0000               0.0000               0.0000               0.0000              -0.0000               0.0000              -0.0000               0.0000               0.0000
[Row  18]               0.0000               0.0000              -0.0000              -0.0000              -0.0000               0.0000              -0.0000               0.0000              -0.0000              -0.0000
[Row  19]              -0.1107              -0.0000               0.0000               0.0494              -0.0000               0.0000               0.0000              -0.0000               0.2053               0.1436
[Row  20]              -0.0886              -0.0000               0.0000               0.0357              -0.0000               0.0000               0.0000              -0.0000               0.1436               0.1144
====== P^(AO) = SPS =====

                  [Col  1]              [Col  2]              [Col  3]              [Col  4]              [Col  5]              [Col  6]              [Col  7]              [Col  8]              [Col  9]              [Col 10]
[Row   1]               2.0000               0.5344              -0.0000               0.0000              -0.0000               0.0218               0.0003               0.0000               0.0000               0.0692
[Row   2]               0.5344               1.9999               0.0000               0.0000               0.0000               0.6740              -0.0019              -0.0000               0.0000               0.5070
[Row   3]              -0.0000               0.0000               1.9997               0.0000               0.0000              -0.0016               0.6621              -0.0000              -0.0000               0.0005
[Row   4]               0.0000               0.0000               0.0000               1.9999              -0.0000              -0.0000               0.0000               0.6559               0.0000              -0.0000
[Row   5]              -0.0000               0.0000               0.0000              -0.0000               1.9999              -0.0000               0.0000               0.0000               0.6559              -0.0000
[Row   6]               0.0218               0.6740              -0.0016              -0.0000              -0.0000               1.9179               0.0786               0.0000              -0.0000               1.7902
[Row   7]               0.0003              -0.0019               0.6621               0.0000               0.0000               0.0786               1.5310              -0.0000               0.0000              -0.0221
[Row   8]               0.0000              -0.0000              -0.0000               0.6559               0.0000               0.0000              -0.0000               1.8225              -0.0000              -0.0000
[Row   9]               0.0000               0.0000              -0.0000               0.0000               0.6559              -0.0000               0.0000              -0.0000               1.8225              -0.0000
[Row  10]               0.0692               0.5070               0.0005              -0.0000              -0.0000               1.7902              -0.0221              -0.0000              -0.0000               1.6909
[Row  11]               0.0003              -0.0011               0.1365              -0.0000              -0.0000               0.0634               1.3878              -0.0000               0.0000              -0.0397
[Row  12]               0.0000              -0.0000               0.0000               0.1339               0.0000               0.0000              -0.0000               1.5622               0.0000              -0.0000
[Row  13]               0.0000               0.0000               0.0000              -0.0000               0.1339               0.0000               0.0000              -0.0000               1.5622               0.0000
[Row  14]               0.0001              -0.0002               0.0038               0.0000               0.0000               0.0545              -0.2910              -0.0000               0.0000               0.0747
[Row  15]               0.0000               0.0000              -0.0000              -0.0002               0.0000              -0.0000              -0.0000              -0.0289              -0.0000              -0.0000
[Row  16]               0.0000               0.0000               0.0000              -0.0000              -0.0002              -0.0000              -0.0000               0.0000              -0.0289              -0.0000
[Row  17]               0.0000               0.0000              -0.0000               0.0000               0.0000              -0.0000              -0.0000              -0.0000               0.0000              -0.0000
[Row  18]               0.0000              -0.0000               0.0000               0.0000              -0.0000              -0.0000               0.0000               0.0000              -0.0000              -0.0000
[Row  19]               0.0049               0.0444              -0.0357               0.0000               0.0000               0.5411              -1.1253              -0.0000               0.0000               0.6029
[Row  20]               0.0299               0.2236              -0.0565               0.0000               0.0000               1.0037              -0.9946              -0.0000               0.0000               1.0253
                  [Col 11]              [Col 12]              [Col 13]              [Col 14]              [Col 15]              [Col 16]              [Col 17]              [Col 18]              [Col 19]              [Col 20]
[Row   1]               0.0003               0.0000               0.0000               0.0001               0.0000               0.0000               0.0000               0.0000               0.0049               0.0299
[Row   2]              -0.0011              -0.0000               0.0000              -0.0002               0.0000               0.0000               0.0000              -0.0000               0.0444               0.2236
[Row   3]               0.1365               0.0000               0.0000               0.0038              -0.0000               0.0000              -0.0000               0.0000              -0.0357              -0.0565
[Row   4]              -0.0000               0.1339              -0.0000               0.0000              -0.0002              -0.0000               0.0000               0.0000               0.0000               0.0000
[Row   5]              -0.0000               0.0000               0.1339               0.0000               0.0000              -0.0002               0.0000              -0.0000               0.0000               0.0000
[Row   6]               0.0634               0.0000               0.0000               0.0545              -0.0000              -0.0000              -0.0000              -0.0000               0.5411               1.0037
[Row   7]               1.3878              -0.0000               0.0000              -0.2910              -0.0000              -0.0000              -0.0000               0.0000              -1.1253              -0.9946
[Row   8]              -0.0000               1.5622              -0.0000              -0.0000              -0.0289               0.0000              -0.0000               0.0000              -0.0000              -0.0000
[Row   9]               0.0000               0.0000               1.5622               0.0000              -0.0000              -0.0289               0.0000              -0.0000               0.0000               0.0000
[Row  10]              -0.0397              -0.0000               0.0000               0.0747              -0.0000              -0.0000              -0.0000              -0.0000               0.6029               1.0253
[Row  11]               1.3836              -0.0000               0.0000              -0.2996               0.0000              -0.0000              -0.0000               0.0000              -1.1483              -1.0131
[Row  12]              -0.0000               1.4431               0.0000              -0.0000              -0.0272               0.0000              -0.0000               0.0000              -0.0000              -0.0000
[Row  13]               0.0000               0.0000               1.4431               0.0000              -0.0000              -0.0272               0.0000              -0.0000               0.0000               0.0000
[Row  14]              -0.2996              -0.0000               0.0000               0.0682              -0.0000               0.0000               0.0000              -0.0000               0.2736               0.2599
[Row  15]               0.0000              -0.0272              -0.0000              -0.0000               0.0005               0.0000               0.0000              -0.0000              -0.0000              -0.0000
[Row  16]              -0.0000               0.0000              -0.0272               0.0000               0.0000               0.0005              -0.0000               0.0000               0.0000               0.0000
[Row  17]              -0.0000              -0.0000               0.0000               0.0000               0.0000              -0.0000               0.0000              -0.0000               0.0000               0.0000
[Row  18]               0.0000               0.0000              -0.0000              -0.0000              -0.0000               0.0000              -0.0000               0.0000              -0.0000              -0.0000
[Row  19]              -1.1483              -0.0000               0.0000               0.2736              -0.0000               0.0000               0.0000              -0.0000               1.1571               1.1837
[Row  20]              -1.0131              -0.0000               0.0000               0.2599              -0.0000               0.0000               0.0000              -0.0000               1.1837               1.3331
====== S^(AO) = S =====

                  [Col  1]              [Col  2]              [Col  3]              [Col  4]              [Col  5]              [Col  6]              [Col  7]              [Col  8]              [Col  9]              [Col 10]
[Row   1]               1.0000               0.2672               0.0000               0.0000               0.0000               0.0112               0.0000               0.0000               0.0000               0.0341
[Row   2]               0.2672               1.0000              -0.0000               0.0000               0.0000               0.3358              -0.0000               0.0000               0.0000               0.2556
[Row   3]               0.0000              -0.0000               1.0000               0.0000               0.0000              -0.0000               0.3254               0.0000               0.0000               0.0000
[Row   4]               0.0000               0.0000               0.0000               1.0000               0.0000               0.0000               0.0000               0.3254               0.0000               0.0000
[Row   5]               0.0000               0.0000               0.0000               0.0000               1.0000               0.0000               0.0000               0.0000               0.3254               0.0000
[Row   6]               0.0112               0.3358              -0.0000               0.0000               0.0000               1.0000               0.0000               0.0000               0.0000               0.8259
[Row   7]               0.0000              -0.0000               0.3254               0.0000               0.0000               0.0000               1.0000               0.0000               0.0000               0.0000
[Row   8]               0.0000               0.0000               0.0000               0.3254               0.0000               0.0000               0.0000               1.0000               0.0000               0.0000
[Row   9]               0.0000               0.0000               0.0000               0.0000               0.3254               0.0000               0.0000               0.0000               1.0000               0.0000
[Row  10]               0.0341               0.2556               0.0000               0.0000               0.0000               0.8259               0.0000               0.0000               0.0000               1.0000
[Row  11]              -0.0000               0.0000               0.0714               0.0000               0.0000               0.0000               0.6243               0.0000               0.0000               0.0000
[Row  12]               0.0000               0.0000               0.0000               0.0714               0.0000               0.0000               0.0000               0.6243               0.0000               0.0000
[Row  13]               0.0000               0.0000               0.0000               0.0000               0.0714               0.0000               0.0000               0.0000               0.6243               0.0000
[Row  14]               0.0000               0.0000               0.0000               0.0000               0.0000               0.0000               0.0000               0.0000               0.0000               0.0000
[Row  15]               0.0000               0.0000               0.0000               0.0000               0.0000               0.0000               0.0000               0.0000               0.0000               0.0000
[Row  16]               0.0000               0.0000               0.0000               0.0000               0.0000               0.0000               0.0000               0.0000               0.0000               0.0000
[Row  17]               0.0000               0.0000               0.0000               0.0000               0.0000               0.0000               0.0000               0.0000               0.0000               0.0000
[Row  18]               0.0000               0.0000               0.0000               0.0000               0.0000               0.0000               0.0000               0.0000               0.0000               0.0000
[Row  19]               0.0021               0.0238              -0.0230               0.0000               0.0000               0.2043              -0.3263               0.0000               0.0000               0.3097
[Row  20]               0.0146               0.1136              -0.0325               0.0000               0.0000               0.4398              -0.3246               0.0000               0.0000               0.6404
                  [Col 11]              [Col 12]              [Col 13]              [Col 14]              [Col 15]              [Col 16]              [Col 17]              [Col 18]              [Col 19]              [Col 20]
[Row   1]              -0.0000               0.0000               0.0000               0.0000               0.0000               0.0000               0.0000               0.0000               0.0021               0.0146
[Row   2]               0.0000               0.0000               0.0000               0.0000               0.0000               0.0000               0.0000               0.0000               0.0238               0.1136
[Row   3]               0.0714               0.0000               0.0000               0.0000               0.0000               0.0000               0.0000               0.0000              -0.0230              -0.0325
[Row   4]               0.0000               0.0714               0.0000               0.0000               0.0000               0.0000               0.0000               0.0000               0.0000               0.0000
[Row   5]               0.0000               0.0000               0.0714               0.0000               0.0000               0.0000               0.0000               0.0000               0.0000               0.0000
[Row   6]               0.0000               0.0000               0.0000               0.0000               0.0000               0.0000               0.0000               0.0000               0.2043               0.4398
[Row   7]               0.6243               0.0000               0.0000               0.0000               0.0000               0.0000               0.0000               0.0000              -0.3263              -0.3246
[Row   8]               0.0000               0.6243               0.0000               0.0000               0.0000               0.0000               0.0000               0.0000               0.0000               0.0000
[Row   9]               0.0000               0.0000               0.6243               0.0000               0.0000               0.0000               0.0000               0.0000               0.0000               0.0000
[Row  10]               0.0000               0.0000               0.0000               0.0000               0.0000               0.0000               0.0000               0.0000               0.3097               0.6404
[Row  11]               1.0000               0.0000               0.0000               0.0000               0.0000               0.0000               0.0000               0.0000              -0.4704              -0.6209
[Row  12]               0.0000               1.0000               0.0000               0.0000               0.0000               0.0000               0.0000               0.0000               0.0000               0.0000
[Row  13]               0.0000               0.0000               1.0000               0.0000               0.0000               0.0000               0.0000               0.0000               0.0000               0.0000
[Row  14]               0.0000               0.0000               0.0000               1.0000               0.0000               0.0000               0.0000               0.0000               0.2659               0.0974
[Row  15]               0.0000               0.0000               0.0000               0.0000               1.0000               0.0000               0.0000               0.0000               0.0000               0.0000
[Row  16]               0.0000               0.0000               0.0000               0.0000               0.0000               1.0000               0.0000               0.0000               0.0000               0.0000
[Row  17]               0.0000               0.0000               0.0000               0.0000               0.0000               0.0000               1.0000               0.0000               0.0000              -0.0000
[Row  18]               0.0000               0.0000               0.0000               0.0000               0.0000               0.0000               0.0000               1.0000               0.0000               0.0000
[Row  19]              -0.4704               0.0000               0.0000               0.2659               0.0000               0.0000               0.0000               0.0000               1.0000               0.6583
[Row  20]              -0.6209               0.0000               0.0000               0.0974               0.0000               0.0000              -0.0000               0.0000               0.6583               1.0000
====== P^(AO) std gaussian m_l ordering SPS =====

                  [Col  1]              [Col  2]              [Col  3]              [Col  4]              [Col  5]              [Col  6]              [Col  7]              [Col  8]              [Col  9]              [Col 10]
[Row   1]               2.0000               0.5344               0.0000              -0.0000              -0.0000               0.0218               0.0000               0.0000               0.0003               0.0692
[Row   2]               0.5344               1.9999               0.0000               0.0000               0.0000               0.6740              -0.0000               0.0000              -0.0019               0.5070
[Row   3]               0.0000               0.0000               1.9999              -0.0000               0.0000              -0.0000               0.6559               0.0000               0.0000              -0.0000
[Row   4]              -0.0000               0.0000              -0.0000               1.9999               0.0000              -0.0000               0.0000               0.6559               0.0000              -0.0000
[Row   5]              -0.0000               0.0000               0.0000               0.0000               1.9997              -0.0016              -0.0000              -0.0000               0.6621               0.0005
[Row   6]               0.0218               0.6740              -0.0000              -0.0000              -0.0016               1.9179               0.0000              -0.0000               0.0786               1.7902
[Row   7]               0.0000              -0.0000               0.6559               0.0000              -0.0000               0.0000               1.8225              -0.0000              -0.0000              -0.0000
[Row   8]               0.0000               0.0000               0.0000               0.6559              -0.0000              -0.0000              -0.0000               1.8225               0.0000              -0.0000
[Row   9]               0.0003              -0.0019               0.0000               0.0000               0.6621               0.0786              -0.0000               0.0000               1.5310              -0.0221
[Row  10]               0.0692               0.5070              -0.0000              -0.0000               0.0005               1.7902              -0.0000              -0.0000              -0.0221               1.6909
[Row  11]               0.0000              -0.0000               0.1339               0.0000               0.0000               0.0000               1.5622               0.0000              -0.0000              -0.0000
[Row  12]               0.0000               0.0000              -0.0000               0.1339               0.0000               0.0000              -0.0000               1.5622               0.0000               0.0000
[Row  13]               0.0003              -0.0011              -0.0000              -0.0000               0.1365               0.0634              -0.0000               0.0000               1.3878              -0.0397
[Row  14]               0.0001              -0.0002               0.0000               0.0000               0.0038               0.0545              -0.0000               0.0000              -0.2910               0.0747
[Row  15]               0.0000               0.0000              -0.0002               0.0000              -0.0000              -0.0000              -0.0289              -0.0000              -0.0000              -0.0000
[Row  16]               0.0000               0.0000              -0.0000              -0.0002               0.0000              -0.0000               0.0000              -0.0289              -0.0000              -0.0000
[Row  17]               0.0000               0.0000               0.0000               0.0000              -0.0000              -0.0000              -0.0000               0.0000              -0.0000              -0.0000
[Row  18]               0.0000              -0.0000               0.0000              -0.0000               0.0000              -0.0000               0.0000              -0.0000               0.0000              -0.0000
[Row  19]               0.0049               0.0444               0.0000               0.0000              -0.0357               0.5411              -0.0000               0.0000              -1.1253               0.6029
[Row  20]               0.0299               0.2236               0.0000               0.0000              -0.0565               1.0037              -0.0000               0.0000              -0.9946               1.0253
                  [Col 11]              [Col 12]              [Col 13]              [Col 14]              [Col 15]              [Col 16]              [Col 17]              [Col 18]              [Col 19]              [Col 20]
[Row   1]               0.0000               0.0000               0.0003               0.0001               0.0000               0.0000               0.0000               0.0000               0.0049               0.0299
[Row   2]              -0.0000               0.0000              -0.0011              -0.0002               0.0000               0.0000               0.0000              -0.0000               0.0444               0.2236
[Row   3]               0.1339              -0.0000              -0.0000               0.0000              -0.0002              -0.0000               0.0000               0.0000               0.0000               0.0000
[Row   4]               0.0000               0.1339              -0.0000               0.0000               0.0000              -0.0002               0.0000              -0.0000               0.0000               0.0000
[Row   5]               0.0000               0.0000               0.1365               0.0038              -0.0000               0.0000              -0.0000               0.0000              -0.0357              -0.0565
[Row   6]               0.0000               0.0000               0.0634               0.0545              -0.0000              -0.0000              -0.0000              -0.0000               0.5411               1.0037
[Row   7]               1.5622              -0.0000              -0.0000              -0.0000              -0.0289               0.0000              -0.0000               0.0000              -0.0000              -0.0000
[Row   8]               0.0000               1.5622               0.0000               0.0000              -0.0000              -0.0289               0.0000              -0.0000               0.0000               0.0000
[Row   9]              -0.0000               0.0000               1.3878              -0.2910              -0.0000              -0.0000              -0.0000               0.0000              -1.1253              -0.9946
[Row  10]              -0.0000               0.0000              -0.0397               0.0747              -0.0000              -0.0000              -0.0000              -0.0000               0.6029               1.0253
[Row  11]               1.4431               0.0000              -0.0000              -0.0000              -0.0272               0.0000              -0.0000               0.0000              -0.0000              -0.0000
[Row  12]               0.0000               1.4431               0.0000               0.0000              -0.0000              -0.0272               0.0000              -0.0000               0.0000               0.0000
[Row  13]              -0.0000               0.0000               1.3836              -0.2996               0.0000              -0.0000              -0.0000               0.0000              -1.1483              -1.0131
[Row  14]              -0.0000               0.0000              -0.2996               0.0682              -0.0000               0.0000               0.0000              -0.0000               0.2736               0.2599
[Row  15]              -0.0272              -0.0000               0.0000              -0.0000               0.0005               0.0000               0.0000              -0.0000              -0.0000              -0.0000
[Row  16]               0.0000              -0.0272              -0.0000               0.0000               0.0000               0.0005              -0.0000               0.0000               0.0000               0.0000
[Row  17]              -0.0000               0.0000              -0.0000               0.0000               0.0000              -0.0000               0.0000              -0.0000               0.0000               0.0000
[Row  18]               0.0000              -0.0000               0.0000              -0.0000              -0.0000               0.0000              -0.0000               0.0000              -0.0000              -0.0000
[Row  19]              -0.0000               0.0000              -1.1483               0.2736              -0.0000               0.0000               0.0000              -0.0000               1.1571               1.1837
[Row  20]              -0.0000               0.0000              -1.0131               0.2599              -0.0000               0.0000               0.0000              -0.0000               1.1837               1.3331
====== S^(AO) std gaussian m_l ordering =====

                  [Col  1]              [Col  2]              [Col  3]              [Col  4]              [Col  5]              [Col  6]              [Col  7]              [Col  8]              [Col  9]              [Col 10]
[Row   1]               1.0000               0.2672               0.0000               0.0000               0.0000               0.0112               0.0000               0.0000               0.0000               0.0341
[Row   2]               0.2672               1.0000               0.0000               0.0000              -0.0000               0.3358               0.0000               0.0000              -0.0000               0.2556
[Row   3]               0.0000               0.0000               1.0000               0.0000               0.0000               0.0000               0.3254               0.0000               0.0000               0.0000
[Row   4]               0.0000               0.0000               0.0000               1.0000               0.0000               0.0000               0.0000               0.3254               0.0000               0.0000
[Row   5]               0.0000              -0.0000               0.0000               0.0000               1.0000              -0.0000               0.0000               0.0000               0.3254               0.0000
[Row   6]               0.0112               0.3358               0.0000               0.0000              -0.0000               1.0000               0.0000               0.0000               0.0000               0.8259
[Row   7]               0.0000               0.0000               0.3254               0.0000               0.0000               0.0000               1.0000               0.0000               0.0000               0.0000
[Row   8]               0.0000               0.0000               0.0000               0.3254               0.0000               0.0000               0.0000               1.0000               0.0000               0.0000
[Row   9]               0.0000              -0.0000               0.0000               0.0000               0.3254               0.0000               0.0000               0.0000               1.0000               0.0000
[Row  10]               0.0341               0.2556               0.0000               0.0000               0.0000               0.8259               0.0000               0.0000               0.0000               1.0000
[Row  11]               0.0000               0.0000               0.0714               0.0000               0.0000               0.0000               0.6243               0.0000               0.0000               0.0000
[Row  12]               0.0000               0.0000               0.0000               0.0714               0.0000               0.0000               0.0000               0.6243               0.0000               0.0000
[Row  13]              -0.0000               0.0000               0.0000               0.0000               0.0714               0.0000               0.0000               0.0000               0.6243               0.0000
[Row  14]               0.0000               0.0000               0.0000               0.0000               0.0000               0.0000               0.0000               0.0000               0.0000               0.0000
[Row  15]               0.0000               0.0000               0.0000               0.0000               0.0000               0.0000               0.0000               0.0000               0.0000               0.0000
[Row  16]               0.0000               0.0000               0.0000               0.0000               0.0000               0.0000               0.0000               0.0000               0.0000               0.0000
[Row  17]               0.0000               0.0000               0.0000               0.0000               0.0000               0.0000               0.0000               0.0000               0.0000               0.0000
[Row  18]               0.0000               0.0000               0.0000               0.0000               0.0000               0.0000               0.0000               0.0000               0.0000               0.0000
[Row  19]               0.0021               0.0238               0.0000               0.0000              -0.0230               0.2043               0.0000               0.0000              -0.3263               0.3097
[Row  20]               0.0146               0.1136               0.0000               0.0000              -0.0325               0.4398               0.0000               0.0000              -0.3246               0.6404
                  [Col 11]              [Col 12]              [Col 13]              [Col 14]              [Col 15]              [Col 16]              [Col 17]              [Col 18]              [Col 19]              [Col 20]
[Row   1]               0.0000               0.0000              -0.0000               0.0000               0.0000               0.0000               0.0000               0.0000               0.0021               0.0146
[Row   2]               0.0000               0.0000               0.0000               0.0000               0.0000               0.0000               0.0000               0.0000               0.0238               0.1136
[Row   3]               0.0714               0.0000               0.0000               0.0000               0.0000               0.0000               0.0000               0.0000               0.0000               0.0000
[Row   4]               0.0000               0.0714               0.0000               0.0000               0.0000               0.0000               0.0000               0.0000               0.0000               0.0000
[Row   5]               0.0000               0.0000               0.0714               0.0000               0.0000               0.0000               0.0000               0.0000              -0.0230              -0.0325
[Row   6]               0.0000               0.0000               0.0000               0.0000               0.0000               0.0000               0.0000               0.0000               0.2043               0.4398
[Row   7]               0.6243               0.0000               0.0000               0.0000               0.0000               0.0000               0.0000               0.0000               0.0000               0.0000
[Row   8]               0.0000               0.6243               0.0000               0.0000               0.0000               0.0000               0.0000               0.0000               0.0000               0.0000
[Row   9]               0.0000               0.0000               0.6243               0.0000               0.0000               0.0000               0.0000               0.0000              -0.3263              -0.3246
[Row  10]               0.0000               0.0000               0.0000               0.0000               0.0000               0.0000               0.0000               0.0000               0.3097               0.6404
[Row  11]               1.0000               0.0000               0.0000               0.0000               0.0000               0.0000               0.0000               0.0000               0.0000               0.0000
[Row  12]               0.0000               1.0000               0.0000               0.0000               0.0000               0.0000               0.0000               0.0000               0.0000               0.0000
[Row  13]               0.0000               0.0000               1.0000               0.0000               0.0000               0.0000               0.0000               0.0000              -0.4704              -0.6209
[Row  14]               0.0000               0.0000               0.0000               1.0000               0.0000               0.0000               0.0000               0.0000               0.2659               0.0974
[Row  15]               0.0000               0.0000               0.0000               0.0000               1.0000               0.0000               0.0000               0.0000               0.0000               0.0000
[Row  16]               0.0000               0.0000               0.0000               0.0000               0.0000               1.0000               0.0000               0.0000               0.0000               0.0000
[Row  17]               0.0000               0.0000               0.0000               0.0000               0.0000               0.0000               1.0000               0.0000               0.0000              -0.0000
[Row  18]               0.0000               0.0000               0.0000               0.0000               0.0000               0.0000               0.0000               1.0000               0.0000               0.0000
[Row  19]               0.0000               0.0000              -0.4704               0.2659               0.0000               0.0000               0.0000               0.0000               1.0000               0.6583
[Row  20]               0.0000               0.0000              -0.6209               0.0974               0.0000               0.0000              -0.0000               0.0000               0.6583               1.0000
