molecule mol06.xyz
System:, atNum: 6 coords [0. 0. 0.]
System:, atNum: 1 coords [1.18886072 1.18886072 1.18886072]
System:, atNum: 1 coords [-1.18886072 -1.18886072  1.18886072]
System:, atNum: 1 coords [ 1.18886072 -1.18886072 -1.18886072]
System:, atNum: 1 coords [-1.18886072  1.18886072 -1.18886072]
===== Original AO-S matrix =====

                  [Col  1]              [Col  2]              [Col  3]              [Col  4]              [Col  5]              [Col  6]              [Col  7]              [Col  8]              [Col  9]
[Row   1]               1.0000               0.2484               0.0000               0.0000               0.0000               0.0623               0.0623               0.0623               0.0623
[Row   2]               0.2484               1.0000               0.0000               0.0000               0.0000               0.4909               0.4909               0.4909               0.4909
[Row   3]               0.0000               0.0000               1.0000               0.0000               0.0000               0.2698               0.2698              -0.2698              -0.2698
[Row   4]               0.0000               0.0000               0.0000               1.0000               0.0000               0.2698              -0.2698               0.2698              -0.2698
[Row   5]               0.0000               0.0000               0.0000               0.0000               1.0000               0.2698              -0.2698              -0.2698               0.2698
[Row   6]               0.0623               0.4909               0.2698               0.2698               0.2698               1.0000               0.1694               0.1694               0.1694
[Row   7]               0.0623               0.4909               0.2698              -0.2698              -0.2698               0.1694               1.0000               0.1694               0.1694
[Row   8]               0.0623               0.4909              -0.2698               0.2698              -0.2698               0.1694               0.1694               1.0000               0.1694
[Row   9]               0.0623               0.4909              -0.2698              -0.2698               0.2698               0.1694               0.1694               0.1694               1.0000
nbas 9
 ===== CA ===== 

                  [Col  1]              [Col  2]              [Col  3]              [Col  4]              [Col  5]              [Col  6]              [Col  7]              [Col  8]              [Col  9]
[Row   1]               0.9920               0.2212               0.0000              -0.0000              -0.0000               0.0000              -0.0000               0.0000               0.2517
[Row   2]               0.0380              -0.6294              -0.0000               0.0000               0.0000              -0.0000               0.0000              -0.0000              -1.6155
[Row   3]               0.0000              -0.0000               0.2523               0.1827               0.4787               0.5028               0.6640               0.7212              -0.0000
[Row   4]               0.0000              -0.0000               0.3203              -0.4728               0.0117               0.4935              -0.8718               0.4585              -0.0000
[Row   5]               0.0000               0.0000              -0.4000              -0.2633               0.3113              -0.8470              -0.1138               0.6953              -0.0000
[Row   6]              -0.0069              -0.1808               0.0911              -0.2921               0.4232              -0.0827               0.1782              -1.0389               0.6632
[Row   7]              -0.0069              -0.1808               0.1752               0.4850               0.0822              -0.4744              -0.9140               0.2397               0.6632
[Row   8]              -0.0069              -0.1808               0.2470              -0.2070              -0.4109              -0.4642               0.7879               0.5308               0.6632
[Row   9]              -0.0069              -0.1808              -0.5134               0.0141              -0.0945               1.0214              -0.0521               0.2684               0.6632
 ===== CB ===== 

                  [Col  1]              [Col  2]              [Col  3]              [Col  4]              [Col  5]              [Col  6]              [Col  7]              [Col  8]              [Col  9]
[Row   1]               0.9920               0.2212               0.0000              -0.0000              -0.0000               0.0000              -0.0000               0.0000               0.2517
[Row   2]               0.0380              -0.6294              -0.0000               0.0000               0.0000              -0.0000               0.0000              -0.0000              -1.6155
[Row   3]               0.0000              -0.0000               0.2523               0.1827               0.4787               0.5028               0.6640               0.7212              -0.0000
[Row   4]               0.0000              -0.0000               0.3203              -0.4728               0.0117               0.4935              -0.8718               0.4585              -0.0000
[Row   5]               0.0000               0.0000              -0.4000              -0.2633               0.3113              -0.8470              -0.1138               0.6953              -0.0000
[Row   6]              -0.0069              -0.1808               0.0911              -0.2921               0.4232              -0.0827               0.1782              -1.0389               0.6632
[Row   7]              -0.0069              -0.1808               0.1752               0.4850               0.0822              -0.4744              -0.9140               0.2397               0.6632
[Row   8]              -0.0069              -0.1808               0.2470              -0.2070              -0.4109              -0.4642               0.7879               0.5308               0.6632
[Row   9]              -0.0069              -0.1808              -0.5134               0.0141              -0.0945               1.0214              -0.0521               0.2684               0.6632
 ===== P_psi ===== Dalpha+Dbeta 

                  [Col  1]              [Col  2]              [Col  3]              [Col  4]              [Col  5]              [Col  6]              [Col  7]              [Col  8]              [Col  9]
[Row   1]               2.0658              -0.2030              -0.0000               0.0000               0.0000              -0.0937              -0.0937              -0.0937              -0.0937
[Row   2]              -0.2030               0.7953               0.0000              -0.0000               0.0000               0.2270               0.2270               0.2270               0.2270
[Row   3]              -0.0000               0.0000               0.6524               0.0000               0.0000               0.3444               0.3444              -0.3444              -0.3444
[Row   4]               0.0000              -0.0000               0.0000               0.6524               0.0000               0.3444              -0.3444               0.3444              -0.3444
[Row   5]               0.0000               0.0000               0.0000               0.0000               0.6524               0.3444              -0.3444              -0.3444               0.3444
[Row   6]              -0.0937               0.2270               0.3444               0.3444               0.3444               0.6109              -0.1164              -0.1164              -0.1164
[Row   7]              -0.0937               0.2270               0.3444              -0.3444              -0.3444              -0.1164               0.6109              -0.1164              -0.1164
[Row   8]              -0.0937               0.2270              -0.3444               0.3444              -0.3444              -0.1164              -0.1164               0.6109              -0.1164
[Row   9]              -0.0937               0.2270              -0.3444              -0.3444               0.3444              -0.1164              -0.1164              -0.1164               0.6109
===== P_mu,nu local =====

                  [Col  1]              [Col  2]              [Col  3]              [Col  4]              [Col  5]              [Col  6]              [Col  7]              [Col  8]              [Col  9]
[Row   1]               2.0658              -0.2030              -0.0000               0.0000               0.0000              -0.0937              -0.0937              -0.0937              -0.0937
[Row   2]              -0.2030               0.7953               0.0000              -0.0000               0.0000               0.2270               0.2270               0.2270               0.2270
[Row   3]              -0.0000               0.0000               0.6524               0.0000               0.0000               0.3444               0.3444              -0.3444              -0.3444
[Row   4]               0.0000              -0.0000               0.0000               0.6524               0.0000               0.3444              -0.3444               0.3444              -0.3444
[Row   5]               0.0000               0.0000               0.0000               0.0000               0.6524               0.3444              -0.3444              -0.3444               0.3444
[Row   6]              -0.0937               0.2270               0.3444               0.3444               0.3444               0.6109              -0.1164              -0.1164              -0.1164
[Row   7]              -0.0937               0.2270               0.3444              -0.3444              -0.3444              -0.1164               0.6109              -0.1164              -0.1164
[Row   8]              -0.0937               0.2270              -0.3444               0.3444              -0.3444              -0.1164              -0.1164               0.6109              -0.1164
[Row   9]              -0.0937               0.2270              -0.3444              -0.3444               0.3444              -0.1164              -0.1164              -0.1164               0.6109
===== P_mu,nu psi4 =====

                  [Col  1]              [Col  2]              [Col  3]              [Col  4]              [Col  5]              [Col  6]              [Col  7]              [Col  8]              [Col  9]
[Row   1]               2.0658              -0.2030              -0.0000               0.0000               0.0000              -0.0937              -0.0937              -0.0937              -0.0937
[Row   2]              -0.2030               0.7953               0.0000              -0.0000               0.0000               0.2270               0.2270               0.2270               0.2270
[Row   3]              -0.0000               0.0000               0.6524               0.0000               0.0000               0.3444               0.3444              -0.3444              -0.3444
[Row   4]               0.0000              -0.0000               0.0000               0.6524               0.0000               0.3444              -0.3444               0.3444              -0.3444
[Row   5]               0.0000               0.0000               0.0000               0.0000               0.6524               0.3444              -0.3444              -0.3444               0.3444
[Row   6]              -0.0937               0.2270               0.3444               0.3444               0.3444               0.6109              -0.1164              -0.1164              -0.1164
[Row   7]              -0.0937               0.2270               0.3444              -0.3444              -0.3444              -0.1164               0.6109              -0.1164              -0.1164
[Row   8]              -0.0937               0.2270              -0.3444               0.3444              -0.3444              -0.1164              -0.1164               0.6109              -0.1164
[Row   9]              -0.0937               0.2270              -0.3444              -0.3444               0.3444              -0.1164              -0.1164              -0.1164               0.6109
====== P^(AO) = SPS =====

                  [Col  1]              [Col  2]              [Col  3]              [Col  4]              [Col  5]              [Col  6]              [Col  7]              [Col  8]              [Col  9]
[Row   1]               1.9995               0.5047               0.0000               0.0000               0.0000               0.1176               0.1176               0.1176               0.1176
[Row   2]               0.5047               1.8745               0.0000               0.0000               0.0000               1.0936               1.0936               1.0936               1.0936
[Row   3]               0.0000               0.0000               1.6078               0.0000               0.0000               0.7254               0.7254              -0.7254              -0.7254
[Row   4]               0.0000               0.0000               0.0000               1.6078               0.0000               0.7254              -0.7254               0.7254              -0.7254
[Row   5]               0.0000               0.0000               0.0000               0.0000               1.6078               0.7254              -0.7254              -0.7254               0.7254
[Row   6]               0.1176               1.0936               0.7254               0.7254               0.7254               1.6367               0.3274               0.3274               0.3274
[Row   7]               0.1176               1.0936               0.7254              -0.7254              -0.7254               0.3274               1.6367               0.3274               0.3274
[Row   8]               0.1176               1.0936              -0.7254               0.7254              -0.7254               0.3274               0.3274               1.6367               0.3274
[Row   9]               0.1176               1.0936              -0.7254              -0.7254               0.7254               0.3274               0.3274               0.3274               1.6367
====== S^(AO) = S =====

                  [Col  1]              [Col  2]              [Col  3]              [Col  4]              [Col  5]              [Col  6]              [Col  7]              [Col  8]              [Col  9]
[Row   1]               1.0000               0.2484               0.0000               0.0000               0.0000               0.0623               0.0623               0.0623               0.0623
[Row   2]               0.2484               1.0000               0.0000               0.0000               0.0000               0.4909               0.4909               0.4909               0.4909
[Row   3]               0.0000               0.0000               1.0000               0.0000               0.0000               0.2698               0.2698              -0.2698              -0.2698
[Row   4]               0.0000               0.0000               0.0000               1.0000               0.0000               0.2698              -0.2698               0.2698              -0.2698
[Row   5]               0.0000               0.0000               0.0000               0.0000               1.0000               0.2698              -0.2698              -0.2698               0.2698
[Row   6]               0.0623               0.4909               0.2698               0.2698               0.2698               1.0000               0.1694               0.1694               0.1694
[Row   7]               0.0623               0.4909               0.2698              -0.2698              -0.2698               0.1694               1.0000               0.1694               0.1694
[Row   8]               0.0623               0.4909              -0.2698               0.2698              -0.2698               0.1694               0.1694               1.0000               0.1694
[Row   9]               0.0623               0.4909              -0.2698              -0.2698               0.2698               0.1694               0.1694               0.1694               1.0000
====== P^(AO) std gaussian m_l ordering SPS =====

                  [Col  1]              [Col  2]              [Col  3]              [Col  4]              [Col  5]              [Col  6]              [Col  7]              [Col  8]              [Col  9]
[Row   1]               1.9995               0.5047               0.0000               0.0000               0.0000               0.1176               0.1176               0.1176               0.1176
[Row   2]               0.5047               1.8745               0.0000               0.0000               0.0000               1.0936               1.0936               1.0936               1.0936
[Row   3]               0.0000               0.0000               1.6078               0.0000               0.0000               0.7254              -0.7254               0.7254              -0.7254
[Row   4]               0.0000               0.0000               0.0000               1.6078               0.0000               0.7254              -0.7254              -0.7254               0.7254
[Row   5]               0.0000               0.0000               0.0000               0.0000               1.6078               0.7254               0.7254              -0.7254              -0.7254
[Row   6]               0.1176               1.0936               0.7254               0.7254               0.7254               1.6367               0.3274               0.3274               0.3274
[Row   7]               0.1176               1.0936              -0.7254              -0.7254               0.7254               0.3274               1.6367               0.3274               0.3274
[Row   8]               0.1176               1.0936               0.7254              -0.7254              -0.7254               0.3274               0.3274               1.6367               0.3274
[Row   9]               0.1176               1.0936              -0.7254               0.7254              -0.7254               0.3274               0.3274               0.3274               1.6367
====== S^(AO) std gaussian m_l ordering =====

                  [Col  1]              [Col  2]              [Col  3]              [Col  4]              [Col  5]              [Col  6]              [Col  7]              [Col  8]              [Col  9]
[Row   1]               1.0000               0.2484               0.0000               0.0000               0.0000               0.0623               0.0623               0.0623               0.0623
[Row   2]               0.2484               1.0000               0.0000               0.0000               0.0000               0.4909               0.4909               0.4909               0.4909
[Row   3]               0.0000               0.0000               1.0000               0.0000               0.0000               0.2698              -0.2698               0.2698              -0.2698
[Row   4]               0.0000               0.0000               0.0000               1.0000               0.0000               0.2698              -0.2698              -0.2698               0.2698
[Row   5]               0.0000               0.0000               0.0000               0.0000               1.0000               0.2698               0.2698              -0.2698              -0.2698
[Row   6]               0.0623               0.4909               0.2698               0.2698               0.2698               1.0000               0.1694               0.1694               0.1694
[Row   7]               0.0623               0.4909              -0.2698              -0.2698               0.2698               0.1694               1.0000               0.1694               0.1694
[Row   8]               0.0623               0.4909               0.2698              -0.2698              -0.2698               0.1694               0.1694               1.0000               0.1694
[Row   9]               0.0623               0.4909              -0.2698               0.2698              -0.2698               0.1694               0.1694               0.1694               1.0000
===== After load P check zeros ===== 
 [[ 1.99949864  0.50465651  0.          0.          0.          0.11759007
   0.11759007  0.11759007  0.11759007]
 [ 0.50465651  1.87451636  0.          0.          0.          1.09356349
   1.09356349  1.09356349  1.09356349]
 [ 0.          0.          1.60778343  0.          0.          0.72544402
  -0.72544402  0.72544402 -0.72544402]
 [ 0.          0.          0.          1.60778343  0.          0.72544402
  -0.72544402 -0.72544402  0.72544402]
 [ 0.          0.          0.          0.          1.60778343  0.72544402
   0.72544402 -0.72544402 -0.72544402]
 [ 0.11759007  1.09356349  0.72544402  0.72544402  0.72544402  1.63672151
   0.32741826  0.32741826  0.32741826]
 [ 0.11759007  1.09356349 -0.72544402 -0.72544402  0.72544402  0.32741826
   1.63672151  0.32741826  0.32741826]
 [ 0.11759007  1.09356349  0.72544402 -0.72544402 -0.72544402  0.32741826
   0.32741826  1.63672151  0.32741826]
 [ 0.11759007  1.09356349 -0.72544402  0.72544402 -0.72544402  0.32741826
   0.32741826  0.32741826  1.63672151]]
lctrl 0 ntrue 2
lctrl 1 ntrue 3
lctrl 1
===== cA before average ===== 
 [[1.60778343 0.         0.        ]
 [0.         1.60778343 0.        ]
 [0.         0.         1.60778343]]
===== cB before average ===== 
 [[1. 0. 0.]
 [0. 1. 0.]
 [0. 0. 1.]]
===== cA after average ===== 
 [[1.60778343 0.         0.        ]
 [0.         1.60778343 0.        ]
 [0.         0.         1.60778343]]
===== cB after average ===== 
 [[1. 0. 0.]
 [0. 1. 0.]
 [0. 0. 1.]]
lctrl 0 ntrue 1
lctrl 0 ntrue 1
lctrl 0 ntrue 1
lctrl 0 ntrue 1
N_functions in (iatom,l):( 0 0 ) block =  2
===== iatom,lblock eigvals ===== 0 0 
 [2.       1.861534]
===== iatom,lblock eigvecs ===== 0 0 
 [[-0.98275981  0.31610451]
 [-0.0621195  -1.03047566]]
N_functions in (iatom,l):( 0 1 ) block =  3
eigvecs before 
 [[0. 1. 0.]
 [1. 0. 0.]
 [0. 0. 1.]]
mlMap 
 [[0. 1. 0.]
 [1. 0. 0.]
 [0. 0. 1.]]
eigvecs after 
 [[1. 0. 0.]
 [0. 1. 0.]
 [0. 0. 1.]]
===== iatom,lblock eigvals ===== 0 1 
 [1.60778343 1.60778343 1.60778343]
===== iatom,lblock eigvecs ===== 0 1 
 [[1. 0. 0.]
 [0. 1. 0.]
 [0. 0. 1.]]
N_functions in (iatom,l):( 1 0 ) block =  1
===== iatom,lblock eigvals ===== 1 0 
 [1.63672151]
===== iatom,lblock eigvecs ===== 1 0 
 [[1.]]
N_functions in (iatom,l):( 2 0 ) block =  1
===== iatom,lblock eigvals ===== 2 0 
 [1.63672151]
===== iatom,lblock eigvecs ===== 2 0 
 [[1.]]
N_functions in (iatom,l):( 3 0 ) block =  1
===== iatom,lblock eigvals ===== 3 0 
 [1.63672151]
===== iatom,lblock eigvecs ===== 3 0 
 [[1.]]
N_functions in (iatom,l):( 4 0 ) block =  1
===== iatom,lblock eigvals ===== 4 0 
 [1.63672151]
===== iatom,lblock eigvecs ===== 4 0 
 [[1.]]
===== W_pnao ===== 
 [2.         1.861534   1.60778343 1.60778343 1.60778343 1.63672151
 1.63672151 1.63672151 1.63672151]
===== N_avpnao =====

                  [Col  1]              [Col  2]              [Col  3]              [Col  4]              [Col  5]              [Col  6]              [Col  7]              [Col  8]              [Col  9]
[Row   1]              -0.9828               0.3161               0.0000               0.0000               0.0000               0.0000               0.0000               0.0000               0.0000
[Row   2]              -0.0621              -1.0305               0.0000               0.0000               0.0000               0.0000               0.0000               0.0000               0.0000
[Row   3]               0.0000               0.0000               1.0000               0.0000               0.0000               0.0000               0.0000               0.0000               0.0000
[Row   4]               0.0000               0.0000               0.0000               1.0000               0.0000               0.0000               0.0000               0.0000               0.0000
[Row   5]               0.0000               0.0000               0.0000               0.0000               1.0000               0.0000               0.0000               0.0000               0.0000
[Row   6]               0.0000               0.0000               0.0000               0.0000               0.0000               1.0000               0.0000               0.0000               0.0000
[Row   7]               0.0000               0.0000               0.0000               0.0000               0.0000               0.0000               1.0000               0.0000               0.0000
[Row   8]               0.0000               0.0000               0.0000               0.0000               0.0000               0.0000               0.0000               1.0000               0.0000
[Row   9]               0.0000               0.0000               0.0000               0.0000               0.0000               0.0000               0.0000               0.0000               1.0000
N_functions in (iatom,l):( 0 0 ) block =  2
===== iatom,lblock eigvals ===== 0 0 
 [2.       1.861534]
===== iatom,lblock eigvecs ===== 0 0 
 [[-0.98275981  0.31610451]
 [-0.0621195  -1.03047566]]
N_functions in (iatom,l):( 0 1 ) block =  3
eigvecs before 
 [[0. 1. 0.]
 [1. 0. 0.]
 [0. 0. 1.]]
mlMap 
 [[0. 1. 0.]
 [1. 0. 0.]
 [0. 0. 1.]]
eigvecs after 
 [[1. 0. 0.]
 [0. 1. 0.]
 [0. 0. 1.]]
===== iatom,lblock eigvals ===== 0 1 
 [1.60778343 1.60778343 1.60778343]
===== iatom,lblock eigvecs ===== 0 1 
 [[1. 0. 0.]
 [0. 1. 0.]
 [0. 0. 1.]]
N_functions in (iatom,l):( 1 0 ) block =  1
===== iatom,lblock eigvals ===== 1 0 
 [1.63672151]
===== iatom,lblock eigvecs ===== 1 0 
 [[1.]]
N_functions in (iatom,l):( 2 0 ) block =  1
===== iatom,lblock eigvals ===== 2 0 
 [1.63672151]
===== iatom,lblock eigvecs ===== 2 0 
 [[1.]]
N_functions in (iatom,l):( 3 0 ) block =  1
===== iatom,lblock eigvals ===== 3 0 
 [1.63672151]
===== iatom,lblock eigvecs ===== 3 0 
 [[1.]]
N_functions in (iatom,l):( 4 0 ) block =  1
===== iatom,lblock eigvals ===== 4 0 
 [1.63672151]
===== iatom,lblock eigvecs ===== 4 0 
 [[1.]]
N_functions in (iatom,l):( 0 0 ) block =  2
===== iatom,lblock eigvals ===== 0 0 
 [2.       1.861534]
===== iatom,lblock eigvecs ===== 0 0 
 [[-0.98275981  0.31610451]
 [-0.0621195  -1.03047566]]
N_functions in (iatom,l):( 0 1 ) block =  3
eigvecs before 
 [[0. 1. 0.]
 [1. 0. 0.]
 [0. 0. 1.]]
mlMap 
 [[0. 1. 0.]
 [1. 0. 0.]
 [0. 0. 1.]]
eigvecs after 
 [[1. 0. 0.]
 [0. 1. 0.]
 [0. 0. 1.]]
===== iatom,lblock eigvals ===== 0 1 
 [1.60778343 1.60778343 1.60778343]
===== iatom,lblock eigvecs ===== 0 1 
 [[1. 0. 0.]
 [0. 1. 0.]
 [0. 0. 1.]]
N_functions in (iatom,l):( 1 0 ) block =  1
===== iatom,lblock eigvals ===== 1 0 
 [1.63672151]
===== iatom,lblock eigvecs ===== 1 0 
 [[1.]]
N_functions in (iatom,l):( 2 0 ) block =  1
===== iatom,lblock eigvals ===== 2 0 
 [1.63672151]
===== iatom,lblock eigvecs ===== 2 0 
 [[1.]]
N_functions in (iatom,l):( 3 0 ) block =  1
===== iatom,lblock eigvals ===== 3 0 
 [1.63672151]
===== iatom,lblock eigvecs ===== 3 0 
 [[1.]]
N_functions in (iatom,l):( 4 0 ) block =  1
===== iatom,lblock eigvals ===== 4 0 
 [1.63672151]
===== iatom,lblock eigvecs ===== 4 0 
 [[1.]]
eigvalP_aoao 
 [2.         1.861534   1.60778343 1.60778343 1.60778343 1.63672151
 1.63672151 1.63672151 1.63672151]
eigvalP_avav 
 [2.         1.861534   1.60778343 1.60778343 1.60778343 1.63672151
 1.63672151 1.63672151 1.63672151]
===== eigvecP_aoao =====

                  [Col  1]              [Col  2]              [Col  3]              [Col  4]              [Col  5]              [Col  6]              [Col  7]              [Col  8]              [Col  9]
[Row   1]              -0.9828               0.3161               0.0000               0.0000               0.0000               0.0000               0.0000               0.0000               0.0000
[Row   2]              -0.0621              -1.0305               0.0000               0.0000               0.0000               0.0000               0.0000               0.0000               0.0000
[Row   3]               0.0000               0.0000               1.0000               0.0000               0.0000               0.0000               0.0000               0.0000               0.0000
[Row   4]               0.0000               0.0000               0.0000               1.0000               0.0000               0.0000               0.0000               0.0000               0.0000
[Row   5]               0.0000               0.0000               0.0000               0.0000               1.0000               0.0000               0.0000               0.0000               0.0000
[Row   6]               0.0000               0.0000               0.0000               0.0000               0.0000               1.0000               0.0000               0.0000               0.0000
[Row   7]               0.0000               0.0000               0.0000               0.0000               0.0000               0.0000               1.0000               0.0000               0.0000
[Row   8]               0.0000               0.0000               0.0000               0.0000               0.0000               0.0000               0.0000               1.0000               0.0000
[Row   9]               0.0000               0.0000               0.0000               0.0000               0.0000               0.0000               0.0000               0.0000               1.0000
===== eigvecP_avav =====

                  [Col  1]              [Col  2]              [Col  3]              [Col  4]              [Col  5]              [Col  6]              [Col  7]              [Col  8]              [Col  9]
[Row   1]              -0.9828               0.3161               0.0000               0.0000               0.0000               0.0000               0.0000               0.0000               0.0000
[Row   2]              -0.0621              -1.0305               0.0000               0.0000               0.0000               0.0000               0.0000               0.0000               0.0000
[Row   3]               0.0000               0.0000               1.0000               0.0000               0.0000               0.0000               0.0000               0.0000               0.0000
[Row   4]               0.0000               0.0000               0.0000               1.0000               0.0000               0.0000               0.0000               0.0000               0.0000
[Row   5]               0.0000               0.0000               0.0000               0.0000               1.0000               0.0000               0.0000               0.0000               0.0000
[Row   6]               0.0000               0.0000               0.0000               0.0000               0.0000               1.0000               0.0000               0.0000               0.0000
[Row   7]               0.0000               0.0000               0.0000               0.0000               0.0000               0.0000               1.0000               0.0000               0.0000
[Row   8]               0.0000               0.0000               0.0000               0.0000               0.0000               0.0000               0.0000               1.0000               0.0000
[Row   9]               0.0000               0.0000               0.0000               0.0000               0.0000               0.0000               0.0000               0.0000               1.0000
===== T1 =====

                  [Col  1]              [Col  2]              [Col  3]              [Col  4]              [Col  5]              [Col  6]              [Col  7]              [Col  8]              [Col  9]
[Row   1]               1.0000               0.0000               0.0000               0.0000               0.0000               0.0000               0.0000               0.0000               0.0000
[Row   2]               0.0000               1.0000               0.0000               0.0000               0.0000               0.0000               0.0000               0.0000               0.0000
[Row   3]               0.0000               0.0000               1.0000               0.0000               0.0000               0.0000               0.0000               0.0000               0.0000
[Row   4]               0.0000               0.0000               0.0000               1.0000               0.0000               0.0000               0.0000               0.0000               0.0000
[Row   5]               0.0000               0.0000               0.0000               0.0000               1.0000               0.0000               0.0000               0.0000               0.0000
[Row   6]               0.0000               0.0000               0.0000               0.0000               0.0000               1.0000               0.0000               0.0000               0.0000
[Row   7]               0.0000               0.0000               0.0000               0.0000               0.0000               0.0000               1.0000               0.0000               0.0000
[Row   8]               0.0000               0.0000               0.0000               0.0000               0.0000               0.0000               0.0000               1.0000               0.0000
[Row   9]               0.0000               0.0000               0.0000               0.0000               0.0000               0.0000               0.0000               0.0000               1.0000
===== invT1*T1 =====

                  [Col  1]              [Col  2]              [Col  3]              [Col  4]              [Col  5]              [Col  6]              [Col  7]              [Col  8]              [Col  9]
[Row   1]               1.0000               0.0000               0.0000               0.0000               0.0000               0.0000               0.0000               0.0000               0.0000
[Row   2]               0.0000               1.0000               0.0000               0.0000               0.0000               0.0000               0.0000               0.0000               0.0000
[Row   3]               0.0000               0.0000               1.0000               0.0000               0.0000               0.0000               0.0000               0.0000               0.0000
[Row   4]               0.0000               0.0000               0.0000               1.0000               0.0000               0.0000               0.0000               0.0000               0.0000
[Row   5]               0.0000               0.0000               0.0000               0.0000               1.0000               0.0000               0.0000               0.0000               0.0000
[Row   6]               0.0000               0.0000               0.0000               0.0000               0.0000               1.0000               0.0000               0.0000               0.0000
[Row   7]               0.0000               0.0000               0.0000               0.0000               0.0000               0.0000               1.0000               0.0000               0.0000
[Row   8]               0.0000               0.0000               0.0000               0.0000               0.0000               0.0000               0.0000               1.0000               0.0000
[Row   9]               0.0000               0.0000               0.0000               0.0000               0.0000               0.0000               0.0000               0.0000               1.0000
===== Trial P_aoao -> P_avav =====

                  [Col  1]              [Col  2]              [Col  3]              [Col  4]              [Col  5]              [Col  6]              [Col  7]              [Col  8]              [Col  9]
[Row   1]               1.9995               0.5047               0.0000               0.0000               0.0000               0.1176               0.1176               0.1176               0.1176
[Row   2]               0.5047               1.8745               0.0000               0.0000               0.0000               1.0936               1.0936               1.0936               1.0936
[Row   3]               0.0000               0.0000               1.6078               0.0000               0.0000               0.7254              -0.7254               0.7254              -0.7254
[Row   4]               0.0000               0.0000               0.0000               1.6078               0.0000               0.7254              -0.7254              -0.7254               0.7254
[Row   5]               0.0000               0.0000               0.0000               0.0000               1.6078               0.7254               0.7254              -0.7254              -0.7254
[Row   6]               0.1176               1.0936               0.7254               0.7254               0.7254               1.6367               0.3274               0.3274               0.3274
[Row   7]               0.1176               1.0936              -0.7254              -0.7254               0.7254               0.3274               1.6367               0.3274               0.3274
[Row   8]               0.1176               1.0936               0.7254              -0.7254              -0.7254               0.3274               0.3274               1.6367               0.3274
[Row   9]               0.1176               1.0936              -0.7254               0.7254              -0.7254               0.3274               0.3274               0.3274               1.6367
===== P_avav =====

                  [Col  1]              [Col  2]              [Col  3]              [Col  4]              [Col  5]              [Col  6]              [Col  7]              [Col  8]              [Col  9]
[Row   1]               1.9995               0.5047               0.0000               0.0000               0.0000               0.1176               0.1176               0.1176               0.1176
[Row   2]               0.5047               1.8745               0.0000               0.0000               0.0000               1.0936               1.0936               1.0936               1.0936
[Row   3]               0.0000               0.0000               1.6078               0.0000               0.0000               0.7254              -0.7254               0.7254              -0.7254
[Row   4]               0.0000               0.0000               0.0000               1.6078               0.0000               0.7254              -0.7254              -0.7254               0.7254
[Row   5]               0.0000               0.0000               0.0000               0.0000               1.6078               0.7254               0.7254              -0.7254              -0.7254
[Row   6]               0.1176               1.0936               0.7254               0.7254               0.7254               1.6367               0.3274               0.3274               0.3274
[Row   7]               0.1176               1.0936              -0.7254              -0.7254               0.7254               0.3274               1.6367               0.3274               0.3274
[Row   8]               0.1176               1.0936               0.7254              -0.7254              -0.7254               0.3274               0.3274               1.6367               0.3274
[Row   9]               0.1176               1.0936              -0.7254               0.7254              -0.7254               0.3274               0.3274               0.3274               1.6367
===== Trial S_aoao -> S_avav =====

                  [Col  1]              [Col  2]              [Col  3]              [Col  4]              [Col  5]              [Col  6]              [Col  7]              [Col  8]              [Col  9]
[Row   1]               1.0000               0.2484               0.0000               0.0000               0.0000               0.0623               0.0623               0.0623               0.0623
[Row   2]               0.2484               1.0000               0.0000               0.0000               0.0000               0.4909               0.4909               0.4909               0.4909
[Row   3]               0.0000               0.0000               1.0000               0.0000               0.0000               0.2698              -0.2698               0.2698              -0.2698
[Row   4]               0.0000               0.0000               0.0000               1.0000               0.0000               0.2698              -0.2698              -0.2698               0.2698
[Row   5]               0.0000               0.0000               0.0000               0.0000               1.0000               0.2698               0.2698              -0.2698              -0.2698
[Row   6]               0.0623               0.4909               0.2698               0.2698               0.2698               1.0000               0.1694               0.1694               0.1694
[Row   7]               0.0623               0.4909              -0.2698              -0.2698               0.2698               0.1694               1.0000               0.1694               0.1694
[Row   8]               0.0623               0.4909               0.2698              -0.2698              -0.2698               0.1694               0.1694               1.0000               0.1694
[Row   9]               0.0623               0.4909              -0.2698               0.2698              -0.2698               0.1694               0.1694               0.1694               1.0000
===== S_avav =====

                  [Col  1]              [Col  2]              [Col  3]              [Col  4]              [Col  5]              [Col  6]              [Col  7]              [Col  8]              [Col  9]
[Row   1]               1.0000               0.2484               0.0000               0.0000               0.0000               0.0623               0.0623               0.0623               0.0623
[Row   2]               0.2484               1.0000               0.0000               0.0000               0.0000               0.4909               0.4909               0.4909               0.4909
[Row   3]               0.0000               0.0000               1.0000               0.0000               0.0000               0.2698              -0.2698               0.2698              -0.2698
[Row   4]               0.0000               0.0000               0.0000               1.0000               0.0000               0.2698              -0.2698              -0.2698               0.2698
[Row   5]               0.0000               0.0000               0.0000               0.0000               1.0000               0.2698               0.2698              -0.2698              -0.2698
[Row   6]               0.0623               0.4909               0.2698               0.2698               0.2698               1.0000               0.1694               0.1694               0.1694
[Row   7]               0.0623               0.4909              -0.2698              -0.2698               0.2698               0.1694               1.0000               0.1694               0.1694
[Row   8]               0.0623               0.4909               0.2698              -0.2698              -0.2698               0.1694               0.1694               1.0000               0.1694
[Row   9]               0.0623               0.4909              -0.2698               0.2698              -0.2698               0.1694               0.1694               0.1694               1.0000
===== Spnao =====

                  [Col  1]              [Col  2]              [Col  3]              [Col  4]              [Col  5]              [Col  6]              [Col  7]              [Col  8]              [Col  9]
[Row   1]               1.0000               0.0000               0.0000               0.0000               0.0000              -0.0917              -0.0917              -0.0917              -0.0917
[Row   2]              -0.0000               1.0000               0.0000               0.0000               0.0000              -0.4862              -0.4862              -0.4862              -0.4862
[Row   3]               0.0000               0.0000               1.0000               0.0000               0.0000               0.2698              -0.2698               0.2698              -0.2698
[Row   4]               0.0000               0.0000               0.0000               1.0000               0.0000               0.2698              -0.2698              -0.2698               0.2698
[Row   5]               0.0000               0.0000               0.0000               0.0000               1.0000               0.2698               0.2698              -0.2698              -0.2698
[Row   6]              -0.0917              -0.4862               0.2698               0.2698               0.2698               1.0000               0.1694               0.1694               0.1694
[Row   7]              -0.0917              -0.4862              -0.2698              -0.2698               0.2698               0.1694               1.0000               0.1694               0.1694
[Row   8]              -0.0917              -0.4862               0.2698              -0.2698              -0.2698               0.1694               0.1694               1.0000               0.1694
[Row   9]              -0.0917              -0.4862              -0.2698               0.2698              -0.2698               0.1694               0.1694               0.1694               1.0000
===== Ppnao =====

                  [Col  1]              [Col  2]              [Col  3]              [Col  4]              [Col  5]              [Col  6]              [Col  7]              [Col  8]              [Col  9]
[Row   1]               2.0000               0.0000               0.0000               0.0000               0.0000              -0.1835              -0.1835              -0.1835              -0.1835
[Row   2]               0.0000               1.8615               0.0000               0.0000               0.0000              -1.0897              -1.0897              -1.0897              -1.0897
[Row   3]               0.0000               0.0000               1.6078               0.0000               0.0000               0.7254              -0.7254               0.7254              -0.7254
[Row   4]               0.0000               0.0000               0.0000               1.6078               0.0000               0.7254              -0.7254              -0.7254               0.7254
[Row   5]               0.0000               0.0000               0.0000               0.0000               1.6078               0.7254               0.7254              -0.7254              -0.7254
[Row   6]              -0.1835              -1.0897               0.7254               0.7254               0.7254               1.6367               0.3274               0.3274               0.3274
[Row   7]              -0.1835              -1.0897              -0.7254              -0.7254               0.7254               0.3274               1.6367               0.3274               0.3274
[Row   8]              -0.1835              -1.0897               0.7254              -0.7254              -0.7254               0.3274               0.3274               1.6367               0.3274
[Row   9]              -0.1835              -1.0897              -0.7254               0.7254              -0.7254               0.3274               0.3274               0.3274               1.6367
