molecule mol00.xyz
System:, atNum: 3 coords [0.         0.         0.77478771]
System:, atNum: 1 coords [ 0.          0.         -2.32436313]
===== Original AO-S matrix =====

                  [Col  1]              [Col  2]              [Col  3]              [Col  4]              [Col  5]              [Col  6]
[Row   1]               1.0000               0.2411              -0.0000               0.0000               0.0000               0.0611
[Row   2]               0.2411               1.0000               0.0000               0.0000               0.0000               0.3853
[Row   3]              -0.0000               0.0000               1.0000               0.0000               0.0000              -0.5052
[Row   4]               0.0000               0.0000               0.0000               1.0000               0.0000               0.0000
[Row   5]               0.0000               0.0000               0.0000               0.0000               1.0000               0.0000
[Row   6]               0.0611               0.3853              -0.5052               0.0000               0.0000               1.0000
nbas 6
 ===== CA ===== 

                  [Col  1]              [Col  2]              [Col  3]              [Col  4]              [Col  5]              [Col  6]
[Row   1]               0.9913               0.1646               0.2105              -0.0000              -0.0000               0.0979
[Row   2]               0.0329              -0.4587              -0.7990               0.0000               0.0000              -0.6869
[Row   3]               0.0060               0.3446              -0.6114               0.0000               0.0000               0.9675
[Row   4]              -0.0000               0.0000               0.0000               0.9990               0.0451              -0.0000
[Row   5]               0.0000               0.0000              -0.0000               0.0451              -0.9990              -0.0000
[Row   6]               0.0035              -0.5516               0.1433               0.0000              -0.0000               1.1641
 ===== CB ===== 

                  [Col  1]              [Col  2]              [Col  3]              [Col  4]              [Col  5]              [Col  6]
[Row   1]               0.9913               0.1646               0.2105              -0.0000              -0.0000               0.0979
[Row   2]               0.0329              -0.4587              -0.7990               0.0000               0.0000              -0.6869
[Row   3]               0.0060               0.3446              -0.6114               0.0000               0.0000               0.9675
[Row   4]              -0.0000               0.0000               0.0000               0.9990               0.0451              -0.0000
[Row   5]               0.0000               0.0000              -0.0000               0.0451              -0.9990              -0.0000
[Row   6]               0.0035              -0.5516               0.1433               0.0000              -0.0000               1.1641
 ===== P_psi ===== Dalpha+Dbeta 

                  [Col  1]              [Col  2]              [Col  3]              [Col  4]              [Col  5]              [Col  6]
[Row   1]               2.0195              -0.0858               0.1254              -0.0000               0.0000              -0.1747
[Row   2]              -0.0858               0.4230              -0.3158              -0.0000              -0.0000               0.5063
[Row   3]               0.1254              -0.3158               0.2376               0.0000               0.0000              -0.3801
[Row   4]              -0.0000              -0.0000               0.0000               0.0000               0.0000              -0.0000
[Row   5]               0.0000              -0.0000               0.0000               0.0000               0.0000              -0.0000
[Row   6]              -0.1747               0.5063              -0.3801              -0.0000              -0.0000               0.6084
===== P_mu,nu local =====

                  [Col  1]              [Col  2]              [Col  3]              [Col  4]              [Col  5]              [Col  6]
[Row   1]               2.0195              -0.0858               0.1254              -0.0000               0.0000              -0.1747
[Row   2]              -0.0858               0.4230              -0.3158              -0.0000              -0.0000               0.5063
[Row   3]               0.1254              -0.3158               0.2376               0.0000               0.0000              -0.3801
[Row   4]              -0.0000              -0.0000               0.0000               0.0000               0.0000              -0.0000
[Row   5]               0.0000              -0.0000               0.0000               0.0000               0.0000              -0.0000
[Row   6]              -0.1747               0.5063              -0.3801              -0.0000              -0.0000               0.6084
===== P_mu,nu psi4 =====

                  [Col  1]              [Col  2]              [Col  3]              [Col  4]              [Col  5]              [Col  6]
[Row   1]               2.0195              -0.0858               0.1254              -0.0000               0.0000              -0.1747
[Row   2]              -0.0858               0.4230              -0.3158              -0.0000              -0.0000               0.5063
[Row   3]               0.1254              -0.3158               0.2376               0.0000               0.0000              -0.3801
[Row   4]              -0.0000              -0.0000               0.0000               0.0000               0.0000              -0.0000
[Row   5]               0.0000              -0.0000               0.0000               0.0000               0.0000              -0.0000
[Row   6]              -0.1747               0.5063              -0.3801              -0.0000              -0.0000               0.6084
====== P^(AO) = SPS =====

                  [Col  1]              [Col  2]              [Col  3]              [Col  4]              [Col  5]              [Col  6]
[Row   1]               1.9986               0.5206               0.0338               0.0000               0.0000               0.1110
[Row   2]               0.5206               0.9471              -0.7849               0.0000               0.0000               1.1674
[Row   3]               0.0338              -0.7849               0.7769               0.0000               0.0000              -1.1117
[Row   4]               0.0000               0.0000               0.0000               0.0000               0.0000               0.0000
[Row   5]               0.0000               0.0000               0.0000               0.0000               0.0000               0.0000
[Row   6]               0.1110               1.1674              -1.1117               0.0000               0.0000               1.6034
====== S^(AO) = S =====

                  [Col  1]              [Col  2]              [Col  3]              [Col  4]              [Col  5]              [Col  6]
[Row   1]               1.0000               0.2411               0.0000               0.0000               0.0000               0.0611
[Row   2]               0.2411               1.0000               0.0000               0.0000               0.0000               0.3853
[Row   3]               0.0000               0.0000               1.0000               0.0000               0.0000              -0.5052
[Row   4]               0.0000               0.0000               0.0000               1.0000               0.0000               0.0000
[Row   5]               0.0000               0.0000               0.0000               0.0000               1.0000               0.0000
[Row   6]               0.0611               0.3853              -0.5052               0.0000               0.0000               1.0000
====== P^(AO) std gaussian m_l ordering SPS =====

                  [Col  1]              [Col  2]              [Col  3]              [Col  4]              [Col  5]              [Col  6]
[Row   1]               1.9986               0.5206               0.0000               0.0000               0.0338               0.1110
[Row   2]               0.5206               0.9471               0.0000               0.0000              -0.7849               1.1674
[Row   3]               0.0000               0.0000               0.0000               0.0000               0.0000               0.0000
[Row   4]               0.0000               0.0000               0.0000               0.0000               0.0000               0.0000
[Row   5]               0.0338              -0.7849               0.0000               0.0000               0.7769              -1.1117
[Row   6]               0.1110               1.1674               0.0000               0.0000              -1.1117               1.6034
====== S^(AO) std gaussian m_l ordering =====

                  [Col  1]              [Col  2]              [Col  3]              [Col  4]              [Col  5]              [Col  6]
[Row   1]               1.0000               0.2411               0.0000               0.0000               0.0000               0.0611
[Row   2]               0.2411               1.0000               0.0000               0.0000               0.0000               0.3853
[Row   3]               0.0000               0.0000               1.0000               0.0000               0.0000               0.0000
[Row   4]               0.0000               0.0000               0.0000               1.0000               0.0000               0.0000
[Row   5]               0.0000               0.0000               0.0000               0.0000               1.0000              -0.5052
[Row   6]               0.0611               0.3853               0.0000               0.0000              -0.5052               1.0000
===== After load P check zeros ===== 
 [[ 1.99856148  0.52059707  0.          0.          0.03384519  0.11097275]
 [ 0.52059707  0.94705646  0.          0.         -0.78488372  1.16735084]
 [ 0.          0.          0.          0.          0.          0.        ]
 [ 0.          0.          0.          0.          0.          0.        ]
 [ 0.03384519 -0.78488372  0.          0.          0.77691292 -1.11166417]
 [ 0.11097275  1.16735084  0.          0.         -1.11166417  1.60337373]]
lctrl 0 ntrue 2
lctrl 1 ntrue 3
lctrl 1
===== cA before average ===== 
 [[0.         0.         0.        ]
 [0.         0.         0.        ]
 [0.         0.         0.77691292]]
===== cB before average ===== 
 [[1. 0. 0.]
 [0. 1. 0.]
 [0. 0. 1.]]
===== cA after average ===== 
 [[0.         0.         0.        ]
 [0.         0.         0.        ]
 [0.         0.         0.77691292]]
===== cB after average ===== 
 [[1. 0. 0.]
 [0. 1. 0.]
 [0. 0. 1.]]
lctrl 0 ntrue 1
N_functions in (iatom,l):( 0 0 ) block =  2
===== iatom,lblock eigvals ===== 0 0 
 [1.99995715 0.86094316]
===== iatom,lblock eigvecs ===== 0 0 
 [[-0.99068956  0.28332115]
 [-0.03606911 -1.02977459]]
N_functions in (iatom,l):( 0 1 ) block =  3
eigvecs before 
 [[0. 0. 1.]
 [0. 1. 0.]
 [1. 0. 0.]]
mlMap 
 [[0. 0. 1.]
 [0. 1. 0.]
 [1. 0. 0.]]
eigvecs after 
 [[1. 0. 0.]
 [0. 1. 0.]
 [0. 0. 1.]]
===== iatom,lblock eigvals ===== 0 1 
 [0.77691292 0.         0.        ]
===== iatom,lblock eigvecs ===== 0 1 
 [[1. 0. 0.]
 [0. 1. 0.]
 [0. 0. 1.]]
N_functions in (iatom,l):( 1 0 ) block =  1
===== iatom,lblock eigvals ===== 1 0 
 [1.60337373]
===== iatom,lblock eigvecs ===== 1 0 
 [[1.]]
===== W_pnao ===== 
 [1.99995715 0.86094316 0.77691292 0.         0.         1.60337373]
===== N_avpnao =====

                  [Col  1]              [Col  2]              [Col  3]              [Col  4]              [Col  5]              [Col  6]
[Row   1]              -0.9907               0.2833               0.0000               0.0000               0.0000               0.0000
[Row   2]              -0.0361              -1.0298               0.0000               0.0000               0.0000               0.0000
[Row   3]               0.0000               0.0000               1.0000               0.0000               0.0000               0.0000
[Row   4]               0.0000               0.0000               0.0000               1.0000               0.0000               0.0000
[Row   5]               0.0000               0.0000               0.0000               0.0000               1.0000               0.0000
[Row   6]               0.0000               0.0000               0.0000               0.0000               0.0000               1.0000
N_functions in (iatom,l):( 0 0 ) block =  2
===== iatom,lblock eigvals ===== 0 0 
 [1.99995715 0.86094316]
===== iatom,lblock eigvecs ===== 0 0 
 [[-0.99068956  0.28332115]
 [-0.03606911 -1.02977459]]
N_functions in (iatom,l):( 0 1 ) block =  3
eigvecs before 
 [[0. 0. 1.]
 [0. 1. 0.]
 [1. 0. 0.]]
mlMap 
 [[0. 0. 1.]
 [0. 1. 0.]
 [1. 0. 0.]]
eigvecs after 
 [[1. 0. 0.]
 [0. 1. 0.]
 [0. 0. 1.]]
===== iatom,lblock eigvals ===== 0 1 
 [0.77691292 0.         0.        ]
===== iatom,lblock eigvecs ===== 0 1 
 [[1. 0. 0.]
 [0. 1. 0.]
 [0. 0. 1.]]
N_functions in (iatom,l):( 1 0 ) block =  1
===== iatom,lblock eigvals ===== 1 0 
 [1.60337373]
===== iatom,lblock eigvecs ===== 1 0 
 [[1.]]
N_functions in (iatom,l):( 0 0 ) block =  2
===== iatom,lblock eigvals ===== 0 0 
 [1.99995715 0.86094316]
===== iatom,lblock eigvecs ===== 0 0 
 [[-0.99068956  0.28332115]
 [-0.03606911 -1.02977459]]
N_functions in (iatom,l):( 0 1 ) block =  3
eigvecs before 
 [[0. 0. 1.]
 [0. 1. 0.]
 [1. 0. 0.]]
mlMap 
 [[0. 0. 1.]
 [0. 1. 0.]
 [1. 0. 0.]]
eigvecs after 
 [[1. 0. 0.]
 [0. 1. 0.]
 [0. 0. 1.]]
===== iatom,lblock eigvals ===== 0 1 
 [0.77691292 0.         0.        ]
===== iatom,lblock eigvecs ===== 0 1 
 [[1. 0. 0.]
 [0. 1. 0.]
 [0. 0. 1.]]
N_functions in (iatom,l):( 1 0 ) block =  1
===== iatom,lblock eigvals ===== 1 0 
 [1.60337373]
===== iatom,lblock eigvecs ===== 1 0 
 [[1.]]
eigvalP_aoao 
 [1.99995715 0.86094316 0.77691292 0.         0.         1.60337373]
eigvalP_avav 
 [1.99995715 0.86094316 0.77691292 0.         0.         1.60337373]
===== eigvecP_aoao =====

                  [Col  1]              [Col  2]              [Col  3]              [Col  4]              [Col  5]              [Col  6]
[Row   1]              -0.9907               0.2833               0.0000               0.0000               0.0000               0.0000
[Row   2]              -0.0361              -1.0298               0.0000               0.0000               0.0000               0.0000
[Row   3]               0.0000               0.0000               1.0000               0.0000               0.0000               0.0000
[Row   4]               0.0000               0.0000               0.0000               1.0000               0.0000               0.0000
[Row   5]               0.0000               0.0000               0.0000               0.0000               1.0000               0.0000
[Row   6]               0.0000               0.0000               0.0000               0.0000               0.0000               1.0000
===== eigvecP_avav =====

                  [Col  1]              [Col  2]              [Col  3]              [Col  4]              [Col  5]              [Col  6]
[Row   1]              -0.9907               0.2833               0.0000               0.0000               0.0000               0.0000
[Row   2]              -0.0361              -1.0298               0.0000               0.0000               0.0000               0.0000
[Row   3]               0.0000               0.0000               1.0000               0.0000               0.0000               0.0000
[Row   4]               0.0000               0.0000               0.0000               1.0000               0.0000               0.0000
[Row   5]               0.0000               0.0000               0.0000               0.0000               1.0000               0.0000
[Row   6]               0.0000               0.0000               0.0000               0.0000               0.0000               1.0000
===== T1 =====

                  [Col  1]              [Col  2]              [Col  3]              [Col  4]              [Col  5]              [Col  6]
[Row   1]               1.0000               0.0000               0.0000               0.0000               0.0000               0.0000
[Row   2]               0.0000               1.0000               0.0000               0.0000               0.0000               0.0000
[Row   3]               0.0000               0.0000               1.0000               0.0000               0.0000               0.0000
[Row   4]               0.0000               0.0000               0.0000               1.0000               0.0000               0.0000
[Row   5]               0.0000               0.0000               0.0000               0.0000               1.0000               0.0000
[Row   6]               0.0000               0.0000               0.0000               0.0000               0.0000               1.0000
===== invT1*T1 =====

                  [Col  1]              [Col  2]              [Col  3]              [Col  4]              [Col  5]              [Col  6]
[Row   1]               1.0000               0.0000               0.0000               0.0000               0.0000               0.0000
[Row   2]               0.0000               1.0000               0.0000               0.0000               0.0000               0.0000
[Row   3]               0.0000               0.0000               1.0000               0.0000               0.0000               0.0000
[Row   4]               0.0000               0.0000               0.0000               1.0000               0.0000               0.0000
[Row   5]               0.0000               0.0000               0.0000               0.0000               1.0000               0.0000
[Row   6]               0.0000               0.0000               0.0000               0.0000               0.0000               1.0000
===== Trial P_aoao -> P_avav =====

                  [Col  1]              [Col  2]              [Col  3]              [Col  4]              [Col  5]              [Col  6]
[Row   1]               1.9986               0.5206               0.0000               0.0000               0.0338               0.1110
[Row   2]               0.5206               0.9471               0.0000               0.0000              -0.7849               1.1674
[Row   3]               0.0000               0.0000               0.0000               0.0000               0.0000               0.0000
[Row   4]               0.0000               0.0000               0.0000               0.0000               0.0000               0.0000
[Row   5]               0.0338              -0.7849               0.0000               0.0000               0.7769              -1.1117
[Row   6]               0.1110               1.1674               0.0000               0.0000              -1.1117               1.6034
===== P_avav =====

                  [Col  1]              [Col  2]              [Col  3]              [Col  4]              [Col  5]              [Col  6]
[Row   1]               1.9986               0.5206               0.0000               0.0000               0.0338               0.1110
[Row   2]               0.5206               0.9471               0.0000               0.0000              -0.7849               1.1674
[Row   3]               0.0000               0.0000               0.0000               0.0000               0.0000               0.0000
[Row   4]               0.0000               0.0000               0.0000               0.0000               0.0000               0.0000
[Row   5]               0.0338              -0.7849               0.0000               0.0000               0.7769              -1.1117
[Row   6]               0.1110               1.1674               0.0000               0.0000              -1.1117               1.6034
===== Trial S_aoao -> S_avav =====

                  [Col  1]              [Col  2]              [Col  3]              [Col  4]              [Col  5]              [Col  6]
[Row   1]               1.0000               0.2411               0.0000               0.0000               0.0000               0.0611
[Row   2]               0.2411               1.0000               0.0000               0.0000               0.0000               0.3853
[Row   3]               0.0000               0.0000               1.0000               0.0000               0.0000               0.0000
[Row   4]               0.0000               0.0000               0.0000               1.0000               0.0000               0.0000
[Row   5]               0.0000               0.0000               0.0000               0.0000               1.0000              -0.5052
[Row   6]               0.0611               0.3853               0.0000               0.0000              -0.5052               1.0000
===== S_avav =====

                  [Col  1]              [Col  2]              [Col  3]              [Col  4]              [Col  5]              [Col  6]
[Row   1]               1.0000               0.2411               0.0000               0.0000               0.0000               0.0611
[Row   2]               0.2411               1.0000               0.0000               0.0000               0.0000               0.3853
[Row   3]               0.0000               0.0000               1.0000               0.0000               0.0000               0.0000
[Row   4]               0.0000               0.0000               0.0000               1.0000               0.0000               0.0000
[Row   5]               0.0000               0.0000               0.0000               0.0000               1.0000              -0.5052
[Row   6]               0.0611               0.3853               0.0000               0.0000              -0.5052               1.0000
===== Spnao =====

                  [Col  1]              [Col  2]              [Col  3]              [Col  4]              [Col  5]              [Col  6]
[Row   1]               1.0000              -0.0000               0.0000               0.0000               0.0000              -0.0744
[Row   2]              -0.0000               1.0000               0.0000               0.0000               0.0000              -0.3795
[Row   3]               0.0000               0.0000               1.0000               0.0000               0.0000               0.0000
[Row   4]               0.0000               0.0000               0.0000               1.0000               0.0000               0.0000
[Row   5]               0.0000               0.0000               0.0000               0.0000               1.0000              -0.5052
[Row   6]              -0.0744              -0.3795               0.0000               0.0000              -0.5052               1.0000
===== Ppnao =====

                  [Col  1]              [Col  2]              [Col  3]              [Col  4]              [Col  5]              [Col  6]
[Row   1]               2.0000               0.0000               0.0000               0.0000              -0.0052              -0.1520
[Row   2]               0.0000               0.8609               0.0000               0.0000               0.8178              -1.1707
[Row   3]               0.0000               0.0000               0.0000               0.0000               0.0000               0.0000
[Row   4]               0.0000               0.0000               0.0000               0.0000               0.0000               0.0000
[Row   5]              -0.0052               0.8178               0.0000               0.0000               0.7769              -1.1117
[Row   6]              -0.1520              -1.1707               0.0000               0.0000              -1.1117               1.6034
