molecule mol11.xyz
System:, atNum: 8 coords [0.         0.         0.22537252]
System:, atNum: 1 coords [ 0.          1.44231268 -0.90148818]
System:, atNum: 1 coords [ 0.         -1.44231268 -0.90148818]
===== Original AO-S matrix =====

                  [Col  1]              [Col  2]              [Col  3]              [Col  4]              [Col  5]              [Col  6]              [Col  7]
[Row   1]               1.0000               0.2367              -0.0000               0.0000               0.0000               0.0525               0.0525
[Row   2]               0.2367               1.0000               0.0000               0.0000               0.0000               0.4674               0.4674
[Row   3]              -0.0000               0.0000               1.0000               0.0000               0.0000              -0.2398              -0.2398
[Row   4]               0.0000               0.0000               0.0000               1.0000               0.0000               0.0000               0.0000
[Row   5]               0.0000               0.0000               0.0000               0.0000               1.0000               0.3069              -0.3069
[Row   6]               0.0525               0.4674              -0.2398               0.0000               0.3069               1.0000               0.2472
[Row   7]               0.0525               0.4674              -0.2398               0.0000              -0.3069               0.2472               1.0000
nbas 7
 ===== CA ===== 

                  [Col  1]              [Col  2]              [Col  3]              [Col  4]              [Col  5]              [Col  6]              [Col  7]
[Row   1]               0.9942               0.2332              -0.0000               0.1029              -0.0000               0.1305              -0.0000
[Row   2]               0.0263              -0.8376               0.0000              -0.5346               0.0000              -0.8639               0.0000
[Row   3]              -0.0043               0.1262               0.0000              -0.7726               0.0000               0.7444              -0.0000
[Row   4]               0.0000               0.0000              -0.0000               0.0000               1.0000               0.0000               0.0000
[Row   5]               0.0000               0.0000               0.6068               0.0000               0.0000               0.0000               0.9826
[Row   6]              -0.0058              -0.1578               0.4460               0.2829              -0.0000               0.7884              -0.8288
[Row   7]              -0.0058              -0.1578              -0.4460               0.2829              -0.0000               0.7884               0.8288
 ===== CB ===== 

                  [Col  1]              [Col  2]              [Col  3]              [Col  4]              [Col  5]              [Col  6]              [Col  7]
[Row   1]               0.9942               0.2332              -0.0000               0.1029              -0.0000               0.1305              -0.0000
[Row   2]               0.0263              -0.8376               0.0000              -0.5346               0.0000              -0.8639               0.0000
[Row   3]              -0.0043               0.1262               0.0000              -0.7726               0.0000               0.7444              -0.0000
[Row   4]               0.0000               0.0000              -0.0000               0.0000               1.0000               0.0000               0.0000
[Row   5]               0.0000               0.0000               0.6068               0.0000               0.0000               0.0000               0.9826
[Row   6]              -0.0058              -0.1578               0.4460               0.2829              -0.0000               0.7884              -0.8288
[Row   7]              -0.0058              -0.1578              -0.4460               0.2829              -0.0000               0.7884               0.8288
 ===== P_psi ===== Dalpha+Dbeta 

                  [Col  1]              [Col  2]              [Col  3]              [Col  4]              [Col  5]              [Col  6]              [Col  7]
[Row   1]               2.1066              -0.4483              -0.1086               0.0000               0.0000              -0.0270              -0.0270
[Row   2]              -0.4483               1.9761               0.6145              -0.0000               0.0000              -0.0384              -0.0384
[Row   3]              -0.1086               0.6145               1.2258              -0.0000              -0.0000              -0.4770              -0.4770
[Row   4]               0.0000              -0.0000              -0.0000               2.0000              -0.0000              -0.0000              -0.0000
[Row   5]               0.0000               0.0000              -0.0000              -0.0000               0.7364               0.5413              -0.5413
[Row   6]              -0.0270              -0.0384              -0.4770              -0.0000               0.5413               0.6079              -0.1879
[Row   7]              -0.0270              -0.0384              -0.4770              -0.0000              -0.5413              -0.1879               0.6079
===== P_mu,nu local =====

                  [Col  1]              [Col  2]              [Col  3]              [Col  4]              [Col  5]              [Col  6]              [Col  7]
[Row   1]               2.1066              -0.4483              -0.1086               0.0000               0.0000              -0.0270              -0.0270
[Row   2]              -0.4483               1.9761               0.6145              -0.0000               0.0000              -0.0384              -0.0384
[Row   3]              -0.1086               0.6145               1.2258              -0.0000              -0.0000              -0.4770              -0.4770
[Row   4]               0.0000              -0.0000              -0.0000               2.0000              -0.0000              -0.0000              -0.0000
[Row   5]               0.0000               0.0000              -0.0000              -0.0000               0.7364               0.5413              -0.5413
[Row   6]              -0.0270              -0.0384              -0.4770              -0.0000               0.5413               0.6079              -0.1879
[Row   7]              -0.0270              -0.0384              -0.4770              -0.0000              -0.5413              -0.1879               0.6079
===== P_mu,nu psi4 =====

                  [Col  1]              [Col  2]              [Col  3]              [Col  4]              [Col  5]              [Col  6]              [Col  7]
[Row   1]               2.1066              -0.4483              -0.1086               0.0000               0.0000              -0.0270              -0.0270
[Row   2]              -0.4483               1.9761               0.6145              -0.0000               0.0000              -0.0384              -0.0384
[Row   3]              -0.1086               0.6145               1.2258              -0.0000              -0.0000              -0.4770              -0.4770
[Row   4]               0.0000              -0.0000              -0.0000               2.0000              -0.0000              -0.0000              -0.0000
[Row   5]               0.0000               0.0000              -0.0000              -0.0000               0.7364               0.5413              -0.5413
[Row   6]              -0.0270              -0.0384              -0.4770              -0.0000               0.5413               0.6079              -0.1879
[Row   7]              -0.0270              -0.0384              -0.4770              -0.0000              -0.5413              -0.1879               0.6079
====== P^(AO) = SPS =====

                  [Col  1]              [Col  2]              [Col  3]              [Col  4]              [Col  5]              [Col  6]              [Col  7]
[Row   1]               1.9998               0.4751              -0.0065               0.0000               0.0000               0.0978               0.0978
[Row   2]               0.4751               1.9816               0.0704               0.0000               0.0000               1.0131               1.0131
[Row   3]              -0.0065               0.0704               1.7316               0.0000               0.0000              -0.7784              -0.7784
[Row   4]               0.0000               0.0000               0.0000               2.0000               0.0000               0.0000               0.0000
[Row   5]               0.0000               0.0000               0.0000               0.0000               1.5508               0.9193              -0.9193
[Row   6]               0.0978               1.0131              -0.7784               0.0000               0.9193               1.4594               0.3695
[Row   7]               0.0978               1.0131              -0.7784               0.0000              -0.9193               0.3695               1.4594
====== S^(AO) = S =====

                  [Col  1]              [Col  2]              [Col  3]              [Col  4]              [Col  5]              [Col  6]              [Col  7]
[Row   1]               1.0000               0.2367               0.0000               0.0000               0.0000               0.0525               0.0525
[Row   2]               0.2367               1.0000               0.0000               0.0000               0.0000               0.4674               0.4674
[Row   3]               0.0000               0.0000               1.0000               0.0000               0.0000              -0.2398              -0.2398
[Row   4]               0.0000               0.0000               0.0000               1.0000               0.0000               0.0000               0.0000
[Row   5]               0.0000               0.0000               0.0000               0.0000               1.0000               0.3069              -0.3069
[Row   6]               0.0525               0.4674              -0.2398               0.0000               0.3069               1.0000               0.2472
[Row   7]               0.0525               0.4674              -0.2398               0.0000              -0.3069               0.2472               1.0000
====== P^(AO) std gaussian m_l ordering SPS =====

                  [Col  1]              [Col  2]              [Col  3]              [Col  4]              [Col  5]              [Col  6]              [Col  7]
[Row   1]               1.9998               0.4751               0.0000               0.0000              -0.0065               0.0978               0.0978
[Row   2]               0.4751               1.9816               0.0000               0.0000               0.0704               1.0131               1.0131
[Row   3]               0.0000               0.0000               2.0000               0.0000               0.0000               0.0000               0.0000
[Row   4]               0.0000               0.0000               0.0000               1.5508               0.0000               0.9193              -0.9193
[Row   5]              -0.0065               0.0704               0.0000               0.0000               1.7316              -0.7784              -0.7784
[Row   6]               0.0978               1.0131               0.0000               0.9193              -0.7784               1.4594               0.3695
[Row   7]               0.0978               1.0131               0.0000              -0.9193              -0.7784               0.3695               1.4594
====== S^(AO) std gaussian m_l ordering =====

                  [Col  1]              [Col  2]              [Col  3]              [Col  4]              [Col  5]              [Col  6]              [Col  7]
[Row   1]               1.0000               0.2367               0.0000               0.0000               0.0000               0.0525               0.0525
[Row   2]               0.2367               1.0000               0.0000               0.0000               0.0000               0.4674               0.4674
[Row   3]               0.0000               0.0000               1.0000               0.0000               0.0000               0.0000               0.0000
[Row   4]               0.0000               0.0000               0.0000               1.0000               0.0000               0.3069              -0.3069
[Row   5]               0.0000               0.0000               0.0000               0.0000               1.0000              -0.2398              -0.2398
[Row   6]               0.0525               0.4674               0.0000               0.3069              -0.2398               1.0000               0.2472
[Row   7]               0.0525               0.4674               0.0000              -0.3069              -0.2398               0.2472               1.0000
===== After load P check zeros ===== 
 [[ 1.99984148  0.47511788  0.          0.         -0.00652316  0.09781781
   0.09781781]
 [ 0.47511788  1.98155374  0.          0.          0.07036676  1.01309869
   1.01309869]
 [ 0.          0.          2.          0.          0.          0.
   0.        ]
 [ 0.          0.          0.          1.55084734  0.          0.91933749
  -0.91933749]
 [-0.00652316  0.07036676  0.          0.          1.73157268 -0.77842135
  -0.77842135]
 [ 0.09781781  1.01309869  0.          0.91933749 -0.77842135  1.45944977
   0.36948895]
 [ 0.09781781  1.01309869  0.         -0.91933749 -0.77842135  0.36948895
   1.45944977]]
lctrl 0 ntrue 2
lctrl 1 ntrue 3
lctrl 1
===== cA before average ===== 
 [[2.         0.         0.        ]
 [0.         1.55084734 0.        ]
 [0.         0.         1.73157268]]
===== cB before average ===== 
 [[1. 0. 0.]
 [0. 1. 0.]
 [0. 0. 1.]]
===== cA after average ===== 
 [[2.         0.         0.        ]
 [0.         1.55084734 0.        ]
 [0.         0.         1.73157268]]
===== cB after average ===== 
 [[1. 0. 0.]
 [0. 1. 0.]
 [0. 0. 1.]]
lctrl 0 ntrue 1
lctrl 0 ntrue 1
N_functions in (iatom,l):( 0 0 ) block =  2
===== iatom,lblock eigvals ===== 0 0 
 [2.         1.97943336]
===== iatom,lblock eigvecs ===== 0 0 
 [[-0.97474976  0.33048027]
 [-0.09036152 -1.02527513]]
N_functions in (iatom,l):( 0 1 ) block =  3
eigvecs before 
 [[1. 0. 0.]
 [0. 0. 1.]
 [0. 1. 0.]]
mlMap 
 [[1. 0. 0.]
 [0. 0. 1.]
 [0. 1. 0.]]
eigvecs after 
 [[1. 0. 0.]
 [0. 1. 0.]
 [0. 0. 1.]]
===== iatom,lblock eigvals ===== 0 1 
 [2.         1.73157268 1.55084734]
===== iatom,lblock eigvecs ===== 0 1 
 [[1. 0. 0.]
 [0. 1. 0.]
 [0. 0. 1.]]
N_functions in (iatom,l):( 1 0 ) block =  1
===== iatom,lblock eigvals ===== 1 0 
 [1.45944977]
===== iatom,lblock eigvecs ===== 1 0 
 [[1.]]
N_functions in (iatom,l):( 2 0 ) block =  1
===== iatom,lblock eigvals ===== 2 0 
 [1.45944977]
===== iatom,lblock eigvecs ===== 2 0 
 [[1.]]
===== W_pnao ===== 
 [2.         1.97943336 2.         1.73157268 1.55084734 1.45944977
 1.45944977]
===== N_avpnao =====

                  [Col  1]              [Col  2]              [Col  3]              [Col  4]              [Col  5]              [Col  6]              [Col  7]
[Row   1]              -0.9747               0.3305               0.0000               0.0000               0.0000               0.0000               0.0000
[Row   2]              -0.0904              -1.0253               0.0000               0.0000               0.0000               0.0000               0.0000
[Row   3]               0.0000               0.0000               1.0000               0.0000               0.0000               0.0000               0.0000
[Row   4]               0.0000               0.0000               0.0000               1.0000               0.0000               0.0000               0.0000
[Row   5]               0.0000               0.0000               0.0000               0.0000               1.0000               0.0000               0.0000
[Row   6]               0.0000               0.0000               0.0000               0.0000               0.0000               1.0000               0.0000
[Row   7]               0.0000               0.0000               0.0000               0.0000               0.0000               0.0000               1.0000
N_functions in (iatom,l):( 0 0 ) block =  2
===== iatom,lblock eigvals ===== 0 0 
 [2.         1.97943336]
===== iatom,lblock eigvecs ===== 0 0 
 [[-0.97474976  0.33048027]
 [-0.09036152 -1.02527513]]
N_functions in (iatom,l):( 0 1 ) block =  3
eigvecs before 
 [[1. 0. 0.]
 [0. 0. 1.]
 [0. 1. 0.]]
mlMap 
 [[1. 0. 0.]
 [0. 0. 1.]
 [0. 1. 0.]]
eigvecs after 
 [[1. 0. 0.]
 [0. 1. 0.]
 [0. 0. 1.]]
===== iatom,lblock eigvals ===== 0 1 
 [2.         1.73157268 1.55084734]
===== iatom,lblock eigvecs ===== 0 1 
 [[1. 0. 0.]
 [0. 1. 0.]
 [0. 0. 1.]]
N_functions in (iatom,l):( 1 0 ) block =  1
===== iatom,lblock eigvals ===== 1 0 
 [1.45944977]
===== iatom,lblock eigvecs ===== 1 0 
 [[1.]]
N_functions in (iatom,l):( 2 0 ) block =  1
===== iatom,lblock eigvals ===== 2 0 
 [1.45944977]
===== iatom,lblock eigvecs ===== 2 0 
 [[1.]]
N_functions in (iatom,l):( 0 0 ) block =  2
===== iatom,lblock eigvals ===== 0 0 
 [2.         1.97943336]
===== iatom,lblock eigvecs ===== 0 0 
 [[-0.97474976  0.33048027]
 [-0.09036152 -1.02527513]]
N_functions in (iatom,l):( 0 1 ) block =  3
eigvecs before 
 [[1. 0. 0.]
 [0. 0. 1.]
 [0. 1. 0.]]
mlMap 
 [[1. 0. 0.]
 [0. 0. 1.]
 [0. 1. 0.]]
eigvecs after 
 [[1. 0. 0.]
 [0. 1. 0.]
 [0. 0. 1.]]
===== iatom,lblock eigvals ===== 0 1 
 [2.         1.73157268 1.55084734]
===== iatom,lblock eigvecs ===== 0 1 
 [[1. 0. 0.]
 [0. 1. 0.]
 [0. 0. 1.]]
N_functions in (iatom,l):( 1 0 ) block =  1
===== iatom,lblock eigvals ===== 1 0 
 [1.45944977]
===== iatom,lblock eigvecs ===== 1 0 
 [[1.]]
N_functions in (iatom,l):( 2 0 ) block =  1
===== iatom,lblock eigvals ===== 2 0 
 [1.45944977]
===== iatom,lblock eigvecs ===== 2 0 
 [[1.]]
eigvalP_aoao 
 [2.         1.97943336 2.         1.73157268 1.55084734 1.45944977
 1.45944977]
eigvalP_avav 
 [2.         1.97943336 2.         1.73157268 1.55084734 1.45944977
 1.45944977]
===== eigvecP_aoao =====

                  [Col  1]              [Col  2]              [Col  3]              [Col  4]              [Col  5]              [Col  6]              [Col  7]
[Row   1]              -0.9747               0.3305               0.0000               0.0000               0.0000               0.0000               0.0000
[Row   2]              -0.0904              -1.0253               0.0000               0.0000               0.0000               0.0000               0.0000
[Row   3]               0.0000               0.0000               1.0000               0.0000               0.0000               0.0000               0.0000
[Row   4]               0.0000               0.0000               0.0000               1.0000               0.0000               0.0000               0.0000
[Row   5]               0.0000               0.0000               0.0000               0.0000               1.0000               0.0000               0.0000
[Row   6]               0.0000               0.0000               0.0000               0.0000               0.0000               1.0000               0.0000
[Row   7]               0.0000               0.0000               0.0000               0.0000               0.0000               0.0000               1.0000
===== eigvecP_avav =====

                  [Col  1]              [Col  2]              [Col  3]              [Col  4]              [Col  5]              [Col  6]              [Col  7]
[Row   1]              -0.9747               0.3305               0.0000               0.0000               0.0000               0.0000               0.0000
[Row   2]              -0.0904              -1.0253               0.0000               0.0000               0.0000               0.0000               0.0000
[Row   3]               0.0000               0.0000               1.0000               0.0000               0.0000               0.0000               0.0000
[Row   4]               0.0000               0.0000               0.0000               1.0000               0.0000               0.0000               0.0000
[Row   5]               0.0000               0.0000               0.0000               0.0000               1.0000               0.0000               0.0000
[Row   6]               0.0000               0.0000               0.0000               0.0000               0.0000               1.0000               0.0000
[Row   7]               0.0000               0.0000               0.0000               0.0000               0.0000               0.0000               1.0000
===== T1 =====

                  [Col  1]              [Col  2]              [Col  3]              [Col  4]              [Col  5]              [Col  6]              [Col  7]
[Row   1]               1.0000               0.0000               0.0000               0.0000               0.0000               0.0000               0.0000
[Row   2]               0.0000               1.0000               0.0000               0.0000               0.0000               0.0000               0.0000
[Row   3]               0.0000               0.0000               1.0000               0.0000               0.0000               0.0000               0.0000
[Row   4]               0.0000               0.0000               0.0000               1.0000               0.0000               0.0000               0.0000
[Row   5]               0.0000               0.0000               0.0000               0.0000               1.0000               0.0000               0.0000
[Row   6]               0.0000               0.0000               0.0000               0.0000               0.0000               1.0000               0.0000
[Row   7]               0.0000               0.0000               0.0000               0.0000               0.0000               0.0000               1.0000
===== invT1*T1 =====

                  [Col  1]              [Col  2]              [Col  3]              [Col  4]              [Col  5]              [Col  6]              [Col  7]
[Row   1]               1.0000               0.0000               0.0000               0.0000               0.0000               0.0000               0.0000
[Row   2]               0.0000               1.0000               0.0000               0.0000               0.0000               0.0000               0.0000
[Row   3]               0.0000               0.0000               1.0000               0.0000               0.0000               0.0000               0.0000
[Row   4]               0.0000               0.0000               0.0000               1.0000               0.0000               0.0000               0.0000
[Row   5]               0.0000               0.0000               0.0000               0.0000               1.0000               0.0000               0.0000
[Row   6]               0.0000               0.0000               0.0000               0.0000               0.0000               1.0000               0.0000
[Row   7]               0.0000               0.0000               0.0000               0.0000               0.0000               0.0000               1.0000
===== Trial P_aoao -> P_avav =====

                  [Col  1]              [Col  2]              [Col  3]              [Col  4]              [Col  5]              [Col  6]              [Col  7]
[Row   1]               1.9998               0.4751               0.0000               0.0000              -0.0065               0.0978               0.0978
[Row   2]               0.4751               1.9816               0.0000               0.0000               0.0704               1.0131               1.0131
[Row   3]               0.0000               0.0000               2.0000               0.0000               0.0000               0.0000               0.0000
[Row   4]               0.0000               0.0000               0.0000               1.5508               0.0000               0.9193              -0.9193
[Row   5]              -0.0065               0.0704               0.0000               0.0000               1.7316              -0.7784              -0.7784
[Row   6]               0.0978               1.0131               0.0000               0.9193              -0.7784               1.4594               0.3695
[Row   7]               0.0978               1.0131               0.0000              -0.9193              -0.7784               0.3695               1.4594
===== P_avav =====

                  [Col  1]              [Col  2]              [Col  3]              [Col  4]              [Col  5]              [Col  6]              [Col  7]
[Row   1]               1.9998               0.4751               0.0000               0.0000              -0.0065               0.0978               0.0978
[Row   2]               0.4751               1.9816               0.0000               0.0000               0.0704               1.0131               1.0131
[Row   3]               0.0000               0.0000               2.0000               0.0000               0.0000               0.0000               0.0000
[Row   4]               0.0000               0.0000               0.0000               1.5508               0.0000               0.9193              -0.9193
[Row   5]              -0.0065               0.0704               0.0000               0.0000               1.7316              -0.7784              -0.7784
[Row   6]               0.0978               1.0131               0.0000               0.9193              -0.7784               1.4594               0.3695
[Row   7]               0.0978               1.0131               0.0000              -0.9193              -0.7784               0.3695               1.4594
===== Trial S_aoao -> S_avav =====

                  [Col  1]              [Col  2]              [Col  3]              [Col  4]              [Col  5]              [Col  6]              [Col  7]
[Row   1]               1.0000               0.2367               0.0000               0.0000               0.0000               0.0525               0.0525
[Row   2]               0.2367               1.0000               0.0000               0.0000               0.0000               0.4674               0.4674
[Row   3]               0.0000               0.0000               1.0000               0.0000               0.0000               0.0000               0.0000
[Row   4]               0.0000               0.0000               0.0000               1.0000               0.0000               0.3069              -0.3069
[Row   5]               0.0000               0.0000               0.0000               0.0000               1.0000              -0.2398              -0.2398
[Row   6]               0.0525               0.4674               0.0000               0.3069              -0.2398               1.0000               0.2472
[Row   7]               0.0525               0.4674               0.0000              -0.3069              -0.2398               0.2472               1.0000
===== S_avav =====

                  [Col  1]              [Col  2]              [Col  3]              [Col  4]              [Col  5]              [Col  6]              [Col  7]
[Row   1]               1.0000               0.2367               0.0000               0.0000               0.0000               0.0525               0.0525
[Row   2]               0.2367               1.0000               0.0000               0.0000               0.0000               0.4674               0.4674
[Row   3]               0.0000               0.0000               1.0000               0.0000               0.0000               0.0000               0.0000
[Row   4]               0.0000               0.0000               0.0000               1.0000               0.0000               0.3069              -0.3069
[Row   5]               0.0000               0.0000               0.0000               0.0000               1.0000              -0.2398              -0.2398
[Row   6]               0.0525               0.4674               0.0000               0.3069              -0.2398               1.0000               0.2472
[Row   7]               0.0525               0.4674               0.0000              -0.3069              -0.2398               0.2472               1.0000
===== Spnao =====

                  [Col  1]              [Col  2]              [Col  3]              [Col  4]              [Col  5]              [Col  6]              [Col  7]
[Row   1]               1.0000               0.0000               0.0000               0.0000               0.0000              -0.0934              -0.0934
[Row   2]               0.0000               1.0000               0.0000               0.0000               0.0000              -0.4618              -0.4618
[Row   3]               0.0000               0.0000               1.0000               0.0000               0.0000               0.0000               0.0000
[Row   4]               0.0000               0.0000               0.0000               1.0000               0.0000               0.3069              -0.3069
[Row   5]               0.0000               0.0000               0.0000               0.0000               1.0000              -0.2398              -0.2398
[Row   6]              -0.0934              -0.4618               0.0000               0.3069              -0.2398               1.0000               0.2472
[Row   7]              -0.0934              -0.4618               0.0000              -0.3069              -0.2398               0.2472               1.0000
===== Ppnao =====

                  [Col  1]              [Col  2]              [Col  3]              [Col  4]              [Col  5]              [Col  6]              [Col  7]
[Row   1]               2.0000               0.0000               0.0000               0.0000              -0.0000              -0.1869              -0.1869
[Row   2]               0.0000               1.9794               0.0000               0.0000              -0.0743              -1.0064              -1.0064
[Row   3]               0.0000               0.0000               2.0000               0.0000               0.0000               0.0000               0.0000
[Row   4]               0.0000               0.0000               0.0000               1.5508               0.0000               0.9193              -0.9193
[Row   5]              -0.0000              -0.0743               0.0000               0.0000               1.7316              -0.7784              -0.7784
[Row   6]              -0.1869              -1.0064               0.0000               0.9193              -0.7784               1.4594               0.3695
[Row   7]              -0.1869              -1.0064               0.0000              -0.9193              -0.7784               0.3695               1.4594
