molecule mol12.xyz
System:, atNum: 9 coords [0.         0.         0.17647963]
System:, atNum: 1 coords [ 0.          0.         -1.58831859]
===== Original AO-S matrix =====

                  [Col  1]              [Col  2]              [Col  3]              [Col  4]              [Col  5]              [Col  6]
[Row   1]               1.0000               0.2380              -0.0000               0.0000               0.0000               0.0475
[Row   2]               0.2380               1.0000               0.0000               0.0000               0.0000               0.4376
[Row   3]              -0.0000               0.0000               1.0000               0.0000               0.0000              -0.3434
[Row   4]               0.0000               0.0000               0.0000               1.0000               0.0000               0.0000
[Row   5]               0.0000               0.0000               0.0000               0.0000               1.0000               0.0000
[Row   6]               0.0475               0.4376              -0.3434               0.0000               0.0000               1.0000
nbas 6
 ===== CA ===== 

                  [Col  1]              [Col  2]              [Col  3]              [Col  4]              [Col  5]              [Col  6]
[Row   1]               0.9947               0.2499               0.0806              -0.0000              -0.0000               0.0830
[Row   2]               0.0225              -0.9410              -0.4242               0.0000               0.0000              -0.5398
[Row   3]              -0.0028               0.0846              -0.7003               0.0000               0.0000               0.8210
[Row   4]               0.0000               0.0000               0.0000               0.0315               0.9995              -0.0000
[Row   5]              -0.0000               0.0000              -0.0000              -0.9995               0.0315              -0.0000
[Row   6]              -0.0056              -0.1549               0.5269              -0.0000              -0.0000               1.0740
 ===== CB ===== 

                  [Col  1]              [Col  2]              [Col  3]              [Col  4]              [Col  5]              [Col  6]
[Row   1]               0.9947               0.2499               0.0806              -0.0000              -0.0000               0.0830
[Row   2]               0.0225              -0.9410              -0.4242               0.0000               0.0000              -0.5398
[Row   3]              -0.0028               0.0846              -0.7003               0.0000               0.0000               0.8210
[Row   4]               0.0000               0.0000               0.0000               0.0315               0.9995              -0.0000
[Row   5]              -0.0000               0.0000              -0.0000              -0.9995               0.0315              -0.0000
[Row   6]              -0.0056              -0.1549               0.5269              -0.0000              -0.0000               1.0740
 ===== P_psi ===== Dalpha+Dbeta 

                  [Col  1]              [Col  2]              [Col  3]              [Col  4]              [Col  5]              [Col  6]
[Row   1]               2.1168              -0.4939              -0.0763               0.0000               0.0000              -0.0036
[Row   2]              -0.4939               2.1317               0.4347              -0.0000              -0.0000              -0.1557
[Row   3]              -0.0763               0.4347               0.9951               0.0000               0.0000              -0.7642
[Row   4]               0.0000              -0.0000               0.0000               2.0000               0.0000               0.0000
[Row   5]               0.0000              -0.0000               0.0000               0.0000               2.0000               0.0000
[Row   6]              -0.0036              -0.1557              -0.7642               0.0000               0.0000               0.6034
===== P_mu,nu local =====

                  [Col  1]              [Col  2]              [Col  3]              [Col  4]              [Col  5]              [Col  6]
[Row   1]               2.1168              -0.4939              -0.0763               0.0000               0.0000              -0.0036
[Row   2]              -0.4939               2.1317               0.4347              -0.0000              -0.0000              -0.1557
[Row   3]              -0.0763               0.4347               0.9951               0.0000               0.0000              -0.7642
[Row   4]               0.0000              -0.0000               0.0000               2.0000               0.0000               0.0000
[Row   5]               0.0000              -0.0000               0.0000               0.0000               2.0000               0.0000
[Row   6]              -0.0036              -0.1557              -0.7642               0.0000               0.0000               0.6034
===== P_mu,nu psi4 =====

                  [Col  1]              [Col  2]              [Col  3]              [Col  4]              [Col  5]              [Col  6]
[Row   1]               2.1168              -0.4939              -0.0763               0.0000               0.0000              -0.0036
[Row   2]              -0.4939               2.1317               0.4347              -0.0000              -0.0000              -0.1557
[Row   3]              -0.0763               0.4347               0.9951               0.0000               0.0000              -0.7642
[Row   4]               0.0000              -0.0000               0.0000               2.0000               0.0000               0.0000
[Row   5]               0.0000              -0.0000               0.0000               0.0000               2.0000               0.0000
[Row   6]              -0.0036              -0.1557              -0.7642               0.0000               0.0000               0.6034
====== P^(AO) = SPS =====

                  [Col  1]              [Col  2]              [Col  3]              [Col  4]              [Col  5]              [Col  6]
[Row   1]               1.9999               0.4765              -0.0050               0.0000               0.0000               0.0888
[Row   2]               0.4765               1.9950               0.0453               0.0000               0.0000               0.9313
[Row   3]              -0.0050               0.0453               1.5910               0.0000               0.0000              -1.1931
[Row   4]               0.0000               0.0000               0.0000               2.0000               0.0000               0.0000
[Row   5]               0.0000               0.0000               0.0000               0.0000               2.0000               0.0000
[Row   6]               0.0888               0.9313              -1.1931               0.0000               0.0000               1.3732
====== S^(AO) = S =====

                  [Col  1]              [Col  2]              [Col  3]              [Col  4]              [Col  5]              [Col  6]
[Row   1]               1.0000               0.2380               0.0000               0.0000               0.0000               0.0475
[Row   2]               0.2380               1.0000               0.0000               0.0000               0.0000               0.4376
[Row   3]               0.0000               0.0000               1.0000               0.0000               0.0000              -0.3434
[Row   4]               0.0000               0.0000               0.0000               1.0000               0.0000               0.0000
[Row   5]               0.0000               0.0000               0.0000               0.0000               1.0000               0.0000
[Row   6]               0.0475               0.4376              -0.3434               0.0000               0.0000               1.0000
====== P^(AO) std gaussian m_l ordering SPS =====

                  [Col  1]              [Col  2]              [Col  3]              [Col  4]              [Col  5]              [Col  6]
[Row   1]               1.9999               0.4765               0.0000               0.0000              -0.0050               0.0888
[Row   2]               0.4765               1.9950               0.0000               0.0000               0.0453               0.9313
[Row   3]               0.0000               0.0000               2.0000               0.0000               0.0000               0.0000
[Row   4]               0.0000               0.0000               0.0000               2.0000               0.0000               0.0000
[Row   5]              -0.0050               0.0453               0.0000               0.0000               1.5910              -1.1931
[Row   6]               0.0888               0.9313               0.0000               0.0000              -1.1931               1.3732
====== S^(AO) std gaussian m_l ordering =====

                  [Col  1]              [Col  2]              [Col  3]              [Col  4]              [Col  5]              [Col  6]
[Row   1]               1.0000               0.2380               0.0000               0.0000               0.0000               0.0475
[Row   2]               0.2380               1.0000               0.0000               0.0000               0.0000               0.4376
[Row   3]               0.0000               0.0000               1.0000               0.0000               0.0000               0.0000
[Row   4]               0.0000               0.0000               0.0000               1.0000               0.0000               0.0000
[Row   5]               0.0000               0.0000               0.0000               0.0000               1.0000              -0.3434
[Row   6]               0.0475               0.4376               0.0000               0.0000              -0.3434               1.0000
===== After load P check zeros ===== 
 [[ 1.99993819  0.47653606  0.          0.         -0.00502772  0.08883518]
 [ 0.47653606  1.99499289  0.          0.          0.04525334  0.93125632]
 [ 0.          0.          2.          0.          0.          0.        ]
 [ 0.          0.          0.          2.          0.          0.        ]
 [-0.00502772  0.04525334  0.          0.          1.59100879 -1.19307562]
 [ 0.08883518  0.93125632  0.          0.         -1.19307562  1.37319537]]
lctrl 0 ntrue 2
lctrl 1 ntrue 3
lctrl 1
===== cA before average ===== 
 [[2.         0.         0.        ]
 [0.         2.         0.        ]
 [0.         0.         1.59100879]]
===== cB before average ===== 
 [[1. 0. 0.]
 [0. 1. 0.]
 [0. 0. 1.]]
===== cA after average ===== 
 [[2.         0.         0.        ]
 [0.         2.         0.        ]
 [0.         0.         1.59100879]]
===== cB after average ===== 
 [[1. 0. 0.]
 [0. 1. 0.]
 [0. 0. 1.]]
lctrl 0 ntrue 1
N_functions in (iatom,l):( 0 0 ) block =  2
===== iatom,lblock eigvals ===== 0 0 
 [2.         1.99434606]
===== iatom,lblock eigvecs ===== 0 0 
 [[-0.96890052  0.34824067]
 [-0.10764637 -1.02393947]]
N_functions in (iatom,l):( 0 1 ) block =  3
eigvecs before 
 [[1. 0. 0.]
 [0. 1. 0.]
 [0. 0. 1.]]
mlMap 
 [[1. 0. 0.]
 [0. 1. 0.]
 [0. 0. 1.]]
eigvecs after 
 [[1. 0. 0.]
 [0. 1. 0.]
 [0. 0. 1.]]
===== iatom,lblock eigvals ===== 0 1 
 [2.         2.         1.59100879]
===== iatom,lblock eigvecs ===== 0 1 
 [[1. 0. 0.]
 [0. 1. 0.]
 [0. 0. 1.]]
N_functions in (iatom,l):( 1 0 ) block =  1
===== iatom,lblock eigvals ===== 1 0 
 [1.37319537]
===== iatom,lblock eigvecs ===== 1 0 
 [[1.]]
===== W_pnao ===== 
 [2.         1.99434606 2.         2.         1.59100879 1.37319537]
===== N_avpnao =====

                  [Col  1]              [Col  2]              [Col  3]              [Col  4]              [Col  5]              [Col  6]
[Row   1]              -0.9689               0.3482               0.0000               0.0000               0.0000               0.0000
[Row   2]              -0.1076              -1.0239               0.0000               0.0000               0.0000               0.0000
[Row   3]               0.0000               0.0000               1.0000               0.0000               0.0000               0.0000
[Row   4]               0.0000               0.0000               0.0000               1.0000               0.0000               0.0000
[Row   5]               0.0000               0.0000               0.0000               0.0000               1.0000               0.0000
[Row   6]               0.0000               0.0000               0.0000               0.0000               0.0000               1.0000
N_functions in (iatom,l):( 0 0 ) block =  2
===== iatom,lblock eigvals ===== 0 0 
 [2.         1.99434606]
===== iatom,lblock eigvecs ===== 0 0 
 [[-0.96890052  0.34824067]
 [-0.10764637 -1.02393947]]
N_functions in (iatom,l):( 0 1 ) block =  3
eigvecs before 
 [[1. 0. 0.]
 [0. 1. 0.]
 [0. 0. 1.]]
mlMap 
 [[1. 0. 0.]
 [0. 1. 0.]
 [0. 0. 1.]]
eigvecs after 
 [[1. 0. 0.]
 [0. 1. 0.]
 [0. 0. 1.]]
===== iatom,lblock eigvals ===== 0 1 
 [2.         2.         1.59100879]
===== iatom,lblock eigvecs ===== 0 1 
 [[1. 0. 0.]
 [0. 1. 0.]
 [0. 0. 1.]]
N_functions in (iatom,l):( 1 0 ) block =  1
===== iatom,lblock eigvals ===== 1 0 
 [1.37319537]
===== iatom,lblock eigvecs ===== 1 0 
 [[1.]]
N_functions in (iatom,l):( 0 0 ) block =  2
===== iatom,lblock eigvals ===== 0 0 
 [2.         1.99434606]
===== iatom,lblock eigvecs ===== 0 0 
 [[-0.96890052  0.34824067]
 [-0.10764637 -1.02393947]]
N_functions in (iatom,l):( 0 1 ) block =  3
eigvecs before 
 [[1. 0. 0.]
 [0. 1. 0.]
 [0. 0. 1.]]
mlMap 
 [[1. 0. 0.]
 [0. 1. 0.]
 [0. 0. 1.]]
eigvecs after 
 [[1. 0. 0.]
 [0. 1. 0.]
 [0. 0. 1.]]
===== iatom,lblock eigvals ===== 0 1 
 [2.         2.         1.59100879]
===== iatom,lblock eigvecs ===== 0 1 
 [[1. 0. 0.]
 [0. 1. 0.]
 [0. 0. 1.]]
N_functions in (iatom,l):( 1 0 ) block =  1
===== iatom,lblock eigvals ===== 1 0 
 [1.37319537]
===== iatom,lblock eigvecs ===== 1 0 
 [[1.]]
eigvalP_aoao 
 [2.         1.99434606 2.         2.         1.59100879 1.37319537]
eigvalP_avav 
 [2.         1.99434606 2.         2.         1.59100879 1.37319537]
===== eigvecP_aoao =====

                  [Col  1]              [Col  2]              [Col  3]              [Col  4]              [Col  5]              [Col  6]
[Row   1]              -0.9689               0.3482               0.0000               0.0000               0.0000               0.0000
[Row   2]              -0.1076              -1.0239               0.0000               0.0000               0.0000               0.0000
[Row   3]               0.0000               0.0000               1.0000               0.0000               0.0000               0.0000
[Row   4]               0.0000               0.0000               0.0000               1.0000               0.0000               0.0000
[Row   5]               0.0000               0.0000               0.0000               0.0000               1.0000               0.0000
[Row   6]               0.0000               0.0000               0.0000               0.0000               0.0000               1.0000
===== eigvecP_avav =====

                  [Col  1]              [Col  2]              [Col  3]              [Col  4]              [Col  5]              [Col  6]
[Row   1]              -0.9689               0.3482               0.0000               0.0000               0.0000               0.0000
[Row   2]              -0.1076              -1.0239               0.0000               0.0000               0.0000               0.0000
[Row   3]               0.0000               0.0000               1.0000               0.0000               0.0000               0.0000
[Row   4]               0.0000               0.0000               0.0000               1.0000               0.0000               0.0000
[Row   5]               0.0000               0.0000               0.0000               0.0000               1.0000               0.0000
[Row   6]               0.0000               0.0000               0.0000               0.0000               0.0000               1.0000
===== T1 =====

                  [Col  1]              [Col  2]              [Col  3]              [Col  4]              [Col  5]              [Col  6]
[Row   1]               1.0000               0.0000               0.0000               0.0000               0.0000               0.0000
[Row   2]               0.0000               1.0000               0.0000               0.0000               0.0000               0.0000
[Row   3]               0.0000               0.0000               1.0000               0.0000               0.0000               0.0000
[Row   4]               0.0000               0.0000               0.0000               1.0000               0.0000               0.0000
[Row   5]               0.0000               0.0000               0.0000               0.0000               1.0000               0.0000
[Row   6]               0.0000               0.0000               0.0000               0.0000               0.0000               1.0000
===== invT1*T1 =====

                  [Col  1]              [Col  2]              [Col  3]              [Col  4]              [Col  5]              [Col  6]
[Row   1]               1.0000               0.0000               0.0000               0.0000               0.0000               0.0000
[Row   2]               0.0000               1.0000               0.0000               0.0000               0.0000               0.0000
[Row   3]               0.0000               0.0000               1.0000               0.0000               0.0000               0.0000
[Row   4]               0.0000               0.0000               0.0000               1.0000               0.0000               0.0000
[Row   5]               0.0000               0.0000               0.0000               0.0000               1.0000               0.0000
[Row   6]               0.0000               0.0000               0.0000               0.0000               0.0000               1.0000
===== Trial P_aoao -> P_avav =====

                  [Col  1]              [Col  2]              [Col  3]              [Col  4]              [Col  5]              [Col  6]
[Row   1]               1.9999               0.4765               0.0000               0.0000              -0.0050               0.0888
[Row   2]               0.4765               1.9950               0.0000               0.0000               0.0453               0.9313
[Row   3]               0.0000               0.0000               2.0000               0.0000               0.0000               0.0000
[Row   4]               0.0000               0.0000               0.0000               2.0000               0.0000               0.0000
[Row   5]              -0.0050               0.0453               0.0000               0.0000               1.5910              -1.1931
[Row   6]               0.0888               0.9313               0.0000               0.0000              -1.1931               1.3732
===== P_avav =====

                  [Col  1]              [Col  2]              [Col  3]              [Col  4]              [Col  5]              [Col  6]
[Row   1]               1.9999               0.4765               0.0000               0.0000              -0.0050               0.0888
[Row   2]               0.4765               1.9950               0.0000               0.0000               0.0453               0.9313
[Row   3]               0.0000               0.0000               2.0000               0.0000               0.0000               0.0000
[Row   4]               0.0000               0.0000               0.0000               2.0000               0.0000               0.0000
[Row   5]              -0.0050               0.0453               0.0000               0.0000               1.5910              -1.1931
[Row   6]               0.0888               0.9313               0.0000               0.0000              -1.1931               1.3732
===== Trial S_aoao -> S_avav =====

                  [Col  1]              [Col  2]              [Col  3]              [Col  4]              [Col  5]              [Col  6]
[Row   1]               1.0000               0.2380               0.0000               0.0000               0.0000               0.0475
[Row   2]               0.2380               1.0000               0.0000               0.0000               0.0000               0.4376
[Row   3]               0.0000               0.0000               1.0000               0.0000               0.0000               0.0000
[Row   4]               0.0000               0.0000               0.0000               1.0000               0.0000               0.0000
[Row   5]               0.0000               0.0000               0.0000               0.0000               1.0000              -0.3434
[Row   6]               0.0475               0.4376               0.0000               0.0000              -0.3434               1.0000
===== S_avav =====

                  [Col  1]              [Col  2]              [Col  3]              [Col  4]              [Col  5]              [Col  6]
[Row   1]               1.0000               0.2380               0.0000               0.0000               0.0000               0.0475
[Row   2]               0.2380               1.0000               0.0000               0.0000               0.0000               0.4376
[Row   3]               0.0000               0.0000               1.0000               0.0000               0.0000               0.0000
[Row   4]               0.0000               0.0000               0.0000               1.0000               0.0000               0.0000
[Row   5]               0.0000               0.0000               0.0000               0.0000               1.0000              -0.3434
[Row   6]               0.0475               0.4376               0.0000               0.0000              -0.3434               1.0000
===== Spnao =====

                  [Col  1]              [Col  2]              [Col  3]              [Col  4]              [Col  5]              [Col  6]
[Row   1]               1.0000               0.0000               0.0000               0.0000               0.0000              -0.0932
[Row   2]               0.0000               1.0000               0.0000               0.0000               0.0000              -0.4315
[Row   3]               0.0000               0.0000               1.0000               0.0000               0.0000               0.0000
[Row   4]               0.0000               0.0000               0.0000               1.0000               0.0000               0.0000
[Row   5]               0.0000               0.0000               0.0000               0.0000               1.0000              -0.3434
[Row   6]              -0.0932              -0.4315               0.0000               0.0000              -0.3434               1.0000
===== Ppnao =====

                  [Col  1]              [Col  2]              [Col  3]              [Col  4]              [Col  5]              [Col  6]
[Row   1]               2.0000               0.0000               0.0000               0.0000               0.0000              -0.1863
[Row   2]               0.0000               1.9943               0.0000               0.0000              -0.0481              -0.9226
[Row   3]               0.0000               0.0000               2.0000               0.0000               0.0000               0.0000
[Row   4]               0.0000               0.0000               0.0000               2.0000               0.0000               0.0000
[Row   5]               0.0000              -0.0481               0.0000               0.0000               1.5910              -1.1931
[Row   6]              -0.1863              -0.9226               0.0000               0.0000              -1.1931               1.3732
