molecule mol23.xyz
System:, atNum: 6 coords [0.         0.         1.14910466]
System:, atNum: 6 coords [ 0.          0.         -1.14910466]
System:, atNum: 1 coords [ 0.          0.         -3.16338264]
System:, atNum: 1 coords [0.         0.         3.16338264]
===== Original AO-S matrix =====

                  [Col  1]              [Col  2]              [Col  3]              [Col  4]              [Col  5]              [Col  6]              [Col  7]              [Col  8]              [Col  9]              [Col 10]
[Row   1]               1.0000               0.2484              -0.0000               0.0000               0.0000               0.0000               0.0577               0.0963               0.0000               0.0000
[Row   2]               0.2484               1.0000              -0.0000               0.0000               0.0000               0.0577               0.4628               0.4503               0.0000               0.0000
[Row   3]              -0.0000              -0.0000               1.0000               0.0000               0.0000              -0.0963              -0.4503              -0.3134               0.0000               0.0000
[Row   4]               0.0000               0.0000               0.0000               1.0000               0.0000               0.0000               0.0000               0.0000               0.2943               0.0000
[Row   5]               0.0000               0.0000               0.0000               0.0000               1.0000               0.0000               0.0000               0.0000               0.0000               0.2943
[Row   6]               0.0000               0.0577              -0.0963               0.0000               0.0000               1.0000               0.2484               0.0000               0.0000               0.0000
[Row   7]               0.0577               0.4628              -0.4503               0.0000               0.0000               0.2484               1.0000               0.0000               0.0000               0.0000
[Row   8]               0.0963               0.4503              -0.3134               0.0000               0.0000               0.0000               0.0000               1.0000               0.0000               0.0000
[Row   9]               0.0000               0.0000               0.0000               0.2943               0.0000               0.0000               0.0000               0.0000               1.0000               0.0000
[Row  10]               0.0000               0.0000               0.0000               0.0000               0.2943               0.0000               0.0000               0.0000               0.0000               1.0000
[Row  11]               0.0039               0.0769              -0.1022               0.0000               0.0000               0.0659               0.5047              -0.4754               0.0000               0.0000
[Row  12]               0.0659               0.5047               0.4754               0.0000               0.0000               0.0039               0.0769               0.1022               0.0000               0.0000
                  [Col 11]              [Col 12]
[Row   1]               0.0039               0.0659
[Row   2]               0.0769               0.5047
[Row   3]              -0.1022               0.4754
[Row   4]               0.0000               0.0000
[Row   5]               0.0000               0.0000
[Row   6]               0.0659               0.0039
[Row   7]               0.5047               0.0769
[Row   8]              -0.4754               0.1022
[Row   9]               0.0000               0.0000
[Row  10]               0.0000               0.0000
[Row  11]               1.0000               0.0085
[Row  12]               0.0085               1.0000
nbas 12
 ===== CA ===== 

                  [Col  1]              [Col  2]              [Col  3]              [Col  4]              [Col  5]              [Col  6]              [Col  7]              [Col  8]              [Col  9]              [Col 10]
[Row   1]               0.7019               0.7020               0.1920               0.1230               0.0037               0.0000               0.0000               0.0000               0.0000               0.1769
[Row   2]               0.0173               0.0294              -0.4917              -0.3457               0.0495              -0.0000              -0.0000              -0.0000              -0.0000              -1.0999
[Row   3]               0.0008              -0.0045               0.1560              -0.2669               0.4438               0.0000               0.0000               0.0000              -0.0000              -0.0431
[Row   4]              -0.0000               0.0000              -0.0000               0.0000               0.0000               0.6166               0.0786               0.8164               0.2050              -0.0000
[Row   5]               0.0000              -0.0000               0.0000              -0.0000              -0.0000              -0.0786               0.6166              -0.2050               0.8164              -0.0000
[Row   6]               0.7019              -0.7020               0.1920              -0.1230               0.0037              -0.0000              -0.0000              -0.0000              -0.0000              -0.1769
[Row   7]               0.0173              -0.0294              -0.4917               0.3457               0.0495               0.0000               0.0000               0.0000               0.0000               1.0999
[Row   8]              -0.0008              -0.0045              -0.1560              -0.2669              -0.4438               0.0000              -0.0000              -0.0000               0.0000              -0.0431
[Row   9]               0.0000              -0.0000              -0.0000               0.0000               0.0000               0.6166               0.0786              -0.8164              -0.2050               0.0000
[Row  10]              -0.0000               0.0000              -0.0000              -0.0000               0.0000              -0.0786               0.6166               0.2050              -0.8164               0.0000
[Row  11]              -0.0040               0.0046              -0.1288               0.3371               0.3480              -0.0000              -0.0000              -0.0000              -0.0000              -0.7852
[Row  12]              -0.0040              -0.0046              -0.1288              -0.3371               0.3480               0.0000              -0.0000               0.0000               0.0000               0.7852
                  [Col 11]              [Col 12]
[Row   1]               0.0866               0.0842
[Row   2]              -0.6772              -0.9703
[Row   3]              -0.6471               1.4360
[Row   4]               0.0000              -0.0000
[Row   5]              -0.0000              -0.0000
[Row   6]               0.0866              -0.0842
[Row   7]              -0.6772               0.9703
[Row   8]               0.6471               1.4360
[Row   9]              -0.0000               0.0000
[Row  10]               0.0000               0.0000
[Row  11]               0.9129               0.5321
[Row  12]               0.9129              -0.5321
 ===== CB ===== 

                  [Col  1]              [Col  2]              [Col  3]              [Col  4]              [Col  5]              [Col  6]              [Col  7]              [Col  8]              [Col  9]              [Col 10]
[Row   1]               0.7019               0.7020               0.1920               0.1230               0.0037               0.0000               0.0000               0.0000               0.0000               0.1769
[Row   2]               0.0173               0.0294              -0.4917              -0.3457               0.0495              -0.0000              -0.0000              -0.0000              -0.0000              -1.0999
[Row   3]               0.0008              -0.0045               0.1560              -0.2669               0.4438               0.0000               0.0000               0.0000              -0.0000              -0.0431
[Row   4]              -0.0000               0.0000              -0.0000               0.0000               0.0000               0.6166               0.0786               0.8164               0.2050              -0.0000
[Row   5]               0.0000              -0.0000               0.0000              -0.0000              -0.0000              -0.0786               0.6166              -0.2050               0.8164              -0.0000
[Row   6]               0.7019              -0.7020               0.1920              -0.1230               0.0037              -0.0000              -0.0000              -0.0000              -0.0000              -0.1769
[Row   7]               0.0173              -0.0294              -0.4917               0.3457               0.0495               0.0000               0.0000               0.0000               0.0000               1.0999
[Row   8]              -0.0008              -0.0045              -0.1560              -0.2669              -0.4438               0.0000              -0.0000              -0.0000               0.0000              -0.0431
[Row   9]               0.0000              -0.0000              -0.0000               0.0000               0.0000               0.6166               0.0786              -0.8164              -0.2050               0.0000
[Row  10]              -0.0000               0.0000              -0.0000              -0.0000               0.0000              -0.0786               0.6166               0.2050              -0.8164               0.0000
[Row  11]              -0.0040               0.0046              -0.1288               0.3371               0.3480              -0.0000              -0.0000              -0.0000              -0.0000              -0.7852
[Row  12]              -0.0040              -0.0046              -0.1288              -0.3371               0.3480               0.0000              -0.0000               0.0000               0.0000               0.7852
                  [Col 11]              [Col 12]
[Row   1]               0.0866               0.0842
[Row   2]              -0.6772              -0.9703
[Row   3]              -0.6471               1.4360
[Row   4]               0.0000              -0.0000
[Row   5]              -0.0000              -0.0000
[Row   6]               0.0866              -0.0842
[Row   7]              -0.6772               0.9703
[Row   8]               0.6471               1.4360
[Row   9]              -0.0000               0.0000
[Row  10]               0.0000               0.0000
[Row  11]               0.9129               0.5321
[Row  12]               0.9129              -0.5321
 ===== P_psi ===== Dalpha+Dbeta 

                  [Col  1]              [Col  2]              [Col  3]              [Col  4]              [Col  5]              [Col  6]              [Col  7]              [Col  8]              [Col  9]              [Col 10]
[Row   1]               2.0751              -0.2079              -0.0076               0.0000              -0.0000               0.0432              -0.1203              -0.1363              -0.0000              -0.0000
[Row   2]              -0.2079               0.7299               0.0749              -0.0000               0.0000              -0.1203               0.2482               0.2937              -0.0000               0.0000
[Row   3]              -0.0076               0.0749               0.5852               0.0000               0.0000               0.1363              -0.2937              -0.3001               0.0000               0.0000
[Row   4]               0.0000              -0.0000               0.0000               0.7726              -0.0000              -0.0000               0.0000               0.0000               0.7726               0.0000
[Row   5]              -0.0000               0.0000               0.0000              -0.0000               0.7726               0.0000              -0.0000               0.0000               0.0000               0.7726
[Row   6]               0.0432              -0.1203               0.1363              -0.0000               0.0000               2.0751              -0.2079               0.0076               0.0000              -0.0000
[Row   7]              -0.1203               0.2482              -0.2937               0.0000              -0.0000              -0.2079               0.7299              -0.0749               0.0000               0.0000
[Row   8]              -0.1363               0.2937              -0.3001               0.0000               0.0000               0.0076              -0.0749               0.5852               0.0000              -0.0000
[Row   9]              -0.0000              -0.0000               0.0000               0.7726               0.0000               0.0000               0.0000               0.0000               0.7726               0.0000
[Row  10]              -0.0000               0.0000               0.0000               0.0000               0.7726              -0.0000               0.0000              -0.0000               0.0000               0.7726
[Row  11]               0.0368              -0.0718               0.0887               0.0000              -0.0000              -0.1418               0.3939              -0.4487              -0.0000              -0.0000
[Row  12]              -0.1418               0.3939               0.4487              -0.0000              -0.0000               0.0368              -0.0718              -0.0887               0.0000              -0.0000
                  [Col 11]              [Col 12]
[Row   1]               0.0368              -0.1418
[Row   2]              -0.0718               0.3939
[Row   3]               0.0887               0.4487
[Row   4]               0.0000              -0.0000
[Row   5]              -0.0000              -0.0000
[Row   6]              -0.1418               0.0368
[Row   7]               0.3939              -0.0718
[Row   8]              -0.4487              -0.0887
[Row   9]              -0.0000               0.0000
[Row  10]              -0.0000              -0.0000
[Row  11]               0.5027               0.0482
[Row  12]               0.0482               0.5027
===== P_mu,nu local =====

                  [Col  1]              [Col  2]              [Col  3]              [Col  4]              [Col  5]              [Col  6]              [Col  7]              [Col  8]              [Col  9]              [Col 10]
[Row   1]               2.0751              -0.2079              -0.0076               0.0000              -0.0000               0.0432              -0.1203              -0.1363              -0.0000              -0.0000
[Row   2]              -0.2079               0.7299               0.0749              -0.0000               0.0000              -0.1203               0.2482               0.2937              -0.0000               0.0000
[Row   3]              -0.0076               0.0749               0.5852               0.0000               0.0000               0.1363              -0.2937              -0.3001               0.0000               0.0000
[Row   4]               0.0000              -0.0000               0.0000               0.7726              -0.0000              -0.0000               0.0000               0.0000               0.7726               0.0000
[Row   5]              -0.0000               0.0000               0.0000              -0.0000               0.7726               0.0000              -0.0000               0.0000               0.0000               0.7726
[Row   6]               0.0432              -0.1203               0.1363              -0.0000               0.0000               2.0751              -0.2079               0.0076               0.0000              -0.0000
[Row   7]              -0.1203               0.2482              -0.2937               0.0000              -0.0000              -0.2079               0.7299              -0.0749               0.0000               0.0000
[Row   8]              -0.1363               0.2937              -0.3001               0.0000               0.0000               0.0076              -0.0749               0.5852               0.0000              -0.0000
[Row   9]              -0.0000              -0.0000               0.0000               0.7726               0.0000               0.0000               0.0000               0.0000               0.7726               0.0000
[Row  10]              -0.0000               0.0000               0.0000               0.0000               0.7726              -0.0000               0.0000              -0.0000               0.0000               0.7726
[Row  11]               0.0368              -0.0718               0.0887               0.0000              -0.0000              -0.1418               0.3939              -0.4487              -0.0000              -0.0000
[Row  12]              -0.1418               0.3939               0.4487              -0.0000              -0.0000               0.0368              -0.0718              -0.0887               0.0000              -0.0000
                  [Col 11]              [Col 12]
[Row   1]               0.0368              -0.1418
[Row   2]              -0.0718               0.3939
[Row   3]               0.0887               0.4487
[Row   4]               0.0000              -0.0000
[Row   5]              -0.0000              -0.0000
[Row   6]              -0.1418               0.0368
[Row   7]               0.3939              -0.0718
[Row   8]              -0.4487              -0.0887
[Row   9]              -0.0000               0.0000
[Row  10]              -0.0000              -0.0000
[Row  11]               0.5027               0.0482
[Row  12]               0.0482               0.5027
===== P_mu,nu psi4 =====

                  [Col  1]              [Col  2]              [Col  3]              [Col  4]              [Col  5]              [Col  6]              [Col  7]              [Col  8]              [Col  9]              [Col 10]
[Row   1]               2.0751              -0.2079              -0.0076               0.0000              -0.0000               0.0432              -0.1203              -0.1363              -0.0000              -0.0000
[Row   2]              -0.2079               0.7299               0.0749              -0.0000               0.0000              -0.1203               0.2482               0.2937              -0.0000               0.0000
[Row   3]              -0.0076               0.0749               0.5852               0.0000               0.0000               0.1363              -0.2937              -0.3001               0.0000               0.0000
[Row   4]               0.0000              -0.0000               0.0000               0.7726              -0.0000              -0.0000               0.0000               0.0000               0.7726               0.0000
[Row   5]              -0.0000               0.0000               0.0000              -0.0000               0.7726               0.0000              -0.0000               0.0000               0.0000               0.7726
[Row   6]               0.0432              -0.1203               0.1363              -0.0000               0.0000               2.0751              -0.2079               0.0076               0.0000              -0.0000
[Row   7]              -0.1203               0.2482              -0.2937               0.0000              -0.0000              -0.2079               0.7299              -0.0749               0.0000               0.0000
[Row   8]              -0.1363               0.2937              -0.3001               0.0000               0.0000               0.0076              -0.0749               0.5852               0.0000              -0.0000
[Row   9]              -0.0000              -0.0000               0.0000               0.7726               0.0000               0.0000               0.0000               0.0000               0.7726               0.0000
[Row  10]              -0.0000               0.0000               0.0000               0.0000               0.7726              -0.0000               0.0000              -0.0000               0.0000               0.7726
[Row  11]               0.0368              -0.0718               0.0887               0.0000              -0.0000              -0.1418               0.3939              -0.4487              -0.0000              -0.0000
[Row  12]              -0.1418               0.3939               0.4487              -0.0000              -0.0000               0.0368              -0.0718              -0.0887               0.0000              -0.0000
                  [Col 11]              [Col 12]
[Row   1]               0.0368              -0.1418
[Row   2]              -0.0718               0.3939
[Row   3]               0.0887               0.4487
[Row   4]               0.0000              -0.0000
[Row   5]              -0.0000              -0.0000
[Row   6]              -0.1418               0.0368
[Row   7]               0.3939              -0.0718
[Row   8]              -0.4487              -0.0887
[Row   9]              -0.0000               0.0000
[Row  10]              -0.0000              -0.0000
[Row  11]               0.5027               0.0482
[Row  12]               0.0482               0.5027
====== P^(AO) = SPS =====

                  [Col  1]              [Col  2]              [Col  3]              [Col  4]              [Col  5]              [Col  6]              [Col  7]              [Col  8]              [Col  9]              [Col 10]
[Row   1]               1.9996               0.5046               0.0013               0.0000               0.0000               0.0003               0.1105               0.1893               0.0000               0.0000
[Row   2]               0.5046               1.8292              -0.0434               0.0000               0.0000               0.1105               1.0161               0.9778               0.0000               0.0000
[Row   3]               0.0013              -0.0434               1.7788               0.0000               0.0000              -0.1893              -0.9778              -0.6671               0.0000               0.0000
[Row   4]               0.0000               0.0000               0.0000               1.2943               0.0000               0.0000               0.0000               0.0000               1.2943               0.0000
[Row   5]               0.0000               0.0000               0.0000               0.0000               1.2943               0.0000               0.0000               0.0000               0.0000               1.2943
[Row   6]               0.0003               0.1105              -0.1893               0.0000               0.0000               1.9996               0.5046              -0.0013               0.0000               0.0000
[Row   7]               0.1105               1.0161              -0.9778               0.0000               0.0000               0.5046               1.8292               0.0434               0.0000               0.0000
[Row   8]               0.1893               0.9778              -0.6671               0.0000               0.0000              -0.0013               0.0434               1.7788               0.0000               0.0000
[Row   9]               0.0000               0.0000               0.0000               1.2943               0.0000               0.0000               0.0000               0.0000               1.2943               0.0000
[Row  10]               0.0000               0.0000               0.0000               0.0000               1.2943               0.0000               0.0000               0.0000               0.0000               1.2943
[Row  11]               0.0105               0.1135              -0.1663               0.0000               0.0000               0.1227               1.2149              -1.1606               0.0000               0.0000
[Row  12]               0.1227               1.2149               1.1606               0.0000               0.0000               0.0105               0.1135               0.1663               0.0000               0.0000
                  [Col 11]              [Col 12]
[Row   1]               0.0105               0.1227
[Row   2]               0.1135               1.2149
[Row   3]              -0.1663               1.1606
[Row   4]               0.0000               0.0000
[Row   5]               0.0000               0.0000
[Row   6]               0.1227               0.0105
[Row   7]               1.2149               0.1135
[Row   8]              -1.1606               0.1663
[Row   9]               0.0000               0.0000
[Row  10]               0.0000               0.0000
[Row  11]               1.6340               0.0435
[Row  12]               0.0435               1.6340
====== S^(AO) = S =====

                  [Col  1]              [Col  2]              [Col  3]              [Col  4]              [Col  5]              [Col  6]              [Col  7]              [Col  8]              [Col  9]              [Col 10]
[Row   1]               1.0000               0.2484               0.0000               0.0000               0.0000               0.0000               0.0577               0.0963               0.0000               0.0000
[Row   2]               0.2484               1.0000               0.0000               0.0000               0.0000               0.0577               0.4628               0.4503               0.0000               0.0000
[Row   3]               0.0000               0.0000               1.0000               0.0000               0.0000              -0.0963              -0.4503              -0.3134               0.0000               0.0000
[Row   4]               0.0000               0.0000               0.0000               1.0000               0.0000               0.0000               0.0000               0.0000               0.2943               0.0000
[Row   5]               0.0000               0.0000               0.0000               0.0000               1.0000               0.0000               0.0000               0.0000               0.0000               0.2943
[Row   6]               0.0000               0.0577              -0.0963               0.0000               0.0000               1.0000               0.2484               0.0000               0.0000               0.0000
[Row   7]               0.0577               0.4628              -0.4503               0.0000               0.0000               0.2484               1.0000               0.0000               0.0000               0.0000
[Row   8]               0.0963               0.4503              -0.3134               0.0000               0.0000               0.0000               0.0000               1.0000               0.0000               0.0000
[Row   9]               0.0000               0.0000               0.0000               0.2943               0.0000               0.0000               0.0000               0.0000               1.0000               0.0000
[Row  10]               0.0000               0.0000               0.0000               0.0000               0.2943               0.0000               0.0000               0.0000               0.0000               1.0000
[Row  11]               0.0039               0.0769              -0.1022               0.0000               0.0000               0.0659               0.5047              -0.4754               0.0000               0.0000
[Row  12]               0.0659               0.5047               0.4754               0.0000               0.0000               0.0039               0.0769               0.1022               0.0000               0.0000
                  [Col 11]              [Col 12]
[Row   1]               0.0039               0.0659
[Row   2]               0.0769               0.5047
[Row   3]              -0.1022               0.4754
[Row   4]               0.0000               0.0000
[Row   5]               0.0000               0.0000
[Row   6]               0.0659               0.0039
[Row   7]               0.5047               0.0769
[Row   8]              -0.4754               0.1022
[Row   9]               0.0000               0.0000
[Row  10]               0.0000               0.0000
[Row  11]               1.0000               0.0085
[Row  12]               0.0085               1.0000
====== P^(AO) std gaussian m_l ordering SPS =====

                  [Col  1]              [Col  2]              [Col  3]              [Col  4]              [Col  5]              [Col  6]              [Col  7]              [Col  8]              [Col  9]              [Col 10]
[Row   1]               1.9996               0.5046               0.0000               0.0000               0.0013               0.0003               0.1105               0.0000               0.0000               0.1893
[Row   2]               0.5046               1.8292               0.0000               0.0000              -0.0434               0.1105               1.0161               0.0000               0.0000               0.9778
[Row   3]               0.0000               0.0000               1.2943               0.0000               0.0000               0.0000               0.0000               1.2943               0.0000               0.0000
[Row   4]               0.0000               0.0000               0.0000               1.2943               0.0000               0.0000               0.0000               0.0000               1.2943               0.0000
[Row   5]               0.0013              -0.0434               0.0000               0.0000               1.7788              -0.1893              -0.9778               0.0000               0.0000              -0.6671
[Row   6]               0.0003               0.1105               0.0000               0.0000              -0.1893               1.9996               0.5046               0.0000               0.0000              -0.0013
[Row   7]               0.1105               1.0161               0.0000               0.0000              -0.9778               0.5046               1.8292               0.0000               0.0000               0.0434
[Row   8]               0.0000               0.0000               1.2943               0.0000               0.0000               0.0000               0.0000               1.2943               0.0000               0.0000
[Row   9]               0.0000               0.0000               0.0000               1.2943               0.0000               0.0000               0.0000               0.0000               1.2943               0.0000
[Row  10]               0.1893               0.9778               0.0000               0.0000              -0.6671              -0.0013               0.0434               0.0000               0.0000               1.7788
[Row  11]               0.0105               0.1135               0.0000               0.0000              -0.1663               0.1227               1.2149               0.0000               0.0000              -1.1606
[Row  12]               0.1227               1.2149               0.0000               0.0000               1.1606               0.0105               0.1135               0.0000               0.0000               0.1663
                  [Col 11]              [Col 12]
[Row   1]               0.0105               0.1227
[Row   2]               0.1135               1.2149
[Row   3]               0.0000               0.0000
[Row   4]               0.0000               0.0000
[Row   5]              -0.1663               1.1606
[Row   6]               0.1227               0.0105
[Row   7]               1.2149               0.1135
[Row   8]               0.0000               0.0000
[Row   9]               0.0000               0.0000
[Row  10]              -1.1606               0.1663
[Row  11]               1.6340               0.0435
[Row  12]               0.0435               1.6340
====== S^(AO) std gaussian m_l ordering =====

                  [Col  1]              [Col  2]              [Col  3]              [Col  4]              [Col  5]              [Col  6]              [Col  7]              [Col  8]              [Col  9]              [Col 10]
[Row   1]               1.0000               0.2484               0.0000               0.0000               0.0000               0.0000               0.0577               0.0000               0.0000               0.0963
[Row   2]               0.2484               1.0000               0.0000               0.0000               0.0000               0.0577               0.4628               0.0000               0.0000               0.4503
[Row   3]               0.0000               0.0000               1.0000               0.0000               0.0000               0.0000               0.0000               0.2943               0.0000               0.0000
[Row   4]               0.0000               0.0000               0.0000               1.0000               0.0000               0.0000               0.0000               0.0000               0.2943               0.0000
[Row   5]               0.0000               0.0000               0.0000               0.0000               1.0000              -0.0963              -0.4503               0.0000               0.0000              -0.3134
[Row   6]               0.0000               0.0577               0.0000               0.0000              -0.0963               1.0000               0.2484               0.0000               0.0000               0.0000
[Row   7]               0.0577               0.4628               0.0000               0.0000              -0.4503               0.2484               1.0000               0.0000               0.0000               0.0000
[Row   8]               0.0000               0.0000               0.2943               0.0000               0.0000               0.0000               0.0000               1.0000               0.0000               0.0000
[Row   9]               0.0000               0.0000               0.0000               0.2943               0.0000               0.0000               0.0000               0.0000               1.0000               0.0000
[Row  10]               0.0963               0.4503               0.0000               0.0000              -0.3134               0.0000               0.0000               0.0000               0.0000               1.0000
[Row  11]               0.0039               0.0769               0.0000               0.0000              -0.1022               0.0659               0.5047               0.0000               0.0000              -0.4754
[Row  12]               0.0659               0.5047               0.0000               0.0000               0.4754               0.0039               0.0769               0.0000               0.0000               0.1022
                  [Col 11]              [Col 12]
[Row   1]               0.0039               0.0659
[Row   2]               0.0769               0.5047
[Row   3]               0.0000               0.0000
[Row   4]               0.0000               0.0000
[Row   5]              -0.1022               0.4754
[Row   6]               0.0659               0.0039
[Row   7]               0.5047               0.0769
[Row   8]               0.0000               0.0000
[Row   9]               0.0000               0.0000
[Row  10]              -0.4754               0.1022
[Row  11]               1.0000               0.0085
[Row  12]               0.0085               1.0000
===== After load P check zeros ===== 
 [[ 1.99963047e+00  5.04628942e-01  0.00000000e+00  0.00000000e+00
   1.31011797e-03  2.88644919e-04  1.10469489e-01  0.00000000e+00
   0.00000000e+00  1.89313671e-01  1.05338369e-02  1.22741305e-01]
 [ 5.04628942e-01  1.82920691e+00  0.00000000e+00  0.00000000e+00
  -4.34077260e-02  1.10469489e-01  1.01610958e+00  0.00000000e+00
   0.00000000e+00  9.77760270e-01  1.13458972e-01  1.21492776e+00]
 [ 0.00000000e+00  0.00000000e+00  1.29428872e+00  0.00000000e+00
   0.00000000e+00  0.00000000e+00  0.00000000e+00  1.29428872e+00
   0.00000000e+00  0.00000000e+00  0.00000000e+00  0.00000000e+00]
 [ 0.00000000e+00  0.00000000e+00  0.00000000e+00  1.29428872e+00
   0.00000000e+00  0.00000000e+00  0.00000000e+00  0.00000000e+00
   1.29428872e+00  0.00000000e+00  0.00000000e+00  0.00000000e+00]
 [ 1.31011797e-03 -4.34077260e-02  0.00000000e+00  0.00000000e+00
   1.77884547e+00 -1.89313671e-01 -9.77760270e-01  0.00000000e+00
   0.00000000e+00 -6.67102480e-01 -1.66337709e-01  1.16057053e+00]
 [ 2.88644919e-04  1.10469489e-01  0.00000000e+00  0.00000000e+00
  -1.89313671e-01  1.99963047e+00  5.04628942e-01  0.00000000e+00
   0.00000000e+00 -1.31011797e-03  1.22741305e-01  1.05338369e-02]
 [ 1.10469489e-01  1.01610958e+00  0.00000000e+00  0.00000000e+00
  -9.77760270e-01  5.04628942e-01  1.82920691e+00  0.00000000e+00
   0.00000000e+00  4.34077260e-02  1.21492776e+00  1.13458972e-01]
 [ 0.00000000e+00  0.00000000e+00  1.29428872e+00  0.00000000e+00
   0.00000000e+00  0.00000000e+00  0.00000000e+00  1.29428872e+00
   0.00000000e+00  0.00000000e+00  0.00000000e+00  0.00000000e+00]
 [ 0.00000000e+00  0.00000000e+00  0.00000000e+00  1.29428872e+00
   0.00000000e+00  0.00000000e+00  0.00000000e+00  0.00000000e+00
   1.29428872e+00  0.00000000e+00  0.00000000e+00  0.00000000e+00]
 [ 1.89313671e-01  9.77760270e-01  0.00000000e+00  0.00000000e+00
  -6.67102480e-01 -1.31011797e-03  4.34077260e-02  0.00000000e+00
   0.00000000e+00  1.77884547e+00 -1.16057053e+00  1.66337709e-01]
 [ 1.05338369e-02  1.13458972e-01  0.00000000e+00  0.00000000e+00
  -1.66337709e-01  1.22741305e-01  1.21492776e+00  0.00000000e+00
   0.00000000e+00 -1.16057053e+00  1.63400601e+00  4.35288774e-02]
 [ 1.22741305e-01  1.21492776e+00  0.00000000e+00  0.00000000e+00
   1.16057053e+00  1.05338369e-02  1.13458972e-01  0.00000000e+00
   0.00000000e+00  1.66337709e-01  4.35288774e-02  1.63400601e+00]]
lctrl 0 ntrue 2
lctrl 1 ntrue 3
lctrl 1
===== cA before average ===== 
 [[1.29428872 0.         0.        ]
 [0.         1.29428872 0.        ]
 [0.         0.         1.77884547]]
===== cB before average ===== 
 [[1. 0. 0.]
 [0. 1. 0.]
 [0. 0. 1.]]
===== cA after average ===== 
 [[1.29428872 0.         0.        ]
 [0.         1.29428872 0.        ]
 [0.         0.         1.77884547]]
===== cB after average ===== 
 [[1. 0. 0.]
 [0. 1. 0.]
 [0. 0. 1.]]
lctrl 0 ntrue 2
lctrl 1 ntrue 3
lctrl 1
===== cA before average ===== 
 [[1.29428872 0.         0.        ]
 [0.         1.29428872 0.        ]
 [0.         0.         1.77884547]]
===== cB before average ===== 
 [[1. 0. 0.]
 [0. 1. 0.]
 [0. 0. 1.]]
===== cA after average ===== 
 [[1.29428872 0.         0.        ]
 [0.         1.29428872 0.        ]
 [0.         0.         1.77884547]]
===== cB after average ===== 
 [[1. 0. 0.]
 [0. 1. 0.]
 [0. 0. 1.]]
lctrl 0 ntrue 1
lctrl 0 ntrue 1
N_functions in (iatom,l):( 0 0 ) block =  2
===== iatom,lblock eigvals ===== 0 0 
 [1.99999636 1.81340468]
===== iatom,lblock eigvecs ===== 0 0 
 [[-0.9876653   0.30042665]
 [-0.04571453 -1.03133365]]
N_functions in (iatom,l):( 0 1 ) block =  3
eigvecs before 
 [[0. 1. 0.]
 [0. 0. 1.]
 [1. 0. 0.]]
mlMap 
 [[0. 0. 1.]
 [1. 0. 0.]
 [0. 1. 0.]]
eigvecs after 
 [[1. 0. 0.]
 [0. 1. 0.]
 [0. 0. 1.]]
===== iatom,lblock eigvals ===== 0 1 
 [1.77884547 1.29428872 1.29428872]
===== iatom,lblock eigvecs ===== 0 1 
 [[1. 0. 0.]
 [0. 1. 0.]
 [0. 0. 1.]]
N_functions in (iatom,l):( 1 0 ) block =  2
===== iatom,lblock eigvals ===== 1 0 
 [1.99999636 1.81340468]
===== iatom,lblock eigvecs ===== 1 0 
 [[-0.9876653   0.30042665]
 [-0.04571453 -1.03133365]]
N_functions in (iatom,l):( 1 1 ) block =  3
eigvecs before 
 [[0. 0. 1.]
 [0. 1. 0.]
 [1. 0. 0.]]
mlMap 
 [[0. 0. 1.]
 [0. 1. 0.]
 [1. 0. 0.]]
eigvecs after 
 [[1. 0. 0.]
 [0. 1. 0.]
 [0. 0. 1.]]
===== iatom,lblock eigvals ===== 1 1 
 [1.77884547 1.29428872 1.29428872]
===== iatom,lblock eigvecs ===== 1 1 
 [[1. 0. 0.]
 [0. 1. 0.]
 [0. 0. 1.]]
N_functions in (iatom,l):( 2 0 ) block =  1
===== iatom,lblock eigvals ===== 2 0 
 [1.63400601]
===== iatom,lblock eigvecs ===== 2 0 
 [[1.]]
N_functions in (iatom,l):( 3 0 ) block =  1
===== iatom,lblock eigvals ===== 3 0 
 [1.63400601]
===== iatom,lblock eigvecs ===== 3 0 
 [[1.]]
===== W_pnao ===== 
 [1.99999636 1.81340468 1.77884547 1.29428872 1.29428872 1.99999636
 1.81340468 1.77884547 1.29428872 1.29428872 1.63400601 1.63400601]
===== N_avpnao =====

                  [Col  1]              [Col  2]              [Col  3]              [Col  4]              [Col  5]              [Col  6]              [Col  7]              [Col  8]              [Col  9]              [Col 10]
[Row   1]              -0.9877               0.3004               0.0000               0.0000               0.0000               0.0000               0.0000               0.0000               0.0000               0.0000
[Row   2]              -0.0457              -1.0313               0.0000               0.0000               0.0000               0.0000               0.0000               0.0000               0.0000               0.0000
[Row   3]               0.0000               0.0000               1.0000               0.0000               0.0000               0.0000               0.0000               0.0000               0.0000               0.0000
[Row   4]               0.0000               0.0000               0.0000               1.0000               0.0000               0.0000               0.0000               0.0000               0.0000               0.0000
[Row   5]               0.0000               0.0000               0.0000               0.0000               1.0000               0.0000               0.0000               0.0000               0.0000               0.0000
[Row   6]               0.0000               0.0000               0.0000               0.0000               0.0000              -0.9877               0.3004               0.0000               0.0000               0.0000
[Row   7]               0.0000               0.0000               0.0000               0.0000               0.0000              -0.0457              -1.0313               0.0000               0.0000               0.0000
[Row   8]               0.0000               0.0000               0.0000               0.0000               0.0000               0.0000               0.0000               1.0000               0.0000               0.0000
[Row   9]               0.0000               0.0000               0.0000               0.0000               0.0000               0.0000               0.0000               0.0000               1.0000               0.0000
[Row  10]               0.0000               0.0000               0.0000               0.0000               0.0000               0.0000               0.0000               0.0000               0.0000               1.0000
[Row  11]               0.0000               0.0000               0.0000               0.0000               0.0000               0.0000               0.0000               0.0000               0.0000               0.0000
[Row  12]               0.0000               0.0000               0.0000               0.0000               0.0000               0.0000               0.0000               0.0000               0.0000               0.0000
                  [Col 11]              [Col 12]
[Row   1]               0.0000               0.0000
[Row   2]               0.0000               0.0000
[Row   3]               0.0000               0.0000
[Row   4]               0.0000               0.0000
[Row   5]               0.0000               0.0000
[Row   6]               0.0000               0.0000
[Row   7]               0.0000               0.0000
[Row   8]               0.0000               0.0000
[Row   9]               0.0000               0.0000
[Row  10]               0.0000               0.0000
[Row  11]               1.0000               0.0000
[Row  12]               0.0000               1.0000
N_functions in (iatom,l):( 0 0 ) block =  2
===== iatom,lblock eigvals ===== 0 0 
 [1.99999636 1.81340468]
===== iatom,lblock eigvecs ===== 0 0 
 [[-0.9876653   0.30042665]
 [-0.04571453 -1.03133365]]
N_functions in (iatom,l):( 0 1 ) block =  3
eigvecs before 
 [[0. 1. 0.]
 [0. 0. 1.]
 [1. 0. 0.]]
mlMap 
 [[0. 0. 1.]
 [1. 0. 0.]
 [0. 1. 0.]]
eigvecs after 
 [[1. 0. 0.]
 [0. 1. 0.]
 [0. 0. 1.]]
===== iatom,lblock eigvals ===== 0 1 
 [1.77884547 1.29428872 1.29428872]
===== iatom,lblock eigvecs ===== 0 1 
 [[1. 0. 0.]
 [0. 1. 0.]
 [0. 0. 1.]]
N_functions in (iatom,l):( 1 0 ) block =  2
===== iatom,lblock eigvals ===== 1 0 
 [1.99999636 1.81340468]
===== iatom,lblock eigvecs ===== 1 0 
 [[-0.9876653   0.30042665]
 [-0.04571453 -1.03133365]]
N_functions in (iatom,l):( 1 1 ) block =  3
eigvecs before 
 [[0. 0. 1.]
 [0. 1. 0.]
 [1. 0. 0.]]
mlMap 
 [[0. 0. 1.]
 [0. 1. 0.]
 [1. 0. 0.]]
eigvecs after 
 [[1. 0. 0.]
 [0. 1. 0.]
 [0. 0. 1.]]
===== iatom,lblock eigvals ===== 1 1 
 [1.77884547 1.29428872 1.29428872]
===== iatom,lblock eigvecs ===== 1 1 
 [[1. 0. 0.]
 [0. 1. 0.]
 [0. 0. 1.]]
N_functions in (iatom,l):( 2 0 ) block =  1
===== iatom,lblock eigvals ===== 2 0 
 [1.63400601]
===== iatom,lblock eigvecs ===== 2 0 
 [[1.]]
N_functions in (iatom,l):( 3 0 ) block =  1
===== iatom,lblock eigvals ===== 3 0 
 [1.63400601]
===== iatom,lblock eigvecs ===== 3 0 
 [[1.]]
N_functions in (iatom,l):( 0 0 ) block =  2
===== iatom,lblock eigvals ===== 0 0 
 [1.99999636 1.81340468]
===== iatom,lblock eigvecs ===== 0 0 
 [[-0.9876653   0.30042665]
 [-0.04571453 -1.03133365]]
N_functions in (iatom,l):( 0 1 ) block =  3
eigvecs before 
 [[0. 1. 0.]
 [0. 0. 1.]
 [1. 0. 0.]]
mlMap 
 [[0. 0. 1.]
 [1. 0. 0.]
 [0. 1. 0.]]
eigvecs after 
 [[1. 0. 0.]
 [0. 1. 0.]
 [0. 0. 1.]]
===== iatom,lblock eigvals ===== 0 1 
 [1.77884547 1.29428872 1.29428872]
===== iatom,lblock eigvecs ===== 0 1 
 [[1. 0. 0.]
 [0. 1. 0.]
 [0. 0. 1.]]
N_functions in (iatom,l):( 1 0 ) block =  2
===== iatom,lblock eigvals ===== 1 0 
 [1.99999636 1.81340468]
===== iatom,lblock eigvecs ===== 1 0 
 [[-0.9876653   0.30042665]
 [-0.04571453 -1.03133365]]
N_functions in (iatom,l):( 1 1 ) block =  3
eigvecs before 
 [[0. 0. 1.]
 [0. 1. 0.]
 [1. 0. 0.]]
mlMap 
 [[0. 0. 1.]
 [0. 1. 0.]
 [1. 0. 0.]]
eigvecs after 
 [[1. 0. 0.]
 [0. 1. 0.]
 [0. 0. 1.]]
===== iatom,lblock eigvals ===== 1 1 
 [1.77884547 1.29428872 1.29428872]
===== iatom,lblock eigvecs ===== 1 1 
 [[1. 0. 0.]
 [0. 1. 0.]
 [0. 0. 1.]]
N_functions in (iatom,l):( 2 0 ) block =  1
===== iatom,lblock eigvals ===== 2 0 
 [1.63400601]
===== iatom,lblock eigvecs ===== 2 0 
 [[1.]]
N_functions in (iatom,l):( 3 0 ) block =  1
===== iatom,lblock eigvals ===== 3 0 
 [1.63400601]
===== iatom,lblock eigvecs ===== 3 0 
 [[1.]]
eigvalP_aoao 
 [1.99999636 1.81340468 1.77884547 1.29428872 1.29428872 1.99999636
 1.81340468 1.77884547 1.29428872 1.29428872 1.63400601 1.63400601]
eigvalP_avav 
 [1.99999636 1.81340468 1.77884547 1.29428872 1.29428872 1.99999636
 1.81340468 1.77884547 1.29428872 1.29428872 1.63400601 1.63400601]
===== eigvecP_aoao =====

                  [Col  1]              [Col  2]              [Col  3]              [Col  4]              [Col  5]              [Col  6]              [Col  7]              [Col  8]              [Col  9]              [Col 10]
[Row   1]              -0.9877               0.3004               0.0000               0.0000               0.0000               0.0000               0.0000               0.0000               0.0000               0.0000
[Row   2]              -0.0457              -1.0313               0.0000               0.0000               0.0000               0.0000               0.0000               0.0000               0.0000               0.0000
[Row   3]               0.0000               0.0000               1.0000               0.0000               0.0000               0.0000               0.0000               0.0000               0.0000               0.0000
[Row   4]               0.0000               0.0000               0.0000               1.0000               0.0000               0.0000               0.0000               0.0000               0.0000               0.0000
[Row   5]               0.0000               0.0000               0.0000               0.0000               1.0000               0.0000               0.0000               0.0000               0.0000               0.0000
[Row   6]               0.0000               0.0000               0.0000               0.0000               0.0000              -0.9877               0.3004               0.0000               0.0000               0.0000
[Row   7]               0.0000               0.0000               0.0000               0.0000               0.0000              -0.0457              -1.0313               0.0000               0.0000               0.0000
[Row   8]               0.0000               0.0000               0.0000               0.0000               0.0000               0.0000               0.0000               1.0000               0.0000               0.0000
[Row   9]               0.0000               0.0000               0.0000               0.0000               0.0000               0.0000               0.0000               0.0000               1.0000               0.0000
[Row  10]               0.0000               0.0000               0.0000               0.0000               0.0000               0.0000               0.0000               0.0000               0.0000               1.0000
[Row  11]               0.0000               0.0000               0.0000               0.0000               0.0000               0.0000               0.0000               0.0000               0.0000               0.0000
[Row  12]               0.0000               0.0000               0.0000               0.0000               0.0000               0.0000               0.0000               0.0000               0.0000               0.0000
                  [Col 11]              [Col 12]
[Row   1]               0.0000               0.0000
[Row   2]               0.0000               0.0000
[Row   3]               0.0000               0.0000
[Row   4]               0.0000               0.0000
[Row   5]               0.0000               0.0000
[Row   6]               0.0000               0.0000
[Row   7]               0.0000               0.0000
[Row   8]               0.0000               0.0000
[Row   9]               0.0000               0.0000
[Row  10]               0.0000               0.0000
[Row  11]               1.0000               0.0000
[Row  12]               0.0000               1.0000
===== eigvecP_avav =====

                  [Col  1]              [Col  2]              [Col  3]              [Col  4]              [Col  5]              [Col  6]              [Col  7]              [Col  8]              [Col  9]              [Col 10]
[Row   1]              -0.9877               0.3004               0.0000               0.0000               0.0000               0.0000               0.0000               0.0000               0.0000               0.0000
[Row   2]              -0.0457              -1.0313               0.0000               0.0000               0.0000               0.0000               0.0000               0.0000               0.0000               0.0000
[Row   3]               0.0000               0.0000               1.0000               0.0000               0.0000               0.0000               0.0000               0.0000               0.0000               0.0000
[Row   4]               0.0000               0.0000               0.0000               1.0000               0.0000               0.0000               0.0000               0.0000               0.0000               0.0000
[Row   5]               0.0000               0.0000               0.0000               0.0000               1.0000               0.0000               0.0000               0.0000               0.0000               0.0000
[Row   6]               0.0000               0.0000               0.0000               0.0000               0.0000              -0.9877               0.3004               0.0000               0.0000               0.0000
[Row   7]               0.0000               0.0000               0.0000               0.0000               0.0000              -0.0457              -1.0313               0.0000               0.0000               0.0000
[Row   8]               0.0000               0.0000               0.0000               0.0000               0.0000               0.0000               0.0000               1.0000               0.0000               0.0000
[Row   9]               0.0000               0.0000               0.0000               0.0000               0.0000               0.0000               0.0000               0.0000               1.0000               0.0000
[Row  10]               0.0000               0.0000               0.0000               0.0000               0.0000               0.0000               0.0000               0.0000               0.0000               1.0000
[Row  11]               0.0000               0.0000               0.0000               0.0000               0.0000               0.0000               0.0000               0.0000               0.0000               0.0000
[Row  12]               0.0000               0.0000               0.0000               0.0000               0.0000               0.0000               0.0000               0.0000               0.0000               0.0000
                  [Col 11]              [Col 12]
[Row   1]               0.0000               0.0000
[Row   2]               0.0000               0.0000
[Row   3]               0.0000               0.0000
[Row   4]               0.0000               0.0000
[Row   5]               0.0000               0.0000
[Row   6]               0.0000               0.0000
[Row   7]               0.0000               0.0000
[Row   8]               0.0000               0.0000
[Row   9]               0.0000               0.0000
[Row  10]               0.0000               0.0000
[Row  11]               1.0000               0.0000
[Row  12]               0.0000               1.0000
===== T1 =====

                  [Col  1]              [Col  2]              [Col  3]              [Col  4]              [Col  5]              [Col  6]              [Col  7]              [Col  8]              [Col  9]              [Col 10]
[Row   1]               1.0000               0.0000               0.0000               0.0000               0.0000               0.0000               0.0000               0.0000               0.0000               0.0000
[Row   2]               0.0000               1.0000               0.0000               0.0000               0.0000               0.0000               0.0000               0.0000               0.0000               0.0000
[Row   3]               0.0000               0.0000               1.0000               0.0000               0.0000               0.0000               0.0000               0.0000               0.0000               0.0000
[Row   4]               0.0000               0.0000               0.0000               1.0000               0.0000               0.0000               0.0000               0.0000               0.0000               0.0000
[Row   5]               0.0000               0.0000               0.0000               0.0000               1.0000               0.0000               0.0000               0.0000               0.0000               0.0000
[Row   6]               0.0000               0.0000               0.0000               0.0000               0.0000               1.0000               0.0000               0.0000               0.0000               0.0000
[Row   7]               0.0000               0.0000               0.0000               0.0000               0.0000               0.0000               1.0000               0.0000               0.0000               0.0000
[Row   8]               0.0000               0.0000               0.0000               0.0000               0.0000               0.0000               0.0000               1.0000               0.0000               0.0000
[Row   9]               0.0000               0.0000               0.0000               0.0000               0.0000               0.0000               0.0000               0.0000               1.0000               0.0000
[Row  10]               0.0000               0.0000               0.0000               0.0000               0.0000               0.0000               0.0000               0.0000               0.0000               1.0000
[Row  11]               0.0000               0.0000               0.0000               0.0000               0.0000               0.0000               0.0000               0.0000               0.0000               0.0000
[Row  12]               0.0000               0.0000               0.0000               0.0000               0.0000               0.0000               0.0000               0.0000               0.0000               0.0000
                  [Col 11]              [Col 12]
[Row   1]               0.0000               0.0000
[Row   2]               0.0000               0.0000
[Row   3]               0.0000               0.0000
[Row   4]               0.0000               0.0000
[Row   5]               0.0000               0.0000
[Row   6]               0.0000               0.0000
[Row   7]               0.0000               0.0000
[Row   8]               0.0000               0.0000
[Row   9]               0.0000               0.0000
[Row  10]               0.0000               0.0000
[Row  11]               1.0000               0.0000
[Row  12]               0.0000               1.0000
===== invT1*T1 =====

                  [Col  1]              [Col  2]              [Col  3]              [Col  4]              [Col  5]              [Col  6]              [Col  7]              [Col  8]              [Col  9]              [Col 10]
[Row   1]               1.0000               0.0000               0.0000               0.0000               0.0000               0.0000               0.0000               0.0000               0.0000               0.0000
[Row   2]               0.0000               1.0000               0.0000               0.0000               0.0000               0.0000               0.0000               0.0000               0.0000               0.0000
[Row   3]               0.0000               0.0000               1.0000               0.0000               0.0000               0.0000               0.0000               0.0000               0.0000               0.0000
[Row   4]               0.0000               0.0000               0.0000               1.0000               0.0000               0.0000               0.0000               0.0000               0.0000               0.0000
[Row   5]               0.0000               0.0000               0.0000               0.0000               1.0000               0.0000               0.0000               0.0000               0.0000               0.0000
[Row   6]               0.0000               0.0000               0.0000               0.0000               0.0000               1.0000               0.0000               0.0000               0.0000               0.0000
[Row   7]               0.0000               0.0000               0.0000               0.0000               0.0000               0.0000               1.0000               0.0000               0.0000               0.0000
[Row   8]               0.0000               0.0000               0.0000               0.0000               0.0000               0.0000               0.0000               1.0000               0.0000               0.0000
[Row   9]               0.0000               0.0000               0.0000               0.0000               0.0000               0.0000               0.0000               0.0000               1.0000               0.0000
[Row  10]               0.0000               0.0000               0.0000               0.0000               0.0000               0.0000               0.0000               0.0000               0.0000               1.0000
[Row  11]               0.0000               0.0000               0.0000               0.0000               0.0000               0.0000               0.0000               0.0000               0.0000               0.0000
[Row  12]               0.0000               0.0000               0.0000               0.0000               0.0000               0.0000               0.0000               0.0000               0.0000               0.0000
                  [Col 11]              [Col 12]
[Row   1]               0.0000               0.0000
[Row   2]               0.0000               0.0000
[Row   3]               0.0000               0.0000
[Row   4]               0.0000               0.0000
[Row   5]               0.0000               0.0000
[Row   6]               0.0000               0.0000
[Row   7]               0.0000               0.0000
[Row   8]               0.0000               0.0000
[Row   9]               0.0000               0.0000
[Row  10]               0.0000               0.0000
[Row  11]               1.0000               0.0000
[Row  12]               0.0000               1.0000
===== Trial P_aoao -> P_avav =====

                  [Col  1]              [Col  2]              [Col  3]              [Col  4]              [Col  5]              [Col  6]              [Col  7]              [Col  8]              [Col  9]              [Col 10]
[Row   1]               1.9996               0.5046               0.0000               0.0000               0.0013               0.0003               0.1105               0.0000               0.0000               0.1893
[Row   2]               0.5046               1.8292               0.0000               0.0000              -0.0434               0.1105               1.0161               0.0000               0.0000               0.9778
[Row   3]               0.0000               0.0000               1.2943               0.0000               0.0000               0.0000               0.0000               1.2943               0.0000               0.0000
[Row   4]               0.0000               0.0000               0.0000               1.2943               0.0000               0.0000               0.0000               0.0000               1.2943               0.0000
[Row   5]               0.0013              -0.0434               0.0000               0.0000               1.7788              -0.1893              -0.9778               0.0000               0.0000              -0.6671
[Row   6]               0.0003               0.1105               0.0000               0.0000              -0.1893               1.9996               0.5046               0.0000               0.0000              -0.0013
[Row   7]               0.1105               1.0161               0.0000               0.0000              -0.9778               0.5046               1.8292               0.0000               0.0000               0.0434
[Row   8]               0.0000               0.0000               1.2943               0.0000               0.0000               0.0000               0.0000               1.2943               0.0000               0.0000
[Row   9]               0.0000               0.0000               0.0000               1.2943               0.0000               0.0000               0.0000               0.0000               1.2943               0.0000
[Row  10]               0.1893               0.9778               0.0000               0.0000              -0.6671              -0.0013               0.0434               0.0000               0.0000               1.7788
[Row  11]               0.0105               0.1135               0.0000               0.0000              -0.1663               0.1227               1.2149               0.0000               0.0000              -1.1606
[Row  12]               0.1227               1.2149               0.0000               0.0000               1.1606               0.0105               0.1135               0.0000               0.0000               0.1663
                  [Col 11]              [Col 12]
[Row   1]               0.0105               0.1227
[Row   2]               0.1135               1.2149
[Row   3]               0.0000               0.0000
[Row   4]               0.0000               0.0000
[Row   5]              -0.1663               1.1606
[Row   6]               0.1227               0.0105
[Row   7]               1.2149               0.1135
[Row   8]               0.0000               0.0000
[Row   9]               0.0000               0.0000
[Row  10]              -1.1606               0.1663
[Row  11]               1.6340               0.0435
[Row  12]               0.0435               1.6340
===== P_avav =====

                  [Col  1]              [Col  2]              [Col  3]              [Col  4]              [Col  5]              [Col  6]              [Col  7]              [Col  8]              [Col  9]              [Col 10]
[Row   1]               1.9996               0.5046               0.0000               0.0000               0.0013               0.0003               0.1105               0.0000               0.0000               0.1893
[Row   2]               0.5046               1.8292               0.0000               0.0000              -0.0434               0.1105               1.0161               0.0000               0.0000               0.9778
[Row   3]               0.0000               0.0000               1.2943               0.0000               0.0000               0.0000               0.0000               1.2943               0.0000               0.0000
[Row   4]               0.0000               0.0000               0.0000               1.2943               0.0000               0.0000               0.0000               0.0000               1.2943               0.0000
[Row   5]               0.0013              -0.0434               0.0000               0.0000               1.7788              -0.1893              -0.9778               0.0000               0.0000              -0.6671
[Row   6]               0.0003               0.1105               0.0000               0.0000              -0.1893               1.9996               0.5046               0.0000               0.0000              -0.0013
[Row   7]               0.1105               1.0161               0.0000               0.0000              -0.9778               0.5046               1.8292               0.0000               0.0000               0.0434
[Row   8]               0.0000               0.0000               1.2943               0.0000               0.0000               0.0000               0.0000               1.2943               0.0000               0.0000
[Row   9]               0.0000               0.0000               0.0000               1.2943               0.0000               0.0000               0.0000               0.0000               1.2943               0.0000
[Row  10]               0.1893               0.9778               0.0000               0.0000              -0.6671              -0.0013               0.0434               0.0000               0.0000               1.7788
[Row  11]               0.0105               0.1135               0.0000               0.0000              -0.1663               0.1227               1.2149               0.0000               0.0000              -1.1606
[Row  12]               0.1227               1.2149               0.0000               0.0000               1.1606               0.0105               0.1135               0.0000               0.0000               0.1663
                  [Col 11]              [Col 12]
[Row   1]               0.0105               0.1227
[Row   2]               0.1135               1.2149
[Row   3]               0.0000               0.0000
[Row   4]               0.0000               0.0000
[Row   5]              -0.1663               1.1606
[Row   6]               0.1227               0.0105
[Row   7]               1.2149               0.1135
[Row   8]               0.0000               0.0000
[Row   9]               0.0000               0.0000
[Row  10]              -1.1606               0.1663
[Row  11]               1.6340               0.0435
[Row  12]               0.0435               1.6340
===== Trial S_aoao -> S_avav =====

                  [Col  1]              [Col  2]              [Col  3]              [Col  4]              [Col  5]              [Col  6]              [Col  7]              [Col  8]              [Col  9]              [Col 10]
[Row   1]               1.0000               0.2484               0.0000               0.0000               0.0000               0.0000               0.0577               0.0000               0.0000               0.0963
[Row   2]               0.2484               1.0000               0.0000               0.0000               0.0000               0.0577               0.4628               0.0000               0.0000               0.4503
[Row   3]               0.0000               0.0000               1.0000               0.0000               0.0000               0.0000               0.0000               0.2943               0.0000               0.0000
[Row   4]               0.0000               0.0000               0.0000               1.0000               0.0000               0.0000               0.0000               0.0000               0.2943               0.0000
[Row   5]               0.0000               0.0000               0.0000               0.0000               1.0000              -0.0963              -0.4503               0.0000               0.0000              -0.3134
[Row   6]               0.0000               0.0577               0.0000               0.0000              -0.0963               1.0000               0.2484               0.0000               0.0000               0.0000
[Row   7]               0.0577               0.4628               0.0000               0.0000              -0.4503               0.2484               1.0000               0.0000               0.0000               0.0000
[Row   8]               0.0000               0.0000               0.2943               0.0000               0.0000               0.0000               0.0000               1.0000               0.0000               0.0000
[Row   9]               0.0000               0.0000               0.0000               0.2943               0.0000               0.0000               0.0000               0.0000               1.0000               0.0000
[Row  10]               0.0963               0.4503               0.0000               0.0000              -0.3134               0.0000               0.0000               0.0000               0.0000               1.0000
[Row  11]               0.0039               0.0769               0.0000               0.0000              -0.1022               0.0659               0.5047               0.0000               0.0000              -0.4754
[Row  12]               0.0659               0.5047               0.0000               0.0000               0.4754               0.0039               0.0769               0.0000               0.0000               0.1022
                  [Col 11]              [Col 12]
[Row   1]               0.0039               0.0659
[Row   2]               0.0769               0.5047
[Row   3]               0.0000               0.0000
[Row   4]               0.0000               0.0000
[Row   5]              -0.1022               0.4754
[Row   6]               0.0659               0.0039
[Row   7]               0.5047               0.0769
[Row   8]               0.0000               0.0000
[Row   9]               0.0000               0.0000
[Row  10]              -0.4754               0.1022
[Row  11]               1.0000               0.0085
[Row  12]               0.0085               1.0000
===== S_avav =====

                  [Col  1]              [Col  2]              [Col  3]              [Col  4]              [Col  5]              [Col  6]              [Col  7]              [Col  8]              [Col  9]              [Col 10]
[Row   1]               1.0000               0.2484               0.0000               0.0000               0.0000               0.0000               0.0577               0.0000               0.0000               0.0963
[Row   2]               0.2484               1.0000               0.0000               0.0000               0.0000               0.0577               0.4628               0.0000               0.0000               0.4503
[Row   3]               0.0000               0.0000               1.0000               0.0000               0.0000               0.0000               0.0000               0.2943               0.0000               0.0000
[Row   4]               0.0000               0.0000               0.0000               1.0000               0.0000               0.0000               0.0000               0.0000               0.2943               0.0000
[Row   5]               0.0000               0.0000               0.0000               0.0000               1.0000              -0.0963              -0.4503               0.0000               0.0000              -0.3134
[Row   6]               0.0000               0.0577               0.0000               0.0000              -0.0963               1.0000               0.2484               0.0000               0.0000               0.0000
[Row   7]               0.0577               0.4628               0.0000               0.0000              -0.4503               0.2484               1.0000               0.0000               0.0000               0.0000
[Row   8]               0.0000               0.0000               0.2943               0.0000               0.0000               0.0000               0.0000               1.0000               0.0000               0.0000
[Row   9]               0.0000               0.0000               0.0000               0.2943               0.0000               0.0000               0.0000               0.0000               1.0000               0.0000
[Row  10]               0.0963               0.4503               0.0000               0.0000              -0.3134               0.0000               0.0000               0.0000               0.0000               1.0000
[Row  11]               0.0039               0.0769               0.0000               0.0000              -0.1022               0.0659               0.5047               0.0000               0.0000              -0.4754
[Row  12]               0.0659               0.5047               0.0000               0.0000               0.4754               0.0039               0.0769               0.0000               0.0000               0.1022
                  [Col 11]              [Col 12]
[Row   1]               0.0039               0.0659
[Row   2]               0.0769               0.5047
[Row   3]               0.0000               0.0000
[Row   4]               0.0000               0.0000
[Row   5]              -0.1022               0.4754
[Row   6]               0.0659               0.0039
[Row   7]               0.5047               0.0769
[Row   8]               0.0000               0.0000
[Row   9]               0.0000               0.0000
[Row  10]              -0.4754               0.1022
[Row  11]               1.0000               0.0085
[Row  12]               0.0085               1.0000
===== Spnao =====

                  [Col  1]              [Col  2]              [Col  3]              [Col  4]              [Col  5]              [Col  6]              [Col  7]              [Col  8]              [Col  9]              [Col 10]
[Row   1]               1.0000               0.0000               0.0000               0.0000               0.0000               0.0062               0.0798               0.0000               0.0000              -0.1157
[Row   2]               0.0000               1.0000               0.0000               0.0000               0.0000               0.0798               0.4565               0.0000               0.0000              -0.4355
[Row   3]               0.0000               0.0000               1.0000               0.0000               0.0000               0.0000               0.0000               0.2943               0.0000               0.0000
[Row   4]               0.0000               0.0000               0.0000               1.0000               0.0000               0.0000               0.0000               0.0000               0.2943               0.0000
[Row   5]               0.0000               0.0000               0.0000               0.0000               1.0000               0.1157               0.4355               0.0000               0.0000              -0.3134
[Row   6]               0.0062               0.0798               0.0000               0.0000               0.1157               1.0000               0.0000               0.0000               0.0000               0.0000
[Row   7]               0.0798               0.4565               0.0000               0.0000               0.4355               0.0000               1.0000               0.0000               0.0000               0.0000
[Row   8]               0.0000               0.0000               0.2943               0.0000               0.0000               0.0000               0.0000               1.0000               0.0000               0.0000
[Row   9]               0.0000               0.0000               0.0000               0.2943               0.0000               0.0000               0.0000               0.0000               1.0000               0.0000
[Row  10]              -0.1157              -0.4355               0.0000               0.0000              -0.3134               0.0000               0.0000               0.0000               0.0000               1.0000
[Row  11]              -0.0074              -0.0782               0.0000               0.0000              -0.1022              -0.0881              -0.5007               0.0000               0.0000              -0.4754
[Row  12]              -0.0881              -0.5007               0.0000               0.0000               0.4754              -0.0074              -0.0782               0.0000               0.0000               0.1022
                  [Col 11]              [Col 12]
[Row   1]              -0.0074              -0.0881
[Row   2]              -0.0782              -0.5007
[Row   3]               0.0000               0.0000
[Row   4]               0.0000               0.0000
[Row   5]              -0.1022               0.4754
[Row   6]              -0.0881              -0.0074
[Row   7]              -0.5007              -0.0782
[Row   8]               0.0000               0.0000
[Row   9]               0.0000               0.0000
[Row  10]              -0.4754               0.1022
[Row  11]               1.0000               0.0085
[Row  12]               0.0085               1.0000
===== Ppnao =====

                  [Col  1]              [Col  2]              [Col  3]              [Col  4]              [Col  5]              [Col  6]              [Col  7]              [Col  8]              [Col  9]              [Col 10]
[Row   1]               2.0000               0.0000               0.0000               0.0000               0.0007               0.0124               0.1588               0.0000               0.0000              -0.2317
[Row   2]               0.0000               1.8134               0.0000               0.0000               0.0452               0.1588               1.0124               0.0000               0.0000              -0.9515
[Row   3]               0.0000               0.0000               1.2943               0.0000               0.0000               0.0000               0.0000               1.2943               0.0000               0.0000
[Row   4]               0.0000               0.0000               0.0000               1.2943               0.0000               0.0000               0.0000               0.0000               1.2943               0.0000
[Row   5]               0.0007               0.0452               0.0000               0.0000               1.7788               0.2317               0.9515               0.0000               0.0000              -0.6671
[Row   6]               0.0124               0.1588               0.0000               0.0000               0.2317               2.0000               0.0000               0.0000               0.0000              -0.0007
[Row   7]               0.1588               1.0124               0.0000               0.0000               0.9515               0.0000               1.8134               0.0000               0.0000              -0.0452
[Row   8]               0.0000               0.0000               1.2943               0.0000               0.0000               0.0000               0.0000               1.2943               0.0000               0.0000
[Row   9]               0.0000               0.0000               0.0000               1.2943               0.0000               0.0000               0.0000               0.0000               1.2943               0.0000
[Row  10]              -0.2317              -0.9515               0.0000               0.0000              -0.6671              -0.0007              -0.0452               0.0000               0.0000               1.7788
[Row  11]              -0.0156              -0.1138               0.0000               0.0000              -0.1663              -0.1768              -1.2161               0.0000               0.0000              -1.1606
[Row  12]              -0.1768              -1.2161               0.0000               0.0000               1.1606              -0.0156              -0.1138               0.0000               0.0000               0.1663
                  [Col 11]              [Col 12]
[Row   1]              -0.0156              -0.1768
[Row   2]              -0.1138              -1.2161
[Row   3]               0.0000               0.0000
[Row   4]               0.0000               0.0000
[Row   5]              -0.1663               1.1606
[Row   6]              -0.1768              -0.0156
[Row   7]              -1.2161              -0.1138
[Row   8]               0.0000               0.0000
[Row   9]               0.0000               0.0000
[Row  10]              -1.1606               0.1663
[Row  11]               1.6340               0.0435
[Row  12]               0.0435               1.6340
