molecule mol22.xyz
System:, atNum: 3 coords [ 0.          0.         -2.22036206]
System:, atNum: 9 coords [0.         0.         0.74012069]
===== Original AO-S matrix =====

                  [Col  1]              [Col  2]              [Col  3]              [Col  4]              [Col  5]              [Col  6]              [Col  7]              [Col  8]              [Col  9]              [Col 10]
[Row   1]               1.0000               0.2411               0.0000               0.0000               0.0000               0.0002               0.0286              -0.0489               0.0000               0.0000
[Row   2]               0.2411               1.0000               0.0000               0.0000               0.0000               0.0280               0.2717              -0.0982               0.0000               0.0000
[Row   3]               0.0000               0.0000               1.0000               0.0000               0.0000               0.0483               0.4169              -0.1201               0.0000               0.0000
[Row   4]               0.0000               0.0000               0.0000               1.0000               0.0000               0.0000               0.0000               0.0000               0.1314               0.0000
[Row   5]               0.0000               0.0000               0.0000               0.0000               1.0000               0.0000               0.0000               0.0000               0.0000               0.1314
[Row   6]               0.0002               0.0280               0.0483               0.0000               0.0000               1.0000               0.2380              -0.0000               0.0000               0.0000
[Row   7]               0.0286               0.2717               0.4169               0.0000               0.0000               0.2380               1.0000              -0.0000               0.0000               0.0000
[Row   8]              -0.0489              -0.0982              -0.1201               0.0000               0.0000              -0.0000              -0.0000               1.0000               0.0000               0.0000
[Row   9]               0.0000               0.0000               0.0000               0.1314               0.0000               0.0000               0.0000               0.0000               1.0000               0.0000
[Row  10]               0.0000               0.0000               0.0000               0.0000               0.1314               0.0000               0.0000               0.0000               0.0000               1.0000
nbas 10
 ===== CA ===== 

                  [Col  1]              [Col  2]              [Col  3]              [Col  4]              [Col  5]              [Col  6]              [Col  7]              [Col  8]              [Col  9]              [Col 10]
[Row   1]              -0.0002               0.9892               0.0749               0.1072              -0.0000               0.0000               0.2397              -0.0000               0.0000               0.1064
[Row   2]               0.0034               0.0341              -0.0549              -0.1906               0.0000              -0.0000              -0.8990               0.0000               0.0000              -0.5796
[Row   3]               0.0048              -0.0048              -0.0594              -0.1740               0.0000              -0.0000               0.4836               0.0000               0.0000              -0.9981
[Row   4]               0.0000               0.0000               0.0000               0.0000               0.3083               0.0026              -0.0000               0.9600               0.0293               0.0000
[Row   5]              -0.0000               0.0000               0.0000               0.0000               0.0026              -0.3083              -0.0000               0.0293              -0.9600               0.0000
[Row   6]              -0.9947              -0.0072               0.2580              -0.0314               0.0000               0.0000              -0.0116               0.0000               0.0000              -0.0955
[Row   7]              -0.0230               0.0238              -0.9855               0.1826              -0.0000               0.0000               0.0528              -0.0000              -0.0000               0.6465
[Row   8]               0.0014              -0.0161               0.0287               0.9376              -0.0000               0.0000              -0.0951              -0.0000              -0.0000              -0.3800
[Row   9]               0.0000              -0.0000               0.0000               0.0000               0.9116               0.0076               0.0000              -0.4316              -0.0132              -0.0000
[Row  10]              -0.0000              -0.0000              -0.0000               0.0000               0.0076              -0.9116               0.0000              -0.0132               0.4316              -0.0000
 ===== CB ===== 

                  [Col  1]              [Col  2]              [Col  3]              [Col  4]              [Col  5]              [Col  6]              [Col  7]              [Col  8]              [Col  9]              [Col 10]
[Row   1]              -0.0002               0.9892               0.0749               0.1072              -0.0000               0.0000               0.2397              -0.0000               0.0000               0.1064
[Row   2]               0.0034               0.0341              -0.0549              -0.1906               0.0000              -0.0000              -0.8990               0.0000               0.0000              -0.5796
[Row   3]               0.0048              -0.0048              -0.0594              -0.1740               0.0000              -0.0000               0.4836               0.0000               0.0000              -0.9981
[Row   4]               0.0000               0.0000               0.0000               0.0000               0.3083               0.0026              -0.0000               0.9600               0.0293               0.0000
[Row   5]              -0.0000               0.0000               0.0000               0.0000               0.0026              -0.3083              -0.0000               0.0293              -0.9600               0.0000
[Row   6]              -0.9947              -0.0072               0.2580              -0.0314               0.0000               0.0000              -0.0116               0.0000               0.0000              -0.0955
[Row   7]              -0.0230               0.0238              -0.9855               0.1826              -0.0000               0.0000               0.0528              -0.0000              -0.0000               0.6465
[Row   8]               0.0014              -0.0161               0.0287               0.9376              -0.0000               0.0000              -0.0951              -0.0000              -0.0000              -0.3800
[Row   9]               0.0000              -0.0000               0.0000               0.0000               0.9116               0.0076               0.0000              -0.4316              -0.0132              -0.0000
[Row  10]              -0.0000              -0.0000              -0.0000               0.0000               0.0076              -0.9116               0.0000              -0.0132               0.4316              -0.0000
 ===== P_psi ===== Dalpha+Dbeta 

                  [Col  1]              [Col  2]              [Col  3]              [Col  4]              [Col  5]              [Col  6]              [Col  7]              [Col  8]              [Col  9]              [Col 10]
[Row   1]               1.9911               0.0184              -0.0558               0.0000               0.0000               0.0180              -0.0612               0.1736              -0.0000              -0.0000
[Row   2]               0.0184               0.0811               0.0726              -0.0000               0.0000              -0.0237               0.0401              -0.3617              -0.0000               0.0000
[Row   3]              -0.0558               0.0726               0.0677              -0.0000               0.0000              -0.0292               0.0530              -0.3295              -0.0000              -0.0000
[Row   4]               0.0000              -0.0000              -0.0000               0.1901               0.0000              -0.0000               0.0000               0.0000               0.5621              -0.0000
[Row   5]               0.0000               0.0000               0.0000               0.0000               0.1901               0.0000              -0.0000              -0.0000               0.0000               0.5621
[Row   6]               0.0180              -0.0237              -0.0292              -0.0000               0.0000               2.1138              -0.4745              -0.0465               0.0000               0.0000
[Row   7]              -0.0612               0.0401               0.0530               0.0000              -0.0000              -0.4745               2.0114               0.2849              -0.0000              -0.0000
[Row   8]               0.1736              -0.3617              -0.3295               0.0000              -0.0000              -0.0465               0.2849               1.7604              -0.0000              -0.0000
[Row   9]              -0.0000              -0.0000              -0.0000               0.5621               0.0000               0.0000              -0.0000              -0.0000               1.6623              -0.0000
[Row  10]              -0.0000               0.0000              -0.0000              -0.0000               0.5621               0.0000              -0.0000              -0.0000              -0.0000               1.6623
===== P_mu,nu local =====

                  [Col  1]              [Col  2]              [Col  3]              [Col  4]              [Col  5]              [Col  6]              [Col  7]              [Col  8]              [Col  9]              [Col 10]
[Row   1]               1.9911               0.0184              -0.0558               0.0000               0.0000               0.0180              -0.0612               0.1736              -0.0000              -0.0000
[Row   2]               0.0184               0.0811               0.0726              -0.0000               0.0000              -0.0237               0.0401              -0.3617              -0.0000               0.0000
[Row   3]              -0.0558               0.0726               0.0677              -0.0000               0.0000              -0.0292               0.0530              -0.3295              -0.0000              -0.0000
[Row   4]               0.0000              -0.0000              -0.0000               0.1901               0.0000              -0.0000               0.0000               0.0000               0.5621              -0.0000
[Row   5]               0.0000               0.0000               0.0000               0.0000               0.1901               0.0000              -0.0000              -0.0000               0.0000               0.5621
[Row   6]               0.0180              -0.0237              -0.0292              -0.0000               0.0000               2.1138              -0.4745              -0.0465               0.0000               0.0000
[Row   7]              -0.0612               0.0401               0.0530               0.0000              -0.0000              -0.4745               2.0114               0.2849              -0.0000              -0.0000
[Row   8]               0.1736              -0.3617              -0.3295               0.0000              -0.0000              -0.0465               0.2849               1.7604              -0.0000              -0.0000
[Row   9]              -0.0000              -0.0000              -0.0000               0.5621               0.0000               0.0000              -0.0000              -0.0000               1.6623              -0.0000
[Row  10]              -0.0000               0.0000              -0.0000              -0.0000               0.5621               0.0000              -0.0000              -0.0000              -0.0000               1.6623
===== P_mu,nu psi4 =====

                  [Col  1]              [Col  2]              [Col  3]              [Col  4]              [Col  5]              [Col  6]              [Col  7]              [Col  8]              [Col  9]              [Col 10]
[Row   1]               1.9911               0.0184              -0.0558               0.0000               0.0000               0.0180              -0.0612               0.1736              -0.0000              -0.0000
[Row   2]               0.0184               0.0811               0.0726              -0.0000               0.0000              -0.0237               0.0401              -0.3617              -0.0000               0.0000
[Row   3]              -0.0558               0.0726               0.0677              -0.0000               0.0000              -0.0292               0.0530              -0.3295              -0.0000              -0.0000
[Row   4]               0.0000              -0.0000              -0.0000               0.1901               0.0000              -0.0000               0.0000               0.0000               0.5621              -0.0000
[Row   5]               0.0000               0.0000               0.0000               0.0000               0.1901               0.0000              -0.0000              -0.0000               0.0000               0.5621
[Row   6]               0.0180              -0.0237              -0.0292              -0.0000               0.0000               2.1138              -0.4745              -0.0465               0.0000               0.0000
[Row   7]              -0.0612               0.0401               0.0530               0.0000              -0.0000              -0.4745               2.0114               0.2849              -0.0000              -0.0000
[Row   8]               0.1736              -0.3617              -0.3295               0.0000              -0.0000              -0.0465               0.2849               1.7604              -0.0000              -0.0000
[Row   9]              -0.0000              -0.0000              -0.0000               0.5621               0.0000               0.0000              -0.0000              -0.0000               1.6623              -0.0000
[Row  10]              -0.0000               0.0000              -0.0000              -0.0000               0.5621               0.0000              -0.0000              -0.0000              -0.0000               1.6623
====== P^(AO) = SPS =====

                  [Col  1]              [Col  2]              [Col  3]              [Col  4]              [Col  5]              [Col  6]              [Col  7]              [Col  8]              [Col  9]              [Col 10]
[Row   1]               1.9983               0.5325              -0.0249               0.0000               0.0000               0.0005               0.0561              -0.0919               0.0000               0.0000
[Row   2]               0.5325               0.4262               0.3723               0.0000               0.0000               0.0506               0.6033              -0.4650               0.0000               0.0000
[Row   3]              -0.0249               0.3723               0.5211               0.0000               0.0000               0.0890               0.8923              -0.4477               0.0000               0.0000
[Row   4]               0.0000               0.0000               0.0000               0.3664               0.0000               0.0000               0.0000               0.0000               0.8151               0.0000
[Row   5]               0.0000               0.0000               0.0000               0.0000               0.3664               0.0000               0.0000               0.0000               0.0000               0.8151
[Row   6]               0.0005               0.0506               0.0890               0.0000               0.0000               1.9999               0.4766              -0.0026               0.0000               0.0000
[Row   7]               0.0561               0.6033               0.8923               0.0000               0.0000               0.4766               1.9939               0.0244               0.0000               0.0000
[Row   8]              -0.0919              -0.4650              -0.4477               0.0000               0.0000              -0.0026               0.0244               1.9014               0.0000               0.0000
[Row   9]               0.0000               0.0000               0.0000               0.8151               0.0000               0.0000               0.0000               0.0000               1.8132               0.0000
[Row  10]               0.0000               0.0000               0.0000               0.0000               0.8151               0.0000               0.0000               0.0000               0.0000               1.8132
====== S^(AO) = S =====

                  [Col  1]              [Col  2]              [Col  3]              [Col  4]              [Col  5]              [Col  6]              [Col  7]              [Col  8]              [Col  9]              [Col 10]
[Row   1]               1.0000               0.2411               0.0000               0.0000               0.0000               0.0002               0.0286              -0.0489               0.0000               0.0000
[Row   2]               0.2411               1.0000               0.0000               0.0000               0.0000               0.0280               0.2717              -0.0982               0.0000               0.0000
[Row   3]               0.0000               0.0000               1.0000               0.0000               0.0000               0.0483               0.4169              -0.1201               0.0000               0.0000
[Row   4]               0.0000               0.0000               0.0000               1.0000               0.0000               0.0000               0.0000               0.0000               0.1314               0.0000
[Row   5]               0.0000               0.0000               0.0000               0.0000               1.0000               0.0000               0.0000               0.0000               0.0000               0.1314
[Row   6]               0.0002               0.0280               0.0483               0.0000               0.0000               1.0000               0.2380               0.0000               0.0000               0.0000
[Row   7]               0.0286               0.2717               0.4169               0.0000               0.0000               0.2380               1.0000               0.0000               0.0000               0.0000
[Row   8]              -0.0489              -0.0982              -0.1201               0.0000               0.0000               0.0000               0.0000               1.0000               0.0000               0.0000
[Row   9]               0.0000               0.0000               0.0000               0.1314               0.0000               0.0000               0.0000               0.0000               1.0000               0.0000
[Row  10]               0.0000               0.0000               0.0000               0.0000               0.1314               0.0000               0.0000               0.0000               0.0000               1.0000
====== P^(AO) std gaussian m_l ordering SPS =====

                  [Col  1]              [Col  2]              [Col  3]              [Col  4]              [Col  5]              [Col  6]              [Col  7]              [Col  8]              [Col  9]              [Col 10]
[Row   1]               1.9983               0.5325               0.0000               0.0000              -0.0249               0.0005               0.0561               0.0000               0.0000              -0.0919
[Row   2]               0.5325               0.4262               0.0000               0.0000               0.3723               0.0506               0.6033               0.0000               0.0000              -0.4650
[Row   3]               0.0000               0.0000               0.3664               0.0000               0.0000               0.0000               0.0000               0.8151               0.0000               0.0000
[Row   4]               0.0000               0.0000               0.0000               0.3664               0.0000               0.0000               0.0000               0.0000               0.8151               0.0000
[Row   5]              -0.0249               0.3723               0.0000               0.0000               0.5211               0.0890               0.8923               0.0000               0.0000              -0.4477
[Row   6]               0.0005               0.0506               0.0000               0.0000               0.0890               1.9999               0.4766               0.0000               0.0000              -0.0026
[Row   7]               0.0561               0.6033               0.0000               0.0000               0.8923               0.4766               1.9939               0.0000               0.0000               0.0244
[Row   8]               0.0000               0.0000               0.8151               0.0000               0.0000               0.0000               0.0000               1.8132               0.0000               0.0000
[Row   9]               0.0000               0.0000               0.0000               0.8151               0.0000               0.0000               0.0000               0.0000               1.8132               0.0000
[Row  10]              -0.0919              -0.4650               0.0000               0.0000              -0.4477              -0.0026               0.0244               0.0000               0.0000               1.9014
====== S^(AO) std gaussian m_l ordering =====

                  [Col  1]              [Col  2]              [Col  3]              [Col  4]              [Col  5]              [Col  6]              [Col  7]              [Col  8]              [Col  9]              [Col 10]
[Row   1]               1.0000               0.2411               0.0000               0.0000               0.0000               0.0002               0.0286               0.0000               0.0000              -0.0489
[Row   2]               0.2411               1.0000               0.0000               0.0000               0.0000               0.0280               0.2717               0.0000               0.0000              -0.0982
[Row   3]               0.0000               0.0000               1.0000               0.0000               0.0000               0.0000               0.0000               0.1314               0.0000               0.0000
[Row   4]               0.0000               0.0000               0.0000               1.0000               0.0000               0.0000               0.0000               0.0000               0.1314               0.0000
[Row   5]               0.0000               0.0000               0.0000               0.0000               1.0000               0.0483               0.4169               0.0000               0.0000              -0.1201
[Row   6]               0.0002               0.0280               0.0000               0.0000               0.0483               1.0000               0.2380               0.0000               0.0000               0.0000
[Row   7]               0.0286               0.2717               0.0000               0.0000               0.4169               0.2380               1.0000               0.0000               0.0000               0.0000
[Row   8]               0.0000               0.0000               0.1314               0.0000               0.0000               0.0000               0.0000               1.0000               0.0000               0.0000
[Row   9]               0.0000               0.0000               0.0000               0.1314               0.0000               0.0000               0.0000               0.0000               1.0000               0.0000
[Row  10]              -0.0489              -0.0982               0.0000               0.0000              -0.1201               0.0000               0.0000               0.0000               0.0000               1.0000
===== After load P check zeros ===== 
 [[ 1.99827454e+00  5.32511299e-01  0.00000000e+00  0.00000000e+00
  -2.48970659e-02  4.87134306e-04  5.60544104e-02  0.00000000e+00
   0.00000000e+00 -9.18595714e-02]
 [ 5.32511299e-01  4.26222708e-01  0.00000000e+00  0.00000000e+00
   3.72258729e-01  5.05983127e-02  6.03330892e-01  0.00000000e+00
   0.00000000e+00 -4.64960380e-01]
 [ 0.00000000e+00  0.00000000e+00  3.66429749e-01  0.00000000e+00
   0.00000000e+00  0.00000000e+00  0.00000000e+00  8.15116380e-01
   0.00000000e+00  0.00000000e+00]
 [ 0.00000000e+00  0.00000000e+00  0.00000000e+00  3.66429749e-01
   0.00000000e+00  0.00000000e+00  0.00000000e+00  0.00000000e+00
   8.15116380e-01  0.00000000e+00]
 [-2.48970659e-02  3.72258729e-01  0.00000000e+00  0.00000000e+00
   5.21053390e-01  8.90420100e-02  8.92284614e-01  0.00000000e+00
   0.00000000e+00 -4.47658294e-01]
 [ 4.87134306e-04  5.05983127e-02  0.00000000e+00  0.00000000e+00
   8.90420100e-02  1.99992663e+00  4.76641002e-01  0.00000000e+00
   0.00000000e+00 -2.62271695e-03]
 [ 5.60544104e-02  6.03330892e-01  0.00000000e+00  0.00000000e+00
   8.92284614e-01  4.76641002e-01  1.99393283e+00  0.00000000e+00
   0.00000000e+00  2.43616250e-02]
 [ 0.00000000e+00  0.00000000e+00  8.15116380e-01  0.00000000e+00
   0.00000000e+00  0.00000000e+00  0.00000000e+00  1.81321171e+00
   0.00000000e+00  0.00000000e+00]
 [ 0.00000000e+00  0.00000000e+00  0.00000000e+00  8.15116380e-01
   0.00000000e+00  0.00000000e+00  0.00000000e+00  0.00000000e+00
   1.81321171e+00  0.00000000e+00]
 [-9.18595714e-02 -4.64960380e-01  0.00000000e+00  0.00000000e+00
  -4.47658294e-01 -2.62271695e-03  2.43616250e-02  0.00000000e+00
   0.00000000e+00  1.90137504e+00]]
lctrl 0 ntrue 2
lctrl 1 ntrue 3
lctrl 1
===== cA before average ===== 
 [[0.36642975 0.         0.        ]
 [0.         0.36642975 0.        ]
 [0.         0.         0.52105339]]
===== cB before average ===== 
 [[1. 0. 0.]
 [0. 1. 0.]
 [0. 0. 1.]]
===== cA after average ===== 
 [[0.36642975 0.         0.        ]
 [0.         0.36642975 0.        ]
 [0.         0.         0.52105339]]
===== cB after average ===== 
 [[1. 0. 0.]
 [0. 1. 0.]
 [0. 0. 1.]]
lctrl 0 ntrue 2
lctrl 1 ntrue 3
lctrl 1
===== cA before average ===== 
 [[1.81321171 0.         0.        ]
 [0.         1.81321171 0.        ]
 [0.         0.         1.90137504]]
===== cB before average ===== 
 [[1. 0. 0.]
 [0. 1. 0.]
 [0. 0. 1.]]
===== cA after average ===== 
 [[1.81321171 0.         0.        ]
 [0.         1.81321171 0.        ]
 [0.         0.         1.90137504]]
===== cB after average ===== 
 [[1. 0. 0.]
 [0. 1. 0.]
 [0. 0. 1.]]
N_functions in (iatom,l):( 0 0 ) block =  2
===== iatom,lblock eigvals ===== 0 0 
 [1.9998802  0.30162651]
===== iatom,lblock eigvecs ===== 0 0 
 [[-0.99188708  0.2790998 ]
 [-0.03168356 -1.02991885]]
N_functions in (iatom,l):( 0 1 ) block =  3
eigvecs before 
 [[0. 1. 0.]
 [0. 0. 1.]
 [1. 0. 0.]]
mlMap 
 [[0. 0. 1.]
 [1. 0. 0.]
 [0. 1. 0.]]
eigvecs after 
 [[1. 0. 0.]
 [0. 1. 0.]
 [0. 0. 1.]]
===== iatom,lblock eigvals ===== 0 1 
 [0.52105339 0.36642975 0.36642975]
===== iatom,lblock eigvecs ===== 0 1 
 [[1. 0. 0.]
 [0. 1. 0.]
 [0. 0. 1.]]
N_functions in (iatom,l):( 1 0 ) block =  2
===== iatom,lblock eigvals ===== 1 0 
 [1.99999878 1.99315838]
===== iatom,lblock eigvecs ===== 1 0 
 [[-0.96954876  0.34643179]
 [-0.10573518 -1.02413859]]
N_functions in (iatom,l):( 1 1 ) block =  3
eigvecs before 
 [[0. 0. 1.]
 [0. 1. 0.]
 [1. 0. 0.]]
mlMap 
 [[0. 0. 1.]
 [0. 1. 0.]
 [1. 0. 0.]]
eigvecs after 
 [[1. 0. 0.]
 [0. 1. 0.]
 [0. 0. 1.]]
===== iatom,lblock eigvals ===== 1 1 
 [1.90137504 1.81321171 1.81321171]
===== iatom,lblock eigvecs ===== 1 1 
 [[1. 0. 0.]
 [0. 1. 0.]
 [0. 0. 1.]]
===== W_pnao ===== 
 [1.9998802  0.30162651 0.52105339 0.36642975 0.36642975 1.99999878
 1.99315838 1.90137504 1.81321171 1.81321171]
===== N_avpnao =====

                  [Col  1]              [Col  2]              [Col  3]              [Col  4]              [Col  5]              [Col  6]              [Col  7]              [Col  8]              [Col  9]              [Col 10]
[Row   1]              -0.9919               0.2791               0.0000               0.0000               0.0000               0.0000               0.0000               0.0000               0.0000               0.0000
[Row   2]              -0.0317              -1.0299               0.0000               0.0000               0.0000               0.0000               0.0000               0.0000               0.0000               0.0000
[Row   3]               0.0000               0.0000               1.0000               0.0000               0.0000               0.0000               0.0000               0.0000               0.0000               0.0000
[Row   4]               0.0000               0.0000               0.0000               1.0000               0.0000               0.0000               0.0000               0.0000               0.0000               0.0000
[Row   5]               0.0000               0.0000               0.0000               0.0000               1.0000               0.0000               0.0000               0.0000               0.0000               0.0000
[Row   6]               0.0000               0.0000               0.0000               0.0000               0.0000              -0.9695               0.3464               0.0000               0.0000               0.0000
[Row   7]               0.0000               0.0000               0.0000               0.0000               0.0000              -0.1057              -1.0241               0.0000               0.0000               0.0000
[Row   8]               0.0000               0.0000               0.0000               0.0000               0.0000               0.0000               0.0000               1.0000               0.0000               0.0000
[Row   9]               0.0000               0.0000               0.0000               0.0000               0.0000               0.0000               0.0000               0.0000               1.0000               0.0000
[Row  10]               0.0000               0.0000               0.0000               0.0000               0.0000               0.0000               0.0000               0.0000               0.0000               1.0000
N_functions in (iatom,l):( 0 0 ) block =  2
===== iatom,lblock eigvals ===== 0 0 
 [1.9998802  0.30162651]
===== iatom,lblock eigvecs ===== 0 0 
 [[-0.99188708  0.2790998 ]
 [-0.03168356 -1.02991885]]
N_functions in (iatom,l):( 0 1 ) block =  3
eigvecs before 
 [[0. 1. 0.]
 [0. 0. 1.]
 [1. 0. 0.]]
mlMap 
 [[0. 0. 1.]
 [1. 0. 0.]
 [0. 1. 0.]]
eigvecs after 
 [[1. 0. 0.]
 [0. 1. 0.]
 [0. 0. 1.]]
===== iatom,lblock eigvals ===== 0 1 
 [0.52105339 0.36642975 0.36642975]
===== iatom,lblock eigvecs ===== 0 1 
 [[1. 0. 0.]
 [0. 1. 0.]
 [0. 0. 1.]]
N_functions in (iatom,l):( 1 0 ) block =  2
===== iatom,lblock eigvals ===== 1 0 
 [1.99999878 1.99315838]
===== iatom,lblock eigvecs ===== 1 0 
 [[-0.96954876  0.34643179]
 [-0.10573518 -1.02413859]]
N_functions in (iatom,l):( 1 1 ) block =  3
eigvecs before 
 [[0. 0. 1.]
 [0. 1. 0.]
 [1. 0. 0.]]
mlMap 
 [[0. 0. 1.]
 [0. 1. 0.]
 [1. 0. 0.]]
eigvecs after 
 [[1. 0. 0.]
 [0. 1. 0.]
 [0. 0. 1.]]
===== iatom,lblock eigvals ===== 1 1 
 [1.90137504 1.81321171 1.81321171]
===== iatom,lblock eigvecs ===== 1 1 
 [[1. 0. 0.]
 [0. 1. 0.]
 [0. 0. 1.]]
N_functions in (iatom,l):( 0 0 ) block =  2
===== iatom,lblock eigvals ===== 0 0 
 [1.9998802  0.30162651]
===== iatom,lblock eigvecs ===== 0 0 
 [[-0.99188708  0.2790998 ]
 [-0.03168356 -1.02991885]]
N_functions in (iatom,l):( 0 1 ) block =  3
eigvecs before 
 [[0. 1. 0.]
 [0. 0. 1.]
 [1. 0. 0.]]
mlMap 
 [[0. 0. 1.]
 [1. 0. 0.]
 [0. 1. 0.]]
eigvecs after 
 [[1. 0. 0.]
 [0. 1. 0.]
 [0. 0. 1.]]
===== iatom,lblock eigvals ===== 0 1 
 [0.52105339 0.36642975 0.36642975]
===== iatom,lblock eigvecs ===== 0 1 
 [[1. 0. 0.]
 [0. 1. 0.]
 [0. 0. 1.]]
N_functions in (iatom,l):( 1 0 ) block =  2
===== iatom,lblock eigvals ===== 1 0 
 [1.99999878 1.99315838]
===== iatom,lblock eigvecs ===== 1 0 
 [[-0.96954876  0.34643179]
 [-0.10573518 -1.02413859]]
N_functions in (iatom,l):( 1 1 ) block =  3
eigvecs before 
 [[0. 0. 1.]
 [0. 1. 0.]
 [1. 0. 0.]]
mlMap 
 [[0. 0. 1.]
 [0. 1. 0.]
 [1. 0. 0.]]
eigvecs after 
 [[1. 0. 0.]
 [0. 1. 0.]
 [0. 0. 1.]]
===== iatom,lblock eigvals ===== 1 1 
 [1.90137504 1.81321171 1.81321171]
===== iatom,lblock eigvecs ===== 1 1 
 [[1. 0. 0.]
 [0. 1. 0.]
 [0. 0. 1.]]
eigvalP_aoao 
 [1.9998802  0.30162651 0.52105339 0.36642975 0.36642975 1.99999878
 1.99315838 1.90137504 1.81321171 1.81321171]
eigvalP_avav 
 [1.9998802  0.30162651 0.52105339 0.36642975 0.36642975 1.99999878
 1.99315838 1.90137504 1.81321171 1.81321171]
===== eigvecP_aoao =====

                  [Col  1]              [Col  2]              [Col  3]              [Col  4]              [Col  5]              [Col  6]              [Col  7]              [Col  8]              [Col  9]              [Col 10]
[Row   1]              -0.9919               0.2791               0.0000               0.0000               0.0000               0.0000               0.0000               0.0000               0.0000               0.0000
[Row   2]              -0.0317              -1.0299               0.0000               0.0000               0.0000               0.0000               0.0000               0.0000               0.0000               0.0000
[Row   3]               0.0000               0.0000               1.0000               0.0000               0.0000               0.0000               0.0000               0.0000               0.0000               0.0000
[Row   4]               0.0000               0.0000               0.0000               1.0000               0.0000               0.0000               0.0000               0.0000               0.0000               0.0000
[Row   5]               0.0000               0.0000               0.0000               0.0000               1.0000               0.0000               0.0000               0.0000               0.0000               0.0000
[Row   6]               0.0000               0.0000               0.0000               0.0000               0.0000              -0.9695               0.3464               0.0000               0.0000               0.0000
[Row   7]               0.0000               0.0000               0.0000               0.0000               0.0000              -0.1057              -1.0241               0.0000               0.0000               0.0000
[Row   8]               0.0000               0.0000               0.0000               0.0000               0.0000               0.0000               0.0000               1.0000               0.0000               0.0000
[Row   9]               0.0000               0.0000               0.0000               0.0000               0.0000               0.0000               0.0000               0.0000               1.0000               0.0000
[Row  10]               0.0000               0.0000               0.0000               0.0000               0.0000               0.0000               0.0000               0.0000               0.0000               1.0000
===== eigvecP_avav =====

                  [Col  1]              [Col  2]              [Col  3]              [Col  4]              [Col  5]              [Col  6]              [Col  7]              [Col  8]              [Col  9]              [Col 10]
[Row   1]              -0.9919               0.2791               0.0000               0.0000               0.0000               0.0000               0.0000               0.0000               0.0000               0.0000
[Row   2]              -0.0317              -1.0299               0.0000               0.0000               0.0000               0.0000               0.0000               0.0000               0.0000               0.0000
[Row   3]               0.0000               0.0000               1.0000               0.0000               0.0000               0.0000               0.0000               0.0000               0.0000               0.0000
[Row   4]               0.0000               0.0000               0.0000               1.0000               0.0000               0.0000               0.0000               0.0000               0.0000               0.0000
[Row   5]               0.0000               0.0000               0.0000               0.0000               1.0000               0.0000               0.0000               0.0000               0.0000               0.0000
[Row   6]               0.0000               0.0000               0.0000               0.0000               0.0000              -0.9695               0.3464               0.0000               0.0000               0.0000
[Row   7]               0.0000               0.0000               0.0000               0.0000               0.0000              -0.1057              -1.0241               0.0000               0.0000               0.0000
[Row   8]               0.0000               0.0000               0.0000               0.0000               0.0000               0.0000               0.0000               1.0000               0.0000               0.0000
[Row   9]               0.0000               0.0000               0.0000               0.0000               0.0000               0.0000               0.0000               0.0000               1.0000               0.0000
[Row  10]               0.0000               0.0000               0.0000               0.0000               0.0000               0.0000               0.0000               0.0000               0.0000               1.0000
===== T1 =====

                  [Col  1]              [Col  2]              [Col  3]              [Col  4]              [Col  5]              [Col  6]              [Col  7]              [Col  8]              [Col  9]              [Col 10]
[Row   1]               1.0000               0.0000               0.0000               0.0000               0.0000               0.0000               0.0000               0.0000               0.0000               0.0000
[Row   2]               0.0000               1.0000               0.0000               0.0000               0.0000               0.0000               0.0000               0.0000               0.0000               0.0000
[Row   3]               0.0000               0.0000               1.0000               0.0000               0.0000               0.0000               0.0000               0.0000               0.0000               0.0000
[Row   4]               0.0000               0.0000               0.0000               1.0000               0.0000               0.0000               0.0000               0.0000               0.0000               0.0000
[Row   5]               0.0000               0.0000               0.0000               0.0000               1.0000               0.0000               0.0000               0.0000               0.0000               0.0000
[Row   6]               0.0000               0.0000               0.0000               0.0000               0.0000               1.0000               0.0000               0.0000               0.0000               0.0000
[Row   7]               0.0000               0.0000               0.0000               0.0000               0.0000               0.0000               1.0000               0.0000               0.0000               0.0000
[Row   8]               0.0000               0.0000               0.0000               0.0000               0.0000               0.0000               0.0000               1.0000               0.0000               0.0000
[Row   9]               0.0000               0.0000               0.0000               0.0000               0.0000               0.0000               0.0000               0.0000               1.0000               0.0000
[Row  10]               0.0000               0.0000               0.0000               0.0000               0.0000               0.0000               0.0000               0.0000               0.0000               1.0000
===== invT1*T1 =====

                  [Col  1]              [Col  2]              [Col  3]              [Col  4]              [Col  5]              [Col  6]              [Col  7]              [Col  8]              [Col  9]              [Col 10]
[Row   1]               1.0000               0.0000               0.0000               0.0000               0.0000               0.0000               0.0000               0.0000               0.0000               0.0000
[Row   2]               0.0000               1.0000               0.0000               0.0000               0.0000               0.0000               0.0000               0.0000               0.0000               0.0000
[Row   3]               0.0000               0.0000               1.0000               0.0000               0.0000               0.0000               0.0000               0.0000               0.0000               0.0000
[Row   4]               0.0000               0.0000               0.0000               1.0000               0.0000               0.0000               0.0000               0.0000               0.0000               0.0000
[Row   5]               0.0000               0.0000               0.0000               0.0000               1.0000               0.0000               0.0000               0.0000               0.0000               0.0000
[Row   6]               0.0000               0.0000               0.0000               0.0000               0.0000               1.0000               0.0000               0.0000               0.0000               0.0000
[Row   7]               0.0000               0.0000               0.0000               0.0000               0.0000               0.0000               1.0000               0.0000               0.0000               0.0000
[Row   8]               0.0000               0.0000               0.0000               0.0000               0.0000               0.0000               0.0000               1.0000               0.0000               0.0000
[Row   9]               0.0000               0.0000               0.0000               0.0000               0.0000               0.0000               0.0000               0.0000               1.0000               0.0000
[Row  10]               0.0000               0.0000               0.0000               0.0000               0.0000               0.0000               0.0000               0.0000               0.0000               1.0000
===== Trial P_aoao -> P_avav =====

                  [Col  1]              [Col  2]              [Col  3]              [Col  4]              [Col  5]              [Col  6]              [Col  7]              [Col  8]              [Col  9]              [Col 10]
[Row   1]               1.9983               0.5325               0.0000               0.0000              -0.0249               0.0005               0.0561               0.0000               0.0000              -0.0919
[Row   2]               0.5325               0.4262               0.0000               0.0000               0.3723               0.0506               0.6033               0.0000               0.0000              -0.4650
[Row   3]               0.0000               0.0000               0.3664               0.0000               0.0000               0.0000               0.0000               0.8151               0.0000               0.0000
[Row   4]               0.0000               0.0000               0.0000               0.3664               0.0000               0.0000               0.0000               0.0000               0.8151               0.0000
[Row   5]              -0.0249               0.3723               0.0000               0.0000               0.5211               0.0890               0.8923               0.0000               0.0000              -0.4477
[Row   6]               0.0005               0.0506               0.0000               0.0000               0.0890               1.9999               0.4766               0.0000               0.0000              -0.0026
[Row   7]               0.0561               0.6033               0.0000               0.0000               0.8923               0.4766               1.9939               0.0000               0.0000               0.0244
[Row   8]               0.0000               0.0000               0.8151               0.0000               0.0000               0.0000               0.0000               1.8132               0.0000               0.0000
[Row   9]               0.0000               0.0000               0.0000               0.8151               0.0000               0.0000               0.0000               0.0000               1.8132               0.0000
[Row  10]              -0.0919              -0.4650               0.0000               0.0000              -0.4477              -0.0026               0.0244               0.0000               0.0000               1.9014
===== P_avav =====

                  [Col  1]              [Col  2]              [Col  3]              [Col  4]              [Col  5]              [Col  6]              [Col  7]              [Col  8]              [Col  9]              [Col 10]
[Row   1]               1.9983               0.5325               0.0000               0.0000              -0.0249               0.0005               0.0561               0.0000               0.0000              -0.0919
[Row   2]               0.5325               0.4262               0.0000               0.0000               0.3723               0.0506               0.6033               0.0000               0.0000              -0.4650
[Row   3]               0.0000               0.0000               0.3664               0.0000               0.0000               0.0000               0.0000               0.8151               0.0000               0.0000
[Row   4]               0.0000               0.0000               0.0000               0.3664               0.0000               0.0000               0.0000               0.0000               0.8151               0.0000
[Row   5]              -0.0249               0.3723               0.0000               0.0000               0.5211               0.0890               0.8923               0.0000               0.0000              -0.4477
[Row   6]               0.0005               0.0506               0.0000               0.0000               0.0890               1.9999               0.4766               0.0000               0.0000              -0.0026
[Row   7]               0.0561               0.6033               0.0000               0.0000               0.8923               0.4766               1.9939               0.0000               0.0000               0.0244
[Row   8]               0.0000               0.0000               0.8151               0.0000               0.0000               0.0000               0.0000               1.8132               0.0000               0.0000
[Row   9]               0.0000               0.0000               0.0000               0.8151               0.0000               0.0000               0.0000               0.0000               1.8132               0.0000
[Row  10]              -0.0919              -0.4650               0.0000               0.0000              -0.4477              -0.0026               0.0244               0.0000               0.0000               1.9014
===== Trial S_aoao -> S_avav =====

                  [Col  1]              [Col  2]              [Col  3]              [Col  4]              [Col  5]              [Col  6]              [Col  7]              [Col  8]              [Col  9]              [Col 10]
[Row   1]               1.0000               0.2411               0.0000               0.0000               0.0000               0.0002               0.0286               0.0000               0.0000              -0.0489
[Row   2]               0.2411               1.0000               0.0000               0.0000               0.0000               0.0280               0.2717               0.0000               0.0000              -0.0982
[Row   3]               0.0000               0.0000               1.0000               0.0000               0.0000               0.0000               0.0000               0.1314               0.0000               0.0000
[Row   4]               0.0000               0.0000               0.0000               1.0000               0.0000               0.0000               0.0000               0.0000               0.1314               0.0000
[Row   5]               0.0000               0.0000               0.0000               0.0000               1.0000               0.0483               0.4169               0.0000               0.0000              -0.1201
[Row   6]               0.0002               0.0280               0.0000               0.0000               0.0483               1.0000               0.2380               0.0000               0.0000               0.0000
[Row   7]               0.0286               0.2717               0.0000               0.0000               0.4169               0.2380               1.0000               0.0000               0.0000               0.0000
[Row   8]               0.0000               0.0000               0.1314               0.0000               0.0000               0.0000               0.0000               1.0000               0.0000               0.0000
[Row   9]               0.0000               0.0000               0.0000               0.1314               0.0000               0.0000               0.0000               0.0000               1.0000               0.0000
[Row  10]              -0.0489              -0.0982               0.0000               0.0000              -0.1201               0.0000               0.0000               0.0000               0.0000               1.0000
===== S_avav =====

                  [Col  1]              [Col  2]              [Col  3]              [Col  4]              [Col  5]              [Col  6]              [Col  7]              [Col  8]              [Col  9]              [Col 10]
[Row   1]               1.0000               0.2411               0.0000               0.0000               0.0000               0.0002               0.0286               0.0000               0.0000              -0.0489
[Row   2]               0.2411               1.0000               0.0000               0.0000               0.0000               0.0280               0.2717               0.0000               0.0000              -0.0982
[Row   3]               0.0000               0.0000               1.0000               0.0000               0.0000               0.0000               0.0000               0.1314               0.0000               0.0000
[Row   4]               0.0000               0.0000               0.0000               1.0000               0.0000               0.0000               0.0000               0.0000               0.1314               0.0000
[Row   5]               0.0000               0.0000               0.0000               0.0000               1.0000               0.0483               0.4169               0.0000               0.0000              -0.1201
[Row   6]               0.0002               0.0280               0.0000               0.0000               0.0483               1.0000               0.2380               0.0000               0.0000               0.0000
[Row   7]               0.0286               0.2717               0.0000               0.0000               0.4169               0.2380               1.0000               0.0000               0.0000               0.0000
[Row   8]               0.0000               0.0000               0.1314               0.0000               0.0000               0.0000               0.0000               1.0000               0.0000               0.0000
[Row   9]               0.0000               0.0000               0.0000               0.1314               0.0000               0.0000               0.0000               0.0000               1.0000               0.0000
[Row  10]              -0.0489              -0.0982               0.0000               0.0000              -0.1201               0.0000               0.0000               0.0000               0.0000               1.0000
===== Spnao =====

                  [Col  1]              [Col  2]              [Col  3]              [Col  4]              [Col  5]              [Col  6]              [Col  7]              [Col  8]              [Col  9]              [Col 10]
[Row   1]               1.0000              -0.0000               0.0000               0.0000               0.0000               0.0050               0.0375               0.0000               0.0000               0.0517
[Row   2]              -0.0000               1.0000               0.0000               0.0000               0.0000               0.0566               0.2685               0.0000               0.0000               0.0875
[Row   3]               0.0000               0.0000               1.0000               0.0000               0.0000               0.0000               0.0000               0.1314               0.0000               0.0000
[Row   4]               0.0000               0.0000               0.0000               1.0000               0.0000               0.0000               0.0000               0.0000               0.1314               0.0000
[Row   5]               0.0000               0.0000               0.0000               0.0000               1.0000              -0.0909              -0.4103               0.0000               0.0000              -0.1201
[Row   6]               0.0050               0.0566               0.0000               0.0000              -0.0909               1.0000               0.0000               0.0000               0.0000               0.0000
[Row   7]               0.0375               0.2685               0.0000               0.0000              -0.4103               0.0000               1.0000               0.0000               0.0000               0.0000
[Row   8]               0.0000               0.0000               0.1314               0.0000               0.0000               0.0000               0.0000               1.0000               0.0000               0.0000
[Row   9]               0.0000               0.0000               0.0000               0.1314               0.0000               0.0000               0.0000               0.0000               1.0000               0.0000
[Row  10]               0.0517               0.0875               0.0000               0.0000              -0.1201               0.0000               0.0000               0.0000               0.0000               1.0000
===== Ppnao =====

                  [Col  1]              [Col  2]              [Col  3]              [Col  4]              [Col  5]              [Col  6]              [Col  7]              [Col  8]              [Col  9]              [Col 10]
[Row   1]               1.9999               0.0000               0.0000               0.0000               0.0129               0.0099               0.0758               0.0000               0.0000               0.1058
[Row   2]               0.0000               0.3016               0.0000               0.0000              -0.3903               0.1144               0.6024               0.0000               0.0000               0.4532
[Row   3]               0.0000               0.0000               0.3664               0.0000               0.0000               0.0000               0.0000               0.8151               0.0000               0.0000
[Row   4]               0.0000               0.0000               0.0000               0.3664               0.0000               0.0000               0.0000               0.0000               0.8151               0.0000
[Row   5]               0.0129              -0.3903               0.0000               0.0000               0.5211              -0.1807              -0.8830               0.0000               0.0000              -0.4477
[Row   6]               0.0099               0.1144               0.0000               0.0000              -0.1807               2.0000               0.0000               0.0000               0.0000              -0.0000
[Row   7]               0.0758               0.6024               0.0000               0.0000              -0.8830               0.0000               1.9932               0.0000               0.0000              -0.0259
[Row   8]               0.0000               0.0000               0.8151               0.0000               0.0000               0.0000               0.0000               1.8132               0.0000               0.0000
[Row   9]               0.0000               0.0000               0.0000               0.8151               0.0000               0.0000               0.0000               0.0000               1.8132               0.0000
[Row  10]               0.1058               0.4532               0.0000               0.0000              -0.4477              -0.0000              -0.0259               0.0000               0.0000               1.9014
