molecule mol28.xyz
System:, atNum: 8 coords [0.         0.         0.93164065]
System:, atNum: 6 coords [ 0.         0.        -1.2421869]
===== Original AO-S matrix =====

                  [Col  1]              [Col  2]              [Col  3]              [Col  4]              [Col  5]              [Col  6]              [Col  7]              [Col  8]              [Col  9]              [Col 10]
[Row   1]               1.0000               0.2367              -0.0000               0.0000               0.0000               0.0000               0.0425               0.0720               0.0000               0.0000
[Row   2]               0.2367               1.0000               0.0000               0.0000               0.0000               0.0443               0.3988               0.4718               0.0000               0.0000
[Row   3]              -0.0000               0.0000               1.0000               0.0000               0.0000              -0.0736              -0.3406              -0.3117               0.0000               0.0000
[Row   4]               0.0000               0.0000               0.0000               1.0000               0.0000               0.0000               0.0000               0.0000               0.2388               0.0000
[Row   5]               0.0000               0.0000               0.0000               0.0000               1.0000               0.0000               0.0000               0.0000               0.0000               0.2388
[Row   6]               0.0000               0.0443              -0.0736               0.0000               0.0000               1.0000               0.2484              -0.0000               0.0000               0.0000
[Row   7]               0.0425               0.3988              -0.3406               0.0000               0.0000               0.2484               1.0000               0.0000               0.0000               0.0000
[Row   8]               0.0720               0.4718              -0.3117               0.0000               0.0000              -0.0000               0.0000               1.0000               0.0000               0.0000
[Row   9]               0.0000               0.0000               0.0000               0.2388               0.0000               0.0000               0.0000               0.0000               1.0000               0.0000
[Row  10]               0.0000               0.0000               0.0000               0.0000               0.2388               0.0000               0.0000               0.0000               0.0000               1.0000
nbas 10
 ===== CA ===== 

                  [Col  1]              [Col  2]              [Col  3]              [Col  4]              [Col  5]              [Col  6]              [Col  7]              [Col  8]              [Col  9]              [Col 10]
[Row   1]               0.9942               0.0001               0.2226               0.1316              -0.0000              -0.0000               0.0021               0.0000              -0.0000               0.1259
[Row   2]               0.0272               0.0068              -0.7718              -0.6415               0.0000               0.0000              -0.0522              -0.0000               0.0000              -1.0290
[Row   3]              -0.0065              -0.0013               0.2084              -0.6110               0.0000              -0.0000              -0.4475               0.0000               0.0000               0.9555
[Row   4]              -0.0000               0.0000               0.0000               0.0000              -0.0000               0.7951              -0.0000               0.6544               0.0000              -0.0000
[Row   5]              -0.0000               0.0000              -0.0000               0.0000               0.7951               0.0000               0.0000              -0.0000               0.6544               0.0000
[Row   6]               0.0004              -0.9936               0.1231              -0.1706              -0.0000               0.0000               0.1645              -0.0000              -0.0000              -0.1225
[Row   7]              -0.0082              -0.0262              -0.2446               0.5646              -0.0000              -0.0000              -0.7439               0.0000              -0.0000               0.9275
[Row   8]              -0.0071              -0.0068              -0.1656               0.0640              -0.0000               0.0000               0.5753               0.0000              -0.0000               1.1996
[Row   9]              -0.0000               0.0000               0.0000               0.0000              -0.0000               0.4456              -0.0000              -0.9284               0.0000               0.0000
[Row  10]               0.0000              -0.0000               0.0000              -0.0000               0.4456              -0.0000              -0.0000               0.0000              -0.9284              -0.0000
 ===== CB ===== 

                  [Col  1]              [Col  2]              [Col  3]              [Col  4]              [Col  5]              [Col  6]              [Col  7]              [Col  8]              [Col  9]              [Col 10]
[Row   1]               0.9942               0.0001               0.2226               0.1316              -0.0000              -0.0000               0.0021               0.0000              -0.0000               0.1259
[Row   2]               0.0272               0.0068              -0.7718              -0.6415               0.0000               0.0000              -0.0522              -0.0000               0.0000              -1.0290
[Row   3]              -0.0065              -0.0013               0.2084              -0.6110               0.0000              -0.0000              -0.4475               0.0000               0.0000               0.9555
[Row   4]              -0.0000               0.0000               0.0000               0.0000              -0.0000               0.7951              -0.0000               0.6544               0.0000              -0.0000
[Row   5]              -0.0000               0.0000              -0.0000               0.0000               0.7951               0.0000               0.0000              -0.0000               0.6544               0.0000
[Row   6]               0.0004              -0.9936               0.1231              -0.1706              -0.0000               0.0000               0.1645              -0.0000              -0.0000              -0.1225
[Row   7]              -0.0082              -0.0262              -0.2446               0.5646              -0.0000              -0.0000              -0.7439               0.0000              -0.0000               0.9275
[Row   8]              -0.0071              -0.0068              -0.1656               0.0640              -0.0000               0.0000               0.5753               0.0000              -0.0000               1.1996
[Row   9]              -0.0000               0.0000               0.0000               0.0000              -0.0000               0.4456              -0.0000              -0.9284               0.0000               0.0000
[Row  10]               0.0000              -0.0000               0.0000              -0.0000               0.4456              -0.0000              -0.0000               0.0000              -0.9284              -0.0000
 ===== P_psi ===== Dalpha+Dbeta 

                  [Col  1]              [Col  2]              [Col  3]              [Col  4]              [Col  5]              [Col  6]              [Col  7]              [Col  8]              [Col  9]              [Col 10]
[Row   1]               2.1106              -0.4585              -0.0828              -0.0000              -0.0000               0.0112               0.0203              -0.0685              -0.0000               0.0000
[Row   2]              -0.4585               2.0214               0.5085               0.0000               0.0000              -0.0019              -0.2700               0.1129               0.0000               0.0000
[Row   3]              -0.0828               0.5085               1.2342              -0.0000              -0.0000               0.1151              -0.1259              -0.6620               0.0000               0.0000
[Row   4]              -0.0000               0.0000              -0.0000               1.2644               0.0000               0.0000              -0.0000              -0.0000               0.7086              -0.0000
[Row   5]              -0.0000               0.0000              -0.0000               0.0000               1.2644              -0.0000              -0.0000              -0.0000               0.0000               0.7086
[Row   6]               0.0112              -0.0019               0.1151               0.0000              -0.0000               2.1172              -0.4455               0.1401               0.0000              -0.0000
[Row   7]               0.0203              -0.2700              -0.1259              -0.0000              -0.0000              -0.4455               1.8655              -0.7022              -0.0000              -0.0000
[Row   8]              -0.0685               0.1129              -0.6620              -0.0000              -0.0000               0.1401              -0.7022               0.7251              -0.0000              -0.0000
[Row   9]              -0.0000               0.0000               0.0000               0.7086               0.0000               0.0000              -0.0000              -0.0000               0.3972              -0.0000
[Row  10]               0.0000               0.0000               0.0000              -0.0000               0.7086              -0.0000              -0.0000              -0.0000              -0.0000               0.3972
===== P_mu,nu local =====

                  [Col  1]              [Col  2]              [Col  3]              [Col  4]              [Col  5]              [Col  6]              [Col  7]              [Col  8]              [Col  9]              [Col 10]
[Row   1]               2.1106              -0.4585              -0.0828              -0.0000              -0.0000               0.0112               0.0203              -0.0685              -0.0000               0.0000
[Row   2]              -0.4585               2.0214               0.5085               0.0000               0.0000              -0.0019              -0.2700               0.1129               0.0000               0.0000
[Row   3]              -0.0828               0.5085               1.2342              -0.0000              -0.0000               0.1151              -0.1259              -0.6620               0.0000               0.0000
[Row   4]              -0.0000               0.0000              -0.0000               1.2644               0.0000               0.0000              -0.0000              -0.0000               0.7086              -0.0000
[Row   5]              -0.0000               0.0000              -0.0000               0.0000               1.2644              -0.0000              -0.0000              -0.0000               0.0000               0.7086
[Row   6]               0.0112              -0.0019               0.1151               0.0000              -0.0000               2.1172              -0.4455               0.1401               0.0000              -0.0000
[Row   7]               0.0203              -0.2700              -0.1259              -0.0000              -0.0000              -0.4455               1.8655              -0.7022              -0.0000              -0.0000
[Row   8]              -0.0685               0.1129              -0.6620              -0.0000              -0.0000               0.1401              -0.7022               0.7251              -0.0000              -0.0000
[Row   9]              -0.0000               0.0000               0.0000               0.7086               0.0000               0.0000              -0.0000              -0.0000               0.3972              -0.0000
[Row  10]               0.0000               0.0000               0.0000              -0.0000               0.7086              -0.0000              -0.0000              -0.0000              -0.0000               0.3972
===== P_mu,nu psi4 =====

                  [Col  1]              [Col  2]              [Col  3]              [Col  4]              [Col  5]              [Col  6]              [Col  7]              [Col  8]              [Col  9]              [Col 10]
[Row   1]               2.1106              -0.4585              -0.0828              -0.0000              -0.0000               0.0112               0.0203              -0.0685              -0.0000               0.0000
[Row   2]              -0.4585               2.0214               0.5085               0.0000               0.0000              -0.0019              -0.2700               0.1129               0.0000               0.0000
[Row   3]              -0.0828               0.5085               1.2342              -0.0000              -0.0000               0.1151              -0.1259              -0.6620               0.0000               0.0000
[Row   4]              -0.0000               0.0000              -0.0000               1.2644               0.0000               0.0000              -0.0000              -0.0000               0.7086              -0.0000
[Row   5]              -0.0000               0.0000              -0.0000               0.0000               1.2644              -0.0000              -0.0000              -0.0000               0.0000               0.7086
[Row   6]               0.0112              -0.0019               0.1151               0.0000              -0.0000               2.1172              -0.4455               0.1401               0.0000              -0.0000
[Row   7]               0.0203              -0.2700              -0.1259              -0.0000              -0.0000              -0.4455               1.8655              -0.7022              -0.0000              -0.0000
[Row   8]              -0.0685               0.1129              -0.6620              -0.0000              -0.0000               0.1401              -0.7022               0.7251              -0.0000              -0.0000
[Row   9]              -0.0000               0.0000               0.0000               0.7086               0.0000               0.0000              -0.0000              -0.0000               0.3972              -0.0000
[Row  10]               0.0000               0.0000               0.0000              -0.0000               0.7086              -0.0000              -0.0000              -0.0000              -0.0000               0.3972
====== P^(AO) = SPS =====

                  [Col  1]              [Col  2]              [Col  3]              [Col  4]              [Col  5]              [Col  6]              [Col  7]              [Col  8]              [Col  9]              [Col 10]
[Row   1]               1.9999               0.4745              -0.0044               0.0000               0.0000               0.0001               0.0822               0.1372               0.0000               0.0000
[Row   2]               0.4745               1.9905               0.0378               0.0000               0.0000               0.0876               0.8205               1.0022               0.0000               0.0000
[Row   3]              -0.0044               0.0378               1.8490               0.0000               0.0000              -0.1428              -0.7728              -0.8570               0.0000               0.0000
[Row   4]               0.0000               0.0000               0.0000               1.6255               0.0000               0.0000               0.0000               0.0000               1.1458               0.0000
[Row   5]               0.0000               0.0000               0.0000               0.0000               1.6255               0.0000               0.0000               0.0000               0.0000               1.1458
[Row   6]               0.0001               0.0876              -0.1428               0.0000               0.0000               1.9999               0.4994               0.0069               0.0000               0.0000
[Row   7]               0.0822               0.8205              -0.7728               0.0000               0.0000               0.4994               1.9445              -0.1417               0.0000               0.0000
[Row   8]               0.1372               1.0022              -0.8570               0.0000               0.0000               0.0069              -0.1417               1.6383               0.0000               0.0000
[Row   9]               0.0000               0.0000               0.0000               1.1458               0.0000               0.0000               0.0000               0.0000               0.8077               0.0000
[Row  10]               0.0000               0.0000               0.0000               0.0000               1.1458               0.0000               0.0000               0.0000               0.0000               0.8077
====== S^(AO) = S =====

                  [Col  1]              [Col  2]              [Col  3]              [Col  4]              [Col  5]              [Col  6]              [Col  7]              [Col  8]              [Col  9]              [Col 10]
[Row   1]               1.0000               0.2367               0.0000               0.0000               0.0000               0.0000               0.0425               0.0720               0.0000               0.0000
[Row   2]               0.2367               1.0000               0.0000               0.0000               0.0000               0.0443               0.3988               0.4718               0.0000               0.0000
[Row   3]               0.0000               0.0000               1.0000               0.0000               0.0000              -0.0736              -0.3406              -0.3117               0.0000               0.0000
[Row   4]               0.0000               0.0000               0.0000               1.0000               0.0000               0.0000               0.0000               0.0000               0.2388               0.0000
[Row   5]               0.0000               0.0000               0.0000               0.0000               1.0000               0.0000               0.0000               0.0000               0.0000               0.2388
[Row   6]               0.0000               0.0443              -0.0736               0.0000               0.0000               1.0000               0.2484               0.0000               0.0000               0.0000
[Row   7]               0.0425               0.3988              -0.3406               0.0000               0.0000               0.2484               1.0000               0.0000               0.0000               0.0000
[Row   8]               0.0720               0.4718              -0.3117               0.0000               0.0000               0.0000               0.0000               1.0000               0.0000               0.0000
[Row   9]               0.0000               0.0000               0.0000               0.2388               0.0000               0.0000               0.0000               0.0000               1.0000               0.0000
[Row  10]               0.0000               0.0000               0.0000               0.0000               0.2388               0.0000               0.0000               0.0000               0.0000               1.0000
====== P^(AO) std gaussian m_l ordering SPS =====

                  [Col  1]              [Col  2]              [Col  3]              [Col  4]              [Col  5]              [Col  6]              [Col  7]              [Col  8]              [Col  9]              [Col 10]
[Row   1]               1.9999               0.4745               0.0000               0.0000              -0.0044               0.0001               0.0822               0.0000               0.0000               0.1372
[Row   2]               0.4745               1.9905               0.0000               0.0000               0.0378               0.0876               0.8205               0.0000               0.0000               1.0022
[Row   3]               0.0000               0.0000               1.6255               0.0000               0.0000               0.0000               0.0000               1.1458               0.0000               0.0000
[Row   4]               0.0000               0.0000               0.0000               1.6255               0.0000               0.0000               0.0000               0.0000               1.1458               0.0000
[Row   5]              -0.0044               0.0378               0.0000               0.0000               1.8490              -0.1428              -0.7728               0.0000               0.0000              -0.8570
[Row   6]               0.0001               0.0876               0.0000               0.0000              -0.1428               1.9999               0.4994               0.0000               0.0000               0.0069
[Row   7]               0.0822               0.8205               0.0000               0.0000              -0.7728               0.4994               1.9445               0.0000               0.0000              -0.1417
[Row   8]               0.0000               0.0000               1.1458               0.0000               0.0000               0.0000               0.0000               0.8077               0.0000               0.0000
[Row   9]               0.0000               0.0000               0.0000               1.1458               0.0000               0.0000               0.0000               0.0000               0.8077               0.0000
[Row  10]               0.1372               1.0022               0.0000               0.0000              -0.8570               0.0069              -0.1417               0.0000               0.0000               1.6383
====== S^(AO) std gaussian m_l ordering =====

                  [Col  1]              [Col  2]              [Col  3]              [Col  4]              [Col  5]              [Col  6]              [Col  7]              [Col  8]              [Col  9]              [Col 10]
[Row   1]               1.0000               0.2367               0.0000               0.0000               0.0000               0.0000               0.0425               0.0000               0.0000               0.0720
[Row   2]               0.2367               1.0000               0.0000               0.0000               0.0000               0.0443               0.3988               0.0000               0.0000               0.4718
[Row   3]               0.0000               0.0000               1.0000               0.0000               0.0000               0.0000               0.0000               0.2388               0.0000               0.0000
[Row   4]               0.0000               0.0000               0.0000               1.0000               0.0000               0.0000               0.0000               0.0000               0.2388               0.0000
[Row   5]               0.0000               0.0000               0.0000               0.0000               1.0000              -0.0736              -0.3406               0.0000               0.0000              -0.3117
[Row   6]               0.0000               0.0443               0.0000               0.0000              -0.0736               1.0000               0.2484               0.0000               0.0000               0.0000
[Row   7]               0.0425               0.3988               0.0000               0.0000              -0.3406               0.2484               1.0000               0.0000               0.0000               0.0000
[Row   8]               0.0000               0.0000               0.2388               0.0000               0.0000               0.0000               0.0000               1.0000               0.0000               0.0000
[Row   9]               0.0000               0.0000               0.0000               0.2388               0.0000               0.0000               0.0000               0.0000               1.0000               0.0000
[Row  10]               0.0720               0.4718               0.0000               0.0000              -0.3117               0.0000               0.0000               0.0000               0.0000               1.0000
===== After load P check zeros ===== 
 [[ 1.99986947e+00  4.74519525e-01  0.00000000e+00  0.00000000e+00
  -4.43905473e-03  1.39065139e-04  8.22321161e-02  0.00000000e+00
   0.00000000e+00  1.37160322e-01]
 [ 4.74519525e-01  1.99053300e+00  0.00000000e+00  0.00000000e+00
   3.78036919e-02  8.75746150e-02  8.20456131e-01  0.00000000e+00
   0.00000000e+00  1.00221326e+00]
 [ 0.00000000e+00  0.00000000e+00  1.62547253e+00  0.00000000e+00
   0.00000000e+00  0.00000000e+00  0.00000000e+00  1.14583351e+00
   0.00000000e+00  0.00000000e+00]
 [ 0.00000000e+00  0.00000000e+00  0.00000000e+00  1.62547253e+00
   0.00000000e+00  0.00000000e+00  0.00000000e+00  0.00000000e+00
   1.14583351e+00  0.00000000e+00]
 [-4.43905473e-03  3.78036919e-02  0.00000000e+00  0.00000000e+00
   1.84904203e+00 -1.42764082e-01 -7.72799188e-01  0.00000000e+00
   0.00000000e+00 -8.57032358e-01]
 [ 1.39065139e-04  8.75746150e-02  0.00000000e+00  0.00000000e+00
  -1.42764082e-01  1.99986808e+00  4.99431219e-01  0.00000000e+00
   0.00000000e+00  6.90732750e-03]
 [ 8.22321161e-02  8.20456131e-01  0.00000000e+00  0.00000000e+00
  -7.72799188e-01  4.99431219e-01  1.94447338e+00  0.00000000e+00
   0.00000000e+00 -1.41714115e-01]
 [ 0.00000000e+00  0.00000000e+00  1.14583351e+00  0.00000000e+00
   0.00000000e+00  0.00000000e+00  0.00000000e+00  8.07724768e-01
   0.00000000e+00  0.00000000e+00]
 [ 0.00000000e+00  0.00000000e+00  0.00000000e+00  1.14583351e+00
   0.00000000e+00  0.00000000e+00  0.00000000e+00  0.00000000e+00
   8.07724768e-01  0.00000000e+00]
 [ 1.37160322e-01  1.00221326e+00  0.00000000e+00  0.00000000e+00
  -8.57032358e-01  6.90732750e-03 -1.41714115e-01  0.00000000e+00
   0.00000000e+00  1.63831958e+00]]
lctrl 0 ntrue 2
lctrl 1 ntrue 3
lctrl 1
===== cA before average ===== 
 [[1.62547253 0.         0.        ]
 [0.         1.62547253 0.        ]
 [0.         0.         1.84904203]]
===== cB before average ===== 
 [[1. 0. 0.]
 [0. 1. 0.]
 [0. 0. 1.]]
===== cA after average ===== 
 [[1.62547253 0.         0.        ]
 [0.         1.62547253 0.        ]
 [0.         0.         1.84904203]]
===== cB after average ===== 
 [[1. 0. 0.]
 [0. 1. 0.]
 [0. 0. 1.]]
lctrl 0 ntrue 2
lctrl 1 ntrue 3
lctrl 1
===== cA before average ===== 
 [[0.80772477 0.         0.        ]
 [0.         0.80772477 0.        ]
 [0.         0.         1.63831958]]
===== cB before average ===== 
 [[1. 0. 0.]
 [0. 1. 0.]
 [0. 0. 1.]]
===== cA after average ===== 
 [[0.80772477 0.         0.        ]
 [0.         0.80772477 0.        ]
 [0.         0.         1.63831958]]
===== cB after average ===== 
 [[1. 0. 0.]
 [0. 1. 0.]
 [0. 0. 1.]]
N_functions in (iatom,l):( 0 0 ) block =  2
===== iatom,lblock eigvals ===== 0 0 
 [2.         1.98927531]
===== iatom,lblock eigvecs ===== 0 0 
 [[-0.96701772  0.35246423]
 [-0.11355094 -1.02296651]]
N_functions in (iatom,l):( 0 1 ) block =  3
eigvecs before 
 [[0. 0. 1.]
 [0. 1. 0.]
 [1. 0. 0.]]
mlMap 
 [[0. 0. 1.]
 [0. 1. 0.]
 [1. 0. 0.]]
eigvecs after 
 [[1. 0. 0.]
 [0. 1. 0.]
 [0. 0. 1.]]
===== iatom,lblock eigvals ===== 0 1 
 [1.84904203 1.62547253 1.62547253]
===== iatom,lblock eigvecs ===== 0 1 
 [[1. 0. 0.]
 [0. 1. 0.]
 [0. 0. 1.]]
N_functions in (iatom,l):( 1 0 ) block =  2
===== iatom,lblock eigvals ===== 1 0 
 [2.        1.9392498]
===== iatom,lblock eigvecs ===== 1 0 
 [[-0.98696597  0.30271616]
 [-0.04810599 -1.03122486]]
N_functions in (iatom,l):( 1 1 ) block =  3
eigvecs before 
 [[0. 1. 0.]
 [0. 0. 1.]
 [1. 0. 0.]]
mlMap 
 [[0. 0. 1.]
 [1. 0. 0.]
 [0. 1. 0.]]
eigvecs after 
 [[1. 0. 0.]
 [0. 1. 0.]
 [0. 0. 1.]]
===== iatom,lblock eigvals ===== 1 1 
 [1.63831958 0.80772477 0.80772477]
===== iatom,lblock eigvecs ===== 1 1 
 [[1. 0. 0.]
 [0. 1. 0.]
 [0. 0. 1.]]
===== W_pnao ===== 
 [2.         1.98927531 1.84904203 1.62547253 1.62547253 2.
 1.9392498  1.63831958 0.80772477 0.80772477]
===== N_avpnao =====

                  [Col  1]              [Col  2]              [Col  3]              [Col  4]              [Col  5]              [Col  6]              [Col  7]              [Col  8]              [Col  9]              [Col 10]
[Row   1]              -0.9670               0.3525               0.0000               0.0000               0.0000               0.0000               0.0000               0.0000               0.0000               0.0000
[Row   2]              -0.1136              -1.0230               0.0000               0.0000               0.0000               0.0000               0.0000               0.0000               0.0000               0.0000
[Row   3]               0.0000               0.0000               1.0000               0.0000               0.0000               0.0000               0.0000               0.0000               0.0000               0.0000
[Row   4]               0.0000               0.0000               0.0000               1.0000               0.0000               0.0000               0.0000               0.0000               0.0000               0.0000
[Row   5]               0.0000               0.0000               0.0000               0.0000               1.0000               0.0000               0.0000               0.0000               0.0000               0.0000
[Row   6]               0.0000               0.0000               0.0000               0.0000               0.0000              -0.9870               0.3027               0.0000               0.0000               0.0000
[Row   7]               0.0000               0.0000               0.0000               0.0000               0.0000              -0.0481              -1.0312               0.0000               0.0000               0.0000
[Row   8]               0.0000               0.0000               0.0000               0.0000               0.0000               0.0000               0.0000               1.0000               0.0000               0.0000
[Row   9]               0.0000               0.0000               0.0000               0.0000               0.0000               0.0000               0.0000               0.0000               1.0000               0.0000
[Row  10]               0.0000               0.0000               0.0000               0.0000               0.0000               0.0000               0.0000               0.0000               0.0000               1.0000
N_functions in (iatom,l):( 0 0 ) block =  2
===== iatom,lblock eigvals ===== 0 0 
 [2.         1.98927531]
===== iatom,lblock eigvecs ===== 0 0 
 [[-0.96701772  0.35246423]
 [-0.11355094 -1.02296651]]
N_functions in (iatom,l):( 0 1 ) block =  3
eigvecs before 
 [[0. 0. 1.]
 [0. 1. 0.]
 [1. 0. 0.]]
mlMap 
 [[0. 0. 1.]
 [0. 1. 0.]
 [1. 0. 0.]]
eigvecs after 
 [[1. 0. 0.]
 [0. 1. 0.]
 [0. 0. 1.]]
===== iatom,lblock eigvals ===== 0 1 
 [1.84904203 1.62547253 1.62547253]
===== iatom,lblock eigvecs ===== 0 1 
 [[1. 0. 0.]
 [0. 1. 0.]
 [0. 0. 1.]]
N_functions in (iatom,l):( 1 0 ) block =  2
===== iatom,lblock eigvals ===== 1 0 
 [2.        1.9392498]
===== iatom,lblock eigvecs ===== 1 0 
 [[-0.98696597  0.30271616]
 [-0.04810599 -1.03122486]]
N_functions in (iatom,l):( 1 1 ) block =  3
eigvecs before 
 [[0. 1. 0.]
 [0. 0. 1.]
 [1. 0. 0.]]
mlMap 
 [[0. 0. 1.]
 [1. 0. 0.]
 [0. 1. 0.]]
eigvecs after 
 [[1. 0. 0.]
 [0. 1. 0.]
 [0. 0. 1.]]
===== iatom,lblock eigvals ===== 1 1 
 [1.63831958 0.80772477 0.80772477]
===== iatom,lblock eigvecs ===== 1 1 
 [[1. 0. 0.]
 [0. 1. 0.]
 [0. 0. 1.]]
N_functions in (iatom,l):( 0 0 ) block =  2
===== iatom,lblock eigvals ===== 0 0 
 [2.         1.98927531]
===== iatom,lblock eigvecs ===== 0 0 
 [[-0.96701772  0.35246423]
 [-0.11355094 -1.02296651]]
N_functions in (iatom,l):( 0 1 ) block =  3
eigvecs before 
 [[0. 0. 1.]
 [0. 1. 0.]
 [1. 0. 0.]]
mlMap 
 [[0. 0. 1.]
 [0. 1. 0.]
 [1. 0. 0.]]
eigvecs after 
 [[1. 0. 0.]
 [0. 1. 0.]
 [0. 0. 1.]]
===== iatom,lblock eigvals ===== 0 1 
 [1.84904203 1.62547253 1.62547253]
===== iatom,lblock eigvecs ===== 0 1 
 [[1. 0. 0.]
 [0. 1. 0.]
 [0. 0. 1.]]
N_functions in (iatom,l):( 1 0 ) block =  2
===== iatom,lblock eigvals ===== 1 0 
 [2.        1.9392498]
===== iatom,lblock eigvecs ===== 1 0 
 [[-0.98696597  0.30271616]
 [-0.04810599 -1.03122486]]
N_functions in (iatom,l):( 1 1 ) block =  3
eigvecs before 
 [[0. 1. 0.]
 [0. 0. 1.]
 [1. 0. 0.]]
mlMap 
 [[0. 0. 1.]
 [1. 0. 0.]
 [0. 1. 0.]]
eigvecs after 
 [[1. 0. 0.]
 [0. 1. 0.]
 [0. 0. 1.]]
===== iatom,lblock eigvals ===== 1 1 
 [1.63831958 0.80772477 0.80772477]
===== iatom,lblock eigvecs ===== 1 1 
 [[1. 0. 0.]
 [0. 1. 0.]
 [0. 0. 1.]]
eigvalP_aoao 
 [2.         1.98927531 1.84904203 1.62547253 1.62547253 2.
 1.9392498  1.63831958 0.80772477 0.80772477]
eigvalP_avav 
 [2.         1.98927531 1.84904203 1.62547253 1.62547253 2.
 1.9392498  1.63831958 0.80772477 0.80772477]
===== eigvecP_aoao =====

                  [Col  1]              [Col  2]              [Col  3]              [Col  4]              [Col  5]              [Col  6]              [Col  7]              [Col  8]              [Col  9]              [Col 10]
[Row   1]              -0.9670               0.3525               0.0000               0.0000               0.0000               0.0000               0.0000               0.0000               0.0000               0.0000
[Row   2]              -0.1136              -1.0230               0.0000               0.0000               0.0000               0.0000               0.0000               0.0000               0.0000               0.0000
[Row   3]               0.0000               0.0000               1.0000               0.0000               0.0000               0.0000               0.0000               0.0000               0.0000               0.0000
[Row   4]               0.0000               0.0000               0.0000               1.0000               0.0000               0.0000               0.0000               0.0000               0.0000               0.0000
[Row   5]               0.0000               0.0000               0.0000               0.0000               1.0000               0.0000               0.0000               0.0000               0.0000               0.0000
[Row   6]               0.0000               0.0000               0.0000               0.0000               0.0000              -0.9870               0.3027               0.0000               0.0000               0.0000
[Row   7]               0.0000               0.0000               0.0000               0.0000               0.0000              -0.0481              -1.0312               0.0000               0.0000               0.0000
[Row   8]               0.0000               0.0000               0.0000               0.0000               0.0000               0.0000               0.0000               1.0000               0.0000               0.0000
[Row   9]               0.0000               0.0000               0.0000               0.0000               0.0000               0.0000               0.0000               0.0000               1.0000               0.0000
[Row  10]               0.0000               0.0000               0.0000               0.0000               0.0000               0.0000               0.0000               0.0000               0.0000               1.0000
===== eigvecP_avav =====

                  [Col  1]              [Col  2]              [Col  3]              [Col  4]              [Col  5]              [Col  6]              [Col  7]              [Col  8]              [Col  9]              [Col 10]
[Row   1]              -0.9670               0.3525               0.0000               0.0000               0.0000               0.0000               0.0000               0.0000               0.0000               0.0000
[Row   2]              -0.1136              -1.0230               0.0000               0.0000               0.0000               0.0000               0.0000               0.0000               0.0000               0.0000
[Row   3]               0.0000               0.0000               1.0000               0.0000               0.0000               0.0000               0.0000               0.0000               0.0000               0.0000
[Row   4]               0.0000               0.0000               0.0000               1.0000               0.0000               0.0000               0.0000               0.0000               0.0000               0.0000
[Row   5]               0.0000               0.0000               0.0000               0.0000               1.0000               0.0000               0.0000               0.0000               0.0000               0.0000
[Row   6]               0.0000               0.0000               0.0000               0.0000               0.0000              -0.9870               0.3027               0.0000               0.0000               0.0000
[Row   7]               0.0000               0.0000               0.0000               0.0000               0.0000              -0.0481              -1.0312               0.0000               0.0000               0.0000
[Row   8]               0.0000               0.0000               0.0000               0.0000               0.0000               0.0000               0.0000               1.0000               0.0000               0.0000
[Row   9]               0.0000               0.0000               0.0000               0.0000               0.0000               0.0000               0.0000               0.0000               1.0000               0.0000
[Row  10]               0.0000               0.0000               0.0000               0.0000               0.0000               0.0000               0.0000               0.0000               0.0000               1.0000
===== T1 =====

                  [Col  1]              [Col  2]              [Col  3]              [Col  4]              [Col  5]              [Col  6]              [Col  7]              [Col  8]              [Col  9]              [Col 10]
[Row   1]               1.0000               0.0000               0.0000               0.0000               0.0000               0.0000               0.0000               0.0000               0.0000               0.0000
[Row   2]               0.0000               1.0000               0.0000               0.0000               0.0000               0.0000               0.0000               0.0000               0.0000               0.0000
[Row   3]               0.0000               0.0000               1.0000               0.0000               0.0000               0.0000               0.0000               0.0000               0.0000               0.0000
[Row   4]               0.0000               0.0000               0.0000               1.0000               0.0000               0.0000               0.0000               0.0000               0.0000               0.0000
[Row   5]               0.0000               0.0000               0.0000               0.0000               1.0000               0.0000               0.0000               0.0000               0.0000               0.0000
[Row   6]               0.0000               0.0000               0.0000               0.0000               0.0000               1.0000               0.0000               0.0000               0.0000               0.0000
[Row   7]               0.0000               0.0000               0.0000               0.0000               0.0000               0.0000               1.0000               0.0000               0.0000               0.0000
[Row   8]               0.0000               0.0000               0.0000               0.0000               0.0000               0.0000               0.0000               1.0000               0.0000               0.0000
[Row   9]               0.0000               0.0000               0.0000               0.0000               0.0000               0.0000               0.0000               0.0000               1.0000               0.0000
[Row  10]               0.0000               0.0000               0.0000               0.0000               0.0000               0.0000               0.0000               0.0000               0.0000               1.0000
===== invT1*T1 =====

                  [Col  1]              [Col  2]              [Col  3]              [Col  4]              [Col  5]              [Col  6]              [Col  7]              [Col  8]              [Col  9]              [Col 10]
[Row   1]               1.0000               0.0000               0.0000               0.0000               0.0000               0.0000               0.0000               0.0000               0.0000               0.0000
[Row   2]               0.0000               1.0000               0.0000               0.0000               0.0000               0.0000               0.0000               0.0000               0.0000               0.0000
[Row   3]               0.0000               0.0000               1.0000               0.0000               0.0000               0.0000               0.0000               0.0000               0.0000               0.0000
[Row   4]               0.0000               0.0000               0.0000               1.0000               0.0000               0.0000               0.0000               0.0000               0.0000               0.0000
[Row   5]               0.0000               0.0000               0.0000               0.0000               1.0000               0.0000               0.0000               0.0000               0.0000               0.0000
[Row   6]               0.0000               0.0000               0.0000               0.0000               0.0000               1.0000               0.0000               0.0000               0.0000               0.0000
[Row   7]               0.0000               0.0000               0.0000               0.0000               0.0000               0.0000               1.0000               0.0000               0.0000               0.0000
[Row   8]               0.0000               0.0000               0.0000               0.0000               0.0000               0.0000               0.0000               1.0000               0.0000               0.0000
[Row   9]               0.0000               0.0000               0.0000               0.0000               0.0000               0.0000               0.0000               0.0000               1.0000               0.0000
[Row  10]               0.0000               0.0000               0.0000               0.0000               0.0000               0.0000               0.0000               0.0000               0.0000               1.0000
===== Trial P_aoao -> P_avav =====

                  [Col  1]              [Col  2]              [Col  3]              [Col  4]              [Col  5]              [Col  6]              [Col  7]              [Col  8]              [Col  9]              [Col 10]
[Row   1]               1.9999               0.4745               0.0000               0.0000              -0.0044               0.0001               0.0822               0.0000               0.0000               0.1372
[Row   2]               0.4745               1.9905               0.0000               0.0000               0.0378               0.0876               0.8205               0.0000               0.0000               1.0022
[Row   3]               0.0000               0.0000               1.6255               0.0000               0.0000               0.0000               0.0000               1.1458               0.0000               0.0000
[Row   4]               0.0000               0.0000               0.0000               1.6255               0.0000               0.0000               0.0000               0.0000               1.1458               0.0000
[Row   5]              -0.0044               0.0378               0.0000               0.0000               1.8490              -0.1428              -0.7728               0.0000               0.0000              -0.8570
[Row   6]               0.0001               0.0876               0.0000               0.0000              -0.1428               1.9999               0.4994               0.0000               0.0000               0.0069
[Row   7]               0.0822               0.8205               0.0000               0.0000              -0.7728               0.4994               1.9445               0.0000               0.0000              -0.1417
[Row   8]               0.0000               0.0000               1.1458               0.0000               0.0000               0.0000               0.0000               0.8077               0.0000               0.0000
[Row   9]               0.0000               0.0000               0.0000               1.1458               0.0000               0.0000               0.0000               0.0000               0.8077               0.0000
[Row  10]               0.1372               1.0022               0.0000               0.0000              -0.8570               0.0069              -0.1417               0.0000               0.0000               1.6383
===== P_avav =====

                  [Col  1]              [Col  2]              [Col  3]              [Col  4]              [Col  5]              [Col  6]              [Col  7]              [Col  8]              [Col  9]              [Col 10]
[Row   1]               1.9999               0.4745               0.0000               0.0000              -0.0044               0.0001               0.0822               0.0000               0.0000               0.1372
[Row   2]               0.4745               1.9905               0.0000               0.0000               0.0378               0.0876               0.8205               0.0000               0.0000               1.0022
[Row   3]               0.0000               0.0000               1.6255               0.0000               0.0000               0.0000               0.0000               1.1458               0.0000               0.0000
[Row   4]               0.0000               0.0000               0.0000               1.6255               0.0000               0.0000               0.0000               0.0000               1.1458               0.0000
[Row   5]              -0.0044               0.0378               0.0000               0.0000               1.8490              -0.1428              -0.7728               0.0000               0.0000              -0.8570
[Row   6]               0.0001               0.0876               0.0000               0.0000              -0.1428               1.9999               0.4994               0.0000               0.0000               0.0069
[Row   7]               0.0822               0.8205               0.0000               0.0000              -0.7728               0.4994               1.9445               0.0000               0.0000              -0.1417
[Row   8]               0.0000               0.0000               1.1458               0.0000               0.0000               0.0000               0.0000               0.8077               0.0000               0.0000
[Row   9]               0.0000               0.0000               0.0000               1.1458               0.0000               0.0000               0.0000               0.0000               0.8077               0.0000
[Row  10]               0.1372               1.0022               0.0000               0.0000              -0.8570               0.0069              -0.1417               0.0000               0.0000               1.6383
===== Trial S_aoao -> S_avav =====

                  [Col  1]              [Col  2]              [Col  3]              [Col  4]              [Col  5]              [Col  6]              [Col  7]              [Col  8]              [Col  9]              [Col 10]
[Row   1]               1.0000               0.2367               0.0000               0.0000               0.0000               0.0000               0.0425               0.0000               0.0000               0.0720
[Row   2]               0.2367               1.0000               0.0000               0.0000               0.0000               0.0443               0.3988               0.0000               0.0000               0.4718
[Row   3]               0.0000               0.0000               1.0000               0.0000               0.0000               0.0000               0.0000               0.2388               0.0000               0.0000
[Row   4]               0.0000               0.0000               0.0000               1.0000               0.0000               0.0000               0.0000               0.0000               0.2388               0.0000
[Row   5]               0.0000               0.0000               0.0000               0.0000               1.0000              -0.0736              -0.3406               0.0000               0.0000              -0.3117
[Row   6]               0.0000               0.0443               0.0000               0.0000              -0.0736               1.0000               0.2484               0.0000               0.0000               0.0000
[Row   7]               0.0425               0.3988               0.0000               0.0000              -0.3406               0.2484               1.0000               0.0000               0.0000               0.0000
[Row   8]               0.0000               0.0000               0.2388               0.0000               0.0000               0.0000               0.0000               1.0000               0.0000               0.0000
[Row   9]               0.0000               0.0000               0.0000               0.2388               0.0000               0.0000               0.0000               0.0000               1.0000               0.0000
[Row  10]               0.0720               0.4718               0.0000               0.0000              -0.3117               0.0000               0.0000               0.0000               0.0000               1.0000
===== S_avav =====

                  [Col  1]              [Col  2]              [Col  3]              [Col  4]              [Col  5]              [Col  6]              [Col  7]              [Col  8]              [Col  9]              [Col 10]
[Row   1]               1.0000               0.2367               0.0000               0.0000               0.0000               0.0000               0.0425               0.0000               0.0000               0.0720
[Row   2]               0.2367               1.0000               0.0000               0.0000               0.0000               0.0443               0.3988               0.0000               0.0000               0.4718
[Row   3]               0.0000               0.0000               1.0000               0.0000               0.0000               0.0000               0.0000               0.2388               0.0000               0.0000
[Row   4]               0.0000               0.0000               0.0000               1.0000               0.0000               0.0000               0.0000               0.0000               0.2388               0.0000
[Row   5]               0.0000               0.0000               0.0000               0.0000               1.0000              -0.0736              -0.3406               0.0000               0.0000              -0.3117
[Row   6]               0.0000               0.0443               0.0000               0.0000              -0.0736               1.0000               0.2484               0.0000               0.0000               0.0000
[Row   7]               0.0425               0.3988               0.0000               0.0000              -0.3406               0.2484               1.0000               0.0000               0.0000               0.0000
[Row   8]               0.0000               0.0000               0.2388               0.0000               0.0000               0.0000               0.0000               1.0000               0.0000               0.0000
[Row   9]               0.0000               0.0000               0.0000               0.2388               0.0000               0.0000               0.0000               0.0000               1.0000               0.0000
[Row  10]               0.0720               0.4718               0.0000               0.0000              -0.3117               0.0000               0.0000               0.0000               0.0000               1.0000
===== Spnao =====

                  [Col  1]              [Col  2]              [Col  3]              [Col  4]              [Col  5]              [Col  6]              [Col  7]              [Col  8]              [Col  9]              [Col 10]
[Row   1]               1.0000               0.0000               0.0000               0.0000               0.0000               0.0091               0.0875               0.0000               0.0000              -0.1232
[Row   2]               0.0000               1.0000               0.0000               0.0000               0.0000               0.0637               0.3915               0.0000               0.0000              -0.4573
[Row   3]               0.0000               0.0000               1.0000               0.0000               0.0000               0.0000               0.0000               0.2388               0.0000               0.0000
[Row   4]               0.0000               0.0000               0.0000               1.0000               0.0000               0.0000               0.0000               0.0000               0.2388               0.0000
[Row   5]               0.0000               0.0000               0.0000               0.0000               1.0000               0.0890               0.3290               0.0000               0.0000              -0.3117
[Row   6]               0.0091               0.0637               0.0000               0.0000               0.0890               1.0000               0.0000               0.0000               0.0000               0.0000
[Row   7]               0.0875               0.3915               0.0000               0.0000               0.3290              -0.0000               1.0000               0.0000               0.0000               0.0000
[Row   8]               0.0000               0.0000               0.2388               0.0000               0.0000               0.0000               0.0000               1.0000               0.0000               0.0000
[Row   9]               0.0000               0.0000               0.0000               0.2388               0.0000               0.0000               0.0000               0.0000               1.0000               0.0000
[Row  10]              -0.1232              -0.4573               0.0000               0.0000              -0.3117               0.0000               0.0000               0.0000               0.0000               1.0000
===== Ppnao =====

                  [Col  1]              [Col  2]              [Col  3]              [Col  4]              [Col  5]              [Col  6]              [Col  7]              [Col  8]              [Col  9]              [Col 10]
[Row   1]               2.0000               0.0000               0.0000               0.0000              -0.0000               0.0183               0.1750               0.0000               0.0000              -0.2464
[Row   2]               0.0000               1.9893               0.0000               0.0000              -0.0402               0.1274               0.8085               0.0000               0.0000              -0.9769
[Row   3]               0.0000               0.0000               1.6255               0.0000               0.0000               0.0000               0.0000               1.1458               0.0000               0.0000
[Row   4]               0.0000               0.0000               0.0000               1.6255               0.0000               0.0000               0.0000               0.0000               1.1458               0.0000
[Row   5]              -0.0000              -0.0402               0.0000               0.0000               1.8490               0.1781               0.7537               0.0000               0.0000              -0.8570
[Row   6]               0.0183               0.1274               0.0000               0.0000               0.1781               2.0000               0.0000               0.0000               0.0000               0.0000
[Row   7]               0.1750               0.8085               0.0000               0.0000               0.7537               0.0000               1.9392               0.0000               0.0000               0.1482
[Row   8]               0.0000               0.0000               1.1458               0.0000               0.0000               0.0000               0.0000               0.8077               0.0000               0.0000
[Row   9]               0.0000               0.0000               0.0000               1.1458               0.0000               0.0000               0.0000               0.0000               0.8077               0.0000
[Row  10]              -0.2464              -0.9769               0.0000               0.0000              -0.8570               0.0000               0.1482               0.0000               0.0000               1.6383
