molecule mol27.xyz
System:, atNum: 6 coords [ 0.          0.         -0.96706168]
System:, atNum: 7 coords [0.         0.         1.25564931]
System:, atNum: 1 coords [ 0.          0.         -2.98717701]
===== Original AO-S matrix =====

                  [Col  1]              [Col  2]              [Col  3]              [Col  4]              [Col  5]              [Col  6]              [Col  7]              [Col  8]              [Col  9]              [Col 10]
[Row   1]               1.0000               0.2484              -0.0000               0.0000               0.0000               0.0000               0.0533              -0.0882               0.0000               0.0000
[Row   2]               0.2484               1.0000               0.0000               0.0000               0.0000               0.0494               0.4401              -0.4024               0.0000               0.0000
[Row   3]              -0.0000               0.0000               1.0000               0.0000               0.0000               0.0832               0.4699              -0.3167               0.0000               0.0000
[Row   4]               0.0000               0.0000               0.0000               1.0000               0.0000               0.0000               0.0000               0.0000               0.2744               0.0000
[Row   5]               0.0000               0.0000               0.0000               0.0000               1.0000               0.0000               0.0000               0.0000               0.0000               0.2744
[Row   6]               0.0000               0.0494               0.0832               0.0000               0.0000               1.0000               0.2350              -0.0000               0.0000               0.0000
[Row   7]               0.0533               0.4401               0.4699               0.0000               0.0000               0.2350               1.0000               0.0000               0.0000               0.0000
[Row   8]              -0.0882              -0.4024              -0.3167               0.0000               0.0000              -0.0000               0.0000               1.0000               0.0000               0.0000
[Row   9]               0.0000               0.0000               0.0000               0.2744               0.0000               0.0000               0.0000               0.0000               1.0000               0.0000
[Row  10]               0.0000               0.0000               0.0000               0.0000               0.2744               0.0000               0.0000               0.0000               0.0000               1.0000
[Row  11]               0.0654               0.5029              -0.4744               0.0000               0.0000               0.0033               0.0624              -0.0785               0.0000               0.0000
                  [Col 11]
[Row   1]               0.0654
[Row   2]               0.5029
[Row   3]              -0.4744
[Row   4]               0.0000
[Row   5]               0.0000
[Row   6]               0.0033
[Row   7]               0.0624
[Row   8]              -0.0785
[Row   9]               0.0000
[Row  10]               0.0000
[Row  11]               1.0000
nbas 11
 ===== CA ===== 

                  [Col  1]              [Col  2]              [Col  3]              [Col  4]              [Col  5]              [Col  6]              [Col  7]              [Col  8]              [Col  9]              [Col 10]
[Row   1]              -0.0004               0.9929               0.1629               0.1471               0.0730              -0.0000              -0.0000              -0.0000              -0.0000               0.1927
[Row   2]               0.0099               0.0310              -0.3620              -0.4699              -0.2230              -0.0000               0.0000               0.0000               0.0000              -1.2820
[Row   3]               0.0074               0.0017              -0.1969               0.3930              -0.3256               0.0000               0.0000               0.0000               0.0000               0.3229
[Row   4]               0.0000               0.0000               0.0000              -0.0000               0.0000               0.6133               0.0221               0.7015               0.4612               0.0000
[Row   5]              -0.0000              -0.0000               0.0000              -0.0000               0.0000              -0.0221               0.6133              -0.4612               0.7015              -0.0000
[Row   6]              -0.9940              -0.0004               0.2006              -0.0829              -0.1315               0.0000               0.0000               0.0000               0.0000              -0.0604
[Row   7]              -0.0292              -0.0066              -0.6348               0.2921               0.6837              -0.0000              -0.0000              -0.0000              -0.0000               0.3770
[Row   8]               0.0083               0.0018               0.2181               0.0495               0.6670              -0.0000              -0.0000               0.0000               0.0000              -0.4911
[Row   9]              -0.0000              -0.0000               0.0000              -0.0000               0.0000               0.6385               0.0230              -0.6856              -0.4507              -0.0000
[Row  10]               0.0000              -0.0000              -0.0000              -0.0000               0.0000              -0.0230               0.6385               0.4507              -0.6856               0.0000
[Row  11]               0.0005              -0.0060              -0.0672              -0.4484               0.1642              -0.0000              -0.0000              -0.0000              -0.0000               1.1398
                  [Col 11]
[Row   1]               0.0681
[Row   2]              -0.7077
[Row   3]              -1.5088
[Row   4]               0.0000
[Row   5]               0.0000
[Row   6]              -0.1207
[Row   7]               1.1718
[Row   8]              -1.0489
[Row   9]              -0.0000
[Row  10]              -0.0000
[Row  11]              -0.6681
 ===== CB ===== 

                  [Col  1]              [Col  2]              [Col  3]              [Col  4]              [Col  5]              [Col  6]              [Col  7]              [Col  8]              [Col  9]              [Col 10]
[Row   1]              -0.0004               0.9929               0.1629               0.1471               0.0730              -0.0000              -0.0000              -0.0000              -0.0000               0.1927
[Row   2]               0.0099               0.0310              -0.3620              -0.4699              -0.2230              -0.0000               0.0000               0.0000               0.0000              -1.2820
[Row   3]               0.0074               0.0017              -0.1969               0.3930              -0.3256               0.0000               0.0000               0.0000               0.0000               0.3229
[Row   4]               0.0000               0.0000               0.0000              -0.0000               0.0000               0.6133               0.0221               0.7015               0.4612               0.0000
[Row   5]              -0.0000              -0.0000               0.0000              -0.0000               0.0000              -0.0221               0.6133              -0.4612               0.7015              -0.0000
[Row   6]              -0.9940              -0.0004               0.2006              -0.0829              -0.1315               0.0000               0.0000               0.0000               0.0000              -0.0604
[Row   7]              -0.0292              -0.0066              -0.6348               0.2921               0.6837              -0.0000              -0.0000              -0.0000              -0.0000               0.3770
[Row   8]               0.0083               0.0018               0.2181               0.0495               0.6670              -0.0000              -0.0000               0.0000               0.0000              -0.4911
[Row   9]              -0.0000              -0.0000               0.0000              -0.0000               0.0000               0.6385               0.0230              -0.6856              -0.4507              -0.0000
[Row  10]               0.0000              -0.0000              -0.0000              -0.0000               0.0000              -0.0230               0.6385               0.4507              -0.6856               0.0000
[Row  11]               0.0005              -0.0060              -0.0672              -0.4484               0.1642              -0.0000              -0.0000              -0.0000              -0.0000               1.1398
                  [Col 11]
[Row   1]               0.0681
[Row   2]              -0.7077
[Row   3]              -1.5088
[Row   4]               0.0000
[Row   5]               0.0000
[Row   6]              -0.1207
[Row   7]               1.1718
[Row   8]              -1.0489
[Row   9]              -0.0000
[Row  10]              -0.0000
[Row  11]              -0.6681
 ===== P_psi ===== Dalpha+Dbeta 

                  [Col  1]              [Col  2]              [Col  3]              [Col  4]              [Col  5]              [Col  6]              [Col  7]              [Col  8]              [Col  9]              [Col 10]
[Row   1]               2.0788              -0.2272               0.0073               0.0000              -0.0000               0.0219              -0.0343               0.1866              -0.0000              -0.0000
[Row   2]              -0.2272               0.8053              -0.0814              -0.0000               0.0000              -0.0284              -0.1209              -0.5016              -0.0000               0.0000
[Row   3]               0.0073              -0.0814               0.5987              -0.0000               0.0000              -0.0733               0.0339              -0.4813              -0.0000              -0.0000
[Row   4]               0.0000              -0.0000              -0.0000               0.7532               0.0000              -0.0000               0.0000              -0.0000               0.7842               0.0000
[Row   5]              -0.0000               0.0000               0.0000               0.0000               0.7532               0.0000              -0.0000               0.0000              -0.0000               0.7842
[Row   6]               0.0219              -0.0284              -0.0733              -0.0000               0.0000               2.1049              -0.4249              -0.1126               0.0000              -0.0000
[Row   7]              -0.0343              -0.1209               0.0339               0.0000              -0.0000              -0.4249               1.9133               0.6634               0.0000               0.0000
[Row   8]               0.1866              -0.5016              -0.4813              -0.0000               0.0000              -0.1126               0.6634               0.9899              -0.0000               0.0000
[Row   9]              -0.0000              -0.0000              -0.0000               0.7842              -0.0000               0.0000               0.0000              -0.0000               0.8165              -0.0000
[Row  10]              -0.0000               0.0000              -0.0000               0.0000               0.7842              -0.0000               0.0000               0.0000              -0.0000               0.8165
[Row  11]              -0.1417               0.3965              -0.4330              -0.0000              -0.0000               0.0032               0.0479               0.1454               0.0000               0.0000
                  [Col 11]
[Row   1]              -0.1417
[Row   2]               0.3965
[Row   3]              -0.4330
[Row   4]              -0.0000
[Row   5]              -0.0000
[Row   6]               0.0032
[Row   7]               0.0479
[Row   8]               0.1454
[Row   9]               0.0000
[Row  10]               0.0000
[Row  11]               0.4651
===== P_mu,nu local =====

                  [Col  1]              [Col  2]              [Col  3]              [Col  4]              [Col  5]              [Col  6]              [Col  7]              [Col  8]              [Col  9]              [Col 10]
[Row   1]               2.0788              -0.2272               0.0073               0.0000              -0.0000               0.0219              -0.0343               0.1866              -0.0000              -0.0000
[Row   2]              -0.2272               0.8053              -0.0814              -0.0000               0.0000              -0.0284              -0.1209              -0.5016              -0.0000               0.0000
[Row   3]               0.0073              -0.0814               0.5987              -0.0000               0.0000              -0.0733               0.0339              -0.4813              -0.0000              -0.0000
[Row   4]               0.0000              -0.0000              -0.0000               0.7532               0.0000              -0.0000               0.0000              -0.0000               0.7842               0.0000
[Row   5]              -0.0000               0.0000               0.0000               0.0000               0.7532               0.0000              -0.0000               0.0000              -0.0000               0.7842
[Row   6]               0.0219              -0.0284              -0.0733              -0.0000               0.0000               2.1049              -0.4249              -0.1126               0.0000              -0.0000
[Row   7]              -0.0343              -0.1209               0.0339               0.0000              -0.0000              -0.4249               1.9133               0.6634               0.0000               0.0000
[Row   8]               0.1866              -0.5016              -0.4813              -0.0000               0.0000              -0.1126               0.6634               0.9899              -0.0000               0.0000
[Row   9]              -0.0000              -0.0000              -0.0000               0.7842              -0.0000               0.0000               0.0000              -0.0000               0.8165              -0.0000
[Row  10]              -0.0000               0.0000              -0.0000               0.0000               0.7842              -0.0000               0.0000               0.0000              -0.0000               0.8165
[Row  11]              -0.1417               0.3965              -0.4330              -0.0000              -0.0000               0.0032               0.0479               0.1454               0.0000               0.0000
                  [Col 11]
[Row   1]              -0.1417
[Row   2]               0.3965
[Row   3]              -0.4330
[Row   4]              -0.0000
[Row   5]              -0.0000
[Row   6]               0.0032
[Row   7]               0.0479
[Row   8]               0.1454
[Row   9]               0.0000
[Row  10]               0.0000
[Row  11]               0.4651
===== P_mu,nu psi4 =====

                  [Col  1]              [Col  2]              [Col  3]              [Col  4]              [Col  5]              [Col  6]              [Col  7]              [Col  8]              [Col  9]              [Col 10]
[Row   1]               2.0788              -0.2272               0.0073               0.0000              -0.0000               0.0219              -0.0343               0.1866              -0.0000              -0.0000
[Row   2]              -0.2272               0.8053              -0.0814              -0.0000               0.0000              -0.0284              -0.1209              -0.5016              -0.0000               0.0000
[Row   3]               0.0073              -0.0814               0.5987              -0.0000               0.0000              -0.0733               0.0339              -0.4813              -0.0000              -0.0000
[Row   4]               0.0000              -0.0000              -0.0000               0.7532               0.0000              -0.0000               0.0000              -0.0000               0.7842               0.0000
[Row   5]              -0.0000               0.0000               0.0000               0.0000               0.7532               0.0000              -0.0000               0.0000              -0.0000               0.7842
[Row   6]               0.0219              -0.0284              -0.0733              -0.0000               0.0000               2.1049              -0.4249              -0.1126               0.0000              -0.0000
[Row   7]              -0.0343              -0.1209               0.0339               0.0000              -0.0000              -0.4249               1.9133               0.6634               0.0000               0.0000
[Row   8]               0.1866              -0.5016              -0.4813              -0.0000               0.0000              -0.1126               0.6634               0.9899              -0.0000               0.0000
[Row   9]              -0.0000              -0.0000              -0.0000               0.7842              -0.0000               0.0000               0.0000              -0.0000               0.8165              -0.0000
[Row  10]              -0.0000               0.0000              -0.0000               0.0000               0.7842              -0.0000               0.0000               0.0000              -0.0000               0.8165
[Row  11]              -0.1417               0.3965              -0.4330              -0.0000              -0.0000               0.0032               0.0479               0.1454               0.0000               0.0000
                  [Col 11]
[Row   1]              -0.1417
[Row   2]               0.3965
[Row   3]              -0.4330
[Row   4]              -0.0000
[Row   5]              -0.0000
[Row   6]               0.0032
[Row   7]               0.0479
[Row   8]               0.1454
[Row   9]               0.0000
[Row  10]               0.0000
[Row  11]               0.4651
====== P^(AO) = SPS =====

                  [Col  1]              [Col  2]              [Col  3]              [Col  4]              [Col  5]              [Col  6]              [Col  7]              [Col  8]              [Col  9]              [Col 10]
[Row   1]               1.9997               0.5048              -0.0004               0.0000               0.0000               0.0002               0.1052              -0.1702               0.0000               0.0000
[Row   2]               0.5048               1.8015               0.0055               0.0000               0.0000               0.0945               0.9154              -0.9609               0.0000               0.0000
[Row   3]              -0.0004               0.0055               1.7723               0.0000               0.0000               0.1622               0.9870              -0.7460               0.0000               0.0000
[Row   4]               0.0000               0.0000               0.0000               1.2450               0.0000               0.0000               0.0000               0.0000               1.2739               0.0000
[Row   5]               0.0000               0.0000               0.0000               0.0000               1.2450               0.0000               0.0000               0.0000               0.0000               1.2739
[Row   6]               0.0002               0.0945               0.1622               0.0000               0.0000               1.9998               0.4717              -0.0054               0.0000               0.0000
[Row   7]               0.1052               0.9154               0.9870               0.0000               0.0000               0.4717               1.9836               0.0523               0.0000               0.0000
[Row   8]              -0.1702              -0.9609              -0.7460               0.0000               0.0000              -0.0054               0.0523               1.8173               0.0000               0.0000
[Row   9]               0.0000               0.0000               0.0000               1.2739               0.0000               0.0000               0.0000               0.0000               1.3035               0.0000
[Row  10]               0.0000               0.0000               0.0000               0.0000               1.2739               0.0000               0.0000               0.0000               0.0000               1.3035
[Row  11]               0.1217               1.2277              -1.1352               0.0000               0.0000               0.0080               0.1237              -0.0752               0.0000               0.0000
                  [Col 11]
[Row   1]               0.1217
[Row   2]               1.2277
[Row   3]              -1.1352
[Row   4]               0.0000
[Row   5]               0.0000
[Row   6]               0.0080
[Row   7]               0.1237
[Row   8]              -0.0752
[Row   9]               0.0000
[Row  10]               0.0000
[Row  11]               1.6091
====== S^(AO) = S =====

                  [Col  1]              [Col  2]              [Col  3]              [Col  4]              [Col  5]              [Col  6]              [Col  7]              [Col  8]              [Col  9]              [Col 10]
[Row   1]               1.0000               0.2484               0.0000               0.0000               0.0000               0.0000               0.0533              -0.0882               0.0000               0.0000
[Row   2]               0.2484               1.0000               0.0000               0.0000               0.0000               0.0494               0.4401              -0.4024               0.0000               0.0000
[Row   3]               0.0000               0.0000               1.0000               0.0000               0.0000               0.0832               0.4699              -0.3167               0.0000               0.0000
[Row   4]               0.0000               0.0000               0.0000               1.0000               0.0000               0.0000               0.0000               0.0000               0.2744               0.0000
[Row   5]               0.0000               0.0000               0.0000               0.0000               1.0000               0.0000               0.0000               0.0000               0.0000               0.2744
[Row   6]               0.0000               0.0494               0.0832               0.0000               0.0000               1.0000               0.2350               0.0000               0.0000               0.0000
[Row   7]               0.0533               0.4401               0.4699               0.0000               0.0000               0.2350               1.0000               0.0000               0.0000               0.0000
[Row   8]              -0.0882              -0.4024              -0.3167               0.0000               0.0000               0.0000               0.0000               1.0000               0.0000               0.0000
[Row   9]               0.0000               0.0000               0.0000               0.2744               0.0000               0.0000               0.0000               0.0000               1.0000               0.0000
[Row  10]               0.0000               0.0000               0.0000               0.0000               0.2744               0.0000               0.0000               0.0000               0.0000               1.0000
[Row  11]               0.0654               0.5029              -0.4744               0.0000               0.0000               0.0033               0.0624              -0.0785               0.0000               0.0000
                  [Col 11]
[Row   1]               0.0654
[Row   2]               0.5029
[Row   3]              -0.4744
[Row   4]               0.0000
[Row   5]               0.0000
[Row   6]               0.0033
[Row   7]               0.0624
[Row   8]              -0.0785
[Row   9]               0.0000
[Row  10]               0.0000
[Row  11]               1.0000
====== P^(AO) std gaussian m_l ordering SPS =====

                  [Col  1]              [Col  2]              [Col  3]              [Col  4]              [Col  5]              [Col  6]              [Col  7]              [Col  8]              [Col  9]              [Col 10]
[Row   1]               1.9997               0.5048               0.0000               0.0000              -0.0004               0.0002               0.1052               0.0000               0.0000              -0.1702
[Row   2]               0.5048               1.8015               0.0000               0.0000               0.0055               0.0945               0.9154               0.0000               0.0000              -0.9609
[Row   3]               0.0000               0.0000               1.2450               0.0000               0.0000               0.0000               0.0000               1.2739               0.0000               0.0000
[Row   4]               0.0000               0.0000               0.0000               1.2450               0.0000               0.0000               0.0000               0.0000               1.2739               0.0000
[Row   5]              -0.0004               0.0055               0.0000               0.0000               1.7723               0.1622               0.9870               0.0000               0.0000              -0.7460
[Row   6]               0.0002               0.0945               0.0000               0.0000               0.1622               1.9998               0.4717               0.0000               0.0000              -0.0054
[Row   7]               0.1052               0.9154               0.0000               0.0000               0.9870               0.4717               1.9836               0.0000               0.0000               0.0523
[Row   8]               0.0000               0.0000               1.2739               0.0000               0.0000               0.0000               0.0000               1.3035               0.0000               0.0000
[Row   9]               0.0000               0.0000               0.0000               1.2739               0.0000               0.0000               0.0000               0.0000               1.3035               0.0000
[Row  10]              -0.1702              -0.9609               0.0000               0.0000              -0.7460              -0.0054               0.0523               0.0000               0.0000               1.8173
[Row  11]               0.1217               1.2277               0.0000               0.0000              -1.1352               0.0080               0.1237               0.0000               0.0000              -0.0752
                  [Col 11]
[Row   1]               0.1217
[Row   2]               1.2277
[Row   3]               0.0000
[Row   4]               0.0000
[Row   5]              -1.1352
[Row   6]               0.0080
[Row   7]               0.1237
[Row   8]               0.0000
[Row   9]               0.0000
[Row  10]              -0.0752
[Row  11]               1.6091
====== S^(AO) std gaussian m_l ordering =====

                  [Col  1]              [Col  2]              [Col  3]              [Col  4]              [Col  5]              [Col  6]              [Col  7]              [Col  8]              [Col  9]              [Col 10]
[Row   1]               1.0000               0.2484               0.0000               0.0000               0.0000               0.0000               0.0533               0.0000               0.0000              -0.0882
[Row   2]               0.2484               1.0000               0.0000               0.0000               0.0000               0.0494               0.4401               0.0000               0.0000              -0.4024
[Row   3]               0.0000               0.0000               1.0000               0.0000               0.0000               0.0000               0.0000               0.2744               0.0000               0.0000
[Row   4]               0.0000               0.0000               0.0000               1.0000               0.0000               0.0000               0.0000               0.0000               0.2744               0.0000
[Row   5]               0.0000               0.0000               0.0000               0.0000               1.0000               0.0832               0.4699               0.0000               0.0000              -0.3167
[Row   6]               0.0000               0.0494               0.0000               0.0000               0.0832               1.0000               0.2350               0.0000               0.0000               0.0000
[Row   7]               0.0533               0.4401               0.0000               0.0000               0.4699               0.2350               1.0000               0.0000               0.0000               0.0000
[Row   8]               0.0000               0.0000               0.2744               0.0000               0.0000               0.0000               0.0000               1.0000               0.0000               0.0000
[Row   9]               0.0000               0.0000               0.0000               0.2744               0.0000               0.0000               0.0000               0.0000               1.0000               0.0000
[Row  10]              -0.0882              -0.4024               0.0000               0.0000              -0.3167               0.0000               0.0000               0.0000               0.0000               1.0000
[Row  11]               0.0654               0.5029               0.0000               0.0000              -0.4744               0.0033               0.0624               0.0000               0.0000              -0.0785
                  [Col 11]
[Row   1]               0.0654
[Row   2]               0.5029
[Row   3]               0.0000
[Row   4]               0.0000
[Row   5]              -0.4744
[Row   6]               0.0033
[Row   7]               0.0624
[Row   8]               0.0000
[Row   9]               0.0000
[Row  10]              -0.0785
[Row  11]               1.0000
===== After load P check zeros ===== 
 [[ 1.99967427e+00  5.04763689e-01  0.00000000e+00  0.00000000e+00
  -3.85136778e-04  1.81019950e-04  1.05248929e-01  0.00000000e+00
   0.00000000e+00 -1.70152418e-01  1.21694391e-01]
 [ 5.04763689e-01  1.80153170e+00  0.00000000e+00  0.00000000e+00
   5.48659587e-03  9.45482222e-02  9.15399224e-01  0.00000000e+00
   0.00000000e+00 -9.60900845e-01  1.22768828e+00]
 [ 0.00000000e+00  0.00000000e+00  1.24495978e+00  0.00000000e+00
   0.00000000e+00  0.00000000e+00  0.00000000e+00  1.27389414e+00
   0.00000000e+00  0.00000000e+00  0.00000000e+00]
 [ 0.00000000e+00  0.00000000e+00  0.00000000e+00  1.24495978e+00
   0.00000000e+00  0.00000000e+00  0.00000000e+00  0.00000000e+00
   1.27389414e+00  0.00000000e+00  0.00000000e+00]
 [-3.85136778e-04  5.48659587e-03  0.00000000e+00  0.00000000e+00
   1.77225964e+00  1.62241377e-01  9.87033616e-01  0.00000000e+00
   0.00000000e+00 -7.45955334e-01 -1.13519966e+00]
 [ 1.81019950e-04  9.45482222e-02  0.00000000e+00  0.00000000e+00
   1.62241377e-01  1.99983609e+00  4.71695816e-01  0.00000000e+00
   0.00000000e+00 -5.41510289e-03  7.98031375e-03]
 [ 1.05248929e-01  9.15399224e-01  0.00000000e+00  0.00000000e+00
   9.87033616e-01  4.71695816e-01  1.98360165e+00  0.00000000e+00
   0.00000000e+00  5.23332024e-02  1.23662959e-01]
 [ 0.00000000e+00  0.00000000e+00  1.27389414e+00  0.00000000e+00
   0.00000000e+00  0.00000000e+00  0.00000000e+00  1.30350097e+00
   0.00000000e+00  0.00000000e+00  0.00000000e+00]
 [ 0.00000000e+00  0.00000000e+00  0.00000000e+00  1.27389414e+00
   0.00000000e+00  0.00000000e+00  0.00000000e+00  0.00000000e+00
   1.30350097e+00  0.00000000e+00  0.00000000e+00]
 [-1.70152418e-01 -9.60900845e-01  0.00000000e+00  0.00000000e+00
  -7.45955334e-01 -5.41510289e-03  5.23332024e-02  0.00000000e+00
   0.00000000e+00  1.81733625e+00 -7.52291532e-02]
 [ 1.21694391e-01  1.22768828e+00  0.00000000e+00  0.00000000e+00
  -1.13519966e+00  7.98031375e-03  1.23662959e-01  0.00000000e+00
   0.00000000e+00 -7.52291532e-02  1.60909092e+00]]
lctrl 0 ntrue 2
lctrl 1 ntrue 3
lctrl 1
===== cA before average ===== 
 [[1.24495978 0.         0.        ]
 [0.         1.24495978 0.        ]
 [0.         0.         1.77225964]]
===== cB before average ===== 
 [[1. 0. 0.]
 [0. 1. 0.]
 [0. 0. 1.]]
===== cA after average ===== 
 [[1.24495978 0.         0.        ]
 [0.         1.24495978 0.        ]
 [0.         0.         1.77225964]]
===== cB after average ===== 
 [[1. 0. 0.]
 [0. 1. 0.]
 [0. 0. 1.]]
lctrl 0 ntrue 2
lctrl 1 ntrue 3
lctrl 1
===== cA before average ===== 
 [[1.30350097 0.         0.        ]
 [0.         1.30350097 0.        ]
 [0.         0.         1.81733625]]
===== cB before average ===== 
 [[1. 0. 0.]
 [0. 1. 0.]
 [0. 0. 1.]]
===== cA after average ===== 
 [[1.30350097 0.         0.        ]
 [0.         1.30350097 0.        ]
 [0.         0.         1.81733625]]
===== cB after average ===== 
 [[1. 0. 0.]
 [0. 1. 0.]
 [0. 0. 1.]]
lctrl 0 ntrue 1
N_functions in (iatom,l):( 0 0 ) block =  2
===== iatom,lblock eigvals ===== 0 0 
 [1.99999989 1.78388195]
===== iatom,lblock eigvecs ===== 0 0 
 [[-0.98929419  0.2950185 ]
 [-0.04007127 -1.03156832]]
N_functions in (iatom,l):( 0 1 ) block =  3
eigvecs before 
 [[0. 0. 1.]
 [0. 1. 0.]
 [1. 0. 0.]]
mlMap 
 [[0. 0. 1.]
 [0. 1. 0.]
 [1. 0. 0.]]
eigvecs after 
 [[1. 0. 0.]
 [0. 1. 0.]
 [0. 0. 1.]]
===== iatom,lblock eigvals ===== 0 1 
 [1.77225964 1.24495978 1.24495978]
===== iatom,lblock eigvecs ===== 0 1 
 [[1. 0. 0.]
 [0. 1. 0.]
 [0. 0. 1.]]
N_functions in (iatom,l):( 1 0 ) block =  2
===== iatom,lblock eigvals ===== 1 0 
 [1.99999639 1.98166671]
===== iatom,lblock eigvecs ===== 1 0 
 [[-0.97300428  0.3342688 ]
 [-0.09621193 -1.02431256]]
N_functions in (iatom,l):( 1 1 ) block =  3
eigvecs before 
 [[0. 1. 0.]
 [0. 0. 1.]
 [1. 0. 0.]]
mlMap 
 [[0. 0. 1.]
 [1. 0. 0.]
 [0. 1. 0.]]
eigvecs after 
 [[1. 0. 0.]
 [0. 1. 0.]
 [0. 0. 1.]]
===== iatom,lblock eigvals ===== 1 1 
 [1.81733625 1.30350097 1.30350097]
===== iatom,lblock eigvecs ===== 1 1 
 [[1. 0. 0.]
 [0. 1. 0.]
 [0. 0. 1.]]
N_functions in (iatom,l):( 2 0 ) block =  1
===== iatom,lblock eigvals ===== 2 0 
 [1.60909092]
===== iatom,lblock eigvecs ===== 2 0 
 [[1.]]
===== W_pnao ===== 
 [1.99999989 1.78388195 1.77225964 1.24495978 1.24495978 1.99999639
 1.98166671 1.81733625 1.30350097 1.30350097 1.60909092]
===== N_avpnao =====

                  [Col  1]              [Col  2]              [Col  3]              [Col  4]              [Col  5]              [Col  6]              [Col  7]              [Col  8]              [Col  9]              [Col 10]
[Row   1]              -0.9893               0.2950               0.0000               0.0000               0.0000               0.0000               0.0000               0.0000               0.0000               0.0000
[Row   2]              -0.0401              -1.0316               0.0000               0.0000               0.0000               0.0000               0.0000               0.0000               0.0000               0.0000
[Row   3]               0.0000               0.0000               1.0000               0.0000               0.0000               0.0000               0.0000               0.0000               0.0000               0.0000
[Row   4]               0.0000               0.0000               0.0000               1.0000               0.0000               0.0000               0.0000               0.0000               0.0000               0.0000
[Row   5]               0.0000               0.0000               0.0000               0.0000               1.0000               0.0000               0.0000               0.0000               0.0000               0.0000
[Row   6]               0.0000               0.0000               0.0000               0.0000               0.0000              -0.9730               0.3343               0.0000               0.0000               0.0000
[Row   7]               0.0000               0.0000               0.0000               0.0000               0.0000              -0.0962              -1.0243               0.0000               0.0000               0.0000
[Row   8]               0.0000               0.0000               0.0000               0.0000               0.0000               0.0000               0.0000               1.0000               0.0000               0.0000
[Row   9]               0.0000               0.0000               0.0000               0.0000               0.0000               0.0000               0.0000               0.0000               1.0000               0.0000
[Row  10]               0.0000               0.0000               0.0000               0.0000               0.0000               0.0000               0.0000               0.0000               0.0000               1.0000
[Row  11]               0.0000               0.0000               0.0000               0.0000               0.0000               0.0000               0.0000               0.0000               0.0000               0.0000
                  [Col 11]
[Row   1]               0.0000
[Row   2]               0.0000
[Row   3]               0.0000
[Row   4]               0.0000
[Row   5]               0.0000
[Row   6]               0.0000
[Row   7]               0.0000
[Row   8]               0.0000
[Row   9]               0.0000
[Row  10]               0.0000
[Row  11]               1.0000
N_functions in (iatom,l):( 0 0 ) block =  2
===== iatom,lblock eigvals ===== 0 0 
 [1.99999989 1.78388195]
===== iatom,lblock eigvecs ===== 0 0 
 [[-0.98929419  0.2950185 ]
 [-0.04007127 -1.03156832]]
N_functions in (iatom,l):( 0 1 ) block =  3
eigvecs before 
 [[0. 0. 1.]
 [0. 1. 0.]
 [1. 0. 0.]]
mlMap 
 [[0. 0. 1.]
 [0. 1. 0.]
 [1. 0. 0.]]
eigvecs after 
 [[1. 0. 0.]
 [0. 1. 0.]
 [0. 0. 1.]]
===== iatom,lblock eigvals ===== 0 1 
 [1.77225964 1.24495978 1.24495978]
===== iatom,lblock eigvecs ===== 0 1 
 [[1. 0. 0.]
 [0. 1. 0.]
 [0. 0. 1.]]
N_functions in (iatom,l):( 1 0 ) block =  2
===== iatom,lblock eigvals ===== 1 0 
 [1.99999639 1.98166671]
===== iatom,lblock eigvecs ===== 1 0 
 [[-0.97300428  0.3342688 ]
 [-0.09621193 -1.02431256]]
N_functions in (iatom,l):( 1 1 ) block =  3
eigvecs before 
 [[0. 1. 0.]
 [0. 0. 1.]
 [1. 0. 0.]]
mlMap 
 [[0. 0. 1.]
 [1. 0. 0.]
 [0. 1. 0.]]
eigvecs after 
 [[1. 0. 0.]
 [0. 1. 0.]
 [0. 0. 1.]]
===== iatom,lblock eigvals ===== 1 1 
 [1.81733625 1.30350097 1.30350097]
===== iatom,lblock eigvecs ===== 1 1 
 [[1. 0. 0.]
 [0. 1. 0.]
 [0. 0. 1.]]
N_functions in (iatom,l):( 2 0 ) block =  1
===== iatom,lblock eigvals ===== 2 0 
 [1.60909092]
===== iatom,lblock eigvecs ===== 2 0 
 [[1.]]
N_functions in (iatom,l):( 0 0 ) block =  2
===== iatom,lblock eigvals ===== 0 0 
 [1.99999989 1.78388195]
===== iatom,lblock eigvecs ===== 0 0 
 [[-0.98929419  0.2950185 ]
 [-0.04007127 -1.03156832]]
N_functions in (iatom,l):( 0 1 ) block =  3
eigvecs before 
 [[0. 0. 1.]
 [0. 1. 0.]
 [1. 0. 0.]]
mlMap 
 [[0. 0. 1.]
 [0. 1. 0.]
 [1. 0. 0.]]
eigvecs after 
 [[1. 0. 0.]
 [0. 1. 0.]
 [0. 0. 1.]]
===== iatom,lblock eigvals ===== 0 1 
 [1.77225964 1.24495978 1.24495978]
===== iatom,lblock eigvecs ===== 0 1 
 [[1. 0. 0.]
 [0. 1. 0.]
 [0. 0. 1.]]
N_functions in (iatom,l):( 1 0 ) block =  2
===== iatom,lblock eigvals ===== 1 0 
 [1.99999639 1.98166671]
===== iatom,lblock eigvecs ===== 1 0 
 [[-0.97300428  0.3342688 ]
 [-0.09621193 -1.02431256]]
N_functions in (iatom,l):( 1 1 ) block =  3
eigvecs before 
 [[0. 1. 0.]
 [0. 0. 1.]
 [1. 0. 0.]]
mlMap 
 [[0. 0. 1.]
 [1. 0. 0.]
 [0. 1. 0.]]
eigvecs after 
 [[1. 0. 0.]
 [0. 1. 0.]
 [0. 0. 1.]]
===== iatom,lblock eigvals ===== 1 1 
 [1.81733625 1.30350097 1.30350097]
===== iatom,lblock eigvecs ===== 1 1 
 [[1. 0. 0.]
 [0. 1. 0.]
 [0. 0. 1.]]
N_functions in (iatom,l):( 2 0 ) block =  1
===== iatom,lblock eigvals ===== 2 0 
 [1.60909092]
===== iatom,lblock eigvecs ===== 2 0 
 [[1.]]
eigvalP_aoao 
 [1.99999989 1.78388195 1.77225964 1.24495978 1.24495978 1.99999639
 1.98166671 1.81733625 1.30350097 1.30350097 1.60909092]
eigvalP_avav 
 [1.99999989 1.78388195 1.77225964 1.24495978 1.24495978 1.99999639
 1.98166671 1.81733625 1.30350097 1.30350097 1.60909092]
===== eigvecP_aoao =====

                  [Col  1]              [Col  2]              [Col  3]              [Col  4]              [Col  5]              [Col  6]              [Col  7]              [Col  8]              [Col  9]              [Col 10]
[Row   1]              -0.9893               0.2950               0.0000               0.0000               0.0000               0.0000               0.0000               0.0000               0.0000               0.0000
[Row   2]              -0.0401              -1.0316               0.0000               0.0000               0.0000               0.0000               0.0000               0.0000               0.0000               0.0000
[Row   3]               0.0000               0.0000               1.0000               0.0000               0.0000               0.0000               0.0000               0.0000               0.0000               0.0000
[Row   4]               0.0000               0.0000               0.0000               1.0000               0.0000               0.0000               0.0000               0.0000               0.0000               0.0000
[Row   5]               0.0000               0.0000               0.0000               0.0000               1.0000               0.0000               0.0000               0.0000               0.0000               0.0000
[Row   6]               0.0000               0.0000               0.0000               0.0000               0.0000              -0.9730               0.3343               0.0000               0.0000               0.0000
[Row   7]               0.0000               0.0000               0.0000               0.0000               0.0000              -0.0962              -1.0243               0.0000               0.0000               0.0000
[Row   8]               0.0000               0.0000               0.0000               0.0000               0.0000               0.0000               0.0000               1.0000               0.0000               0.0000
[Row   9]               0.0000               0.0000               0.0000               0.0000               0.0000               0.0000               0.0000               0.0000               1.0000               0.0000
[Row  10]               0.0000               0.0000               0.0000               0.0000               0.0000               0.0000               0.0000               0.0000               0.0000               1.0000
[Row  11]               0.0000               0.0000               0.0000               0.0000               0.0000               0.0000               0.0000               0.0000               0.0000               0.0000
                  [Col 11]
[Row   1]               0.0000
[Row   2]               0.0000
[Row   3]               0.0000
[Row   4]               0.0000
[Row   5]               0.0000
[Row   6]               0.0000
[Row   7]               0.0000
[Row   8]               0.0000
[Row   9]               0.0000
[Row  10]               0.0000
[Row  11]               1.0000
===== eigvecP_avav =====

                  [Col  1]              [Col  2]              [Col  3]              [Col  4]              [Col  5]              [Col  6]              [Col  7]              [Col  8]              [Col  9]              [Col 10]
[Row   1]              -0.9893               0.2950               0.0000               0.0000               0.0000               0.0000               0.0000               0.0000               0.0000               0.0000
[Row   2]              -0.0401              -1.0316               0.0000               0.0000               0.0000               0.0000               0.0000               0.0000               0.0000               0.0000
[Row   3]               0.0000               0.0000               1.0000               0.0000               0.0000               0.0000               0.0000               0.0000               0.0000               0.0000
[Row   4]               0.0000               0.0000               0.0000               1.0000               0.0000               0.0000               0.0000               0.0000               0.0000               0.0000
[Row   5]               0.0000               0.0000               0.0000               0.0000               1.0000               0.0000               0.0000               0.0000               0.0000               0.0000
[Row   6]               0.0000               0.0000               0.0000               0.0000               0.0000              -0.9730               0.3343               0.0000               0.0000               0.0000
[Row   7]               0.0000               0.0000               0.0000               0.0000               0.0000              -0.0962              -1.0243               0.0000               0.0000               0.0000
[Row   8]               0.0000               0.0000               0.0000               0.0000               0.0000               0.0000               0.0000               1.0000               0.0000               0.0000
[Row   9]               0.0000               0.0000               0.0000               0.0000               0.0000               0.0000               0.0000               0.0000               1.0000               0.0000
[Row  10]               0.0000               0.0000               0.0000               0.0000               0.0000               0.0000               0.0000               0.0000               0.0000               1.0000
[Row  11]               0.0000               0.0000               0.0000               0.0000               0.0000               0.0000               0.0000               0.0000               0.0000               0.0000
                  [Col 11]
[Row   1]               0.0000
[Row   2]               0.0000
[Row   3]               0.0000
[Row   4]               0.0000
[Row   5]               0.0000
[Row   6]               0.0000
[Row   7]               0.0000
[Row   8]               0.0000
[Row   9]               0.0000
[Row  10]               0.0000
[Row  11]               1.0000
===== T1 =====

                  [Col  1]              [Col  2]              [Col  3]              [Col  4]              [Col  5]              [Col  6]              [Col  7]              [Col  8]              [Col  9]              [Col 10]
[Row   1]               1.0000               0.0000               0.0000               0.0000               0.0000               0.0000               0.0000               0.0000               0.0000               0.0000
[Row   2]               0.0000               1.0000               0.0000               0.0000               0.0000               0.0000               0.0000               0.0000               0.0000               0.0000
[Row   3]               0.0000               0.0000               1.0000               0.0000               0.0000               0.0000               0.0000               0.0000               0.0000               0.0000
[Row   4]               0.0000               0.0000               0.0000               1.0000               0.0000               0.0000               0.0000               0.0000               0.0000               0.0000
[Row   5]               0.0000               0.0000               0.0000               0.0000               1.0000               0.0000               0.0000               0.0000               0.0000               0.0000
[Row   6]               0.0000               0.0000               0.0000               0.0000               0.0000               1.0000               0.0000               0.0000               0.0000               0.0000
[Row   7]               0.0000               0.0000               0.0000               0.0000               0.0000               0.0000               1.0000               0.0000               0.0000               0.0000
[Row   8]               0.0000               0.0000               0.0000               0.0000               0.0000               0.0000               0.0000               1.0000               0.0000               0.0000
[Row   9]               0.0000               0.0000               0.0000               0.0000               0.0000               0.0000               0.0000               0.0000               1.0000               0.0000
[Row  10]               0.0000               0.0000               0.0000               0.0000               0.0000               0.0000               0.0000               0.0000               0.0000               1.0000
[Row  11]               0.0000               0.0000               0.0000               0.0000               0.0000               0.0000               0.0000               0.0000               0.0000               0.0000
                  [Col 11]
[Row   1]               0.0000
[Row   2]               0.0000
[Row   3]               0.0000
[Row   4]               0.0000
[Row   5]               0.0000
[Row   6]               0.0000
[Row   7]               0.0000
[Row   8]               0.0000
[Row   9]               0.0000
[Row  10]               0.0000
[Row  11]               1.0000
===== invT1*T1 =====

                  [Col  1]              [Col  2]              [Col  3]              [Col  4]              [Col  5]              [Col  6]              [Col  7]              [Col  8]              [Col  9]              [Col 10]
[Row   1]               1.0000               0.0000               0.0000               0.0000               0.0000               0.0000               0.0000               0.0000               0.0000               0.0000
[Row   2]               0.0000               1.0000               0.0000               0.0000               0.0000               0.0000               0.0000               0.0000               0.0000               0.0000
[Row   3]               0.0000               0.0000               1.0000               0.0000               0.0000               0.0000               0.0000               0.0000               0.0000               0.0000
[Row   4]               0.0000               0.0000               0.0000               1.0000               0.0000               0.0000               0.0000               0.0000               0.0000               0.0000
[Row   5]               0.0000               0.0000               0.0000               0.0000               1.0000               0.0000               0.0000               0.0000               0.0000               0.0000
[Row   6]               0.0000               0.0000               0.0000               0.0000               0.0000               1.0000               0.0000               0.0000               0.0000               0.0000
[Row   7]               0.0000               0.0000               0.0000               0.0000               0.0000               0.0000               1.0000               0.0000               0.0000               0.0000
[Row   8]               0.0000               0.0000               0.0000               0.0000               0.0000               0.0000               0.0000               1.0000               0.0000               0.0000
[Row   9]               0.0000               0.0000               0.0000               0.0000               0.0000               0.0000               0.0000               0.0000               1.0000               0.0000
[Row  10]               0.0000               0.0000               0.0000               0.0000               0.0000               0.0000               0.0000               0.0000               0.0000               1.0000
[Row  11]               0.0000               0.0000               0.0000               0.0000               0.0000               0.0000               0.0000               0.0000               0.0000               0.0000
                  [Col 11]
[Row   1]               0.0000
[Row   2]               0.0000
[Row   3]               0.0000
[Row   4]               0.0000
[Row   5]               0.0000
[Row   6]               0.0000
[Row   7]               0.0000
[Row   8]               0.0000
[Row   9]               0.0000
[Row  10]               0.0000
[Row  11]               1.0000
===== Trial P_aoao -> P_avav =====

                  [Col  1]              [Col  2]              [Col  3]              [Col  4]              [Col  5]              [Col  6]              [Col  7]              [Col  8]              [Col  9]              [Col 10]
[Row   1]               1.9997               0.5048               0.0000               0.0000              -0.0004               0.0002               0.1052               0.0000               0.0000              -0.1702
[Row   2]               0.5048               1.8015               0.0000               0.0000               0.0055               0.0945               0.9154               0.0000               0.0000              -0.9609
[Row   3]               0.0000               0.0000               1.2450               0.0000               0.0000               0.0000               0.0000               1.2739               0.0000               0.0000
[Row   4]               0.0000               0.0000               0.0000               1.2450               0.0000               0.0000               0.0000               0.0000               1.2739               0.0000
[Row   5]              -0.0004               0.0055               0.0000               0.0000               1.7723               0.1622               0.9870               0.0000               0.0000              -0.7460
[Row   6]               0.0002               0.0945               0.0000               0.0000               0.1622               1.9998               0.4717               0.0000               0.0000              -0.0054
[Row   7]               0.1052               0.9154               0.0000               0.0000               0.9870               0.4717               1.9836               0.0000               0.0000               0.0523
[Row   8]               0.0000               0.0000               1.2739               0.0000               0.0000               0.0000               0.0000               1.3035               0.0000               0.0000
[Row   9]               0.0000               0.0000               0.0000               1.2739               0.0000               0.0000               0.0000               0.0000               1.3035               0.0000
[Row  10]              -0.1702              -0.9609               0.0000               0.0000              -0.7460              -0.0054               0.0523               0.0000               0.0000               1.8173
[Row  11]               0.1217               1.2277               0.0000               0.0000              -1.1352               0.0080               0.1237               0.0000               0.0000              -0.0752
                  [Col 11]
[Row   1]               0.1217
[Row   2]               1.2277
[Row   3]               0.0000
[Row   4]               0.0000
[Row   5]              -1.1352
[Row   6]               0.0080
[Row   7]               0.1237
[Row   8]               0.0000
[Row   9]               0.0000
[Row  10]              -0.0752
[Row  11]               1.6091
===== P_avav =====

                  [Col  1]              [Col  2]              [Col  3]              [Col  4]              [Col  5]              [Col  6]              [Col  7]              [Col  8]              [Col  9]              [Col 10]
[Row   1]               1.9997               0.5048               0.0000               0.0000              -0.0004               0.0002               0.1052               0.0000               0.0000              -0.1702
[Row   2]               0.5048               1.8015               0.0000               0.0000               0.0055               0.0945               0.9154               0.0000               0.0000              -0.9609
[Row   3]               0.0000               0.0000               1.2450               0.0000               0.0000               0.0000               0.0000               1.2739               0.0000               0.0000
[Row   4]               0.0000               0.0000               0.0000               1.2450               0.0000               0.0000               0.0000               0.0000               1.2739               0.0000
[Row   5]              -0.0004               0.0055               0.0000               0.0000               1.7723               0.1622               0.9870               0.0000               0.0000              -0.7460
[Row   6]               0.0002               0.0945               0.0000               0.0000               0.1622               1.9998               0.4717               0.0000               0.0000              -0.0054
[Row   7]               0.1052               0.9154               0.0000               0.0000               0.9870               0.4717               1.9836               0.0000               0.0000               0.0523
[Row   8]               0.0000               0.0000               1.2739               0.0000               0.0000               0.0000               0.0000               1.3035               0.0000               0.0000
[Row   9]               0.0000               0.0000               0.0000               1.2739               0.0000               0.0000               0.0000               0.0000               1.3035               0.0000
[Row  10]              -0.1702              -0.9609               0.0000               0.0000              -0.7460              -0.0054               0.0523               0.0000               0.0000               1.8173
[Row  11]               0.1217               1.2277               0.0000               0.0000              -1.1352               0.0080               0.1237               0.0000               0.0000              -0.0752
                  [Col 11]
[Row   1]               0.1217
[Row   2]               1.2277
[Row   3]               0.0000
[Row   4]               0.0000
[Row   5]              -1.1352
[Row   6]               0.0080
[Row   7]               0.1237
[Row   8]               0.0000
[Row   9]               0.0000
[Row  10]              -0.0752
[Row  11]               1.6091
===== Trial S_aoao -> S_avav =====

                  [Col  1]              [Col  2]              [Col  3]              [Col  4]              [Col  5]              [Col  6]              [Col  7]              [Col  8]              [Col  9]              [Col 10]
[Row   1]               1.0000               0.2484               0.0000               0.0000               0.0000               0.0000               0.0533               0.0000               0.0000              -0.0882
[Row   2]               0.2484               1.0000               0.0000               0.0000               0.0000               0.0494               0.4401               0.0000               0.0000              -0.4024
[Row   3]               0.0000               0.0000               1.0000               0.0000               0.0000               0.0000               0.0000               0.2744               0.0000               0.0000
[Row   4]               0.0000               0.0000               0.0000               1.0000               0.0000               0.0000               0.0000               0.0000               0.2744               0.0000
[Row   5]               0.0000               0.0000               0.0000               0.0000               1.0000               0.0832               0.4699               0.0000               0.0000              -0.3167
[Row   6]               0.0000               0.0494               0.0000               0.0000               0.0832               1.0000               0.2350               0.0000               0.0000               0.0000
[Row   7]               0.0533               0.4401               0.0000               0.0000               0.4699               0.2350               1.0000               0.0000               0.0000               0.0000
[Row   8]               0.0000               0.0000               0.2744               0.0000               0.0000               0.0000               0.0000               1.0000               0.0000               0.0000
[Row   9]               0.0000               0.0000               0.0000               0.2744               0.0000               0.0000               0.0000               0.0000               1.0000               0.0000
[Row  10]              -0.0882              -0.4024               0.0000               0.0000              -0.3167               0.0000               0.0000               0.0000               0.0000               1.0000
[Row  11]               0.0654               0.5029               0.0000               0.0000              -0.4744               0.0033               0.0624               0.0000               0.0000              -0.0785
                  [Col 11]
[Row   1]               0.0654
[Row   2]               0.5029
[Row   3]               0.0000
[Row   4]               0.0000
[Row   5]              -0.4744
[Row   6]               0.0033
[Row   7]               0.0624
[Row   8]               0.0000
[Row   9]               0.0000
[Row  10]              -0.0785
[Row  11]               1.0000
===== S_avav =====

                  [Col  1]              [Col  2]              [Col  3]              [Col  4]              [Col  5]              [Col  6]              [Col  7]              [Col  8]              [Col  9]              [Col 10]
[Row   1]               1.0000               0.2484               0.0000               0.0000               0.0000               0.0000               0.0533               0.0000               0.0000              -0.0882
[Row   2]               0.2484               1.0000               0.0000               0.0000               0.0000               0.0494               0.4401               0.0000               0.0000              -0.4024
[Row   3]               0.0000               0.0000               1.0000               0.0000               0.0000               0.0000               0.0000               0.2744               0.0000               0.0000
[Row   4]               0.0000               0.0000               0.0000               1.0000               0.0000               0.0000               0.0000               0.0000               0.2744               0.0000
[Row   5]               0.0000               0.0000               0.0000               0.0000               1.0000               0.0832               0.4699               0.0000               0.0000              -0.3167
[Row   6]               0.0000               0.0494               0.0000               0.0000               0.0832               1.0000               0.2350               0.0000               0.0000               0.0000
[Row   7]               0.0533               0.4401               0.0000               0.0000               0.4699               0.2350               1.0000               0.0000               0.0000               0.0000
[Row   8]               0.0000               0.0000               0.2744               0.0000               0.0000               0.0000               0.0000               1.0000               0.0000               0.0000
[Row   9]               0.0000               0.0000               0.0000               0.2744               0.0000               0.0000               0.0000               0.0000               1.0000               0.0000
[Row  10]              -0.0882              -0.4024               0.0000               0.0000              -0.3167               0.0000               0.0000               0.0000               0.0000               1.0000
[Row  11]               0.0654               0.5029               0.0000               0.0000              -0.4744               0.0033               0.0624               0.0000               0.0000              -0.0785
                  [Col 11]
[Row   1]               0.0654
[Row   2]               0.5029
[Row   3]               0.0000
[Row   4]               0.0000
[Row   5]              -0.4744
[Row   6]               0.0033
[Row   7]               0.0624
[Row   8]               0.0000
[Row   9]               0.0000
[Row  10]              -0.0785
[Row  11]               1.0000
===== Spnao =====

                  [Col  1]              [Col  2]              [Col  3]              [Col  4]              [Col  5]              [Col  6]              [Col  7]              [Col  8]              [Col  9]              [Col 10]
[Row   1]               1.0000               0.0000               0.0000               0.0000               0.0000               0.0087               0.0714               0.0000               0.0000               0.1034
[Row   2]              -0.0000               1.0000               0.0000               0.0000               0.0000               0.0917               0.4319               0.0000               0.0000               0.3891
[Row   3]               0.0000               0.0000               1.0000               0.0000               0.0000               0.0000               0.0000               0.2744               0.0000               0.0000
[Row   4]               0.0000               0.0000               0.0000               1.0000               0.0000               0.0000               0.0000               0.0000               0.2744               0.0000
[Row   5]               0.0000               0.0000               0.0000               0.0000               1.0000              -0.1261              -0.4536               0.0000               0.0000              -0.3167
[Row   6]               0.0087               0.0917               0.0000               0.0000              -0.1261               1.0000              -0.0000               0.0000               0.0000               0.0000
[Row   7]               0.0714               0.4319               0.0000               0.0000              -0.4536              -0.0000               1.0000               0.0000               0.0000               0.0000
[Row   8]               0.0000               0.0000               0.2744               0.0000               0.0000               0.0000               0.0000               1.0000               0.0000               0.0000
[Row   9]               0.0000               0.0000               0.0000               0.2744               0.0000               0.0000               0.0000               0.0000               1.0000               0.0000
[Row  10]               0.1034               0.3891               0.0000               0.0000              -0.3167               0.0000               0.0000               0.0000               0.0000               1.0000
[Row  11]              -0.0849              -0.4995               0.0000               0.0000              -0.4744              -0.0092              -0.0628               0.0000               0.0000              -0.0785
                  [Col 11]
[Row   1]              -0.0849
[Row   2]              -0.4995
[Row   3]               0.0000
[Row   4]               0.0000
[Row   5]              -0.4744
[Row   6]              -0.0092
[Row   7]              -0.0628
[Row   8]               0.0000
[Row   9]               0.0000
[Row  10]              -0.0785
[Row  11]               1.0000
===== Ppnao =====

                  [Col  1]              [Col  2]              [Col  3]              [Col  4]              [Col  5]              [Col  6]              [Col  7]              [Col  8]              [Col  9]              [Col 10]
[Row   1]               2.0000              -0.0000               0.0000               0.0000               0.0002               0.0174               0.1429               0.0000               0.0000               0.2068
[Row   2]              -0.0000               1.7839               0.0000               0.0000              -0.0058               0.1827               0.9029               0.0000               0.0000               0.9410
[Row   3]               0.0000               0.0000               1.2450               0.0000               0.0000               0.0000               0.0000               1.2739               0.0000               0.0000
[Row   4]               0.0000               0.0000               0.0000               1.2450               0.0000               0.0000               0.0000               0.0000               1.2739               0.0000
[Row   5]               0.0002              -0.0058               0.0000               0.0000               1.7723              -0.2528              -0.9568               0.0000               0.0000              -0.7460
[Row   6]               0.0174               0.1827               0.0000               0.0000              -0.2528               2.0000               0.0000               0.0000               0.0000               0.0002
[Row   7]               0.1429               0.9029               0.0000               0.0000              -0.9568              -0.0000               1.9817               0.0000               0.0000              -0.0554
[Row   8]               0.0000               0.0000               1.2739               0.0000               0.0000               0.0000               0.0000               1.3035               0.0000               0.0000
[Row   9]               0.0000               0.0000               0.0000               1.2739               0.0000               0.0000               0.0000               0.0000               1.3035               0.0000
[Row  10]               0.2068               0.9410               0.0000               0.0000              -0.7460               0.0002              -0.0554               0.0000               0.0000               1.8173
[Row  11]              -0.1696              -1.2305               0.0000               0.0000              -1.1352              -0.0197              -0.1240               0.0000               0.0000              -0.0752
                  [Col 11]
[Row   1]              -0.1696
[Row   2]              -1.2305
[Row   3]               0.0000
[Row   4]               0.0000
[Row   5]              -1.1352
[Row   6]              -0.0197
[Row   7]              -0.1240
[Row   8]               0.0000
[Row   9]               0.0000
[Row  10]              -0.0752
[Row  11]               1.6091
