molecule mol21.xyz
System:, atNum: 3 coords [0.         0.         2.62016196]
System:, atNum: 3 coords [ 0.          0.         -2.62016196]
===== Original AO-S matrix =====

                  [Col  1]              [Col  2]              [Col  3]              [Col  4]              [Col  5]              [Col  6]              [Col  7]              [Col  8]              [Col  9]              [Col 10]
[Row   1]               1.0000               0.2411              -0.0000               0.0000               0.0000               0.0000               0.0472               0.0785               0.0000               0.0000
[Row   2]               0.2411               1.0000               0.0000               0.0000               0.0000               0.0472               0.4221               0.4266               0.0000               0.0000
[Row   3]              -0.0000               0.0000               1.0000               0.0000               0.0000              -0.0785              -0.4266              -0.3249               0.0000               0.0000
[Row   4]               0.0000               0.0000               0.0000               1.0000               0.0000               0.0000               0.0000               0.0000               0.2592               0.0000
[Row   5]               0.0000               0.0000               0.0000               0.0000               1.0000               0.0000               0.0000               0.0000               0.0000               0.2592
[Row   6]               0.0000               0.0472              -0.0785               0.0000               0.0000               1.0000               0.2411               0.0000               0.0000               0.0000
[Row   7]               0.0472               0.4221              -0.4266               0.0000               0.0000               0.2411               1.0000              -0.0000               0.0000               0.0000
[Row   8]               0.0785               0.4266              -0.3249               0.0000               0.0000               0.0000              -0.0000               1.0000               0.0000               0.0000
[Row   9]               0.0000               0.0000               0.0000               0.2592               0.0000               0.0000               0.0000               0.0000               1.0000               0.0000
[Row  10]               0.0000               0.0000               0.0000               0.0000               0.2592               0.0000               0.0000               0.0000               0.0000               1.0000
nbas 10
 ===== CA ===== 

                  [Col  1]              [Col  2]              [Col  3]              [Col  4]              [Col  5]              [Col  6]              [Col  7]              [Col  8]              [Col  9]              [Col 10]
[Row   1]               0.7004               0.7010               0.1952               0.1801               0.0000              -0.0000               0.0392               0.0000              -0.0000               0.1363
[Row   2]               0.0360               0.0203              -0.5720              -0.7027              -0.0000               0.0000              -0.2896              -0.0000              -0.0000              -1.1158
[Row   3]              -0.0075               0.0020               0.1028              -0.2991               0.0000               0.0000              -0.6381              -0.0000              -0.0000               1.1472
[Row   4]              -0.0000              -0.0000              -0.0000              -0.0000               0.6299               0.0161               0.0000               0.8214               0.0143              -0.0000
[Row   5]               0.0000              -0.0000              -0.0000              -0.0000               0.0161              -0.6299              -0.0000              -0.0143               0.8214              -0.0000
[Row   6]              -0.7004               0.7010               0.1952              -0.1801              -0.0000              -0.0000               0.0392               0.0000              -0.0000              -0.1363
[Row   7]              -0.0360               0.0203              -0.5720               0.7027               0.0000               0.0000              -0.2896              -0.0000               0.0000               1.1158
[Row   8]              -0.0075              -0.0020              -0.1028              -0.2991              -0.0000              -0.0000               0.6381               0.0000               0.0000               1.1472
[Row   9]               0.0000              -0.0000              -0.0000               0.0000               0.6299               0.0161               0.0000              -0.8214              -0.0143              -0.0000
[Row  10]               0.0000               0.0000              -0.0000              -0.0000               0.0161              -0.6299              -0.0000               0.0143              -0.8214               0.0000
 ===== CB ===== 

                  [Col  1]              [Col  2]              [Col  3]              [Col  4]              [Col  5]              [Col  6]              [Col  7]              [Col  8]              [Col  9]              [Col 10]
[Row   1]               0.7004               0.7010               0.1952               0.1801               0.0000              -0.0000               0.0392               0.0000              -0.0000               0.1363
[Row   2]               0.0360               0.0203              -0.5720              -0.7027              -0.0000               0.0000              -0.2896              -0.0000              -0.0000              -1.1158
[Row   3]              -0.0075               0.0020               0.1028              -0.2991               0.0000               0.0000              -0.6381              -0.0000              -0.0000               1.1472
[Row   4]              -0.0000              -0.0000              -0.0000              -0.0000               0.6299               0.0161               0.0000               0.8214               0.0143              -0.0000
[Row   5]               0.0000              -0.0000              -0.0000              -0.0000               0.0161              -0.6299              -0.0000              -0.0143               0.8214              -0.0000
[Row   6]              -0.7004               0.7010               0.1952              -0.1801              -0.0000              -0.0000               0.0392               0.0000              -0.0000              -0.1363
[Row   7]              -0.0360               0.0203              -0.5720               0.7027               0.0000               0.0000              -0.2896              -0.0000               0.0000               1.1158
[Row   8]              -0.0075              -0.0020              -0.1028              -0.2991              -0.0000              -0.0000               0.6381               0.0000               0.0000               1.1472
[Row   9]               0.0000              -0.0000              -0.0000               0.0000               0.6299               0.0161               0.0000              -0.8214              -0.0143              -0.0000
[Row  10]               0.0000               0.0000              -0.0000              -0.0000               0.0161              -0.6299              -0.0000               0.0143              -0.8214               0.0000
 ===== P_psi ===== Dalpha+Dbeta 

                  [Col  1]              [Col  2]              [Col  3]              [Col  4]              [Col  5]              [Col  6]              [Col  7]              [Col  8]              [Col  9]              [Col 10]
[Row   1]               2.0401              -0.1444               0.0323              -0.0000              -0.0000               0.0781              -0.2452              -0.0534               0.0000              -0.0000
[Row   2]              -0.1444               0.6578              -0.1180               0.0000               0.0000              -0.2452               0.6526               0.1170               0.0000               0.0000
[Row   3]               0.0323              -0.1180               0.0212              -0.0000              -0.0000               0.0534              -0.1170              -0.0210              -0.0000              -0.0000
[Row   4]              -0.0000               0.0000              -0.0000               0.0000               0.0000               0.0000               0.0000               0.0000              -0.0000               0.0000
[Row   5]              -0.0000               0.0000              -0.0000               0.0000               0.0000              -0.0000               0.0000               0.0000               0.0000               0.0000
[Row   6]               0.0781              -0.2452               0.0534               0.0000              -0.0000               2.0401              -0.1444              -0.0323              -0.0000              -0.0000
[Row   7]              -0.2452               0.6526              -0.1170               0.0000               0.0000              -0.1444               0.6578               0.1180               0.0000               0.0000
[Row   8]              -0.0534               0.1170              -0.0210               0.0000               0.0000              -0.0323               0.1180               0.0212               0.0000               0.0000
[Row   9]               0.0000               0.0000              -0.0000              -0.0000               0.0000              -0.0000               0.0000               0.0000               0.0000               0.0000
[Row  10]              -0.0000               0.0000              -0.0000               0.0000               0.0000              -0.0000               0.0000               0.0000               0.0000               0.0000
===== P_mu,nu local =====

                  [Col  1]              [Col  2]              [Col  3]              [Col  4]              [Col  5]              [Col  6]              [Col  7]              [Col  8]              [Col  9]              [Col 10]
[Row   1]               2.0401              -0.1444               0.0323              -0.0000              -0.0000               0.0781              -0.2452              -0.0534               0.0000              -0.0000
[Row   2]              -0.1444               0.6578              -0.1180               0.0000               0.0000              -0.2452               0.6526               0.1170               0.0000               0.0000
[Row   3]               0.0323              -0.1180               0.0212              -0.0000              -0.0000               0.0534              -0.1170              -0.0210              -0.0000              -0.0000
[Row   4]              -0.0000               0.0000              -0.0000               0.0000               0.0000               0.0000               0.0000               0.0000              -0.0000               0.0000
[Row   5]              -0.0000               0.0000              -0.0000               0.0000               0.0000              -0.0000               0.0000               0.0000               0.0000               0.0000
[Row   6]               0.0781              -0.2452               0.0534               0.0000              -0.0000               2.0401              -0.1444              -0.0323              -0.0000              -0.0000
[Row   7]              -0.2452               0.6526              -0.1170               0.0000               0.0000              -0.1444               0.6578               0.1180               0.0000               0.0000
[Row   8]              -0.0534               0.1170              -0.0210               0.0000               0.0000              -0.0323               0.1180               0.0212               0.0000               0.0000
[Row   9]               0.0000               0.0000              -0.0000              -0.0000               0.0000              -0.0000               0.0000               0.0000               0.0000               0.0000
[Row  10]              -0.0000               0.0000              -0.0000               0.0000               0.0000              -0.0000               0.0000               0.0000               0.0000               0.0000
===== P_mu,nu psi4 =====

                  [Col  1]              [Col  2]              [Col  3]              [Col  4]              [Col  5]              [Col  6]              [Col  7]              [Col  8]              [Col  9]              [Col 10]
[Row   1]               2.0401              -0.1444               0.0323              -0.0000              -0.0000               0.0781              -0.2452              -0.0534               0.0000              -0.0000
[Row   2]              -0.1444               0.6578              -0.1180               0.0000               0.0000              -0.2452               0.6526               0.1170               0.0000               0.0000
[Row   3]               0.0323              -0.1180               0.0212              -0.0000              -0.0000               0.0534              -0.1170              -0.0210              -0.0000              -0.0000
[Row   4]              -0.0000               0.0000              -0.0000               0.0000               0.0000               0.0000               0.0000               0.0000              -0.0000               0.0000
[Row   5]              -0.0000               0.0000              -0.0000               0.0000               0.0000              -0.0000               0.0000               0.0000               0.0000               0.0000
[Row   6]               0.0781              -0.2452               0.0534               0.0000              -0.0000               2.0401              -0.1444              -0.0323              -0.0000              -0.0000
[Row   7]              -0.2452               0.6526              -0.1170               0.0000               0.0000              -0.1444               0.6578               0.1180               0.0000               0.0000
[Row   8]              -0.0534               0.1170              -0.0210               0.0000               0.0000              -0.0323               0.1180               0.0212               0.0000               0.0000
[Row   9]               0.0000               0.0000              -0.0000              -0.0000               0.0000              -0.0000               0.0000               0.0000               0.0000               0.0000
[Row  10]              -0.0000               0.0000              -0.0000               0.0000               0.0000              -0.0000               0.0000               0.0000               0.0000               0.0000
====== P^(AO) = SPS =====

                  [Col  1]              [Col  2]              [Col  3]              [Col  4]              [Col  5]              [Col  6]              [Col  7]              [Col  8]              [Col  9]              [Col 10]
[Row   1]               1.9989               0.5066               0.0221               0.0000               0.0000               0.0010               0.0730               0.1623               0.0000               0.0000
[Row   2]               0.5066               1.4362              -0.5926               0.0000               0.0000               0.0730               1.3421               0.6326               0.0000               0.0000
[Row   3]               0.0221              -0.5926               0.2822               0.0000               0.0000              -0.1623              -0.6326              -0.2652               0.0000               0.0000
[Row   4]               0.0000               0.0000               0.0000               0.0000               0.0000               0.0000               0.0000               0.0000               0.0000               0.0000
[Row   5]               0.0000               0.0000               0.0000               0.0000               0.0000               0.0000               0.0000               0.0000               0.0000               0.0000
[Row   6]               0.0010               0.0730              -0.1623               0.0000               0.0000               1.9989               0.5066              -0.0221               0.0000               0.0000
[Row   7]               0.0730               1.3421              -0.6326               0.0000               0.0000               0.5066               1.4362               0.5926               0.0000               0.0000
[Row   8]               0.1623               0.6326              -0.2652               0.0000               0.0000              -0.0221               0.5926               0.2822               0.0000               0.0000
[Row   9]               0.0000               0.0000               0.0000               0.0000               0.0000               0.0000               0.0000               0.0000               0.0000               0.0000
[Row  10]               0.0000               0.0000               0.0000               0.0000               0.0000               0.0000               0.0000               0.0000               0.0000               0.0000
====== S^(AO) = S =====

                  [Col  1]              [Col  2]              [Col  3]              [Col  4]              [Col  5]              [Col  6]              [Col  7]              [Col  8]              [Col  9]              [Col 10]
[Row   1]               1.0000               0.2411               0.0000               0.0000               0.0000               0.0000               0.0472               0.0785               0.0000               0.0000
[Row   2]               0.2411               1.0000               0.0000               0.0000               0.0000               0.0472               0.4221               0.4266               0.0000               0.0000
[Row   3]               0.0000               0.0000               1.0000               0.0000               0.0000              -0.0785              -0.4266              -0.3249               0.0000               0.0000
[Row   4]               0.0000               0.0000               0.0000               1.0000               0.0000               0.0000               0.0000               0.0000               0.2592               0.0000
[Row   5]               0.0000               0.0000               0.0000               0.0000               1.0000               0.0000               0.0000               0.0000               0.0000               0.2592
[Row   6]               0.0000               0.0472              -0.0785               0.0000               0.0000               1.0000               0.2411               0.0000               0.0000               0.0000
[Row   7]               0.0472               0.4221              -0.4266               0.0000               0.0000               0.2411               1.0000               0.0000               0.0000               0.0000
[Row   8]               0.0785               0.4266              -0.3249               0.0000               0.0000               0.0000               0.0000               1.0000               0.0000               0.0000
[Row   9]               0.0000               0.0000               0.0000               0.2592               0.0000               0.0000               0.0000               0.0000               1.0000               0.0000
[Row  10]               0.0000               0.0000               0.0000               0.0000               0.2592               0.0000               0.0000               0.0000               0.0000               1.0000
====== P^(AO) std gaussian m_l ordering SPS =====

                  [Col  1]              [Col  2]              [Col  3]              [Col  4]              [Col  5]              [Col  6]              [Col  7]              [Col  8]              [Col  9]              [Col 10]
[Row   1]               1.9989               0.5066               0.0000               0.0000               0.0221               0.0010               0.0730               0.0000               0.0000               0.1623
[Row   2]               0.5066               1.4362               0.0000               0.0000              -0.5926               0.0730               1.3421               0.0000               0.0000               0.6326
[Row   3]               0.0000               0.0000               0.0000               0.0000               0.0000               0.0000               0.0000               0.0000               0.0000               0.0000
[Row   4]               0.0000               0.0000               0.0000               0.0000               0.0000               0.0000               0.0000               0.0000               0.0000               0.0000
[Row   5]               0.0221              -0.5926               0.0000               0.0000               0.2822              -0.1623              -0.6326               0.0000               0.0000              -0.2652
[Row   6]               0.0010               0.0730               0.0000               0.0000              -0.1623               1.9989               0.5066               0.0000               0.0000              -0.0221
[Row   7]               0.0730               1.3421               0.0000               0.0000              -0.6326               0.5066               1.4362               0.0000               0.0000               0.5926
[Row   8]               0.0000               0.0000               0.0000               0.0000               0.0000               0.0000               0.0000               0.0000               0.0000               0.0000
[Row   9]               0.0000               0.0000               0.0000               0.0000               0.0000               0.0000               0.0000               0.0000               0.0000               0.0000
[Row  10]               0.1623               0.6326               0.0000               0.0000              -0.2652              -0.0221               0.5926               0.0000               0.0000               0.2822
====== S^(AO) std gaussian m_l ordering =====

                  [Col  1]              [Col  2]              [Col  3]              [Col  4]              [Col  5]              [Col  6]              [Col  7]              [Col  8]              [Col  9]              [Col 10]
[Row   1]               1.0000               0.2411               0.0000               0.0000               0.0000               0.0000               0.0472               0.0000               0.0000               0.0785
[Row   2]               0.2411               1.0000               0.0000               0.0000               0.0000               0.0472               0.4221               0.0000               0.0000               0.4266
[Row   3]               0.0000               0.0000               1.0000               0.0000               0.0000               0.0000               0.0000               0.2592               0.0000               0.0000
[Row   4]               0.0000               0.0000               0.0000               1.0000               0.0000               0.0000               0.0000               0.0000               0.2592               0.0000
[Row   5]               0.0000               0.0000               0.0000               0.0000               1.0000              -0.0785              -0.4266               0.0000               0.0000              -0.3249
[Row   6]               0.0000               0.0472               0.0000               0.0000              -0.0785               1.0000               0.2411               0.0000               0.0000               0.0000
[Row   7]               0.0472               0.4221               0.0000               0.0000              -0.4266               0.2411               1.0000               0.0000               0.0000               0.0000
[Row   8]               0.0000               0.0000               0.2592               0.0000               0.0000               0.0000               0.0000               1.0000               0.0000               0.0000
[Row   9]               0.0000               0.0000               0.0000               0.2592               0.0000               0.0000               0.0000               0.0000               1.0000               0.0000
[Row  10]               0.0785               0.4266               0.0000               0.0000              -0.3249               0.0000               0.0000               0.0000               0.0000               1.0000
===== After load P check zeros ===== 
 [[ 1.99890602e+00  5.06636779e-01  0.00000000e+00  0.00000000e+00
   2.20575555e-02  9.68689190e-04  7.30071667e-02  0.00000000e+00
   0.00000000e+00  1.62345063e-01]
 [ 5.06636779e-01  1.43622521e+00  0.00000000e+00  0.00000000e+00
  -5.92606578e-01  7.30071667e-02  1.34211083e+00  0.00000000e+00
   0.00000000e+00  6.32629072e-01]
 [ 0.00000000e+00  0.00000000e+00  0.00000000e+00  0.00000000e+00
   0.00000000e+00  0.00000000e+00  0.00000000e+00  0.00000000e+00
   0.00000000e+00  0.00000000e+00]
 [ 0.00000000e+00  0.00000000e+00  0.00000000e+00  0.00000000e+00
   0.00000000e+00  0.00000000e+00  0.00000000e+00  0.00000000e+00
   0.00000000e+00  0.00000000e+00]
 [ 2.20575555e-02 -5.92606578e-01  0.00000000e+00  0.00000000e+00
   2.82211687e-01 -1.62345063e-01 -6.32629072e-01  0.00000000e+00
   0.00000000e+00 -2.65191971e-01]
 [ 9.68689190e-04  7.30071667e-02  0.00000000e+00  0.00000000e+00
  -1.62345063e-01  1.99890602e+00  5.06636779e-01  0.00000000e+00
   0.00000000e+00 -2.20575555e-02]
 [ 7.30071667e-02  1.34211083e+00  0.00000000e+00  0.00000000e+00
  -6.32629072e-01  5.06636779e-01  1.43622521e+00  0.00000000e+00
   0.00000000e+00  5.92606578e-01]
 [ 0.00000000e+00  0.00000000e+00  0.00000000e+00  0.00000000e+00
   0.00000000e+00  0.00000000e+00  0.00000000e+00  0.00000000e+00
   0.00000000e+00  0.00000000e+00]
 [ 0.00000000e+00  0.00000000e+00  0.00000000e+00  0.00000000e+00
   0.00000000e+00  0.00000000e+00  0.00000000e+00  0.00000000e+00
   0.00000000e+00  0.00000000e+00]
 [ 1.62345063e-01  6.32629072e-01  0.00000000e+00  0.00000000e+00
  -2.65191971e-01 -2.20575555e-02  5.92606578e-01  0.00000000e+00
   0.00000000e+00  2.82211687e-01]]
lctrl 0 ntrue 2
lctrl 1 ntrue 3
lctrl 1
===== cA before average ===== 
 [[0.         0.         0.        ]
 [0.         0.         0.        ]
 [0.         0.         0.28221169]]
===== cB before average ===== 
 [[1. 0. 0.]
 [0. 1. 0.]
 [0. 0. 1.]]
===== cA after average ===== 
 [[0.         0.         0.        ]
 [0.         0.         0.        ]
 [0.         0.         0.28221169]]
===== cB after average ===== 
 [[1. 0. 0.]
 [0. 1. 0.]
 [0. 0. 1.]]
lctrl 0 ntrue 2
lctrl 1 ntrue 3
lctrl 1
===== cA before average ===== 
 [[0.         0.         0.        ]
 [0.         0.         0.        ]
 [0.         0.         0.28221169]]
===== cB before average ===== 
 [[1. 0. 0.]
 [0. 1. 0.]
 [0. 0. 1.]]
===== cA after average ===== 
 [[0.         0.         0.        ]
 [0.         0.         0.        ]
 [0.         0.         0.28221169]]
===== cB after average ===== 
 [[1. 0. 0.]
 [0. 1. 0.]
 [0. 0. 1.]]
N_functions in (iatom,l):( 0 0 ) block =  2
===== iatom,lblock eigvals ===== 0 0 
 [1.9999598  1.38782306]
===== iatom,lblock eigvecs ===== 0 0 
 [[-0.98882976  0.28974538]
 [-0.04275224 -1.02951878]]
N_functions in (iatom,l):( 0 1 ) block =  3
eigvecs before 
 [[0. 0. 1.]
 [0. 1. 0.]
 [1. 0. 0.]]
mlMap 
 [[0. 0. 1.]
 [0. 1. 0.]
 [1. 0. 0.]]
eigvecs after 
 [[1. 0. 0.]
 [0. 1. 0.]
 [0. 0. 1.]]
===== iatom,lblock eigvals ===== 0 1 
 [0.28221169 0.         0.        ]
===== iatom,lblock eigvecs ===== 0 1 
 [[1. 0. 0.]
 [0. 1. 0.]
 [0. 0. 1.]]
N_functions in (iatom,l):( 1 0 ) block =  2
===== iatom,lblock eigvals ===== 1 0 
 [1.9999598  1.38782306]
===== iatom,lblock eigvecs ===== 1 0 
 [[-0.98882976  0.28974538]
 [-0.04275224 -1.02951878]]
N_functions in (iatom,l):( 1 1 ) block =  3
eigvecs before 
 [[0. 0. 1.]
 [0. 1. 0.]
 [1. 0. 0.]]
mlMap 
 [[0. 0. 1.]
 [0. 1. 0.]
 [1. 0. 0.]]
eigvecs after 
 [[1. 0. 0.]
 [0. 1. 0.]
 [0. 0. 1.]]
===== iatom,lblock eigvals ===== 1 1 
 [0.28221169 0.         0.        ]
===== iatom,lblock eigvecs ===== 1 1 
 [[1. 0. 0.]
 [0. 1. 0.]
 [0. 0. 1.]]
===== W_pnao ===== 
 [1.9999598  1.38782306 0.28221169 0.         0.         1.9999598
 1.38782306 0.28221169 0.         0.        ]
===== N_avpnao =====

                  [Col  1]              [Col  2]              [Col  3]              [Col  4]              [Col  5]              [Col  6]              [Col  7]              [Col  8]              [Col  9]              [Col 10]
[Row   1]              -0.9888               0.2897               0.0000               0.0000               0.0000               0.0000               0.0000               0.0000               0.0000               0.0000
[Row   2]              -0.0428              -1.0295               0.0000               0.0000               0.0000               0.0000               0.0000               0.0000               0.0000               0.0000
[Row   3]               0.0000               0.0000               1.0000               0.0000               0.0000               0.0000               0.0000               0.0000               0.0000               0.0000
[Row   4]               0.0000               0.0000               0.0000               1.0000               0.0000               0.0000               0.0000               0.0000               0.0000               0.0000
[Row   5]               0.0000               0.0000               0.0000               0.0000               1.0000               0.0000               0.0000               0.0000               0.0000               0.0000
[Row   6]               0.0000               0.0000               0.0000               0.0000               0.0000              -0.9888               0.2897               0.0000               0.0000               0.0000
[Row   7]               0.0000               0.0000               0.0000               0.0000               0.0000              -0.0428              -1.0295               0.0000               0.0000               0.0000
[Row   8]               0.0000               0.0000               0.0000               0.0000               0.0000               0.0000               0.0000               1.0000               0.0000               0.0000
[Row   9]               0.0000               0.0000               0.0000               0.0000               0.0000               0.0000               0.0000               0.0000               1.0000               0.0000
[Row  10]               0.0000               0.0000               0.0000               0.0000               0.0000               0.0000               0.0000               0.0000               0.0000               1.0000
N_functions in (iatom,l):( 0 0 ) block =  2
===== iatom,lblock eigvals ===== 0 0 
 [1.9999598  1.38782306]
===== iatom,lblock eigvecs ===== 0 0 
 [[-0.98882976  0.28974538]
 [-0.04275224 -1.02951878]]
N_functions in (iatom,l):( 0 1 ) block =  3
eigvecs before 
 [[0. 0. 1.]
 [0. 1. 0.]
 [1. 0. 0.]]
mlMap 
 [[0. 0. 1.]
 [0. 1. 0.]
 [1. 0. 0.]]
eigvecs after 
 [[1. 0. 0.]
 [0. 1. 0.]
 [0. 0. 1.]]
===== iatom,lblock eigvals ===== 0 1 
 [0.28221169 0.         0.        ]
===== iatom,lblock eigvecs ===== 0 1 
 [[1. 0. 0.]
 [0. 1. 0.]
 [0. 0. 1.]]
N_functions in (iatom,l):( 1 0 ) block =  2
===== iatom,lblock eigvals ===== 1 0 
 [1.9999598  1.38782306]
===== iatom,lblock eigvecs ===== 1 0 
 [[-0.98882976  0.28974538]
 [-0.04275224 -1.02951878]]
N_functions in (iatom,l):( 1 1 ) block =  3
eigvecs before 
 [[0. 0. 1.]
 [0. 1. 0.]
 [1. 0. 0.]]
mlMap 
 [[0. 0. 1.]
 [0. 1. 0.]
 [1. 0. 0.]]
eigvecs after 
 [[1. 0. 0.]
 [0. 1. 0.]
 [0. 0. 1.]]
===== iatom,lblock eigvals ===== 1 1 
 [0.28221169 0.         0.        ]
===== iatom,lblock eigvecs ===== 1 1 
 [[1. 0. 0.]
 [0. 1. 0.]
 [0. 0. 1.]]
N_functions in (iatom,l):( 0 0 ) block =  2
===== iatom,lblock eigvals ===== 0 0 
 [1.9999598  1.38782306]
===== iatom,lblock eigvecs ===== 0 0 
 [[-0.98882976  0.28974538]
 [-0.04275224 -1.02951878]]
N_functions in (iatom,l):( 0 1 ) block =  3
eigvecs before 
 [[0. 0. 1.]
 [0. 1. 0.]
 [1. 0. 0.]]
mlMap 
 [[0. 0. 1.]
 [0. 1. 0.]
 [1. 0. 0.]]
eigvecs after 
 [[1. 0. 0.]
 [0. 1. 0.]
 [0. 0. 1.]]
===== iatom,lblock eigvals ===== 0 1 
 [0.28221169 0.         0.        ]
===== iatom,lblock eigvecs ===== 0 1 
 [[1. 0. 0.]
 [0. 1. 0.]
 [0. 0. 1.]]
N_functions in (iatom,l):( 1 0 ) block =  2
===== iatom,lblock eigvals ===== 1 0 
 [1.9999598  1.38782306]
===== iatom,lblock eigvecs ===== 1 0 
 [[-0.98882976  0.28974538]
 [-0.04275224 -1.02951878]]
N_functions in (iatom,l):( 1 1 ) block =  3
eigvecs before 
 [[0. 0. 1.]
 [0. 1. 0.]
 [1. 0. 0.]]
mlMap 
 [[0. 0. 1.]
 [0. 1. 0.]
 [1. 0. 0.]]
eigvecs after 
 [[1. 0. 0.]
 [0. 1. 0.]
 [0. 0. 1.]]
===== iatom,lblock eigvals ===== 1 1 
 [0.28221169 0.         0.        ]
===== iatom,lblock eigvecs ===== 1 1 
 [[1. 0. 0.]
 [0. 1. 0.]
 [0. 0. 1.]]
eigvalP_aoao 
 [1.9999598  1.38782306 0.28221169 0.         0.         1.9999598
 1.38782306 0.28221169 0.         0.        ]
eigvalP_avav 
 [1.9999598  1.38782306 0.28221169 0.         0.         1.9999598
 1.38782306 0.28221169 0.         0.        ]
===== eigvecP_aoao =====

                  [Col  1]              [Col  2]              [Col  3]              [Col  4]              [Col  5]              [Col  6]              [Col  7]              [Col  8]              [Col  9]              [Col 10]
[Row   1]              -0.9888               0.2897               0.0000               0.0000               0.0000               0.0000               0.0000               0.0000               0.0000               0.0000
[Row   2]              -0.0428              -1.0295               0.0000               0.0000               0.0000               0.0000               0.0000               0.0000               0.0000               0.0000
[Row   3]               0.0000               0.0000               1.0000               0.0000               0.0000               0.0000               0.0000               0.0000               0.0000               0.0000
[Row   4]               0.0000               0.0000               0.0000               1.0000               0.0000               0.0000               0.0000               0.0000               0.0000               0.0000
[Row   5]               0.0000               0.0000               0.0000               0.0000               1.0000               0.0000               0.0000               0.0000               0.0000               0.0000
[Row   6]               0.0000               0.0000               0.0000               0.0000               0.0000              -0.9888               0.2897               0.0000               0.0000               0.0000
[Row   7]               0.0000               0.0000               0.0000               0.0000               0.0000              -0.0428              -1.0295               0.0000               0.0000               0.0000
[Row   8]               0.0000               0.0000               0.0000               0.0000               0.0000               0.0000               0.0000               1.0000               0.0000               0.0000
[Row   9]               0.0000               0.0000               0.0000               0.0000               0.0000               0.0000               0.0000               0.0000               1.0000               0.0000
[Row  10]               0.0000               0.0000               0.0000               0.0000               0.0000               0.0000               0.0000               0.0000               0.0000               1.0000
===== eigvecP_avav =====

                  [Col  1]              [Col  2]              [Col  3]              [Col  4]              [Col  5]              [Col  6]              [Col  7]              [Col  8]              [Col  9]              [Col 10]
[Row   1]              -0.9888               0.2897               0.0000               0.0000               0.0000               0.0000               0.0000               0.0000               0.0000               0.0000
[Row   2]              -0.0428              -1.0295               0.0000               0.0000               0.0000               0.0000               0.0000               0.0000               0.0000               0.0000
[Row   3]               0.0000               0.0000               1.0000               0.0000               0.0000               0.0000               0.0000               0.0000               0.0000               0.0000
[Row   4]               0.0000               0.0000               0.0000               1.0000               0.0000               0.0000               0.0000               0.0000               0.0000               0.0000
[Row   5]               0.0000               0.0000               0.0000               0.0000               1.0000               0.0000               0.0000               0.0000               0.0000               0.0000
[Row   6]               0.0000               0.0000               0.0000               0.0000               0.0000              -0.9888               0.2897               0.0000               0.0000               0.0000
[Row   7]               0.0000               0.0000               0.0000               0.0000               0.0000              -0.0428              -1.0295               0.0000               0.0000               0.0000
[Row   8]               0.0000               0.0000               0.0000               0.0000               0.0000               0.0000               0.0000               1.0000               0.0000               0.0000
[Row   9]               0.0000               0.0000               0.0000               0.0000               0.0000               0.0000               0.0000               0.0000               1.0000               0.0000
[Row  10]               0.0000               0.0000               0.0000               0.0000               0.0000               0.0000               0.0000               0.0000               0.0000               1.0000
===== T1 =====

                  [Col  1]              [Col  2]              [Col  3]              [Col  4]              [Col  5]              [Col  6]              [Col  7]              [Col  8]              [Col  9]              [Col 10]
[Row   1]               1.0000               0.0000               0.0000               0.0000               0.0000               0.0000               0.0000               0.0000               0.0000               0.0000
[Row   2]               0.0000               1.0000               0.0000               0.0000               0.0000               0.0000               0.0000               0.0000               0.0000               0.0000
[Row   3]               0.0000               0.0000               1.0000               0.0000               0.0000               0.0000               0.0000               0.0000               0.0000               0.0000
[Row   4]               0.0000               0.0000               0.0000               1.0000               0.0000               0.0000               0.0000               0.0000               0.0000               0.0000
[Row   5]               0.0000               0.0000               0.0000               0.0000               1.0000               0.0000               0.0000               0.0000               0.0000               0.0000
[Row   6]               0.0000               0.0000               0.0000               0.0000               0.0000               1.0000               0.0000               0.0000               0.0000               0.0000
[Row   7]               0.0000               0.0000               0.0000               0.0000               0.0000               0.0000               1.0000               0.0000               0.0000               0.0000
[Row   8]               0.0000               0.0000               0.0000               0.0000               0.0000               0.0000               0.0000               1.0000               0.0000               0.0000
[Row   9]               0.0000               0.0000               0.0000               0.0000               0.0000               0.0000               0.0000               0.0000               1.0000               0.0000
[Row  10]               0.0000               0.0000               0.0000               0.0000               0.0000               0.0000               0.0000               0.0000               0.0000               1.0000
===== invT1*T1 =====

                  [Col  1]              [Col  2]              [Col  3]              [Col  4]              [Col  5]              [Col  6]              [Col  7]              [Col  8]              [Col  9]              [Col 10]
[Row   1]               1.0000               0.0000               0.0000               0.0000               0.0000               0.0000               0.0000               0.0000               0.0000               0.0000
[Row   2]               0.0000               1.0000               0.0000               0.0000               0.0000               0.0000               0.0000               0.0000               0.0000               0.0000
[Row   3]               0.0000               0.0000               1.0000               0.0000               0.0000               0.0000               0.0000               0.0000               0.0000               0.0000
[Row   4]               0.0000               0.0000               0.0000               1.0000               0.0000               0.0000               0.0000               0.0000               0.0000               0.0000
[Row   5]               0.0000               0.0000               0.0000               0.0000               1.0000               0.0000               0.0000               0.0000               0.0000               0.0000
[Row   6]               0.0000               0.0000               0.0000               0.0000               0.0000               1.0000               0.0000               0.0000               0.0000               0.0000
[Row   7]               0.0000               0.0000               0.0000               0.0000               0.0000               0.0000               1.0000               0.0000               0.0000               0.0000
[Row   8]               0.0000               0.0000               0.0000               0.0000               0.0000               0.0000               0.0000               1.0000               0.0000               0.0000
[Row   9]               0.0000               0.0000               0.0000               0.0000               0.0000               0.0000               0.0000               0.0000               1.0000               0.0000
[Row  10]               0.0000               0.0000               0.0000               0.0000               0.0000               0.0000               0.0000               0.0000               0.0000               1.0000
===== Trial P_aoao -> P_avav =====

                  [Col  1]              [Col  2]              [Col  3]              [Col  4]              [Col  5]              [Col  6]              [Col  7]              [Col  8]              [Col  9]              [Col 10]
[Row   1]               1.9989               0.5066               0.0000               0.0000               0.0221               0.0010               0.0730               0.0000               0.0000               0.1623
[Row   2]               0.5066               1.4362               0.0000               0.0000              -0.5926               0.0730               1.3421               0.0000               0.0000               0.6326
[Row   3]               0.0000               0.0000               0.0000               0.0000               0.0000               0.0000               0.0000               0.0000               0.0000               0.0000
[Row   4]               0.0000               0.0000               0.0000               0.0000               0.0000               0.0000               0.0000               0.0000               0.0000               0.0000
[Row   5]               0.0221              -0.5926               0.0000               0.0000               0.2822              -0.1623              -0.6326               0.0000               0.0000              -0.2652
[Row   6]               0.0010               0.0730               0.0000               0.0000              -0.1623               1.9989               0.5066               0.0000               0.0000              -0.0221
[Row   7]               0.0730               1.3421               0.0000               0.0000              -0.6326               0.5066               1.4362               0.0000               0.0000               0.5926
[Row   8]               0.0000               0.0000               0.0000               0.0000               0.0000               0.0000               0.0000               0.0000               0.0000               0.0000
[Row   9]               0.0000               0.0000               0.0000               0.0000               0.0000               0.0000               0.0000               0.0000               0.0000               0.0000
[Row  10]               0.1623               0.6326               0.0000               0.0000              -0.2652              -0.0221               0.5926               0.0000               0.0000               0.2822
===== P_avav =====

                  [Col  1]              [Col  2]              [Col  3]              [Col  4]              [Col  5]              [Col  6]              [Col  7]              [Col  8]              [Col  9]              [Col 10]
[Row   1]               1.9989               0.5066               0.0000               0.0000               0.0221               0.0010               0.0730               0.0000               0.0000               0.1623
[Row   2]               0.5066               1.4362               0.0000               0.0000              -0.5926               0.0730               1.3421               0.0000               0.0000               0.6326
[Row   3]               0.0000               0.0000               0.0000               0.0000               0.0000               0.0000               0.0000               0.0000               0.0000               0.0000
[Row   4]               0.0000               0.0000               0.0000               0.0000               0.0000               0.0000               0.0000               0.0000               0.0000               0.0000
[Row   5]               0.0221              -0.5926               0.0000               0.0000               0.2822              -0.1623              -0.6326               0.0000               0.0000              -0.2652
[Row   6]               0.0010               0.0730               0.0000               0.0000              -0.1623               1.9989               0.5066               0.0000               0.0000              -0.0221
[Row   7]               0.0730               1.3421               0.0000               0.0000              -0.6326               0.5066               1.4362               0.0000               0.0000               0.5926
[Row   8]               0.0000               0.0000               0.0000               0.0000               0.0000               0.0000               0.0000               0.0000               0.0000               0.0000
[Row   9]               0.0000               0.0000               0.0000               0.0000               0.0000               0.0000               0.0000               0.0000               0.0000               0.0000
[Row  10]               0.1623               0.6326               0.0000               0.0000              -0.2652              -0.0221               0.5926               0.0000               0.0000               0.2822
===== Trial S_aoao -> S_avav =====

                  [Col  1]              [Col  2]              [Col  3]              [Col  4]              [Col  5]              [Col  6]              [Col  7]              [Col  8]              [Col  9]              [Col 10]
[Row   1]               1.0000               0.2411               0.0000               0.0000               0.0000               0.0000               0.0472               0.0000               0.0000               0.0785
[Row   2]               0.2411               1.0000               0.0000               0.0000               0.0000               0.0472               0.4221               0.0000               0.0000               0.4266
[Row   3]               0.0000               0.0000               1.0000               0.0000               0.0000               0.0000               0.0000               0.2592               0.0000               0.0000
[Row   4]               0.0000               0.0000               0.0000               1.0000               0.0000               0.0000               0.0000               0.0000               0.2592               0.0000
[Row   5]               0.0000               0.0000               0.0000               0.0000               1.0000              -0.0785              -0.4266               0.0000               0.0000              -0.3249
[Row   6]               0.0000               0.0472               0.0000               0.0000              -0.0785               1.0000               0.2411               0.0000               0.0000               0.0000
[Row   7]               0.0472               0.4221               0.0000               0.0000              -0.4266               0.2411               1.0000               0.0000               0.0000               0.0000
[Row   8]               0.0000               0.0000               0.2592               0.0000               0.0000               0.0000               0.0000               1.0000               0.0000               0.0000
[Row   9]               0.0000               0.0000               0.0000               0.2592               0.0000               0.0000               0.0000               0.0000               1.0000               0.0000
[Row  10]               0.0785               0.4266               0.0000               0.0000              -0.3249               0.0000               0.0000               0.0000               0.0000               1.0000
===== S_avav =====

                  [Col  1]              [Col  2]              [Col  3]              [Col  4]              [Col  5]              [Col  6]              [Col  7]              [Col  8]              [Col  9]              [Col 10]
[Row   1]               1.0000               0.2411               0.0000               0.0000               0.0000               0.0000               0.0472               0.0000               0.0000               0.0785
[Row   2]               0.2411               1.0000               0.0000               0.0000               0.0000               0.0472               0.4221               0.0000               0.0000               0.4266
[Row   3]               0.0000               0.0000               1.0000               0.0000               0.0000               0.0000               0.0000               0.2592               0.0000               0.0000
[Row   4]               0.0000               0.0000               0.0000               1.0000               0.0000               0.0000               0.0000               0.0000               0.2592               0.0000
[Row   5]               0.0000               0.0000               0.0000               0.0000               1.0000              -0.0785              -0.4266               0.0000               0.0000              -0.3249
[Row   6]               0.0000               0.0472               0.0000               0.0000              -0.0785               1.0000               0.2411               0.0000               0.0000               0.0000
[Row   7]               0.0472               0.4221               0.0000               0.0000              -0.4266               0.2411               1.0000               0.0000               0.0000               0.0000
[Row   8]               0.0000               0.0000               0.2592               0.0000               0.0000               0.0000               0.0000               1.0000               0.0000               0.0000
[Row   9]               0.0000               0.0000               0.0000               0.2592               0.0000               0.0000               0.0000               0.0000               1.0000               0.0000
[Row  10]               0.0785               0.4266               0.0000               0.0000              -0.3249               0.0000               0.0000               0.0000               0.0000               1.0000
===== Spnao =====

                  [Col  1]              [Col  2]              [Col  3]              [Col  4]              [Col  5]              [Col  6]              [Col  7]              [Col  8]              [Col  9]              [Col 10]
[Row   1]               1.0000               0.0000               0.0000               0.0000               0.0000               0.0048               0.0661               0.0000               0.0000              -0.0959
[Row   2]              -0.0000               1.0000               0.0000               0.0000               0.0000               0.0661               0.4192               0.0000               0.0000              -0.4164
[Row   3]               0.0000               0.0000               1.0000               0.0000               0.0000               0.0000               0.0000               0.2592               0.0000               0.0000
[Row   4]               0.0000               0.0000               0.0000               1.0000               0.0000               0.0000               0.0000               0.0000               0.2592               0.0000
[Row   5]               0.0000               0.0000               0.0000               0.0000               1.0000               0.0959               0.4164               0.0000               0.0000              -0.3249
[Row   6]               0.0048               0.0661               0.0000               0.0000               0.0959               1.0000              -0.0000               0.0000               0.0000               0.0000
[Row   7]               0.0661               0.4192               0.0000               0.0000               0.4164              -0.0000               1.0000               0.0000               0.0000               0.0000
[Row   8]               0.0000               0.0000               0.2592               0.0000               0.0000               0.0000               0.0000               1.0000               0.0000               0.0000
[Row   9]               0.0000               0.0000               0.0000               0.2592               0.0000               0.0000               0.0000               0.0000               1.0000               0.0000
[Row  10]              -0.0959              -0.4164               0.0000               0.0000              -0.3249               0.0000               0.0000               0.0000               0.0000               1.0000
===== Ppnao =====

                  [Col  1]              [Col  2]              [Col  3]              [Col  4]              [Col  5]              [Col  6]              [Col  7]              [Col  8]              [Col  9]              [Col 10]
[Row   1]               2.0000               0.0000               0.0000               0.0000               0.0035               0.0096               0.1322               0.0000               0.0000              -0.1876
[Row   2]              -0.0000               1.3878               0.0000               0.0000               0.6165               0.1322               1.3790               0.0000               0.0000              -0.6043
[Row   3]               0.0000               0.0000               0.0000               0.0000               0.0000               0.0000               0.0000               0.0000               0.0000               0.0000
[Row   4]               0.0000               0.0000               0.0000               0.0000               0.0000               0.0000               0.0000               0.0000               0.0000               0.0000
[Row   5]               0.0035               0.6165               0.0000               0.0000               0.2822               0.1876               0.6043               0.0000               0.0000              -0.2652
[Row   6]               0.0096               0.1322               0.0000               0.0000               0.1876               2.0000              -0.0000               0.0000               0.0000              -0.0035
[Row   7]               0.1322               1.3790               0.0000               0.0000               0.6043              -0.0000               1.3878               0.0000               0.0000              -0.6165
[Row   8]               0.0000               0.0000               0.0000               0.0000               0.0000               0.0000               0.0000               0.0000               0.0000               0.0000
[Row   9]               0.0000               0.0000               0.0000               0.0000               0.0000               0.0000               0.0000               0.0000               0.0000               0.0000
[Row  10]              -0.1876              -0.6043               0.0000               0.0000              -0.2652              -0.0035              -0.6165               0.0000               0.0000               0.2822
