molecule mol32.xyz
System:, atNum: 7 coords [0.         0.         1.06767636]
System:, atNum: 7 coords [ 0.          0.         -1.06767636]
===== Original AO-S matrix =====

                  [Col  1]              [Col  2]              [Col  3]              [Col  4]              [Col  5]              [Col  6]              [Col  7]              [Col  8]              [Col  9]              [Col 10]
[Row   1]               1.0000               0.2350               0.0000               0.0000               0.0000               0.0000               0.0469               0.0781               0.0000               0.0000
[Row   2]               0.2350               1.0000               0.0000               0.0000               0.0000               0.0469               0.4268               0.4295               0.0000               0.0000
[Row   3]               0.0000               0.0000               1.0000               0.0000               0.0000              -0.0781              -0.4295              -0.3240               0.0000               0.0000
[Row   4]               0.0000               0.0000               0.0000               1.0000               0.0000               0.0000               0.0000               0.0000               0.2632               0.0000
[Row   5]               0.0000               0.0000               0.0000               0.0000               1.0000               0.0000               0.0000               0.0000               0.0000               0.2632
[Row   6]               0.0000               0.0469              -0.0781               0.0000               0.0000               1.0000               0.2350               0.0000               0.0000               0.0000
[Row   7]               0.0469               0.4268              -0.4295               0.0000               0.0000               0.2350               1.0000               0.0000               0.0000               0.0000
[Row   8]               0.0781               0.4295              -0.3240               0.0000               0.0000               0.0000               0.0000               1.0000               0.0000               0.0000
[Row   9]               0.0000               0.0000               0.0000               0.2632               0.0000               0.0000               0.0000               0.0000               1.0000               0.0000
[Row  10]               0.0000               0.0000               0.0000               0.0000               0.2632               0.0000               0.0000               0.0000               0.0000               1.0000
nbas 10
 ===== CA ===== 

                  [Col  1]              [Col  2]              [Col  3]              [Col  4]              [Col  5]              [Col  6]              [Col  7]              [Col  8]              [Col  9]              [Col 10]
[Row   1]               0.7032               0.7028               0.1739               0.1724              -0.0000               0.0000               0.0695               0.0000              -0.0000               0.1250
[Row   2]               0.0129               0.0258              -0.4988              -0.7462               0.0000              -0.0000              -0.4005              -0.0000               0.0000              -1.1056
[Row   3]              -0.0017              -0.0093               0.2313              -0.2540               0.0000              -0.0000              -0.6042              -0.0000               0.0000               1.1680
[Row   4]               0.0000               0.0000               0.0000               0.0000               0.6291               0.0000               0.0000               0.8237               0.0079              -0.0000
[Row   5]               0.0000               0.0000               0.0000               0.0000               0.0000               0.6291              -0.0000               0.0079              -0.8237              -0.0000
[Row   6]               0.7032              -0.7028               0.1739              -0.1724              -0.0000               0.0000               0.0695              -0.0000              -0.0000              -0.1250
[Row   7]               0.0129              -0.0258              -0.4988               0.7462               0.0000              -0.0000              -0.4005               0.0000               0.0000               1.1056
[Row   8]               0.0017              -0.0093              -0.2313              -0.2540              -0.0000               0.0000               0.6042               0.0000              -0.0000               1.1680
[Row   9]               0.0000               0.0000              -0.0000               0.0000               0.6291              -0.0000               0.0000              -0.8237              -0.0079              -0.0000
[Row  10]              -0.0000              -0.0000              -0.0000              -0.0000              -0.0000               0.6291               0.0000              -0.0079               0.8237               0.0000
 ===== CB ===== 

                  [Col  1]              [Col  2]              [Col  3]              [Col  4]              [Col  5]              [Col  6]              [Col  7]              [Col  8]              [Col  9]              [Col 10]
[Row   1]               0.7032               0.7028               0.1739               0.1724              -0.0000               0.0000               0.0695               0.0000              -0.0000               0.1250
[Row   2]               0.0129               0.0258              -0.4988              -0.7462               0.0000              -0.0000              -0.4005              -0.0000               0.0000              -1.1056
[Row   3]              -0.0017              -0.0093               0.2313              -0.2540               0.0000              -0.0000              -0.6042              -0.0000               0.0000               1.1680
[Row   4]               0.0000               0.0000               0.0000               0.0000               0.6291               0.0000               0.0000               0.8237               0.0079              -0.0000
[Row   5]               0.0000               0.0000               0.0000               0.0000               0.0000               0.6291              -0.0000               0.0079              -0.8237              -0.0000
[Row   6]               0.7032              -0.7028               0.1739              -0.1724              -0.0000               0.0000               0.0695              -0.0000              -0.0000              -0.1250
[Row   7]               0.0129              -0.0258              -0.4988               0.7462               0.0000              -0.0000              -0.4005               0.0000               0.0000               1.1056
[Row   8]               0.0017              -0.0093              -0.2313              -0.2540              -0.0000               0.0000               0.6042               0.0000              -0.0000               1.1680
[Row   9]               0.0000               0.0000              -0.0000               0.0000               0.6291              -0.0000               0.0000              -0.8237              -0.0079              -0.0000
[Row  10]              -0.0000              -0.0000              -0.0000              -0.0000              -0.0000               0.6291               0.0000              -0.0079               0.8237               0.0000
 ===== P_psi ===== Dalpha+Dbeta 

                  [Col  1]              [Col  2]              [Col  3]              [Col  4]              [Col  5]              [Col  6]              [Col  7]              [Col  8]              [Col  9]              [Col 10]
[Row   1]               2.1064              -0.4321              -0.1067               0.0000              -0.0000               0.0117               0.0099              -0.0946               0.0000               0.0000
[Row   2]              -0.4321               1.9336               0.6317               0.0000               0.0000               0.0099              -0.2961               0.1254              -0.0000              -0.0000
[Row   3]              -0.1067               0.6317               0.9662               0.0000               0.0000               0.0946              -0.1254              -0.7079              -0.0000              -0.0000
[Row   4]               0.0000               0.0000               0.0000               0.7916               0.0000               0.0000               0.0000               0.0000               0.7916               0.0000
[Row   5]              -0.0000               0.0000               0.0000               0.0000               0.7916              -0.0000               0.0000              -0.0000              -0.0000               0.7916
[Row   6]               0.0117               0.0099               0.0946               0.0000              -0.0000               2.1064              -0.4321               0.1067              -0.0000               0.0000
[Row   7]               0.0099              -0.2961              -0.1254               0.0000               0.0000              -0.4321               1.9336              -0.6317               0.0000              -0.0000
[Row   8]              -0.0946               0.1254              -0.7079               0.0000              -0.0000               0.1067              -0.6317               0.9662               0.0000               0.0000
[Row   9]               0.0000              -0.0000              -0.0000               0.7916              -0.0000              -0.0000               0.0000               0.0000               0.7916              -0.0000
[Row  10]               0.0000              -0.0000              -0.0000               0.0000               0.7916               0.0000              -0.0000               0.0000              -0.0000               0.7916
===== P_mu,nu local =====

                  [Col  1]              [Col  2]              [Col  3]              [Col  4]              [Col  5]              [Col  6]              [Col  7]              [Col  8]              [Col  9]              [Col 10]
[Row   1]               2.1064              -0.4321              -0.1067               0.0000              -0.0000               0.0117               0.0099              -0.0946               0.0000               0.0000
[Row   2]              -0.4321               1.9336               0.6317               0.0000               0.0000               0.0099              -0.2961               0.1254              -0.0000              -0.0000
[Row   3]              -0.1067               0.6317               0.9662               0.0000               0.0000               0.0946              -0.1254              -0.7079              -0.0000              -0.0000
[Row   4]               0.0000               0.0000               0.0000               0.7916               0.0000               0.0000               0.0000               0.0000               0.7916               0.0000
[Row   5]              -0.0000               0.0000               0.0000               0.0000               0.7916              -0.0000               0.0000              -0.0000              -0.0000               0.7916
[Row   6]               0.0117               0.0099               0.0946               0.0000              -0.0000               2.1064              -0.4321               0.1067              -0.0000               0.0000
[Row   7]               0.0099              -0.2961              -0.1254               0.0000               0.0000              -0.4321               1.9336              -0.6317               0.0000              -0.0000
[Row   8]              -0.0946               0.1254              -0.7079               0.0000              -0.0000               0.1067              -0.6317               0.9662               0.0000               0.0000
[Row   9]               0.0000              -0.0000              -0.0000               0.7916              -0.0000              -0.0000               0.0000               0.0000               0.7916              -0.0000
[Row  10]               0.0000              -0.0000              -0.0000               0.0000               0.7916               0.0000              -0.0000               0.0000              -0.0000               0.7916
===== P_mu,nu psi4 =====

                  [Col  1]              [Col  2]              [Col  3]              [Col  4]              [Col  5]              [Col  6]              [Col  7]              [Col  8]              [Col  9]              [Col 10]
[Row   1]               2.1064              -0.4321              -0.1067               0.0000              -0.0000               0.0117               0.0099              -0.0946               0.0000               0.0000
[Row   2]              -0.4321               1.9336               0.6317               0.0000               0.0000               0.0099              -0.2961               0.1254              -0.0000              -0.0000
[Row   3]              -0.1067               0.6317               0.9662               0.0000               0.0000               0.0946              -0.1254              -0.7079              -0.0000              -0.0000
[Row   4]               0.0000               0.0000               0.0000               0.7916               0.0000               0.0000               0.0000               0.0000               0.7916               0.0000
[Row   5]              -0.0000               0.0000               0.0000               0.0000               0.7916              -0.0000               0.0000              -0.0000              -0.0000               0.7916
[Row   6]               0.0117               0.0099               0.0946               0.0000              -0.0000               2.1064              -0.4321               0.1067              -0.0000               0.0000
[Row   7]               0.0099              -0.2961              -0.1254               0.0000               0.0000              -0.4321               1.9336              -0.6317               0.0000              -0.0000
[Row   8]              -0.0946               0.1254              -0.7079               0.0000              -0.0000               0.1067              -0.6317               0.9662               0.0000               0.0000
[Row   9]               0.0000              -0.0000              -0.0000               0.7916              -0.0000              -0.0000               0.0000               0.0000               0.7916              -0.0000
[Row  10]               0.0000              -0.0000              -0.0000               0.0000               0.7916               0.0000              -0.0000               0.0000              -0.0000               0.7916
====== P^(AO) = SPS =====

                  [Col  1]              [Col  2]              [Col  3]              [Col  4]              [Col  5]              [Col  6]              [Col  7]              [Col  8]              [Col  9]              [Col 10]
[Row   1]               1.9999               0.4719              -0.0054               0.0000               0.0000               0.0001               0.0921               0.1508               0.0000               0.0000
[Row   2]               0.4719               1.9764               0.0704               0.0000               0.0000               0.0921               0.8772               0.9294               0.0000               0.0000
[Row   3]              -0.0054               0.0704               1.7894               0.0000               0.0000              -0.1508              -0.9294              -0.8586               0.0000               0.0000
[Row   4]               0.0000               0.0000               0.0000               1.2632               0.0000               0.0000               0.0000               0.0000               1.2632               0.0000
[Row   5]               0.0000               0.0000               0.0000               0.0000               1.2632               0.0000               0.0000               0.0000               0.0000               1.2632
[Row   6]               0.0001               0.0921              -0.1508               0.0000               0.0000               1.9999               0.4719               0.0054               0.0000               0.0000
[Row   7]               0.0921               0.8772              -0.9294               0.0000               0.0000               0.4719               1.9764              -0.0704               0.0000               0.0000
[Row   8]               0.1508               0.9294              -0.8586               0.0000               0.0000               0.0054              -0.0704               1.7894               0.0000               0.0000
[Row   9]               0.0000               0.0000               0.0000               1.2632               0.0000               0.0000               0.0000               0.0000               1.2632               0.0000
[Row  10]               0.0000               0.0000               0.0000               0.0000               1.2632               0.0000               0.0000               0.0000               0.0000               1.2632
====== S^(AO) = S =====

                  [Col  1]              [Col  2]              [Col  3]              [Col  4]              [Col  5]              [Col  6]              [Col  7]              [Col  8]              [Col  9]              [Col 10]
[Row   1]               1.0000               0.2350               0.0000               0.0000               0.0000               0.0000               0.0469               0.0781               0.0000               0.0000
[Row   2]               0.2350               1.0000               0.0000               0.0000               0.0000               0.0469               0.4268               0.4295               0.0000               0.0000
[Row   3]               0.0000               0.0000               1.0000               0.0000               0.0000              -0.0781              -0.4295              -0.3240               0.0000               0.0000
[Row   4]               0.0000               0.0000               0.0000               1.0000               0.0000               0.0000               0.0000               0.0000               0.2632               0.0000
[Row   5]               0.0000               0.0000               0.0000               0.0000               1.0000               0.0000               0.0000               0.0000               0.0000               0.2632
[Row   6]               0.0000               0.0469              -0.0781               0.0000               0.0000               1.0000               0.2350               0.0000               0.0000               0.0000
[Row   7]               0.0469               0.4268              -0.4295               0.0000               0.0000               0.2350               1.0000               0.0000               0.0000               0.0000
[Row   8]               0.0781               0.4295              -0.3240               0.0000               0.0000               0.0000               0.0000               1.0000               0.0000               0.0000
[Row   9]               0.0000               0.0000               0.0000               0.2632               0.0000               0.0000               0.0000               0.0000               1.0000               0.0000
[Row  10]               0.0000               0.0000               0.0000               0.0000               0.2632               0.0000               0.0000               0.0000               0.0000               1.0000
====== P^(AO) std gaussian m_l ordering SPS =====

                  [Col  1]              [Col  2]              [Col  3]              [Col  4]              [Col  5]              [Col  6]              [Col  7]              [Col  8]              [Col  9]              [Col 10]
[Row   1]               1.9999               0.4719               0.0000               0.0000              -0.0054               0.0001               0.0921               0.0000               0.0000               0.1508
[Row   2]               0.4719               1.9764               0.0000               0.0000               0.0704               0.0921               0.8772               0.0000               0.0000               0.9294
[Row   3]               0.0000               0.0000               1.2632               0.0000               0.0000               0.0000               0.0000               1.2632               0.0000               0.0000
[Row   4]               0.0000               0.0000               0.0000               1.2632               0.0000               0.0000               0.0000               0.0000               1.2632               0.0000
[Row   5]              -0.0054               0.0704               0.0000               0.0000               1.7894              -0.1508              -0.9294               0.0000               0.0000              -0.8586
[Row   6]               0.0001               0.0921               0.0000               0.0000              -0.1508               1.9999               0.4719               0.0000               0.0000               0.0054
[Row   7]               0.0921               0.8772               0.0000               0.0000              -0.9294               0.4719               1.9764               0.0000               0.0000              -0.0704
[Row   8]               0.0000               0.0000               1.2632               0.0000               0.0000               0.0000               0.0000               1.2632               0.0000               0.0000
[Row   9]               0.0000               0.0000               0.0000               1.2632               0.0000               0.0000               0.0000               0.0000               1.2632               0.0000
[Row  10]               0.1508               0.9294               0.0000               0.0000              -0.8586               0.0054              -0.0704               0.0000               0.0000               1.7894
====== S^(AO) std gaussian m_l ordering =====

                  [Col  1]              [Col  2]              [Col  3]              [Col  4]              [Col  5]              [Col  6]              [Col  7]              [Col  8]              [Col  9]              [Col 10]
[Row   1]               1.0000               0.2350               0.0000               0.0000               0.0000               0.0000               0.0469               0.0000               0.0000               0.0781
[Row   2]               0.2350               1.0000               0.0000               0.0000               0.0000               0.0469               0.4268               0.0000               0.0000               0.4295
[Row   3]               0.0000               0.0000               1.0000               0.0000               0.0000               0.0000               0.0000               0.2632               0.0000               0.0000
[Row   4]               0.0000               0.0000               0.0000               1.0000               0.0000               0.0000               0.0000               0.0000               0.2632               0.0000
[Row   5]               0.0000               0.0000               0.0000               0.0000               1.0000              -0.0781              -0.4295               0.0000               0.0000              -0.3240
[Row   6]               0.0000               0.0469               0.0000               0.0000              -0.0781               1.0000               0.2350               0.0000               0.0000               0.0000
[Row   7]               0.0469               0.4268               0.0000               0.0000              -0.4295               0.2350               1.0000               0.0000               0.0000               0.0000
[Row   8]               0.0000               0.0000               0.2632               0.0000               0.0000               0.0000               0.0000               1.0000               0.0000               0.0000
[Row   9]               0.0000               0.0000               0.0000               0.2632               0.0000               0.0000               0.0000               0.0000               1.0000               0.0000
[Row  10]               0.0781               0.4295               0.0000               0.0000              -0.3240               0.0000               0.0000               0.0000               0.0000               1.0000
===== After load P check zeros ===== 
 [[ 1.99986277e+00  4.71873577e-01  0.00000000e+00  0.00000000e+00
  -5.37562795e-03  1.43000369e-04  9.20610539e-02  0.00000000e+00
   0.00000000e+00  1.50814914e-01]
 [ 4.71873577e-01  1.97644197e+00  0.00000000e+00  0.00000000e+00
   7.04315654e-02  9.20610539e-02  8.77197174e-01  0.00000000e+00
   0.00000000e+00  9.29429669e-01]
 [ 0.00000000e+00  0.00000000e+00  1.26319475e+00  0.00000000e+00
   0.00000000e+00  0.00000000e+00  0.00000000e+00  1.26319475e+00
   0.00000000e+00  0.00000000e+00]
 [ 0.00000000e+00  0.00000000e+00  0.00000000e+00  1.26319475e+00
   0.00000000e+00  0.00000000e+00  0.00000000e+00  0.00000000e+00
   1.26319475e+00  0.00000000e+00]
 [-5.37562795e-03  7.04315654e-02  0.00000000e+00  0.00000000e+00
   1.78943037e+00 -1.50814914e-01 -9.29429669e-01  0.00000000e+00
   0.00000000e+00 -8.58552352e-01]
 [ 1.43000369e-04  9.20610539e-02  0.00000000e+00  0.00000000e+00
  -1.50814914e-01  1.99986277e+00  4.71873577e-01  0.00000000e+00
   0.00000000e+00  5.37562795e-03]
 [ 9.20610539e-02  8.77197174e-01  0.00000000e+00  0.00000000e+00
  -9.29429669e-01  4.71873577e-01  1.97644197e+00  0.00000000e+00
   0.00000000e+00 -7.04315654e-02]
 [ 0.00000000e+00  0.00000000e+00  1.26319475e+00  0.00000000e+00
   0.00000000e+00  0.00000000e+00  0.00000000e+00  1.26319475e+00
   0.00000000e+00  0.00000000e+00]
 [ 0.00000000e+00  0.00000000e+00  0.00000000e+00  1.26319475e+00
   0.00000000e+00  0.00000000e+00  0.00000000e+00  0.00000000e+00
   1.26319475e+00  0.00000000e+00]
 [ 1.50814914e-01  9.29429669e-01  0.00000000e+00  0.00000000e+00
  -8.58552352e-01  5.37562795e-03 -7.04315654e-02  0.00000000e+00
   0.00000000e+00  1.78943037e+00]]
lctrl 0 ntrue 2
lctrl 1 ntrue 3
lctrl 1
===== cA before average ===== 
 [[1.26319475 0.         0.        ]
 [0.         1.26319475 0.        ]
 [0.         0.         1.78943037]]
===== cB before average ===== 
 [[1. 0. 0.]
 [0. 1. 0.]
 [0. 0. 1.]]
===== cA after average ===== 
 [[1.26319475 0.         0.        ]
 [0.         1.26319475 0.        ]
 [0.         0.         1.78943037]]
===== cB after average ===== 
 [[1. 0. 0.]
 [0. 1. 0.]
 [0. 0. 1.]]
lctrl 0 ntrue 2
lctrl 1 ntrue 3
lctrl 1
===== cA before average ===== 
 [[1.26319475 0.         0.        ]
 [0.         1.26319475 0.        ]
 [0.         0.         1.78943037]]
===== cB before average ===== 
 [[1. 0. 0.]
 [0. 1. 0.]
 [0. 0. 1.]]
===== cA after average ===== 
 [[1.26319475 0.         0.        ]
 [0.         1.26319475 0.        ]
 [0.         0.         1.78943037]]
===== cB after average ===== 
 [[1. 0. 0.]
 [0. 1. 0.]
 [0. 0. 1.]]
N_functions in (iatom,l):( 0 0 ) block =  2
===== iatom,lblock eigvals ===== 0 0 
 [2.         1.97402457]
===== iatom,lblock eigvecs ===== 0 0 
 [[-0.97977858  0.31385806]
 [-0.07478075 -1.0260998 ]]
N_functions in (iatom,l):( 0 1 ) block =  3
eigvecs before 
 [[0. 1. 0.]
 [0. 0. 1.]
 [1. 0. 0.]]
mlMap 
 [[0. 0. 1.]
 [1. 0. 0.]
 [0. 1. 0.]]
eigvecs after 
 [[1. 0. 0.]
 [0. 1. 0.]
 [0. 0. 1.]]
===== iatom,lblock eigvals ===== 0 1 
 [1.78943037 1.26319475 1.26319475]
===== iatom,lblock eigvecs ===== 0 1 
 [[1. 0. 0.]
 [0. 1. 0.]
 [0. 0. 1.]]
N_functions in (iatom,l):( 1 0 ) block =  2
===== iatom,lblock eigvals ===== 1 0 
 [2.         1.97402457]
===== iatom,lblock eigvecs ===== 1 0 
 [[-0.97977858  0.31385806]
 [-0.07478075 -1.0260998 ]]
N_functions in (iatom,l):( 1 1 ) block =  3
eigvecs before 
 [[0. 0. 1.]
 [0. 1. 0.]
 [1. 0. 0.]]
mlMap 
 [[0. 0. 1.]
 [0. 1. 0.]
 [1. 0. 0.]]
eigvecs after 
 [[1. 0. 0.]
 [0. 1. 0.]
 [0. 0. 1.]]
===== iatom,lblock eigvals ===== 1 1 
 [1.78943037 1.26319475 1.26319475]
===== iatom,lblock eigvecs ===== 1 1 
 [[1. 0. 0.]
 [0. 1. 0.]
 [0. 0. 1.]]
===== W_pnao ===== 
 [2.         1.97402457 1.78943037 1.26319475 1.26319475 2.
 1.97402457 1.78943037 1.26319475 1.26319475]
===== N_avpnao =====

                  [Col  1]              [Col  2]              [Col  3]              [Col  4]              [Col  5]              [Col  6]              [Col  7]              [Col  8]              [Col  9]              [Col 10]
[Row   1]              -0.9798               0.3139               0.0000               0.0000               0.0000               0.0000               0.0000               0.0000               0.0000               0.0000
[Row   2]              -0.0748              -1.0261               0.0000               0.0000               0.0000               0.0000               0.0000               0.0000               0.0000               0.0000
[Row   3]               0.0000               0.0000               1.0000               0.0000               0.0000               0.0000               0.0000               0.0000               0.0000               0.0000
[Row   4]               0.0000               0.0000               0.0000               1.0000               0.0000               0.0000               0.0000               0.0000               0.0000               0.0000
[Row   5]               0.0000               0.0000               0.0000               0.0000               1.0000               0.0000               0.0000               0.0000               0.0000               0.0000
[Row   6]               0.0000               0.0000               0.0000               0.0000               0.0000              -0.9798               0.3139               0.0000               0.0000               0.0000
[Row   7]               0.0000               0.0000               0.0000               0.0000               0.0000              -0.0748              -1.0261               0.0000               0.0000               0.0000
[Row   8]               0.0000               0.0000               0.0000               0.0000               0.0000               0.0000               0.0000               1.0000               0.0000               0.0000
[Row   9]               0.0000               0.0000               0.0000               0.0000               0.0000               0.0000               0.0000               0.0000               1.0000               0.0000
[Row  10]               0.0000               0.0000               0.0000               0.0000               0.0000               0.0000               0.0000               0.0000               0.0000               1.0000
N_functions in (iatom,l):( 0 0 ) block =  2
===== iatom,lblock eigvals ===== 0 0 
 [2.         1.97402457]
===== iatom,lblock eigvecs ===== 0 0 
 [[-0.97977858  0.31385806]
 [-0.07478075 -1.0260998 ]]
N_functions in (iatom,l):( 0 1 ) block =  3
eigvecs before 
 [[0. 1. 0.]
 [0. 0. 1.]
 [1. 0. 0.]]
mlMap 
 [[0. 0. 1.]
 [1. 0. 0.]
 [0. 1. 0.]]
eigvecs after 
 [[1. 0. 0.]
 [0. 1. 0.]
 [0. 0. 1.]]
===== iatom,lblock eigvals ===== 0 1 
 [1.78943037 1.26319475 1.26319475]
===== iatom,lblock eigvecs ===== 0 1 
 [[1. 0. 0.]
 [0. 1. 0.]
 [0. 0. 1.]]
N_functions in (iatom,l):( 1 0 ) block =  2
===== iatom,lblock eigvals ===== 1 0 
 [2.         1.97402457]
===== iatom,lblock eigvecs ===== 1 0 
 [[-0.97977858  0.31385806]
 [-0.07478075 -1.0260998 ]]
N_functions in (iatom,l):( 1 1 ) block =  3
eigvecs before 
 [[0. 0. 1.]
 [0. 1. 0.]
 [1. 0. 0.]]
mlMap 
 [[0. 0. 1.]
 [0. 1. 0.]
 [1. 0. 0.]]
eigvecs after 
 [[1. 0. 0.]
 [0. 1. 0.]
 [0. 0. 1.]]
===== iatom,lblock eigvals ===== 1 1 
 [1.78943037 1.26319475 1.26319475]
===== iatom,lblock eigvecs ===== 1 1 
 [[1. 0. 0.]
 [0. 1. 0.]
 [0. 0. 1.]]
N_functions in (iatom,l):( 0 0 ) block =  2
===== iatom,lblock eigvals ===== 0 0 
 [2.         1.97402457]
===== iatom,lblock eigvecs ===== 0 0 
 [[-0.97977858  0.31385806]
 [-0.07478075 -1.0260998 ]]
N_functions in (iatom,l):( 0 1 ) block =  3
eigvecs before 
 [[0. 1. 0.]
 [0. 0. 1.]
 [1. 0. 0.]]
mlMap 
 [[0. 0. 1.]
 [1. 0. 0.]
 [0. 1. 0.]]
eigvecs after 
 [[1. 0. 0.]
 [0. 1. 0.]
 [0. 0. 1.]]
===== iatom,lblock eigvals ===== 0 1 
 [1.78943037 1.26319475 1.26319475]
===== iatom,lblock eigvecs ===== 0 1 
 [[1. 0. 0.]
 [0. 1. 0.]
 [0. 0. 1.]]
N_functions in (iatom,l):( 1 0 ) block =  2
===== iatom,lblock eigvals ===== 1 0 
 [2.         1.97402457]
===== iatom,lblock eigvecs ===== 1 0 
 [[-0.97977858  0.31385806]
 [-0.07478075 -1.0260998 ]]
N_functions in (iatom,l):( 1 1 ) block =  3
eigvecs before 
 [[0. 0. 1.]
 [0. 1. 0.]
 [1. 0. 0.]]
mlMap 
 [[0. 0. 1.]
 [0. 1. 0.]
 [1. 0. 0.]]
eigvecs after 
 [[1. 0. 0.]
 [0. 1. 0.]
 [0. 0. 1.]]
===== iatom,lblock eigvals ===== 1 1 
 [1.78943037 1.26319475 1.26319475]
===== iatom,lblock eigvecs ===== 1 1 
 [[1. 0. 0.]
 [0. 1. 0.]
 [0. 0. 1.]]
eigvalP_aoao 
 [2.         1.97402457 1.78943037 1.26319475 1.26319475 2.
 1.97402457 1.78943037 1.26319475 1.26319475]
eigvalP_avav 
 [2.         1.97402457 1.78943037 1.26319475 1.26319475 2.
 1.97402457 1.78943037 1.26319475 1.26319475]
===== eigvecP_aoao =====

                  [Col  1]              [Col  2]              [Col  3]              [Col  4]              [Col  5]              [Col  6]              [Col  7]              [Col  8]              [Col  9]              [Col 10]
[Row   1]              -0.9798               0.3139               0.0000               0.0000               0.0000               0.0000               0.0000               0.0000               0.0000               0.0000
[Row   2]              -0.0748              -1.0261               0.0000               0.0000               0.0000               0.0000               0.0000               0.0000               0.0000               0.0000
[Row   3]               0.0000               0.0000               1.0000               0.0000               0.0000               0.0000               0.0000               0.0000               0.0000               0.0000
[Row   4]               0.0000               0.0000               0.0000               1.0000               0.0000               0.0000               0.0000               0.0000               0.0000               0.0000
[Row   5]               0.0000               0.0000               0.0000               0.0000               1.0000               0.0000               0.0000               0.0000               0.0000               0.0000
[Row   6]               0.0000               0.0000               0.0000               0.0000               0.0000              -0.9798               0.3139               0.0000               0.0000               0.0000
[Row   7]               0.0000               0.0000               0.0000               0.0000               0.0000              -0.0748              -1.0261               0.0000               0.0000               0.0000
[Row   8]               0.0000               0.0000               0.0000               0.0000               0.0000               0.0000               0.0000               1.0000               0.0000               0.0000
[Row   9]               0.0000               0.0000               0.0000               0.0000               0.0000               0.0000               0.0000               0.0000               1.0000               0.0000
[Row  10]               0.0000               0.0000               0.0000               0.0000               0.0000               0.0000               0.0000               0.0000               0.0000               1.0000
===== eigvecP_avav =====

                  [Col  1]              [Col  2]              [Col  3]              [Col  4]              [Col  5]              [Col  6]              [Col  7]              [Col  8]              [Col  9]              [Col 10]
[Row   1]              -0.9798               0.3139               0.0000               0.0000               0.0000               0.0000               0.0000               0.0000               0.0000               0.0000
[Row   2]              -0.0748              -1.0261               0.0000               0.0000               0.0000               0.0000               0.0000               0.0000               0.0000               0.0000
[Row   3]               0.0000               0.0000               1.0000               0.0000               0.0000               0.0000               0.0000               0.0000               0.0000               0.0000
[Row   4]               0.0000               0.0000               0.0000               1.0000               0.0000               0.0000               0.0000               0.0000               0.0000               0.0000
[Row   5]               0.0000               0.0000               0.0000               0.0000               1.0000               0.0000               0.0000               0.0000               0.0000               0.0000
[Row   6]               0.0000               0.0000               0.0000               0.0000               0.0000              -0.9798               0.3139               0.0000               0.0000               0.0000
[Row   7]               0.0000               0.0000               0.0000               0.0000               0.0000              -0.0748              -1.0261               0.0000               0.0000               0.0000
[Row   8]               0.0000               0.0000               0.0000               0.0000               0.0000               0.0000               0.0000               1.0000               0.0000               0.0000
[Row   9]               0.0000               0.0000               0.0000               0.0000               0.0000               0.0000               0.0000               0.0000               1.0000               0.0000
[Row  10]               0.0000               0.0000               0.0000               0.0000               0.0000               0.0000               0.0000               0.0000               0.0000               1.0000
===== T1 =====

                  [Col  1]              [Col  2]              [Col  3]              [Col  4]              [Col  5]              [Col  6]              [Col  7]              [Col  8]              [Col  9]              [Col 10]
[Row   1]               1.0000               0.0000               0.0000               0.0000               0.0000               0.0000               0.0000               0.0000               0.0000               0.0000
[Row   2]               0.0000               1.0000               0.0000               0.0000               0.0000               0.0000               0.0000               0.0000               0.0000               0.0000
[Row   3]               0.0000               0.0000               1.0000               0.0000               0.0000               0.0000               0.0000               0.0000               0.0000               0.0000
[Row   4]               0.0000               0.0000               0.0000               1.0000               0.0000               0.0000               0.0000               0.0000               0.0000               0.0000
[Row   5]               0.0000               0.0000               0.0000               0.0000               1.0000               0.0000               0.0000               0.0000               0.0000               0.0000
[Row   6]               0.0000               0.0000               0.0000               0.0000               0.0000               1.0000               0.0000               0.0000               0.0000               0.0000
[Row   7]               0.0000               0.0000               0.0000               0.0000               0.0000               0.0000               1.0000               0.0000               0.0000               0.0000
[Row   8]               0.0000               0.0000               0.0000               0.0000               0.0000               0.0000               0.0000               1.0000               0.0000               0.0000
[Row   9]               0.0000               0.0000               0.0000               0.0000               0.0000               0.0000               0.0000               0.0000               1.0000               0.0000
[Row  10]               0.0000               0.0000               0.0000               0.0000               0.0000               0.0000               0.0000               0.0000               0.0000               1.0000
===== invT1*T1 =====

                  [Col  1]              [Col  2]              [Col  3]              [Col  4]              [Col  5]              [Col  6]              [Col  7]              [Col  8]              [Col  9]              [Col 10]
[Row   1]               1.0000               0.0000               0.0000               0.0000               0.0000               0.0000               0.0000               0.0000               0.0000               0.0000
[Row   2]               0.0000               1.0000               0.0000               0.0000               0.0000               0.0000               0.0000               0.0000               0.0000               0.0000
[Row   3]               0.0000               0.0000               1.0000               0.0000               0.0000               0.0000               0.0000               0.0000               0.0000               0.0000
[Row   4]               0.0000               0.0000               0.0000               1.0000               0.0000               0.0000               0.0000               0.0000               0.0000               0.0000
[Row   5]               0.0000               0.0000               0.0000               0.0000               1.0000               0.0000               0.0000               0.0000               0.0000               0.0000
[Row   6]               0.0000               0.0000               0.0000               0.0000               0.0000               1.0000               0.0000               0.0000               0.0000               0.0000
[Row   7]               0.0000               0.0000               0.0000               0.0000               0.0000               0.0000               1.0000               0.0000               0.0000               0.0000
[Row   8]               0.0000               0.0000               0.0000               0.0000               0.0000               0.0000               0.0000               1.0000               0.0000               0.0000
[Row   9]               0.0000               0.0000               0.0000               0.0000               0.0000               0.0000               0.0000               0.0000               1.0000               0.0000
[Row  10]               0.0000               0.0000               0.0000               0.0000               0.0000               0.0000               0.0000               0.0000               0.0000               1.0000
===== Trial P_aoao -> P_avav =====

                  [Col  1]              [Col  2]              [Col  3]              [Col  4]              [Col  5]              [Col  6]              [Col  7]              [Col  8]              [Col  9]              [Col 10]
[Row   1]               1.9999               0.4719               0.0000               0.0000              -0.0054               0.0001               0.0921               0.0000               0.0000               0.1508
[Row   2]               0.4719               1.9764               0.0000               0.0000               0.0704               0.0921               0.8772               0.0000               0.0000               0.9294
[Row   3]               0.0000               0.0000               1.2632               0.0000               0.0000               0.0000               0.0000               1.2632               0.0000               0.0000
[Row   4]               0.0000               0.0000               0.0000               1.2632               0.0000               0.0000               0.0000               0.0000               1.2632               0.0000
[Row   5]              -0.0054               0.0704               0.0000               0.0000               1.7894              -0.1508              -0.9294               0.0000               0.0000              -0.8586
[Row   6]               0.0001               0.0921               0.0000               0.0000              -0.1508               1.9999               0.4719               0.0000               0.0000               0.0054
[Row   7]               0.0921               0.8772               0.0000               0.0000              -0.9294               0.4719               1.9764               0.0000               0.0000              -0.0704
[Row   8]               0.0000               0.0000               1.2632               0.0000               0.0000               0.0000               0.0000               1.2632               0.0000               0.0000
[Row   9]               0.0000               0.0000               0.0000               1.2632               0.0000               0.0000               0.0000               0.0000               1.2632               0.0000
[Row  10]               0.1508               0.9294               0.0000               0.0000              -0.8586               0.0054              -0.0704               0.0000               0.0000               1.7894
===== P_avav =====

                  [Col  1]              [Col  2]              [Col  3]              [Col  4]              [Col  5]              [Col  6]              [Col  7]              [Col  8]              [Col  9]              [Col 10]
[Row   1]               1.9999               0.4719               0.0000               0.0000              -0.0054               0.0001               0.0921               0.0000               0.0000               0.1508
[Row   2]               0.4719               1.9764               0.0000               0.0000               0.0704               0.0921               0.8772               0.0000               0.0000               0.9294
[Row   3]               0.0000               0.0000               1.2632               0.0000               0.0000               0.0000               0.0000               1.2632               0.0000               0.0000
[Row   4]               0.0000               0.0000               0.0000               1.2632               0.0000               0.0000               0.0000               0.0000               1.2632               0.0000
[Row   5]              -0.0054               0.0704               0.0000               0.0000               1.7894              -0.1508              -0.9294               0.0000               0.0000              -0.8586
[Row   6]               0.0001               0.0921               0.0000               0.0000              -0.1508               1.9999               0.4719               0.0000               0.0000               0.0054
[Row   7]               0.0921               0.8772               0.0000               0.0000              -0.9294               0.4719               1.9764               0.0000               0.0000              -0.0704
[Row   8]               0.0000               0.0000               1.2632               0.0000               0.0000               0.0000               0.0000               1.2632               0.0000               0.0000
[Row   9]               0.0000               0.0000               0.0000               1.2632               0.0000               0.0000               0.0000               0.0000               1.2632               0.0000
[Row  10]               0.1508               0.9294               0.0000               0.0000              -0.8586               0.0054              -0.0704               0.0000               0.0000               1.7894
===== Trial S_aoao -> S_avav =====

                  [Col  1]              [Col  2]              [Col  3]              [Col  4]              [Col  5]              [Col  6]              [Col  7]              [Col  8]              [Col  9]              [Col 10]
[Row   1]               1.0000               0.2350               0.0000               0.0000               0.0000               0.0000               0.0469               0.0000               0.0000               0.0781
[Row   2]               0.2350               1.0000               0.0000               0.0000               0.0000               0.0469               0.4268               0.0000               0.0000               0.4295
[Row   3]               0.0000               0.0000               1.0000               0.0000               0.0000               0.0000               0.0000               0.2632               0.0000               0.0000
[Row   4]               0.0000               0.0000               0.0000               1.0000               0.0000               0.0000               0.0000               0.0000               0.2632               0.0000
[Row   5]               0.0000               0.0000               0.0000               0.0000               1.0000              -0.0781              -0.4295               0.0000               0.0000              -0.3240
[Row   6]               0.0000               0.0469               0.0000               0.0000              -0.0781               1.0000               0.2350               0.0000               0.0000               0.0000
[Row   7]               0.0469               0.4268               0.0000               0.0000              -0.4295               0.2350               1.0000               0.0000               0.0000               0.0000
[Row   8]               0.0000               0.0000               0.2632               0.0000               0.0000               0.0000               0.0000               1.0000               0.0000               0.0000
[Row   9]               0.0000               0.0000               0.0000               0.2632               0.0000               0.0000               0.0000               0.0000               1.0000               0.0000
[Row  10]               0.0781               0.4295               0.0000               0.0000              -0.3240               0.0000               0.0000               0.0000               0.0000               1.0000
===== S_avav =====

                  [Col  1]              [Col  2]              [Col  3]              [Col  4]              [Col  5]              [Col  6]              [Col  7]              [Col  8]              [Col  9]              [Col 10]
[Row   1]               1.0000               0.2350               0.0000               0.0000               0.0000               0.0000               0.0469               0.0000               0.0000               0.0781
[Row   2]               0.2350               1.0000               0.0000               0.0000               0.0000               0.0469               0.4268               0.0000               0.0000               0.4295
[Row   3]               0.0000               0.0000               1.0000               0.0000               0.0000               0.0000               0.0000               0.2632               0.0000               0.0000
[Row   4]               0.0000               0.0000               0.0000               1.0000               0.0000               0.0000               0.0000               0.0000               0.2632               0.0000
[Row   5]               0.0000               0.0000               0.0000               0.0000               1.0000              -0.0781              -0.4295               0.0000               0.0000              -0.3240
[Row   6]               0.0000               0.0469               0.0000               0.0000              -0.0781               1.0000               0.2350               0.0000               0.0000               0.0000
[Row   7]               0.0469               0.4268               0.0000               0.0000              -0.4295               0.2350               1.0000               0.0000               0.0000               0.0000
[Row   8]               0.0000               0.0000               0.2632               0.0000               0.0000               0.0000               0.0000               1.0000               0.0000               0.0000
[Row   9]               0.0000               0.0000               0.0000               0.2632               0.0000               0.0000               0.0000               0.0000               1.0000               0.0000
[Row  10]               0.0781               0.4295               0.0000               0.0000              -0.3240               0.0000               0.0000               0.0000               0.0000               1.0000
===== Spnao =====

                  [Col  1]              [Col  2]              [Col  3]              [Col  4]              [Col  5]              [Col  6]              [Col  7]              [Col  8]              [Col  9]              [Col 10]
[Row   1]               1.0000              -0.0000               0.0000               0.0000               0.0000               0.0093               0.0788               0.0000               0.0000              -0.1086
[Row   2]              -0.0000               1.0000               0.0000               0.0000               0.0000               0.0788               0.4192               0.0000               0.0000              -0.4162
[Row   3]               0.0000               0.0000               1.0000               0.0000               0.0000               0.0000               0.0000               0.2632               0.0000               0.0000
[Row   4]               0.0000               0.0000               0.0000               1.0000               0.0000               0.0000               0.0000               0.0000               0.2632               0.0000
[Row   5]               0.0000               0.0000               0.0000               0.0000               1.0000               0.1086               0.4162               0.0000               0.0000              -0.3240
[Row   6]               0.0093               0.0788               0.0000               0.0000               0.1086               1.0000              -0.0000               0.0000               0.0000               0.0000
[Row   7]               0.0788               0.4192               0.0000               0.0000               0.4162              -0.0000               1.0000               0.0000               0.0000               0.0000
[Row   8]               0.0000               0.0000               0.2632               0.0000               0.0000               0.0000               0.0000               1.0000               0.0000               0.0000
[Row   9]               0.0000               0.0000               0.0000               0.2632               0.0000               0.0000               0.0000               0.0000               1.0000               0.0000
[Row  10]              -0.1086              -0.4162               0.0000               0.0000              -0.3240               0.0000               0.0000               0.0000               0.0000               1.0000
===== Ppnao =====

                  [Col  1]              [Col  2]              [Col  3]              [Col  4]              [Col  5]              [Col  6]              [Col  7]              [Col  8]              [Col  9]              [Col 10]
[Row   1]               2.0000              -0.0000               0.0000               0.0000               0.0000               0.0185               0.1577               0.0000               0.0000              -0.2173
[Row   2]              -0.0000               1.9740               0.0000               0.0000              -0.0740               0.1577               0.8643               0.0000               0.0000              -0.9064
[Row   3]               0.0000               0.0000               1.2632               0.0000               0.0000               0.0000               0.0000               1.2632               0.0000               0.0000
[Row   4]               0.0000               0.0000               0.0000               1.2632               0.0000               0.0000               0.0000               0.0000               1.2632               0.0000
[Row   5]               0.0000              -0.0740               0.0000               0.0000               1.7894               0.2173               0.9064               0.0000               0.0000              -0.8586
[Row   6]               0.0185               0.1577               0.0000               0.0000               0.2173               2.0000              -0.0000               0.0000               0.0000              -0.0000
[Row   7]               0.1577               0.8643               0.0000               0.0000               0.9064              -0.0000               1.9740               0.0000               0.0000               0.0740
[Row   8]               0.0000               0.0000               1.2632               0.0000               0.0000               0.0000               0.0000               1.2632               0.0000               0.0000
[Row   9]               0.0000               0.0000               0.0000               1.2632               0.0000               0.0000               0.0000               0.0000               1.2632               0.0000
[Row  10]              -0.2173              -0.9064               0.0000               0.0000              -0.8586              -0.0000               0.0740               0.0000               0.0000               1.7894
