molecule mol30.xyz
System:, atNum: 8 coords [0.        0.        1.2916297]
System:, atNum: 6 coords [ 0.         0.        -1.0140535]
System:, atNum: 1 coords [ 0.          1.76574119 -2.12436208]
System:, atNum: 1 coords [ 0.         -1.76574119 -2.12436208]
===== Original AO-S matrix =====

                  [Col  1]              [Col  2]              [Col  3]              [Col  4]              [Col  5]              [Col  6]              [Col  7]              [Col  8]              [Col  9]              [Col 10]
[Row   1]               1.0000               0.2367               0.0000               0.0000               0.0000               0.0000               0.0362               0.0608               0.0000               0.0000
[Row   2]               0.2367               1.0000               0.0000               0.0000               0.0000               0.0354               0.3593               0.4388               0.0000               0.0000
[Row   3]               0.0000               0.0000               1.0000               0.0000               0.0000              -0.0595              -0.3192              -0.3134               0.0000               0.0000
[Row   4]               0.0000               0.0000               0.0000               1.0000               0.0000               0.0000               0.0000               0.0000               0.2072               0.0000
[Row   5]               0.0000               0.0000               0.0000               0.0000               1.0000               0.0000               0.0000               0.0000               0.0000               0.2072
[Row   6]               0.0000               0.0354              -0.0595               0.0000               0.0000               1.0000               0.2484              -0.0000               0.0000               0.0000
[Row   7]               0.0362               0.3593              -0.3192               0.0000               0.0000               0.2484               1.0000               0.0000               0.0000               0.0000
[Row   8]               0.0608               0.4388              -0.3134               0.0000               0.0000              -0.0000               0.0000               1.0000               0.0000               0.0000
[Row   9]               0.0000               0.0000               0.0000               0.2072               0.0000               0.0000               0.0000               0.0000               1.0000               0.0000
[Row  10]               0.0000               0.0000               0.0000               0.0000               0.2072               0.0000               0.0000               0.0000               0.0000               1.0000
[Row  11]               0.0046               0.0706              -0.0701               0.0000               0.0362               0.0603               0.4829              -0.2462               0.0000               0.3915
[Row  12]               0.0046               0.0706              -0.0701               0.0000              -0.0362               0.0603               0.4829              -0.2462               0.0000              -0.3915
                  [Col 11]              [Col 12]
[Row   1]               0.0046               0.0046
[Row   2]               0.0706               0.0706
[Row   3]              -0.0701              -0.0701
[Row   4]               0.0000               0.0000
[Row   5]               0.0362              -0.0362
[Row   6]               0.0603               0.0603
[Row   7]               0.4829               0.4829
[Row   8]              -0.2462              -0.2462
[Row   9]               0.0000               0.0000
[Row  10]               0.3915              -0.3915
[Row  11]               1.0000               0.1473
[Row  12]               0.1473               1.0000
nbas 12
 ===== CA ===== 

                  [Col  1]              [Col  2]              [Col  3]              [Col  4]              [Col  5]              [Col  6]              [Col  7]              [Col  8]              [Col  9]              [Col 10]
[Row   1]               0.9943              -0.0001               0.2194               0.0995               0.0000               0.0931              -0.0000               0.0000              -0.0000               0.0264
[Row   2]               0.0259               0.0057              -0.7700              -0.4325              -0.0000              -0.4951               0.0000              -0.0000               0.0000              -0.1494
[Row   3]              -0.0056              -0.0017               0.1689              -0.1665              -0.0000              -0.6761               0.0000              -0.0000              -0.0000               0.2330
[Row   4]               0.0000               0.0000              -0.0000               0.0000               0.0000               0.0000               0.6759               0.0000               0.7669               0.0000
[Row   5]               0.0000               0.0000               0.0000              -0.0000               0.4388              -0.0000              -0.0000               0.8724               0.0000               0.0000
[Row   6]               0.0005              -0.9926               0.1221              -0.1860              -0.0000              -0.0320               0.0000              -0.0000               0.0000              -0.2066
[Row   7]              -0.0071              -0.0328              -0.2777               0.5793               0.0000               0.1040              -0.0000               0.0000              -0.0000               1.2890
[Row   8]              -0.0063              -0.0006              -0.1572              -0.2230               0.0000               0.4495              -0.0000               0.0000              -0.0000              -0.4543
[Row   9]              -0.0000              -0.0000              -0.0000               0.0000               0.0000               0.0000               0.6101               0.0000              -0.8201              -0.0000
[Row  10]              -0.0000              -0.0000               0.0000              -0.0000               0.5328              -0.0000               0.0000              -0.1803              -0.0000              -0.0000
[Row  11]               0.0002               0.0065              -0.0317               0.2644               0.3020              -0.1608               0.0000              -0.3560               0.0000              -0.8887
[Row  12]               0.0002               0.0065              -0.0317               0.2644              -0.3020              -0.1608              -0.0000               0.3560               0.0000              -0.8887
                  [Col 11]              [Col 12]
[Row   1]              -0.0000               0.1157
[Row   2]               0.0000              -0.8591
[Row   3]              -0.0000               0.9253
[Row   4]              -0.0000               0.0000
[Row   5]               0.3153              -0.0000
[Row   6]               0.0000              -0.0977
[Row   7]              -0.0000               0.6469
[Row   8]               0.0000               1.1614
[Row   9]               0.0000              -0.0000
[Row  10]              -1.1501              -0.0000
[Row  11]               0.8395               0.1388
[Row  12]              -0.8395               0.1388
 ===== CB ===== 

                  [Col  1]              [Col  2]              [Col  3]              [Col  4]              [Col  5]              [Col  6]              [Col  7]              [Col  8]              [Col  9]              [Col 10]
[Row   1]               0.9943              -0.0001               0.2194               0.0995               0.0000               0.0931              -0.0000               0.0000              -0.0000               0.0264
[Row   2]               0.0259               0.0057              -0.7700              -0.4325              -0.0000              -0.4951               0.0000              -0.0000               0.0000              -0.1494
[Row   3]              -0.0056              -0.0017               0.1689              -0.1665              -0.0000              -0.6761               0.0000              -0.0000              -0.0000               0.2330
[Row   4]               0.0000               0.0000              -0.0000               0.0000               0.0000               0.0000               0.6759               0.0000               0.7669               0.0000
[Row   5]               0.0000               0.0000               0.0000              -0.0000               0.4388              -0.0000              -0.0000               0.8724               0.0000               0.0000
[Row   6]               0.0005              -0.9926               0.1221              -0.1860              -0.0000              -0.0320               0.0000              -0.0000               0.0000              -0.2066
[Row   7]              -0.0071              -0.0328              -0.2777               0.5793               0.0000               0.1040              -0.0000               0.0000              -0.0000               1.2890
[Row   8]              -0.0063              -0.0006              -0.1572              -0.2230               0.0000               0.4495              -0.0000               0.0000              -0.0000              -0.4543
[Row   9]              -0.0000              -0.0000              -0.0000               0.0000               0.0000               0.0000               0.6101               0.0000              -0.8201              -0.0000
[Row  10]              -0.0000              -0.0000               0.0000              -0.0000               0.5328              -0.0000               0.0000              -0.1803              -0.0000              -0.0000
[Row  11]               0.0002               0.0065              -0.0317               0.2644               0.3020              -0.1608               0.0000              -0.3560               0.0000              -0.8887
[Row  12]               0.0002               0.0065              -0.0317               0.2644              -0.3020              -0.1608              -0.0000               0.3560               0.0000              -0.8887
                  [Col 11]              [Col 12]
[Row   1]              -0.0000               0.1157
[Row   2]               0.0000              -0.8591
[Row   3]              -0.0000               0.9253
[Row   4]              -0.0000               0.0000
[Row   5]               0.3153              -0.0000
[Row   6]               0.0000              -0.0977
[Row   7]              -0.0000               0.6469
[Row   8]               0.0000               1.1614
[Row   9]               0.0000              -0.0000
[Row  10]              -1.1501              -0.0000
[Row  11]               0.8395               0.1388
[Row  12]              -0.8395               0.1388
 ===== P_psi ===== Dalpha+Dbeta 

                  [Col  1]              [Col  2]              [Col  3]              [Col  4]              [Col  5]              [Col  6]              [Col  7]              [Col  8]              [Col  9]              [Col 10]
[Row   1]               2.1107              -0.4647              -0.0959              -0.0000               0.0000               0.0120              -0.0014              -0.0421              -0.0000               0.0000
[Row   2]              -0.4647               2.0516               0.5532              -0.0000              -0.0000              -0.0068              -0.1772              -0.0105               0.0000              -0.0000
[Row   3]              -0.0959               0.5532               1.0270              -0.0000               0.0000               0.1499              -0.4273              -0.5867               0.0000              -0.0000
[Row   4]              -0.0000              -0.0000              -0.0000               0.9136              -0.0000              -0.0000              -0.0000               0.0000               0.8248              -0.0000
[Row   5]               0.0000              -0.0000               0.0000              -0.0000               1.9072              -0.0000               0.0000               0.0000               0.0000               0.1531
[Row   6]               0.0120              -0.0068               0.1499              -0.0000              -0.0000               2.0717              -0.2248               0.0169               0.0000               0.0000
[Row   7]              -0.0014              -0.1772              -0.4273              -0.0000               0.0000              -0.2248               0.8494              -0.0774              -0.0000              -0.0000
[Row   8]              -0.0421              -0.0105              -0.5867               0.0000               0.0000               0.0169              -0.0774               0.5532              -0.0000               0.0000
[Row   9]              -0.0000               0.0000               0.0000               0.8248               0.0000               0.0000              -0.0000              -0.0000               0.7446               0.0000
[Row  10]               0.0000              -0.0000              -0.0000              -0.0000               0.1531               0.0000              -0.0000               0.0000               0.0000               0.6328
[Row  11]               0.0091              -0.0205               0.1186              -0.0000              -0.3561              -0.1087               0.2900              -0.2525               0.0000               0.4501
[Row  12]               0.0091              -0.0205               0.1186              -0.0000               0.3561              -0.1087               0.2900              -0.2525               0.0000              -0.4501
                  [Col 11]              [Col 12]
[Row   1]               0.0091               0.0091
[Row   2]              -0.0205              -0.0205
[Row   3]               0.1186               0.1186
[Row   4]              -0.0000              -0.0000
[Row   5]              -0.3561               0.3561
[Row   6]              -0.1087              -0.1087
[Row   7]               0.2900               0.2900
[Row   8]              -0.2525              -0.2525
[Row   9]               0.0000               0.0000
[Row  10]               0.4501              -0.4501
[Row  11]               0.6293              -0.2423
[Row  12]              -0.2423               0.6293
===== P_mu,nu local =====

                  [Col  1]              [Col  2]              [Col  3]              [Col  4]              [Col  5]              [Col  6]              [Col  7]              [Col  8]              [Col  9]              [Col 10]
[Row   1]               2.1107              -0.4647              -0.0959              -0.0000               0.0000               0.0120              -0.0014              -0.0421              -0.0000               0.0000
[Row   2]              -0.4647               2.0516               0.5532              -0.0000              -0.0000              -0.0068              -0.1772              -0.0105               0.0000              -0.0000
[Row   3]              -0.0959               0.5532               1.0270              -0.0000               0.0000               0.1499              -0.4273              -0.5867               0.0000              -0.0000
[Row   4]              -0.0000              -0.0000              -0.0000               0.9136              -0.0000              -0.0000              -0.0000               0.0000               0.8248              -0.0000
[Row   5]               0.0000              -0.0000               0.0000              -0.0000               1.9072              -0.0000               0.0000               0.0000               0.0000               0.1531
[Row   6]               0.0120              -0.0068               0.1499              -0.0000              -0.0000               2.0717              -0.2248               0.0169               0.0000               0.0000
[Row   7]              -0.0014              -0.1772              -0.4273              -0.0000               0.0000              -0.2248               0.8494              -0.0774              -0.0000              -0.0000
[Row   8]              -0.0421              -0.0105              -0.5867               0.0000               0.0000               0.0169              -0.0774               0.5532              -0.0000               0.0000
[Row   9]              -0.0000               0.0000               0.0000               0.8248               0.0000               0.0000              -0.0000              -0.0000               0.7446               0.0000
[Row  10]               0.0000              -0.0000              -0.0000              -0.0000               0.1531               0.0000              -0.0000               0.0000               0.0000               0.6328
[Row  11]               0.0091              -0.0205               0.1186              -0.0000              -0.3561              -0.1087               0.2900              -0.2525               0.0000               0.4501
[Row  12]               0.0091              -0.0205               0.1186              -0.0000               0.3561              -0.1087               0.2900              -0.2525               0.0000              -0.4501
                  [Col 11]              [Col 12]
[Row   1]               0.0091               0.0091
[Row   2]              -0.0205              -0.0205
[Row   3]               0.1186               0.1186
[Row   4]              -0.0000              -0.0000
[Row   5]              -0.3561               0.3561
[Row   6]              -0.1087              -0.1087
[Row   7]               0.2900               0.2900
[Row   8]              -0.2525              -0.2525
[Row   9]               0.0000               0.0000
[Row  10]               0.4501              -0.4501
[Row  11]               0.6293              -0.2423
[Row  12]              -0.2423               0.6293
===== P_mu,nu psi4 =====

                  [Col  1]              [Col  2]              [Col  3]              [Col  4]              [Col  5]              [Col  6]              [Col  7]              [Col  8]              [Col  9]              [Col 10]
[Row   1]               2.1107              -0.4647              -0.0959              -0.0000               0.0000               0.0120              -0.0014              -0.0421              -0.0000               0.0000
[Row   2]              -0.4647               2.0516               0.5532              -0.0000              -0.0000              -0.0068              -0.1772              -0.0105               0.0000              -0.0000
[Row   3]              -0.0959               0.5532               1.0270              -0.0000               0.0000               0.1499              -0.4273              -0.5867               0.0000              -0.0000
[Row   4]              -0.0000              -0.0000              -0.0000               0.9136              -0.0000              -0.0000              -0.0000               0.0000               0.8248              -0.0000
[Row   5]               0.0000              -0.0000               0.0000              -0.0000               1.9072              -0.0000               0.0000               0.0000               0.0000               0.1531
[Row   6]               0.0120              -0.0068               0.1499              -0.0000              -0.0000               2.0717              -0.2248               0.0169               0.0000               0.0000
[Row   7]              -0.0014              -0.1772              -0.4273              -0.0000               0.0000              -0.2248               0.8494              -0.0774              -0.0000              -0.0000
[Row   8]              -0.0421              -0.0105              -0.5867               0.0000               0.0000               0.0169              -0.0774               0.5532              -0.0000               0.0000
[Row   9]              -0.0000               0.0000               0.0000               0.8248               0.0000               0.0000              -0.0000              -0.0000               0.7446               0.0000
[Row  10]               0.0000              -0.0000              -0.0000              -0.0000               0.1531               0.0000              -0.0000               0.0000               0.0000               0.6328
[Row  11]               0.0091              -0.0205               0.1186              -0.0000              -0.3561              -0.1087               0.2900              -0.2525               0.0000               0.4501
[Row  12]               0.0091              -0.0205               0.1186              -0.0000               0.3561              -0.1087               0.2900              -0.2525               0.0000              -0.4501
                  [Col 11]              [Col 12]
[Row   1]               0.0091               0.0091
[Row   2]              -0.0205              -0.0205
[Row   3]               0.1186               0.1186
[Row   4]              -0.0000              -0.0000
[Row   5]              -0.3561               0.3561
[Row   6]              -0.1087              -0.1087
[Row   7]               0.2900               0.2900
[Row   8]              -0.2525              -0.2525
[Row   9]               0.0000               0.0000
[Row  10]               0.4501              -0.4501
[Row  11]               0.6293              -0.2423
[Row  12]              -0.2423               0.6293
====== P^(AO) = SPS =====

                  [Col  1]              [Col  2]              [Col  3]              [Col  4]              [Col  5]              [Col  6]              [Col  7]              [Col  8]              [Col  9]              [Col 10]
[Row   1]               1.9999               0.4746              -0.0056               0.0000               0.0000               0.0001               0.0690               0.1155               0.0000               0.0000
[Row   2]               0.4746               1.9889               0.0526               0.0000               0.0000               0.0696               0.7478               0.9375               0.0000               0.0000
[Row   3]              -0.0056               0.0526               1.7469               0.0000               0.0000              -0.1125              -0.7963              -0.8914               0.0000               0.0000
[Row   4]               0.0000               0.0000               0.0000               1.2874               0.0000               0.0000               0.0000               0.0000               1.2038               0.0000
[Row   5]               0.0000               0.0000               0.0000               0.0000               1.9621               0.0000               0.0000               0.0000               0.0000               0.5322
[Row   6]               0.0001               0.0696              -0.1125               0.0000               0.0000               1.9996               0.5050               0.0010               0.0000               0.0000
[Row   7]               0.0690               0.7478              -0.7963               0.0000               0.0000               0.5050               1.8233              -0.0583               0.0000               0.0000
[Row   8]               0.1155               0.9375              -0.8914               0.0000               0.0000               0.0010              -0.0583               1.5775               0.0000               0.0000
[Row   9]               0.0000               0.0000               0.0000               1.2038               0.0000               0.0000               0.0000               0.0000               1.1256               0.0000
[Row  10]               0.0000               0.0000               0.0000               0.0000               0.5322               0.0000               0.0000               0.0000               0.0000               1.6347
[Row  11]               0.0095               0.1414              -0.1121               0.0000              -0.0039               0.1130               1.1124              -0.6396               0.0000               1.0198
[Row  12]               0.0095               0.1414              -0.1121               0.0000               0.0039               0.1130               1.1124              -0.6396               0.0000              -1.0198
                  [Col 11]              [Col 12]
[Row   1]               0.0095               0.0095
[Row   2]               0.1414               0.1414
[Row   3]              -0.1121              -0.1121
[Row   4]               0.0000               0.0000
[Row   5]              -0.0039               0.0039
[Row   6]               0.1130               0.1130
[Row   7]               1.1124               1.1124
[Row   8]              -0.6396              -0.6396
[Row   9]               0.0000               0.0000
[Row  10]               1.0198              -1.0198
[Row  11]               1.6299               0.2314
[Row  12]               0.2314               1.6299
====== S^(AO) = S =====

                  [Col  1]              [Col  2]              [Col  3]              [Col  4]              [Col  5]              [Col  6]              [Col  7]              [Col  8]              [Col  9]              [Col 10]
[Row   1]               1.0000               0.2367               0.0000               0.0000               0.0000               0.0000               0.0362               0.0608               0.0000               0.0000
[Row   2]               0.2367               1.0000               0.0000               0.0000               0.0000               0.0354               0.3593               0.4388               0.0000               0.0000
[Row   3]               0.0000               0.0000               1.0000               0.0000               0.0000              -0.0595              -0.3192              -0.3134               0.0000               0.0000
[Row   4]               0.0000               0.0000               0.0000               1.0000               0.0000               0.0000               0.0000               0.0000               0.2072               0.0000
[Row   5]               0.0000               0.0000               0.0000               0.0000               1.0000               0.0000               0.0000               0.0000               0.0000               0.2072
[Row   6]               0.0000               0.0354              -0.0595               0.0000               0.0000               1.0000               0.2484               0.0000               0.0000               0.0000
[Row   7]               0.0362               0.3593              -0.3192               0.0000               0.0000               0.2484               1.0000               0.0000               0.0000               0.0000
[Row   8]               0.0608               0.4388              -0.3134               0.0000               0.0000               0.0000               0.0000               1.0000               0.0000               0.0000
[Row   9]               0.0000               0.0000               0.0000               0.2072               0.0000               0.0000               0.0000               0.0000               1.0000               0.0000
[Row  10]               0.0000               0.0000               0.0000               0.0000               0.2072               0.0000               0.0000               0.0000               0.0000               1.0000
[Row  11]               0.0046               0.0706              -0.0701               0.0000               0.0362               0.0603               0.4829              -0.2462               0.0000               0.3915
[Row  12]               0.0046               0.0706              -0.0701               0.0000              -0.0362               0.0603               0.4829              -0.2462               0.0000              -0.3915
                  [Col 11]              [Col 12]
[Row   1]               0.0046               0.0046
[Row   2]               0.0706               0.0706
[Row   3]              -0.0701              -0.0701
[Row   4]               0.0000               0.0000
[Row   5]               0.0362              -0.0362
[Row   6]               0.0603               0.0603
[Row   7]               0.4829               0.4829
[Row   8]              -0.2462              -0.2462
[Row   9]               0.0000               0.0000
[Row  10]               0.3915              -0.3915
[Row  11]               1.0000               0.1473
[Row  12]               0.1473               1.0000
====== P^(AO) std gaussian m_l ordering SPS =====

                  [Col  1]              [Col  2]              [Col  3]              [Col  4]              [Col  5]              [Col  6]              [Col  7]              [Col  8]              [Col  9]              [Col 10]
[Row   1]               1.9999               0.4746               0.0000               0.0000              -0.0056               0.0001               0.0690               0.0000               0.0000               0.1155
[Row   2]               0.4746               1.9889               0.0000               0.0000               0.0526               0.0696               0.7478               0.0000               0.0000               0.9375
[Row   3]               0.0000               0.0000               1.2874               0.0000               0.0000               0.0000               0.0000               1.2038               0.0000               0.0000
[Row   4]               0.0000               0.0000               0.0000               1.9621               0.0000               0.0000               0.0000               0.0000               0.5322               0.0000
[Row   5]              -0.0056               0.0526               0.0000               0.0000               1.7469              -0.1125              -0.7963               0.0000               0.0000              -0.8914
[Row   6]               0.0001               0.0696               0.0000               0.0000              -0.1125               1.9996               0.5050               0.0000               0.0000               0.0010
[Row   7]               0.0690               0.7478               0.0000               0.0000              -0.7963               0.5050               1.8233               0.0000               0.0000              -0.0583
[Row   8]               0.0000               0.0000               1.2038               0.0000               0.0000               0.0000               0.0000               1.1256               0.0000               0.0000
[Row   9]               0.0000               0.0000               0.0000               0.5322               0.0000               0.0000               0.0000               0.0000               1.6347               0.0000
[Row  10]               0.1155               0.9375               0.0000               0.0000              -0.8914               0.0010              -0.0583               0.0000               0.0000               1.5775
[Row  11]               0.0095               0.1414               0.0000              -0.0039              -0.1121               0.1130               1.1124               0.0000               1.0198              -0.6396
[Row  12]               0.0095               0.1414               0.0000               0.0039              -0.1121               0.1130               1.1124               0.0000              -1.0198              -0.6396
                  [Col 11]              [Col 12]
[Row   1]               0.0095               0.0095
[Row   2]               0.1414               0.1414
[Row   3]               0.0000               0.0000
[Row   4]              -0.0039               0.0039
[Row   5]              -0.1121              -0.1121
[Row   6]               0.1130               0.1130
[Row   7]               1.1124               1.1124
[Row   8]               0.0000               0.0000
[Row   9]               1.0198              -1.0198
[Row  10]              -0.6396              -0.6396
[Row  11]               1.6299               0.2314
[Row  12]               0.2314               1.6299
====== S^(AO) std gaussian m_l ordering =====

                  [Col  1]              [Col  2]              [Col  3]              [Col  4]              [Col  5]              [Col  6]              [Col  7]              [Col  8]              [Col  9]              [Col 10]
[Row   1]               1.0000               0.2367               0.0000               0.0000               0.0000               0.0000               0.0362               0.0000               0.0000               0.0608
[Row   2]               0.2367               1.0000               0.0000               0.0000               0.0000               0.0354               0.3593               0.0000               0.0000               0.4388
[Row   3]               0.0000               0.0000               1.0000               0.0000               0.0000               0.0000               0.0000               0.2072               0.0000               0.0000
[Row   4]               0.0000               0.0000               0.0000               1.0000               0.0000               0.0000               0.0000               0.0000               0.2072               0.0000
[Row   5]               0.0000               0.0000               0.0000               0.0000               1.0000              -0.0595              -0.3192               0.0000               0.0000              -0.3134
[Row   6]               0.0000               0.0354               0.0000               0.0000              -0.0595               1.0000               0.2484               0.0000               0.0000               0.0000
[Row   7]               0.0362               0.3593               0.0000               0.0000              -0.3192               0.2484               1.0000               0.0000               0.0000               0.0000
[Row   8]               0.0000               0.0000               0.2072               0.0000               0.0000               0.0000               0.0000               1.0000               0.0000               0.0000
[Row   9]               0.0000               0.0000               0.0000               0.2072               0.0000               0.0000               0.0000               0.0000               1.0000               0.0000
[Row  10]               0.0608               0.4388               0.0000               0.0000              -0.3134               0.0000               0.0000               0.0000               0.0000               1.0000
[Row  11]               0.0046               0.0706               0.0000               0.0362              -0.0701               0.0603               0.4829               0.0000               0.3915              -0.2462
[Row  12]               0.0046               0.0706               0.0000              -0.0362              -0.0701               0.0603               0.4829               0.0000              -0.3915              -0.2462
                  [Col 11]              [Col 12]
[Row   1]               0.0046               0.0046
[Row   2]               0.0706               0.0706
[Row   3]               0.0000               0.0000
[Row   4]               0.0362              -0.0362
[Row   5]              -0.0701              -0.0701
[Row   6]               0.0603               0.0603
[Row   7]               0.4829               0.4829
[Row   8]               0.0000               0.0000
[Row   9]               0.3915              -0.3915
[Row  10]              -0.2462              -0.2462
[Row  11]               1.0000               0.1473
[Row  12]               0.1473               1.0000
===== After load P check zeros ===== 
 [[ 1.99987595e+00  4.74577130e-01  0.00000000e+00  0.00000000e+00
  -5.59711230e-03  1.37268417e-04  6.90028039e-02  0.00000000e+00
   0.00000000e+00  1.15535833e-01  9.52682714e-03  9.52682714e-03]
 [ 4.74577130e-01  1.98891950e+00  0.00000000e+00  0.00000000e+00
   5.25695623e-02  6.95832645e-02  7.47816827e-01  0.00000000e+00
   0.00000000e+00  9.37501702e-01  1.41363428e-01  1.41363428e-01]
 [ 0.00000000e+00  0.00000000e+00  1.28741774e+00  0.00000000e+00
   0.00000000e+00  0.00000000e+00  0.00000000e+00  1.20380890e+00
   0.00000000e+00  0.00000000e+00  0.00000000e+00  0.00000000e+00]
 [ 0.00000000e+00  0.00000000e+00  0.00000000e+00  1.96206331e+00
   0.00000000e+00  0.00000000e+00  0.00000000e+00  0.00000000e+00
   5.32186998e-01  0.00000000e+00 -3.85499082e-03  3.85499082e-03]
 [-5.59711230e-03  5.25695623e-02  0.00000000e+00  0.00000000e+00
   1.74686548e+00 -1.12454408e-01 -7.96269881e-01  0.00000000e+00
   0.00000000e+00 -8.91370998e-01 -1.12069001e-01 -1.12069001e-01]
 [ 1.37268417e-04  6.95832645e-02  0.00000000e+00  0.00000000e+00
  -1.12454408e-01  1.99960921e+00  5.04959434e-01  0.00000000e+00
   0.00000000e+00  1.04625024e-03  1.12964534e-01  1.12964534e-01]
 [ 6.90028039e-02  7.47816827e-01  0.00000000e+00  0.00000000e+00
  -7.96269881e-01  5.04959434e-01  1.82334312e+00  0.00000000e+00
   0.00000000e+00 -5.83416606e-02  1.11236526e+00  1.11236526e+00]
 [ 0.00000000e+00  0.00000000e+00  1.20380890e+00  0.00000000e+00
   0.00000000e+00  0.00000000e+00  0.00000000e+00  1.12562989e+00
   0.00000000e+00  0.00000000e+00  0.00000000e+00  0.00000000e+00]
 [ 0.00000000e+00  0.00000000e+00  0.00000000e+00  5.32186998e-01
   0.00000000e+00  0.00000000e+00  0.00000000e+00  0.00000000e+00
   1.63470730e+00  0.00000000e+00  1.01980986e+00 -1.01980986e+00]
 [ 1.15535833e-01  9.37501702e-01  0.00000000e+00  0.00000000e+00
  -8.91370998e-01  1.04625024e-03 -5.83416606e-02  0.00000000e+00
   0.00000000e+00  1.57748427e+00 -6.39607019e-01 -6.39607019e-01]
 [ 9.52682714e-03  1.41363428e-01  0.00000000e+00 -3.85499082e-03
  -1.12069001e-01  1.12964534e-01  1.11236526e+00  0.00000000e+00
   1.01980986e+00 -6.39607019e-01  1.62993003e+00  2.31397078e-01]
 [ 9.52682714e-03  1.41363428e-01  0.00000000e+00  3.85499082e-03
  -1.12069001e-01  1.12964534e-01  1.11236526e+00  0.00000000e+00
  -1.01980986e+00 -6.39607019e-01  2.31397078e-01  1.62993003e+00]]
lctrl 0 ntrue 2
lctrl 1 ntrue 3
lctrl 1
===== cA before average ===== 
 [[1.28741774 0.         0.        ]
 [0.         1.96206331 0.        ]
 [0.         0.         1.74686548]]
===== cB before average ===== 
 [[1. 0. 0.]
 [0. 1. 0.]
 [0. 0. 1.]]
===== cA after average ===== 
 [[1.28741774 0.         0.        ]
 [0.         1.96206331 0.        ]
 [0.         0.         1.74686548]]
===== cB after average ===== 
 [[1. 0. 0.]
 [0. 1. 0.]
 [0. 0. 1.]]
lctrl 0 ntrue 2
lctrl 1 ntrue 3
lctrl 1
===== cA before average ===== 
 [[1.12562989 0.         0.        ]
 [0.         1.6347073  0.        ]
 [0.         0.         1.57748427]]
===== cB before average ===== 
 [[1. 0. 0.]
 [0. 1. 0.]
 [0. 0. 1.]]
===== cA after average ===== 
 [[1.12562989 0.         0.        ]
 [0.         1.6347073  0.        ]
 [0.         0.         1.57748427]]
===== cB after average ===== 
 [[1. 0. 0.]
 [0. 1. 0.]
 [0. 0. 1.]]
lctrl 0 ntrue 1
lctrl 0 ntrue 1
N_functions in (iatom,l):( 0 0 ) block =  2
===== iatom,lblock eigvals ===== 0 0 
 [1.99999937 1.98754464]
===== iatom,lblock eigvecs ===== 0 0 
 [[-0.9707803   0.34196479]
 [-0.10245926 -1.02413691]]
N_functions in (iatom,l):( 0 1 ) block =  3
eigvecs before 
 [[0. 0. 1.]
 [1. 0. 0.]
 [0. 1. 0.]]
mlMap 
 [[0. 1. 0.]
 [0. 0. 1.]
 [1. 0. 0.]]
eigvecs after 
 [[1. 0. 0.]
 [0. 1. 0.]
 [0. 0. 1.]]
===== iatom,lblock eigvals ===== 0 1 
 [1.96206331 1.74686548 1.28741774]
===== iatom,lblock eigvecs ===== 0 1 
 [[1. 0. 0.]
 [0. 1. 0.]
 [0. 0. 1.]]
N_functions in (iatom,l):( 1 0 ) block =  2
===== iatom,lblock eigvals ===== 1 0 
 [1.99999323 1.80696093]
===== iatom,lblock eigvecs ===== 1 0 
 [[-0.98756882  0.30074363]
 [-0.04604553 -1.03131892]]
N_functions in (iatom,l):( 1 1 ) block =  3
eigvecs before 
 [[0. 0. 1.]
 [1. 0. 0.]
 [0. 1. 0.]]
mlMap 
 [[0. 1. 0.]
 [0. 0. 1.]
 [1. 0. 0.]]
eigvecs after 
 [[1. 0. 0.]
 [0. 1. 0.]
 [0. 0. 1.]]
===== iatom,lblock eigvals ===== 1 1 
 [1.6347073  1.57748427 1.12562989]
===== iatom,lblock eigvecs ===== 1 1 
 [[1. 0. 0.]
 [0. 1. 0.]
 [0. 0. 1.]]
N_functions in (iatom,l):( 2 0 ) block =  1
===== iatom,lblock eigvals ===== 2 0 
 [1.62993003]
===== iatom,lblock eigvecs ===== 2 0 
 [[1.]]
N_functions in (iatom,l):( 3 0 ) block =  1
===== iatom,lblock eigvals ===== 3 0 
 [1.62993003]
===== iatom,lblock eigvecs ===== 3 0 
 [[1.]]
===== W_pnao ===== 
 [1.99999937 1.98754464 1.96206331 1.74686548 1.28741774 1.99999323
 1.80696093 1.6347073  1.57748427 1.12562989 1.62993003 1.62993003]
===== N_avpnao =====

                  [Col  1]              [Col  2]              [Col  3]              [Col  4]              [Col  5]              [Col  6]              [Col  7]              [Col  8]              [Col  9]              [Col 10]
[Row   1]              -0.9708               0.3420               0.0000               0.0000               0.0000               0.0000               0.0000               0.0000               0.0000               0.0000
[Row   2]              -0.1025              -1.0241               0.0000               0.0000               0.0000               0.0000               0.0000               0.0000               0.0000               0.0000
[Row   3]               0.0000               0.0000               1.0000               0.0000               0.0000               0.0000               0.0000               0.0000               0.0000               0.0000
[Row   4]               0.0000               0.0000               0.0000               1.0000               0.0000               0.0000               0.0000               0.0000               0.0000               0.0000
[Row   5]               0.0000               0.0000               0.0000               0.0000               1.0000               0.0000               0.0000               0.0000               0.0000               0.0000
[Row   6]               0.0000               0.0000               0.0000               0.0000               0.0000              -0.9876               0.3007               0.0000               0.0000               0.0000
[Row   7]               0.0000               0.0000               0.0000               0.0000               0.0000              -0.0460              -1.0313               0.0000               0.0000               0.0000
[Row   8]               0.0000               0.0000               0.0000               0.0000               0.0000               0.0000               0.0000               1.0000               0.0000               0.0000
[Row   9]               0.0000               0.0000               0.0000               0.0000               0.0000               0.0000               0.0000               0.0000               1.0000               0.0000
[Row  10]               0.0000               0.0000               0.0000               0.0000               0.0000               0.0000               0.0000               0.0000               0.0000               1.0000
[Row  11]               0.0000               0.0000               0.0000               0.0000               0.0000               0.0000               0.0000               0.0000               0.0000               0.0000
[Row  12]               0.0000               0.0000               0.0000               0.0000               0.0000               0.0000               0.0000               0.0000               0.0000               0.0000
                  [Col 11]              [Col 12]
[Row   1]               0.0000               0.0000
[Row   2]               0.0000               0.0000
[Row   3]               0.0000               0.0000
[Row   4]               0.0000               0.0000
[Row   5]               0.0000               0.0000
[Row   6]               0.0000               0.0000
[Row   7]               0.0000               0.0000
[Row   8]               0.0000               0.0000
[Row   9]               0.0000               0.0000
[Row  10]               0.0000               0.0000
[Row  11]               1.0000               0.0000
[Row  12]               0.0000               1.0000
N_functions in (iatom,l):( 0 0 ) block =  2
===== iatom,lblock eigvals ===== 0 0 
 [1.99999937 1.98754464]
===== iatom,lblock eigvecs ===== 0 0 
 [[-0.9707803   0.34196479]
 [-0.10245926 -1.02413691]]
N_functions in (iatom,l):( 0 1 ) block =  3
eigvecs before 
 [[0. 0. 1.]
 [1. 0. 0.]
 [0. 1. 0.]]
mlMap 
 [[0. 1. 0.]
 [0. 0. 1.]
 [1. 0. 0.]]
eigvecs after 
 [[1. 0. 0.]
 [0. 1. 0.]
 [0. 0. 1.]]
===== iatom,lblock eigvals ===== 0 1 
 [1.96206331 1.74686548 1.28741774]
===== iatom,lblock eigvecs ===== 0 1 
 [[1. 0. 0.]
 [0. 1. 0.]
 [0. 0. 1.]]
N_functions in (iatom,l):( 1 0 ) block =  2
===== iatom,lblock eigvals ===== 1 0 
 [1.99999323 1.80696093]
===== iatom,lblock eigvecs ===== 1 0 
 [[-0.98756882  0.30074363]
 [-0.04604553 -1.03131892]]
N_functions in (iatom,l):( 1 1 ) block =  3
eigvecs before 
 [[0. 0. 1.]
 [1. 0. 0.]
 [0. 1. 0.]]
mlMap 
 [[0. 1. 0.]
 [0. 0. 1.]
 [1. 0. 0.]]
eigvecs after 
 [[1. 0. 0.]
 [0. 1. 0.]
 [0. 0. 1.]]
===== iatom,lblock eigvals ===== 1 1 
 [1.6347073  1.57748427 1.12562989]
===== iatom,lblock eigvecs ===== 1 1 
 [[1. 0. 0.]
 [0. 1. 0.]
 [0. 0. 1.]]
N_functions in (iatom,l):( 2 0 ) block =  1
===== iatom,lblock eigvals ===== 2 0 
 [1.62993003]
===== iatom,lblock eigvecs ===== 2 0 
 [[1.]]
N_functions in (iatom,l):( 3 0 ) block =  1
===== iatom,lblock eigvals ===== 3 0 
 [1.62993003]
===== iatom,lblock eigvecs ===== 3 0 
 [[1.]]
N_functions in (iatom,l):( 0 0 ) block =  2
===== iatom,lblock eigvals ===== 0 0 
 [1.99999937 1.98754464]
===== iatom,lblock eigvecs ===== 0 0 
 [[-0.9707803   0.34196479]
 [-0.10245926 -1.02413691]]
N_functions in (iatom,l):( 0 1 ) block =  3
eigvecs before 
 [[0. 0. 1.]
 [1. 0. 0.]
 [0. 1. 0.]]
mlMap 
 [[0. 1. 0.]
 [0. 0. 1.]
 [1. 0. 0.]]
eigvecs after 
 [[1. 0. 0.]
 [0. 1. 0.]
 [0. 0. 1.]]
===== iatom,lblock eigvals ===== 0 1 
 [1.96206331 1.74686548 1.28741774]
===== iatom,lblock eigvecs ===== 0 1 
 [[1. 0. 0.]
 [0. 1. 0.]
 [0. 0. 1.]]
N_functions in (iatom,l):( 1 0 ) block =  2
===== iatom,lblock eigvals ===== 1 0 
 [1.99999323 1.80696093]
===== iatom,lblock eigvecs ===== 1 0 
 [[-0.98756882  0.30074363]
 [-0.04604553 -1.03131892]]
N_functions in (iatom,l):( 1 1 ) block =  3
eigvecs before 
 [[0. 0. 1.]
 [1. 0. 0.]
 [0. 1. 0.]]
mlMap 
 [[0. 1. 0.]
 [0. 0. 1.]
 [1. 0. 0.]]
eigvecs after 
 [[1. 0. 0.]
 [0. 1. 0.]
 [0. 0. 1.]]
===== iatom,lblock eigvals ===== 1 1 
 [1.6347073  1.57748427 1.12562989]
===== iatom,lblock eigvecs ===== 1 1 
 [[1. 0. 0.]
 [0. 1. 0.]
 [0. 0. 1.]]
N_functions in (iatom,l):( 2 0 ) block =  1
===== iatom,lblock eigvals ===== 2 0 
 [1.62993003]
===== iatom,lblock eigvecs ===== 2 0 
 [[1.]]
N_functions in (iatom,l):( 3 0 ) block =  1
===== iatom,lblock eigvals ===== 3 0 
 [1.62993003]
===== iatom,lblock eigvecs ===== 3 0 
 [[1.]]
eigvalP_aoao 
 [1.99999937 1.98754464 1.96206331 1.74686548 1.28741774 1.99999323
 1.80696093 1.6347073  1.57748427 1.12562989 1.62993003 1.62993003]
eigvalP_avav 
 [1.99999937 1.98754464 1.96206331 1.74686548 1.28741774 1.99999323
 1.80696093 1.6347073  1.57748427 1.12562989 1.62993003 1.62993003]
===== eigvecP_aoao =====

                  [Col  1]              [Col  2]              [Col  3]              [Col  4]              [Col  5]              [Col  6]              [Col  7]              [Col  8]              [Col  9]              [Col 10]
[Row   1]              -0.9708               0.3420               0.0000               0.0000               0.0000               0.0000               0.0000               0.0000               0.0000               0.0000
[Row   2]              -0.1025              -1.0241               0.0000               0.0000               0.0000               0.0000               0.0000               0.0000               0.0000               0.0000
[Row   3]               0.0000               0.0000               1.0000               0.0000               0.0000               0.0000               0.0000               0.0000               0.0000               0.0000
[Row   4]               0.0000               0.0000               0.0000               1.0000               0.0000               0.0000               0.0000               0.0000               0.0000               0.0000
[Row   5]               0.0000               0.0000               0.0000               0.0000               1.0000               0.0000               0.0000               0.0000               0.0000               0.0000
[Row   6]               0.0000               0.0000               0.0000               0.0000               0.0000              -0.9876               0.3007               0.0000               0.0000               0.0000
[Row   7]               0.0000               0.0000               0.0000               0.0000               0.0000              -0.0460              -1.0313               0.0000               0.0000               0.0000
[Row   8]               0.0000               0.0000               0.0000               0.0000               0.0000               0.0000               0.0000               1.0000               0.0000               0.0000
[Row   9]               0.0000               0.0000               0.0000               0.0000               0.0000               0.0000               0.0000               0.0000               1.0000               0.0000
[Row  10]               0.0000               0.0000               0.0000               0.0000               0.0000               0.0000               0.0000               0.0000               0.0000               1.0000
[Row  11]               0.0000               0.0000               0.0000               0.0000               0.0000               0.0000               0.0000               0.0000               0.0000               0.0000
[Row  12]               0.0000               0.0000               0.0000               0.0000               0.0000               0.0000               0.0000               0.0000               0.0000               0.0000
                  [Col 11]              [Col 12]
[Row   1]               0.0000               0.0000
[Row   2]               0.0000               0.0000
[Row   3]               0.0000               0.0000
[Row   4]               0.0000               0.0000
[Row   5]               0.0000               0.0000
[Row   6]               0.0000               0.0000
[Row   7]               0.0000               0.0000
[Row   8]               0.0000               0.0000
[Row   9]               0.0000               0.0000
[Row  10]               0.0000               0.0000
[Row  11]               1.0000               0.0000
[Row  12]               0.0000               1.0000
===== eigvecP_avav =====

                  [Col  1]              [Col  2]              [Col  3]              [Col  4]              [Col  5]              [Col  6]              [Col  7]              [Col  8]              [Col  9]              [Col 10]
[Row   1]              -0.9708               0.3420               0.0000               0.0000               0.0000               0.0000               0.0000               0.0000               0.0000               0.0000
[Row   2]              -0.1025              -1.0241               0.0000               0.0000               0.0000               0.0000               0.0000               0.0000               0.0000               0.0000
[Row   3]               0.0000               0.0000               1.0000               0.0000               0.0000               0.0000               0.0000               0.0000               0.0000               0.0000
[Row   4]               0.0000               0.0000               0.0000               1.0000               0.0000               0.0000               0.0000               0.0000               0.0000               0.0000
[Row   5]               0.0000               0.0000               0.0000               0.0000               1.0000               0.0000               0.0000               0.0000               0.0000               0.0000
[Row   6]               0.0000               0.0000               0.0000               0.0000               0.0000              -0.9876               0.3007               0.0000               0.0000               0.0000
[Row   7]               0.0000               0.0000               0.0000               0.0000               0.0000              -0.0460              -1.0313               0.0000               0.0000               0.0000
[Row   8]               0.0000               0.0000               0.0000               0.0000               0.0000               0.0000               0.0000               1.0000               0.0000               0.0000
[Row   9]               0.0000               0.0000               0.0000               0.0000               0.0000               0.0000               0.0000               0.0000               1.0000               0.0000
[Row  10]               0.0000               0.0000               0.0000               0.0000               0.0000               0.0000               0.0000               0.0000               0.0000               1.0000
[Row  11]               0.0000               0.0000               0.0000               0.0000               0.0000               0.0000               0.0000               0.0000               0.0000               0.0000
[Row  12]               0.0000               0.0000               0.0000               0.0000               0.0000               0.0000               0.0000               0.0000               0.0000               0.0000
                  [Col 11]              [Col 12]
[Row   1]               0.0000               0.0000
[Row   2]               0.0000               0.0000
[Row   3]               0.0000               0.0000
[Row   4]               0.0000               0.0000
[Row   5]               0.0000               0.0000
[Row   6]               0.0000               0.0000
[Row   7]               0.0000               0.0000
[Row   8]               0.0000               0.0000
[Row   9]               0.0000               0.0000
[Row  10]               0.0000               0.0000
[Row  11]               1.0000               0.0000
[Row  12]               0.0000               1.0000
===== T1 =====

                  [Col  1]              [Col  2]              [Col  3]              [Col  4]              [Col  5]              [Col  6]              [Col  7]              [Col  8]              [Col  9]              [Col 10]
[Row   1]               1.0000               0.0000               0.0000               0.0000               0.0000               0.0000               0.0000               0.0000               0.0000               0.0000
[Row   2]               0.0000               1.0000               0.0000               0.0000               0.0000               0.0000               0.0000               0.0000               0.0000               0.0000
[Row   3]               0.0000               0.0000               1.0000               0.0000               0.0000               0.0000               0.0000               0.0000               0.0000               0.0000
[Row   4]               0.0000               0.0000               0.0000               1.0000               0.0000               0.0000               0.0000               0.0000               0.0000               0.0000
[Row   5]               0.0000               0.0000               0.0000               0.0000               1.0000               0.0000               0.0000               0.0000               0.0000               0.0000
[Row   6]               0.0000               0.0000               0.0000               0.0000               0.0000               1.0000               0.0000               0.0000               0.0000               0.0000
[Row   7]               0.0000               0.0000               0.0000               0.0000               0.0000               0.0000               1.0000               0.0000               0.0000               0.0000
[Row   8]               0.0000               0.0000               0.0000               0.0000               0.0000               0.0000               0.0000               1.0000               0.0000               0.0000
[Row   9]               0.0000               0.0000               0.0000               0.0000               0.0000               0.0000               0.0000               0.0000               1.0000               0.0000
[Row  10]               0.0000               0.0000               0.0000               0.0000               0.0000               0.0000               0.0000               0.0000               0.0000               1.0000
[Row  11]               0.0000               0.0000               0.0000               0.0000               0.0000               0.0000               0.0000               0.0000               0.0000               0.0000
[Row  12]               0.0000               0.0000               0.0000               0.0000               0.0000               0.0000               0.0000               0.0000               0.0000               0.0000
                  [Col 11]              [Col 12]
[Row   1]               0.0000               0.0000
[Row   2]               0.0000               0.0000
[Row   3]               0.0000               0.0000
[Row   4]               0.0000               0.0000
[Row   5]               0.0000               0.0000
[Row   6]               0.0000               0.0000
[Row   7]               0.0000               0.0000
[Row   8]               0.0000               0.0000
[Row   9]               0.0000               0.0000
[Row  10]               0.0000               0.0000
[Row  11]               1.0000               0.0000
[Row  12]               0.0000               1.0000
===== invT1*T1 =====

                  [Col  1]              [Col  2]              [Col  3]              [Col  4]              [Col  5]              [Col  6]              [Col  7]              [Col  8]              [Col  9]              [Col 10]
[Row   1]               1.0000               0.0000               0.0000               0.0000               0.0000               0.0000               0.0000               0.0000               0.0000               0.0000
[Row   2]               0.0000               1.0000               0.0000               0.0000               0.0000               0.0000               0.0000               0.0000               0.0000               0.0000
[Row   3]               0.0000               0.0000               1.0000               0.0000               0.0000               0.0000               0.0000               0.0000               0.0000               0.0000
[Row   4]               0.0000               0.0000               0.0000               1.0000               0.0000               0.0000               0.0000               0.0000               0.0000               0.0000
[Row   5]               0.0000               0.0000               0.0000               0.0000               1.0000               0.0000               0.0000               0.0000               0.0000               0.0000
[Row   6]               0.0000               0.0000               0.0000               0.0000               0.0000               1.0000               0.0000               0.0000               0.0000               0.0000
[Row   7]               0.0000               0.0000               0.0000               0.0000               0.0000               0.0000               1.0000               0.0000               0.0000               0.0000
[Row   8]               0.0000               0.0000               0.0000               0.0000               0.0000               0.0000               0.0000               1.0000               0.0000               0.0000
[Row   9]               0.0000               0.0000               0.0000               0.0000               0.0000               0.0000               0.0000               0.0000               1.0000               0.0000
[Row  10]               0.0000               0.0000               0.0000               0.0000               0.0000               0.0000               0.0000               0.0000               0.0000               1.0000
[Row  11]               0.0000               0.0000               0.0000               0.0000               0.0000               0.0000               0.0000               0.0000               0.0000               0.0000
[Row  12]               0.0000               0.0000               0.0000               0.0000               0.0000               0.0000               0.0000               0.0000               0.0000               0.0000
                  [Col 11]              [Col 12]
[Row   1]               0.0000               0.0000
[Row   2]               0.0000               0.0000
[Row   3]               0.0000               0.0000
[Row   4]               0.0000               0.0000
[Row   5]               0.0000               0.0000
[Row   6]               0.0000               0.0000
[Row   7]               0.0000               0.0000
[Row   8]               0.0000               0.0000
[Row   9]               0.0000               0.0000
[Row  10]               0.0000               0.0000
[Row  11]               1.0000               0.0000
[Row  12]               0.0000               1.0000
===== Trial P_aoao -> P_avav =====

                  [Col  1]              [Col  2]              [Col  3]              [Col  4]              [Col  5]              [Col  6]              [Col  7]              [Col  8]              [Col  9]              [Col 10]
[Row   1]               1.9999               0.4746               0.0000               0.0000              -0.0056               0.0001               0.0690               0.0000               0.0000               0.1155
[Row   2]               0.4746               1.9889               0.0000               0.0000               0.0526               0.0696               0.7478               0.0000               0.0000               0.9375
[Row   3]               0.0000               0.0000               1.2874               0.0000               0.0000               0.0000               0.0000               1.2038               0.0000               0.0000
[Row   4]               0.0000               0.0000               0.0000               1.9621               0.0000               0.0000               0.0000               0.0000               0.5322               0.0000
[Row   5]              -0.0056               0.0526               0.0000               0.0000               1.7469              -0.1125              -0.7963               0.0000               0.0000              -0.8914
[Row   6]               0.0001               0.0696               0.0000               0.0000              -0.1125               1.9996               0.5050               0.0000               0.0000               0.0010
[Row   7]               0.0690               0.7478               0.0000               0.0000              -0.7963               0.5050               1.8233               0.0000               0.0000              -0.0583
[Row   8]               0.0000               0.0000               1.2038               0.0000               0.0000               0.0000               0.0000               1.1256               0.0000               0.0000
[Row   9]               0.0000               0.0000               0.0000               0.5322               0.0000               0.0000               0.0000               0.0000               1.6347               0.0000
[Row  10]               0.1155               0.9375               0.0000               0.0000              -0.8914               0.0010              -0.0583               0.0000               0.0000               1.5775
[Row  11]               0.0095               0.1414               0.0000              -0.0039              -0.1121               0.1130               1.1124               0.0000               1.0198              -0.6396
[Row  12]               0.0095               0.1414               0.0000               0.0039              -0.1121               0.1130               1.1124               0.0000              -1.0198              -0.6396
                  [Col 11]              [Col 12]
[Row   1]               0.0095               0.0095
[Row   2]               0.1414               0.1414
[Row   3]               0.0000               0.0000
[Row   4]              -0.0039               0.0039
[Row   5]              -0.1121              -0.1121
[Row   6]               0.1130               0.1130
[Row   7]               1.1124               1.1124
[Row   8]               0.0000               0.0000
[Row   9]               1.0198              -1.0198
[Row  10]              -0.6396              -0.6396
[Row  11]               1.6299               0.2314
[Row  12]               0.2314               1.6299
===== P_avav =====

                  [Col  1]              [Col  2]              [Col  3]              [Col  4]              [Col  5]              [Col  6]              [Col  7]              [Col  8]              [Col  9]              [Col 10]
[Row   1]               1.9999               0.4746               0.0000               0.0000              -0.0056               0.0001               0.0690               0.0000               0.0000               0.1155
[Row   2]               0.4746               1.9889               0.0000               0.0000               0.0526               0.0696               0.7478               0.0000               0.0000               0.9375
[Row   3]               0.0000               0.0000               1.2874               0.0000               0.0000               0.0000               0.0000               1.2038               0.0000               0.0000
[Row   4]               0.0000               0.0000               0.0000               1.9621               0.0000               0.0000               0.0000               0.0000               0.5322               0.0000
[Row   5]              -0.0056               0.0526               0.0000               0.0000               1.7469              -0.1125              -0.7963               0.0000               0.0000              -0.8914
[Row   6]               0.0001               0.0696               0.0000               0.0000              -0.1125               1.9996               0.5050               0.0000               0.0000               0.0010
[Row   7]               0.0690               0.7478               0.0000               0.0000              -0.7963               0.5050               1.8233               0.0000               0.0000              -0.0583
[Row   8]               0.0000               0.0000               1.2038               0.0000               0.0000               0.0000               0.0000               1.1256               0.0000               0.0000
[Row   9]               0.0000               0.0000               0.0000               0.5322               0.0000               0.0000               0.0000               0.0000               1.6347               0.0000
[Row  10]               0.1155               0.9375               0.0000               0.0000              -0.8914               0.0010              -0.0583               0.0000               0.0000               1.5775
[Row  11]               0.0095               0.1414               0.0000              -0.0039              -0.1121               0.1130               1.1124               0.0000               1.0198              -0.6396
[Row  12]               0.0095               0.1414               0.0000               0.0039              -0.1121               0.1130               1.1124               0.0000              -1.0198              -0.6396
                  [Col 11]              [Col 12]
[Row   1]               0.0095               0.0095
[Row   2]               0.1414               0.1414
[Row   3]               0.0000               0.0000
[Row   4]              -0.0039               0.0039
[Row   5]              -0.1121              -0.1121
[Row   6]               0.1130               0.1130
[Row   7]               1.1124               1.1124
[Row   8]               0.0000               0.0000
[Row   9]               1.0198              -1.0198
[Row  10]              -0.6396              -0.6396
[Row  11]               1.6299               0.2314
[Row  12]               0.2314               1.6299
===== Trial S_aoao -> S_avav =====

                  [Col  1]              [Col  2]              [Col  3]              [Col  4]              [Col  5]              [Col  6]              [Col  7]              [Col  8]              [Col  9]              [Col 10]
[Row   1]               1.0000               0.2367               0.0000               0.0000               0.0000               0.0000               0.0362               0.0000               0.0000               0.0608
[Row   2]               0.2367               1.0000               0.0000               0.0000               0.0000               0.0354               0.3593               0.0000               0.0000               0.4388
[Row   3]               0.0000               0.0000               1.0000               0.0000               0.0000               0.0000               0.0000               0.2072               0.0000               0.0000
[Row   4]               0.0000               0.0000               0.0000               1.0000               0.0000               0.0000               0.0000               0.0000               0.2072               0.0000
[Row   5]               0.0000               0.0000               0.0000               0.0000               1.0000              -0.0595              -0.3192               0.0000               0.0000              -0.3134
[Row   6]               0.0000               0.0354               0.0000               0.0000              -0.0595               1.0000               0.2484               0.0000               0.0000               0.0000
[Row   7]               0.0362               0.3593               0.0000               0.0000              -0.3192               0.2484               1.0000               0.0000               0.0000               0.0000
[Row   8]               0.0000               0.0000               0.2072               0.0000               0.0000               0.0000               0.0000               1.0000               0.0000               0.0000
[Row   9]               0.0000               0.0000               0.0000               0.2072               0.0000               0.0000               0.0000               0.0000               1.0000               0.0000
[Row  10]               0.0608               0.4388               0.0000               0.0000              -0.3134               0.0000               0.0000               0.0000               0.0000               1.0000
[Row  11]               0.0046               0.0706               0.0000               0.0362              -0.0701               0.0603               0.4829               0.0000               0.3915              -0.2462
[Row  12]               0.0046               0.0706               0.0000              -0.0362              -0.0701               0.0603               0.4829               0.0000              -0.3915              -0.2462
                  [Col 11]              [Col 12]
[Row   1]               0.0046               0.0046
[Row   2]               0.0706               0.0706
[Row   3]               0.0000               0.0000
[Row   4]               0.0362              -0.0362
[Row   5]              -0.0701              -0.0701
[Row   6]               0.0603               0.0603
[Row   7]               0.4829               0.4829
[Row   8]               0.0000               0.0000
[Row   9]               0.3915              -0.3915
[Row  10]              -0.2462              -0.2462
[Row  11]               1.0000               0.1473
[Row  12]               0.1473               1.0000
===== S_avav =====

                  [Col  1]              [Col  2]              [Col  3]              [Col  4]              [Col  5]              [Col  6]              [Col  7]              [Col  8]              [Col  9]              [Col 10]
[Row   1]               1.0000               0.2367               0.0000               0.0000               0.0000               0.0000               0.0362               0.0000               0.0000               0.0608
[Row   2]               0.2367               1.0000               0.0000               0.0000               0.0000               0.0354               0.3593               0.0000               0.0000               0.4388
[Row   3]               0.0000               0.0000               1.0000               0.0000               0.0000               0.0000               0.0000               0.2072               0.0000               0.0000
[Row   4]               0.0000               0.0000               0.0000               1.0000               0.0000               0.0000               0.0000               0.0000               0.2072               0.0000
[Row   5]               0.0000               0.0000               0.0000               0.0000               1.0000              -0.0595              -0.3192               0.0000               0.0000              -0.3134
[Row   6]               0.0000               0.0354               0.0000               0.0000              -0.0595               1.0000               0.2484               0.0000               0.0000               0.0000
[Row   7]               0.0362               0.3593               0.0000               0.0000              -0.3192               0.2484               1.0000               0.0000               0.0000               0.0000
[Row   8]               0.0000               0.0000               0.2072               0.0000               0.0000               0.0000               0.0000               1.0000               0.0000               0.0000
[Row   9]               0.0000               0.0000               0.0000               0.2072               0.0000               0.0000               0.0000               0.0000               1.0000               0.0000
[Row  10]               0.0608               0.4388               0.0000               0.0000              -0.3134               0.0000               0.0000               0.0000               0.0000               1.0000
[Row  11]               0.0046               0.0706               0.0000               0.0362              -0.0701               0.0603               0.4829               0.0000               0.3915              -0.2462
[Row  12]               0.0046               0.0706               0.0000              -0.0362              -0.0701               0.0603               0.4829               0.0000              -0.3915              -0.2462
                  [Col 11]              [Col 12]
[Row   1]               0.0046               0.0046
[Row   2]               0.0706               0.0706
[Row   3]               0.0000               0.0000
[Row   4]               0.0362              -0.0362
[Row   5]              -0.0701              -0.0701
[Row   6]               0.0603               0.0603
[Row   7]               0.4829               0.4829
[Row   8]               0.0000               0.0000
[Row   9]               0.3915              -0.3915
[Row  10]              -0.2462              -0.2462
[Row  11]               1.0000               0.1473
[Row  12]               0.1473               1.0000
===== Spnao =====

                  [Col  1]              [Col  2]              [Col  3]              [Col  4]              [Col  5]              [Col  6]              [Col  7]              [Col  8]              [Col  9]              [Col 10]
[Row   1]               1.0000               0.0000               0.0000               0.0000               0.0000               0.0069               0.0731               0.0000               0.0000              -0.1040
[Row   2]               0.0000               1.0000               0.0000               0.0000               0.0000               0.0521               0.3558               0.0000               0.0000              -0.4286
[Row   3]               0.0000               0.0000               1.0000               0.0000               0.0000               0.0000               0.0000               0.2072               0.0000               0.0000
[Row   4]               0.0000               0.0000               0.0000               1.0000               0.0000               0.0000               0.0000               0.0000               0.2072               0.0000
[Row   5]               0.0000               0.0000               0.0000               0.0000               1.0000               0.0734               0.3113               0.0000               0.0000              -0.3134
[Row   6]               0.0069               0.0521               0.0000               0.0000               0.0734               1.0000               0.0000               0.0000               0.0000               0.0000
[Row   7]               0.0731               0.3558               0.0000               0.0000               0.3113               0.0000               1.0000               0.0000               0.0000               0.0000
[Row   8]               0.0000               0.0000               0.2072               0.0000               0.0000               0.0000               0.0000               1.0000               0.0000               0.0000
[Row   9]               0.0000               0.0000               0.0000               0.2072               0.0000               0.0000               0.0000               0.0000               1.0000               0.0000
[Row  10]              -0.1040              -0.4286               0.0000               0.0000              -0.3134               0.0000               0.0000               0.0000               0.0000               1.0000
[Row  11]              -0.0117              -0.0708               0.0000               0.0362              -0.0701              -0.0818              -0.4798               0.0000               0.3915              -0.2462
[Row  12]              -0.0117              -0.0708               0.0000              -0.0362              -0.0701              -0.0818              -0.4798               0.0000              -0.3915              -0.2462
                  [Col 11]              [Col 12]
[Row   1]              -0.0117              -0.0117
[Row   2]              -0.0708              -0.0708
[Row   3]               0.0000               0.0000
[Row   4]               0.0362              -0.0362
[Row   5]              -0.0701              -0.0701
[Row   6]              -0.0818              -0.0818
[Row   7]              -0.4798              -0.4798
[Row   8]               0.0000               0.0000
[Row   9]               0.3915              -0.3915
[Row  10]              -0.2462              -0.2462
[Row  11]               1.0000               0.1473
[Row  12]               0.1473               1.0000
===== Ppnao =====

                  [Col  1]              [Col  2]              [Col  3]              [Col  4]              [Col  5]              [Col  6]              [Col  7]              [Col  8]              [Col  9]              [Col 10]
[Row   1]               2.0000               0.0000               0.0000               0.0000               0.0000               0.0138               0.1459               0.0000               0.0000              -0.2082
[Row   2]               0.0000               1.9875               0.0000               0.0000              -0.0558               0.1045               0.7441               0.0000               0.0000              -0.9206
[Row   3]               0.0000               0.0000               1.2874               0.0000               0.0000               0.0000               0.0000               1.2038               0.0000               0.0000
[Row   4]               0.0000               0.0000               0.0000               1.9621               0.0000               0.0000               0.0000               0.0000               0.5322               0.0000
[Row   5]               0.0000              -0.0558               0.0000               0.0000               1.7469               0.1477               0.7874               0.0000               0.0000              -0.8914
[Row   6]               0.0138               0.1045               0.0000               0.0000               0.1477               2.0000               0.0000               0.0000               0.0000               0.0017
[Row   7]               0.1459               0.7441               0.0000               0.0000               0.7874               0.0000               1.8070               0.0000               0.0000               0.0605
[Row   8]               0.0000               0.0000               1.2038               0.0000               0.0000               0.0000               0.0000               1.1256               0.0000               0.0000
[Row   9]               0.0000               0.0000               0.0000               0.5322               0.0000               0.0000               0.0000               0.0000               1.6347               0.0000
[Row  10]              -0.2082              -0.9206               0.0000               0.0000              -0.8914               0.0017               0.0605               0.0000               0.0000               1.5775
[Row  11]              -0.0237              -0.1415               0.0000              -0.0039              -0.1121              -0.1628              -1.1132               0.0000               1.0198              -0.6396
[Row  12]              -0.0237              -0.1415               0.0000               0.0039              -0.1121              -0.1628              -1.1132               0.0000              -1.0198              -0.6396
                  [Col 11]              [Col 12]
[Row   1]              -0.0237              -0.0237
[Row   2]              -0.1415              -0.1415
[Row   3]               0.0000               0.0000
[Row   4]              -0.0039               0.0039
[Row   5]              -0.1121              -0.1121
[Row   6]              -0.1628              -0.1628
[Row   7]              -1.1132              -1.1132
[Row   8]               0.0000               0.0000
[Row   9]               1.0198              -1.0198
[Row  10]              -0.6396              -0.6396
[Row  11]               1.6299               0.2314
[Row  12]               0.2314               1.6299
