molecule mol00.xyz
System:, atNum: 3 coords [              0.0000               0.0000               0.7748]
System:, atNum: 1 coords [              0.0000               0.0000              -2.3244]
===== Original AO-S matrix =====

                  [Col  1]              [Col  2]              [Col  3]              [Col  4]              [Col  5]              [Col  6]
[Row   1]               1.0000               0.2411              -0.0000               0.0000               0.0000               0.0611
[Row   2]               0.2411               1.0000               0.0000               0.0000               0.0000               0.3853
[Row   3]              -0.0000               0.0000               1.0000               0.0000               0.0000              -0.5052
[Row   4]               0.0000               0.0000               0.0000               1.0000               0.0000               0.0000
[Row   5]               0.0000               0.0000               0.0000               0.0000               1.0000               0.0000
[Row   6]               0.0611               0.3853              -0.5052               0.0000               0.0000               1.0000
nbas 6
 ===== CA ===== 

                  [Col  1]              [Col  2]              [Col  3]              [Col  4]              [Col  5]              [Col  6]
[Row   1]               0.9913               0.1646               0.2105              -0.0000              -0.0000               0.0979
[Row   2]               0.0329              -0.4587              -0.7990               0.0000               0.0000              -0.6869
[Row   3]               0.0060               0.3446              -0.6114               0.0000               0.0000               0.9675
[Row   4]              -0.0000               0.0000               0.0000               0.9990               0.0451              -0.0000
[Row   5]               0.0000               0.0000              -0.0000               0.0451              -0.9990              -0.0000
[Row   6]               0.0035              -0.5516               0.1433               0.0000              -0.0000               1.1641
 ===== CB ===== 

                  [Col  1]              [Col  2]              [Col  3]              [Col  4]              [Col  5]              [Col  6]
[Row   1]               0.9913               0.1646               0.2105              -0.0000              -0.0000               0.0979
[Row   2]               0.0329              -0.4587              -0.7990               0.0000               0.0000              -0.6869
[Row   3]               0.0060               0.3446              -0.6114               0.0000               0.0000               0.9675
[Row   4]              -0.0000               0.0000               0.0000               0.9990               0.0451              -0.0000
[Row   5]               0.0000               0.0000              -0.0000               0.0451              -0.9990              -0.0000
[Row   6]               0.0035              -0.5516               0.1433               0.0000              -0.0000               1.1641
 ===== P_psi ===== Dalpha+Dbeta 

                  [Col  1]              [Col  2]              [Col  3]              [Col  4]              [Col  5]              [Col  6]
[Row   1]               2.0195              -0.0858               0.1254              -0.0000               0.0000              -0.1747
[Row   2]              -0.0858               0.4230              -0.3158              -0.0000              -0.0000               0.5063
[Row   3]               0.1254              -0.3158               0.2376               0.0000               0.0000              -0.3801
[Row   4]              -0.0000              -0.0000               0.0000               0.0000               0.0000              -0.0000
[Row   5]               0.0000              -0.0000               0.0000               0.0000               0.0000              -0.0000
[Row   6]              -0.1747               0.5063              -0.3801              -0.0000              -0.0000               0.6084
===== P_mu,nu local =====

                  [Col  1]              [Col  2]              [Col  3]              [Col  4]              [Col  5]              [Col  6]
[Row   1]               2.0195              -0.0858               0.1254              -0.0000               0.0000              -0.1747
[Row   2]              -0.0858               0.4230              -0.3158              -0.0000              -0.0000               0.5063
[Row   3]               0.1254              -0.3158               0.2376               0.0000               0.0000              -0.3801
[Row   4]              -0.0000              -0.0000               0.0000               0.0000               0.0000              -0.0000
[Row   5]               0.0000              -0.0000               0.0000               0.0000               0.0000              -0.0000
[Row   6]              -0.1747               0.5063              -0.3801              -0.0000              -0.0000               0.6084
===== P_mu,nu psi4 =====

                  [Col  1]              [Col  2]              [Col  3]              [Col  4]              [Col  5]              [Col  6]
[Row   1]               2.0195              -0.0858               0.1254              -0.0000               0.0000              -0.1747
[Row   2]              -0.0858               0.4230              -0.3158              -0.0000              -0.0000               0.5063
[Row   3]               0.1254              -0.3158               0.2376               0.0000               0.0000              -0.3801
[Row   4]              -0.0000              -0.0000               0.0000               0.0000               0.0000              -0.0000
[Row   5]               0.0000              -0.0000               0.0000               0.0000               0.0000              -0.0000
[Row   6]              -0.1747               0.5063              -0.3801              -0.0000              -0.0000               0.6084
====== P^(AO) = SPS =====

                  [Col  1]              [Col  2]              [Col  3]              [Col  4]              [Col  5]              [Col  6]
[Row   1]               1.9986               0.5206               0.0338              -0.0000               0.0000               0.1110
[Row   2]               0.5206               0.9471              -0.7849              -0.0000              -0.0000               1.1674
[Row   3]               0.0338              -0.7849               0.7769               0.0000               0.0000              -1.1117
[Row   4]              -0.0000              -0.0000               0.0000               0.0000               0.0000              -0.0000
[Row   5]               0.0000              -0.0000               0.0000               0.0000               0.0000              -0.0000
[Row   6]               0.1110               1.1674              -1.1117              -0.0000              -0.0000               1.6034
====== S^(AO) = S =====

                  [Col  1]              [Col  2]              [Col  3]              [Col  4]              [Col  5]              [Col  6]
[Row   1]               1.0000               0.2411              -0.0000               0.0000               0.0000               0.0611
[Row   2]               0.2411               1.0000               0.0000               0.0000               0.0000               0.3853
[Row   3]              -0.0000               0.0000               1.0000               0.0000               0.0000              -0.5052
[Row   4]               0.0000               0.0000               0.0000               1.0000               0.0000               0.0000
[Row   5]               0.0000               0.0000               0.0000               0.0000               1.0000               0.0000
[Row   6]               0.0611               0.3853              -0.5052               0.0000               0.0000               1.0000
====== P^(AO) std gaussian m_l ordering SPS =====

                  [Col  1]              [Col  2]              [Col  3]              [Col  4]              [Col  5]              [Col  6]
[Row   1]               1.9986               0.5206              -0.0000               0.0000               0.0338               0.1110
[Row   2]               0.5206               0.9471              -0.0000              -0.0000              -0.7849               1.1674
[Row   3]              -0.0000              -0.0000               0.0000               0.0000               0.0000              -0.0000
[Row   4]               0.0000              -0.0000               0.0000               0.0000               0.0000              -0.0000
[Row   5]               0.0338              -0.7849               0.0000               0.0000               0.7769              -1.1117
[Row   6]               0.1110               1.1674              -0.0000              -0.0000              -1.1117               1.6034
====== S^(AO) std gaussian m_l ordering =====

                  [Col  1]              [Col  2]              [Col  3]              [Col  4]              [Col  5]              [Col  6]
[Row   1]               1.0000               0.2411               0.0000               0.0000              -0.0000               0.0611
[Row   2]               0.2411               1.0000               0.0000               0.0000               0.0000               0.3853
[Row   3]               0.0000               0.0000               1.0000               0.0000               0.0000               0.0000
[Row   4]               0.0000               0.0000               0.0000               1.0000               0.0000               0.0000
[Row   5]              -0.0000               0.0000               0.0000               0.0000               1.0000              -0.5052
[Row   6]               0.0611               0.3853               0.0000               0.0000              -0.5052               1.0000
