molecule mol04.xyz
System:, atNum: 6 coords [              0.0000               0.0000               0.3295]
System:, atNum: 1 coords [              0.0000               1.6294              -0.9884]
System:, atNum: 1 coords [              0.0000              -1.6294              -0.9884]
===== Original AO-S matrix =====

                  [Col  1]              [Col  2]              [Col  3]              [Col  4]              [Col  5]              [Col  6]              [Col  7]
[Row   1]               1.0000               0.2484               0.0000               0.0000               0.0000               0.0596               0.0596
[Row   2]               0.2484               1.0000               0.0000               0.0000               0.0000               0.4799               0.4799
[Row   3]               0.0000               0.0000               1.0000               0.0000               0.0000              -0.2897              -0.2897
[Row   4]               0.0000               0.0000               0.0000               1.0000               0.0000               0.0000               0.0000
[Row   5]               0.0000               0.0000               0.0000               0.0000               1.0000               0.3582              -0.3582
[Row   6]               0.0596               0.4799              -0.2897               0.0000               0.3582               1.0000               0.1843
[Row   7]               0.0596               0.4799              -0.2897               0.0000              -0.3582               0.1843               1.0000
nbas 7
 ===== CA ===== 

                  [Col  1]              [Col  2]              [Col  3]              [Col  4]              [Col  5]              [Col  6]              [Col  7]
[Row   1]               0.9931               0.2150              -0.0000               0.1402               0.0000               0.0000               0.1684
[Row   2]               0.0302              -0.6605               0.0000              -0.6396              -0.0000              -0.0000              -1.0563
[Row   3]              -0.0067               0.1744               0.0000              -0.7525              -0.0000               0.0000               0.8423
[Row   4]               0.0000               0.0000              -0.0000              -0.0000               1.0000              -0.0000              -0.0000
[Row   5]               0.0000              -0.0000               0.5372               0.0000              -0.0000               1.0818              -0.0000
[Row   6]              -0.0073              -0.2707               0.4653               0.2280               0.0000              -0.8233               0.8869
[Row   7]              -0.0073              -0.2707              -0.4653               0.2280               0.0000               0.8233               0.8869
 ===== CB ===== 

                  [Col  1]              [Col  2]              [Col  3]              [Col  4]              [Col  5]              [Col  6]              [Col  7]
[Row   1]               0.9931               0.2150              -0.0000               0.1402               0.0000               0.0000               0.1684
[Row   2]               0.0302              -0.6605               0.0000              -0.6396              -0.0000              -0.0000              -1.0563
[Row   3]              -0.0067               0.1744               0.0000              -0.7525              -0.0000               0.0000               0.8423
[Row   4]               0.0000               0.0000              -0.0000              -0.0000               1.0000              -0.0000              -0.0000
[Row   5]               0.0000              -0.0000               0.5372               0.0000              -0.0000               1.0818              -0.0000
[Row   6]              -0.0073              -0.2707               0.4653               0.2280               0.0000              -0.8233               0.8869
[Row   7]              -0.0073              -0.2707              -0.4653               0.2280               0.0000               0.8233               0.8869
 ===== P_psi ===== Dalpha+Dbeta 

                  [Col  1]              [Col  2]              [Col  3]              [Col  4]              [Col  5]              [Col  6]              [Col  7]
[Row   1]               2.1042              -0.4034              -0.1494               0.0000              -0.0000              -0.0670              -0.0670
[Row   2]              -0.4034               1.6926               0.7318               0.0000               0.0000               0.0656               0.0656
[Row   3]              -0.1494               0.7318               1.1933               0.0000               0.0000              -0.4374              -0.4374
[Row   4]               0.0000               0.0000               0.0000               0.0000              -0.0000              -0.0000              -0.0000
[Row   5]              -0.0000               0.0000               0.0000              -0.0000               0.5772               0.5000              -0.5000
[Row   6]              -0.0670               0.0656              -0.4374              -0.0000               0.5000               0.6836              -0.1824
[Row   7]              -0.0670               0.0656              -0.4374              -0.0000              -0.5000              -0.1824               0.6836
===== P_mu,nu local =====

                  [Col  1]              [Col  2]              [Col  3]              [Col  4]              [Col  5]              [Col  6]              [Col  7]
[Row   1]               2.1042              -0.4034              -0.1494               0.0000              -0.0000              -0.0670              -0.0670
[Row   2]              -0.4034               1.6926               0.7318               0.0000               0.0000               0.0656               0.0656
[Row   3]              -0.1494               0.7318               1.1933               0.0000               0.0000              -0.4374              -0.4374
[Row   4]               0.0000               0.0000               0.0000               0.0000              -0.0000              -0.0000              -0.0000
[Row   5]              -0.0000               0.0000               0.0000              -0.0000               0.5772               0.5000              -0.5000
[Row   6]              -0.0670               0.0656              -0.4374              -0.0000               0.5000               0.6836              -0.1824
[Row   7]              -0.0670               0.0656              -0.4374              -0.0000              -0.5000              -0.1824               0.6836
===== P_mu,nu psi4 =====

                  [Col  1]              [Col  2]              [Col  3]              [Col  4]              [Col  5]              [Col  6]              [Col  7]
[Row   1]               2.1042              -0.4034              -0.1494               0.0000              -0.0000              -0.0670              -0.0670
[Row   2]              -0.4034               1.6926               0.7318               0.0000               0.0000               0.0656               0.0656
[Row   3]              -0.1494               0.7318               1.1933               0.0000               0.0000              -0.4374              -0.4374
[Row   4]               0.0000               0.0000               0.0000               0.0000              -0.0000              -0.0000              -0.0000
[Row   5]              -0.0000               0.0000               0.0000              -0.0000               0.5772               0.5000              -0.5000
[Row   6]              -0.0670               0.0656              -0.4374              -0.0000               0.5000               0.6836              -0.1824
[Row   7]              -0.0670               0.0656              -0.4374              -0.0000              -0.5000              -0.1824               0.6836
====== P^(AO) = SPS =====

                  [Col  1]              [Col  2]              [Col  3]              [Col  4]              [Col  5]              [Col  6]              [Col  7]
[Row   1]               1.9997               0.5006              -0.0077               0.0000               0.0000               0.1119               0.1119
[Row   2]               0.5006               1.9468               0.1072              -0.0000               0.0000               1.0608               1.0608
[Row   3]              -0.0077               0.1072               1.7843               0.0000               0.0000              -0.7827              -0.7827
[Row   4]               0.0000              -0.0000               0.0000               0.0000              -0.0000              -0.0000              -0.0000
[Row   5]               0.0000               0.0000               0.0000              -0.0000               1.5158               0.9959              -0.9959
[Row   6]               0.1119               1.0608              -0.7827              -0.0000               0.9959               1.6470               0.3384
[Row   7]               0.1119               1.0608              -0.7827              -0.0000              -0.9959               0.3384               1.6470
====== S^(AO) = S =====

                  [Col  1]              [Col  2]              [Col  3]              [Col  4]              [Col  5]              [Col  6]              [Col  7]
[Row   1]               1.0000               0.2484               0.0000               0.0000               0.0000               0.0596               0.0596
[Row   2]               0.2484               1.0000               0.0000               0.0000               0.0000               0.4799               0.4799
[Row   3]               0.0000               0.0000               1.0000               0.0000               0.0000              -0.2897              -0.2897
[Row   4]               0.0000               0.0000               0.0000               1.0000               0.0000               0.0000               0.0000
[Row   5]               0.0000               0.0000               0.0000               0.0000               1.0000               0.3582              -0.3582
[Row   6]               0.0596               0.4799              -0.2897               0.0000               0.3582               1.0000               0.1843
[Row   7]               0.0596               0.4799              -0.2897               0.0000              -0.3582               0.1843               1.0000
====== P^(AO) std gaussian m_l ordering SPS =====

                  [Col  1]              [Col  2]              [Col  3]              [Col  4]              [Col  5]              [Col  6]              [Col  7]
[Row   1]               1.9997               0.5006               0.0000               0.0000              -0.0077               0.1119               0.1119
[Row   2]               0.5006               1.9468              -0.0000               0.0000               0.1072               1.0608               1.0608
[Row   3]               0.0000              -0.0000               0.0000              -0.0000               0.0000              -0.0000              -0.0000
[Row   4]               0.0000               0.0000              -0.0000               1.5158               0.0000               0.9959              -0.9959
[Row   5]              -0.0077               0.1072               0.0000               0.0000               1.7843              -0.7827              -0.7827
[Row   6]               0.1119               1.0608              -0.0000               0.9959              -0.7827               1.6470               0.3384
[Row   7]               0.1119               1.0608              -0.0000              -0.9959              -0.7827               0.3384               1.6470
====== S^(AO) std gaussian m_l ordering =====

                  [Col  1]              [Col  2]              [Col  3]              [Col  4]              [Col  5]              [Col  6]              [Col  7]
[Row   1]               1.0000               0.2484               0.0000               0.0000               0.0000               0.0596               0.0596
[Row   2]               0.2484               1.0000               0.0000               0.0000               0.0000               0.4799               0.4799
[Row   3]               0.0000               0.0000               1.0000               0.0000               0.0000               0.0000               0.0000
[Row   4]               0.0000               0.0000               0.0000               1.0000               0.0000               0.3582              -0.3582
[Row   5]               0.0000               0.0000               0.0000               0.0000               1.0000              -0.2897              -0.2897
[Row   6]               0.0596               0.4799               0.0000               0.3582              -0.2897               1.0000               0.1843
[Row   7]               0.0596               0.4799               0.0000              -0.3582              -0.2897               0.1843               1.0000
