molecule mol119.xyz
System:, atNum: 6 coords [              0.0000               0.8272               0.0000]
System:, atNum: 6 coords [              2.2524              -0.2742               0.0000]
System:, atNum: 9 coords [             -2.1712              -0.5260               0.0000]
System:, atNum: 1 coords [             -0.3523               2.8455               0.0000]
System:, atNum: 1 coords [              2.4403              -2.3108               0.0000]
System:, atNum: 1 coords [              3.9380               0.8811               0.0000]
===== Original AO-S matrix =====

                  [Col  1]              [Col  2]              [Col  3]              [Col  4]              [Col  5]              [Col  6]              [Col  7]              [Col  8]              [Col  9]              [Col 10]
[Row   1]               1.0000               0.2484               0.0000               0.0000              -0.0000               0.0000               0.0446               0.0000              -0.0665               0.0325
[Row   2]               0.2484               1.0000               0.0000               0.0000              -0.0000               0.0446               0.4023               0.0000              -0.3719               0.1818
[Row   3]               0.0000               0.0000               1.0000               0.0000               0.0000               0.0000               0.0000               0.2429               0.0000               0.0000
[Row   4]               0.0000               0.0000               0.0000               1.0000               0.0000               0.0665               0.3719               0.0000              -0.2175               0.2251
[Row   5]              -0.0000              -0.0000               0.0000               0.0000               1.0000              -0.0325              -0.1818               0.0000               0.2251               0.1328
[Row   6]               0.0000               0.0446               0.0000               0.0665              -0.0325               1.0000               0.2484               0.0000              -0.0000               0.0000
[Row   7]               0.0446               0.4023               0.0000               0.3719              -0.1818               0.2484               1.0000               0.0000              -0.0000               0.0000
[Row   8]               0.0000               0.0000               0.2429               0.0000               0.0000               0.0000               0.0000               1.0000               0.0000               0.0000
[Row   9]              -0.0665              -0.3719               0.0000              -0.2175               0.2251              -0.0000              -0.0000               0.0000               1.0000               0.0000
[Row  10]               0.0325               0.1818               0.0000               0.2251               0.1328               0.0000               0.0000               0.0000               0.0000               1.0000
[Row  11]               0.0000               0.0219               0.0000              -0.0310              -0.0193               0.0000               0.0012               0.0000              -0.0027              -0.0002
[Row  12]               0.0143               0.2465               0.0000              -0.2902              -0.1809               0.0000               0.0260               0.0000              -0.0463              -0.0026
[Row  13]               0.0000               0.0000               0.1245               0.0000               0.0000               0.0000               0.0000               0.0093               0.0000               0.0000
[Row  14]               0.0227               0.1878               0.0000              -0.1586              -0.1764               0.0001               0.0332               0.0000              -0.0543              -0.0036
[Row  15]               0.0142               0.1171               0.0000              -0.1764               0.0146               0.0000               0.0019               0.0000              -0.0036               0.0090
[Row  16]               0.0631               0.4941               0.0000              -0.0807               0.4623               0.0055               0.0982               0.0000              -0.0811               0.0971
[Row  17]               0.0062               0.1069               0.0000               0.0836              -0.1076               0.0634               0.4952               0.0000               0.0432              -0.4679
[Row  18]               0.0065               0.1107               0.0000               0.1404               0.0019               0.0635               0.4957               0.0000               0.3879               0.2658
                  [Col 11]              [Col 12]              [Col 13]              [Col 14]              [Col 15]              [Col 16]              [Col 17]              [Col 18]
[Row   1]               0.0000               0.0143               0.0000               0.0227               0.0142               0.0631               0.0062               0.0065
[Row   2]               0.0219               0.2465               0.0000               0.1878               0.1171               0.4941               0.1069               0.1107
[Row   3]               0.0000               0.0000               0.1245               0.0000               0.0000               0.0000               0.0000               0.0000
[Row   4]              -0.0310              -0.2902               0.0000              -0.1586              -0.1764              -0.0807               0.0836               0.1404
[Row   5]              -0.0193              -0.1809               0.0000              -0.1764               0.0146               0.4623              -0.1076               0.0019
[Row   6]               0.0000               0.0000               0.0000               0.0001               0.0000               0.0055               0.0634               0.0635
[Row   7]               0.0012               0.0260               0.0000               0.0332               0.0019               0.0982               0.4952               0.4957
[Row   8]               0.0000               0.0000               0.0093               0.0000               0.0000               0.0000               0.0000               0.0000
[Row   9]              -0.0027              -0.0463               0.0000              -0.0543              -0.0036              -0.0811               0.0432               0.3879
[Row  10]              -0.0002              -0.0026               0.0000              -0.0036               0.0090               0.0971              -0.4679               0.2658
[Row  11]               1.0000               0.2380               0.0000               0.0000               0.0000               0.0039               0.0008               0.0001
[Row  12]               0.2380               1.0000               0.0000               0.0000               0.0000               0.0556               0.0142               0.0020
[Row  13]               0.0000               0.0000               1.0000               0.0000               0.0000               0.0000               0.0000               0.0000
[Row  14]               0.0000               0.0000               0.0000               1.0000               0.0000               0.0272               0.0156               0.0028
[Row  15]               0.0000               0.0000               0.0000               0.0000               1.0000               0.0503              -0.0060               0.0006
[Row  16]               0.0039               0.0556               0.0000               0.0272               0.0503               1.0000               0.0147               0.0498
[Row  17]               0.0008               0.0142               0.0000               0.0156              -0.0060               0.0147               1.0000               0.1480
[Row  18]               0.0001               0.0020               0.0000               0.0028               0.0006               0.0498               0.1480               1.0000
nbas 18
 ===== CA ===== 

                  [Col  1]              [Col  2]              [Col  3]              [Col  4]              [Col  5]              [Col  6]              [Col  7]              [Col  8]              [Col  9]              [Col 10]
[Row   1]              -0.0005               0.9925               0.0047               0.0662               0.1620               0.1339               0.0356               0.0177              -0.0000               0.0076
[Row   2]               0.0039               0.0336               0.0083              -0.1641              -0.4402              -0.4301              -0.1278              -0.0198               0.0000               0.0125
[Row   3]              -0.0000              -0.0000              -0.0000              -0.0000               0.0000               0.0000               0.0000               0.0000               0.3706               0.0000
[Row   4]              -0.0037               0.0017               0.0042               0.0866              -0.1673               0.1531              -0.0154              -0.4120               0.0000              -0.1971
[Row   5]              -0.0023              -0.0002              -0.0021               0.0553               0.0341              -0.2064               0.3886               0.0242              -0.0000              -0.2231
[Row   6]               0.0000               0.0052              -0.9922               0.0106               0.1858              -0.1174              -0.0287              -0.0146               0.0000               0.0051
[Row   7]              -0.0002              -0.0074              -0.0365              -0.0228              -0.4871               0.3508               0.1119               0.0790              -0.0000              -0.0157
[Row   8]               0.0000              -0.0000               0.0000              -0.0000              -0.0000              -0.0000               0.0000               0.0000               0.1591               0.0000
[Row   9]               0.0003               0.0040               0.0017               0.0152               0.1027               0.1285               0.3168               0.2243              -0.0000               0.2749
[Row  10]               0.0005              -0.0019              -0.0009              -0.0057              -0.0570              -0.1112               0.1558              -0.3627               0.0000               0.3367
[Row  11]              -0.9947               0.0004               0.0000               0.2449              -0.0537              -0.0504              -0.0362               0.0382              -0.0000               0.0251
[Row  12]              -0.0224              -0.0044              -0.0003              -0.9212               0.2379               0.2452               0.1842              -0.2009               0.0000              -0.1376
[Row  13]               0.0000               0.0000              -0.0000               0.0000               0.0000               0.0000               0.0000               0.0000               0.8529               0.0000
[Row  14]              -0.0024              -0.0016              -0.0001              -0.0722              -0.1079              -0.1398              -0.4425               0.1744              -0.0000               0.4869
[Row  15]              -0.0015              -0.0009              -0.0001              -0.0456              -0.0333              -0.2531               0.1463               0.4574               0.0000               0.0609
[Row  16]              -0.0002              -0.0067              -0.0002              -0.0135              -0.1078              -0.2926               0.2190               0.0308              -0.0000              -0.2025
[Row  17]               0.0002              -0.0000               0.0068              -0.0040              -0.1172               0.2141              -0.0417               0.3403              -0.0000              -0.3032
[Row  18]              -0.0001               0.0000               0.0069              -0.0020              -0.1240               0.1661               0.3061               0.0198              -0.0000               0.3907
                  [Col 11]              [Col 12]              [Col 13]              [Col 14]              [Col 15]              [Col 16]              [Col 17]              [Col 18]
[Row   1]               0.0030               0.0000               0.0000               0.0598               0.1983               0.0245               0.0262               0.0996
[Row   2]               0.0005              -0.0000               0.0000              -0.2523              -1.2004              -0.1753              -0.2582              -0.7949
[Row   3]               0.0000               0.5148               0.8231               0.0000              -0.0000               0.0000               0.0000               0.0000
[Row   4]              -0.1067               0.0000               0.0000               0.4973               0.2341               0.2417              -0.4473              -0.9950
[Row   5]               0.2234               0.0000              -0.0000               0.6002              -0.3601              -0.1710              -0.6770               0.6739
[Row   6]               0.0279              -0.0000              -0.0000              -0.0125              -0.0926               0.1868              -0.0165              -0.1149
[Row   7]              -0.0994               0.0000               0.0000               0.0548               0.5490              -1.2112               0.1246               0.8917
[Row   8]               0.0000               0.6425              -0.7906              -0.0000               0.0000              -0.0000              -0.0000              -0.0000
[Row   9]               0.2051              -0.0000               0.0000               0.1931              -0.2368              -0.5537               0.3062              -1.0526
[Row  10]              -0.1567              -0.0000              -0.0000               0.4740              -0.1537               0.2003               1.0134               0.3988
[Row  11]              -0.0013              -0.0000              -0.0000              -0.0636              -0.0421              -0.0112               0.0373               0.0048
[Row  12]               0.0064               0.0000              -0.0000               0.3921               0.2560               0.0706              -0.2432              -0.0317
[Row  13]               0.0000              -0.4780              -0.2455              -0.0000              -0.0000              -0.0000              -0.0000              -0.0000
[Row  14]               0.3916              -0.0000              -0.0000               0.5528               0.3084               0.0666              -0.2717               0.0461
[Row  15]              -0.7476               0.0000              -0.0000               0.2863               0.2704               0.1094              -0.1297              -0.1431
[Row  16]               0.3298               0.0000               0.0000              -0.3159               1.0346               0.2552               0.5184              -0.3035
[Row  17]               0.1404               0.0000              -0.0000               0.5007              -0.4286               0.8306               0.6918               0.0354
[Row  18]               0.0420              -0.0000              -0.0000              -0.5417              -0.0321               0.9128              -0.6743               0.1509
 ===== CB ===== 

                  [Col  1]              [Col  2]              [Col  3]              [Col  4]              [Col  5]              [Col  6]              [Col  7]              [Col  8]              [Col  9]              [Col 10]
[Row   1]              -0.0005               0.9925               0.0047               0.0662               0.1620               0.1339               0.0356               0.0177              -0.0000               0.0076
[Row   2]               0.0039               0.0336               0.0083              -0.1641              -0.4402              -0.4301              -0.1278              -0.0198               0.0000               0.0125
[Row   3]              -0.0000              -0.0000              -0.0000              -0.0000               0.0000               0.0000               0.0000               0.0000               0.3706               0.0000
[Row   4]              -0.0037               0.0017               0.0042               0.0866              -0.1673               0.1531              -0.0154              -0.4120               0.0000              -0.1971
[Row   5]              -0.0023              -0.0002              -0.0021               0.0553               0.0341              -0.2064               0.3886               0.0242              -0.0000              -0.2231
[Row   6]               0.0000               0.0052              -0.9922               0.0106               0.1858              -0.1174              -0.0287              -0.0146               0.0000               0.0051
[Row   7]              -0.0002              -0.0074              -0.0365              -0.0228              -0.4871               0.3508               0.1119               0.0790              -0.0000              -0.0157
[Row   8]               0.0000              -0.0000               0.0000              -0.0000              -0.0000              -0.0000               0.0000               0.0000               0.1591               0.0000
[Row   9]               0.0003               0.0040               0.0017               0.0152               0.1027               0.1285               0.3168               0.2243              -0.0000               0.2749
[Row  10]               0.0005              -0.0019              -0.0009              -0.0057              -0.0570              -0.1112               0.1558              -0.3627               0.0000               0.3367
[Row  11]              -0.9947               0.0004               0.0000               0.2449              -0.0537              -0.0504              -0.0362               0.0382              -0.0000               0.0251
[Row  12]              -0.0224              -0.0044              -0.0003              -0.9212               0.2379               0.2452               0.1842              -0.2009               0.0000              -0.1376
[Row  13]               0.0000               0.0000              -0.0000               0.0000               0.0000               0.0000               0.0000               0.0000               0.8529               0.0000
[Row  14]              -0.0024              -0.0016              -0.0001              -0.0722              -0.1079              -0.1398              -0.4425               0.1744              -0.0000               0.4869
[Row  15]              -0.0015              -0.0009              -0.0001              -0.0456              -0.0333              -0.2531               0.1463               0.4574               0.0000               0.0609
[Row  16]              -0.0002              -0.0067              -0.0002              -0.0135              -0.1078              -0.2926               0.2190               0.0308              -0.0000              -0.2025
[Row  17]               0.0002              -0.0000               0.0068              -0.0040              -0.1172               0.2141              -0.0417               0.3403              -0.0000              -0.3032
[Row  18]              -0.0001               0.0000               0.0069              -0.0020              -0.1240               0.1661               0.3061               0.0198              -0.0000               0.3907
                  [Col 11]              [Col 12]              [Col 13]              [Col 14]              [Col 15]              [Col 16]              [Col 17]              [Col 18]
[Row   1]               0.0030               0.0000               0.0000               0.0598               0.1983               0.0245               0.0262               0.0996
[Row   2]               0.0005              -0.0000               0.0000              -0.2523              -1.2004              -0.1753              -0.2582              -0.7949
[Row   3]               0.0000               0.5148               0.8231               0.0000              -0.0000               0.0000               0.0000               0.0000
[Row   4]              -0.1067               0.0000               0.0000               0.4973               0.2341               0.2417              -0.4473              -0.9950
[Row   5]               0.2234               0.0000              -0.0000               0.6002              -0.3601              -0.1710              -0.6770               0.6739
[Row   6]               0.0279              -0.0000              -0.0000              -0.0125              -0.0926               0.1868              -0.0165              -0.1149
[Row   7]              -0.0994               0.0000               0.0000               0.0548               0.5490              -1.2112               0.1246               0.8917
[Row   8]               0.0000               0.6425              -0.7906              -0.0000               0.0000              -0.0000              -0.0000              -0.0000
[Row   9]               0.2051              -0.0000               0.0000               0.1931              -0.2368              -0.5537               0.3062              -1.0526
[Row  10]              -0.1567              -0.0000              -0.0000               0.4740              -0.1537               0.2003               1.0134               0.3988
[Row  11]              -0.0013              -0.0000              -0.0000              -0.0636              -0.0421              -0.0112               0.0373               0.0048
[Row  12]               0.0064               0.0000              -0.0000               0.3921               0.2560               0.0706              -0.2432              -0.0317
[Row  13]               0.0000              -0.4780              -0.2455              -0.0000              -0.0000              -0.0000              -0.0000              -0.0000
[Row  14]               0.3916              -0.0000              -0.0000               0.5528               0.3084               0.0666              -0.2717               0.0461
[Row  15]              -0.7476               0.0000              -0.0000               0.2863               0.2704               0.1094              -0.1297              -0.1431
[Row  16]               0.3298               0.0000               0.0000              -0.3159               1.0346               0.2552               0.5184              -0.3035
[Row  17]               0.1404               0.0000              -0.0000               0.5007              -0.4286               0.8306               0.6918               0.0354
[Row  18]               0.0420              -0.0000              -0.0000              -0.5417              -0.0321               0.9128              -0.6743               0.1509
 ===== P_psi ===== Dalpha+Dbeta 

                  [Col  1]              [Col  2]              [Col  3]              [Col  4]              [Col  5]              [Col  6]              [Col  7]              [Col  8]              [Col  9]              [Col 10]
[Row   1]               2.0707              -0.2223              -0.0000              -0.0176              -0.0109               0.0289              -0.0719              -0.0000               0.1135              -0.0503
[Row   2]              -0.2223               0.8476              -0.0000               0.0026               0.0237              -0.0740               0.1012              -0.0000              -0.2884               0.1303
[Row   3]              -0.0000              -0.0000               0.8047              -0.0000              -0.0000               0.0000               0.0000               0.7794               0.0000              -0.0000
[Row   4]              -0.0176               0.0026              -0.0000               0.5584              -0.0567              -0.0996               0.2250              -0.0000              -0.3390               0.1788
[Row   5]              -0.0109               0.0237              -0.0000              -0.0567               0.5961               0.0537              -0.1271               0.0000               0.1817              -0.0753
[Row   6]               0.0289              -0.0740               0.0000              -0.0996               0.0537               2.0695              -0.2060              -0.0000              -0.0056               0.0030
[Row   7]              -0.0719               0.1012               0.0000               0.2250              -0.1271              -0.2060               0.7821               0.0000               0.0462              -0.0240
[Row   8]              -0.0000              -0.0000               0.7794              -0.0000               0.0000              -0.0000               0.0000               0.8762              -0.0000               0.0000
[Row   9]               0.1135              -0.2884               0.0000              -0.3390               0.1817              -0.0056               0.0462              -0.0000               0.5912               0.0164
[Row  10]              -0.0503               0.1303              -0.0000               0.1788              -0.0753               0.0030              -0.0240               0.0000               0.0164               0.6187
[Row  11]               0.0026               0.0109               0.0000               0.0122               0.0108              -0.0019               0.0035              -0.0000              -0.0097              -0.0082
[Row  12]               0.0160              -0.1610              -0.0000               0.0488               0.0108               0.0060              -0.0051               0.0000               0.0374               0.0372
[Row  13]               0.0000               0.0000               0.1401               0.0000               0.0000               0.0000              -0.0000              -0.3429               0.0000              -0.0000
[Row  14]              -0.1008               0.3575               0.0000              -0.4248              -0.3353               0.0386              -0.1542               0.0000               0.1659              -0.0151
[Row  15]              -0.0633               0.2072               0.0000              -0.3201              -0.1281              -0.0167               0.1088               0.0000              -0.0486               0.0497
[Row  16]              -0.1129               0.2887              -0.0000              -0.0786               0.5213               0.0315              -0.1049               0.0000               0.0787              -0.1163
[Row  17]               0.0242              -0.0899              -0.0000              -0.0854               0.0853              -0.1102               0.2900               0.0000               0.0480              -0.5422
[Row  18]               0.0328              -0.1021              -0.0000              -0.0966               0.0061              -0.1106               0.2879              -0.0000               0.4520               0.3082
                  [Col 11]              [Col 12]              [Col 13]              [Col 14]              [Col 15]              [Col 16]              [Col 17]              [Col 18]
[Row   1]               0.0026               0.0160               0.0000              -0.1008              -0.0633              -0.1129               0.0242               0.0328
[Row   2]               0.0109              -0.1610               0.0000               0.3575               0.2072               0.2887              -0.0899              -0.1021
[Row   3]               0.0000              -0.0000               0.1401               0.0000               0.0000              -0.0000              -0.0000              -0.0000
[Row   4]               0.0122               0.0488               0.0000              -0.4248              -0.3201              -0.0786              -0.0854              -0.0966
[Row   5]               0.0108               0.0108               0.0000              -0.3353              -0.1281               0.5213               0.0853               0.0061
[Row   6]              -0.0019               0.0060               0.0000               0.0386              -0.0167               0.0315              -0.1102              -0.1106
[Row   7]               0.0035              -0.0051              -0.0000              -0.1542               0.1088              -0.1049               0.2900               0.2879
[Row   8]              -0.0000               0.0000              -0.3429               0.0000               0.0000               0.0000               0.0000              -0.0000
[Row   9]              -0.0097               0.0374               0.0000               0.1659              -0.0486               0.0787               0.0480               0.4520
[Row  10]              -0.0082               0.0372              -0.0000              -0.0151               0.0497              -0.1163              -0.5422               0.3082
[Row  11]               2.1165              -0.4926              -0.0000               0.0640               0.0391               0.0103               0.0020              -0.0054
[Row  12]              -0.4926               2.1183              -0.0000              -0.3487              -0.2120              -0.0416              -0.0103               0.0238
[Row  13]              -0.0000              -0.0000               1.9119              -0.0000               0.0000              -0.0000              -0.0000              -0.0000
[Row  14]               0.0640              -0.3487              -0.0000               1.3059              -0.4116              -0.0149              -0.0637               0.1300
[Row  15]               0.0391              -0.2120               0.0000              -0.4116               1.7212              -0.2690              -0.0480               0.0168
[Row  16]               0.0103              -0.0416              -0.0000              -0.0149              -0.2690               0.5923               0.1182              -0.0656
[Row  17]               0.0020              -0.0103              -0.0000              -0.0637              -0.0480               0.1182               0.5776              -0.1369
[Row  18]              -0.0054               0.0238              -0.0000               0.1300               0.0168              -0.0656              -0.1369               0.5830
===== P_mu,nu local =====

                  [Col  1]              [Col  2]              [Col  3]              [Col  4]              [Col  5]              [Col  6]              [Col  7]              [Col  8]              [Col  9]              [Col 10]
[Row   1]               2.0707              -0.2223              -0.0000              -0.0176              -0.0109               0.0289              -0.0719              -0.0000               0.1135              -0.0503
[Row   2]              -0.2223               0.8476              -0.0000               0.0026               0.0237              -0.0740               0.1012              -0.0000              -0.2884               0.1303
[Row   3]              -0.0000              -0.0000               0.8047              -0.0000              -0.0000               0.0000               0.0000               0.7794               0.0000              -0.0000
[Row   4]              -0.0176               0.0026              -0.0000               0.5584              -0.0567              -0.0996               0.2250              -0.0000              -0.3390               0.1788
[Row   5]              -0.0109               0.0237              -0.0000              -0.0567               0.5961               0.0537              -0.1271               0.0000               0.1817              -0.0753
[Row   6]               0.0289              -0.0740               0.0000              -0.0996               0.0537               2.0695              -0.2060              -0.0000              -0.0056               0.0030
[Row   7]              -0.0719               0.1012               0.0000               0.2250              -0.1271              -0.2060               0.7821               0.0000               0.0462              -0.0240
[Row   8]              -0.0000              -0.0000               0.7794              -0.0000               0.0000              -0.0000               0.0000               0.8762              -0.0000               0.0000
[Row   9]               0.1135              -0.2884               0.0000              -0.3390               0.1817              -0.0056               0.0462              -0.0000               0.5912               0.0164
[Row  10]              -0.0503               0.1303              -0.0000               0.1788              -0.0753               0.0030              -0.0240               0.0000               0.0164               0.6187
[Row  11]               0.0026               0.0109               0.0000               0.0122               0.0108              -0.0019               0.0035              -0.0000              -0.0097              -0.0082
[Row  12]               0.0160              -0.1610              -0.0000               0.0488               0.0108               0.0060              -0.0051               0.0000               0.0374               0.0372
[Row  13]               0.0000               0.0000               0.1401               0.0000               0.0000               0.0000              -0.0000              -0.3429               0.0000              -0.0000
[Row  14]              -0.1008               0.3575               0.0000              -0.4248              -0.3353               0.0386              -0.1542               0.0000               0.1659              -0.0151
[Row  15]              -0.0633               0.2072               0.0000              -0.3201              -0.1281              -0.0167               0.1088               0.0000              -0.0486               0.0497
[Row  16]              -0.1129               0.2887              -0.0000              -0.0786               0.5213               0.0315              -0.1049               0.0000               0.0787              -0.1163
[Row  17]               0.0242              -0.0899              -0.0000              -0.0854               0.0853              -0.1102               0.2900               0.0000               0.0480              -0.5422
[Row  18]               0.0328              -0.1021              -0.0000              -0.0966               0.0061              -0.1106               0.2879              -0.0000               0.4520               0.3082
                  [Col 11]              [Col 12]              [Col 13]              [Col 14]              [Col 15]              [Col 16]              [Col 17]              [Col 18]
[Row   1]               0.0026               0.0160               0.0000              -0.1008              -0.0633              -0.1129               0.0242               0.0328
[Row   2]               0.0109              -0.1610               0.0000               0.3575               0.2072               0.2887              -0.0899              -0.1021
[Row   3]               0.0000              -0.0000               0.1401               0.0000               0.0000              -0.0000              -0.0000              -0.0000
[Row   4]               0.0122               0.0488               0.0000              -0.4248              -0.3201              -0.0786              -0.0854              -0.0966
[Row   5]               0.0108               0.0108               0.0000              -0.3353              -0.1281               0.5213               0.0853               0.0061
[Row   6]              -0.0019               0.0060               0.0000               0.0386              -0.0167               0.0315              -0.1102              -0.1106
[Row   7]               0.0035              -0.0051              -0.0000              -0.1542               0.1088              -0.1049               0.2900               0.2879
[Row   8]              -0.0000               0.0000              -0.3429               0.0000               0.0000               0.0000               0.0000              -0.0000
[Row   9]              -0.0097               0.0374               0.0000               0.1659              -0.0486               0.0787               0.0480               0.4520
[Row  10]              -0.0082               0.0372              -0.0000              -0.0151               0.0497              -0.1163              -0.5422               0.3082
[Row  11]               2.1165              -0.4926              -0.0000               0.0640               0.0391               0.0103               0.0020              -0.0054
[Row  12]              -0.4926               2.1183              -0.0000              -0.3487              -0.2120              -0.0416              -0.0103               0.0238
[Row  13]              -0.0000              -0.0000               1.9119              -0.0000               0.0000              -0.0000              -0.0000              -0.0000
[Row  14]               0.0640              -0.3487              -0.0000               1.3059              -0.4116              -0.0149              -0.0637               0.1300
[Row  15]               0.0391              -0.2120               0.0000              -0.4116               1.7212              -0.2690              -0.0480               0.0168
[Row  16]               0.0103              -0.0416              -0.0000              -0.0149              -0.2690               0.5923               0.1182              -0.0656
[Row  17]               0.0020              -0.0103              -0.0000              -0.0637              -0.0480               0.1182               0.5776              -0.1369
[Row  18]              -0.0054               0.0238              -0.0000               0.1300               0.0168              -0.0656              -0.1369               0.5830
===== P_mu,nu psi4 =====

                  [Col  1]              [Col  2]              [Col  3]              [Col  4]              [Col  5]              [Col  6]              [Col  7]              [Col  8]              [Col  9]              [Col 10]
[Row   1]               2.0707              -0.2223              -0.0000              -0.0176              -0.0109               0.0289              -0.0719              -0.0000               0.1135              -0.0503
[Row   2]              -0.2223               0.8476              -0.0000               0.0026               0.0237              -0.0740               0.1012              -0.0000              -0.2884               0.1303
[Row   3]              -0.0000              -0.0000               0.8047              -0.0000              -0.0000               0.0000               0.0000               0.7794               0.0000              -0.0000
[Row   4]              -0.0176               0.0026              -0.0000               0.5584              -0.0567              -0.0996               0.2250              -0.0000              -0.3390               0.1788
[Row   5]              -0.0109               0.0237              -0.0000              -0.0567               0.5961               0.0537              -0.1271               0.0000               0.1817              -0.0753
[Row   6]               0.0289              -0.0740               0.0000              -0.0996               0.0537               2.0695              -0.2060              -0.0000              -0.0056               0.0030
[Row   7]              -0.0719               0.1012               0.0000               0.2250              -0.1271              -0.2060               0.7821               0.0000               0.0462              -0.0240
[Row   8]              -0.0000              -0.0000               0.7794              -0.0000               0.0000              -0.0000               0.0000               0.8762              -0.0000               0.0000
[Row   9]               0.1135              -0.2884               0.0000              -0.3390               0.1817              -0.0056               0.0462              -0.0000               0.5912               0.0164
[Row  10]              -0.0503               0.1303              -0.0000               0.1788              -0.0753               0.0030              -0.0240               0.0000               0.0164               0.6187
[Row  11]               0.0026               0.0109               0.0000               0.0122               0.0108              -0.0019               0.0035              -0.0000              -0.0097              -0.0082
[Row  12]               0.0160              -0.1610              -0.0000               0.0488               0.0108               0.0060              -0.0051               0.0000               0.0374               0.0372
[Row  13]               0.0000               0.0000               0.1401               0.0000               0.0000               0.0000              -0.0000              -0.3429               0.0000              -0.0000
[Row  14]              -0.1008               0.3575               0.0000              -0.4248              -0.3353               0.0386              -0.1542               0.0000               0.1659              -0.0151
[Row  15]              -0.0633               0.2072               0.0000              -0.3201              -0.1281              -0.0167               0.1088               0.0000              -0.0486               0.0497
[Row  16]              -0.1129               0.2887              -0.0000              -0.0786               0.5213               0.0315              -0.1049               0.0000               0.0787              -0.1163
[Row  17]               0.0242              -0.0899              -0.0000              -0.0854               0.0853              -0.1102               0.2900               0.0000               0.0480              -0.5422
[Row  18]               0.0328              -0.1021              -0.0000              -0.0966               0.0061              -0.1106               0.2879              -0.0000               0.4520               0.3082
                  [Col 11]              [Col 12]              [Col 13]              [Col 14]              [Col 15]              [Col 16]              [Col 17]              [Col 18]
[Row   1]               0.0026               0.0160               0.0000              -0.1008              -0.0633              -0.1129               0.0242               0.0328
[Row   2]               0.0109              -0.1610               0.0000               0.3575               0.2072               0.2887              -0.0899              -0.1021
[Row   3]               0.0000              -0.0000               0.1401               0.0000               0.0000              -0.0000              -0.0000              -0.0000
[Row   4]               0.0122               0.0488               0.0000              -0.4248              -0.3201              -0.0786              -0.0854              -0.0966
[Row   5]               0.0108               0.0108               0.0000              -0.3353              -0.1281               0.5213               0.0853               0.0061
[Row   6]              -0.0019               0.0060               0.0000               0.0386              -0.0167               0.0315              -0.1102              -0.1106
[Row   7]               0.0035              -0.0051              -0.0000              -0.1542               0.1088              -0.1049               0.2900               0.2879
[Row   8]              -0.0000               0.0000              -0.3429               0.0000               0.0000               0.0000               0.0000              -0.0000
[Row   9]              -0.0097               0.0374               0.0000               0.1659              -0.0486               0.0787               0.0480               0.4520
[Row  10]              -0.0082               0.0372              -0.0000              -0.0151               0.0497              -0.1163              -0.5422               0.3082
[Row  11]               2.1165              -0.4926              -0.0000               0.0640               0.0391               0.0103               0.0020              -0.0054
[Row  12]              -0.4926               2.1183              -0.0000              -0.3487              -0.2120              -0.0416              -0.0103               0.0238
[Row  13]              -0.0000              -0.0000               1.9119              -0.0000               0.0000              -0.0000              -0.0000              -0.0000
[Row  14]               0.0640              -0.3487              -0.0000               1.3059              -0.4116              -0.0149              -0.0637               0.1300
[Row  15]               0.0391              -0.2120               0.0000              -0.4116               1.7212              -0.2690              -0.0480               0.0168
[Row  16]               0.0103              -0.0416              -0.0000              -0.0149              -0.2690               0.5923               0.1182              -0.0656
[Row  17]               0.0020              -0.0103              -0.0000              -0.0637              -0.0480               0.1182               0.5776              -0.1369
[Row  18]              -0.0054               0.0238              -0.0000               0.1300               0.0168              -0.0656              -0.1369               0.5830
====== P^(AO) = SPS =====

                  [Col  1]              [Col  2]              [Col  3]              [Col  4]              [Col  5]              [Col  6]              [Col  7]              [Col  8]              [Col  9]              [Col 10]
[Row   1]               1.9996               0.5055              -0.0000              -0.0031              -0.0013               0.0002               0.0862              -0.0000              -0.1280               0.0626
[Row   2]               0.5055               1.8058              -0.0000               0.1203               0.0647               0.0857               0.8583               0.0000              -0.8410               0.4158
[Row   3]              -0.0000              -0.0000               1.2788              -0.0000              -0.0000               0.0000               0.0000               1.1979               0.0000              -0.0000
[Row   4]              -0.0031               0.1203              -0.0000               1.5038              -0.1620               0.1290               0.8246              -0.0000              -0.5675               0.5019
[Row   5]              -0.0013               0.0647              -0.0000              -0.1620               1.5681              -0.0626              -0.4036               0.0000               0.5094               0.2328
[Row   6]               0.0002               0.0857               0.0000               0.1290              -0.0626               1.9995               0.5048              -0.0000               0.0003              -0.0001
[Row   7]               0.0862               0.8583               0.0000               0.8246              -0.4036               0.5048               1.8563              -0.0000              -0.0125               0.0064
[Row   8]              -0.0000               0.0000               1.1979              -0.0000               0.0000              -0.0000              -0.0000               1.2968              -0.0000               0.0000
[Row   9]              -0.1280              -0.8410               0.0000              -0.5675               0.5094               0.0003              -0.0125              -0.0000               1.6588              -0.0089
[Row  10]               0.0626               0.4158              -0.0000               0.5019               0.2328              -0.0001               0.0064               0.0000              -0.0089               1.6504
[Row  11]               0.0001               0.0413              -0.0000              -0.0572              -0.0354              -0.0000               0.0025              -0.0000              -0.0056              -0.0004
[Row  12]               0.0277               0.5183              -0.0000              -0.6274              -0.3930               0.0002               0.0512              -0.0000              -0.0913              -0.0059
[Row  13]               0.0000              -0.0000               0.4296               0.0000              -0.0000               0.0000              -0.0000              -0.1598               0.0000              -0.0000
[Row  14]               0.0389               0.5502               0.0000              -0.6122              -0.5864               0.0019               0.0481               0.0000              -0.0921              -0.0463
[Row  15]               0.0241               0.3447               0.0000              -0.5657              -0.0545              -0.0002               0.0140               0.0000              -0.0157               0.0115
[Row  16]               0.1188               1.1300              -0.0000              -0.1956               1.1983               0.0121               0.1838               0.0000              -0.1251               0.2067
[Row  17]               0.0130               0.2157              -0.0000               0.1187              -0.2560               0.1192               1.1315              -0.0000               0.1205              -1.2175
[Row  18]               0.0139               0.2002              -0.0000               0.3149               0.0616               0.1195               1.1292              -0.0000               1.0200               0.6825
                  [Col 11]              [Col 12]              [Col 13]              [Col 14]              [Col 15]              [Col 16]              [Col 17]              [Col 18]
[Row   1]               0.0001               0.0277               0.0000               0.0389               0.0241               0.1188               0.0130               0.0139
[Row   2]               0.0413               0.5183              -0.0000               0.5502               0.3447               1.1300               0.2157               0.2002
[Row   3]              -0.0000              -0.0000               0.4296               0.0000               0.0000              -0.0000              -0.0000              -0.0000
[Row   4]              -0.0572              -0.6274               0.0000              -0.6122              -0.5657              -0.1956               0.1187               0.3149
[Row   5]              -0.0354              -0.3930              -0.0000              -0.5864              -0.0545               1.1983              -0.2560               0.0616
[Row   6]              -0.0000               0.0002               0.0000               0.0019              -0.0002               0.0121               0.1192               0.1195
[Row   7]               0.0025               0.0512              -0.0000               0.0481               0.0140               0.1838               1.1315               1.1292
[Row   8]              -0.0000              -0.0000              -0.1598               0.0000               0.0000               0.0000              -0.0000              -0.0000
[Row   9]              -0.0056              -0.0913               0.0000              -0.0921              -0.0157              -0.1251               0.1205               1.0200
[Row  10]              -0.0004              -0.0059              -0.0000              -0.0463               0.0115               0.2067              -1.2175               0.6825
[Row  11]               1.9999               0.4766              -0.0000               0.0042               0.0026               0.0081               0.0017              -0.0004
[Row  12]               0.4766               1.9939              -0.0000              -0.0410              -0.0253               0.1079               0.0250               0.0098
[Row  13]              -0.0000              -0.0000               1.9548              -0.0000               0.0000              -0.0000              -0.0000              -0.0000
[Row  14]               0.0042              -0.0410              -0.0000               1.7197              -0.1651               0.0511              -0.0094               0.0665
[Row  15]               0.0026              -0.0253               0.0000              -0.1651               1.8875               0.0429              -0.0361               0.0204
[Row  16]               0.0081               0.1079              -0.0000               0.0511               0.0429               1.6381               0.0812               0.0614
[Row  17]               0.0017               0.0250              -0.0000              -0.0094              -0.0361               0.0812               1.6363               0.2702
[Row  18]              -0.0004               0.0098              -0.0000               0.0665               0.0204               0.0614               0.2702               1.6379
====== S^(AO) = S =====

                  [Col  1]              [Col  2]              [Col  3]              [Col  4]              [Col  5]              [Col  6]              [Col  7]              [Col  8]              [Col  9]              [Col 10]
[Row   1]               1.0000               0.2484               0.0000               0.0000              -0.0000               0.0000               0.0446               0.0000              -0.0665               0.0325
[Row   2]               0.2484               1.0000               0.0000               0.0000              -0.0000               0.0446               0.4023               0.0000              -0.3719               0.1818
[Row   3]               0.0000               0.0000               1.0000               0.0000               0.0000               0.0000               0.0000               0.2429               0.0000               0.0000
[Row   4]               0.0000               0.0000               0.0000               1.0000               0.0000               0.0665               0.3719               0.0000              -0.2175               0.2251
[Row   5]              -0.0000              -0.0000               0.0000               0.0000               1.0000              -0.0325              -0.1818               0.0000               0.2251               0.1328
[Row   6]               0.0000               0.0446               0.0000               0.0665              -0.0325               1.0000               0.2484               0.0000              -0.0000               0.0000
[Row   7]               0.0446               0.4023               0.0000               0.3719              -0.1818               0.2484               1.0000               0.0000              -0.0000               0.0000
[Row   8]               0.0000               0.0000               0.2429               0.0000               0.0000               0.0000               0.0000               1.0000               0.0000               0.0000
[Row   9]              -0.0665              -0.3719               0.0000              -0.2175               0.2251              -0.0000              -0.0000               0.0000               1.0000               0.0000
[Row  10]               0.0325               0.1818               0.0000               0.2251               0.1328               0.0000               0.0000               0.0000               0.0000               1.0000
[Row  11]               0.0000               0.0219               0.0000              -0.0310              -0.0193               0.0000               0.0012               0.0000              -0.0027              -0.0002
[Row  12]               0.0143               0.2465               0.0000              -0.2902              -0.1809               0.0000               0.0260               0.0000              -0.0463              -0.0026
[Row  13]               0.0000               0.0000               0.1245               0.0000               0.0000               0.0000               0.0000               0.0093               0.0000               0.0000
[Row  14]               0.0227               0.1878               0.0000              -0.1586              -0.1764               0.0001               0.0332               0.0000              -0.0543              -0.0036
[Row  15]               0.0142               0.1171               0.0000              -0.1764               0.0146               0.0000               0.0019               0.0000              -0.0036               0.0090
[Row  16]               0.0631               0.4941               0.0000              -0.0807               0.4623               0.0055               0.0982               0.0000              -0.0811               0.0971
[Row  17]               0.0062               0.1069               0.0000               0.0836              -0.1076               0.0634               0.4952               0.0000               0.0432              -0.4679
[Row  18]               0.0065               0.1107               0.0000               0.1404               0.0019               0.0635               0.4957               0.0000               0.3879               0.2658
                  [Col 11]              [Col 12]              [Col 13]              [Col 14]              [Col 15]              [Col 16]              [Col 17]              [Col 18]
[Row   1]               0.0000               0.0143               0.0000               0.0227               0.0142               0.0631               0.0062               0.0065
[Row   2]               0.0219               0.2465               0.0000               0.1878               0.1171               0.4941               0.1069               0.1107
[Row   3]               0.0000               0.0000               0.1245               0.0000               0.0000               0.0000               0.0000               0.0000
[Row   4]              -0.0310              -0.2902               0.0000              -0.1586              -0.1764              -0.0807               0.0836               0.1404
[Row   5]              -0.0193              -0.1809               0.0000              -0.1764               0.0146               0.4623              -0.1076               0.0019
[Row   6]               0.0000               0.0000               0.0000               0.0001               0.0000               0.0055               0.0634               0.0635
[Row   7]               0.0012               0.0260               0.0000               0.0332               0.0019               0.0982               0.4952               0.4957
[Row   8]               0.0000               0.0000               0.0093               0.0000               0.0000               0.0000               0.0000               0.0000
[Row   9]              -0.0027              -0.0463               0.0000              -0.0543              -0.0036              -0.0811               0.0432               0.3879
[Row  10]              -0.0002              -0.0026               0.0000              -0.0036               0.0090               0.0971              -0.4679               0.2658
[Row  11]               1.0000               0.2380               0.0000               0.0000               0.0000               0.0039               0.0008               0.0001
[Row  12]               0.2380               1.0000               0.0000               0.0000               0.0000               0.0556               0.0142               0.0020
[Row  13]               0.0000               0.0000               1.0000               0.0000               0.0000               0.0000               0.0000               0.0000
[Row  14]               0.0000               0.0000               0.0000               1.0000               0.0000               0.0272               0.0156               0.0028
[Row  15]               0.0000               0.0000               0.0000               0.0000               1.0000               0.0503              -0.0060               0.0006
[Row  16]               0.0039               0.0556               0.0000               0.0272               0.0503               1.0000               0.0147               0.0498
[Row  17]               0.0008               0.0142               0.0000               0.0156              -0.0060               0.0147               1.0000               0.1480
[Row  18]               0.0001               0.0020               0.0000               0.0028               0.0006               0.0498               0.1480               1.0000
====== P^(AO) std gaussian m_l ordering SPS =====

                  [Col  1]              [Col  2]              [Col  3]              [Col  4]              [Col  5]              [Col  6]              [Col  7]              [Col  8]              [Col  9]              [Col 10]
[Row   1]               1.9996               0.5055              -0.0031              -0.0013              -0.0000               0.0002               0.0862              -0.1280               0.0626              -0.0000
[Row   2]               0.5055               1.8058               0.1203               0.0647              -0.0000               0.0857               0.8583              -0.8410               0.4158               0.0000
[Row   3]              -0.0031               0.1203               1.5038              -0.1620              -0.0000               0.1290               0.8246              -0.5675               0.5019              -0.0000
[Row   4]              -0.0013               0.0647              -0.1620               1.5681              -0.0000              -0.0626              -0.4036               0.5094               0.2328               0.0000
[Row   5]              -0.0000              -0.0000              -0.0000              -0.0000               1.2788               0.0000               0.0000               0.0000              -0.0000               1.1979
[Row   6]               0.0002               0.0857               0.1290              -0.0626               0.0000               1.9995               0.5048               0.0003              -0.0001              -0.0000
[Row   7]               0.0862               0.8583               0.8246              -0.4036               0.0000               0.5048               1.8563              -0.0125               0.0064              -0.0000
[Row   8]              -0.1280              -0.8410              -0.5675               0.5094               0.0000               0.0003              -0.0125               1.6588              -0.0089              -0.0000
[Row   9]               0.0626               0.4158               0.5019               0.2328              -0.0000              -0.0001               0.0064              -0.0089               1.6504               0.0000
[Row  10]              -0.0000               0.0000              -0.0000               0.0000               1.1979              -0.0000              -0.0000              -0.0000               0.0000               1.2968
[Row  11]               0.0001               0.0413              -0.0572              -0.0354              -0.0000              -0.0000               0.0025              -0.0056              -0.0004              -0.0000
[Row  12]               0.0277               0.5183              -0.6274              -0.3930              -0.0000               0.0002               0.0512              -0.0913              -0.0059              -0.0000
[Row  13]               0.0389               0.5502              -0.6122              -0.5864               0.0000               0.0019               0.0481              -0.0921              -0.0463               0.0000
[Row  14]               0.0241               0.3447              -0.5657              -0.0545               0.0000              -0.0002               0.0140              -0.0157               0.0115               0.0000
[Row  15]               0.0000              -0.0000               0.0000              -0.0000               0.4296               0.0000              -0.0000               0.0000              -0.0000              -0.1598
[Row  16]               0.1188               1.1300              -0.1956               1.1983              -0.0000               0.0121               0.1838              -0.1251               0.2067               0.0000
[Row  17]               0.0130               0.2157               0.1187              -0.2560              -0.0000               0.1192               1.1315               0.1205              -1.2175              -0.0000
[Row  18]               0.0139               0.2002               0.3149               0.0616              -0.0000               0.1195               1.1292               1.0200               0.6825              -0.0000
                  [Col 11]              [Col 12]              [Col 13]              [Col 14]              [Col 15]              [Col 16]              [Col 17]              [Col 18]
[Row   1]               0.0001               0.0277               0.0389               0.0241               0.0000               0.1188               0.0130               0.0139
[Row   2]               0.0413               0.5183               0.5502               0.3447              -0.0000               1.1300               0.2157               0.2002
[Row   3]              -0.0572              -0.6274              -0.6122              -0.5657               0.0000              -0.1956               0.1187               0.3149
[Row   4]              -0.0354              -0.3930              -0.5864              -0.0545              -0.0000               1.1983              -0.2560               0.0616
[Row   5]              -0.0000              -0.0000               0.0000               0.0000               0.4296              -0.0000              -0.0000              -0.0000
[Row   6]              -0.0000               0.0002               0.0019              -0.0002               0.0000               0.0121               0.1192               0.1195
[Row   7]               0.0025               0.0512               0.0481               0.0140              -0.0000               0.1838               1.1315               1.1292
[Row   8]              -0.0056              -0.0913              -0.0921              -0.0157               0.0000              -0.1251               0.1205               1.0200
[Row   9]              -0.0004              -0.0059              -0.0463               0.0115              -0.0000               0.2067              -1.2175               0.6825
[Row  10]              -0.0000              -0.0000               0.0000               0.0000              -0.1598               0.0000              -0.0000              -0.0000
[Row  11]               1.9999               0.4766               0.0042               0.0026              -0.0000               0.0081               0.0017              -0.0004
[Row  12]               0.4766               1.9939              -0.0410              -0.0253              -0.0000               0.1079               0.0250               0.0098
[Row  13]               0.0042              -0.0410               1.7197              -0.1651              -0.0000               0.0511              -0.0094               0.0665
[Row  14]               0.0026              -0.0253              -0.1651               1.8875               0.0000               0.0429              -0.0361               0.0204
[Row  15]              -0.0000              -0.0000              -0.0000               0.0000               1.9548              -0.0000              -0.0000              -0.0000
[Row  16]               0.0081               0.1079               0.0511               0.0429              -0.0000               1.6381               0.0812               0.0614
[Row  17]               0.0017               0.0250              -0.0094              -0.0361              -0.0000               0.0812               1.6363               0.2702
[Row  18]              -0.0004               0.0098               0.0665               0.0204              -0.0000               0.0614               0.2702               1.6379
====== S^(AO) std gaussian m_l ordering =====

                  [Col  1]              [Col  2]              [Col  3]              [Col  4]              [Col  5]              [Col  6]              [Col  7]              [Col  8]              [Col  9]              [Col 10]
[Row   1]               1.0000               0.2484               0.0000              -0.0000               0.0000               0.0000               0.0446              -0.0665               0.0325               0.0000
[Row   2]               0.2484               1.0000               0.0000              -0.0000               0.0000               0.0446               0.4023              -0.3719               0.1818               0.0000
[Row   3]               0.0000               0.0000               1.0000               0.0000               0.0000               0.0665               0.3719              -0.2175               0.2251               0.0000
[Row   4]              -0.0000              -0.0000               0.0000               1.0000               0.0000              -0.0325              -0.1818               0.2251               0.1328               0.0000
[Row   5]               0.0000               0.0000               0.0000               0.0000               1.0000               0.0000               0.0000               0.0000               0.0000               0.2429
[Row   6]               0.0000               0.0446               0.0665              -0.0325               0.0000               1.0000               0.2484              -0.0000               0.0000               0.0000
[Row   7]               0.0446               0.4023               0.3719              -0.1818               0.0000               0.2484               1.0000              -0.0000               0.0000               0.0000
[Row   8]              -0.0665              -0.3719              -0.2175               0.2251               0.0000              -0.0000              -0.0000               1.0000               0.0000               0.0000
[Row   9]               0.0325               0.1818               0.2251               0.1328               0.0000               0.0000               0.0000               0.0000               1.0000               0.0000
[Row  10]               0.0000               0.0000               0.0000               0.0000               0.2429               0.0000               0.0000               0.0000               0.0000               1.0000
[Row  11]               0.0000               0.0219              -0.0310              -0.0193               0.0000               0.0000               0.0012              -0.0027              -0.0002               0.0000
[Row  12]               0.0143               0.2465              -0.2902              -0.1809               0.0000               0.0000               0.0260              -0.0463              -0.0026               0.0000
[Row  13]               0.0227               0.1878              -0.1586              -0.1764               0.0000               0.0001               0.0332              -0.0543              -0.0036               0.0000
[Row  14]               0.0142               0.1171              -0.1764               0.0146               0.0000               0.0000               0.0019              -0.0036               0.0090               0.0000
[Row  15]               0.0000               0.0000               0.0000               0.0000               0.1245               0.0000               0.0000               0.0000               0.0000               0.0093
[Row  16]               0.0631               0.4941              -0.0807               0.4623               0.0000               0.0055               0.0982              -0.0811               0.0971               0.0000
[Row  17]               0.0062               0.1069               0.0836              -0.1076               0.0000               0.0634               0.4952               0.0432              -0.4679               0.0000
[Row  18]               0.0065               0.1107               0.1404               0.0019               0.0000               0.0635               0.4957               0.3879               0.2658               0.0000
                  [Col 11]              [Col 12]              [Col 13]              [Col 14]              [Col 15]              [Col 16]              [Col 17]              [Col 18]
[Row   1]               0.0000               0.0143               0.0227               0.0142               0.0000               0.0631               0.0062               0.0065
[Row   2]               0.0219               0.2465               0.1878               0.1171               0.0000               0.4941               0.1069               0.1107
[Row   3]              -0.0310              -0.2902              -0.1586              -0.1764               0.0000              -0.0807               0.0836               0.1404
[Row   4]              -0.0193              -0.1809              -0.1764               0.0146               0.0000               0.4623              -0.1076               0.0019
[Row   5]               0.0000               0.0000               0.0000               0.0000               0.1245               0.0000               0.0000               0.0000
[Row   6]               0.0000               0.0000               0.0001               0.0000               0.0000               0.0055               0.0634               0.0635
[Row   7]               0.0012               0.0260               0.0332               0.0019               0.0000               0.0982               0.4952               0.4957
[Row   8]              -0.0027              -0.0463              -0.0543              -0.0036               0.0000              -0.0811               0.0432               0.3879
[Row   9]              -0.0002              -0.0026              -0.0036               0.0090               0.0000               0.0971              -0.4679               0.2658
[Row  10]               0.0000               0.0000               0.0000               0.0000               0.0093               0.0000               0.0000               0.0000
[Row  11]               1.0000               0.2380               0.0000               0.0000               0.0000               0.0039               0.0008               0.0001
[Row  12]               0.2380               1.0000               0.0000               0.0000               0.0000               0.0556               0.0142               0.0020
[Row  13]               0.0000               0.0000               1.0000               0.0000               0.0000               0.0272               0.0156               0.0028
[Row  14]               0.0000               0.0000               0.0000               1.0000               0.0000               0.0503              -0.0060               0.0006
[Row  15]               0.0000               0.0000               0.0000               0.0000               1.0000               0.0000               0.0000               0.0000
[Row  16]               0.0039               0.0556               0.0272               0.0503               0.0000               1.0000               0.0147               0.0498
[Row  17]               0.0008               0.0142               0.0156              -0.0060               0.0000               0.0147               1.0000               0.1480
[Row  18]               0.0001               0.0020               0.0028               0.0006               0.0000               0.0498               0.1480               1.0000
