molecule mol16.xyz
System:, atNum: 14 coords [              0.0000               0.0000               0.0000]
System:, atNum: 1 coords [              1.6179               1.6179               1.6179]
System:, atNum: 1 coords [             -1.6179              -1.6179               1.6179]
System:, atNum: 1 coords [             -1.6179               1.6179              -1.6179]
System:, atNum: 1 coords [              1.6179              -1.6179              -1.6179]
===== Original AO-S matrix =====

                  [Col  1]              [Col  2]              [Col  3]              [Col  4]              [Col  5]              [Col  6]              [Col  7]              [Col  8]              [Col  9]              [Col 10]
[Row   1]               1.0000               0.3142               0.0000               0.0000               0.0000               0.0136               0.0000               0.0000               0.0000               0.0067
[Row   2]               0.3142               1.0000               0.0000               0.0000               0.0000               0.2542               0.0000               0.0000               0.0000               0.0582
[Row   3]               0.0000               0.0000               1.0000               0.0000               0.0000               0.0000               0.2685               0.0000               0.0000               0.0187
[Row   4]               0.0000               0.0000               0.0000               1.0000               0.0000               0.0000               0.0000               0.2685               0.0000               0.0187
[Row   5]               0.0000               0.0000               0.0000               0.0000               1.0000               0.0000               0.0000               0.0000               0.2685               0.0187
[Row   6]               0.0136               0.2542               0.0000               0.0000               0.0000               1.0000               0.0000               0.0000               0.0000               0.3824
[Row   7]               0.0000               0.0000               0.2685               0.0000               0.0000               0.0000               1.0000               0.0000               0.0000               0.2602
[Row   8]               0.0000               0.0000               0.0000               0.2685               0.0000               0.0000               0.0000               1.0000               0.0000               0.2602
[Row   9]               0.0000               0.0000               0.0000               0.0000               0.2685               0.0000               0.0000               0.0000               1.0000               0.2602
[Row  10]               0.0067               0.0582               0.0187               0.0187               0.0187               0.3824               0.2602               0.2602               0.2602               1.0000
[Row  11]               0.0067               0.0582               0.0187              -0.0187              -0.0187               0.3824               0.2602              -0.2602              -0.2602               0.0573
[Row  12]               0.0067               0.0582              -0.0187              -0.0187               0.0187               0.3824              -0.2602              -0.2602               0.2602               0.0573
[Row  13]               0.0067               0.0582              -0.0187               0.0187              -0.0187               0.3824              -0.2602               0.2602              -0.2602               0.0573
                  [Col 11]              [Col 12]              [Col 13]
[Row   1]               0.0067               0.0067               0.0067
[Row   2]               0.0582               0.0582               0.0582
[Row   3]               0.0187              -0.0187              -0.0187
[Row   4]              -0.0187              -0.0187               0.0187
[Row   5]              -0.0187               0.0187              -0.0187
[Row   6]               0.3824               0.3824               0.3824
[Row   7]               0.2602              -0.2602              -0.2602
[Row   8]              -0.2602              -0.2602               0.2602
[Row   9]              -0.2602               0.2602              -0.2602
[Row  10]               0.0573               0.0573               0.0573
[Row  11]               1.0000               0.0573               0.0573
[Row  12]               0.0573               1.0000               0.0573
[Row  13]               0.0573               0.0573               1.0000
nbas 13
 ===== CA ===== 

                  [Col  1]              [Col  2]              [Col  3]              [Col  4]              [Col  5]              [Col  6]              [Col  7]              [Col  8]              [Col  9]              [Col 10]
[Row   1]               0.9939               0.3436               0.0000              -0.0000              -0.0000               0.0727               0.0000               0.0000               0.0000               0.0769
[Row   2]               0.0189              -1.0377              -0.0000               0.0000               0.0000              -0.2692              -0.0000              -0.0000              -0.0000              -0.2406
[Row   3]               0.0000              -0.0000               0.6130               0.7444               0.1523              -0.0000               0.1598               0.1031               0.0434               0.0000
[Row   4]               0.0000               0.0000              -0.4994               0.2473               0.8016               0.0000               0.0960              -0.0876              -0.1455              -0.0000
[Row   5]               0.0000              -0.0000               0.5726              -0.5812               0.5360              -0.0000              -0.0574               0.1405              -0.1225               0.0000
[Row   6]              -0.0039              -0.0606               0.0000               0.0000              -0.0000               0.6401               0.0000               0.0000               0.0000               1.3168
[Row   7]              -0.0000               0.0000               0.0518               0.0629               0.0129               0.0000              -0.3769              -0.2432              -0.1024              -0.0000
[Row   8]              -0.0000               0.0000              -0.0422               0.0209               0.0677              -0.0000              -0.2265               0.2066               0.3431               0.0000
[Row   9]               0.0000              -0.0000               0.0484              -0.0491               0.0453               0.0000               0.1354              -0.3315               0.2890              -0.0000
[Row  10]               0.0009               0.0098              -0.0078              -0.0047              -0.0169               0.2149              -0.3593              -0.2826               0.4066              -0.6206
[Row  11]               0.0009               0.0098              -0.0061              -0.0123               0.0135               0.2149              -0.2194              -0.0908              -0.5638              -0.6206
[Row  12]               0.0009               0.0098              -0.0052               0.0179               0.0048               0.2149               0.5672              -0.2263               0.0370              -0.6206
[Row  13]               0.0009               0.0098               0.0192              -0.0010              -0.0013               0.2149               0.0115               0.5998               0.1202              -0.6206
                  [Col 11]              [Col 12]              [Col 13]
[Row   1]               0.0000              -0.0000               0.0000
[Row   2]              -0.0000               0.0000              -0.0000
[Row   3]               0.0173               0.2089               0.2471
[Row   4]               0.2965              -0.1093               0.0717
[Row   5]               0.1295               0.2223              -0.1970
[Row   6]               0.0000              -0.0000               0.0000
[Row   7]              -0.0612              -0.7399              -0.8750
[Row   8]              -1.0501               0.3870              -0.2538
[Row   9]              -0.4588              -0.7871               0.6977
[Row  10]               0.6888               0.5002               0.1892
[Row  11]              -0.6351               0.1491               0.5786
[Row  12]              -0.2863               0.1905              -0.8014
[Row  13]               0.2326              -0.8398               0.0336
 ===== CB ===== 

                  [Col  1]              [Col  2]              [Col  3]              [Col  4]              [Col  5]              [Col  6]              [Col  7]              [Col  8]              [Col  9]              [Col 10]
[Row   1]               0.9939               0.3436               0.0000              -0.0000              -0.0000               0.0727               0.0000               0.0000               0.0000               0.0769
[Row   2]               0.0189              -1.0377              -0.0000               0.0000               0.0000              -0.2692              -0.0000              -0.0000              -0.0000              -0.2406
[Row   3]               0.0000              -0.0000               0.6130               0.7444               0.1523              -0.0000               0.1598               0.1031               0.0434               0.0000
[Row   4]               0.0000               0.0000              -0.4994               0.2473               0.8016               0.0000               0.0960              -0.0876              -0.1455              -0.0000
[Row   5]               0.0000              -0.0000               0.5726              -0.5812               0.5360              -0.0000              -0.0574               0.1405              -0.1225               0.0000
[Row   6]              -0.0039              -0.0606               0.0000               0.0000              -0.0000               0.6401               0.0000               0.0000               0.0000               1.3168
[Row   7]              -0.0000               0.0000               0.0518               0.0629               0.0129               0.0000              -0.3769              -0.2432              -0.1024              -0.0000
[Row   8]              -0.0000               0.0000              -0.0422               0.0209               0.0677              -0.0000              -0.2265               0.2066               0.3431               0.0000
[Row   9]               0.0000              -0.0000               0.0484              -0.0491               0.0453               0.0000               0.1354              -0.3315               0.2890              -0.0000
[Row  10]               0.0009               0.0098              -0.0078              -0.0047              -0.0169               0.2149              -0.3593              -0.2826               0.4066              -0.6206
[Row  11]               0.0009               0.0098              -0.0061              -0.0123               0.0135               0.2149              -0.2194              -0.0908              -0.5638              -0.6206
[Row  12]               0.0009               0.0098              -0.0052               0.0179               0.0048               0.2149               0.5672              -0.2263               0.0370              -0.6206
[Row  13]               0.0009               0.0098               0.0192              -0.0010              -0.0013               0.2149               0.0115               0.5998               0.1202              -0.6206
                  [Col 11]              [Col 12]              [Col 13]
[Row   1]               0.0000              -0.0000               0.0000
[Row   2]              -0.0000               0.0000              -0.0000
[Row   3]               0.0173               0.2089               0.2471
[Row   4]               0.2965              -0.1093               0.0717
[Row   5]               0.1295               0.2223              -0.1970
[Row   6]               0.0000              -0.0000               0.0000
[Row   7]              -0.0612              -0.7399              -0.8750
[Row   8]              -1.0501               0.3870              -0.2538
[Row   9]              -0.4588              -0.7871               0.6977
[Row  10]               0.6888               0.5002               0.1892
[Row  11]              -0.6351               0.1491               0.5786
[Row  12]              -0.2863               0.1905              -0.8014
[Row  13]               0.2326              -0.8398               0.0336
 ===== P_psi ===== Dalpha+Dbeta 

                  [Col  1]              [Col  2]              [Col  3]              [Col  4]              [Col  5]              [Col  6]              [Col  7]              [Col  8]              [Col  9]              [Col 10]
[Row   1]               2.2225              -0.7147               0.0000              -0.0000               0.0000               0.0435              -0.0000              -0.0000               0.0000               0.0397
[Row   2]              -0.7147               2.2993              -0.0000               0.0000               0.0000              -0.2190              -0.0000              -0.0000              -0.0000              -0.1359
[Row   3]               0.0000              -0.0000               1.9822               0.0000               0.0000               0.0000              -0.0185              -0.0000               0.0000              -0.1595
[Row   4]              -0.0000               0.0000               0.0000               1.9822              -0.0000              -0.0000              -0.0000              -0.0185               0.0000              -0.1595
[Row   5]               0.0000               0.0000               0.0000              -0.0000               1.9822              -0.0000              -0.0000               0.0000              -0.0185              -0.1595
[Row   6]               0.0435              -0.2190               0.0000              -0.0000              -0.0000               0.8267              -0.0000               0.0000               0.0000               0.2739
[Row   7]              -0.0000              -0.0000              -0.0185              -0.0000              -0.0000              -0.0000               0.4370               0.0000               0.0000               0.3232
[Row   8]              -0.0000              -0.0000              -0.0000              -0.0185               0.0000               0.0000               0.0000               0.4370              -0.0000               0.3232
[Row   9]               0.0000              -0.0000               0.0000               0.0000              -0.0185               0.0000               0.0000              -0.0000               0.4370               0.3232
[Row  10]               0.0397              -0.1359              -0.1595              -0.1595              -0.1595               0.2739               0.3232               0.3232               0.3232               0.8419
[Row  11]               0.0397              -0.1359              -0.1595               0.1595               0.1595               0.2739               0.3232              -0.3232              -0.3232              -0.1572
[Row  12]               0.0397              -0.1359               0.1595               0.1595              -0.1595               0.2739              -0.3232              -0.3232               0.3232              -0.1572
[Row  13]               0.0397              -0.1359               0.1595              -0.1595               0.1595               0.2739              -0.3232               0.3232              -0.3232              -0.1572
                  [Col 11]              [Col 12]              [Col 13]
[Row   1]               0.0397               0.0397               0.0397
[Row   2]              -0.1359              -0.1359              -0.1359
[Row   3]              -0.1595               0.1595               0.1595
[Row   4]               0.1595               0.1595              -0.1595
[Row   5]               0.1595              -0.1595               0.1595
[Row   6]               0.2739               0.2739               0.2739
[Row   7]               0.3232              -0.3232              -0.3232
[Row   8]              -0.3232              -0.3232               0.3232
[Row   9]              -0.3232               0.3232              -0.3232
[Row  10]              -0.1572              -0.1572              -0.1572
[Row  11]               0.8419              -0.1572              -0.1572
[Row  12]              -0.1572               0.8419              -0.1572
[Row  13]              -0.1572              -0.1572               0.8419
===== P_mu,nu local =====

                  [Col  1]              [Col  2]              [Col  3]              [Col  4]              [Col  5]              [Col  6]              [Col  7]              [Col  8]              [Col  9]              [Col 10]
[Row   1]               2.2225              -0.7147               0.0000              -0.0000               0.0000               0.0435              -0.0000              -0.0000               0.0000               0.0397
[Row   2]              -0.7147               2.2993              -0.0000               0.0000               0.0000              -0.2190              -0.0000              -0.0000              -0.0000              -0.1359
[Row   3]               0.0000              -0.0000               1.9822               0.0000               0.0000               0.0000              -0.0185              -0.0000               0.0000              -0.1595
[Row   4]              -0.0000               0.0000               0.0000               1.9822              -0.0000              -0.0000              -0.0000              -0.0185               0.0000              -0.1595
[Row   5]               0.0000               0.0000               0.0000              -0.0000               1.9822              -0.0000              -0.0000               0.0000              -0.0185              -0.1595
[Row   6]               0.0435              -0.2190               0.0000              -0.0000              -0.0000               0.8267              -0.0000               0.0000               0.0000               0.2739
[Row   7]              -0.0000              -0.0000              -0.0185              -0.0000              -0.0000              -0.0000               0.4370               0.0000               0.0000               0.3232
[Row   8]              -0.0000              -0.0000              -0.0000              -0.0185               0.0000               0.0000               0.0000               0.4370              -0.0000               0.3232
[Row   9]               0.0000              -0.0000               0.0000               0.0000              -0.0185               0.0000               0.0000              -0.0000               0.4370               0.3232
[Row  10]               0.0397              -0.1359              -0.1595              -0.1595              -0.1595               0.2739               0.3232               0.3232               0.3232               0.8419
[Row  11]               0.0397              -0.1359              -0.1595               0.1595               0.1595               0.2739               0.3232              -0.3232              -0.3232              -0.1572
[Row  12]               0.0397              -0.1359               0.1595               0.1595              -0.1595               0.2739              -0.3232              -0.3232               0.3232              -0.1572
[Row  13]               0.0397              -0.1359               0.1595              -0.1595               0.1595               0.2739              -0.3232               0.3232              -0.3232              -0.1572
                  [Col 11]              [Col 12]              [Col 13]
[Row   1]               0.0397               0.0397               0.0397
[Row   2]              -0.1359              -0.1359              -0.1359
[Row   3]              -0.1595               0.1595               0.1595
[Row   4]               0.1595               0.1595              -0.1595
[Row   5]               0.1595              -0.1595               0.1595
[Row   6]               0.2739               0.2739               0.2739
[Row   7]               0.3232              -0.3232              -0.3232
[Row   8]              -0.3232              -0.3232               0.3232
[Row   9]              -0.3232               0.3232              -0.3232
[Row  10]              -0.1572              -0.1572              -0.1572
[Row  11]               0.8419              -0.1572              -0.1572
[Row  12]              -0.1572               0.8419              -0.1572
[Row  13]              -0.1572              -0.1572               0.8419
===== P_mu,nu psi4 =====

                  [Col  1]              [Col  2]              [Col  3]              [Col  4]              [Col  5]              [Col  6]              [Col  7]              [Col  8]              [Col  9]              [Col 10]
[Row   1]               2.2225              -0.7147               0.0000              -0.0000               0.0000               0.0435              -0.0000              -0.0000               0.0000               0.0397
[Row   2]              -0.7147               2.2993              -0.0000               0.0000               0.0000              -0.2190              -0.0000              -0.0000              -0.0000              -0.1359
[Row   3]               0.0000              -0.0000               1.9822               0.0000               0.0000               0.0000              -0.0185              -0.0000               0.0000              -0.1595
[Row   4]              -0.0000               0.0000               0.0000               1.9822              -0.0000              -0.0000              -0.0000              -0.0185               0.0000              -0.1595
[Row   5]               0.0000               0.0000               0.0000              -0.0000               1.9822              -0.0000              -0.0000               0.0000              -0.0185              -0.1595
[Row   6]               0.0435              -0.2190               0.0000              -0.0000              -0.0000               0.8267              -0.0000               0.0000               0.0000               0.2739
[Row   7]              -0.0000              -0.0000              -0.0185              -0.0000              -0.0000              -0.0000               0.4370               0.0000               0.0000               0.3232
[Row   8]              -0.0000              -0.0000              -0.0000              -0.0185               0.0000               0.0000               0.0000               0.4370              -0.0000               0.3232
[Row   9]               0.0000              -0.0000               0.0000               0.0000              -0.0185               0.0000               0.0000              -0.0000               0.4370               0.3232
[Row  10]               0.0397              -0.1359              -0.1595              -0.1595              -0.1595               0.2739               0.3232               0.3232               0.3232               0.8419
[Row  11]               0.0397              -0.1359              -0.1595               0.1595               0.1595               0.2739               0.3232              -0.3232              -0.3232              -0.1572
[Row  12]               0.0397              -0.1359               0.1595               0.1595              -0.1595               0.2739              -0.3232              -0.3232               0.3232              -0.1572
[Row  13]               0.0397              -0.1359               0.1595              -0.1595               0.1595               0.2739              -0.3232               0.3232              -0.3232              -0.1572
                  [Col 11]              [Col 12]              [Col 13]
[Row   1]               0.0397               0.0397               0.0397
[Row   2]              -0.1359              -0.1359              -0.1359
[Row   3]              -0.1595               0.1595               0.1595
[Row   4]               0.1595               0.1595              -0.1595
[Row   5]               0.1595              -0.1595               0.1595
[Row   6]               0.2739               0.2739               0.2739
[Row   7]               0.3232              -0.3232              -0.3232
[Row   8]              -0.3232              -0.3232               0.3232
[Row   9]              -0.3232               0.3232              -0.3232
[Row  10]              -0.1572              -0.1572              -0.1572
[Row  11]               0.8419              -0.1572              -0.1572
[Row  12]              -0.1572               0.8419              -0.1572
[Row  13]              -0.1572              -0.1572               0.8419
====== P^(AO) = SPS =====

                  [Col  1]              [Col  2]              [Col  3]              [Col  4]              [Col  5]              [Col  6]              [Col  7]              [Col  8]              [Col  9]              [Col 10]
[Row   1]               2.0000               0.6286               0.0000              -0.0000               0.0000               0.0256               0.0000              -0.0000               0.0000               0.0146
[Row   2]               0.6286               1.9986              -0.0000               0.0000              -0.0000               0.5245               0.0000              -0.0000               0.0000               0.1039
[Row   3]               0.0000              -0.0000               1.9942              -0.0000               0.0000               0.0000               0.5946              -0.0000               0.0000               0.0179
[Row   4]              -0.0000               0.0000              -0.0000               1.9942              -0.0000               0.0000              -0.0000               0.5946              -0.0000               0.0179
[Row   5]               0.0000              -0.0000               0.0000              -0.0000               1.9942              -0.0000               0.0000              -0.0000               0.5946               0.0179
[Row   6]               0.0256               0.5245               0.0000               0.0000              -0.0000               1.8111               0.0000               0.0000               0.0000               0.9106
[Row   7]               0.0000               0.0000               0.5946              -0.0000               0.0000               0.0000               1.4241               0.0000               0.0000               0.7158
[Row   8]              -0.0000              -0.0000              -0.0000               0.5946              -0.0000               0.0000               0.0000               1.4241              -0.0000               0.7158
[Row   9]               0.0000               0.0000               0.0000              -0.0000               0.5946               0.0000               0.0000              -0.0000               1.4241               0.7158
[Row  10]               0.0146               0.1039               0.0179               0.0179               0.0179               0.9106               0.7158               0.7158               0.7158               1.6884
[Row  11]               0.0146               0.1039               0.0179              -0.0179              -0.0179               0.9106               0.7158              -0.7158              -0.7158               0.0684
[Row  12]               0.0146               0.1039              -0.0179              -0.0179               0.0179               0.9106              -0.7158              -0.7158               0.7158               0.0684
[Row  13]               0.0146               0.1039              -0.0179               0.0179              -0.0179               0.9106              -0.7158               0.7158              -0.7158               0.0684
                  [Col 11]              [Col 12]              [Col 13]
[Row   1]               0.0146               0.0146               0.0146
[Row   2]               0.1039               0.1039               0.1039
[Row   3]               0.0179              -0.0179              -0.0179
[Row   4]              -0.0179              -0.0179               0.0179
[Row   5]              -0.0179               0.0179              -0.0179
[Row   6]               0.9106               0.9106               0.9106
[Row   7]               0.7158              -0.7158              -0.7158
[Row   8]              -0.7158              -0.7158               0.7158
[Row   9]              -0.7158               0.7158              -0.7158
[Row  10]               0.0684               0.0684               0.0684
[Row  11]               1.6884               0.0684               0.0684
[Row  12]               0.0684               1.6884               0.0684
[Row  13]               0.0684               0.0684               1.6884
====== S^(AO) = S =====

                  [Col  1]              [Col  2]              [Col  3]              [Col  4]              [Col  5]              [Col  6]              [Col  7]              [Col  8]              [Col  9]              [Col 10]
[Row   1]               1.0000               0.3142               0.0000               0.0000               0.0000               0.0136               0.0000               0.0000               0.0000               0.0067
[Row   2]               0.3142               1.0000               0.0000               0.0000               0.0000               0.2542               0.0000               0.0000               0.0000               0.0582
[Row   3]               0.0000               0.0000               1.0000               0.0000               0.0000               0.0000               0.2685               0.0000               0.0000               0.0187
[Row   4]               0.0000               0.0000               0.0000               1.0000               0.0000               0.0000               0.0000               0.2685               0.0000               0.0187
[Row   5]               0.0000               0.0000               0.0000               0.0000               1.0000               0.0000               0.0000               0.0000               0.2685               0.0187
[Row   6]               0.0136               0.2542               0.0000               0.0000               0.0000               1.0000               0.0000               0.0000               0.0000               0.3824
[Row   7]               0.0000               0.0000               0.2685               0.0000               0.0000               0.0000               1.0000               0.0000               0.0000               0.2602
[Row   8]               0.0000               0.0000               0.0000               0.2685               0.0000               0.0000               0.0000               1.0000               0.0000               0.2602
[Row   9]               0.0000               0.0000               0.0000               0.0000               0.2685               0.0000               0.0000               0.0000               1.0000               0.2602
[Row  10]               0.0067               0.0582               0.0187               0.0187               0.0187               0.3824               0.2602               0.2602               0.2602               1.0000
[Row  11]               0.0067               0.0582               0.0187              -0.0187              -0.0187               0.3824               0.2602              -0.2602              -0.2602               0.0573
[Row  12]               0.0067               0.0582              -0.0187              -0.0187               0.0187               0.3824              -0.2602              -0.2602               0.2602               0.0573
[Row  13]               0.0067               0.0582              -0.0187               0.0187              -0.0187               0.3824              -0.2602               0.2602              -0.2602               0.0573
                  [Col 11]              [Col 12]              [Col 13]
[Row   1]               0.0067               0.0067               0.0067
[Row   2]               0.0582               0.0582               0.0582
[Row   3]               0.0187              -0.0187              -0.0187
[Row   4]              -0.0187              -0.0187               0.0187
[Row   5]              -0.0187               0.0187              -0.0187
[Row   6]               0.3824               0.3824               0.3824
[Row   7]               0.2602              -0.2602              -0.2602
[Row   8]              -0.2602              -0.2602               0.2602
[Row   9]              -0.2602               0.2602              -0.2602
[Row  10]               0.0573               0.0573               0.0573
[Row  11]               1.0000               0.0573               0.0573
[Row  12]               0.0573               1.0000               0.0573
[Row  13]               0.0573               0.0573               1.0000
====== P^(AO) std gaussian m_l ordering SPS =====

                  [Col  1]              [Col  2]              [Col  3]              [Col  4]              [Col  5]              [Col  6]              [Col  7]              [Col  8]              [Col  9]              [Col 10]
[Row   1]               2.0000               0.6286              -0.0000               0.0000               0.0000               0.0256              -0.0000               0.0000               0.0000               0.0146
[Row   2]               0.6286               1.9986               0.0000              -0.0000              -0.0000               0.5245              -0.0000               0.0000               0.0000               0.1039
[Row   3]              -0.0000               0.0000               1.9942              -0.0000              -0.0000               0.0000               0.5946              -0.0000              -0.0000               0.0179
[Row   4]               0.0000              -0.0000              -0.0000               1.9942               0.0000              -0.0000              -0.0000               0.5946               0.0000               0.0179
[Row   5]               0.0000              -0.0000              -0.0000               0.0000               1.9942               0.0000              -0.0000               0.0000               0.5946               0.0179
[Row   6]               0.0256               0.5245               0.0000              -0.0000               0.0000               1.8111               0.0000               0.0000               0.0000               0.9106
[Row   7]              -0.0000              -0.0000               0.5946              -0.0000              -0.0000               0.0000               1.4241              -0.0000               0.0000               0.7158
[Row   8]               0.0000               0.0000              -0.0000               0.5946               0.0000               0.0000              -0.0000               1.4241               0.0000               0.7158
[Row   9]               0.0000               0.0000              -0.0000               0.0000               0.5946               0.0000               0.0000               0.0000               1.4241               0.7158
[Row  10]               0.0146               0.1039               0.0179               0.0179               0.0179               0.9106               0.7158               0.7158               0.7158               1.6884
[Row  11]               0.0146               0.1039              -0.0179              -0.0179               0.0179               0.9106              -0.7158              -0.7158               0.7158               0.0684
[Row  12]               0.0146               0.1039              -0.0179               0.0179              -0.0179               0.9106              -0.7158               0.7158              -0.7158               0.0684
[Row  13]               0.0146               0.1039               0.0179              -0.0179              -0.0179               0.9106               0.7158              -0.7158              -0.7158               0.0684
                  [Col 11]              [Col 12]              [Col 13]
[Row   1]               0.0146               0.0146               0.0146
[Row   2]               0.1039               0.1039               0.1039
[Row   3]              -0.0179              -0.0179               0.0179
[Row   4]              -0.0179               0.0179              -0.0179
[Row   5]               0.0179              -0.0179              -0.0179
[Row   6]               0.9106               0.9106               0.9106
[Row   7]              -0.7158              -0.7158               0.7158
[Row   8]              -0.7158               0.7158              -0.7158
[Row   9]               0.7158              -0.7158              -0.7158
[Row  10]               0.0684               0.0684               0.0684
[Row  11]               1.6884               0.0684               0.0684
[Row  12]               0.0684               1.6884               0.0684
[Row  13]               0.0684               0.0684               1.6884
====== S^(AO) std gaussian m_l ordering =====

                  [Col  1]              [Col  2]              [Col  3]              [Col  4]              [Col  5]              [Col  6]              [Col  7]              [Col  8]              [Col  9]              [Col 10]
[Row   1]               1.0000               0.3142               0.0000               0.0000               0.0000               0.0136               0.0000               0.0000               0.0000               0.0067
[Row   2]               0.3142               1.0000               0.0000               0.0000               0.0000               0.2542               0.0000               0.0000               0.0000               0.0582
[Row   3]               0.0000               0.0000               1.0000               0.0000               0.0000               0.0000               0.2685               0.0000               0.0000               0.0187
[Row   4]               0.0000               0.0000               0.0000               1.0000               0.0000               0.0000               0.0000               0.2685               0.0000               0.0187
[Row   5]               0.0000               0.0000               0.0000               0.0000               1.0000               0.0000               0.0000               0.0000               0.2685               0.0187
[Row   6]               0.0136               0.2542               0.0000               0.0000               0.0000               1.0000               0.0000               0.0000               0.0000               0.3824
[Row   7]               0.0000               0.0000               0.2685               0.0000               0.0000               0.0000               1.0000               0.0000               0.0000               0.2602
[Row   8]               0.0000               0.0000               0.0000               0.2685               0.0000               0.0000               0.0000               1.0000               0.0000               0.2602
[Row   9]               0.0000               0.0000               0.0000               0.0000               0.2685               0.0000               0.0000               0.0000               1.0000               0.2602
[Row  10]               0.0067               0.0582               0.0187               0.0187               0.0187               0.3824               0.2602               0.2602               0.2602               1.0000
[Row  11]               0.0067               0.0582              -0.0187              -0.0187               0.0187               0.3824              -0.2602              -0.2602               0.2602               0.0573
[Row  12]               0.0067               0.0582              -0.0187               0.0187              -0.0187               0.3824              -0.2602               0.2602              -0.2602               0.0573
[Row  13]               0.0067               0.0582               0.0187              -0.0187              -0.0187               0.3824               0.2602              -0.2602              -0.2602               0.0573
                  [Col 11]              [Col 12]              [Col 13]
[Row   1]               0.0067               0.0067               0.0067
[Row   2]               0.0582               0.0582               0.0582
[Row   3]              -0.0187              -0.0187               0.0187
[Row   4]              -0.0187               0.0187              -0.0187
[Row   5]               0.0187              -0.0187              -0.0187
[Row   6]               0.3824               0.3824               0.3824
[Row   7]              -0.2602              -0.2602               0.2602
[Row   8]              -0.2602               0.2602              -0.2602
[Row   9]               0.2602              -0.2602              -0.2602
[Row  10]               0.0573               0.0573               0.0573
[Row  11]               1.0000               0.0573               0.0573
[Row  12]               0.0573               1.0000               0.0573
[Row  13]               0.0573               0.0573               1.0000
