molecule mol106.xyz
System:, atNum: 7 coords [              0.0000               0.0000               3.5449]
System:, atNum: 6 coords [              0.0000               0.0000               1.3050]
System:, atNum: 6 coords [              0.0000               0.0000              -1.3050]
System:, atNum: 7 coords [              0.0000               0.0000              -3.5449]
===== Original AO-S matrix =====

                  [Col  1]              [Col  2]              [Col  3]              [Col  4]              [Col  5]              [Col  6]              [Col  7]              [Col  8]              [Col  9]              [Col 10]
[Row   1]               1.0000               0.2350               0.0000               0.0000               0.0000               0.0000               0.0483               0.0814               0.0000               0.0000
[Row   2]               0.2350               1.0000               0.0000               0.0000               0.0000               0.0520               0.4348               0.4665               0.0000               0.0000
[Row   3]               0.0000               0.0000               1.0000               0.0000               0.0000              -0.0861              -0.3997              -0.3181               0.0000               0.0000
[Row   4]               0.0000               0.0000               0.0000               1.0000               0.0000               0.0000               0.0000               0.0000               0.2698               0.0000
[Row   5]               0.0000               0.0000               0.0000               0.0000               1.0000               0.0000               0.0000               0.0000               0.0000               0.2698
[Row   6]               0.0000               0.0520              -0.0861               0.0000               0.0000               1.0000               0.2484               0.0000               0.0000               0.0000
[Row   7]               0.0483               0.4348              -0.3997               0.0000               0.0000               0.2484               1.0000              -0.0000               0.0000               0.0000
[Row   8]               0.0814               0.4665              -0.3181               0.0000               0.0000               0.0000              -0.0000               1.0000               0.0000               0.0000
[Row   9]               0.0000               0.0000               0.0000               0.2698               0.0000               0.0000               0.0000               0.0000               1.0000               0.0000
[Row  10]               0.0000               0.0000               0.0000               0.0000               0.2698               0.0000               0.0000               0.0000               0.0000               1.0000
[Row  11]               0.0000               0.0003              -0.0009               0.0000               0.0000               0.0000               0.0392              -0.0651               0.0000               0.0000
[Row  12]               0.0008               0.0306              -0.0457               0.0000               0.0000               0.0392               0.3741              -0.3947               0.0000               0.0000
[Row  13]               0.0019               0.0507              -0.0701               0.0000               0.0000               0.0651               0.3947              -0.3284               0.0000               0.0000
[Row  14]               0.0000               0.0000               0.0000               0.0119               0.0000               0.0000               0.0000               0.0000               0.2204               0.0000
[Row  15]               0.0000               0.0000               0.0000               0.0000               0.0119               0.0000               0.0000               0.0000               0.0000               0.2204
[Row  16]               0.0000               0.0000              -0.0000               0.0000               0.0000               0.0000               0.0008              -0.0019               0.0000               0.0000
[Row  17]               0.0000               0.0004              -0.0008               0.0000               0.0000               0.0003               0.0306              -0.0507               0.0000               0.0000
[Row  18]               0.0000               0.0008              -0.0017               0.0000               0.0000               0.0009               0.0457              -0.0701               0.0000               0.0000
[Row  19]               0.0000               0.0000               0.0000               0.0001               0.0000               0.0000               0.0000               0.0000               0.0119               0.0000
[Row  20]               0.0000               0.0000               0.0000               0.0000               0.0001               0.0000               0.0000               0.0000               0.0000               0.0119
                  [Col 11]              [Col 12]              [Col 13]              [Col 14]              [Col 15]              [Col 16]              [Col 17]              [Col 18]              [Col 19]              [Col 20]
[Row   1]               0.0000               0.0008               0.0019               0.0000               0.0000               0.0000               0.0000               0.0000               0.0000               0.0000
[Row   2]               0.0003               0.0306               0.0507               0.0000               0.0000               0.0000               0.0004               0.0008               0.0000               0.0000
[Row   3]              -0.0009              -0.0457              -0.0701               0.0000               0.0000              -0.0000              -0.0008              -0.0017               0.0000               0.0000
[Row   4]               0.0000               0.0000               0.0000               0.0119               0.0000               0.0000               0.0000               0.0000               0.0001               0.0000
[Row   5]               0.0000               0.0000               0.0000               0.0000               0.0119               0.0000               0.0000               0.0000               0.0000               0.0001
[Row   6]               0.0000               0.0392               0.0651               0.0000               0.0000               0.0000               0.0003               0.0009               0.0000               0.0000
[Row   7]               0.0392               0.3741               0.3947               0.0000               0.0000               0.0008               0.0306               0.0457               0.0000               0.0000
[Row   8]              -0.0651              -0.3947              -0.3284               0.0000               0.0000              -0.0019              -0.0507              -0.0701               0.0000               0.0000
[Row   9]               0.0000               0.0000               0.0000               0.2204               0.0000               0.0000               0.0000               0.0000               0.0119               0.0000
[Row  10]               0.0000               0.0000               0.0000               0.0000               0.2204               0.0000               0.0000               0.0000               0.0000               0.0119
[Row  11]               1.0000               0.2484              -0.0000               0.0000               0.0000               0.0000               0.0520               0.0861               0.0000               0.0000
[Row  12]               0.2484               1.0000               0.0000               0.0000               0.0000               0.0483               0.4348               0.3997               0.0000               0.0000
[Row  13]              -0.0000               0.0000               1.0000               0.0000               0.0000              -0.0814              -0.4665              -0.3181               0.0000               0.0000
[Row  14]               0.0000               0.0000               0.0000               1.0000               0.0000               0.0000               0.0000               0.0000               0.2698               0.0000
[Row  15]               0.0000               0.0000               0.0000               0.0000               1.0000               0.0000               0.0000               0.0000               0.0000               0.2698
[Row  16]               0.0000               0.0483              -0.0814               0.0000               0.0000               1.0000               0.2350              -0.0000               0.0000               0.0000
[Row  17]               0.0520               0.4348              -0.4665               0.0000               0.0000               0.2350               1.0000              -0.0000               0.0000               0.0000
[Row  18]               0.0861               0.3997              -0.3181               0.0000               0.0000              -0.0000              -0.0000               1.0000               0.0000               0.0000
[Row  19]               0.0000               0.0000               0.0000               0.2698               0.0000               0.0000               0.0000               0.0000               1.0000               0.0000
[Row  20]               0.0000               0.0000               0.0000               0.0000               0.2698               0.0000               0.0000               0.0000               0.0000               1.0000
nbas 20
 ===== CA ===== 

                  [Col  1]              [Col  2]              [Col  3]              [Col  4]              [Col  5]              [Col  6]              [Col  7]              [Col  8]              [Col  9]              [Col 10]
[Row   1]               0.7029               0.7029               0.0003               0.0002               0.1333               0.1452               0.0789               0.1052              -0.0000              -0.0000
[Row   2]               0.0205               0.0202               0.0043               0.0045              -0.4287              -0.4566              -0.2563              -0.5241               0.0000               0.0000
[Row   3]              -0.0059              -0.0057              -0.0011              -0.0013               0.1543               0.1544              -0.0028              -0.4537               0.0000               0.0000
[Row   4]               0.0000              -0.0000               0.0000              -0.0000               0.0000               0.0000               0.0000               0.0000               0.3706               0.0278
[Row   5]               0.0000              -0.0000              -0.0000               0.0000              -0.0000               0.0000              -0.0000               0.0000              -0.0278               0.3706
[Row   6]               0.0003               0.0003              -0.7023              -0.7018               0.1328               0.1022              -0.1218              -0.0841               0.0000               0.0000
[Row   7]              -0.0067              -0.0070              -0.0178              -0.0269              -0.3107              -0.2075               0.3481               0.2703              -0.0000              -0.0000
[Row   8]              -0.0055              -0.0049              -0.0028               0.0027              -0.0760              -0.1898              -0.3738               0.1426              -0.0000              -0.0000
[Row   9]               0.0000              -0.0000               0.0000               0.0000               0.0000               0.0000              -0.0000               0.0000               0.4642               0.0349
[Row  10]               0.0000              -0.0000               0.0000              -0.0000               0.0000              -0.0000               0.0000               0.0000              -0.0349               0.4642
[Row  11]              -0.0003               0.0003              -0.7023               0.7018               0.1328              -0.1022              -0.1218               0.0841               0.0000              -0.0000
[Row  12]               0.0067              -0.0070              -0.0178               0.0269              -0.3107               0.2075               0.3481              -0.2703              -0.0000               0.0000
[Row  13]              -0.0055               0.0049               0.0028               0.0027               0.0760              -0.1898               0.3738               0.1426               0.0000               0.0000
[Row  14]               0.0000              -0.0000              -0.0000               0.0000              -0.0000              -0.0000               0.0000               0.0000               0.4642               0.0349
[Row  15]              -0.0000               0.0000              -0.0000              -0.0000               0.0000              -0.0000               0.0000               0.0000              -0.0349               0.4642
[Row  16]              -0.7029               0.7029               0.0003              -0.0002               0.1333              -0.1452               0.0789              -0.1052              -0.0000              -0.0000
[Row  17]              -0.0205               0.0202               0.0043              -0.0045              -0.4287               0.4566              -0.2563               0.5241               0.0000               0.0000
[Row  18]              -0.0059               0.0057               0.0011              -0.0013              -0.1543               0.1544               0.0028              -0.4537              -0.0000              -0.0000
[Row  19]              -0.0000              -0.0000               0.0000               0.0000               0.0000              -0.0000              -0.0000               0.0000               0.3706               0.0278
[Row  20]               0.0000               0.0000               0.0000               0.0000               0.0000               0.0000              -0.0000               0.0000              -0.0278               0.3706
                  [Col 11]              [Col 12]              [Col 13]              [Col 14]              [Col 15]              [Col 16]              [Col 17]              [Col 18]              [Col 19]              [Col 20]
[Row   1]               0.0906               0.0000              -0.0000               0.0000               0.0000              -0.0000              -0.0000               0.0570               0.0938               0.0771
[Row   2]              -0.4792              -0.0000               0.0000              -0.0000              -0.0000               0.0000               0.0000              -0.3502              -0.8301              -0.8007
[Row   3]              -0.4807              -0.0000               0.0000              -0.0000               0.0000              -0.0000              -0.0000               0.4609               0.7945               0.6972
[Row   4]               0.0000               0.5126               0.0000               0.6298              -0.0010               0.5329               0.0015               0.0000              -0.0000               0.0000
[Row   5]               0.0000              -0.0000               0.5126               0.0010               0.6298              -0.0015               0.5329               0.0000              -0.0000               0.0000
[Row   6]              -0.0366              -0.0000               0.0000              -0.0000              -0.0000               0.0000               0.0000              -0.1913              -0.0976               0.0023
[Row   7]               0.1209               0.0000              -0.0000               0.0000               0.0000              -0.0000              -0.0000               1.2413               0.8939               0.0480
[Row   8]               0.2736               0.0000               0.0000              -0.0000               0.0000               0.0000               0.0000              -0.3549               0.8017               1.3647
[Row   9]               0.0000               0.4076               0.0000              -0.4706               0.0007              -0.7315              -0.0020              -0.0000              -0.0000              -0.0000
[Row  10]               0.0000              -0.0000               0.4076              -0.0007              -0.4706               0.0020              -0.7315              -0.0000               0.0000              -0.0000
[Row  11]              -0.0366               0.0000              -0.0000               0.0000              -0.0000              -0.0000              -0.0000               0.1913              -0.0976              -0.0023
[Row  12]               0.1209              -0.0000               0.0000              -0.0000               0.0000               0.0000               0.0000              -1.2413               0.8939              -0.0480
[Row  13]              -0.2736              -0.0000              -0.0000              -0.0000              -0.0000               0.0000              -0.0000              -0.3549              -0.8017               1.3647
[Row  14]               0.0000              -0.4076              -0.0000              -0.4706               0.0007               0.7315               0.0020               0.0000               0.0000              -0.0000
[Row  15]               0.0000               0.0000              -0.4076              -0.0007              -0.4706              -0.0020               0.7315               0.0000              -0.0000               0.0000
[Row  16]               0.0906              -0.0000               0.0000              -0.0000               0.0000               0.0000               0.0000              -0.0570               0.0938              -0.0771
[Row  17]              -0.4792               0.0000              -0.0000              -0.0000              -0.0000              -0.0000              -0.0000               0.3502              -0.8301               0.8007
[Row  18]               0.4807              -0.0000               0.0000              -0.0000              -0.0000              -0.0000              -0.0000               0.4609              -0.7945               0.6972
[Row  19]               0.0000              -0.5126              -0.0000               0.6298              -0.0010              -0.5329              -0.0015              -0.0000              -0.0000               0.0000
[Row  20]               0.0000               0.0000              -0.5126               0.0010               0.6298               0.0015              -0.5329              -0.0000              -0.0000               0.0000
 ===== CB ===== 

                  [Col  1]              [Col  2]              [Col  3]              [Col  4]              [Col  5]              [Col  6]              [Col  7]              [Col  8]              [Col  9]              [Col 10]
[Row   1]               0.7029               0.7029               0.0003               0.0002               0.1333               0.1452               0.0789               0.1052              -0.0000              -0.0000
[Row   2]               0.0205               0.0202               0.0043               0.0045              -0.4287              -0.4566              -0.2563              -0.5241               0.0000               0.0000
[Row   3]              -0.0059              -0.0057              -0.0011              -0.0013               0.1543               0.1544              -0.0028              -0.4537               0.0000               0.0000
[Row   4]               0.0000              -0.0000               0.0000              -0.0000               0.0000               0.0000               0.0000               0.0000               0.3706               0.0278
[Row   5]               0.0000              -0.0000              -0.0000               0.0000              -0.0000               0.0000              -0.0000               0.0000              -0.0278               0.3706
[Row   6]               0.0003               0.0003              -0.7023              -0.7018               0.1328               0.1022              -0.1218              -0.0841               0.0000               0.0000
[Row   7]              -0.0067              -0.0070              -0.0178              -0.0269              -0.3107              -0.2075               0.3481               0.2703              -0.0000              -0.0000
[Row   8]              -0.0055              -0.0049              -0.0028               0.0027              -0.0760              -0.1898              -0.3738               0.1426              -0.0000              -0.0000
[Row   9]               0.0000              -0.0000               0.0000               0.0000               0.0000               0.0000              -0.0000               0.0000               0.4642               0.0349
[Row  10]               0.0000              -0.0000               0.0000              -0.0000               0.0000              -0.0000               0.0000               0.0000              -0.0349               0.4642
[Row  11]              -0.0003               0.0003              -0.7023               0.7018               0.1328              -0.1022              -0.1218               0.0841               0.0000              -0.0000
[Row  12]               0.0067              -0.0070              -0.0178               0.0269              -0.3107               0.2075               0.3481              -0.2703              -0.0000               0.0000
[Row  13]              -0.0055               0.0049               0.0028               0.0027               0.0760              -0.1898               0.3738               0.1426               0.0000               0.0000
[Row  14]               0.0000              -0.0000              -0.0000               0.0000              -0.0000              -0.0000               0.0000               0.0000               0.4642               0.0349
[Row  15]              -0.0000               0.0000              -0.0000              -0.0000               0.0000              -0.0000               0.0000               0.0000              -0.0349               0.4642
[Row  16]              -0.7029               0.7029               0.0003              -0.0002               0.1333              -0.1452               0.0789              -0.1052              -0.0000              -0.0000
[Row  17]              -0.0205               0.0202               0.0043              -0.0045              -0.4287               0.4566              -0.2563               0.5241               0.0000               0.0000
[Row  18]              -0.0059               0.0057               0.0011              -0.0013              -0.1543               0.1544               0.0028              -0.4537              -0.0000              -0.0000
[Row  19]              -0.0000              -0.0000               0.0000               0.0000               0.0000              -0.0000              -0.0000               0.0000               0.3706               0.0278
[Row  20]               0.0000               0.0000               0.0000               0.0000               0.0000               0.0000              -0.0000               0.0000              -0.0278               0.3706
                  [Col 11]              [Col 12]              [Col 13]              [Col 14]              [Col 15]              [Col 16]              [Col 17]              [Col 18]              [Col 19]              [Col 20]
[Row   1]               0.0906               0.0000              -0.0000               0.0000               0.0000              -0.0000              -0.0000               0.0570               0.0938               0.0771
[Row   2]              -0.4792              -0.0000               0.0000              -0.0000              -0.0000               0.0000               0.0000              -0.3502              -0.8301              -0.8007
[Row   3]              -0.4807              -0.0000               0.0000              -0.0000               0.0000              -0.0000              -0.0000               0.4609               0.7945               0.6972
[Row   4]               0.0000               0.5126               0.0000               0.6298              -0.0010               0.5329               0.0015               0.0000              -0.0000               0.0000
[Row   5]               0.0000              -0.0000               0.5126               0.0010               0.6298              -0.0015               0.5329               0.0000              -0.0000               0.0000
[Row   6]              -0.0366              -0.0000               0.0000              -0.0000              -0.0000               0.0000               0.0000              -0.1913              -0.0976               0.0023
[Row   7]               0.1209               0.0000              -0.0000               0.0000               0.0000              -0.0000              -0.0000               1.2413               0.8939               0.0480
[Row   8]               0.2736               0.0000               0.0000              -0.0000               0.0000               0.0000               0.0000              -0.3549               0.8017               1.3647
[Row   9]               0.0000               0.4076               0.0000              -0.4706               0.0007              -0.7315              -0.0020              -0.0000              -0.0000              -0.0000
[Row  10]               0.0000              -0.0000               0.4076              -0.0007              -0.4706               0.0020              -0.7315              -0.0000               0.0000              -0.0000
[Row  11]              -0.0366               0.0000              -0.0000               0.0000              -0.0000              -0.0000              -0.0000               0.1913              -0.0976              -0.0023
[Row  12]               0.1209              -0.0000               0.0000              -0.0000               0.0000               0.0000               0.0000              -1.2413               0.8939              -0.0480
[Row  13]              -0.2736              -0.0000              -0.0000              -0.0000              -0.0000               0.0000              -0.0000              -0.3549              -0.8017               1.3647
[Row  14]               0.0000              -0.4076              -0.0000              -0.4706               0.0007               0.7315               0.0020               0.0000               0.0000              -0.0000
[Row  15]               0.0000               0.0000              -0.4076              -0.0007              -0.4706              -0.0020               0.7315               0.0000              -0.0000               0.0000
[Row  16]               0.0906              -0.0000               0.0000              -0.0000               0.0000               0.0000               0.0000              -0.0570               0.0938              -0.0771
[Row  17]              -0.4792               0.0000              -0.0000              -0.0000              -0.0000              -0.0000              -0.0000               0.3502              -0.8301               0.8007
[Row  18]               0.4807              -0.0000               0.0000              -0.0000              -0.0000              -0.0000              -0.0000               0.4609              -0.7945               0.6972
[Row  19]               0.0000              -0.5126              -0.0000               0.6298              -0.0010              -0.5329              -0.0015              -0.0000              -0.0000               0.0000
[Row  20]               0.0000               0.0000              -0.5126               0.0010               0.6298               0.0015              -0.5329              -0.0000              -0.0000               0.0000
 ===== P_psi ===== Dalpha+Dbeta 

                  [Col  1]              [Col  2]              [Col  3]              [Col  4]              [Col  5]              [Col  6]              [Col  7]              [Col  8]              [Col  9]              [Col 10]
[Row   1]               2.1050              -0.4272              -0.1133               0.0000               0.0000               0.0218              -0.0285              -0.0693               0.0000               0.0000
[Row   2]              -0.4272               1.9266               0.6641               0.0000              -0.0000              -0.0339              -0.1228               0.0179              -0.0000              -0.0000
[Row   3]              -0.1133               0.6641               0.9693               0.0000              -0.0000               0.1880              -0.5232              -0.4724               0.0000               0.0000
[Row   4]               0.0000               0.0000               0.0000               0.8016               0.0000              -0.0000               0.0000              -0.0000               0.7638              -0.0000
[Row   5]               0.0000              -0.0000              -0.0000               0.0000               0.8016              -0.0000               0.0000               0.0000              -0.0000               0.7638
[Row   6]               0.0218              -0.0339               0.1880              -0.0000              -0.0000               2.0741              -0.2013              -0.0118              -0.0000              -0.0000
[Row   7]              -0.0285              -0.1228              -0.5232               0.0000               0.0000              -0.2013               0.6991               0.0092               0.0000               0.0000
[Row   8]              -0.0693               0.0179              -0.4724              -0.0000               0.0000              -0.0118               0.0092               0.5537               0.0000              -0.0000
[Row   9]               0.0000              -0.0000               0.0000               0.7638              -0.0000              -0.0000               0.0000               0.0000               0.7656              -0.0000
[Row  10]               0.0000              -0.0000               0.0000              -0.0000               0.7638              -0.0000               0.0000              -0.0000              -0.0000               0.7656
[Row  11]              -0.0026              -0.0110              -0.0313              -0.0000               0.0000               0.0339              -0.1010               0.1214               0.0000               0.0000
[Row  12]              -0.0030               0.0660               0.0953               0.0000               0.0000              -0.1010               0.2315              -0.3025              -0.0000              -0.0000
[Row  13]               0.0038               0.0293               0.0964              -0.0000              -0.0000              -0.1214               0.3025              -0.3280              -0.0000               0.0000
[Row  14]              -0.0000              -0.0000              -0.0000              -0.0719              -0.0000              -0.0000               0.0000               0.0000               0.1011               0.0000
[Row  15]              -0.0000               0.0000              -0.0000              -0.0000              -0.0719               0.0000               0.0000              -0.0000               0.0000               0.1011
[Row  16]               0.0002               0.0009               0.0045              -0.0000              -0.0000              -0.0026              -0.0030              -0.0038              -0.0000              -0.0000
[Row  17]               0.0009              -0.0080              -0.0048               0.0000               0.0000              -0.0110               0.0660              -0.0293              -0.0000               0.0000
[Row  18]              -0.0045               0.0048              -0.0503               0.0000              -0.0000               0.0313              -0.0953               0.0964               0.0000              -0.0000
[Row  19]              -0.0000               0.0000               0.0000              -0.2493               0.0000               0.0000              -0.0000               0.0000              -0.0719               0.0000
[Row  20]               0.0000               0.0000              -0.0000              -0.0000              -0.2493              -0.0000              -0.0000              -0.0000               0.0000              -0.0719
                  [Col 11]              [Col 12]              [Col 13]              [Col 14]              [Col 15]              [Col 16]              [Col 17]              [Col 18]              [Col 19]              [Col 20]
[Row   1]              -0.0026              -0.0030               0.0038              -0.0000              -0.0000               0.0002               0.0009              -0.0045              -0.0000               0.0000
[Row   2]              -0.0110               0.0660               0.0293              -0.0000               0.0000               0.0009              -0.0080               0.0048               0.0000               0.0000
[Row   3]              -0.0313               0.0953               0.0964              -0.0000              -0.0000               0.0045              -0.0048              -0.0503               0.0000              -0.0000
[Row   4]              -0.0000               0.0000              -0.0000              -0.0719              -0.0000              -0.0000               0.0000               0.0000              -0.2493              -0.0000
[Row   5]               0.0000               0.0000              -0.0000              -0.0000              -0.0719              -0.0000               0.0000              -0.0000               0.0000              -0.2493
[Row   6]               0.0339              -0.1010              -0.1214              -0.0000               0.0000              -0.0026              -0.0110               0.0313               0.0000              -0.0000
[Row   7]              -0.1010               0.2315               0.3025               0.0000               0.0000              -0.0030               0.0660              -0.0953              -0.0000              -0.0000
[Row   8]               0.1214              -0.3025              -0.3280               0.0000              -0.0000              -0.0038              -0.0293               0.0964               0.0000              -0.0000
[Row   9]               0.0000              -0.0000              -0.0000               0.1011               0.0000              -0.0000              -0.0000               0.0000              -0.0719               0.0000
[Row  10]               0.0000              -0.0000               0.0000               0.0000               0.1011              -0.0000               0.0000              -0.0000               0.0000              -0.0719
[Row  11]               2.0741              -0.2013               0.0118               0.0000              -0.0000               0.0218              -0.0339              -0.1880              -0.0000               0.0000
[Row  12]              -0.2013               0.6991              -0.0092               0.0000              -0.0000              -0.0285              -0.1228               0.5232               0.0000              -0.0000
[Row  13]               0.0118              -0.0092               0.5537               0.0000              -0.0000               0.0693              -0.0179              -0.4724               0.0000              -0.0000
[Row  14]               0.0000               0.0000               0.0000               0.7656               0.0000              -0.0000               0.0000              -0.0000               0.7638               0.0000
[Row  15]              -0.0000              -0.0000              -0.0000               0.0000               0.7656               0.0000               0.0000               0.0000              -0.0000               0.7638
[Row  16]               0.0218              -0.0285               0.0693              -0.0000               0.0000               2.1050              -0.4272               0.1133               0.0000              -0.0000
[Row  17]              -0.0339              -0.1228              -0.0179               0.0000               0.0000              -0.4272               1.9266              -0.6641              -0.0000               0.0000
[Row  18]              -0.1880               0.5232              -0.4724              -0.0000               0.0000               0.1133              -0.6641               0.9693              -0.0000              -0.0000
[Row  19]              -0.0000               0.0000               0.0000               0.7638              -0.0000               0.0000              -0.0000              -0.0000               0.8016              -0.0000
[Row  20]               0.0000              -0.0000              -0.0000               0.0000               0.7638              -0.0000               0.0000              -0.0000              -0.0000               0.8016
===== P_mu,nu local =====

                  [Col  1]              [Col  2]              [Col  3]              [Col  4]              [Col  5]              [Col  6]              [Col  7]              [Col  8]              [Col  9]              [Col 10]
[Row   1]               2.1050              -0.4272              -0.1133               0.0000               0.0000               0.0218              -0.0285              -0.0693               0.0000               0.0000
[Row   2]              -0.4272               1.9266               0.6641               0.0000              -0.0000              -0.0339              -0.1228               0.0179              -0.0000              -0.0000
[Row   3]              -0.1133               0.6641               0.9693               0.0000              -0.0000               0.1880              -0.5232              -0.4724               0.0000               0.0000
[Row   4]               0.0000               0.0000               0.0000               0.8016               0.0000              -0.0000               0.0000              -0.0000               0.7638              -0.0000
[Row   5]               0.0000              -0.0000              -0.0000               0.0000               0.8016              -0.0000               0.0000               0.0000              -0.0000               0.7638
[Row   6]               0.0218              -0.0339               0.1880              -0.0000              -0.0000               2.0741              -0.2013              -0.0118              -0.0000              -0.0000
[Row   7]              -0.0285              -0.1228              -0.5232               0.0000               0.0000              -0.2013               0.6991               0.0092               0.0000               0.0000
[Row   8]              -0.0693               0.0179              -0.4724              -0.0000               0.0000              -0.0118               0.0092               0.5537               0.0000              -0.0000
[Row   9]               0.0000              -0.0000               0.0000               0.7638              -0.0000              -0.0000               0.0000               0.0000               0.7656              -0.0000
[Row  10]               0.0000              -0.0000               0.0000              -0.0000               0.7638              -0.0000               0.0000              -0.0000              -0.0000               0.7656
[Row  11]              -0.0026              -0.0110              -0.0313              -0.0000               0.0000               0.0339              -0.1010               0.1214               0.0000               0.0000
[Row  12]              -0.0030               0.0660               0.0953               0.0000               0.0000              -0.1010               0.2315              -0.3025              -0.0000              -0.0000
[Row  13]               0.0038               0.0293               0.0964              -0.0000              -0.0000              -0.1214               0.3025              -0.3280              -0.0000               0.0000
[Row  14]              -0.0000              -0.0000              -0.0000              -0.0719              -0.0000              -0.0000               0.0000               0.0000               0.1011               0.0000
[Row  15]              -0.0000               0.0000              -0.0000              -0.0000              -0.0719               0.0000               0.0000              -0.0000               0.0000               0.1011
[Row  16]               0.0002               0.0009               0.0045              -0.0000              -0.0000              -0.0026              -0.0030              -0.0038              -0.0000              -0.0000
[Row  17]               0.0009              -0.0080              -0.0048               0.0000               0.0000              -0.0110               0.0660              -0.0293              -0.0000               0.0000
[Row  18]              -0.0045               0.0048              -0.0503               0.0000              -0.0000               0.0313              -0.0953               0.0964               0.0000              -0.0000
[Row  19]              -0.0000               0.0000               0.0000              -0.2493               0.0000               0.0000              -0.0000               0.0000              -0.0719               0.0000
[Row  20]               0.0000               0.0000              -0.0000              -0.0000              -0.2493              -0.0000              -0.0000              -0.0000               0.0000              -0.0719
                  [Col 11]              [Col 12]              [Col 13]              [Col 14]              [Col 15]              [Col 16]              [Col 17]              [Col 18]              [Col 19]              [Col 20]
[Row   1]              -0.0026              -0.0030               0.0038              -0.0000              -0.0000               0.0002               0.0009              -0.0045              -0.0000               0.0000
[Row   2]              -0.0110               0.0660               0.0293              -0.0000               0.0000               0.0009              -0.0080               0.0048               0.0000               0.0000
[Row   3]              -0.0313               0.0953               0.0964              -0.0000              -0.0000               0.0045              -0.0048              -0.0503               0.0000              -0.0000
[Row   4]              -0.0000               0.0000              -0.0000              -0.0719              -0.0000              -0.0000               0.0000               0.0000              -0.2493              -0.0000
[Row   5]               0.0000               0.0000              -0.0000              -0.0000              -0.0719              -0.0000               0.0000              -0.0000               0.0000              -0.2493
[Row   6]               0.0339              -0.1010              -0.1214              -0.0000               0.0000              -0.0026              -0.0110               0.0313               0.0000              -0.0000
[Row   7]              -0.1010               0.2315               0.3025               0.0000               0.0000              -0.0030               0.0660              -0.0953              -0.0000              -0.0000
[Row   8]               0.1214              -0.3025              -0.3280               0.0000              -0.0000              -0.0038              -0.0293               0.0964               0.0000              -0.0000
[Row   9]               0.0000              -0.0000              -0.0000               0.1011               0.0000              -0.0000              -0.0000               0.0000              -0.0719               0.0000
[Row  10]               0.0000              -0.0000               0.0000               0.0000               0.1011              -0.0000               0.0000              -0.0000               0.0000              -0.0719
[Row  11]               2.0741              -0.2013               0.0118               0.0000              -0.0000               0.0218              -0.0339              -0.1880              -0.0000               0.0000
[Row  12]              -0.2013               0.6991              -0.0092               0.0000              -0.0000              -0.0285              -0.1228               0.5232               0.0000              -0.0000
[Row  13]               0.0118              -0.0092               0.5537               0.0000              -0.0000               0.0693              -0.0179              -0.4724               0.0000              -0.0000
[Row  14]               0.0000               0.0000               0.0000               0.7656               0.0000              -0.0000               0.0000              -0.0000               0.7638               0.0000
[Row  15]              -0.0000              -0.0000              -0.0000               0.0000               0.7656               0.0000               0.0000               0.0000              -0.0000               0.7638
[Row  16]               0.0218              -0.0285               0.0693              -0.0000               0.0000               2.1050              -0.4272               0.1133               0.0000              -0.0000
[Row  17]              -0.0339              -0.1228              -0.0179               0.0000               0.0000              -0.4272               1.9266              -0.6641              -0.0000               0.0000
[Row  18]              -0.1880               0.5232              -0.4724              -0.0000               0.0000               0.1133              -0.6641               0.9693              -0.0000              -0.0000
[Row  19]              -0.0000               0.0000               0.0000               0.7638              -0.0000               0.0000              -0.0000              -0.0000               0.8016              -0.0000
[Row  20]               0.0000              -0.0000              -0.0000               0.0000               0.7638              -0.0000               0.0000              -0.0000              -0.0000               0.8016
===== P_mu,nu psi4 =====

                  [Col  1]              [Col  2]              [Col  3]              [Col  4]              [Col  5]              [Col  6]              [Col  7]              [Col  8]              [Col  9]              [Col 10]
[Row   1]               2.1050              -0.4272              -0.1133               0.0000               0.0000               0.0218              -0.0285              -0.0693               0.0000               0.0000
[Row   2]              -0.4272               1.9266               0.6641               0.0000              -0.0000              -0.0339              -0.1228               0.0179              -0.0000              -0.0000
[Row   3]              -0.1133               0.6641               0.9693               0.0000              -0.0000               0.1880              -0.5232              -0.4724               0.0000               0.0000
[Row   4]               0.0000               0.0000               0.0000               0.8016               0.0000              -0.0000               0.0000              -0.0000               0.7638              -0.0000
[Row   5]               0.0000              -0.0000              -0.0000               0.0000               0.8016              -0.0000               0.0000               0.0000              -0.0000               0.7638
[Row   6]               0.0218              -0.0339               0.1880              -0.0000              -0.0000               2.0741              -0.2013              -0.0118              -0.0000              -0.0000
[Row   7]              -0.0285              -0.1228              -0.5232               0.0000               0.0000              -0.2013               0.6991               0.0092               0.0000               0.0000
[Row   8]              -0.0693               0.0179              -0.4724              -0.0000               0.0000              -0.0118               0.0092               0.5537               0.0000              -0.0000
[Row   9]               0.0000              -0.0000               0.0000               0.7638              -0.0000              -0.0000               0.0000               0.0000               0.7656              -0.0000
[Row  10]               0.0000              -0.0000               0.0000              -0.0000               0.7638              -0.0000               0.0000              -0.0000              -0.0000               0.7656
[Row  11]              -0.0026              -0.0110              -0.0313              -0.0000               0.0000               0.0339              -0.1010               0.1214               0.0000               0.0000
[Row  12]              -0.0030               0.0660               0.0953               0.0000               0.0000              -0.1010               0.2315              -0.3025              -0.0000              -0.0000
[Row  13]               0.0038               0.0293               0.0964              -0.0000              -0.0000              -0.1214               0.3025              -0.3280              -0.0000               0.0000
[Row  14]              -0.0000              -0.0000              -0.0000              -0.0719              -0.0000              -0.0000               0.0000               0.0000               0.1011               0.0000
[Row  15]              -0.0000               0.0000              -0.0000              -0.0000              -0.0719               0.0000               0.0000              -0.0000               0.0000               0.1011
[Row  16]               0.0002               0.0009               0.0045              -0.0000              -0.0000              -0.0026              -0.0030              -0.0038              -0.0000              -0.0000
[Row  17]               0.0009              -0.0080              -0.0048               0.0000               0.0000              -0.0110               0.0660              -0.0293              -0.0000               0.0000
[Row  18]              -0.0045               0.0048              -0.0503               0.0000              -0.0000               0.0313              -0.0953               0.0964               0.0000              -0.0000
[Row  19]              -0.0000               0.0000               0.0000              -0.2493               0.0000               0.0000              -0.0000               0.0000              -0.0719               0.0000
[Row  20]               0.0000               0.0000              -0.0000              -0.0000              -0.2493              -0.0000              -0.0000              -0.0000               0.0000              -0.0719
                  [Col 11]              [Col 12]              [Col 13]              [Col 14]              [Col 15]              [Col 16]              [Col 17]              [Col 18]              [Col 19]              [Col 20]
[Row   1]              -0.0026              -0.0030               0.0038              -0.0000              -0.0000               0.0002               0.0009              -0.0045              -0.0000               0.0000
[Row   2]              -0.0110               0.0660               0.0293              -0.0000               0.0000               0.0009              -0.0080               0.0048               0.0000               0.0000
[Row   3]              -0.0313               0.0953               0.0964              -0.0000              -0.0000               0.0045              -0.0048              -0.0503               0.0000              -0.0000
[Row   4]              -0.0000               0.0000              -0.0000              -0.0719              -0.0000              -0.0000               0.0000               0.0000              -0.2493              -0.0000
[Row   5]               0.0000               0.0000              -0.0000              -0.0000              -0.0719              -0.0000               0.0000              -0.0000               0.0000              -0.2493
[Row   6]               0.0339              -0.1010              -0.1214              -0.0000               0.0000              -0.0026              -0.0110               0.0313               0.0000              -0.0000
[Row   7]              -0.1010               0.2315               0.3025               0.0000               0.0000              -0.0030               0.0660              -0.0953              -0.0000              -0.0000
[Row   8]               0.1214              -0.3025              -0.3280               0.0000              -0.0000              -0.0038              -0.0293               0.0964               0.0000              -0.0000
[Row   9]               0.0000              -0.0000              -0.0000               0.1011               0.0000              -0.0000              -0.0000               0.0000              -0.0719               0.0000
[Row  10]               0.0000              -0.0000               0.0000               0.0000               0.1011              -0.0000               0.0000              -0.0000               0.0000              -0.0719
[Row  11]               2.0741              -0.2013               0.0118               0.0000              -0.0000               0.0218              -0.0339              -0.1880              -0.0000               0.0000
[Row  12]              -0.2013               0.6991              -0.0092               0.0000              -0.0000              -0.0285              -0.1228               0.5232               0.0000              -0.0000
[Row  13]               0.0118              -0.0092               0.5537               0.0000              -0.0000               0.0693              -0.0179              -0.4724               0.0000              -0.0000
[Row  14]               0.0000               0.0000               0.0000               0.7656               0.0000              -0.0000               0.0000              -0.0000               0.7638               0.0000
[Row  15]              -0.0000              -0.0000              -0.0000               0.0000               0.7656               0.0000               0.0000               0.0000              -0.0000               0.7638
[Row  16]               0.0218              -0.0285               0.0693              -0.0000               0.0000               2.1050              -0.4272               0.1133               0.0000              -0.0000
[Row  17]              -0.0339              -0.1228              -0.0179               0.0000               0.0000              -0.4272               1.9266              -0.6641              -0.0000               0.0000
[Row  18]              -0.1880               0.5232              -0.4724              -0.0000               0.0000               0.1133              -0.6641               0.9693              -0.0000              -0.0000
[Row  19]              -0.0000               0.0000               0.0000               0.7638              -0.0000               0.0000              -0.0000              -0.0000               0.8016              -0.0000
[Row  20]               0.0000              -0.0000              -0.0000               0.0000               0.7638              -0.0000               0.0000              -0.0000              -0.0000               0.8016
====== P^(AO) = SPS =====

                  [Col  1]              [Col  2]              [Col  3]              [Col  4]              [Col  5]              [Col  6]              [Col  7]              [Col  8]              [Col  9]              [Col 10]
[Row   1]               1.9998               0.4717              -0.0055               0.0000              -0.0000               0.0002               0.0923               0.1589              -0.0000               0.0000
[Row   2]               0.4717               1.9837               0.0534              -0.0000              -0.0000               0.1028               0.9057               0.9792              -0.0000              -0.0000
[Row   3]              -0.0055               0.0534               1.8084               0.0000              -0.0000              -0.1658              -0.9647              -0.7485               0.0000               0.0000
[Row   4]               0.0000              -0.0000               0.0000               1.2685               0.0000              -0.0000              -0.0000              -0.0000               1.2324              -0.0000
[Row   5]              -0.0000              -0.0000              -0.0000               0.0000               1.2685              -0.0000              -0.0000               0.0000              -0.0000               1.2324
[Row   6]               0.0002               0.1028              -0.1658              -0.0000              -0.0000               1.9996               0.5055              -0.0011              -0.0000              -0.0000
[Row   7]               0.0923               0.9057              -0.9647              -0.0000              -0.0000               0.5055               1.7823               0.0128              -0.0000               0.0000
[Row   8]               0.1589               0.9792              -0.7485              -0.0000               0.0000              -0.0011               0.0128               1.7731              -0.0000              -0.0000
[Row   9]              -0.0000              -0.0000               0.0000               1.2324              -0.0000              -0.0000              -0.0000              -0.0000               1.3102              -0.0000
[Row  10]               0.0000              -0.0000               0.0000              -0.0000               1.2324              -0.0000               0.0000              -0.0000              -0.0000               1.3102
[Row  11]              -0.0000               0.0006              -0.0038              -0.0000               0.0000               0.0002               0.0728              -0.1252              -0.0000              -0.0000
[Row  12]               0.0022               0.0637              -0.0494               0.0000              -0.0000               0.0728               0.8782              -0.9111              -0.0000              -0.0000
[Row  13]               0.0046               0.1001              -0.0994              -0.0000              -0.0000               0.1252               0.9111              -0.7486               0.0000               0.0000
[Row  14]              -0.0000              -0.0000              -0.0000               0.1206              -0.0000              -0.0000               0.0000               0.0000               0.5003              -0.0000
[Row  15]              -0.0000              -0.0000               0.0000              -0.0000               0.1206               0.0000               0.0000              -0.0000              -0.0000               0.5003
[Row  16]               0.0000               0.0000               0.0003              -0.0000              -0.0000              -0.0000               0.0022              -0.0046              -0.0000              -0.0000
[Row  17]               0.0000               0.0003              -0.0012               0.0000               0.0000               0.0006               0.0637              -0.1001              -0.0000              -0.0000
[Row  18]              -0.0003               0.0012              -0.0218               0.0000              -0.0000               0.0038               0.0494              -0.0994               0.0000              -0.0000
[Row  19]              -0.0000              -0.0000              -0.0000              -0.2574               0.0000              -0.0000              -0.0000               0.0000               0.1206               0.0000
[Row  20]               0.0000               0.0000               0.0000              -0.0000              -0.2574              -0.0000              -0.0000               0.0000               0.0000               0.1206
                  [Col 11]              [Col 12]              [Col 13]              [Col 14]              [Col 15]              [Col 16]              [Col 17]              [Col 18]              [Col 19]              [Col 20]
[Row   1]              -0.0000               0.0022               0.0046              -0.0000              -0.0000               0.0000               0.0000              -0.0003              -0.0000               0.0000
[Row   2]               0.0006               0.0637               0.1001              -0.0000              -0.0000               0.0000               0.0003               0.0012              -0.0000               0.0000
[Row   3]              -0.0038              -0.0494              -0.0994              -0.0000               0.0000               0.0003              -0.0012              -0.0218              -0.0000               0.0000
[Row   4]              -0.0000               0.0000              -0.0000               0.1206              -0.0000              -0.0000               0.0000               0.0000              -0.2574              -0.0000
[Row   5]               0.0000              -0.0000              -0.0000              -0.0000               0.1206              -0.0000               0.0000              -0.0000               0.0000              -0.2574
[Row   6]               0.0002               0.0728               0.1252              -0.0000               0.0000              -0.0000               0.0006               0.0038              -0.0000              -0.0000
[Row   7]               0.0728               0.8782               0.9111               0.0000               0.0000               0.0022               0.0637               0.0494              -0.0000              -0.0000
[Row   8]              -0.1252              -0.9111              -0.7486               0.0000              -0.0000              -0.0046              -0.1001              -0.0994               0.0000               0.0000
[Row   9]              -0.0000              -0.0000               0.0000               0.5003              -0.0000              -0.0000              -0.0000               0.0000               0.1206               0.0000
[Row  10]              -0.0000              -0.0000               0.0000              -0.0000               0.5003              -0.0000              -0.0000              -0.0000               0.0000               0.1206
[Row  11]               1.9996               0.5055               0.0011               0.0000              -0.0000               0.0002               0.1028               0.1658               0.0000              -0.0000
[Row  12]               0.5055               1.7823              -0.0128               0.0000              -0.0000               0.0923               0.9057               0.9647              -0.0000              -0.0000
[Row  13]               0.0011              -0.0128               1.7731               0.0000               0.0000              -0.1589              -0.9792              -0.7485               0.0000              -0.0000
[Row  14]               0.0000               0.0000               0.0000               1.3102               0.0000              -0.0000               0.0000              -0.0000               1.2324               0.0000
[Row  15]              -0.0000              -0.0000               0.0000               0.0000               1.3102               0.0000              -0.0000              -0.0000              -0.0000               1.2324
[Row  16]               0.0002               0.0923              -0.1589              -0.0000               0.0000               1.9998               0.4717               0.0055              -0.0000               0.0000
[Row  17]               0.1028               0.9057              -0.9792               0.0000              -0.0000               0.4717               1.9837              -0.0534              -0.0000               0.0000
[Row  18]               0.1658               0.9647              -0.7485              -0.0000              -0.0000               0.0055              -0.0534               1.8084              -0.0000              -0.0000
[Row  19]               0.0000              -0.0000               0.0000               1.2324              -0.0000              -0.0000              -0.0000              -0.0000               1.2685              -0.0000
[Row  20]              -0.0000              -0.0000              -0.0000               0.0000               1.2324               0.0000               0.0000              -0.0000              -0.0000               1.2685
====== S^(AO) = S =====

                  [Col  1]              [Col  2]              [Col  3]              [Col  4]              [Col  5]              [Col  6]              [Col  7]              [Col  8]              [Col  9]              [Col 10]
[Row   1]               1.0000               0.2350               0.0000               0.0000               0.0000               0.0000               0.0483               0.0814               0.0000               0.0000
[Row   2]               0.2350               1.0000               0.0000               0.0000               0.0000               0.0520               0.4348               0.4665               0.0000               0.0000
[Row   3]               0.0000               0.0000               1.0000               0.0000               0.0000              -0.0861              -0.3997              -0.3181               0.0000               0.0000
[Row   4]               0.0000               0.0000               0.0000               1.0000               0.0000               0.0000               0.0000               0.0000               0.2698               0.0000
[Row   5]               0.0000               0.0000               0.0000               0.0000               1.0000               0.0000               0.0000               0.0000               0.0000               0.2698
[Row   6]               0.0000               0.0520              -0.0861               0.0000               0.0000               1.0000               0.2484               0.0000               0.0000               0.0000
[Row   7]               0.0483               0.4348              -0.3997               0.0000               0.0000               0.2484               1.0000              -0.0000               0.0000               0.0000
[Row   8]               0.0814               0.4665              -0.3181               0.0000               0.0000               0.0000              -0.0000               1.0000               0.0000               0.0000
[Row   9]               0.0000               0.0000               0.0000               0.2698               0.0000               0.0000               0.0000               0.0000               1.0000               0.0000
[Row  10]               0.0000               0.0000               0.0000               0.0000               0.2698               0.0000               0.0000               0.0000               0.0000               1.0000
[Row  11]               0.0000               0.0003              -0.0009               0.0000               0.0000               0.0000               0.0392              -0.0651               0.0000               0.0000
[Row  12]               0.0008               0.0306              -0.0457               0.0000               0.0000               0.0392               0.3741              -0.3947               0.0000               0.0000
[Row  13]               0.0019               0.0507              -0.0701               0.0000               0.0000               0.0651               0.3947              -0.3284               0.0000               0.0000
[Row  14]               0.0000               0.0000               0.0000               0.0119               0.0000               0.0000               0.0000               0.0000               0.2204               0.0000
[Row  15]               0.0000               0.0000               0.0000               0.0000               0.0119               0.0000               0.0000               0.0000               0.0000               0.2204
[Row  16]               0.0000               0.0000              -0.0000               0.0000               0.0000               0.0000               0.0008              -0.0019               0.0000               0.0000
[Row  17]               0.0000               0.0004              -0.0008               0.0000               0.0000               0.0003               0.0306              -0.0507               0.0000               0.0000
[Row  18]               0.0000               0.0008              -0.0017               0.0000               0.0000               0.0009               0.0457              -0.0701               0.0000               0.0000
[Row  19]               0.0000               0.0000               0.0000               0.0001               0.0000               0.0000               0.0000               0.0000               0.0119               0.0000
[Row  20]               0.0000               0.0000               0.0000               0.0000               0.0001               0.0000               0.0000               0.0000               0.0000               0.0119
                  [Col 11]              [Col 12]              [Col 13]              [Col 14]              [Col 15]              [Col 16]              [Col 17]              [Col 18]              [Col 19]              [Col 20]
[Row   1]               0.0000               0.0008               0.0019               0.0000               0.0000               0.0000               0.0000               0.0000               0.0000               0.0000
[Row   2]               0.0003               0.0306               0.0507               0.0000               0.0000               0.0000               0.0004               0.0008               0.0000               0.0000
[Row   3]              -0.0009              -0.0457              -0.0701               0.0000               0.0000              -0.0000              -0.0008              -0.0017               0.0000               0.0000
[Row   4]               0.0000               0.0000               0.0000               0.0119               0.0000               0.0000               0.0000               0.0000               0.0001               0.0000
[Row   5]               0.0000               0.0000               0.0000               0.0000               0.0119               0.0000               0.0000               0.0000               0.0000               0.0001
[Row   6]               0.0000               0.0392               0.0651               0.0000               0.0000               0.0000               0.0003               0.0009               0.0000               0.0000
[Row   7]               0.0392               0.3741               0.3947               0.0000               0.0000               0.0008               0.0306               0.0457               0.0000               0.0000
[Row   8]              -0.0651              -0.3947              -0.3284               0.0000               0.0000              -0.0019              -0.0507              -0.0701               0.0000               0.0000
[Row   9]               0.0000               0.0000               0.0000               0.2204               0.0000               0.0000               0.0000               0.0000               0.0119               0.0000
[Row  10]               0.0000               0.0000               0.0000               0.0000               0.2204               0.0000               0.0000               0.0000               0.0000               0.0119
[Row  11]               1.0000               0.2484              -0.0000               0.0000               0.0000               0.0000               0.0520               0.0861               0.0000               0.0000
[Row  12]               0.2484               1.0000               0.0000               0.0000               0.0000               0.0483               0.4348               0.3997               0.0000               0.0000
[Row  13]              -0.0000               0.0000               1.0000               0.0000               0.0000              -0.0814              -0.4665              -0.3181               0.0000               0.0000
[Row  14]               0.0000               0.0000               0.0000               1.0000               0.0000               0.0000               0.0000               0.0000               0.2698               0.0000
[Row  15]               0.0000               0.0000               0.0000               0.0000               1.0000               0.0000               0.0000               0.0000               0.0000               0.2698
[Row  16]               0.0000               0.0483              -0.0814               0.0000               0.0000               1.0000               0.2350              -0.0000               0.0000               0.0000
[Row  17]               0.0520               0.4348              -0.4665               0.0000               0.0000               0.2350               1.0000              -0.0000               0.0000               0.0000
[Row  18]               0.0861               0.3997              -0.3181               0.0000               0.0000              -0.0000              -0.0000               1.0000               0.0000               0.0000
[Row  19]               0.0000               0.0000               0.0000               0.2698               0.0000               0.0000               0.0000               0.0000               1.0000               0.0000
[Row  20]               0.0000               0.0000               0.0000               0.0000               0.2698               0.0000               0.0000               0.0000               0.0000               1.0000
====== P^(AO) std gaussian m_l ordering SPS =====

                  [Col  1]              [Col  2]              [Col  3]              [Col  4]              [Col  5]              [Col  6]              [Col  7]              [Col  8]              [Col  9]              [Col 10]
[Row   1]               1.9998               0.4717               0.0000              -0.0000              -0.0055               0.0002               0.0923              -0.0000               0.0000               0.1589
[Row   2]               0.4717               1.9837              -0.0000              -0.0000               0.0534               0.1028               0.9057              -0.0000              -0.0000               0.9792
[Row   3]               0.0000              -0.0000               1.2685               0.0000               0.0000              -0.0000              -0.0000               1.2324              -0.0000              -0.0000
[Row   4]              -0.0000              -0.0000               0.0000               1.2685              -0.0000              -0.0000              -0.0000              -0.0000               1.2324               0.0000
[Row   5]              -0.0055               0.0534               0.0000              -0.0000               1.8084              -0.1658              -0.9647               0.0000               0.0000              -0.7485
[Row   6]               0.0002               0.1028              -0.0000              -0.0000              -0.1658               1.9996               0.5055              -0.0000              -0.0000              -0.0011
[Row   7]               0.0923               0.9057              -0.0000              -0.0000              -0.9647               0.5055               1.7823              -0.0000               0.0000               0.0128
[Row   8]              -0.0000              -0.0000               1.2324              -0.0000               0.0000              -0.0000              -0.0000               1.3102              -0.0000              -0.0000
[Row   9]               0.0000              -0.0000              -0.0000               1.2324               0.0000              -0.0000               0.0000              -0.0000               1.3102              -0.0000
[Row  10]               0.1589               0.9792              -0.0000               0.0000              -0.7485              -0.0011               0.0128              -0.0000              -0.0000               1.7731
[Row  11]              -0.0000               0.0006              -0.0000               0.0000              -0.0038               0.0002               0.0728              -0.0000              -0.0000              -0.1252
[Row  12]               0.0022               0.0637               0.0000              -0.0000              -0.0494               0.0728               0.8782              -0.0000              -0.0000              -0.9111
[Row  13]              -0.0000              -0.0000               0.1206              -0.0000              -0.0000              -0.0000               0.0000               0.5003              -0.0000               0.0000
[Row  14]              -0.0000              -0.0000              -0.0000               0.1206               0.0000               0.0000               0.0000              -0.0000               0.5003              -0.0000
[Row  15]               0.0046               0.1001              -0.0000              -0.0000              -0.0994               0.1252               0.9111               0.0000               0.0000              -0.7486
[Row  16]               0.0000               0.0000              -0.0000              -0.0000               0.0003              -0.0000               0.0022              -0.0000              -0.0000              -0.0046
[Row  17]               0.0000               0.0003               0.0000               0.0000              -0.0012               0.0006               0.0637              -0.0000              -0.0000              -0.1001
[Row  18]              -0.0000              -0.0000              -0.2574               0.0000              -0.0000              -0.0000              -0.0000               0.1206               0.0000               0.0000
[Row  19]               0.0000               0.0000              -0.0000              -0.2574               0.0000              -0.0000              -0.0000               0.0000               0.1206               0.0000
[Row  20]              -0.0003               0.0012               0.0000              -0.0000              -0.0218               0.0038               0.0494               0.0000              -0.0000              -0.0994
                  [Col 11]              [Col 12]              [Col 13]              [Col 14]              [Col 15]              [Col 16]              [Col 17]              [Col 18]              [Col 19]              [Col 20]
[Row   1]              -0.0000               0.0022              -0.0000              -0.0000               0.0046               0.0000               0.0000              -0.0000               0.0000              -0.0003
[Row   2]               0.0006               0.0637              -0.0000              -0.0000               0.1001               0.0000               0.0003              -0.0000               0.0000               0.0012
[Row   3]              -0.0000               0.0000               0.1206              -0.0000              -0.0000              -0.0000               0.0000              -0.2574              -0.0000               0.0000
[Row   4]               0.0000              -0.0000              -0.0000               0.1206              -0.0000              -0.0000               0.0000               0.0000              -0.2574              -0.0000
[Row   5]              -0.0038              -0.0494              -0.0000               0.0000              -0.0994               0.0003              -0.0012              -0.0000               0.0000              -0.0218
[Row   6]               0.0002               0.0728              -0.0000               0.0000               0.1252              -0.0000               0.0006              -0.0000              -0.0000               0.0038
[Row   7]               0.0728               0.8782               0.0000               0.0000               0.9111               0.0022               0.0637              -0.0000              -0.0000               0.0494
[Row   8]              -0.0000              -0.0000               0.5003              -0.0000               0.0000              -0.0000              -0.0000               0.1206               0.0000               0.0000
[Row   9]              -0.0000              -0.0000              -0.0000               0.5003               0.0000              -0.0000              -0.0000               0.0000               0.1206              -0.0000
[Row  10]              -0.1252              -0.9111               0.0000              -0.0000              -0.7486              -0.0046              -0.1001               0.0000               0.0000              -0.0994
[Row  11]               1.9996               0.5055               0.0000              -0.0000               0.0011               0.0002               0.1028               0.0000              -0.0000               0.1658
[Row  12]               0.5055               1.7823               0.0000              -0.0000              -0.0128               0.0923               0.9057              -0.0000              -0.0000               0.9647
[Row  13]               0.0000               0.0000               1.3102               0.0000               0.0000              -0.0000               0.0000               1.2324               0.0000              -0.0000
[Row  14]              -0.0000              -0.0000               0.0000               1.3102               0.0000               0.0000              -0.0000              -0.0000               1.2324              -0.0000
[Row  15]               0.0011              -0.0128               0.0000               0.0000               1.7731              -0.1589              -0.9792               0.0000              -0.0000              -0.7485
[Row  16]               0.0002               0.0923              -0.0000               0.0000              -0.1589               1.9998               0.4717              -0.0000               0.0000               0.0055
[Row  17]               0.1028               0.9057               0.0000              -0.0000              -0.9792               0.4717               1.9837              -0.0000               0.0000              -0.0534
[Row  18]               0.0000              -0.0000               1.2324              -0.0000               0.0000              -0.0000              -0.0000               1.2685              -0.0000              -0.0000
[Row  19]              -0.0000              -0.0000               0.0000               1.2324              -0.0000               0.0000               0.0000              -0.0000               1.2685              -0.0000
[Row  20]               0.1658               0.9647              -0.0000              -0.0000              -0.7485               0.0055              -0.0534              -0.0000              -0.0000               1.8084
====== S^(AO) std gaussian m_l ordering =====

                  [Col  1]              [Col  2]              [Col  3]              [Col  4]              [Col  5]              [Col  6]              [Col  7]              [Col  8]              [Col  9]              [Col 10]
[Row   1]               1.0000               0.2350               0.0000               0.0000               0.0000               0.0000               0.0483               0.0000               0.0000               0.0814
[Row   2]               0.2350               1.0000               0.0000               0.0000               0.0000               0.0520               0.4348               0.0000               0.0000               0.4665
[Row   3]               0.0000               0.0000               1.0000               0.0000               0.0000               0.0000               0.0000               0.2698               0.0000               0.0000
[Row   4]               0.0000               0.0000               0.0000               1.0000               0.0000               0.0000               0.0000               0.0000               0.2698               0.0000
[Row   5]               0.0000               0.0000               0.0000               0.0000               1.0000              -0.0861              -0.3997               0.0000               0.0000              -0.3181
[Row   6]               0.0000               0.0520               0.0000               0.0000              -0.0861               1.0000               0.2484               0.0000               0.0000               0.0000
[Row   7]               0.0483               0.4348               0.0000               0.0000              -0.3997               0.2484               1.0000               0.0000               0.0000              -0.0000
[Row   8]               0.0000               0.0000               0.2698               0.0000               0.0000               0.0000               0.0000               1.0000               0.0000               0.0000
[Row   9]               0.0000               0.0000               0.0000               0.2698               0.0000               0.0000               0.0000               0.0000               1.0000               0.0000
[Row  10]               0.0814               0.4665               0.0000               0.0000              -0.3181               0.0000              -0.0000               0.0000               0.0000               1.0000
[Row  11]               0.0000               0.0003               0.0000               0.0000              -0.0009               0.0000               0.0392               0.0000               0.0000              -0.0651
[Row  12]               0.0008               0.0306               0.0000               0.0000              -0.0457               0.0392               0.3741               0.0000               0.0000              -0.3947
[Row  13]               0.0000               0.0000               0.0119               0.0000               0.0000               0.0000               0.0000               0.2204               0.0000               0.0000
[Row  14]               0.0000               0.0000               0.0000               0.0119               0.0000               0.0000               0.0000               0.0000               0.2204               0.0000
[Row  15]               0.0019               0.0507               0.0000               0.0000              -0.0701               0.0651               0.3947               0.0000               0.0000              -0.3284
[Row  16]               0.0000               0.0000               0.0000               0.0000              -0.0000               0.0000               0.0008               0.0000               0.0000              -0.0019
[Row  17]               0.0000               0.0004               0.0000               0.0000              -0.0008               0.0003               0.0306               0.0000               0.0000              -0.0507
[Row  18]               0.0000               0.0000               0.0001               0.0000               0.0000               0.0000               0.0000               0.0119               0.0000               0.0000
[Row  19]               0.0000               0.0000               0.0000               0.0001               0.0000               0.0000               0.0000               0.0000               0.0119               0.0000
[Row  20]               0.0000               0.0008               0.0000               0.0000              -0.0017               0.0009               0.0457               0.0000               0.0000              -0.0701
                  [Col 11]              [Col 12]              [Col 13]              [Col 14]              [Col 15]              [Col 16]              [Col 17]              [Col 18]              [Col 19]              [Col 20]
[Row   1]               0.0000               0.0008               0.0000               0.0000               0.0019               0.0000               0.0000               0.0000               0.0000               0.0000
[Row   2]               0.0003               0.0306               0.0000               0.0000               0.0507               0.0000               0.0004               0.0000               0.0000               0.0008
[Row   3]               0.0000               0.0000               0.0119               0.0000               0.0000               0.0000               0.0000               0.0001               0.0000               0.0000
[Row   4]               0.0000               0.0000               0.0000               0.0119               0.0000               0.0000               0.0000               0.0000               0.0001               0.0000
[Row   5]              -0.0009              -0.0457               0.0000               0.0000              -0.0701              -0.0000              -0.0008               0.0000               0.0000              -0.0017
[Row   6]               0.0000               0.0392               0.0000               0.0000               0.0651               0.0000               0.0003               0.0000               0.0000               0.0009
[Row   7]               0.0392               0.3741               0.0000               0.0000               0.3947               0.0008               0.0306               0.0000               0.0000               0.0457
[Row   8]               0.0000               0.0000               0.2204               0.0000               0.0000               0.0000               0.0000               0.0119               0.0000               0.0000
[Row   9]               0.0000               0.0000               0.0000               0.2204               0.0000               0.0000               0.0000               0.0000               0.0119               0.0000
[Row  10]              -0.0651              -0.3947               0.0000               0.0000              -0.3284              -0.0019              -0.0507               0.0000               0.0000              -0.0701
[Row  11]               1.0000               0.2484               0.0000               0.0000              -0.0000               0.0000               0.0520               0.0000               0.0000               0.0861
[Row  12]               0.2484               1.0000               0.0000               0.0000               0.0000               0.0483               0.4348               0.0000               0.0000               0.3997
[Row  13]               0.0000               0.0000               1.0000               0.0000               0.0000               0.0000               0.0000               0.2698               0.0000               0.0000
[Row  14]               0.0000               0.0000               0.0000               1.0000               0.0000               0.0000               0.0000               0.0000               0.2698               0.0000
[Row  15]              -0.0000               0.0000               0.0000               0.0000               1.0000              -0.0814              -0.4665               0.0000               0.0000              -0.3181
[Row  16]               0.0000               0.0483               0.0000               0.0000              -0.0814               1.0000               0.2350               0.0000               0.0000              -0.0000
[Row  17]               0.0520               0.4348               0.0000               0.0000              -0.4665               0.2350               1.0000               0.0000               0.0000              -0.0000
[Row  18]               0.0000               0.0000               0.2698               0.0000               0.0000               0.0000               0.0000               1.0000               0.0000               0.0000
[Row  19]               0.0000               0.0000               0.0000               0.2698               0.0000               0.0000               0.0000               0.0000               1.0000               0.0000
[Row  20]               0.0861               0.3997               0.0000               0.0000              -0.3181              -0.0000              -0.0000               0.0000               0.0000               1.0000
