molecule mol110.xyz
System:, atNum: 6 coords [              0.0000               1.3825              -0.7099]
System:, atNum: 8 coords [              0.0000               0.0000               1.6270]
System:, atNum: 6 coords [              0.0000              -1.3825              -0.7099]
System:, atNum: 1 coords [              1.7377               2.3977              -1.1242]
System:, atNum: 1 coords [             -1.7377               2.3977              -1.1242]
System:, atNum: 1 coords [             -1.7377              -2.3977              -1.1242]
System:, atNum: 1 coords [              1.7377              -2.3977              -1.1242]
===== Original AO-S matrix =====

                  [Col  1]              [Col  2]              [Col  3]              [Col  4]              [Col  5]              [Col  6]              [Col  7]              [Col  8]              [Col  9]              [Col 10]
[Row   1]               1.0000               0.2484               0.0000               0.0000               0.0000               0.0000               0.0166              -0.0259               0.0000               0.0153
[Row   2]               0.2484               1.0000               0.0000               0.0000               0.0000               0.0216               0.2520              -0.2138               0.0000               0.1265
[Row   3]               0.0000               0.0000               1.0000               0.0000              -0.0000               0.0309               0.2877              -0.1760               0.0000               0.1813
[Row   4]               0.0000               0.0000               0.0000               1.0000               0.0000               0.0000               0.0000               0.0000               0.1305               0.0000
[Row   5]               0.0000               0.0000              -0.0000               0.0000               1.0000              -0.0183              -0.1702               0.1813               0.0000               0.0232
[Row   6]               0.0000               0.0216               0.0309               0.0000              -0.0183               1.0000               0.2367               0.0000               0.0000               0.0000
[Row   7]               0.0166               0.2520               0.2877               0.0000              -0.1702               0.2367               1.0000               0.0000               0.0000               0.0000
[Row   8]              -0.0259              -0.2138              -0.1760               0.0000               0.1813               0.0000               0.0000               1.0000               0.0000               0.0000
[Row   9]               0.0000               0.0000               0.0000               0.1305               0.0000               0.0000               0.0000               0.0000               1.0000               0.0000
[Row  10]               0.0153               0.1265               0.1813               0.0000               0.0232               0.0000               0.0000               0.0000               0.0000               1.0000
[Row  11]               0.0000               0.0322              -0.0000               0.0000              -0.0535               0.0000               0.0166              -0.0259               0.0000              -0.0153
[Row  12]               0.0322               0.3338               0.0000               0.0000              -0.3648               0.0216               0.2520              -0.2138               0.0000              -0.1265
[Row  13]               0.0000               0.0000               0.1898               0.0000              -0.0000               0.0309               0.2877              -0.1760               0.0000              -0.1813
[Row  14]               0.0000               0.0000               0.0000               0.1898               0.0000               0.0000               0.0000               0.0000               0.1305               0.0000
[Row  15]               0.0535               0.3648               0.0000               0.0000              -0.3237               0.0183               0.1702              -0.1813               0.0000               0.0232
[Row  16]               0.0627               0.4923              -0.0944               0.3960               0.2313               0.0035               0.0568              -0.0442               0.0279               0.0385
[Row  17]               0.0627               0.4923              -0.0944              -0.3960               0.2313               0.0035               0.0568              -0.0442              -0.0279               0.0385
[Row  18]               0.0047               0.0876              -0.0114              -0.0476              -0.1036               0.0035               0.0568              -0.0442              -0.0279              -0.0385
[Row  19]               0.0047               0.0876              -0.0114               0.0476              -0.1036               0.0035               0.0568              -0.0442               0.0279              -0.0385
                  [Col 11]              [Col 12]              [Col 13]              [Col 14]              [Col 15]              [Col 16]              [Col 17]              [Col 18]              [Col 19]
[Row   1]               0.0000               0.0322               0.0000               0.0000               0.0535               0.0627               0.0627               0.0047               0.0047
[Row   2]               0.0322               0.3338               0.0000               0.0000               0.3648               0.4923               0.4923               0.0876               0.0876
[Row   3]              -0.0000               0.0000               0.1898               0.0000               0.0000              -0.0944              -0.0944              -0.0114              -0.0114
[Row   4]               0.0000               0.0000               0.0000               0.1898               0.0000               0.3960              -0.3960              -0.0476               0.0476
[Row   5]              -0.0535              -0.3648              -0.0000               0.0000              -0.3237               0.2313               0.2313              -0.1036              -0.1036
[Row   6]               0.0000               0.0216               0.0309               0.0000               0.0183               0.0035               0.0035               0.0035               0.0035
[Row   7]               0.0166               0.2520               0.2877               0.0000               0.1702               0.0568               0.0568               0.0568               0.0568
[Row   8]              -0.0259              -0.2138              -0.1760               0.0000              -0.1813              -0.0442              -0.0442              -0.0442              -0.0442
[Row   9]               0.0000               0.0000               0.0000               0.1305               0.0000               0.0279              -0.0279              -0.0279               0.0279
[Row  10]              -0.0153              -0.1265              -0.1813               0.0000               0.0232               0.0385               0.0385              -0.0385              -0.0385
[Row  11]               1.0000               0.2484               0.0000               0.0000              -0.0000               0.0047               0.0047               0.0627               0.0627
[Row  12]               0.2484               1.0000               0.0000               0.0000              -0.0000               0.0876               0.0876               0.4923               0.4923
[Row  13]               0.0000               0.0000               1.0000               0.0000               0.0000              -0.0114              -0.0114              -0.0944              -0.0944
[Row  14]               0.0000               0.0000               0.0000               1.0000               0.0000               0.0476              -0.0476              -0.3960               0.3960
[Row  15]              -0.0000              -0.0000               0.0000               0.0000               1.0000               0.1036               0.1036              -0.2313              -0.2313
[Row  16]               0.0047               0.0876              -0.0114               0.0476               0.1036               1.0000               0.1544               0.0137               0.0461
[Row  17]               0.0047               0.0876              -0.0114              -0.0476               0.1036               0.1544               1.0000               0.0461               0.0137
[Row  18]               0.0627               0.4923              -0.0944              -0.3960              -0.2313               0.0137               0.0461               1.0000               0.1544
[Row  19]               0.0627               0.4923              -0.0944               0.3960              -0.2313               0.0461               0.0137               0.1544               1.0000
nbas 19
 ===== CA ===== 

                  [Col  1]              [Col  2]              [Col  3]              [Col  4]              [Col  5]              [Col  6]              [Col  7]              [Col  8]              [Col  9]              [Col 10]
[Row   1]              -0.0004               0.7013               0.7018               0.0927               0.1390               0.1459               0.0000               0.0009               0.0000               0.0038
[Row   2]               0.0033               0.0298               0.0212              -0.2142              -0.4030              -0.4659              -0.0000               0.0054              -0.0000              -0.0754
[Row   3]               0.0034               0.0001               0.0010              -0.0813               0.1326              -0.0326              -0.0000              -0.0797               0.0000              -0.3846
[Row   4]               0.0000              -0.0000               0.0000               0.0000              -0.0000              -0.0000               0.3855               0.0000               0.4121               0.0000
[Row   5]              -0.0012              -0.0043               0.0017               0.0824               0.0502              -0.1450               0.0000               0.4178              -0.0000               0.1265
[Row   6]              -0.9944              -0.0000               0.0005               0.2024              -0.1359               0.0000              -0.0000              -0.0694               0.0000              -0.0000
[Row   7]              -0.0246               0.0000              -0.0056              -0.7130               0.5877              -0.0000               0.0000               0.3488              -0.0000               0.0000
[Row   8]               0.0044              -0.0000               0.0022               0.1452               0.1207               0.0000               0.0000               0.3809              -0.0000               0.0000
[Row   9]               0.0000              -0.0000               0.0000               0.0000              -0.0000              -0.0000               0.3388              -0.0000               0.0000               0.0000
[Row  10]              -0.0000              -0.0030              -0.0000               0.0000              -0.0000              -0.2080               0.0000               0.0000               0.0000              -0.6604
[Row  11]              -0.0004              -0.7013               0.7018               0.0927               0.1390              -0.1459               0.0000               0.0009              -0.0000              -0.0038
[Row  12]               0.0033              -0.0298               0.0212              -0.2142              -0.4030               0.4659              -0.0000               0.0054              -0.0000               0.0754
[Row  13]               0.0034              -0.0001               0.0010              -0.0813               0.1326               0.0326              -0.0000              -0.0797              -0.0000               0.3846
[Row  14]              -0.0000               0.0000               0.0000              -0.0000              -0.0000               0.0000               0.3855              -0.0000              -0.4121              -0.0000
[Row  15]               0.0012              -0.0043              -0.0017              -0.0824              -0.0502              -0.1450               0.0000              -0.4178               0.0000               0.1265
[Row  16]              -0.0002              -0.0048              -0.0047              -0.0245              -0.1324              -0.1875               0.2118               0.1811               0.3274               0.1407
[Row  17]              -0.0002              -0.0048              -0.0047              -0.0245              -0.1324              -0.1875              -0.2118               0.1811              -0.3274               0.1407
[Row  18]              -0.0002               0.0048              -0.0047              -0.0245              -0.1324               0.1875              -0.2118               0.1811               0.3274              -0.1407
[Row  19]              -0.0002               0.0048              -0.0047              -0.0245              -0.1324               0.1875               0.2118               0.1811              -0.3274              -0.1407
                  [Col 11]              [Col 12]              [Col 13]              [Col 14]              [Col 15]              [Col 16]              [Col 17]              [Col 18]              [Col 19]
[Row   1]               0.0043              -0.0000               0.0219               0.0786               0.0000               0.1239               0.1787               0.0808              -0.0000
[Row   2]              -0.0187              -0.0000              -0.1615              -0.3777              -0.0000              -0.8067              -1.1037              -0.5041               0.0000
[Row   3]               0.4220               0.0000               0.6878              -0.5721               0.0000               0.1775               0.0803              -0.2545              -0.0000
[Row   4]               0.0000               0.1113              -0.0000               0.0000               0.7300              -0.0000               0.0000               0.0000               0.8983
[Row   5]               0.2932               0.0000               0.3454               0.1702              -0.0000              -0.4850              -0.0810               1.0032              -0.0000
[Row   6]               0.0596               0.0000               0.0000              -0.1080               0.0000              -0.0011               0.0000              -0.0000              -0.0000
[Row   7]              -0.3029              -0.0000              -0.0000               0.6656              -0.0000              -0.0073              -0.0000               0.0000               0.0000
[Row   8]              -0.5326              -0.0000               0.0000              -0.8811               0.0000               0.0289               0.0000              -0.0000              -0.0000
[Row   9]               0.0000              -0.9296               0.0000              -0.0000              -0.2323               0.0000              -0.0000              -0.0000              -0.0000
[Row  10]              -0.0000              -0.0000              -0.6391              -0.0000              -0.0000              -0.0000               0.3332               0.4068              -0.0000
[Row  11]               0.0043              -0.0000              -0.0219               0.0786               0.0000               0.1239              -0.1787              -0.0808               0.0000
[Row  12]              -0.0187               0.0000               0.1615              -0.3777              -0.0000              -0.8067               1.1037               0.5041              -0.0000
[Row  13]               0.4220               0.0000              -0.6878              -0.5721               0.0000               0.1775              -0.0803               0.2545              -0.0000
[Row  14]              -0.0000               0.1113              -0.0000               0.0000               0.7300              -0.0000              -0.0000              -0.0000              -0.8983
[Row  15]              -0.2932              -0.0000               0.3454              -0.1702               0.0000               0.4850              -0.0810               1.0032              -0.0000
[Row  16]               0.0605               0.1887               0.0488               0.0581              -0.6147               0.6304               0.6062              -0.2283              -0.6160
[Row  17]               0.0605              -0.1887               0.0488               0.0581               0.6147               0.6304               0.6062              -0.2283               0.6160
[Row  18]               0.0605              -0.1887              -0.0488               0.0581               0.6147               0.6304              -0.6062               0.2283              -0.6160
[Row  19]               0.0605               0.1887              -0.0488               0.0581              -0.6147               0.6304              -0.6062               0.2283               0.6160
 ===== CB ===== 

                  [Col  1]              [Col  2]              [Col  3]              [Col  4]              [Col  5]              [Col  6]              [Col  7]              [Col  8]              [Col  9]              [Col 10]
[Row   1]              -0.0004               0.7013               0.7018               0.0927               0.1390               0.1459               0.0000               0.0009               0.0000               0.0038
[Row   2]               0.0033               0.0298               0.0212              -0.2142              -0.4030              -0.4659              -0.0000               0.0054              -0.0000              -0.0754
[Row   3]               0.0034               0.0001               0.0010              -0.0813               0.1326              -0.0326              -0.0000              -0.0797               0.0000              -0.3846
[Row   4]               0.0000              -0.0000               0.0000               0.0000              -0.0000              -0.0000               0.3855               0.0000               0.4121               0.0000
[Row   5]              -0.0012              -0.0043               0.0017               0.0824               0.0502              -0.1450               0.0000               0.4178              -0.0000               0.1265
[Row   6]              -0.9944              -0.0000               0.0005               0.2024              -0.1359               0.0000              -0.0000              -0.0694               0.0000              -0.0000
[Row   7]              -0.0246               0.0000              -0.0056              -0.7130               0.5877              -0.0000               0.0000               0.3488              -0.0000               0.0000
[Row   8]               0.0044              -0.0000               0.0022               0.1452               0.1207               0.0000               0.0000               0.3809              -0.0000               0.0000
[Row   9]               0.0000              -0.0000               0.0000               0.0000              -0.0000              -0.0000               0.3388              -0.0000               0.0000               0.0000
[Row  10]              -0.0000              -0.0030              -0.0000               0.0000              -0.0000              -0.2080               0.0000               0.0000               0.0000              -0.6604
[Row  11]              -0.0004              -0.7013               0.7018               0.0927               0.1390              -0.1459               0.0000               0.0009              -0.0000              -0.0038
[Row  12]               0.0033              -0.0298               0.0212              -0.2142              -0.4030               0.4659              -0.0000               0.0054              -0.0000               0.0754
[Row  13]               0.0034              -0.0001               0.0010              -0.0813               0.1326               0.0326              -0.0000              -0.0797              -0.0000               0.3846
[Row  14]              -0.0000               0.0000               0.0000              -0.0000              -0.0000               0.0000               0.3855              -0.0000              -0.4121              -0.0000
[Row  15]               0.0012              -0.0043              -0.0017              -0.0824              -0.0502              -0.1450               0.0000              -0.4178               0.0000               0.1265
[Row  16]              -0.0002              -0.0048              -0.0047              -0.0245              -0.1324              -0.1875               0.2118               0.1811               0.3274               0.1407
[Row  17]              -0.0002              -0.0048              -0.0047              -0.0245              -0.1324              -0.1875              -0.2118               0.1811              -0.3274               0.1407
[Row  18]              -0.0002               0.0048              -0.0047              -0.0245              -0.1324               0.1875              -0.2118               0.1811               0.3274              -0.1407
[Row  19]              -0.0002               0.0048              -0.0047              -0.0245              -0.1324               0.1875               0.2118               0.1811              -0.3274              -0.1407
                  [Col 11]              [Col 12]              [Col 13]              [Col 14]              [Col 15]              [Col 16]              [Col 17]              [Col 18]              [Col 19]
[Row   1]               0.0043              -0.0000               0.0219               0.0786               0.0000               0.1239               0.1787               0.0808              -0.0000
[Row   2]              -0.0187              -0.0000              -0.1615              -0.3777              -0.0000              -0.8067              -1.1037              -0.5041               0.0000
[Row   3]               0.4220               0.0000               0.6878              -0.5721               0.0000               0.1775               0.0803              -0.2545              -0.0000
[Row   4]               0.0000               0.1113              -0.0000               0.0000               0.7300              -0.0000               0.0000               0.0000               0.8983
[Row   5]               0.2932               0.0000               0.3454               0.1702              -0.0000              -0.4850              -0.0810               1.0032              -0.0000
[Row   6]               0.0596               0.0000               0.0000              -0.1080               0.0000              -0.0011               0.0000              -0.0000              -0.0000
[Row   7]              -0.3029              -0.0000              -0.0000               0.6656              -0.0000              -0.0073              -0.0000               0.0000               0.0000
[Row   8]              -0.5326              -0.0000               0.0000              -0.8811               0.0000               0.0289               0.0000              -0.0000              -0.0000
[Row   9]               0.0000              -0.9296               0.0000              -0.0000              -0.2323               0.0000              -0.0000              -0.0000              -0.0000
[Row  10]              -0.0000              -0.0000              -0.6391              -0.0000              -0.0000              -0.0000               0.3332               0.4068              -0.0000
[Row  11]               0.0043              -0.0000              -0.0219               0.0786               0.0000               0.1239              -0.1787              -0.0808               0.0000
[Row  12]              -0.0187               0.0000               0.1615              -0.3777              -0.0000              -0.8067               1.1037               0.5041              -0.0000
[Row  13]               0.4220               0.0000              -0.6878              -0.5721               0.0000               0.1775              -0.0803               0.2545              -0.0000
[Row  14]              -0.0000               0.1113              -0.0000               0.0000               0.7300              -0.0000              -0.0000              -0.0000              -0.8983
[Row  15]              -0.2932              -0.0000               0.3454              -0.1702               0.0000               0.4850              -0.0810               1.0032              -0.0000
[Row  16]               0.0605               0.1887               0.0488               0.0581              -0.6147               0.6304               0.6062              -0.2283              -0.6160
[Row  17]               0.0605              -0.1887               0.0488               0.0581               0.6147               0.6304               0.6062              -0.2283               0.6160
[Row  18]               0.0605              -0.1887              -0.0488               0.0581               0.6147               0.6304              -0.6062               0.2283              -0.6160
[Row  19]               0.0605               0.1887              -0.0488               0.0581              -0.6147               0.6304              -0.6062               0.2283               0.6160
 ===== P_psi ===== Dalpha+Dbeta 

                  [Col  1]              [Col  2]              [Col  3]              [Col  4]              [Col  5]              [Col  6]              [Col  7]              [Col  8]              [Col  9]              [Col 10]
[Row   1]               2.0672              -0.2169               0.0145               0.0000              -0.0126               0.0017               0.0214               0.0597               0.0000              -0.0700
[Row   2]              -0.2169               0.8655              -0.0003              -0.0000               0.0335               0.0133              -0.1535              -0.1353               0.0000               0.2933
[Row   3]               0.0145              -0.0003               0.7152              -0.0000               0.0928              -0.0144              -0.0397              -0.5018               0.0000               0.5215
[Row   4]               0.0000              -0.0000              -0.0000               0.6618               0.0000               0.0000              -0.0000              -0.0000               0.0542               0.0000
[Row   5]              -0.0126               0.0335               0.0928               0.0000               0.6137              -0.0009               0.0554               0.0420              -0.0000              -0.1068
[Row   6]               0.0017               0.0133              -0.0144               0.0000              -0.0009               2.1131              -0.4840              -0.0991              -0.0000               0.0000
[Row   7]               0.0214              -0.1535              -0.0397              -0.0000               0.0554              -0.4840               2.1356               0.5230               0.0000              -0.0000
[Row   8]               0.0597              -0.1353              -0.5018              -0.0000               0.0420              -0.0991               0.5230               0.9289               0.0000              -0.0000
[Row   9]               0.0000               0.0000               0.0000               0.0542              -0.0000              -0.0000               0.0000               0.0000               1.9577              -0.0000
[Row  10]              -0.0700               0.2933               0.5215               0.0000              -0.1068               0.0000              -0.0000              -0.0000              -0.0000               0.9588
[Row  11]               0.0148              -0.0276               0.0389               0.0000               0.0823               0.0017               0.0214               0.0597               0.0000               0.0700
[Row  12]              -0.0276              -0.0289              -0.1770              -0.0000              -0.1979               0.0133              -0.1535              -0.1353              -0.0000              -0.2933
[Row  13]               0.0389              -0.1770               0.1193              -0.0000               0.2686              -0.0144              -0.0397              -0.5018              -0.0000              -0.5215
[Row  14]               0.0000              -0.0000              -0.0000              -0.0177               0.0000              -0.0000               0.0000               0.0000               0.0542               0.0000
[Row  15]              -0.0823               0.1979              -0.2686               0.0000              -0.4655               0.0009              -0.0554              -0.0420              -0.0000              -0.1068
[Row  16]              -0.1075               0.2699              -0.1050               0.4752               0.2594               0.0084              -0.0308               0.0345              -0.2072              -0.1077
[Row  17]              -0.1075               0.2699              -0.1050              -0.4752               0.2594               0.0084              -0.0308               0.0345               0.2072              -0.1077
[Row  18]               0.0132              -0.0365               0.0870               0.0645               0.0794               0.0084              -0.0308               0.0345               0.2072               0.1077
[Row  19]               0.0132              -0.0365               0.0870              -0.0645               0.0794               0.0084              -0.0308               0.0345              -0.2072               0.1077
                  [Col 11]              [Col 12]              [Col 13]              [Col 14]              [Col 15]              [Col 16]              [Col 17]              [Col 18]              [Col 19]
[Row   1]               0.0148              -0.0276               0.0389               0.0000              -0.0823              -0.1075              -0.1075               0.0132               0.0132
[Row   2]              -0.0276              -0.0289              -0.1770              -0.0000               0.1979               0.2699               0.2699              -0.0365              -0.0365
[Row   3]               0.0389              -0.1770               0.1193              -0.0000              -0.2686              -0.1050              -0.1050               0.0870               0.0870
[Row   4]               0.0000              -0.0000              -0.0000              -0.0177               0.0000               0.4752              -0.4752               0.0645              -0.0645
[Row   5]               0.0823              -0.1979               0.2686               0.0000              -0.4655               0.2594               0.2594               0.0794               0.0794
[Row   6]               0.0017               0.0133              -0.0144              -0.0000               0.0009               0.0084               0.0084               0.0084               0.0084
[Row   7]               0.0214              -0.1535              -0.0397               0.0000              -0.0554              -0.0308              -0.0308              -0.0308              -0.0308
[Row   8]               0.0597              -0.1353              -0.5018               0.0000              -0.0420               0.0345               0.0345               0.0345               0.0345
[Row   9]               0.0000              -0.0000              -0.0000               0.0542              -0.0000              -0.2072               0.2072               0.2072              -0.2072
[Row  10]               0.0700              -0.2933              -0.5215               0.0000              -0.1068              -0.1077              -0.1077               0.1077               0.1077
[Row  11]               2.0672              -0.2169               0.0145              -0.0000               0.0126               0.0132               0.0132              -0.1075              -0.1075
[Row  12]              -0.2169               0.8655              -0.0003               0.0000              -0.0335              -0.0365              -0.0365               0.2699               0.2699
[Row  13]               0.0145              -0.0003               0.7152              -0.0000              -0.0928               0.0870               0.0870              -0.1050              -0.1050
[Row  14]              -0.0000               0.0000              -0.0000               0.6618              -0.0000              -0.0645               0.0645              -0.4752               0.4752
[Row  15]               0.0126              -0.0335              -0.0928              -0.0000               0.6137              -0.0794              -0.0794              -0.2594              -0.2594
[Row  16]               0.0132              -0.0365               0.0870              -0.0645              -0.0794               0.5945              -0.1562               0.0528              -0.0542
[Row  17]               0.0132              -0.0365               0.0870               0.0645              -0.0794              -0.1562               0.5945              -0.0542               0.0528
[Row  18]              -0.1075               0.2699              -0.1050              -0.4752              -0.2594               0.0528              -0.0542               0.5945              -0.1562
[Row  19]              -0.1075               0.2699              -0.1050               0.4752              -0.2594              -0.0542               0.0528              -0.1562               0.5945
===== P_mu,nu local =====

                  [Col  1]              [Col  2]              [Col  3]              [Col  4]              [Col  5]              [Col  6]              [Col  7]              [Col  8]              [Col  9]              [Col 10]
[Row   1]               2.0672              -0.2169               0.0145               0.0000              -0.0126               0.0017               0.0214               0.0597               0.0000              -0.0700
[Row   2]              -0.2169               0.8655              -0.0003              -0.0000               0.0335               0.0133              -0.1535              -0.1353               0.0000               0.2933
[Row   3]               0.0145              -0.0003               0.7152              -0.0000               0.0928              -0.0144              -0.0397              -0.5018               0.0000               0.5215
[Row   4]               0.0000              -0.0000              -0.0000               0.6618               0.0000               0.0000              -0.0000              -0.0000               0.0542               0.0000
[Row   5]              -0.0126               0.0335               0.0928               0.0000               0.6137              -0.0009               0.0554               0.0420              -0.0000              -0.1068
[Row   6]               0.0017               0.0133              -0.0144               0.0000              -0.0009               2.1131              -0.4840              -0.0991              -0.0000               0.0000
[Row   7]               0.0214              -0.1535              -0.0397              -0.0000               0.0554              -0.4840               2.1356               0.5230               0.0000              -0.0000
[Row   8]               0.0597              -0.1353              -0.5018              -0.0000               0.0420              -0.0991               0.5230               0.9289               0.0000              -0.0000
[Row   9]               0.0000               0.0000               0.0000               0.0542              -0.0000              -0.0000               0.0000               0.0000               1.9577              -0.0000
[Row  10]              -0.0700               0.2933               0.5215               0.0000              -0.1068               0.0000              -0.0000              -0.0000              -0.0000               0.9588
[Row  11]               0.0148              -0.0276               0.0389               0.0000               0.0823               0.0017               0.0214               0.0597               0.0000               0.0700
[Row  12]              -0.0276              -0.0289              -0.1770              -0.0000              -0.1979               0.0133              -0.1535              -0.1353              -0.0000              -0.2933
[Row  13]               0.0389              -0.1770               0.1193              -0.0000               0.2686              -0.0144              -0.0397              -0.5018              -0.0000              -0.5215
[Row  14]               0.0000              -0.0000              -0.0000              -0.0177               0.0000              -0.0000               0.0000               0.0000               0.0542               0.0000
[Row  15]              -0.0823               0.1979              -0.2686               0.0000              -0.4655               0.0009              -0.0554              -0.0420              -0.0000              -0.1068
[Row  16]              -0.1075               0.2699              -0.1050               0.4752               0.2594               0.0084              -0.0308               0.0345              -0.2072              -0.1077
[Row  17]              -0.1075               0.2699              -0.1050              -0.4752               0.2594               0.0084              -0.0308               0.0345               0.2072              -0.1077
[Row  18]               0.0132              -0.0365               0.0870               0.0645               0.0794               0.0084              -0.0308               0.0345               0.2072               0.1077
[Row  19]               0.0132              -0.0365               0.0870              -0.0645               0.0794               0.0084              -0.0308               0.0345              -0.2072               0.1077
                  [Col 11]              [Col 12]              [Col 13]              [Col 14]              [Col 15]              [Col 16]              [Col 17]              [Col 18]              [Col 19]
[Row   1]               0.0148              -0.0276               0.0389               0.0000              -0.0823              -0.1075              -0.1075               0.0132               0.0132
[Row   2]              -0.0276              -0.0289              -0.1770              -0.0000               0.1979               0.2699               0.2699              -0.0365              -0.0365
[Row   3]               0.0389              -0.1770               0.1193              -0.0000              -0.2686              -0.1050              -0.1050               0.0870               0.0870
[Row   4]               0.0000              -0.0000              -0.0000              -0.0177               0.0000               0.4752              -0.4752               0.0645              -0.0645
[Row   5]               0.0823              -0.1979               0.2686               0.0000              -0.4655               0.2594               0.2594               0.0794               0.0794
[Row   6]               0.0017               0.0133              -0.0144              -0.0000               0.0009               0.0084               0.0084               0.0084               0.0084
[Row   7]               0.0214              -0.1535              -0.0397               0.0000              -0.0554              -0.0308              -0.0308              -0.0308              -0.0308
[Row   8]               0.0597              -0.1353              -0.5018               0.0000              -0.0420               0.0345               0.0345               0.0345               0.0345
[Row   9]               0.0000              -0.0000              -0.0000               0.0542              -0.0000              -0.2072               0.2072               0.2072              -0.2072
[Row  10]               0.0700              -0.2933              -0.5215               0.0000              -0.1068              -0.1077              -0.1077               0.1077               0.1077
[Row  11]               2.0672              -0.2169               0.0145              -0.0000               0.0126               0.0132               0.0132              -0.1075              -0.1075
[Row  12]              -0.2169               0.8655              -0.0003               0.0000              -0.0335              -0.0365              -0.0365               0.2699               0.2699
[Row  13]               0.0145              -0.0003               0.7152              -0.0000              -0.0928               0.0870               0.0870              -0.1050              -0.1050
[Row  14]              -0.0000               0.0000              -0.0000               0.6618              -0.0000              -0.0645               0.0645              -0.4752               0.4752
[Row  15]               0.0126              -0.0335              -0.0928              -0.0000               0.6137              -0.0794              -0.0794              -0.2594              -0.2594
[Row  16]               0.0132              -0.0365               0.0870              -0.0645              -0.0794               0.5945              -0.1562               0.0528              -0.0542
[Row  17]               0.0132              -0.0365               0.0870               0.0645              -0.0794              -0.1562               0.5945              -0.0542               0.0528
[Row  18]              -0.1075               0.2699              -0.1050              -0.4752              -0.2594               0.0528              -0.0542               0.5945              -0.1562
[Row  19]              -0.1075               0.2699              -0.1050               0.4752              -0.2594              -0.0542               0.0528              -0.1562               0.5945
===== P_mu,nu psi4 =====

                  [Col  1]              [Col  2]              [Col  3]              [Col  4]              [Col  5]              [Col  6]              [Col  7]              [Col  8]              [Col  9]              [Col 10]
[Row   1]               2.0672              -0.2169               0.0145               0.0000              -0.0126               0.0017               0.0214               0.0597               0.0000              -0.0700
[Row   2]              -0.2169               0.8655              -0.0003              -0.0000               0.0335               0.0133              -0.1535              -0.1353               0.0000               0.2933
[Row   3]               0.0145              -0.0003               0.7152              -0.0000               0.0928              -0.0144              -0.0397              -0.5018               0.0000               0.5215
[Row   4]               0.0000              -0.0000              -0.0000               0.6618               0.0000               0.0000              -0.0000              -0.0000               0.0542               0.0000
[Row   5]              -0.0126               0.0335               0.0928               0.0000               0.6137              -0.0009               0.0554               0.0420              -0.0000              -0.1068
[Row   6]               0.0017               0.0133              -0.0144               0.0000              -0.0009               2.1131              -0.4840              -0.0991              -0.0000               0.0000
[Row   7]               0.0214              -0.1535              -0.0397              -0.0000               0.0554              -0.4840               2.1356               0.5230               0.0000              -0.0000
[Row   8]               0.0597              -0.1353              -0.5018              -0.0000               0.0420              -0.0991               0.5230               0.9289               0.0000              -0.0000
[Row   9]               0.0000               0.0000               0.0000               0.0542              -0.0000              -0.0000               0.0000               0.0000               1.9577              -0.0000
[Row  10]              -0.0700               0.2933               0.5215               0.0000              -0.1068               0.0000              -0.0000              -0.0000              -0.0000               0.9588
[Row  11]               0.0148              -0.0276               0.0389               0.0000               0.0823               0.0017               0.0214               0.0597               0.0000               0.0700
[Row  12]              -0.0276              -0.0289              -0.1770              -0.0000              -0.1979               0.0133              -0.1535              -0.1353              -0.0000              -0.2933
[Row  13]               0.0389              -0.1770               0.1193              -0.0000               0.2686              -0.0144              -0.0397              -0.5018              -0.0000              -0.5215
[Row  14]               0.0000              -0.0000              -0.0000              -0.0177               0.0000              -0.0000               0.0000               0.0000               0.0542               0.0000
[Row  15]              -0.0823               0.1979              -0.2686               0.0000              -0.4655               0.0009              -0.0554              -0.0420              -0.0000              -0.1068
[Row  16]              -0.1075               0.2699              -0.1050               0.4752               0.2594               0.0084              -0.0308               0.0345              -0.2072              -0.1077
[Row  17]              -0.1075               0.2699              -0.1050              -0.4752               0.2594               0.0084              -0.0308               0.0345               0.2072              -0.1077
[Row  18]               0.0132              -0.0365               0.0870               0.0645               0.0794               0.0084              -0.0308               0.0345               0.2072               0.1077
[Row  19]               0.0132              -0.0365               0.0870              -0.0645               0.0794               0.0084              -0.0308               0.0345              -0.2072               0.1077
                  [Col 11]              [Col 12]              [Col 13]              [Col 14]              [Col 15]              [Col 16]              [Col 17]              [Col 18]              [Col 19]
[Row   1]               0.0148              -0.0276               0.0389               0.0000              -0.0823              -0.1075              -0.1075               0.0132               0.0132
[Row   2]              -0.0276              -0.0289              -0.1770              -0.0000               0.1979               0.2699               0.2699              -0.0365              -0.0365
[Row   3]               0.0389              -0.1770               0.1193              -0.0000              -0.2686              -0.1050              -0.1050               0.0870               0.0870
[Row   4]               0.0000              -0.0000              -0.0000              -0.0177               0.0000               0.4752              -0.4752               0.0645              -0.0645
[Row   5]               0.0823              -0.1979               0.2686               0.0000              -0.4655               0.2594               0.2594               0.0794               0.0794
[Row   6]               0.0017               0.0133              -0.0144              -0.0000               0.0009               0.0084               0.0084               0.0084               0.0084
[Row   7]               0.0214              -0.1535              -0.0397               0.0000              -0.0554              -0.0308              -0.0308              -0.0308              -0.0308
[Row   8]               0.0597              -0.1353              -0.5018               0.0000              -0.0420               0.0345               0.0345               0.0345               0.0345
[Row   9]               0.0000              -0.0000              -0.0000               0.0542              -0.0000              -0.2072               0.2072               0.2072              -0.2072
[Row  10]               0.0700              -0.2933              -0.5215               0.0000              -0.1068              -0.1077              -0.1077               0.1077               0.1077
[Row  11]               2.0672              -0.2169               0.0145              -0.0000               0.0126               0.0132               0.0132              -0.1075              -0.1075
[Row  12]              -0.2169               0.8655              -0.0003               0.0000              -0.0335              -0.0365              -0.0365               0.2699               0.2699
[Row  13]               0.0145              -0.0003               0.7152              -0.0000              -0.0928               0.0870               0.0870              -0.1050              -0.1050
[Row  14]              -0.0000               0.0000              -0.0000               0.6618              -0.0000              -0.0645               0.0645              -0.4752               0.4752
[Row  15]               0.0126              -0.0335              -0.0928              -0.0000               0.6137              -0.0794              -0.0794              -0.2594              -0.2594
[Row  16]               0.0132              -0.0365               0.0870              -0.0645              -0.0794               0.5945              -0.1562               0.0528              -0.0542
[Row  17]               0.0132              -0.0365               0.0870               0.0645              -0.0794              -0.1562               0.5945              -0.0542               0.0528
[Row  18]              -0.1075               0.2699              -0.1050              -0.4752              -0.2594               0.0528              -0.0542               0.5945              -0.1562
[Row  19]              -0.1075               0.2699              -0.1050               0.4752              -0.2594              -0.0542               0.0528              -0.1562               0.5945
====== P^(AO) = SPS =====

                  [Col  1]              [Col  2]              [Col  3]              [Col  4]              [Col  5]              [Col  6]              [Col  7]              [Col  8]              [Col  9]              [Col 10]
[Row   1]               1.9995               0.5054               0.0019               0.0000              -0.0017               0.0001               0.0324              -0.0472               0.0000               0.0256
[Row   2]               0.5054               1.8398              -0.0567              -0.0000               0.0273               0.0413               0.5234              -0.5381               0.0000               0.3415
[Row   3]               0.0019              -0.0567               1.3508              -0.0000              -0.0007               0.0566               0.6301              -0.6838              -0.0000               0.7439
[Row   4]               0.0000              -0.0000              -0.0000               1.6500               0.0000              -0.0000              -0.0000               0.0000               0.3256               0.0000
[Row   5]              -0.0017               0.0273              -0.0007               0.0000               1.5791              -0.0350              -0.3563               0.4660               0.0000               0.0732
[Row   6]               0.0001               0.0413               0.0566              -0.0000              -0.0350               1.9999               0.4746              -0.0071              -0.0000               0.0000
[Row   7]               0.0324               0.5234               0.6301              -0.0000              -0.3563               0.4746               1.9877               0.0738              -0.0000              -0.0000
[Row   8]              -0.0472              -0.5381              -0.6838               0.0000               0.4660              -0.0071               0.0738               1.5561               0.0000              -0.0000
[Row   9]               0.0000               0.0000              -0.0000               0.3256               0.0000              -0.0000              -0.0000               0.0000               1.9756              -0.0000
[Row  10]               0.0256               0.3415               0.7439               0.0000               0.0732               0.0000              -0.0000              -0.0000              -0.0000               1.5255
[Row  11]               0.0001               0.0625               0.0033              -0.0000              -0.1018               0.0001               0.0324              -0.0472               0.0000              -0.0256
[Row  12]               0.0625               0.6879              -0.0750              -0.0000              -0.8119               0.0413               0.5234              -0.5381              -0.0000              -0.3415
[Row  13]               0.0033              -0.0750               0.5194              -0.0000               0.1972               0.0566               0.6301              -0.6838              -0.0000              -0.7439
[Row  14]               0.0000               0.0000              -0.0000               0.3864               0.0000              -0.0000              -0.0000               0.0000               0.3256               0.0000
[Row  15]               0.1018               0.8119              -0.1972              -0.0000              -0.8865               0.0350               0.3563              -0.4660              -0.0000               0.0732
[Row  16]               0.1179               1.1190              -0.2545               1.0345               0.6023               0.0073               0.1110              -0.0817               0.0067               0.0531
[Row  17]               0.1179               1.1190              -0.2545              -1.0345               0.6023               0.0073               0.1110              -0.0817              -0.0067               0.0531
[Row  18]               0.0097               0.1746               0.0014              -0.1132              -0.1862               0.0073               0.1110              -0.0817              -0.0067              -0.0531
[Row  19]               0.0097               0.1746               0.0014               0.1132              -0.1862               0.0073               0.1110              -0.0817               0.0067              -0.0531
                  [Col 11]              [Col 12]              [Col 13]              [Col 14]              [Col 15]              [Col 16]              [Col 17]              [Col 18]              [Col 19]
[Row   1]               0.0001               0.0625               0.0033               0.0000               0.1018               0.1179               0.1179               0.0097               0.0097
[Row   2]               0.0625               0.6879              -0.0750               0.0000               0.8119               1.1190               1.1190               0.1746               0.1746
[Row   3]               0.0033              -0.0750               0.5194              -0.0000              -0.1972              -0.2545              -0.2545               0.0014               0.0014
[Row   4]              -0.0000              -0.0000              -0.0000               0.3864              -0.0000               1.0345              -1.0345              -0.1132               0.1132
[Row   5]              -0.1018              -0.8119               0.1972               0.0000              -0.8865               0.6023               0.6023              -0.1862              -0.1862
[Row   6]               0.0001               0.0413               0.0566              -0.0000               0.0350               0.0073               0.0073               0.0073               0.0073
[Row   7]               0.0324               0.5234               0.6301              -0.0000               0.3563               0.1110               0.1110               0.1110               0.1110
[Row   8]              -0.0472              -0.5381              -0.6838               0.0000              -0.4660              -0.0817              -0.0817              -0.0817              -0.0817
[Row   9]               0.0000              -0.0000              -0.0000               0.3256              -0.0000               0.0067              -0.0067              -0.0067               0.0067
[Row  10]              -0.0256              -0.3415              -0.7439               0.0000               0.0732               0.0531               0.0531              -0.0531              -0.0531
[Row  11]               1.9995               0.5054               0.0019               0.0000               0.0017               0.0097               0.0097               0.1179               0.1179
[Row  12]               0.5054               1.8398              -0.0567               0.0000              -0.0273               0.1746               0.1746               1.1190               1.1190
[Row  13]               0.0019              -0.0567               1.3508              -0.0000               0.0007               0.0014               0.0014              -0.2545              -0.2545
[Row  14]               0.0000               0.0000              -0.0000               1.6500              -0.0000               0.1132              -0.1132              -1.0345               1.0345
[Row  15]               0.0017              -0.0273               0.0007              -0.0000               1.5791               0.1862               0.1862              -0.6023              -0.6023
[Row  16]               0.0097               0.1746               0.0014               0.1132               0.1862               1.6322               0.2801               0.0531               0.0615
[Row  17]               0.0097               0.1746               0.0014              -0.1132               0.1862               0.2801               1.6322               0.0615               0.0531
[Row  18]               0.1179               1.1190              -0.2545              -1.0345              -0.6023               0.0531               0.0615               1.6322               0.2801
[Row  19]               0.1179               1.1190              -0.2545               1.0345              -0.6023               0.0615               0.0531               0.2801               1.6322
====== S^(AO) = S =====

                  [Col  1]              [Col  2]              [Col  3]              [Col  4]              [Col  5]              [Col  6]              [Col  7]              [Col  8]              [Col  9]              [Col 10]
[Row   1]               1.0000               0.2484               0.0000               0.0000               0.0000               0.0000               0.0166              -0.0259               0.0000               0.0153
[Row   2]               0.2484               1.0000               0.0000               0.0000               0.0000               0.0216               0.2520              -0.2138               0.0000               0.1265
[Row   3]               0.0000               0.0000               1.0000               0.0000              -0.0000               0.0309               0.2877              -0.1760               0.0000               0.1813
[Row   4]               0.0000               0.0000               0.0000               1.0000               0.0000               0.0000               0.0000               0.0000               0.1305               0.0000
[Row   5]               0.0000               0.0000              -0.0000               0.0000               1.0000              -0.0183              -0.1702               0.1813               0.0000               0.0232
[Row   6]               0.0000               0.0216               0.0309               0.0000              -0.0183               1.0000               0.2367               0.0000               0.0000               0.0000
[Row   7]               0.0166               0.2520               0.2877               0.0000              -0.1702               0.2367               1.0000               0.0000               0.0000               0.0000
[Row   8]              -0.0259              -0.2138              -0.1760               0.0000               0.1813               0.0000               0.0000               1.0000               0.0000               0.0000
[Row   9]               0.0000               0.0000               0.0000               0.1305               0.0000               0.0000               0.0000               0.0000               1.0000               0.0000
[Row  10]               0.0153               0.1265               0.1813               0.0000               0.0232               0.0000               0.0000               0.0000               0.0000               1.0000
[Row  11]               0.0000               0.0322              -0.0000               0.0000              -0.0535               0.0000               0.0166              -0.0259               0.0000              -0.0153
[Row  12]               0.0322               0.3338               0.0000               0.0000              -0.3648               0.0216               0.2520              -0.2138               0.0000              -0.1265
[Row  13]               0.0000               0.0000               0.1898               0.0000              -0.0000               0.0309               0.2877              -0.1760               0.0000              -0.1813
[Row  14]               0.0000               0.0000               0.0000               0.1898               0.0000               0.0000               0.0000               0.0000               0.1305               0.0000
[Row  15]               0.0535               0.3648               0.0000               0.0000              -0.3237               0.0183               0.1702              -0.1813               0.0000               0.0232
[Row  16]               0.0627               0.4923              -0.0944               0.3960               0.2313               0.0035               0.0568              -0.0442               0.0279               0.0385
[Row  17]               0.0627               0.4923              -0.0944              -0.3960               0.2313               0.0035               0.0568              -0.0442              -0.0279               0.0385
[Row  18]               0.0047               0.0876              -0.0114              -0.0476              -0.1036               0.0035               0.0568              -0.0442              -0.0279              -0.0385
[Row  19]               0.0047               0.0876              -0.0114               0.0476              -0.1036               0.0035               0.0568              -0.0442               0.0279              -0.0385
                  [Col 11]              [Col 12]              [Col 13]              [Col 14]              [Col 15]              [Col 16]              [Col 17]              [Col 18]              [Col 19]
[Row   1]               0.0000               0.0322               0.0000               0.0000               0.0535               0.0627               0.0627               0.0047               0.0047
[Row   2]               0.0322               0.3338               0.0000               0.0000               0.3648               0.4923               0.4923               0.0876               0.0876
[Row   3]              -0.0000               0.0000               0.1898               0.0000               0.0000              -0.0944              -0.0944              -0.0114              -0.0114
[Row   4]               0.0000               0.0000               0.0000               0.1898               0.0000               0.3960              -0.3960              -0.0476               0.0476
[Row   5]              -0.0535              -0.3648              -0.0000               0.0000              -0.3237               0.2313               0.2313              -0.1036              -0.1036
[Row   6]               0.0000               0.0216               0.0309               0.0000               0.0183               0.0035               0.0035               0.0035               0.0035
[Row   7]               0.0166               0.2520               0.2877               0.0000               0.1702               0.0568               0.0568               0.0568               0.0568
[Row   8]              -0.0259              -0.2138              -0.1760               0.0000              -0.1813              -0.0442              -0.0442              -0.0442              -0.0442
[Row   9]               0.0000               0.0000               0.0000               0.1305               0.0000               0.0279              -0.0279              -0.0279               0.0279
[Row  10]              -0.0153              -0.1265              -0.1813               0.0000               0.0232               0.0385               0.0385              -0.0385              -0.0385
[Row  11]               1.0000               0.2484               0.0000               0.0000              -0.0000               0.0047               0.0047               0.0627               0.0627
[Row  12]               0.2484               1.0000               0.0000               0.0000              -0.0000               0.0876               0.0876               0.4923               0.4923
[Row  13]               0.0000               0.0000               1.0000               0.0000               0.0000              -0.0114              -0.0114              -0.0944              -0.0944
[Row  14]               0.0000               0.0000               0.0000               1.0000               0.0000               0.0476              -0.0476              -0.3960               0.3960
[Row  15]              -0.0000              -0.0000               0.0000               0.0000               1.0000               0.1036               0.1036              -0.2313              -0.2313
[Row  16]               0.0047               0.0876              -0.0114               0.0476               0.1036               1.0000               0.1544               0.0137               0.0461
[Row  17]               0.0047               0.0876              -0.0114              -0.0476               0.1036               0.1544               1.0000               0.0461               0.0137
[Row  18]               0.0627               0.4923              -0.0944              -0.3960              -0.2313               0.0137               0.0461               1.0000               0.1544
[Row  19]               0.0627               0.4923              -0.0944               0.3960              -0.2313               0.0461               0.0137               0.1544               1.0000
====== P^(AO) std gaussian m_l ordering SPS =====

                  [Col  1]              [Col  2]              [Col  3]              [Col  4]              [Col  5]              [Col  6]              [Col  7]              [Col  8]              [Col  9]              [Col 10]
[Row   1]               1.9995               0.5054               0.0000              -0.0017               0.0019               0.0001               0.0324               0.0000               0.0256              -0.0472
[Row   2]               0.5054               1.8398              -0.0000               0.0273              -0.0567               0.0413               0.5234               0.0000               0.3415              -0.5381
[Row   3]               0.0000              -0.0000               1.6500               0.0000              -0.0000              -0.0000              -0.0000               0.3256               0.0000               0.0000
[Row   4]              -0.0017               0.0273               0.0000               1.5791              -0.0007              -0.0350              -0.3563               0.0000               0.0732               0.4660
[Row   5]               0.0019              -0.0567              -0.0000              -0.0007               1.3508               0.0566               0.6301              -0.0000               0.7439              -0.6838
[Row   6]               0.0001               0.0413              -0.0000              -0.0350               0.0566               1.9999               0.4746              -0.0000               0.0000              -0.0071
[Row   7]               0.0324               0.5234              -0.0000              -0.3563               0.6301               0.4746               1.9877              -0.0000              -0.0000               0.0738
[Row   8]               0.0000               0.0000               0.3256               0.0000              -0.0000              -0.0000              -0.0000               1.9756              -0.0000               0.0000
[Row   9]               0.0256               0.3415               0.0000               0.0732               0.7439               0.0000              -0.0000              -0.0000               1.5255              -0.0000
[Row  10]              -0.0472              -0.5381               0.0000               0.4660              -0.6838              -0.0071               0.0738               0.0000              -0.0000               1.5561
[Row  11]               0.0001               0.0625              -0.0000              -0.1018               0.0033               0.0001               0.0324               0.0000              -0.0256              -0.0472
[Row  12]               0.0625               0.6879              -0.0000              -0.8119              -0.0750               0.0413               0.5234              -0.0000              -0.3415              -0.5381
[Row  13]               0.0000               0.0000               0.3864               0.0000              -0.0000              -0.0000              -0.0000               0.3256               0.0000               0.0000
[Row  14]               0.1018               0.8119              -0.0000              -0.8865              -0.1972               0.0350               0.3563              -0.0000               0.0732              -0.4660
[Row  15]               0.0033              -0.0750              -0.0000               0.1972               0.5194               0.0566               0.6301              -0.0000              -0.7439              -0.6838
[Row  16]               0.1179               1.1190               1.0345               0.6023              -0.2545               0.0073               0.1110               0.0067               0.0531              -0.0817
[Row  17]               0.1179               1.1190              -1.0345               0.6023              -0.2545               0.0073               0.1110              -0.0067               0.0531              -0.0817
[Row  18]               0.0097               0.1746              -0.1132              -0.1862               0.0014               0.0073               0.1110              -0.0067              -0.0531              -0.0817
[Row  19]               0.0097               0.1746               0.1132              -0.1862               0.0014               0.0073               0.1110               0.0067              -0.0531              -0.0817
                  [Col 11]              [Col 12]              [Col 13]              [Col 14]              [Col 15]              [Col 16]              [Col 17]              [Col 18]              [Col 19]
[Row   1]               0.0001               0.0625               0.0000               0.1018               0.0033               0.1179               0.1179               0.0097               0.0097
[Row   2]               0.0625               0.6879               0.0000               0.8119              -0.0750               1.1190               1.1190               0.1746               0.1746
[Row   3]              -0.0000              -0.0000               0.3864              -0.0000              -0.0000               1.0345              -1.0345              -0.1132               0.1132
[Row   4]              -0.1018              -0.8119               0.0000              -0.8865               0.1972               0.6023               0.6023              -0.1862              -0.1862
[Row   5]               0.0033              -0.0750              -0.0000              -0.1972               0.5194              -0.2545              -0.2545               0.0014               0.0014
[Row   6]               0.0001               0.0413              -0.0000               0.0350               0.0566               0.0073               0.0073               0.0073               0.0073
[Row   7]               0.0324               0.5234              -0.0000               0.3563               0.6301               0.1110               0.1110               0.1110               0.1110
[Row   8]               0.0000              -0.0000               0.3256              -0.0000              -0.0000               0.0067              -0.0067              -0.0067               0.0067
[Row   9]              -0.0256              -0.3415               0.0000               0.0732              -0.7439               0.0531               0.0531              -0.0531              -0.0531
[Row  10]              -0.0472              -0.5381               0.0000              -0.4660              -0.6838              -0.0817              -0.0817              -0.0817              -0.0817
[Row  11]               1.9995               0.5054               0.0000               0.0017               0.0019               0.0097               0.0097               0.1179               0.1179
[Row  12]               0.5054               1.8398               0.0000              -0.0273              -0.0567               0.1746               0.1746               1.1190               1.1190
[Row  13]               0.0000               0.0000               1.6500              -0.0000              -0.0000               0.1132              -0.1132              -1.0345               1.0345
[Row  14]               0.0017              -0.0273              -0.0000               1.5791               0.0007               0.1862               0.1862              -0.6023              -0.6023
[Row  15]               0.0019              -0.0567              -0.0000               0.0007               1.3508               0.0014               0.0014              -0.2545              -0.2545
[Row  16]               0.0097               0.1746               0.1132               0.1862               0.0014               1.6322               0.2801               0.0531               0.0615
[Row  17]               0.0097               0.1746              -0.1132               0.1862               0.0014               0.2801               1.6322               0.0615               0.0531
[Row  18]               0.1179               1.1190              -1.0345              -0.6023              -0.2545               0.0531               0.0615               1.6322               0.2801
[Row  19]               0.1179               1.1190               1.0345              -0.6023              -0.2545               0.0615               0.0531               0.2801               1.6322
====== S^(AO) std gaussian m_l ordering =====

                  [Col  1]              [Col  2]              [Col  3]              [Col  4]              [Col  5]              [Col  6]              [Col  7]              [Col  8]              [Col  9]              [Col 10]
[Row   1]               1.0000               0.2484               0.0000               0.0000               0.0000               0.0000               0.0166               0.0000               0.0153              -0.0259
[Row   2]               0.2484               1.0000               0.0000               0.0000               0.0000               0.0216               0.2520               0.0000               0.1265              -0.2138
[Row   3]               0.0000               0.0000               1.0000               0.0000               0.0000               0.0000               0.0000               0.1305               0.0000               0.0000
[Row   4]               0.0000               0.0000               0.0000               1.0000              -0.0000              -0.0183              -0.1702               0.0000               0.0232               0.1813
[Row   5]               0.0000               0.0000               0.0000              -0.0000               1.0000               0.0309               0.2877               0.0000               0.1813              -0.1760
[Row   6]               0.0000               0.0216               0.0000              -0.0183               0.0309               1.0000               0.2367               0.0000               0.0000               0.0000
[Row   7]               0.0166               0.2520               0.0000              -0.1702               0.2877               0.2367               1.0000               0.0000               0.0000               0.0000
[Row   8]               0.0000               0.0000               0.1305               0.0000               0.0000               0.0000               0.0000               1.0000               0.0000               0.0000
[Row   9]               0.0153               0.1265               0.0000               0.0232               0.1813               0.0000               0.0000               0.0000               1.0000               0.0000
[Row  10]              -0.0259              -0.2138               0.0000               0.1813              -0.1760               0.0000               0.0000               0.0000               0.0000               1.0000
[Row  11]               0.0000               0.0322               0.0000              -0.0535              -0.0000               0.0000               0.0166               0.0000              -0.0153              -0.0259
[Row  12]               0.0322               0.3338               0.0000              -0.3648               0.0000               0.0216               0.2520               0.0000              -0.1265              -0.2138
[Row  13]               0.0000               0.0000               0.1898               0.0000               0.0000               0.0000               0.0000               0.1305               0.0000               0.0000
[Row  14]               0.0535               0.3648               0.0000              -0.3237               0.0000               0.0183               0.1702               0.0000               0.0232              -0.1813
[Row  15]               0.0000               0.0000               0.0000              -0.0000               0.1898               0.0309               0.2877               0.0000              -0.1813              -0.1760
[Row  16]               0.0627               0.4923               0.3960               0.2313              -0.0944               0.0035               0.0568               0.0279               0.0385              -0.0442
[Row  17]               0.0627               0.4923              -0.3960               0.2313              -0.0944               0.0035               0.0568              -0.0279               0.0385              -0.0442
[Row  18]               0.0047               0.0876              -0.0476              -0.1036              -0.0114               0.0035               0.0568              -0.0279              -0.0385              -0.0442
[Row  19]               0.0047               0.0876               0.0476              -0.1036              -0.0114               0.0035               0.0568               0.0279              -0.0385              -0.0442
                  [Col 11]              [Col 12]              [Col 13]              [Col 14]              [Col 15]              [Col 16]              [Col 17]              [Col 18]              [Col 19]
[Row   1]               0.0000               0.0322               0.0000               0.0535               0.0000               0.0627               0.0627               0.0047               0.0047
[Row   2]               0.0322               0.3338               0.0000               0.3648               0.0000               0.4923               0.4923               0.0876               0.0876
[Row   3]               0.0000               0.0000               0.1898               0.0000               0.0000               0.3960              -0.3960              -0.0476               0.0476
[Row   4]              -0.0535              -0.3648               0.0000              -0.3237              -0.0000               0.2313               0.2313              -0.1036              -0.1036
[Row   5]              -0.0000               0.0000               0.0000               0.0000               0.1898              -0.0944              -0.0944              -0.0114              -0.0114
[Row   6]               0.0000               0.0216               0.0000               0.0183               0.0309               0.0035               0.0035               0.0035               0.0035
[Row   7]               0.0166               0.2520               0.0000               0.1702               0.2877               0.0568               0.0568               0.0568               0.0568
[Row   8]               0.0000               0.0000               0.1305               0.0000               0.0000               0.0279              -0.0279              -0.0279               0.0279
[Row   9]              -0.0153              -0.1265               0.0000               0.0232              -0.1813               0.0385               0.0385              -0.0385              -0.0385
[Row  10]              -0.0259              -0.2138               0.0000              -0.1813              -0.1760              -0.0442              -0.0442              -0.0442              -0.0442
[Row  11]               1.0000               0.2484               0.0000              -0.0000               0.0000               0.0047               0.0047               0.0627               0.0627
[Row  12]               0.2484               1.0000               0.0000              -0.0000               0.0000               0.0876               0.0876               0.4923               0.4923
[Row  13]               0.0000               0.0000               1.0000               0.0000               0.0000               0.0476              -0.0476              -0.3960               0.3960
[Row  14]              -0.0000              -0.0000               0.0000               1.0000               0.0000               0.1036               0.1036              -0.2313              -0.2313
[Row  15]               0.0000               0.0000               0.0000               0.0000               1.0000              -0.0114              -0.0114              -0.0944              -0.0944
[Row  16]               0.0047               0.0876               0.0476               0.1036              -0.0114               1.0000               0.1544               0.0137               0.0461
[Row  17]               0.0047               0.0876              -0.0476               0.1036              -0.0114               0.1544               1.0000               0.0461               0.0137
[Row  18]               0.0627               0.4923              -0.3960              -0.2313              -0.0944               0.0137               0.0461               1.0000               0.1544
[Row  19]               0.0627               0.4923               0.3960              -0.2313              -0.0944               0.0461               0.0137               0.1544               1.0000
