molecule mol101.xyz
System:, atNum: 6 coords [              0.0000               0.0000              -2.3517]
System:, atNum: 14 coords [              0.0000               0.0000               1.2013]
System:, atNum: 1 coords [              0.0000              -1.9271              -3.0923]
System:, atNum: 1 coords [             -1.6689               0.9635              -3.0923]
System:, atNum: 1 coords [              1.6689               0.9635              -3.0923]
System:, atNum: 1 coords [              0.0000               2.6291               2.1896]
System:, atNum: 1 coords [             -2.2768              -1.3145               2.1896]
System:, atNum: 1 coords [              2.2768              -1.3145               2.1896]
===== Original AO-S matrix =====

                  [Col  1]              [Col  2]              [Col  3]              [Col  4]              [Col  5]              [Col  6]              [Col  7]              [Col  8]              [Col  9]              [Col 10]
[Row   1]               1.0000               0.2484               0.0000               0.0000               0.0000               0.0000               0.0000              -0.0000               0.0000               0.0000
[Row   2]               0.2484               1.0000               0.0000               0.0000               0.0000               0.0027               0.0252              -0.0177               0.0000               0.0000
[Row   3]               0.0000               0.0000               1.0000               0.0000               0.0000               0.0052               0.0450              -0.0281               0.0000               0.0000
[Row   4]               0.0000               0.0000               0.0000               1.0000               0.0000               0.0000               0.0000               0.0000               0.0061               0.0000
[Row   5]               0.0000               0.0000               0.0000               0.0000               1.0000               0.0000               0.0000               0.0000               0.0000               0.0061
[Row   6]               0.0000               0.0027               0.0052               0.0000               0.0000               1.0000               0.3142              -0.0000               0.0000               0.0000
[Row   7]               0.0000               0.0252               0.0450               0.0000               0.0000               0.3142               1.0000               0.0000               0.0000               0.0000
[Row   8]              -0.0000              -0.0177              -0.0281               0.0000               0.0000              -0.0000               0.0000               1.0000               0.0000               0.0000
[Row   9]               0.0000               0.0000               0.0000               0.0061               0.0000               0.0000               0.0000               0.0000               1.0000               0.0000
[Row  10]               0.0000               0.0000               0.0000               0.0000               0.0061               0.0000               0.0000               0.0000               0.0000               1.0000
[Row  11]               0.0227               0.2536               0.2631               0.0000               0.0000               0.0136               0.2542              -0.0000               0.0000               0.0000
[Row  12]              -0.0381              -0.3373              -0.3087               0.0000               0.0000              -0.0000              -0.0000               0.2685               0.0000               0.0000
[Row  13]               0.0000               0.0000               0.0000               0.1318               0.0000               0.0000               0.0000               0.0000               0.2685               0.0000
[Row  14]               0.0000               0.0000               0.0000               0.0000               0.1318               0.0000               0.0000               0.0000               0.0000               0.2685
[Row  15]               0.0619               0.4893              -0.1673               0.0000              -0.4354               0.0006               0.0053              -0.0034               0.0000              -0.0015
[Row  16]               0.0619               0.4893              -0.1673              -0.3771               0.2177               0.0006               0.0053              -0.0034              -0.0013               0.0008
[Row  17]               0.0619               0.4893              -0.1673               0.3771               0.2177               0.0006               0.0053              -0.0034               0.0013               0.0008
[Row  18]               0.0009               0.0283               0.0361               0.0000               0.0209               0.0067               0.0577               0.0113               0.0000               0.0301
[Row  19]               0.0009               0.0283               0.0361              -0.0181              -0.0105               0.0067               0.0577               0.0113              -0.0261              -0.0151
[Row  20]               0.0009               0.0283               0.0361               0.0181              -0.0105               0.0067               0.0577               0.0113               0.0261              -0.0151
                  [Col 11]              [Col 12]              [Col 13]              [Col 14]              [Col 15]              [Col 16]              [Col 17]              [Col 18]              [Col 19]              [Col 20]
[Row   1]               0.0227              -0.0381               0.0000               0.0000               0.0619               0.0619               0.0619               0.0009               0.0009               0.0009
[Row   2]               0.2536              -0.3373               0.0000               0.0000               0.4893               0.4893               0.4893               0.0283               0.0283               0.0283
[Row   3]               0.2631              -0.3087               0.0000               0.0000              -0.1673              -0.1673              -0.1673               0.0361               0.0361               0.0361
[Row   4]               0.0000               0.0000               0.1318               0.0000               0.0000              -0.3771               0.3771               0.0000              -0.0181               0.0181
[Row   5]               0.0000               0.0000               0.0000               0.1318              -0.4354               0.2177               0.2177               0.0209              -0.0105              -0.0105
[Row   6]               0.0136              -0.0000               0.0000               0.0000               0.0006               0.0006               0.0006               0.0067               0.0067               0.0067
[Row   7]               0.2542              -0.0000               0.0000               0.0000               0.0053               0.0053               0.0053               0.0577               0.0577               0.0577
[Row   8]              -0.0000               0.2685               0.0000               0.0000              -0.0034              -0.0034              -0.0034               0.0113               0.0113               0.0113
[Row   9]               0.0000               0.0000               0.2685               0.0000               0.0000              -0.0013               0.0013               0.0000              -0.0261               0.0261
[Row  10]               0.0000               0.0000               0.0000               0.2685              -0.0015               0.0008               0.0008               0.0301              -0.0151              -0.0151
[Row  11]               1.0000              -0.0000               0.0000               0.0000               0.0910               0.0910               0.0910               0.3810               0.3810               0.3810
[Row  12]              -0.0000               1.0000               0.0000               0.0000              -0.1192              -0.1192              -0.1192               0.1581               0.1581               0.1581
[Row  13]               0.0000               0.0000               1.0000               0.0000               0.0000              -0.0463               0.0463               0.0000              -0.3642               0.3642
[Row  14]               0.0000               0.0000               0.0000               1.0000              -0.0535               0.0267               0.0267               0.4205              -0.2103              -0.2103
[Row  15]               0.0910              -0.1192               0.0000              -0.0535               1.0000               0.1729               0.1729               0.0038               0.0160               0.0160
[Row  16]               0.0910              -0.1192              -0.0463               0.0267               0.1729               1.0000               0.1729               0.0160               0.0160               0.0038
[Row  17]               0.0910              -0.1192               0.0463               0.0267               0.1729               0.1729               1.0000               0.0160               0.0038               0.0160
[Row  18]               0.3810               0.1581               0.0000               0.4205               0.0038               0.0160               0.0160               1.0000               0.0585               0.0585
[Row  19]               0.3810               0.1581              -0.3642              -0.2103               0.0160               0.0160               0.0038               0.0585               1.0000               0.0585
[Row  20]               0.3810               0.1581               0.3642              -0.2103               0.0160               0.0038               0.0160               0.0585               0.0585               1.0000
nbas 20
 ===== CA ===== 

                  [Col  1]              [Col  2]              [Col  3]              [Col  4]              [Col  5]              [Col  6]              [Col  7]              [Col  8]              [Col  9]              [Col 10]
[Row   1]              -0.0001               0.9919              -0.0008               0.0000              -0.0000               0.0010               0.2167               0.0435              -0.0000              -0.0000
[Row   2]               0.0007               0.0375               0.0078              -0.0000               0.0000              -0.0159              -0.6271              -0.1377               0.0000               0.0000
[Row   3]               0.0006              -0.0012               0.0060              -0.0000               0.0000              -0.0109               0.0097               0.1877               0.0000               0.0000
[Row   4]              -0.0000               0.0000               0.0000              -0.0000               0.0055               0.0000              -0.0000              -0.0000               0.5402              -0.0000
[Row   5]               0.0000              -0.0000               0.0000               0.0055               0.0000              -0.0000               0.0000               0.0000               0.0000               0.5402
[Row   6]               0.9939              -0.0001               0.3436               0.0000              -0.0000               0.0001              -0.0231               0.0689              -0.0000              -0.0000
[Row   7]               0.0189               0.0003              -1.0376              -0.0000               0.0000              -0.0005               0.0866              -0.2544               0.0000               0.0000
[Row   8]              -0.0000              -0.0006               0.0002              -0.0000               0.0000              -0.9760              -0.0413              -0.0291               0.0000               0.0000
[Row   9]              -0.0000              -0.0000              -0.0000               0.0000              -0.9761              -0.0000              -0.0000               0.0000              -0.0662               0.0000
[Row  10]               0.0000              -0.0000               0.0000              -0.9761              -0.0000               0.0000              -0.0000              -0.0000              -0.0000              -0.0662
[Row  11]              -0.0039              -0.0046              -0.0606              -0.0000               0.0000              -0.0003              -0.1755               0.6206              -0.0000              -0.0000
[Row  12]               0.0000               0.0046               0.0002              -0.0000               0.0000              -0.0833               0.0664               0.0583              -0.0000              -0.0000
[Row  13]              -0.0000               0.0000              -0.0000               0.0000              -0.0831              -0.0000               0.0000              -0.0000               0.1498              -0.0000
[Row  14]              -0.0000               0.0000              -0.0000              -0.0831              -0.0000               0.0000               0.0000               0.0000               0.0000               0.1498
[Row  15]               0.0000              -0.0069               0.0008              -0.0009              -0.0000              -0.0013              -0.1876              -0.0972              -0.0000              -0.4689
[Row  16]               0.0000              -0.0069               0.0008               0.0004              -0.0007              -0.0013              -0.1876              -0.0972              -0.4061               0.2345
[Row  17]               0.0000              -0.0069               0.0008               0.0004               0.0007              -0.0013              -0.1876              -0.0972               0.4061               0.2345
[Row  18]               0.0009               0.0004               0.0098               0.0182               0.0000               0.0068              -0.0287               0.2308               0.0000               0.1244
[Row  19]               0.0009               0.0004               0.0098              -0.0091              -0.0157               0.0068              -0.0287               0.2308              -0.1078              -0.0622
[Row  20]               0.0009               0.0004               0.0098              -0.0091               0.0157               0.0068              -0.0287               0.2308               0.1078              -0.0622
                  [Col 11]              [Col 12]              [Col 13]              [Col 14]              [Col 15]              [Col 16]              [Col 17]              [Col 18]              [Col 19]              [Col 20]
[Row   1]              -0.0000              -0.0000               0.0376               0.1045              -0.0000              -0.0000               0.0881               0.0000              -0.0000               0.2045
[Row   2]               0.0000               0.0000              -0.1746              -0.5949               0.0000              -0.0000              -0.5227              -0.0000               0.0000              -1.3107
[Row   3]               0.0000               0.0000              -0.6026              -0.5994               0.0000              -0.0000              -0.4758               0.0000              -0.0000               0.6690
[Row   4]              -0.0000               0.1672               0.0000              -0.0000               0.2465               0.0000               0.0000               1.0801               0.0000              -0.0000
[Row   5]               0.1672               0.0000               0.0000              -0.0000              -0.0000               0.2465              -0.0000              -0.0000               1.0801               0.0000
[Row   6]               0.0000               0.0000              -0.0057               0.0748              -0.0000               0.0000              -0.0191               0.0000               0.0000              -0.0030
[Row   7]              -0.0000              -0.0000               0.0198              -0.2361               0.0000              -0.0000               0.0576              -0.0000              -0.0000               0.0086
[Row   8]               0.0000               0.0000              -0.1865               0.0813              -0.0000               0.0000               0.3172               0.0000               0.0000              -0.0195
[Row   9]              -0.0000               0.1827               0.0000               0.0000              -0.3052              -0.0000              -0.0000               0.1165               0.0000              -0.0000
[Row  10]               0.1827               0.0000               0.0000               0.0000               0.0000              -0.3052               0.0000              -0.0000               0.1165               0.0000
[Row  11]               0.0000               0.0000              -0.0701               1.2563              -0.0000               0.0000              -0.3463               0.0000               0.0000              -0.0577
[Row  12]              -0.0000              -0.0000               0.4435              -0.2846               0.0000              -0.0000              -1.1240              -0.0000              -0.0000               0.0740
[Row  13]               0.0000              -0.4338              -0.0000              -0.0000               1.0755               0.0000               0.0000              -0.4259              -0.0000               0.0000
[Row  14]              -0.4338              -0.0000              -0.0000              -0.0000              -0.0000               1.0755              -0.0000               0.0000              -0.4259              -0.0000
[Row  15]              -0.1714              -0.0000               0.1427               0.0658              -0.0000               0.3540               0.0601              -0.0000               0.9239               0.7442
[Row  16]               0.0857              -0.1485               0.1427               0.0658               0.3066              -0.1770               0.0601               0.8001              -0.4620               0.7442
[Row  17]               0.0857               0.1485               0.1427               0.0658              -0.3066              -0.1770               0.0601              -0.8001              -0.4620               0.7442
[Row  18]              -0.5690              -0.0000               0.1820              -0.5268               0.0000              -0.7747               0.4409              -0.0000               0.2566              -0.0048
[Row  19]               0.2845               0.4928               0.1820              -0.5268               0.6709               0.3874               0.4409              -0.2222              -0.1283              -0.0048
[Row  20]               0.2845              -0.4928               0.1820              -0.5268              -0.6709               0.3873               0.4409               0.2222              -0.1283              -0.0048
 ===== CB ===== 

                  [Col  1]              [Col  2]              [Col  3]              [Col  4]              [Col  5]              [Col  6]              [Col  7]              [Col  8]              [Col  9]              [Col 10]
[Row   1]              -0.0001               0.9919              -0.0008               0.0000              -0.0000               0.0010               0.2167               0.0435              -0.0000              -0.0000
[Row   2]               0.0007               0.0375               0.0078              -0.0000               0.0000              -0.0159              -0.6271              -0.1377               0.0000               0.0000
[Row   3]               0.0006              -0.0012               0.0060              -0.0000               0.0000              -0.0109               0.0097               0.1877               0.0000               0.0000
[Row   4]              -0.0000               0.0000               0.0000              -0.0000               0.0055               0.0000              -0.0000              -0.0000               0.5402              -0.0000
[Row   5]               0.0000              -0.0000               0.0000               0.0055               0.0000              -0.0000               0.0000               0.0000               0.0000               0.5402
[Row   6]               0.9939              -0.0001               0.3436               0.0000              -0.0000               0.0001              -0.0231               0.0689              -0.0000              -0.0000
[Row   7]               0.0189               0.0003              -1.0376              -0.0000               0.0000              -0.0005               0.0866              -0.2544               0.0000               0.0000
[Row   8]              -0.0000              -0.0006               0.0002              -0.0000               0.0000              -0.9760              -0.0413              -0.0291               0.0000               0.0000
[Row   9]              -0.0000              -0.0000              -0.0000               0.0000              -0.9761              -0.0000              -0.0000               0.0000              -0.0662               0.0000
[Row  10]               0.0000              -0.0000               0.0000              -0.9761              -0.0000               0.0000              -0.0000              -0.0000              -0.0000              -0.0662
[Row  11]              -0.0039              -0.0046              -0.0606              -0.0000               0.0000              -0.0003              -0.1755               0.6206              -0.0000              -0.0000
[Row  12]               0.0000               0.0046               0.0002              -0.0000               0.0000              -0.0833               0.0664               0.0583              -0.0000              -0.0000
[Row  13]              -0.0000               0.0000              -0.0000               0.0000              -0.0831              -0.0000               0.0000              -0.0000               0.1498              -0.0000
[Row  14]              -0.0000               0.0000              -0.0000              -0.0831              -0.0000               0.0000               0.0000               0.0000               0.0000               0.1498
[Row  15]               0.0000              -0.0069               0.0008              -0.0009              -0.0000              -0.0013              -0.1876              -0.0972              -0.0000              -0.4689
[Row  16]               0.0000              -0.0069               0.0008               0.0004              -0.0007              -0.0013              -0.1876              -0.0972              -0.4061               0.2345
[Row  17]               0.0000              -0.0069               0.0008               0.0004               0.0007              -0.0013              -0.1876              -0.0972               0.4061               0.2345
[Row  18]               0.0009               0.0004               0.0098               0.0182               0.0000               0.0068              -0.0287               0.2308               0.0000               0.1244
[Row  19]               0.0009               0.0004               0.0098              -0.0091              -0.0157               0.0068              -0.0287               0.2308              -0.1078              -0.0622
[Row  20]               0.0009               0.0004               0.0098              -0.0091               0.0157               0.0068              -0.0287               0.2308               0.1078              -0.0622
                  [Col 11]              [Col 12]              [Col 13]              [Col 14]              [Col 15]              [Col 16]              [Col 17]              [Col 18]              [Col 19]              [Col 20]
[Row   1]              -0.0000              -0.0000               0.0376               0.1045              -0.0000              -0.0000               0.0881               0.0000              -0.0000               0.2045
[Row   2]               0.0000               0.0000              -0.1746              -0.5949               0.0000              -0.0000              -0.5227              -0.0000               0.0000              -1.3107
[Row   3]               0.0000               0.0000              -0.6026              -0.5994               0.0000              -0.0000              -0.4758               0.0000              -0.0000               0.6690
[Row   4]              -0.0000               0.1672               0.0000              -0.0000               0.2465               0.0000               0.0000               1.0801               0.0000              -0.0000
[Row   5]               0.1672               0.0000               0.0000              -0.0000              -0.0000               0.2465              -0.0000              -0.0000               1.0801               0.0000
[Row   6]               0.0000               0.0000              -0.0057               0.0748              -0.0000               0.0000              -0.0191               0.0000               0.0000              -0.0030
[Row   7]              -0.0000              -0.0000               0.0198              -0.2361               0.0000              -0.0000               0.0576              -0.0000              -0.0000               0.0086
[Row   8]               0.0000               0.0000              -0.1865               0.0813              -0.0000               0.0000               0.3172               0.0000               0.0000              -0.0195
[Row   9]              -0.0000               0.1827               0.0000               0.0000              -0.3052              -0.0000              -0.0000               0.1165               0.0000              -0.0000
[Row  10]               0.1827               0.0000               0.0000               0.0000               0.0000              -0.3052               0.0000              -0.0000               0.1165               0.0000
[Row  11]               0.0000               0.0000              -0.0701               1.2563              -0.0000               0.0000              -0.3463               0.0000               0.0000              -0.0577
[Row  12]              -0.0000              -0.0000               0.4435              -0.2846               0.0000              -0.0000              -1.1240              -0.0000              -0.0000               0.0740
[Row  13]               0.0000              -0.4338              -0.0000              -0.0000               1.0755               0.0000               0.0000              -0.4259              -0.0000               0.0000
[Row  14]              -0.4338              -0.0000              -0.0000              -0.0000              -0.0000               1.0755              -0.0000               0.0000              -0.4259              -0.0000
[Row  15]              -0.1714              -0.0000               0.1427               0.0658              -0.0000               0.3540               0.0601              -0.0000               0.9239               0.7442
[Row  16]               0.0857              -0.1485               0.1427               0.0658               0.3066              -0.1770               0.0601               0.8001              -0.4620               0.7442
[Row  17]               0.0857               0.1485               0.1427               0.0658              -0.3066              -0.1770               0.0601              -0.8001              -0.4620               0.7442
[Row  18]              -0.5690              -0.0000               0.1820              -0.5268               0.0000              -0.7747               0.4409              -0.0000               0.2566              -0.0048
[Row  19]               0.2845               0.4928               0.1820              -0.5268               0.6709               0.3874               0.4409              -0.2222              -0.1283              -0.0048
[Row  20]               0.2845              -0.4928               0.1820              -0.5268              -0.6709               0.3873               0.4409               0.2222              -0.1283              -0.0048
 ===== P_psi ===== Dalpha+Dbeta 

                  [Col  1]              [Col  2]              [Col  3]              [Col  4]              [Col  5]              [Col  6]              [Col  7]              [Col  8]              [Col  9]              [Col 10]
[Row   1]               2.0684              -0.2226              -0.0272               0.0000               0.0000              -0.0054               0.0192              -0.0378              -0.0000               0.0000
[Row   2]              -0.2226               0.8888               0.1470              -0.0000               0.0000               0.0187              -0.0616               0.1559              -0.0000              -0.0000
[Row   3]              -0.0272               0.1470               0.7971               0.0000              -0.0000               0.0376              -0.1301               0.2343               0.0000               0.0000
[Row   4]               0.0000              -0.0000               0.0000               0.6395               0.0000               0.0000              -0.0000               0.0000              -0.0212               0.0000
[Row   5]               0.0000               0.0000              -0.0000               0.0000               0.6395              -0.0000               0.0000              -0.0000              -0.0000              -0.0212
[Row   6]              -0.0054               0.0187               0.0376               0.0000              -0.0000               2.2226              -0.7147              -0.0001              -0.0000               0.0000
[Row   7]               0.0192              -0.0616              -0.1301              -0.0000               0.0000              -0.7147               2.2992               0.0008               0.0000              -0.0000
[Row   8]              -0.0378               0.1559               0.2343               0.0000              -0.0000              -0.0001               0.0008               1.9797               0.0000               0.0000
[Row   9]              -0.0000              -0.0000               0.0000              -0.0212              -0.0000              -0.0000               0.0000               0.0000               1.9810               0.0000
[Row  10]               0.0000              -0.0000               0.0000               0.0000              -0.0212               0.0000              -0.0000               0.0000               0.0000               1.9810
[Row  11]              -0.0364               0.0723               0.3133               0.0000              -0.0000               0.0449              -0.2234               0.0052               0.0000               0.0000
[Row  12]               0.0762              -0.2512              -0.5095               0.0000               0.0000              -0.0000              -0.0008              -0.0117              -0.0000              -0.0000
[Row  13]               0.0000               0.0000              -0.0000               0.0159               0.0000              -0.0000               0.0000              -0.0000              -0.0162              -0.0000
[Row  14]              -0.0000               0.0000              -0.0000              -0.0000               0.0159              -0.0000               0.0000              -0.0000              -0.0000              -0.0162
[Row  15]              -0.0928               0.2118              -0.2121              -0.0000              -0.5640              -0.0057               0.0210              -0.0295              -0.0000               0.0011
[Row  16]              -0.0928               0.2118              -0.2121              -0.4884               0.2820              -0.0057               0.0210              -0.0295               0.0009              -0.0005
[Row  17]              -0.0928               0.2118              -0.2121               0.4884               0.2820              -0.0057               0.0210              -0.0295              -0.0009              -0.0005
[Row  18]               0.0221              -0.0912              -0.1333              -0.0000              -0.0557               0.0395              -0.1355              -0.0921              -0.0000              -0.2598
[Row  19]               0.0221              -0.0912              -0.1333               0.0482               0.0278               0.0395              -0.1355              -0.0921               0.2250               0.1299
[Row  20]               0.0221              -0.0912              -0.1333              -0.0482               0.0278               0.0395              -0.1355              -0.0921              -0.2250               0.1299
                  [Col 11]              [Col 12]              [Col 13]              [Col 14]              [Col 15]              [Col 16]              [Col 17]              [Col 18]              [Col 19]              [Col 20]
[Row   1]              -0.0364               0.0762               0.0000              -0.0000              -0.0928              -0.0928              -0.0928               0.0221               0.0221               0.0221
[Row   2]               0.0723              -0.2512               0.0000               0.0000               0.2118               0.2118               0.2118              -0.0912              -0.0912              -0.0912
[Row   3]               0.3133              -0.5095              -0.0000              -0.0000              -0.2121              -0.2121              -0.2121              -0.1333              -0.1333              -0.1333
[Row   4]               0.0000               0.0000               0.0159              -0.0000              -0.0000              -0.4884               0.4884              -0.0000               0.0482              -0.0482
[Row   5]              -0.0000               0.0000               0.0000               0.0159              -0.5640               0.2820               0.2820              -0.0557               0.0278               0.0278
[Row   6]               0.0449              -0.0000              -0.0000              -0.0000              -0.0057              -0.0057              -0.0057               0.0395               0.0395               0.0395
[Row   7]              -0.2234              -0.0008               0.0000               0.0000               0.0210               0.0210               0.0210              -0.1355              -0.1355              -0.1355
[Row   8]               0.0052              -0.0117              -0.0000              -0.0000              -0.0295              -0.0295              -0.0295              -0.0921              -0.0921              -0.0921
[Row   9]               0.0000              -0.0000              -0.0162              -0.0000              -0.0000               0.0009              -0.0009              -0.0000               0.2250              -0.2250
[Row  10]               0.0000              -0.0000              -0.0000              -0.0162               0.0011              -0.0005              -0.0005              -0.2598               0.1299               0.1299
[Row  11]               0.8492              -0.0131              -0.0000              -0.0000              -0.0749              -0.0749              -0.0749               0.2698               0.2698               0.2698
[Row  12]              -0.0131               0.4229              -0.0000               0.0000               0.0905               0.0905               0.0905               0.1834               0.1834               0.1834
[Row  13]              -0.0000              -0.0000               0.4351               0.0000               0.0000               0.0072              -0.0072               0.0000              -0.4572               0.4572
[Row  14]              -0.0000               0.0000               0.0000               0.4351               0.0084              -0.0042              -0.0042               0.5279              -0.2640              -0.2640
[Row  15]              -0.0749               0.0905               0.0000               0.0084               0.6288              -0.1192              -0.1192               0.0962              -0.0213              -0.0213
[Row  16]              -0.0749               0.0905               0.0072              -0.0042              -0.1192               0.6288              -0.1192              -0.0213              -0.0213               0.0962
[Row  17]              -0.0749               0.0905              -0.0072              -0.0042              -0.1192              -0.1192               0.6288              -0.0213               0.0962              -0.0213
[Row  18]               0.2698               0.1834               0.0000               0.5279               0.0962              -0.0213              -0.0213               0.8538              -0.1649              -0.1649
[Row  19]               0.2698               0.1834              -0.4572              -0.2640              -0.0213              -0.0213               0.0962              -0.1649               0.8538              -0.1649
[Row  20]               0.2698               0.1834               0.4572              -0.2640              -0.0213               0.0962              -0.0213              -0.1649              -0.1649               0.8538
===== P_mu,nu local =====

                  [Col  1]              [Col  2]              [Col  3]              [Col  4]              [Col  5]              [Col  6]              [Col  7]              [Col  8]              [Col  9]              [Col 10]
[Row   1]               2.0684              -0.2226              -0.0272               0.0000               0.0000              -0.0054               0.0192              -0.0378              -0.0000               0.0000
[Row   2]              -0.2226               0.8888               0.1470              -0.0000               0.0000               0.0187              -0.0616               0.1559              -0.0000              -0.0000
[Row   3]              -0.0272               0.1470               0.7971               0.0000              -0.0000               0.0376              -0.1301               0.2343               0.0000               0.0000
[Row   4]               0.0000              -0.0000               0.0000               0.6395               0.0000               0.0000              -0.0000               0.0000              -0.0212               0.0000
[Row   5]               0.0000               0.0000              -0.0000               0.0000               0.6395              -0.0000               0.0000              -0.0000              -0.0000              -0.0212
[Row   6]              -0.0054               0.0187               0.0376               0.0000              -0.0000               2.2226              -0.7147              -0.0001              -0.0000               0.0000
[Row   7]               0.0192              -0.0616              -0.1301              -0.0000               0.0000              -0.7147               2.2992               0.0008               0.0000              -0.0000
[Row   8]              -0.0378               0.1559               0.2343               0.0000              -0.0000              -0.0001               0.0008               1.9797               0.0000               0.0000
[Row   9]              -0.0000              -0.0000               0.0000              -0.0212              -0.0000              -0.0000               0.0000               0.0000               1.9810               0.0000
[Row  10]               0.0000              -0.0000               0.0000               0.0000              -0.0212               0.0000              -0.0000               0.0000               0.0000               1.9810
[Row  11]              -0.0364               0.0723               0.3133               0.0000              -0.0000               0.0449              -0.2234               0.0052               0.0000               0.0000
[Row  12]               0.0762              -0.2512              -0.5095               0.0000               0.0000              -0.0000              -0.0008              -0.0117              -0.0000              -0.0000
[Row  13]               0.0000               0.0000              -0.0000               0.0159               0.0000              -0.0000               0.0000              -0.0000              -0.0162              -0.0000
[Row  14]              -0.0000               0.0000              -0.0000              -0.0000               0.0159              -0.0000               0.0000              -0.0000              -0.0000              -0.0162
[Row  15]              -0.0928               0.2118              -0.2121              -0.0000              -0.5640              -0.0057               0.0210              -0.0295              -0.0000               0.0011
[Row  16]              -0.0928               0.2118              -0.2121              -0.4884               0.2820              -0.0057               0.0210              -0.0295               0.0009              -0.0005
[Row  17]              -0.0928               0.2118              -0.2121               0.4884               0.2820              -0.0057               0.0210              -0.0295              -0.0009              -0.0005
[Row  18]               0.0221              -0.0912              -0.1333              -0.0000              -0.0557               0.0395              -0.1355              -0.0921              -0.0000              -0.2598
[Row  19]               0.0221              -0.0912              -0.1333               0.0482               0.0278               0.0395              -0.1355              -0.0921               0.2250               0.1299
[Row  20]               0.0221              -0.0912              -0.1333              -0.0482               0.0278               0.0395              -0.1355              -0.0921              -0.2250               0.1299
                  [Col 11]              [Col 12]              [Col 13]              [Col 14]              [Col 15]              [Col 16]              [Col 17]              [Col 18]              [Col 19]              [Col 20]
[Row   1]              -0.0364               0.0762               0.0000              -0.0000              -0.0928              -0.0928              -0.0928               0.0221               0.0221               0.0221
[Row   2]               0.0723              -0.2512               0.0000               0.0000               0.2118               0.2118               0.2118              -0.0912              -0.0912              -0.0912
[Row   3]               0.3133              -0.5095              -0.0000              -0.0000              -0.2121              -0.2121              -0.2121              -0.1333              -0.1333              -0.1333
[Row   4]               0.0000               0.0000               0.0159              -0.0000              -0.0000              -0.4884               0.4884              -0.0000               0.0482              -0.0482
[Row   5]              -0.0000               0.0000               0.0000               0.0159              -0.5640               0.2820               0.2820              -0.0557               0.0278               0.0278
[Row   6]               0.0449              -0.0000              -0.0000              -0.0000              -0.0057              -0.0057              -0.0057               0.0395               0.0395               0.0395
[Row   7]              -0.2234              -0.0008               0.0000               0.0000               0.0210               0.0210               0.0210              -0.1355              -0.1355              -0.1355
[Row   8]               0.0052              -0.0117              -0.0000              -0.0000              -0.0295              -0.0295              -0.0295              -0.0921              -0.0921              -0.0921
[Row   9]               0.0000              -0.0000              -0.0162              -0.0000              -0.0000               0.0009              -0.0009              -0.0000               0.2250              -0.2250
[Row  10]               0.0000              -0.0000              -0.0000              -0.0162               0.0011              -0.0005              -0.0005              -0.2598               0.1299               0.1299
[Row  11]               0.8492              -0.0131              -0.0000              -0.0000              -0.0749              -0.0749              -0.0749               0.2698               0.2698               0.2698
[Row  12]              -0.0131               0.4229              -0.0000               0.0000               0.0905               0.0905               0.0905               0.1834               0.1834               0.1834
[Row  13]              -0.0000              -0.0000               0.4351               0.0000               0.0000               0.0072              -0.0072               0.0000              -0.4572               0.4572
[Row  14]              -0.0000               0.0000               0.0000               0.4351               0.0084              -0.0042              -0.0042               0.5279              -0.2640              -0.2640
[Row  15]              -0.0749               0.0905               0.0000               0.0084               0.6288              -0.1192              -0.1192               0.0962              -0.0213              -0.0213
[Row  16]              -0.0749               0.0905               0.0072              -0.0042              -0.1192               0.6288              -0.1192              -0.0213              -0.0213               0.0962
[Row  17]              -0.0749               0.0905              -0.0072              -0.0042              -0.1192              -0.1192               0.6288              -0.0213               0.0962              -0.0213
[Row  18]               0.2698               0.1834               0.0000               0.5279               0.0962              -0.0213              -0.0213               0.8538              -0.1649              -0.1649
[Row  19]               0.2698               0.1834              -0.4572              -0.2640              -0.0213              -0.0213               0.0962              -0.1649               0.8538              -0.1649
[Row  20]               0.2698               0.1834               0.4572              -0.2640              -0.0213               0.0962              -0.0213              -0.1649              -0.1649               0.8538
===== P_mu,nu psi4 =====

                  [Col  1]              [Col  2]              [Col  3]              [Col  4]              [Col  5]              [Col  6]              [Col  7]              [Col  8]              [Col  9]              [Col 10]
[Row   1]               2.0684              -0.2226              -0.0272               0.0000               0.0000              -0.0054               0.0192              -0.0378              -0.0000               0.0000
[Row   2]              -0.2226               0.8888               0.1470              -0.0000               0.0000               0.0187              -0.0616               0.1559              -0.0000              -0.0000
[Row   3]              -0.0272               0.1470               0.7971               0.0000              -0.0000               0.0376              -0.1301               0.2343               0.0000               0.0000
[Row   4]               0.0000              -0.0000               0.0000               0.6395               0.0000               0.0000              -0.0000               0.0000              -0.0212               0.0000
[Row   5]               0.0000               0.0000              -0.0000               0.0000               0.6395              -0.0000               0.0000              -0.0000              -0.0000              -0.0212
[Row   6]              -0.0054               0.0187               0.0376               0.0000              -0.0000               2.2226              -0.7147              -0.0001              -0.0000               0.0000
[Row   7]               0.0192              -0.0616              -0.1301              -0.0000               0.0000              -0.7147               2.2992               0.0008               0.0000              -0.0000
[Row   8]              -0.0378               0.1559               0.2343               0.0000              -0.0000              -0.0001               0.0008               1.9797               0.0000               0.0000
[Row   9]              -0.0000              -0.0000               0.0000              -0.0212              -0.0000              -0.0000               0.0000               0.0000               1.9810               0.0000
[Row  10]               0.0000              -0.0000               0.0000               0.0000              -0.0212               0.0000              -0.0000               0.0000               0.0000               1.9810
[Row  11]              -0.0364               0.0723               0.3133               0.0000              -0.0000               0.0449              -0.2234               0.0052               0.0000               0.0000
[Row  12]               0.0762              -0.2512              -0.5095               0.0000               0.0000              -0.0000              -0.0008              -0.0117              -0.0000              -0.0000
[Row  13]               0.0000               0.0000              -0.0000               0.0159               0.0000              -0.0000               0.0000              -0.0000              -0.0162              -0.0000
[Row  14]              -0.0000               0.0000              -0.0000              -0.0000               0.0159              -0.0000               0.0000              -0.0000              -0.0000              -0.0162
[Row  15]              -0.0928               0.2118              -0.2121              -0.0000              -0.5640              -0.0057               0.0210              -0.0295              -0.0000               0.0011
[Row  16]              -0.0928               0.2118              -0.2121              -0.4884               0.2820              -0.0057               0.0210              -0.0295               0.0009              -0.0005
[Row  17]              -0.0928               0.2118              -0.2121               0.4884               0.2820              -0.0057               0.0210              -0.0295              -0.0009              -0.0005
[Row  18]               0.0221              -0.0912              -0.1333              -0.0000              -0.0557               0.0395              -0.1355              -0.0921              -0.0000              -0.2598
[Row  19]               0.0221              -0.0912              -0.1333               0.0482               0.0278               0.0395              -0.1355              -0.0921               0.2250               0.1299
[Row  20]               0.0221              -0.0912              -0.1333              -0.0482               0.0278               0.0395              -0.1355              -0.0921              -0.2250               0.1299
                  [Col 11]              [Col 12]              [Col 13]              [Col 14]              [Col 15]              [Col 16]              [Col 17]              [Col 18]              [Col 19]              [Col 20]
[Row   1]              -0.0364               0.0762               0.0000              -0.0000              -0.0928              -0.0928              -0.0928               0.0221               0.0221               0.0221
[Row   2]               0.0723              -0.2512               0.0000               0.0000               0.2118               0.2118               0.2118              -0.0912              -0.0912              -0.0912
[Row   3]               0.3133              -0.5095              -0.0000              -0.0000              -0.2121              -0.2121              -0.2121              -0.1333              -0.1333              -0.1333
[Row   4]               0.0000               0.0000               0.0159              -0.0000              -0.0000              -0.4884               0.4884              -0.0000               0.0482              -0.0482
[Row   5]              -0.0000               0.0000               0.0000               0.0159              -0.5640               0.2820               0.2820              -0.0557               0.0278               0.0278
[Row   6]               0.0449              -0.0000              -0.0000              -0.0000              -0.0057              -0.0057              -0.0057               0.0395               0.0395               0.0395
[Row   7]              -0.2234              -0.0008               0.0000               0.0000               0.0210               0.0210               0.0210              -0.1355              -0.1355              -0.1355
[Row   8]               0.0052              -0.0117              -0.0000              -0.0000              -0.0295              -0.0295              -0.0295              -0.0921              -0.0921              -0.0921
[Row   9]               0.0000              -0.0000              -0.0162              -0.0000              -0.0000               0.0009              -0.0009              -0.0000               0.2250              -0.2250
[Row  10]               0.0000              -0.0000              -0.0000              -0.0162               0.0011              -0.0005              -0.0005              -0.2598               0.1299               0.1299
[Row  11]               0.8492              -0.0131              -0.0000              -0.0000              -0.0749              -0.0749              -0.0749               0.2698               0.2698               0.2698
[Row  12]              -0.0131               0.4229              -0.0000               0.0000               0.0905               0.0905               0.0905               0.1834               0.1834               0.1834
[Row  13]              -0.0000              -0.0000               0.4351               0.0000               0.0000               0.0072              -0.0072               0.0000              -0.4572               0.4572
[Row  14]              -0.0000               0.0000               0.0000               0.4351               0.0084              -0.0042              -0.0042               0.5279              -0.2640              -0.2640
[Row  15]              -0.0749               0.0905               0.0000               0.0084               0.6288              -0.1192              -0.1192               0.0962              -0.0213              -0.0213
[Row  16]              -0.0749               0.0905               0.0072              -0.0042              -0.1192               0.6288              -0.1192              -0.0213              -0.0213               0.0962
[Row  17]              -0.0749               0.0905              -0.0072              -0.0042              -0.1192              -0.1192               0.6288              -0.0213               0.0962              -0.0213
[Row  18]               0.2698               0.1834               0.0000               0.5279               0.0962              -0.0213              -0.0213               0.8538              -0.1649              -0.1649
[Row  19]               0.2698               0.1834              -0.4572              -0.2640              -0.0213              -0.0213               0.0962              -0.1649               0.8538              -0.1649
[Row  20]               0.2698               0.1834               0.4572              -0.2640              -0.0213               0.0962              -0.0213              -0.1649              -0.1649               0.8538
====== P^(AO) = SPS =====

                  [Col  1]              [Col  2]              [Col  3]              [Col  4]              [Col  5]              [Col  6]              [Col  7]              [Col  8]              [Col  9]              [Col 10]
[Row   1]               1.9995               0.5047              -0.0005               0.0000               0.0000              -0.0000               0.0002              -0.0007              -0.0000               0.0000
[Row   2]               0.5047               1.8750               0.0077              -0.0000              -0.0000               0.0059               0.0463              -0.0244              -0.0000              -0.0000
[Row   3]              -0.0005               0.0077               1.6192              -0.0000               0.0000               0.0116               0.0777              -0.0251               0.0000               0.0000
[Row   4]               0.0000              -0.0000              -0.0000               1.5971               0.0000              -0.0000              -0.0000               0.0000               0.0098               0.0000
[Row   5]               0.0000              -0.0000               0.0000               0.0000               1.5971              -0.0000               0.0000               0.0000               0.0000               0.0098
[Row   6]              -0.0000               0.0059               0.0116              -0.0000              -0.0000               2.0000               0.6286              -0.0000              -0.0000               0.0000
[Row   7]               0.0002               0.0463               0.0777              -0.0000               0.0000               0.6286               1.9986               0.0000               0.0000              -0.0000
[Row   8]              -0.0007              -0.0244              -0.0251               0.0000               0.0000              -0.0000               0.0000               1.9941              -0.0000               0.0000
[Row   9]              -0.0000              -0.0000               0.0000               0.0098               0.0000              -0.0000               0.0000              -0.0000               1.9942               0.0000
[Row  10]               0.0000              -0.0000               0.0000               0.0000               0.0098               0.0000              -0.0000               0.0000               0.0000               1.9942
[Row  11]               0.0422               0.5587               0.6772              -0.0000              -0.0000               0.0256               0.5249              -0.0014               0.0000              -0.0000
[Row  12]              -0.0688              -0.7904              -0.9414               0.0000              -0.0000               0.0001              -0.0011               0.5971              -0.0000              -0.0000
[Row  13]               0.0000               0.0000               0.0000               0.2717               0.0000              -0.0000               0.0000              -0.0000               0.5946              -0.0000
[Row  14]              -0.0000               0.0000              -0.0000               0.0000               0.2717               0.0000              -0.0000              -0.0000              -0.0000               0.5946
[Row  15]               0.1166               1.0926              -0.4322              -0.0000              -1.1760               0.0010               0.0113              -0.0091              -0.0000              -0.0004
[Row  16]               0.1166               1.0926              -0.4322              -1.0184               0.5880               0.0010               0.0113              -0.0091              -0.0004               0.0002
[Row  17]               0.1166               1.0926              -0.4322               1.0184               0.5880               0.0010               0.0113              -0.0091               0.0004               0.0002
[Row  18]               0.0028               0.0396               0.0245               0.0000               0.0502               0.0145               0.1031               0.0114               0.0000               0.0285
[Row  19]               0.0028               0.0396               0.0245              -0.0435              -0.0251               0.0145               0.1031               0.0114              -0.0247              -0.0143
[Row  20]               0.0028               0.0396               0.0245               0.0435              -0.0251               0.0145               0.1031               0.0114               0.0247              -0.0143
                  [Col 11]              [Col 12]              [Col 13]              [Col 14]              [Col 15]              [Col 16]              [Col 17]              [Col 18]              [Col 19]              [Col 20]
[Row   1]               0.0422              -0.0688               0.0000              -0.0000               0.1166               0.1166               0.1166               0.0028               0.0028               0.0028
[Row   2]               0.5587              -0.7904               0.0000               0.0000               1.0926               1.0926               1.0926               0.0396               0.0396               0.0396
[Row   3]               0.6772              -0.9414               0.0000              -0.0000              -0.4322              -0.4322              -0.4322               0.0245               0.0245               0.0245
[Row   4]              -0.0000               0.0000               0.2717               0.0000              -0.0000              -1.0184               1.0184               0.0000              -0.0435               0.0435
[Row   5]              -0.0000              -0.0000               0.0000               0.2717              -1.1760               0.5880               0.5880               0.0502              -0.0251              -0.0251
[Row   6]               0.0256               0.0001              -0.0000               0.0000               0.0010               0.0010               0.0010               0.0145               0.0145               0.0145
[Row   7]               0.5249              -0.0011               0.0000              -0.0000               0.0113               0.0113               0.0113               0.1031               0.1031               0.1031
[Row   8]              -0.0014               0.5971              -0.0000              -0.0000              -0.0091              -0.0091              -0.0091               0.0114               0.0114               0.0114
[Row   9]               0.0000              -0.0000               0.5946              -0.0000              -0.0000              -0.0004               0.0004               0.0000              -0.0247               0.0247
[Row  10]              -0.0000              -0.0000              -0.0000               0.5946              -0.0004               0.0002               0.0002               0.0285              -0.0143              -0.0143
[Row  11]               1.8023               0.0238              -0.0000               0.0000               0.1708               0.1708               0.1708               0.9081               0.9081               0.9081
[Row  12]               0.0238               1.3860              -0.0000               0.0000              -0.2130              -0.2130              -0.2130               0.4236               0.4236               0.4236
[Row  13]              -0.0000              -0.0000               1.4278               0.0000              -0.0000              -0.1249               0.1249               0.0000              -1.0020               1.0020
[Row  14]               0.0000               0.0000               0.0000               1.4278              -0.1442               0.0721               0.0721               1.1570              -0.5785              -0.5785
[Row  15]               0.1708              -0.2130              -0.0000              -0.1442               1.6401               0.3376               0.3376               0.0428               0.0217               0.0217
[Row  16]               0.1708              -0.2130              -0.1249               0.0721               0.3376               1.6401               0.3376               0.0217               0.0217               0.0428
[Row  17]               0.1708              -0.2130               0.1249               0.0721               0.3376               0.3376               1.6401               0.0217               0.0428               0.0217
[Row  18]               0.9081               0.4236               0.0000               1.1570               0.0428               0.0217               0.0217               1.6914               0.0708               0.0708
[Row  19]               0.9081               0.4236              -1.0020              -0.5785               0.0217               0.0217               0.0428               0.0708               1.6914               0.0708
[Row  20]               0.9081               0.4236               1.0020              -0.5785               0.0217               0.0428               0.0217               0.0708               0.0708               1.6914
====== S^(AO) = S =====

                  [Col  1]              [Col  2]              [Col  3]              [Col  4]              [Col  5]              [Col  6]              [Col  7]              [Col  8]              [Col  9]              [Col 10]
[Row   1]               1.0000               0.2484               0.0000               0.0000               0.0000               0.0000               0.0000              -0.0000               0.0000               0.0000
[Row   2]               0.2484               1.0000               0.0000               0.0000               0.0000               0.0027               0.0252              -0.0177               0.0000               0.0000
[Row   3]               0.0000               0.0000               1.0000               0.0000               0.0000               0.0052               0.0450              -0.0281               0.0000               0.0000
[Row   4]               0.0000               0.0000               0.0000               1.0000               0.0000               0.0000               0.0000               0.0000               0.0061               0.0000
[Row   5]               0.0000               0.0000               0.0000               0.0000               1.0000               0.0000               0.0000               0.0000               0.0000               0.0061
[Row   6]               0.0000               0.0027               0.0052               0.0000               0.0000               1.0000               0.3142              -0.0000               0.0000               0.0000
[Row   7]               0.0000               0.0252               0.0450               0.0000               0.0000               0.3142               1.0000               0.0000               0.0000               0.0000
[Row   8]              -0.0000              -0.0177              -0.0281               0.0000               0.0000              -0.0000               0.0000               1.0000               0.0000               0.0000
[Row   9]               0.0000               0.0000               0.0000               0.0061               0.0000               0.0000               0.0000               0.0000               1.0000               0.0000
[Row  10]               0.0000               0.0000               0.0000               0.0000               0.0061               0.0000               0.0000               0.0000               0.0000               1.0000
[Row  11]               0.0227               0.2536               0.2631               0.0000               0.0000               0.0136               0.2542              -0.0000               0.0000               0.0000
[Row  12]              -0.0381              -0.3373              -0.3087               0.0000               0.0000              -0.0000              -0.0000               0.2685               0.0000               0.0000
[Row  13]               0.0000               0.0000               0.0000               0.1318               0.0000               0.0000               0.0000               0.0000               0.2685               0.0000
[Row  14]               0.0000               0.0000               0.0000               0.0000               0.1318               0.0000               0.0000               0.0000               0.0000               0.2685
[Row  15]               0.0619               0.4893              -0.1673               0.0000              -0.4354               0.0006               0.0053              -0.0034               0.0000              -0.0015
[Row  16]               0.0619               0.4893              -0.1673              -0.3771               0.2177               0.0006               0.0053              -0.0034              -0.0013               0.0008
[Row  17]               0.0619               0.4893              -0.1673               0.3771               0.2177               0.0006               0.0053              -0.0034               0.0013               0.0008
[Row  18]               0.0009               0.0283               0.0361               0.0000               0.0209               0.0067               0.0577               0.0113               0.0000               0.0301
[Row  19]               0.0009               0.0283               0.0361              -0.0181              -0.0105               0.0067               0.0577               0.0113              -0.0261              -0.0151
[Row  20]               0.0009               0.0283               0.0361               0.0181              -0.0105               0.0067               0.0577               0.0113               0.0261              -0.0151
                  [Col 11]              [Col 12]              [Col 13]              [Col 14]              [Col 15]              [Col 16]              [Col 17]              [Col 18]              [Col 19]              [Col 20]
[Row   1]               0.0227              -0.0381               0.0000               0.0000               0.0619               0.0619               0.0619               0.0009               0.0009               0.0009
[Row   2]               0.2536              -0.3373               0.0000               0.0000               0.4893               0.4893               0.4893               0.0283               0.0283               0.0283
[Row   3]               0.2631              -0.3087               0.0000               0.0000              -0.1673              -0.1673              -0.1673               0.0361               0.0361               0.0361
[Row   4]               0.0000               0.0000               0.1318               0.0000               0.0000              -0.3771               0.3771               0.0000              -0.0181               0.0181
[Row   5]               0.0000               0.0000               0.0000               0.1318              -0.4354               0.2177               0.2177               0.0209              -0.0105              -0.0105
[Row   6]               0.0136              -0.0000               0.0000               0.0000               0.0006               0.0006               0.0006               0.0067               0.0067               0.0067
[Row   7]               0.2542              -0.0000               0.0000               0.0000               0.0053               0.0053               0.0053               0.0577               0.0577               0.0577
[Row   8]              -0.0000               0.2685               0.0000               0.0000              -0.0034              -0.0034              -0.0034               0.0113               0.0113               0.0113
[Row   9]               0.0000               0.0000               0.2685               0.0000               0.0000              -0.0013               0.0013               0.0000              -0.0261               0.0261
[Row  10]               0.0000               0.0000               0.0000               0.2685              -0.0015               0.0008               0.0008               0.0301              -0.0151              -0.0151
[Row  11]               1.0000              -0.0000               0.0000               0.0000               0.0910               0.0910               0.0910               0.3810               0.3810               0.3810
[Row  12]              -0.0000               1.0000               0.0000               0.0000              -0.1192              -0.1192              -0.1192               0.1581               0.1581               0.1581
[Row  13]               0.0000               0.0000               1.0000               0.0000               0.0000              -0.0463               0.0463               0.0000              -0.3642               0.3642
[Row  14]               0.0000               0.0000               0.0000               1.0000              -0.0535               0.0267               0.0267               0.4205              -0.2103              -0.2103
[Row  15]               0.0910              -0.1192               0.0000              -0.0535               1.0000               0.1729               0.1729               0.0038               0.0160               0.0160
[Row  16]               0.0910              -0.1192              -0.0463               0.0267               0.1729               1.0000               0.1729               0.0160               0.0160               0.0038
[Row  17]               0.0910              -0.1192               0.0463               0.0267               0.1729               0.1729               1.0000               0.0160               0.0038               0.0160
[Row  18]               0.3810               0.1581               0.0000               0.4205               0.0038               0.0160               0.0160               1.0000               0.0585               0.0585
[Row  19]               0.3810               0.1581              -0.3642              -0.2103               0.0160               0.0160               0.0038               0.0585               1.0000               0.0585
[Row  20]               0.3810               0.1581               0.3642              -0.2103               0.0160               0.0038               0.0160               0.0585               0.0585               1.0000
====== P^(AO) std gaussian m_l ordering SPS =====

                  [Col  1]              [Col  2]              [Col  3]              [Col  4]              [Col  5]              [Col  6]              [Col  7]              [Col  8]              [Col  9]              [Col 10]
[Row   1]               1.9995               0.5047               0.0000               0.0000              -0.0005              -0.0000               0.0002              -0.0000               0.0000              -0.0007
[Row   2]               0.5047               1.8750              -0.0000              -0.0000               0.0077               0.0059               0.0463              -0.0000              -0.0000              -0.0244
[Row   3]               0.0000              -0.0000               1.5971               0.0000              -0.0000              -0.0000              -0.0000               0.0098               0.0000               0.0000
[Row   4]               0.0000              -0.0000               0.0000               1.5971               0.0000              -0.0000               0.0000               0.0000               0.0098               0.0000
[Row   5]              -0.0005               0.0077              -0.0000               0.0000               1.6192               0.0116               0.0777               0.0000               0.0000              -0.0251
[Row   6]              -0.0000               0.0059              -0.0000              -0.0000               0.0116               2.0000               0.6286              -0.0000               0.0000              -0.0000
[Row   7]               0.0002               0.0463              -0.0000               0.0000               0.0777               0.6286               1.9986               0.0000              -0.0000               0.0000
[Row   8]              -0.0000              -0.0000               0.0098               0.0000               0.0000              -0.0000               0.0000               1.9942               0.0000              -0.0000
[Row   9]               0.0000              -0.0000               0.0000               0.0098               0.0000               0.0000              -0.0000               0.0000               1.9942               0.0000
[Row  10]              -0.0007              -0.0244               0.0000               0.0000              -0.0251              -0.0000               0.0000              -0.0000               0.0000               1.9941
[Row  11]               0.0422               0.5587              -0.0000              -0.0000               0.6772               0.0256               0.5249               0.0000              -0.0000              -0.0014
[Row  12]               0.0000               0.0000               0.2717               0.0000               0.0000              -0.0000               0.0000               0.5946              -0.0000              -0.0000
[Row  13]              -0.0000               0.0000               0.0000               0.2717              -0.0000               0.0000              -0.0000              -0.0000               0.5946              -0.0000
[Row  14]              -0.0688              -0.7904               0.0000              -0.0000              -0.9414               0.0001              -0.0011              -0.0000              -0.0000               0.5971
[Row  15]               0.1166               1.0926              -0.0000              -1.1760              -0.4322               0.0010               0.0113              -0.0000              -0.0004              -0.0091
[Row  16]               0.1166               1.0926              -1.0184               0.5880              -0.4322               0.0010               0.0113              -0.0004               0.0002              -0.0091
[Row  17]               0.1166               1.0926               1.0184               0.5880              -0.4322               0.0010               0.0113               0.0004               0.0002              -0.0091
[Row  18]               0.0028               0.0396               0.0000               0.0502               0.0245               0.0145               0.1031               0.0000               0.0285               0.0114
[Row  19]               0.0028               0.0396              -0.0435              -0.0251               0.0245               0.0145               0.1031              -0.0247              -0.0143               0.0114
[Row  20]               0.0028               0.0396               0.0435              -0.0251               0.0245               0.0145               0.1031               0.0247              -0.0143               0.0114
                  [Col 11]              [Col 12]              [Col 13]              [Col 14]              [Col 15]              [Col 16]              [Col 17]              [Col 18]              [Col 19]              [Col 20]
[Row   1]               0.0422               0.0000              -0.0000              -0.0688               0.1166               0.1166               0.1166               0.0028               0.0028               0.0028
[Row   2]               0.5587               0.0000               0.0000              -0.7904               1.0926               1.0926               1.0926               0.0396               0.0396               0.0396
[Row   3]              -0.0000               0.2717               0.0000               0.0000              -0.0000              -1.0184               1.0184               0.0000              -0.0435               0.0435
[Row   4]              -0.0000               0.0000               0.2717              -0.0000              -1.1760               0.5880               0.5880               0.0502              -0.0251              -0.0251
[Row   5]               0.6772               0.0000              -0.0000              -0.9414              -0.4322              -0.4322              -0.4322               0.0245               0.0245               0.0245
[Row   6]               0.0256              -0.0000               0.0000               0.0001               0.0010               0.0010               0.0010               0.0145               0.0145               0.0145
[Row   7]               0.5249               0.0000              -0.0000              -0.0011               0.0113               0.0113               0.0113               0.1031               0.1031               0.1031
[Row   8]               0.0000               0.5946              -0.0000              -0.0000              -0.0000              -0.0004               0.0004               0.0000              -0.0247               0.0247
[Row   9]              -0.0000              -0.0000               0.5946              -0.0000              -0.0004               0.0002               0.0002               0.0285              -0.0143              -0.0143
[Row  10]              -0.0014              -0.0000              -0.0000               0.5971              -0.0091              -0.0091              -0.0091               0.0114               0.0114               0.0114
[Row  11]               1.8023              -0.0000               0.0000               0.0238               0.1708               0.1708               0.1708               0.9081               0.9081               0.9081
[Row  12]              -0.0000               1.4278               0.0000              -0.0000              -0.0000              -0.1249               0.1249               0.0000              -1.0020               1.0020
[Row  13]               0.0000               0.0000               1.4278               0.0000              -0.1442               0.0721               0.0721               1.1570              -0.5785              -0.5785
[Row  14]               0.0238              -0.0000               0.0000               1.3860              -0.2130              -0.2130              -0.2130               0.4236               0.4236               0.4236
[Row  15]               0.1708              -0.0000              -0.1442              -0.2130               1.6401               0.3376               0.3376               0.0428               0.0217               0.0217
[Row  16]               0.1708              -0.1249               0.0721              -0.2130               0.3376               1.6401               0.3376               0.0217               0.0217               0.0428
[Row  17]               0.1708               0.1249               0.0721              -0.2130               0.3376               0.3376               1.6401               0.0217               0.0428               0.0217
[Row  18]               0.9081               0.0000               1.1570               0.4236               0.0428               0.0217               0.0217               1.6914               0.0708               0.0708
[Row  19]               0.9081              -1.0020              -0.5785               0.4236               0.0217               0.0217               0.0428               0.0708               1.6914               0.0708
[Row  20]               0.9081               1.0020              -0.5785               0.4236               0.0217               0.0428               0.0217               0.0708               0.0708               1.6914
====== S^(AO) std gaussian m_l ordering =====

                  [Col  1]              [Col  2]              [Col  3]              [Col  4]              [Col  5]              [Col  6]              [Col  7]              [Col  8]              [Col  9]              [Col 10]
[Row   1]               1.0000               0.2484               0.0000               0.0000               0.0000               0.0000               0.0000               0.0000               0.0000              -0.0000
[Row   2]               0.2484               1.0000               0.0000               0.0000               0.0000               0.0027               0.0252               0.0000               0.0000              -0.0177
[Row   3]               0.0000               0.0000               1.0000               0.0000               0.0000               0.0000               0.0000               0.0061               0.0000               0.0000
[Row   4]               0.0000               0.0000               0.0000               1.0000               0.0000               0.0000               0.0000               0.0000               0.0061               0.0000
[Row   5]               0.0000               0.0000               0.0000               0.0000               1.0000               0.0052               0.0450               0.0000               0.0000              -0.0281
[Row   6]               0.0000               0.0027               0.0000               0.0000               0.0052               1.0000               0.3142               0.0000               0.0000              -0.0000
[Row   7]               0.0000               0.0252               0.0000               0.0000               0.0450               0.3142               1.0000               0.0000               0.0000               0.0000
[Row   8]               0.0000               0.0000               0.0061               0.0000               0.0000               0.0000               0.0000               1.0000               0.0000               0.0000
[Row   9]               0.0000               0.0000               0.0000               0.0061               0.0000               0.0000               0.0000               0.0000               1.0000               0.0000
[Row  10]              -0.0000              -0.0177               0.0000               0.0000              -0.0281              -0.0000               0.0000               0.0000               0.0000               1.0000
[Row  11]               0.0227               0.2536               0.0000               0.0000               0.2631               0.0136               0.2542               0.0000               0.0000              -0.0000
[Row  12]               0.0000               0.0000               0.1318               0.0000               0.0000               0.0000               0.0000               0.2685               0.0000               0.0000
[Row  13]               0.0000               0.0000               0.0000               0.1318               0.0000               0.0000               0.0000               0.0000               0.2685               0.0000
[Row  14]              -0.0381              -0.3373               0.0000               0.0000              -0.3087              -0.0000              -0.0000               0.0000               0.0000               0.2685
[Row  15]               0.0619               0.4893               0.0000              -0.4354              -0.1673               0.0006               0.0053               0.0000              -0.0015              -0.0034
[Row  16]               0.0619               0.4893              -0.3771               0.2177              -0.1673               0.0006               0.0053              -0.0013               0.0008              -0.0034
[Row  17]               0.0619               0.4893               0.3771               0.2177              -0.1673               0.0006               0.0053               0.0013               0.0008              -0.0034
[Row  18]               0.0009               0.0283               0.0000               0.0209               0.0361               0.0067               0.0577               0.0000               0.0301               0.0113
[Row  19]               0.0009               0.0283              -0.0181              -0.0105               0.0361               0.0067               0.0577              -0.0261              -0.0151               0.0113
[Row  20]               0.0009               0.0283               0.0181              -0.0105               0.0361               0.0067               0.0577               0.0261              -0.0151               0.0113
                  [Col 11]              [Col 12]              [Col 13]              [Col 14]              [Col 15]              [Col 16]              [Col 17]              [Col 18]              [Col 19]              [Col 20]
[Row   1]               0.0227               0.0000               0.0000              -0.0381               0.0619               0.0619               0.0619               0.0009               0.0009               0.0009
[Row   2]               0.2536               0.0000               0.0000              -0.3373               0.4893               0.4893               0.4893               0.0283               0.0283               0.0283
[Row   3]               0.0000               0.1318               0.0000               0.0000               0.0000              -0.3771               0.3771               0.0000              -0.0181               0.0181
[Row   4]               0.0000               0.0000               0.1318               0.0000              -0.4354               0.2177               0.2177               0.0209              -0.0105              -0.0105
[Row   5]               0.2631               0.0000               0.0000              -0.3087              -0.1673              -0.1673              -0.1673               0.0361               0.0361               0.0361
[Row   6]               0.0136               0.0000               0.0000              -0.0000               0.0006               0.0006               0.0006               0.0067               0.0067               0.0067
[Row   7]               0.2542               0.0000               0.0000              -0.0000               0.0053               0.0053               0.0053               0.0577               0.0577               0.0577
[Row   8]               0.0000               0.2685               0.0000               0.0000               0.0000              -0.0013               0.0013               0.0000              -0.0261               0.0261
[Row   9]               0.0000               0.0000               0.2685               0.0000              -0.0015               0.0008               0.0008               0.0301              -0.0151              -0.0151
[Row  10]              -0.0000               0.0000               0.0000               0.2685              -0.0034              -0.0034              -0.0034               0.0113               0.0113               0.0113
[Row  11]               1.0000               0.0000               0.0000              -0.0000               0.0910               0.0910               0.0910               0.3810               0.3810               0.3810
[Row  12]               0.0000               1.0000               0.0000               0.0000               0.0000              -0.0463               0.0463               0.0000              -0.3642               0.3642
[Row  13]               0.0000               0.0000               1.0000               0.0000              -0.0535               0.0267               0.0267               0.4205              -0.2103              -0.2103
[Row  14]              -0.0000               0.0000               0.0000               1.0000              -0.1192              -0.1192              -0.1192               0.1581               0.1581               0.1581
[Row  15]               0.0910               0.0000              -0.0535              -0.1192               1.0000               0.1729               0.1729               0.0038               0.0160               0.0160
[Row  16]               0.0910              -0.0463               0.0267              -0.1192               0.1729               1.0000               0.1729               0.0160               0.0160               0.0038
[Row  17]               0.0910               0.0463               0.0267              -0.1192               0.1729               0.1729               1.0000               0.0160               0.0038               0.0160
[Row  18]               0.3810               0.0000               0.4205               0.1581               0.0038               0.0160               0.0160               1.0000               0.0585               0.0585
[Row  19]               0.3810              -0.3642              -0.2103               0.1581               0.0160               0.0160               0.0038               0.0585               1.0000               0.0585
[Row  20]               0.3810               0.3642              -0.2103               0.1581               0.0160               0.0038               0.0160               0.0585               0.0585               1.0000
