molecule mol13.xyz
System:, atNum: 14 coords [              0.0000               0.0000               0.2481]
System:, atNum: 1 coords [              0.0000               2.0729              -1.7365]
System:, atNum: 1 coords [              0.0000              -2.0729              -1.7365]
===== Original AO-S matrix =====

                  [Col  1]              [Col  2]              [Col  3]              [Col  4]              [Col  5]              [Col  6]              [Col  7]              [Col  8]              [Col  9]              [Col 10]
[Row   1]               1.0000               0.3142               0.0000               0.0000               0.0000               0.0136               0.0000               0.0000               0.0000               0.0062
[Row   2]               0.3142               1.0000               0.0000               0.0000               0.0000               0.2542               0.0000               0.0000               0.0000               0.0538
[Row   3]               0.0000               0.0000               1.0000               0.0000               0.0000              -0.0000               0.2685               0.0000               0.0000              -0.0207
[Row   4]               0.0000               0.0000               0.0000               1.0000               0.0000               0.0000               0.0000               0.2685               0.0000               0.0000
[Row   5]               0.0000               0.0000               0.0000               0.0000               1.0000               0.0000               0.0000               0.0000               0.2685               0.0216
[Row   6]               0.0136               0.2542              -0.0000               0.0000               0.0000               1.0000              -0.0000               0.0000               0.0000               0.3673
[Row   7]               0.0000               0.0000               0.2685               0.0000               0.0000              -0.0000               1.0000               0.0000               0.0000              -0.3020
[Row   8]               0.0000               0.0000               0.0000               0.2685               0.0000               0.0000               0.0000               1.0000               0.0000               0.0000
[Row   9]               0.0000               0.0000               0.0000               0.0000               0.2685               0.0000               0.0000               0.0000               1.0000               0.3155
[Row  10]               0.0062               0.0538              -0.0207               0.0000               0.0216               0.3673              -0.3020               0.0000               0.3155               1.0000
[Row  11]               0.0062               0.0538              -0.0207               0.0000              -0.0216               0.3673              -0.3020               0.0000              -0.3155               0.0860
                  [Col 11]
[Row   1]               0.0062
[Row   2]               0.0538
[Row   3]              -0.0207
[Row   4]               0.0000
[Row   5]              -0.0216
[Row   6]               0.3673
[Row   7]              -0.3020
[Row   8]               0.0000
[Row   9]              -0.3155
[Row  10]               0.0860
[Row  11]               1.0000
nbas 11
 ===== CA ===== 

                  [Col  1]              [Col  2]              [Col  3]              [Col  4]              [Col  5]              [Col  6]              [Col  7]              [Col  8]              [Col  9]              [Col 10]
[Row   1]               0.9940               0.3439               0.0000              -0.0000               0.0071               0.0719              -0.0000               0.0520               0.0000               0.0000
[Row   2]               0.0188              -1.0387              -0.0000               0.0000              -0.0218              -0.2628               0.0000              -0.1770              -0.0000              -0.0000
[Row   3]              -0.0003               0.0166              -0.0000               0.0000              -0.9768               0.0635               0.0000              -0.2348              -0.0000               0.0000
[Row   4]              -0.0000               0.0000               0.9773              -0.0000              -0.0000              -0.0000               0.0000              -0.0000               0.3500               0.0000
[Row   5]               0.0000               0.0000               0.0000               0.9765               0.0000               0.0000               0.1888               0.0000              -0.0000               0.3188
[Row   6]              -0.0032              -0.0520               0.0000              -0.0000               0.0129               0.6878              -0.0000               0.6941               0.0000               0.0000
[Row   7]               0.0005               0.0086              -0.0000               0.0000              -0.0789              -0.1236              -0.0000               0.6435               0.0000              -0.0000
[Row   8]               0.0000               0.0000               0.0748              -0.0000              -0.0000               0.0000               0.0000               0.0000              -1.0354              -0.0000
[Row   9]               0.0000               0.0000               0.0000               0.0804               0.0000              -0.0000              -0.4555              -0.0000               0.0000              -1.0859
[Row  10]               0.0008               0.0096              -0.0000              -0.0134              -0.0144               0.3060              -0.5274              -0.3309              -0.0000               0.6553
[Row  11]               0.0008               0.0096              -0.0000               0.0134              -0.0144               0.3060               0.5274              -0.3309              -0.0000              -0.6553
                  [Col 11]
[Row   1]               0.0447
[Row   2]              -0.1396
[Row   3]               0.2787
[Row   4]              -0.0000
[Row   5]              -0.0000
[Row   6]               0.7611
[Row   7]              -0.9850
[Row   8]               0.0000
[Row   9]               0.0000
[Row  10]              -0.7748
[Row  11]              -0.7748
 ===== CB ===== 

                  [Col  1]              [Col  2]              [Col  3]              [Col  4]              [Col  5]              [Col  6]              [Col  7]              [Col  8]              [Col  9]              [Col 10]
[Row   1]               0.9940               0.3439               0.0000              -0.0000               0.0071               0.0719              -0.0000               0.0520               0.0000               0.0000
[Row   2]               0.0188              -1.0387              -0.0000               0.0000              -0.0218              -0.2628               0.0000              -0.1770              -0.0000              -0.0000
[Row   3]              -0.0003               0.0166              -0.0000               0.0000              -0.9768               0.0635               0.0000              -0.2348              -0.0000               0.0000
[Row   4]              -0.0000               0.0000               0.9773              -0.0000              -0.0000              -0.0000               0.0000              -0.0000               0.3500               0.0000
[Row   5]               0.0000               0.0000               0.0000               0.9765               0.0000               0.0000               0.1888               0.0000              -0.0000               0.3188
[Row   6]              -0.0032              -0.0520               0.0000              -0.0000               0.0129               0.6878              -0.0000               0.6941               0.0000               0.0000
[Row   7]               0.0005               0.0086              -0.0000               0.0000              -0.0789              -0.1236              -0.0000               0.6435               0.0000              -0.0000
[Row   8]               0.0000               0.0000               0.0748              -0.0000              -0.0000               0.0000               0.0000               0.0000              -1.0354              -0.0000
[Row   9]               0.0000               0.0000               0.0000               0.0804               0.0000              -0.0000              -0.4555              -0.0000               0.0000              -1.0859
[Row  10]               0.0008               0.0096              -0.0000              -0.0134              -0.0144               0.3060              -0.5274              -0.3309              -0.0000               0.6553
[Row  11]               0.0008               0.0096              -0.0000               0.0134              -0.0144               0.3060               0.5274              -0.3309              -0.0000              -0.6553
                  [Col 11]
[Row   1]               0.0447
[Row   2]              -0.1396
[Row   3]               0.2787
[Row   4]              -0.0000
[Row   5]              -0.0000
[Row   6]               0.7611
[Row   7]              -0.9850
[Row   8]               0.0000
[Row   9]               0.0000
[Row  10]              -0.7748
[Row  11]              -0.7748
 ===== P_psi ===== Dalpha+Dbeta 

                  [Col  1]              [Col  2]              [Col  3]              [Col  4]              [Col  5]              [Col  6]              [Col  7]              [Col  8]              [Col  9]              [Col 10]
[Row   1]               2.2284              -0.7336              -0.0182              -0.0000              -0.0000               0.1293               0.0550               0.0000               0.0000               0.0176
[Row   2]              -0.7336               2.3601               0.0579               0.0000              -0.0000              -0.4998              -0.1771              -0.0000               0.0000              -0.0631
[Row   3]              -0.0182               0.0579               2.0273              -0.0000              -0.0000              -0.2655              -0.1634               0.0000               0.0000               0.2226
[Row   4]              -0.0000               0.0000              -0.0000               1.9104               0.0000              -0.0000              -0.0000               0.1461               0.0000               0.0000
[Row   5]              -0.0000              -0.0000              -0.0000               0.0000               1.9784               0.0000               0.0000              -0.0000              -0.0150              -0.2253
[Row   6]               0.1293              -0.4998              -0.2655              -0.0000               0.0000               1.9155               0.7203               0.0000              -0.0000              -0.0398
[Row   7]               0.0550              -0.1771              -0.1634              -0.0000               0.0000               0.7203               0.8713               0.0000              -0.0000              -0.4991
[Row   8]               0.0000              -0.0000               0.0000               0.1461              -0.0000               0.0000               0.0000               0.0112              -0.0000              -0.0000
[Row   9]               0.0000               0.0000               0.0000               0.0000              -0.0150              -0.0000              -0.0000              -0.0000               0.4279               0.4783
[Row  10]               0.0176              -0.0631               0.2226               0.0000              -0.2253              -0.0398              -0.4991              -0.0000               0.4783               0.9637
[Row  11]               0.0176              -0.0631               0.2226               0.0000               0.2253              -0.0398              -0.4991              -0.0000              -0.4783              -0.1498
                  [Col 11]
[Row   1]               0.0176
[Row   2]              -0.0631
[Row   3]               0.2226
[Row   4]               0.0000
[Row   5]               0.2253
[Row   6]              -0.0398
[Row   7]              -0.4991
[Row   8]              -0.0000
[Row   9]              -0.4783
[Row  10]              -0.1498
[Row  11]               0.9637
===== P_mu,nu local =====

                  [Col  1]              [Col  2]              [Col  3]              [Col  4]              [Col  5]              [Col  6]              [Col  7]              [Col  8]              [Col  9]              [Col 10]
[Row   1]               2.2284              -0.7336              -0.0182              -0.0000              -0.0000               0.1293               0.0550               0.0000               0.0000               0.0176
[Row   2]              -0.7336               2.3601               0.0579               0.0000              -0.0000              -0.4998              -0.1771              -0.0000               0.0000              -0.0631
[Row   3]              -0.0182               0.0579               2.0273              -0.0000              -0.0000              -0.2655              -0.1634               0.0000               0.0000               0.2226
[Row   4]              -0.0000               0.0000              -0.0000               1.9104               0.0000              -0.0000              -0.0000               0.1461               0.0000               0.0000
[Row   5]              -0.0000              -0.0000              -0.0000               0.0000               1.9784               0.0000               0.0000              -0.0000              -0.0150              -0.2253
[Row   6]               0.1293              -0.4998              -0.2655              -0.0000               0.0000               1.9155               0.7203               0.0000              -0.0000              -0.0398
[Row   7]               0.0550              -0.1771              -0.1634              -0.0000               0.0000               0.7203               0.8713               0.0000              -0.0000              -0.4991
[Row   8]               0.0000              -0.0000               0.0000               0.1461              -0.0000               0.0000               0.0000               0.0112              -0.0000              -0.0000
[Row   9]               0.0000               0.0000               0.0000               0.0000              -0.0150              -0.0000              -0.0000              -0.0000               0.4279               0.4783
[Row  10]               0.0176              -0.0631               0.2226               0.0000              -0.2253              -0.0398              -0.4991              -0.0000               0.4783               0.9637
[Row  11]               0.0176              -0.0631               0.2226               0.0000               0.2253              -0.0398              -0.4991              -0.0000              -0.4783              -0.1498
                  [Col 11]
[Row   1]               0.0176
[Row   2]              -0.0631
[Row   3]               0.2226
[Row   4]               0.0000
[Row   5]               0.2253
[Row   6]              -0.0398
[Row   7]              -0.4991
[Row   8]              -0.0000
[Row   9]              -0.4783
[Row  10]              -0.1498
[Row  11]               0.9637
===== P_mu,nu psi4 =====

                  [Col  1]              [Col  2]              [Col  3]              [Col  4]              [Col  5]              [Col  6]              [Col  7]              [Col  8]              [Col  9]              [Col 10]
[Row   1]               2.2284              -0.7336              -0.0182              -0.0000              -0.0000               0.1293               0.0550               0.0000               0.0000               0.0176
[Row   2]              -0.7336               2.3601               0.0579               0.0000              -0.0000              -0.4998              -0.1771              -0.0000               0.0000              -0.0631
[Row   3]              -0.0182               0.0579               2.0273              -0.0000              -0.0000              -0.2655              -0.1634               0.0000               0.0000               0.2226
[Row   4]              -0.0000               0.0000              -0.0000               1.9104               0.0000              -0.0000              -0.0000               0.1461               0.0000               0.0000
[Row   5]              -0.0000              -0.0000              -0.0000               0.0000               1.9784               0.0000               0.0000              -0.0000              -0.0150              -0.2253
[Row   6]               0.1293              -0.4998              -0.2655              -0.0000               0.0000               1.9155               0.7203               0.0000              -0.0000              -0.0398
[Row   7]               0.0550              -0.1771              -0.1634              -0.0000               0.0000               0.7203               0.8713               0.0000              -0.0000              -0.4991
[Row   8]               0.0000              -0.0000               0.0000               0.1461              -0.0000               0.0000               0.0000               0.0112              -0.0000              -0.0000
[Row   9]               0.0000               0.0000               0.0000               0.0000              -0.0150              -0.0000              -0.0000              -0.0000               0.4279               0.4783
[Row  10]               0.0176              -0.0631               0.2226               0.0000              -0.2253              -0.0398              -0.4991              -0.0000               0.4783               0.9637
[Row  11]               0.0176              -0.0631               0.2226               0.0000               0.2253              -0.0398              -0.4991              -0.0000              -0.4783              -0.1498
                  [Col 11]
[Row   1]               0.0176
[Row   2]              -0.0631
[Row   3]               0.2226
[Row   4]               0.0000
[Row   5]               0.2253
[Row   6]              -0.0398
[Row   7]              -0.4991
[Row   8]              -0.0000
[Row   9]              -0.4783
[Row  10]              -0.1498
[Row  11]               0.9637
====== P^(AO) = SPS =====

                  [Col  1]              [Col  2]              [Col  3]              [Col  4]              [Col  5]              [Col  6]              [Col  7]              [Col  8]              [Col  9]              [Col 10]
[Row   1]               2.0000               0.6285              -0.0001              -0.0000               0.0000               0.0267               0.0013               0.0000               0.0000               0.0133
[Row   2]               0.6285               1.9995               0.0014              -0.0000              -0.0000               0.5133              -0.0136               0.0000              -0.0000               0.0990
[Row   3]              -0.0001               0.0014               1.9957              -0.0000              -0.0000              -0.0145               0.5780               0.0000               0.0000              -0.0157
[Row   4]              -0.0000              -0.0000              -0.0000               1.9896               0.0000              -0.0000              -0.0000               0.6726               0.0000               0.0000
[Row   5]               0.0000              -0.0000              -0.0000               0.0000               1.9938              -0.0000              -0.0000              -0.0000               0.6022               0.0140
[Row   6]               0.0267               0.5133              -0.0145              -0.0000              -0.0000               1.9507               0.1389               0.0000              -0.0000               0.8217
[Row   7]               0.0013              -0.0136               0.5780              -0.0000              -0.0000               0.1389               1.6089               0.0000              -0.0000              -0.8494
[Row   8]               0.0000               0.0000               0.0000               0.6726              -0.0000               0.0000               0.0000               0.2274              -0.0000              -0.0000
[Row   9]               0.0000              -0.0000               0.0000               0.0000               0.6022              -0.0000              -0.0000              -0.0000               1.3114               0.9400
[Row  10]               0.0133               0.0990              -0.0157               0.0000               0.0140               0.8217              -0.8494              -0.0000               0.9400               1.7075
[Row  11]               0.0133               0.0990              -0.0157               0.0000              -0.0140               0.8217              -0.8494              -0.0000              -0.9400               0.1568
                  [Col 11]
[Row   1]               0.0133
[Row   2]               0.0990
[Row   3]              -0.0157
[Row   4]               0.0000
[Row   5]              -0.0140
[Row   6]               0.8217
[Row   7]              -0.8494
[Row   8]              -0.0000
[Row   9]              -0.9400
[Row  10]               0.1568
[Row  11]               1.7075
====== S^(AO) = S =====

                  [Col  1]              [Col  2]              [Col  3]              [Col  4]              [Col  5]              [Col  6]              [Col  7]              [Col  8]              [Col  9]              [Col 10]
[Row   1]               1.0000               0.3142               0.0000               0.0000               0.0000               0.0136               0.0000               0.0000               0.0000               0.0062
[Row   2]               0.3142               1.0000               0.0000               0.0000               0.0000               0.2542               0.0000               0.0000               0.0000               0.0538
[Row   3]               0.0000               0.0000               1.0000               0.0000               0.0000              -0.0000               0.2685               0.0000               0.0000              -0.0207
[Row   4]               0.0000               0.0000               0.0000               1.0000               0.0000               0.0000               0.0000               0.2685               0.0000               0.0000
[Row   5]               0.0000               0.0000               0.0000               0.0000               1.0000               0.0000               0.0000               0.0000               0.2685               0.0216
[Row   6]               0.0136               0.2542              -0.0000               0.0000               0.0000               1.0000              -0.0000               0.0000               0.0000               0.3673
[Row   7]               0.0000               0.0000               0.2685               0.0000               0.0000              -0.0000               1.0000               0.0000               0.0000              -0.3020
[Row   8]               0.0000               0.0000               0.0000               0.2685               0.0000               0.0000               0.0000               1.0000               0.0000               0.0000
[Row   9]               0.0000               0.0000               0.0000               0.0000               0.2685               0.0000               0.0000               0.0000               1.0000               0.3155
[Row  10]               0.0062               0.0538              -0.0207               0.0000               0.0216               0.3673              -0.3020               0.0000               0.3155               1.0000
[Row  11]               0.0062               0.0538              -0.0207               0.0000              -0.0216               0.3673              -0.3020               0.0000              -0.3155               0.0860
                  [Col 11]
[Row   1]               0.0062
[Row   2]               0.0538
[Row   3]              -0.0207
[Row   4]               0.0000
[Row   5]              -0.0216
[Row   6]               0.3673
[Row   7]              -0.3020
[Row   8]               0.0000
[Row   9]              -0.3155
[Row  10]               0.0860
[Row  11]               1.0000
====== P^(AO) std gaussian m_l ordering SPS =====

                  [Col  1]              [Col  2]              [Col  3]              [Col  4]              [Col  5]              [Col  6]              [Col  7]              [Col  8]              [Col  9]              [Col 10]
[Row   1]               2.0000               0.6285              -0.0000               0.0000              -0.0001               0.0267               0.0000               0.0000               0.0013               0.0133
[Row   2]               0.6285               1.9995              -0.0000              -0.0000               0.0014               0.5133               0.0000              -0.0000              -0.0136               0.0990
[Row   3]              -0.0000              -0.0000               1.9896               0.0000              -0.0000              -0.0000               0.6726               0.0000              -0.0000               0.0000
[Row   4]               0.0000              -0.0000               0.0000               1.9938              -0.0000              -0.0000              -0.0000               0.6022              -0.0000               0.0140
[Row   5]              -0.0001               0.0014              -0.0000              -0.0000               1.9957              -0.0145               0.0000               0.0000               0.5780              -0.0157
[Row   6]               0.0267               0.5133              -0.0000              -0.0000              -0.0145               1.9507               0.0000              -0.0000               0.1389               0.8217
[Row   7]               0.0000               0.0000               0.6726              -0.0000               0.0000               0.0000               0.2274              -0.0000               0.0000              -0.0000
[Row   8]               0.0000              -0.0000               0.0000               0.6022               0.0000              -0.0000              -0.0000               1.3114              -0.0000               0.9400
[Row   9]               0.0013              -0.0136              -0.0000              -0.0000               0.5780               0.1389               0.0000              -0.0000               1.6089              -0.8494
[Row  10]               0.0133               0.0990               0.0000               0.0140              -0.0157               0.8217              -0.0000               0.9400              -0.8494               1.7075
[Row  11]               0.0133               0.0990               0.0000              -0.0140              -0.0157               0.8217              -0.0000              -0.9400              -0.8494               0.1568
                  [Col 11]
[Row   1]               0.0133
[Row   2]               0.0990
[Row   3]               0.0000
[Row   4]              -0.0140
[Row   5]              -0.0157
[Row   6]               0.8217
[Row   7]              -0.0000
[Row   8]              -0.9400
[Row   9]              -0.8494
[Row  10]               0.1568
[Row  11]               1.7075
====== S^(AO) std gaussian m_l ordering =====

                  [Col  1]              [Col  2]              [Col  3]              [Col  4]              [Col  5]              [Col  6]              [Col  7]              [Col  8]              [Col  9]              [Col 10]
[Row   1]               1.0000               0.3142               0.0000               0.0000               0.0000               0.0136               0.0000               0.0000               0.0000               0.0062
[Row   2]               0.3142               1.0000               0.0000               0.0000               0.0000               0.2542               0.0000               0.0000               0.0000               0.0538
[Row   3]               0.0000               0.0000               1.0000               0.0000               0.0000               0.0000               0.2685               0.0000               0.0000               0.0000
[Row   4]               0.0000               0.0000               0.0000               1.0000               0.0000               0.0000               0.0000               0.2685               0.0000               0.0216
[Row   5]               0.0000               0.0000               0.0000               0.0000               1.0000              -0.0000               0.0000               0.0000               0.2685              -0.0207
[Row   6]               0.0136               0.2542               0.0000               0.0000              -0.0000               1.0000               0.0000               0.0000              -0.0000               0.3673
[Row   7]               0.0000               0.0000               0.2685               0.0000               0.0000               0.0000               1.0000               0.0000               0.0000               0.0000
[Row   8]               0.0000               0.0000               0.0000               0.2685               0.0000               0.0000               0.0000               1.0000               0.0000               0.3155
[Row   9]               0.0000               0.0000               0.0000               0.0000               0.2685              -0.0000               0.0000               0.0000               1.0000              -0.3020
[Row  10]               0.0062               0.0538               0.0000               0.0216              -0.0207               0.3673               0.0000               0.3155              -0.3020               1.0000
[Row  11]               0.0062               0.0538               0.0000              -0.0216              -0.0207               0.3673               0.0000              -0.3155              -0.3020               0.0860
                  [Col 11]
[Row   1]               0.0062
[Row   2]               0.0538
[Row   3]               0.0000
[Row   4]              -0.0216
[Row   5]              -0.0207
[Row   6]               0.3673
[Row   7]               0.0000
[Row   8]              -0.3155
[Row   9]              -0.3020
[Row  10]               0.0860
[Row  11]               1.0000
