molecule mol109.xyz
System:, atNum: 6 coords [              0.0000               0.0000              -2.3042]
System:, atNum: 6 coords [              0.0000               0.0000               0.1869]
System:, atNum: 1 coords [              0.0000               1.7742              -3.3131]
System:, atNum: 1 coords [              0.0000              -1.7742              -3.3131]
System:, atNum: 8 coords [              0.0000               0.0000               2.4162]
===== Original AO-S matrix =====

                  [Col  1]              [Col  2]              [Col  3]              [Col  4]              [Col  5]              [Col  6]              [Col  7]              [Col  8]              [Col  9]              [Col 10]
[Row   1]               1.0000               0.2484               0.0000               0.0000               0.0000               0.0000               0.0455              -0.0756               0.0000               0.0000
[Row   2]               0.2484               1.0000               0.0000               0.0000               0.0000               0.0455               0.4068              -0.4169               0.0000               0.0000
[Row   3]               0.0000               0.0000               1.0000               0.0000               0.0000               0.0756               0.4169              -0.3272               0.0000               0.0000
[Row   4]               0.0000               0.0000               0.0000               1.0000               0.0000               0.0000               0.0000               0.0000               0.2466               0.0000
[Row   5]               0.0000               0.0000               0.0000               0.0000               1.0000               0.0000               0.0000               0.0000               0.0000               0.2466
[Row   6]               0.0000               0.0455               0.0756               0.0000               0.0000               1.0000               0.2484              -0.0000               0.0000               0.0000
[Row   7]               0.0455               0.4068               0.4169               0.0000               0.0000               0.2484               1.0000              -0.0000               0.0000               0.0000
[Row   8]              -0.0756              -0.4169              -0.3272               0.0000               0.0000              -0.0000              -0.0000               1.0000               0.0000               0.0000
[Row   9]               0.0000               0.0000               0.0000               0.2466               0.0000               0.0000               0.0000               0.0000               1.0000               0.0000
[Row  10]               0.0000               0.0000               0.0000               0.0000               0.2466               0.0000               0.0000               0.0000               0.0000               1.0000
[Row  11]               0.0637               0.4965              -0.2327               0.0000               0.4091               0.0066               0.1122              -0.1267               0.0000               0.0642
[Row  12]               0.0637               0.4965              -0.2327               0.0000              -0.4091               0.0066               0.1122              -0.1267               0.0000              -0.0642
[Row  13]               0.0000               0.0008               0.0020               0.0000               0.0000               0.0000               0.0397               0.0671               0.0000               0.0000
[Row  14]               0.0001               0.0241               0.0424               0.0000               0.0000               0.0404               0.3819               0.4581               0.0000               0.0000
[Row  15]              -0.0003              -0.0339              -0.0550               0.0000               0.0000              -0.0673              -0.3318              -0.3133               0.0000               0.0000
[Row  16]               0.0000               0.0000               0.0000               0.0089               0.0000               0.0000               0.0000               0.0000               0.2251               0.0000
[Row  17]               0.0000               0.0000               0.0000               0.0000               0.0089               0.0000               0.0000               0.0000               0.0000               0.2251
                  [Col 11]              [Col 12]              [Col 13]              [Col 14]              [Col 15]              [Col 16]              [Col 17]
[Row   1]               0.0637               0.0637               0.0000               0.0001              -0.0003               0.0000               0.0000
[Row   2]               0.4965               0.4965               0.0008               0.0241              -0.0339               0.0000               0.0000
[Row   3]              -0.2327              -0.2327               0.0020               0.0424              -0.0550               0.0000               0.0000
[Row   4]               0.0000               0.0000               0.0000               0.0000               0.0000               0.0089               0.0000
[Row   5]               0.4091              -0.4091               0.0000               0.0000               0.0000               0.0000               0.0089
[Row   6]               0.0066               0.0066               0.0000               0.0404              -0.0673               0.0000               0.0000
[Row   7]               0.1122               0.1122               0.0397               0.3819              -0.3318               0.0000               0.0000
[Row   8]              -0.1267              -0.1267               0.0671               0.4581              -0.3133               0.0000               0.0000
[Row   9]               0.0000               0.0000               0.0000               0.0000               0.0000               0.2251               0.0000
[Row  10]               0.0642              -0.0642               0.0000               0.0000               0.0000               0.0000               0.2251
[Row  11]               1.0000               0.1452               0.0001               0.0046              -0.0063               0.0000               0.0020
[Row  12]               0.1452               1.0000               0.0001               0.0046              -0.0063               0.0000              -0.0020
[Row  13]               0.0001               0.0001               1.0000               0.2367               0.0000               0.0000               0.0000
[Row  14]               0.0046               0.0046               0.2367               1.0000               0.0000               0.0000               0.0000
[Row  15]              -0.0063              -0.0063               0.0000               0.0000               1.0000               0.0000               0.0000
[Row  16]               0.0000               0.0000               0.0000               0.0000               0.0000               1.0000               0.0000
[Row  17]               0.0020              -0.0020               0.0000               0.0000               0.0000               0.0000               1.0000
nbas 17
 ===== CA ===== 

                  [Col  1]              [Col  2]              [Col  3]              [Col  4]              [Col  5]              [Col  6]              [Col  7]              [Col  8]              [Col  9]              [Col 10]
[Row   1]              -0.0000               0.0028               0.9921               0.0128               0.1992               0.0868              -0.0000               0.0253              -0.0000               0.0000
[Row   2]               0.0011              -0.0063               0.0372              -0.0530              -0.5045              -0.2781               0.0000              -0.1332               0.0000              -0.0000
[Row   3]               0.0008              -0.0036               0.0028              -0.0342              -0.1159               0.2931              -0.0000               0.3602              -0.0000               0.0000
[Row   4]              -0.0000              -0.0000               0.0000               0.0000               0.0000               0.0000              -0.0000              -0.0000               0.1987               0.0000
[Row   5]              -0.0000               0.0000              -0.0000              -0.0000               0.0000               0.0000               0.4556               0.0000               0.0000               0.3159
[Row   6]              -0.0004               0.9931              -0.0024               0.1236               0.1342              -0.1435               0.0000              -0.0127               0.0000              -0.0000
[Row   7]               0.0070               0.0300              -0.0085              -0.2537              -0.3776               0.4668              -0.0000               0.0511              -0.0000               0.0000
[Row   8]               0.0077              -0.0006               0.0053              -0.1801               0.2785               0.0385               0.0000              -0.4467              -0.0000              -0.0000
[Row   9]               0.0000              -0.0000              -0.0000              -0.0000              -0.0000               0.0000              -0.0000              -0.0000               0.4981              -0.0000
[Row  10]               0.0000               0.0000               0.0000              -0.0000              -0.0000               0.0000               0.3537               0.0000               0.0000              -0.4051
[Row  11]              -0.0000              -0.0001              -0.0068              -0.0028              -0.1344              -0.2266               0.3091              -0.2070               0.0000               0.2738
[Row  12]              -0.0000              -0.0001              -0.0068              -0.0028              -0.1344              -0.2266              -0.3091              -0.2070               0.0000              -0.2738
[Row  13]              -0.9942              -0.0001              -0.0000               0.2199              -0.0503               0.1004               0.0000              -0.0740              -0.0000              -0.0000
[Row  14]              -0.0268              -0.0048              -0.0001              -0.7618               0.1843              -0.4879              -0.0000               0.4103               0.0000               0.0000
[Row  15]               0.0063               0.0005               0.0001               0.1857               0.0427              -0.4326              -0.0000               0.5278               0.0000               0.0000
[Row  16]              -0.0000               0.0000              -0.0000               0.0000              -0.0000               0.0000              -0.0000              -0.0000               0.7086              -0.0000
[Row  17]              -0.0000              -0.0000              -0.0000              -0.0000              -0.0000               0.0000               0.3314               0.0000               0.0000              -0.6648
                  [Col 11]              [Col 12]              [Col 13]              [Col 14]              [Col 15]              [Col 16]              [Col 17]
[Row   1]              -0.0000              -0.0000              -0.0000               0.1944               0.1102               0.0000               0.0996
[Row   2]               0.0000               0.0000               0.0000              -1.1935              -0.7181              -0.0000              -0.8820
[Row   3]               0.0000               0.0000               0.0000              -0.3496               0.9334               0.0000              -0.8688
[Row   4]               0.7280               0.0000               0.7056               0.0000              -0.0000              -0.0000               0.0000
[Row   5]              -0.0000               0.0977              -0.0000              -0.0000              -0.0000               1.1959               0.0000
[Row   6]              -0.0000               0.0000               0.0000              -0.1826               0.0909              -0.0000              -0.0117
[Row   7]              -0.0000              -0.0000              -0.0000               1.2313              -0.6829               0.0000               0.1451
[Row   8]               0.0000               0.0000               0.0000               0.0168              -0.0990               0.0000              -1.5684
[Row   9]               0.3338              -0.0000              -0.8744              -0.0000               0.0000              -0.0000               0.0000
[Row  10]               0.0000               0.8344              -0.0000               0.0000               0.0000              -0.3811              -0.0000
[Row  11]              -0.0000              -0.2893              -0.0000               0.4737               0.7718              -0.8444              -0.0004
[Row  12]              -0.0000               0.2893              -0.0000               0.4737               0.7718               0.8444              -0.0004
[Row  13]               0.0000              -0.0000              -0.0000               0.0716              -0.0434               0.0000              -0.0932
[Row  14]              -0.0000               0.0000               0.0000              -0.4866               0.3074              -0.0000               0.7992
[Row  15]              -0.0000              -0.0000              -0.0000               0.5932              -0.3502               0.0000              -0.7268
[Row  16]              -0.5769               0.0000               0.4700               0.0000              -0.0000               0.0000              -0.0000
[Row  17]               0.0000              -0.6919               0.0000              -0.0000              -0.0000               0.1598               0.0000
 ===== CB ===== 

                  [Col  1]              [Col  2]              [Col  3]              [Col  4]              [Col  5]              [Col  6]              [Col  7]              [Col  8]              [Col  9]              [Col 10]
[Row   1]              -0.0000               0.0028               0.9921               0.0128               0.1992               0.0868              -0.0000               0.0253              -0.0000               0.0000
[Row   2]               0.0011              -0.0063               0.0372              -0.0530              -0.5045              -0.2781               0.0000              -0.1332               0.0000              -0.0000
[Row   3]               0.0008              -0.0036               0.0028              -0.0342              -0.1159               0.2931              -0.0000               0.3602              -0.0000               0.0000
[Row   4]              -0.0000              -0.0000               0.0000               0.0000               0.0000               0.0000              -0.0000              -0.0000               0.1987               0.0000
[Row   5]              -0.0000               0.0000              -0.0000              -0.0000               0.0000               0.0000               0.4556               0.0000               0.0000               0.3159
[Row   6]              -0.0004               0.9931              -0.0024               0.1236               0.1342              -0.1435               0.0000              -0.0127               0.0000              -0.0000
[Row   7]               0.0070               0.0300              -0.0085              -0.2537              -0.3776               0.4668              -0.0000               0.0511              -0.0000               0.0000
[Row   8]               0.0077              -0.0006               0.0053              -0.1801               0.2785               0.0385               0.0000              -0.4467              -0.0000              -0.0000
[Row   9]               0.0000              -0.0000              -0.0000              -0.0000              -0.0000               0.0000              -0.0000              -0.0000               0.4981              -0.0000
[Row  10]               0.0000               0.0000               0.0000              -0.0000              -0.0000               0.0000               0.3537               0.0000               0.0000              -0.4051
[Row  11]              -0.0000              -0.0001              -0.0068              -0.0028              -0.1344              -0.2266               0.3091              -0.2070               0.0000               0.2738
[Row  12]              -0.0000              -0.0001              -0.0068              -0.0028              -0.1344              -0.2266              -0.3091              -0.2070               0.0000              -0.2738
[Row  13]              -0.9942              -0.0001              -0.0000               0.2199              -0.0503               0.1004               0.0000              -0.0740              -0.0000              -0.0000
[Row  14]              -0.0268              -0.0048              -0.0001              -0.7618               0.1843              -0.4879              -0.0000               0.4103               0.0000               0.0000
[Row  15]               0.0063               0.0005               0.0001               0.1857               0.0427              -0.4326              -0.0000               0.5278               0.0000               0.0000
[Row  16]              -0.0000               0.0000              -0.0000               0.0000              -0.0000               0.0000              -0.0000              -0.0000               0.7086              -0.0000
[Row  17]              -0.0000              -0.0000              -0.0000              -0.0000              -0.0000               0.0000               0.3314               0.0000               0.0000              -0.6648
                  [Col 11]              [Col 12]              [Col 13]              [Col 14]              [Col 15]              [Col 16]              [Col 17]
[Row   1]              -0.0000              -0.0000              -0.0000               0.1944               0.1102               0.0000               0.0996
[Row   2]               0.0000               0.0000               0.0000              -1.1935              -0.7181              -0.0000              -0.8820
[Row   3]               0.0000               0.0000               0.0000              -0.3496               0.9334               0.0000              -0.8688
[Row   4]               0.7280               0.0000               0.7056               0.0000              -0.0000              -0.0000               0.0000
[Row   5]              -0.0000               0.0977              -0.0000              -0.0000              -0.0000               1.1959               0.0000
[Row   6]              -0.0000               0.0000               0.0000              -0.1826               0.0909              -0.0000              -0.0117
[Row   7]              -0.0000              -0.0000              -0.0000               1.2313              -0.6829               0.0000               0.1451
[Row   8]               0.0000               0.0000               0.0000               0.0168              -0.0990               0.0000              -1.5684
[Row   9]               0.3338              -0.0000              -0.8744              -0.0000               0.0000              -0.0000               0.0000
[Row  10]               0.0000               0.8344              -0.0000               0.0000               0.0000              -0.3811              -0.0000
[Row  11]              -0.0000              -0.2893              -0.0000               0.4737               0.7718              -0.8444              -0.0004
[Row  12]              -0.0000               0.2893              -0.0000               0.4737               0.7718               0.8444              -0.0004
[Row  13]               0.0000              -0.0000              -0.0000               0.0716              -0.0434               0.0000              -0.0932
[Row  14]              -0.0000               0.0000               0.0000              -0.4866               0.3074              -0.0000               0.7992
[Row  15]              -0.0000              -0.0000              -0.0000               0.5932              -0.3502               0.0000              -0.7268
[Row  16]              -0.5769               0.0000               0.4700               0.0000              -0.0000               0.0000              -0.0000
[Row  17]               0.0000              -0.6919               0.0000              -0.0000              -0.0000               0.1598               0.0000
 ===== P_psi ===== Dalpha+Dbeta 

                  [Col  1]              [Col  2]              [Col  3]              [Col  4]              [Col  5]              [Col  6]              [Col  7]              [Col  8]              [Col  9]              [Col 10]
[Row   1]               2.0645              -0.1836               0.0275              -0.0000               0.0000               0.0319              -0.0899               0.1008              -0.0000               0.0000
[Row   2]              -0.1836               0.7077              -0.1382               0.0000              -0.0000              -0.0780               0.1336              -0.1638               0.0000               0.0000
[Row   3]               0.0275              -0.1382               0.4605               0.0000               0.0000              -0.1401               0.4150              -0.3515               0.0000               0.0000
[Row   4]              -0.0000               0.0000               0.0000               1.1390               0.0000               0.0000              -0.0000               0.0000               0.6840              -0.0000
[Row   5]               0.0000              -0.0000               0.0000               0.0000               0.6146              -0.0000               0.0000              -0.0000              -0.0000               0.0663
[Row   6]               0.0319              -0.0780              -0.1401               0.0000              -0.0000               2.0804              -0.2398               0.0293              -0.0000              -0.0000
[Row   7]              -0.0899               0.1336               0.4150              -0.0000               0.0000              -0.2398               0.8570              -0.1287              -0.0000               0.0000
[Row   8]               0.1008              -0.1638              -0.3515               0.0000              -0.0000               0.0293              -0.1287               0.6222               0.0000               0.0000
[Row   9]              -0.0000               0.0000               0.0000               0.6840              -0.0000              -0.0000              -0.0000               0.0000               0.7192              -0.0000
[Row  10]               0.0000               0.0000               0.0000              -0.0000               0.0663              -0.0000               0.0000               0.0000              -0.0000               0.5783
[Row  11]              -0.1170               0.3166              -0.2506              -0.0000               0.4546               0.0334              -0.1297               0.0936              -0.0000              -0.0032
[Row  12]              -0.1170               0.3166              -0.2506              -0.0000              -0.4546               0.0334              -0.1297               0.0936              -0.0000               0.0032
[Row  13]              -0.0007              -0.0110               0.0006               0.0000               0.0000               0.0145              -0.0013              -0.0486              -0.0000              -0.0000
[Row  14]              -0.0103               0.0569               0.0190              -0.0000               0.0000              -0.0188              -0.1670              -0.0274               0.0000              -0.0000
[Row  15]              -0.0264               0.0373               0.1041              -0.0000              -0.0000               0.1692              -0.4764              -0.5478              -0.0000              -0.0000
[Row  16]               0.0000              -0.0000              -0.0000              -0.5584              -0.0000               0.0000               0.0000              -0.0000               0.3208              -0.0000
[Row  17]              -0.0000               0.0000               0.0000               0.0000              -0.1181               0.0000              -0.0000               0.0000               0.0000               0.7730
                  [Col 11]              [Col 12]              [Col 13]              [Col 14]              [Col 15]              [Col 16]              [Col 17]
[Row   1]              -0.1170              -0.1170              -0.0007              -0.0103              -0.0264               0.0000              -0.0000
[Row   2]               0.3166               0.3166              -0.0110               0.0569               0.0373              -0.0000               0.0000
[Row   3]              -0.2506              -0.2506               0.0006               0.0190               0.1041              -0.0000               0.0000
[Row   4]              -0.0000              -0.0000               0.0000              -0.0000              -0.0000              -0.5584               0.0000
[Row   5]               0.4546              -0.4546               0.0000               0.0000              -0.0000              -0.0000              -0.1181
[Row   6]               0.0334               0.0334               0.0145              -0.0188               0.1692               0.0000               0.0000
[Row   7]              -0.1297              -0.1297              -0.0013              -0.1670              -0.4764               0.0000              -0.0000
[Row   8]               0.0936               0.0936              -0.0486              -0.0274              -0.5478              -0.0000               0.0000
[Row   9]              -0.0000              -0.0000              -0.0000               0.0000              -0.0000               0.3208               0.0000
[Row  10]              -0.0032               0.0032              -0.0000              -0.0000              -0.0000              -0.0000               0.7730
[Row  11]               0.5656              -0.1164              -0.0025               0.0060              -0.0350               0.0000              -0.1592
[Row  12]              -0.1164               0.5656              -0.0025               0.0060              -0.0350               0.0000               0.1592
[Row  13]              -0.0025              -0.0025               2.1099              -0.4591              -0.1002               0.0000              -0.0000
[Row  14]               0.0060               0.0060              -0.4591               2.0428               0.5877              -0.0000              -0.0000
[Row  15]              -0.0350              -0.0350              -0.1002               0.5877               1.0041               0.0000               0.0000
[Row  16]               0.0000               0.0000               0.0000              -0.0000               0.0000               1.6701              -0.0000
[Row  17]              -0.1592               0.1592              -0.0000              -0.0000               0.0000              -0.0000               1.1037
===== P_mu,nu local =====

                  [Col  1]              [Col  2]              [Col  3]              [Col  4]              [Col  5]              [Col  6]              [Col  7]              [Col  8]              [Col  9]              [Col 10]
[Row   1]               2.0645              -0.1836               0.0275              -0.0000               0.0000               0.0319              -0.0899               0.1008              -0.0000               0.0000
[Row   2]              -0.1836               0.7077              -0.1382               0.0000              -0.0000              -0.0780               0.1336              -0.1638               0.0000               0.0000
[Row   3]               0.0275              -0.1382               0.4605               0.0000               0.0000              -0.1401               0.4150              -0.3515               0.0000               0.0000
[Row   4]              -0.0000               0.0000               0.0000               1.1390               0.0000               0.0000              -0.0000               0.0000               0.6840              -0.0000
[Row   5]               0.0000              -0.0000               0.0000               0.0000               0.6146              -0.0000               0.0000              -0.0000              -0.0000               0.0663
[Row   6]               0.0319              -0.0780              -0.1401               0.0000              -0.0000               2.0804              -0.2398               0.0293              -0.0000              -0.0000
[Row   7]              -0.0899               0.1336               0.4150              -0.0000               0.0000              -0.2398               0.8570              -0.1287              -0.0000               0.0000
[Row   8]               0.1008              -0.1638              -0.3515               0.0000              -0.0000               0.0293              -0.1287               0.6222               0.0000               0.0000
[Row   9]              -0.0000               0.0000               0.0000               0.6840              -0.0000              -0.0000              -0.0000               0.0000               0.7192              -0.0000
[Row  10]               0.0000               0.0000               0.0000              -0.0000               0.0663              -0.0000               0.0000               0.0000              -0.0000               0.5783
[Row  11]              -0.1170               0.3166              -0.2506              -0.0000               0.4546               0.0334              -0.1297               0.0936              -0.0000              -0.0032
[Row  12]              -0.1170               0.3166              -0.2506              -0.0000              -0.4546               0.0334              -0.1297               0.0936              -0.0000               0.0032
[Row  13]              -0.0007              -0.0110               0.0006               0.0000               0.0000               0.0145              -0.0013              -0.0486              -0.0000              -0.0000
[Row  14]              -0.0103               0.0569               0.0190              -0.0000               0.0000              -0.0188              -0.1670              -0.0274               0.0000              -0.0000
[Row  15]              -0.0264               0.0373               0.1041              -0.0000              -0.0000               0.1692              -0.4764              -0.5478              -0.0000              -0.0000
[Row  16]               0.0000              -0.0000              -0.0000              -0.5584              -0.0000               0.0000               0.0000              -0.0000               0.3208              -0.0000
[Row  17]              -0.0000               0.0000               0.0000               0.0000              -0.1181               0.0000              -0.0000               0.0000               0.0000               0.7730
                  [Col 11]              [Col 12]              [Col 13]              [Col 14]              [Col 15]              [Col 16]              [Col 17]
[Row   1]              -0.1170              -0.1170              -0.0007              -0.0103              -0.0264               0.0000              -0.0000
[Row   2]               0.3166               0.3166              -0.0110               0.0569               0.0373              -0.0000               0.0000
[Row   3]              -0.2506              -0.2506               0.0006               0.0190               0.1041              -0.0000               0.0000
[Row   4]              -0.0000              -0.0000               0.0000              -0.0000              -0.0000              -0.5584               0.0000
[Row   5]               0.4546              -0.4546               0.0000               0.0000              -0.0000              -0.0000              -0.1181
[Row   6]               0.0334               0.0334               0.0145              -0.0188               0.1692               0.0000               0.0000
[Row   7]              -0.1297              -0.1297              -0.0013              -0.1670              -0.4764               0.0000              -0.0000
[Row   8]               0.0936               0.0936              -0.0486              -0.0274              -0.5478              -0.0000               0.0000
[Row   9]              -0.0000              -0.0000              -0.0000               0.0000              -0.0000               0.3208               0.0000
[Row  10]              -0.0032               0.0032              -0.0000              -0.0000              -0.0000              -0.0000               0.7730
[Row  11]               0.5656              -0.1164              -0.0025               0.0060              -0.0350               0.0000              -0.1592
[Row  12]              -0.1164               0.5656              -0.0025               0.0060              -0.0350               0.0000               0.1592
[Row  13]              -0.0025              -0.0025               2.1099              -0.4591              -0.1002               0.0000              -0.0000
[Row  14]               0.0060               0.0060              -0.4591               2.0428               0.5877              -0.0000              -0.0000
[Row  15]              -0.0350              -0.0350              -0.1002               0.5877               1.0041               0.0000               0.0000
[Row  16]               0.0000               0.0000               0.0000              -0.0000               0.0000               1.6701              -0.0000
[Row  17]              -0.1592               0.1592              -0.0000              -0.0000               0.0000              -0.0000               1.1037
===== P_mu,nu psi4 =====

                  [Col  1]              [Col  2]              [Col  3]              [Col  4]              [Col  5]              [Col  6]              [Col  7]              [Col  8]              [Col  9]              [Col 10]
[Row   1]               2.0645              -0.1836               0.0275              -0.0000               0.0000               0.0319              -0.0899               0.1008              -0.0000               0.0000
[Row   2]              -0.1836               0.7077              -0.1382               0.0000              -0.0000              -0.0780               0.1336              -0.1638               0.0000               0.0000
[Row   3]               0.0275              -0.1382               0.4605               0.0000               0.0000              -0.1401               0.4150              -0.3515               0.0000               0.0000
[Row   4]              -0.0000               0.0000               0.0000               1.1390               0.0000               0.0000              -0.0000               0.0000               0.6840              -0.0000
[Row   5]               0.0000              -0.0000               0.0000               0.0000               0.6146              -0.0000               0.0000              -0.0000              -0.0000               0.0663
[Row   6]               0.0319              -0.0780              -0.1401               0.0000              -0.0000               2.0804              -0.2398               0.0293              -0.0000              -0.0000
[Row   7]              -0.0899               0.1336               0.4150              -0.0000               0.0000              -0.2398               0.8570              -0.1287              -0.0000               0.0000
[Row   8]               0.1008              -0.1638              -0.3515               0.0000              -0.0000               0.0293              -0.1287               0.6222               0.0000               0.0000
[Row   9]              -0.0000               0.0000               0.0000               0.6840              -0.0000              -0.0000              -0.0000               0.0000               0.7192              -0.0000
[Row  10]               0.0000               0.0000               0.0000              -0.0000               0.0663              -0.0000               0.0000               0.0000              -0.0000               0.5783
[Row  11]              -0.1170               0.3166              -0.2506              -0.0000               0.4546               0.0334              -0.1297               0.0936              -0.0000              -0.0032
[Row  12]              -0.1170               0.3166              -0.2506              -0.0000              -0.4546               0.0334              -0.1297               0.0936              -0.0000               0.0032
[Row  13]              -0.0007              -0.0110               0.0006               0.0000               0.0000               0.0145              -0.0013              -0.0486              -0.0000              -0.0000
[Row  14]              -0.0103               0.0569               0.0190              -0.0000               0.0000              -0.0188              -0.1670              -0.0274               0.0000              -0.0000
[Row  15]              -0.0264               0.0373               0.1041              -0.0000              -0.0000               0.1692              -0.4764              -0.5478              -0.0000              -0.0000
[Row  16]               0.0000              -0.0000              -0.0000              -0.5584              -0.0000               0.0000               0.0000              -0.0000               0.3208              -0.0000
[Row  17]              -0.0000               0.0000               0.0000               0.0000              -0.1181               0.0000              -0.0000               0.0000               0.0000               0.7730
                  [Col 11]              [Col 12]              [Col 13]              [Col 14]              [Col 15]              [Col 16]              [Col 17]
[Row   1]              -0.1170              -0.1170              -0.0007              -0.0103              -0.0264               0.0000              -0.0000
[Row   2]               0.3166               0.3166              -0.0110               0.0569               0.0373              -0.0000               0.0000
[Row   3]              -0.2506              -0.2506               0.0006               0.0190               0.1041              -0.0000               0.0000
[Row   4]              -0.0000              -0.0000               0.0000              -0.0000              -0.0000              -0.5584               0.0000
[Row   5]               0.4546              -0.4546               0.0000               0.0000              -0.0000              -0.0000              -0.1181
[Row   6]               0.0334               0.0334               0.0145              -0.0188               0.1692               0.0000               0.0000
[Row   7]              -0.1297              -0.1297              -0.0013              -0.1670              -0.4764               0.0000              -0.0000
[Row   8]               0.0936               0.0936              -0.0486              -0.0274              -0.5478              -0.0000               0.0000
[Row   9]              -0.0000              -0.0000              -0.0000               0.0000              -0.0000               0.3208               0.0000
[Row  10]              -0.0032               0.0032              -0.0000              -0.0000              -0.0000              -0.0000               0.7730
[Row  11]               0.5656              -0.1164              -0.0025               0.0060              -0.0350               0.0000              -0.1592
[Row  12]              -0.1164               0.5656              -0.0025               0.0060              -0.0350               0.0000               0.1592
[Row  13]              -0.0025              -0.0025               2.1099              -0.4591              -0.1002               0.0000              -0.0000
[Row  14]               0.0060               0.0060              -0.4591               2.0428               0.5877              -0.0000              -0.0000
[Row  15]              -0.0350              -0.0350              -0.1002               0.5877               1.0041               0.0000               0.0000
[Row  16]               0.0000               0.0000               0.0000              -0.0000               0.0000               1.6701              -0.0000
[Row  17]              -0.1592               0.1592              -0.0000              -0.0000               0.0000              -0.0000               1.1037
====== P^(AO) = SPS =====

                  [Col  1]              [Col  2]              [Col  3]              [Col  4]              [Col  5]              [Col  6]              [Col  7]              [Col  8]              [Col  9]              [Col 10]
[Row   1]               1.9995               0.5055               0.0011              -0.0000              -0.0000               0.0002               0.0860              -0.1487              -0.0000               0.0000
[Row   2]               0.5055               1.8438              -0.0030               0.0000              -0.0000               0.0876               0.8933              -0.8791               0.0000               0.0000
[Row   3]               0.0011              -0.0030               1.6072               0.0000               0.0000               0.1444               1.0052              -0.7362               0.0000               0.0000
[Row   4]              -0.0000               0.0000               0.0000               1.5116               0.0000               0.0000              -0.0000              -0.0000               1.0809              -0.0000
[Row   5]              -0.0000              -0.0000               0.0000               0.0000               1.6526               0.0000               0.0000              -0.0000              -0.0000               0.5435
[Row   6]               0.0002               0.0876               0.1444               0.0000               0.0000               1.9997               0.5046               0.0024              -0.0000               0.0000
[Row   7]               0.0860               0.8933               1.0052              -0.0000               0.0000               0.5046               1.7828              -0.0924               0.0000               0.0000
[Row   8]              -0.1487              -0.8791              -0.7362              -0.0000               0.0000               0.0024              -0.0924               1.7501               0.0000              -0.0000
[Row   9]              -0.0000               0.0000               0.0000               1.0809              -0.0000              -0.0000               0.0000               0.0000               1.2928              -0.0000
[Row  10]               0.0000               0.0000               0.0000              -0.0000               0.5435               0.0000               0.0000              -0.0000              -0.0000               1.0636
[Row  11]               0.1196               1.1387              -0.6096              -0.0000               1.0487               0.0143               0.2029              -0.2575              -0.0000               0.2534
[Row  12]               0.1196               1.1387              -0.6096              -0.0000              -1.0487               0.0143               0.2029              -0.2575              -0.0000              -0.2534
[Row  13]              -0.0000               0.0018               0.0047              -0.0000               0.0000               0.0001               0.0753               0.1289              -0.0000              -0.0000
[Row  14]               0.0002               0.0492               0.0821              -0.0000               0.0000               0.0797               0.7968               0.9634              -0.0000               0.0000
[Row  15]              -0.0027              -0.0382              -0.0399              -0.0000              -0.0000              -0.1280              -0.8604              -0.8254              -0.0000              -0.0000
[Row  16]              -0.0000              -0.0000              -0.0000              -0.2584              -0.0000               0.0000               0.0000              -0.0000               0.7825              -0.0000
[Row  17]              -0.0000               0.0000              -0.0000               0.0000               0.0118               0.0000               0.0000              -0.0000               0.0000               1.1474
                  [Col 11]              [Col 12]              [Col 13]              [Col 14]              [Col 15]              [Col 16]              [Col 17]
[Row   1]               0.1196               0.1196              -0.0000               0.0002              -0.0027              -0.0000              -0.0000
[Row   2]               1.1387               1.1387               0.0018               0.0492              -0.0382              -0.0000               0.0000
[Row   3]              -0.6096              -0.6096               0.0047               0.0821              -0.0399              -0.0000              -0.0000
[Row   4]              -0.0000              -0.0000              -0.0000              -0.0000              -0.0000              -0.2584               0.0000
[Row   5]               1.0487              -1.0487               0.0000               0.0000              -0.0000              -0.0000               0.0118
[Row   6]               0.0143               0.0143               0.0001               0.0797              -0.1280               0.0000               0.0000
[Row   7]               0.2029               0.2029               0.0753               0.7968              -0.8604               0.0000               0.0000
[Row   8]              -0.2575              -0.2575               0.1289               0.9634              -0.8254              -0.0000              -0.0000
[Row   9]              -0.0000              -0.0000              -0.0000              -0.0000              -0.0000               0.7825               0.0000
[Row  10]               0.2534              -0.2534              -0.0000               0.0000              -0.0000              -0.0000               1.1474
[Row  11]               1.6282               0.2782               0.0000               0.0108              -0.0302               0.0000              -0.1107
[Row  12]               0.2782               1.6282               0.0000               0.0108              -0.0302               0.0000               0.1107
[Row  13]               0.0000               0.0000               1.9999               0.4746              -0.0057               0.0000              -0.0000
[Row  14]               0.0108               0.0108               0.4746               1.9898               0.0481              -0.0000               0.0000
[Row  15]              -0.0302              -0.0302              -0.0057               0.0481               1.7587               0.0000               0.0000
[Row  16]               0.0000               0.0000               0.0000              -0.0000               0.0000               1.8438              -0.0000
[Row  17]              -0.1107               0.1107              -0.0000               0.0000               0.0000              -0.0000               1.4779
====== S^(AO) = S =====

                  [Col  1]              [Col  2]              [Col  3]              [Col  4]              [Col  5]              [Col  6]              [Col  7]              [Col  8]              [Col  9]              [Col 10]
[Row   1]               1.0000               0.2484               0.0000               0.0000               0.0000               0.0000               0.0455              -0.0756               0.0000               0.0000
[Row   2]               0.2484               1.0000               0.0000               0.0000               0.0000               0.0455               0.4068              -0.4169               0.0000               0.0000
[Row   3]               0.0000               0.0000               1.0000               0.0000               0.0000               0.0756               0.4169              -0.3272               0.0000               0.0000
[Row   4]               0.0000               0.0000               0.0000               1.0000               0.0000               0.0000               0.0000               0.0000               0.2466               0.0000
[Row   5]               0.0000               0.0000               0.0000               0.0000               1.0000               0.0000               0.0000               0.0000               0.0000               0.2466
[Row   6]               0.0000               0.0455               0.0756               0.0000               0.0000               1.0000               0.2484              -0.0000               0.0000               0.0000
[Row   7]               0.0455               0.4068               0.4169               0.0000               0.0000               0.2484               1.0000              -0.0000               0.0000               0.0000
[Row   8]              -0.0756              -0.4169              -0.3272               0.0000               0.0000              -0.0000              -0.0000               1.0000               0.0000               0.0000
[Row   9]               0.0000               0.0000               0.0000               0.2466               0.0000               0.0000               0.0000               0.0000               1.0000               0.0000
[Row  10]               0.0000               0.0000               0.0000               0.0000               0.2466               0.0000               0.0000               0.0000               0.0000               1.0000
[Row  11]               0.0637               0.4965              -0.2327               0.0000               0.4091               0.0066               0.1122              -0.1267               0.0000               0.0642
[Row  12]               0.0637               0.4965              -0.2327               0.0000              -0.4091               0.0066               0.1122              -0.1267               0.0000              -0.0642
[Row  13]               0.0000               0.0008               0.0020               0.0000               0.0000               0.0000               0.0397               0.0671               0.0000               0.0000
[Row  14]               0.0001               0.0241               0.0424               0.0000               0.0000               0.0404               0.3819               0.4581               0.0000               0.0000
[Row  15]              -0.0003              -0.0339              -0.0550               0.0000               0.0000              -0.0673              -0.3318              -0.3133               0.0000               0.0000
[Row  16]               0.0000               0.0000               0.0000               0.0089               0.0000               0.0000               0.0000               0.0000               0.2251               0.0000
[Row  17]               0.0000               0.0000               0.0000               0.0000               0.0089               0.0000               0.0000               0.0000               0.0000               0.2251
                  [Col 11]              [Col 12]              [Col 13]              [Col 14]              [Col 15]              [Col 16]              [Col 17]
[Row   1]               0.0637               0.0637               0.0000               0.0001              -0.0003               0.0000               0.0000
[Row   2]               0.4965               0.4965               0.0008               0.0241              -0.0339               0.0000               0.0000
[Row   3]              -0.2327              -0.2327               0.0020               0.0424              -0.0550               0.0000               0.0000
[Row   4]               0.0000               0.0000               0.0000               0.0000               0.0000               0.0089               0.0000
[Row   5]               0.4091              -0.4091               0.0000               0.0000               0.0000               0.0000               0.0089
[Row   6]               0.0066               0.0066               0.0000               0.0404              -0.0673               0.0000               0.0000
[Row   7]               0.1122               0.1122               0.0397               0.3819              -0.3318               0.0000               0.0000
[Row   8]              -0.1267              -0.1267               0.0671               0.4581              -0.3133               0.0000               0.0000
[Row   9]               0.0000               0.0000               0.0000               0.0000               0.0000               0.2251               0.0000
[Row  10]               0.0642              -0.0642               0.0000               0.0000               0.0000               0.0000               0.2251
[Row  11]               1.0000               0.1452               0.0001               0.0046              -0.0063               0.0000               0.0020
[Row  12]               0.1452               1.0000               0.0001               0.0046              -0.0063               0.0000              -0.0020
[Row  13]               0.0001               0.0001               1.0000               0.2367               0.0000               0.0000               0.0000
[Row  14]               0.0046               0.0046               0.2367               1.0000               0.0000               0.0000               0.0000
[Row  15]              -0.0063              -0.0063               0.0000               0.0000               1.0000               0.0000               0.0000
[Row  16]               0.0000               0.0000               0.0000               0.0000               0.0000               1.0000               0.0000
[Row  17]               0.0020              -0.0020               0.0000               0.0000               0.0000               0.0000               1.0000
====== P^(AO) std gaussian m_l ordering SPS =====

                  [Col  1]              [Col  2]              [Col  3]              [Col  4]              [Col  5]              [Col  6]              [Col  7]              [Col  8]              [Col  9]              [Col 10]
[Row   1]               1.9995               0.5055              -0.0000              -0.0000               0.0011               0.0002               0.0860              -0.0000               0.0000              -0.1487
[Row   2]               0.5055               1.8438               0.0000              -0.0000              -0.0030               0.0876               0.8933               0.0000               0.0000              -0.8791
[Row   3]              -0.0000               0.0000               1.5116               0.0000               0.0000               0.0000              -0.0000               1.0809              -0.0000              -0.0000
[Row   4]              -0.0000              -0.0000               0.0000               1.6526               0.0000               0.0000               0.0000              -0.0000               0.5435              -0.0000
[Row   5]               0.0011              -0.0030               0.0000               0.0000               1.6072               0.1444               1.0052               0.0000               0.0000              -0.7362
[Row   6]               0.0002               0.0876               0.0000               0.0000               0.1444               1.9997               0.5046              -0.0000               0.0000               0.0024
[Row   7]               0.0860               0.8933              -0.0000               0.0000               1.0052               0.5046               1.7828               0.0000               0.0000              -0.0924
[Row   8]              -0.0000               0.0000               1.0809              -0.0000               0.0000              -0.0000               0.0000               1.2928              -0.0000               0.0000
[Row   9]               0.0000               0.0000              -0.0000               0.5435               0.0000               0.0000               0.0000              -0.0000               1.0636              -0.0000
[Row  10]              -0.1487              -0.8791              -0.0000               0.0000              -0.7362               0.0024              -0.0924               0.0000              -0.0000               1.7501
[Row  11]               0.1196               1.1387              -0.0000               1.0487              -0.6096               0.0143               0.2029              -0.0000               0.2534              -0.2575
[Row  12]               0.1196               1.1387              -0.0000              -1.0487              -0.6096               0.0143               0.2029              -0.0000              -0.2534              -0.2575
[Row  13]              -0.0000               0.0018              -0.0000               0.0000               0.0047               0.0001               0.0753              -0.0000              -0.0000               0.1289
[Row  14]               0.0002               0.0492              -0.0000               0.0000               0.0821               0.0797               0.7968              -0.0000               0.0000               0.9634
[Row  15]              -0.0000              -0.0000              -0.2584              -0.0000              -0.0000               0.0000               0.0000               0.7825              -0.0000              -0.0000
[Row  16]              -0.0000               0.0000               0.0000               0.0118              -0.0000               0.0000               0.0000               0.0000               1.1474              -0.0000
[Row  17]              -0.0027              -0.0382              -0.0000              -0.0000              -0.0399              -0.1280              -0.8604              -0.0000              -0.0000              -0.8254
                  [Col 11]              [Col 12]              [Col 13]              [Col 14]              [Col 15]              [Col 16]              [Col 17]
[Row   1]               0.1196               0.1196              -0.0000               0.0002              -0.0000              -0.0000              -0.0027
[Row   2]               1.1387               1.1387               0.0018               0.0492              -0.0000               0.0000              -0.0382
[Row   3]              -0.0000              -0.0000              -0.0000              -0.0000              -0.2584               0.0000              -0.0000
[Row   4]               1.0487              -1.0487               0.0000               0.0000              -0.0000               0.0118              -0.0000
[Row   5]              -0.6096              -0.6096               0.0047               0.0821              -0.0000              -0.0000              -0.0399
[Row   6]               0.0143               0.0143               0.0001               0.0797               0.0000               0.0000              -0.1280
[Row   7]               0.2029               0.2029               0.0753               0.7968               0.0000               0.0000              -0.8604
[Row   8]              -0.0000              -0.0000              -0.0000              -0.0000               0.7825               0.0000              -0.0000
[Row   9]               0.2534              -0.2534              -0.0000               0.0000              -0.0000               1.1474              -0.0000
[Row  10]              -0.2575              -0.2575               0.1289               0.9634              -0.0000              -0.0000              -0.8254
[Row  11]               1.6282               0.2782               0.0000               0.0108               0.0000              -0.1107              -0.0302
[Row  12]               0.2782               1.6282               0.0000               0.0108               0.0000               0.1107              -0.0302
[Row  13]               0.0000               0.0000               1.9999               0.4746               0.0000              -0.0000              -0.0057
[Row  14]               0.0108               0.0108               0.4746               1.9898              -0.0000               0.0000               0.0481
[Row  15]               0.0000               0.0000               0.0000              -0.0000               1.8438              -0.0000               0.0000
[Row  16]              -0.1107               0.1107              -0.0000               0.0000              -0.0000               1.4779               0.0000
[Row  17]              -0.0302              -0.0302              -0.0057               0.0481               0.0000               0.0000               1.7587
====== S^(AO) std gaussian m_l ordering =====

                  [Col  1]              [Col  2]              [Col  3]              [Col  4]              [Col  5]              [Col  6]              [Col  7]              [Col  8]              [Col  9]              [Col 10]
[Row   1]               1.0000               0.2484               0.0000               0.0000               0.0000               0.0000               0.0455               0.0000               0.0000              -0.0756
[Row   2]               0.2484               1.0000               0.0000               0.0000               0.0000               0.0455               0.4068               0.0000               0.0000              -0.4169
[Row   3]               0.0000               0.0000               1.0000               0.0000               0.0000               0.0000               0.0000               0.2466               0.0000               0.0000
[Row   4]               0.0000               0.0000               0.0000               1.0000               0.0000               0.0000               0.0000               0.0000               0.2466               0.0000
[Row   5]               0.0000               0.0000               0.0000               0.0000               1.0000               0.0756               0.4169               0.0000               0.0000              -0.3272
[Row   6]               0.0000               0.0455               0.0000               0.0000               0.0756               1.0000               0.2484               0.0000               0.0000              -0.0000
[Row   7]               0.0455               0.4068               0.0000               0.0000               0.4169               0.2484               1.0000               0.0000               0.0000              -0.0000
[Row   8]               0.0000               0.0000               0.2466               0.0000               0.0000               0.0000               0.0000               1.0000               0.0000               0.0000
[Row   9]               0.0000               0.0000               0.0000               0.2466               0.0000               0.0000               0.0000               0.0000               1.0000               0.0000
[Row  10]              -0.0756              -0.4169               0.0000               0.0000              -0.3272              -0.0000              -0.0000               0.0000               0.0000               1.0000
[Row  11]               0.0637               0.4965               0.0000               0.4091              -0.2327               0.0066               0.1122               0.0000               0.0642              -0.1267
[Row  12]               0.0637               0.4965               0.0000              -0.4091              -0.2327               0.0066               0.1122               0.0000              -0.0642              -0.1267
[Row  13]               0.0000               0.0008               0.0000               0.0000               0.0020               0.0000               0.0397               0.0000               0.0000               0.0671
[Row  14]               0.0001               0.0241               0.0000               0.0000               0.0424               0.0404               0.3819               0.0000               0.0000               0.4581
[Row  15]               0.0000               0.0000               0.0089               0.0000               0.0000               0.0000               0.0000               0.2251               0.0000               0.0000
[Row  16]               0.0000               0.0000               0.0000               0.0089               0.0000               0.0000               0.0000               0.0000               0.2251               0.0000
[Row  17]              -0.0003              -0.0339               0.0000               0.0000              -0.0550              -0.0673              -0.3318               0.0000               0.0000              -0.3133
                  [Col 11]              [Col 12]              [Col 13]              [Col 14]              [Col 15]              [Col 16]              [Col 17]
[Row   1]               0.0637               0.0637               0.0000               0.0001               0.0000               0.0000              -0.0003
[Row   2]               0.4965               0.4965               0.0008               0.0241               0.0000               0.0000              -0.0339
[Row   3]               0.0000               0.0000               0.0000               0.0000               0.0089               0.0000               0.0000
[Row   4]               0.4091              -0.4091               0.0000               0.0000               0.0000               0.0089               0.0000
[Row   5]              -0.2327              -0.2327               0.0020               0.0424               0.0000               0.0000              -0.0550
[Row   6]               0.0066               0.0066               0.0000               0.0404               0.0000               0.0000              -0.0673
[Row   7]               0.1122               0.1122               0.0397               0.3819               0.0000               0.0000              -0.3318
[Row   8]               0.0000               0.0000               0.0000               0.0000               0.2251               0.0000               0.0000
[Row   9]               0.0642              -0.0642               0.0000               0.0000               0.0000               0.2251               0.0000
[Row  10]              -0.1267              -0.1267               0.0671               0.4581               0.0000               0.0000              -0.3133
[Row  11]               1.0000               0.1452               0.0001               0.0046               0.0000               0.0020              -0.0063
[Row  12]               0.1452               1.0000               0.0001               0.0046               0.0000              -0.0020              -0.0063
[Row  13]               0.0001               0.0001               1.0000               0.2367               0.0000               0.0000               0.0000
[Row  14]               0.0046               0.0046               0.2367               1.0000               0.0000               0.0000               0.0000
[Row  15]               0.0000               0.0000               0.0000               0.0000               1.0000               0.0000               0.0000
[Row  16]               0.0020              -0.0020               0.0000               0.0000               0.0000               1.0000               0.0000
[Row  17]              -0.0063              -0.0063               0.0000               0.0000               0.0000               0.0000               1.0000
