molecule mol111.xyz
System:, atNum: 8 coords [              2.3018               0.6826               0.0000]
System:, atNum: 6 coords [              0.0000               0.8771               0.0000]
System:, atNum: 1 coords [             -0.9019               2.7690               0.0000]
System:, atNum: 6 coords [             -1.7917              -1.3231               0.0000]
System:, atNum: 1 coords [             -0.7293              -3.0883               0.0000]
System:, atNum: 1 coords [             -3.0166              -1.2330               1.6647]
System:, atNum: 1 coords [             -3.0166              -1.2330              -1.6647]
===== Original AO-S matrix =====

                  [Col  1]              [Col  2]              [Col  3]              [Col  4]              [Col  5]              [Col  6]              [Col  7]              [Col  8]              [Col  9]              [Col 10]
[Row   1]               1.0000               0.2367               0.0000              -0.0000              -0.0000               0.0000               0.0360               0.0000               0.0602              -0.0051
[Row   2]               0.2367               1.0000               0.0000               0.0000               0.0000               0.0351               0.3580               0.0000               0.4362              -0.0368
[Row   3]               0.0000               0.0000               1.0000               0.0000               0.0000               0.0000               0.0000               0.2063               0.0000               0.0000
[Row   4]              -0.0000               0.0000               0.0000               1.0000               0.0000              -0.0588              -0.3173               0.0000              -0.3096               0.0436
[Row   5]              -0.0000               0.0000               0.0000               0.0000               1.0000               0.0050               0.0268               0.0000               0.0436               0.2026
[Row   6]               0.0000               0.0351               0.0000              -0.0588               0.0050               1.0000               0.2484               0.0000               0.0000              -0.0000
[Row   7]               0.0360               0.3580               0.0000              -0.3173               0.0268               0.2484               1.0000               0.0000               0.0000              -0.0000
[Row   8]               0.0000               0.0000               0.2063               0.0000               0.0000               0.0000               0.0000               1.0000               0.0000               0.0000
[Row   9]               0.0602               0.4362               0.0000              -0.3096               0.0436               0.0000               0.0000               0.0000               1.0000               0.0000
[Row  10]              -0.0051              -0.0368               0.0000               0.0436               0.2026              -0.0000              -0.0000               0.0000               0.0000               1.0000
[Row  11]               0.0047               0.0724               0.0000              -0.0676               0.0440               0.0596               0.4798               0.0000              -0.1982               0.4158
[Row  12]               0.0000               0.0001               0.0000              -0.0004              -0.0002               0.0000               0.0293               0.0000              -0.0309              -0.0379
[Row  13]               0.0011               0.0302               0.0000              -0.0373              -0.0183               0.0293               0.3159               0.0000              -0.2214              -0.2719
[Row  14]               0.0000               0.0000               0.0113               0.0000               0.0000               0.0000               0.0000               0.1767               0.0000               0.0000
[Row  15]               0.0024               0.0467               0.0000              -0.0509              -0.0305               0.0309               0.2214               0.0000              -0.0211              -0.2429
[Row  16]               0.0012               0.0229               0.0000              -0.0305              -0.0036               0.0379               0.2719               0.0000              -0.2429              -0.1216
[Row  17]               0.0011               0.0222               0.0000              -0.0174              -0.0216               0.0057               0.1013               0.0000              -0.0235              -0.1279
[Row  18]               0.0002               0.0054               0.0022              -0.0069              -0.0025               0.0057               0.1005               0.0532              -0.0964              -0.0674
[Row  19]               0.0002               0.0054              -0.0022              -0.0069              -0.0025               0.0057               0.1005              -0.0532              -0.0964              -0.0674
                  [Col 11]              [Col 12]              [Col 13]              [Col 14]              [Col 15]              [Col 16]              [Col 17]              [Col 18]              [Col 19]
[Row   1]               0.0047               0.0000               0.0011               0.0000               0.0024               0.0012               0.0011               0.0002               0.0002
[Row   2]               0.0724               0.0001               0.0302               0.0000               0.0467               0.0229               0.0222               0.0054               0.0054
[Row   3]               0.0000               0.0000               0.0000               0.0113               0.0000               0.0000               0.0000               0.0022              -0.0022
[Row   4]              -0.0676              -0.0004              -0.0373               0.0000              -0.0509              -0.0305              -0.0174              -0.0069              -0.0069
[Row   5]               0.0440              -0.0002              -0.0183               0.0000              -0.0305              -0.0036              -0.0216              -0.0025              -0.0025
[Row   6]               0.0596               0.0000               0.0293               0.0000               0.0309               0.0379               0.0057               0.0057               0.0057
[Row   7]               0.4798               0.0293               0.3159               0.0000               0.2214               0.2719               0.1013               0.1005               0.1005
[Row   8]               0.0000               0.0000               0.0000               0.1767               0.0000               0.0000               0.0000               0.0532              -0.0532
[Row   9]              -0.1982              -0.0309              -0.2214               0.0000              -0.0211              -0.2429              -0.0235              -0.0964              -0.0964
[Row  10]               0.4158              -0.0379              -0.2719               0.0000              -0.2429              -0.1216              -0.1279              -0.0674              -0.0674
[Row  11]               1.0000               0.0046               0.0871               0.0000               0.0242               0.1113               0.0147               0.0449               0.0449
[Row  12]               0.0046               1.0000               0.2484               0.0000               0.0000              -0.0000               0.0622               0.0616               0.0616
[Row  13]               0.0871               0.2484               1.0000               0.0000               0.0000              -0.0000               0.4906               0.4880               0.4880
[Row  14]               0.0000               0.0000               0.0000               1.0000               0.0000               0.0000               0.0000               0.3747              -0.3747
[Row  15]               0.0242               0.0000               0.0000               0.0000               1.0000               0.0000               0.2409              -0.2757              -0.2757
[Row  16]               0.1113              -0.0000              -0.0000               0.0000               0.0000               1.0000              -0.4003               0.0203               0.0203
[Row  17]               0.0147               0.0622               0.4906               0.0000               0.2409              -0.4003               1.0000               0.1666               0.1666
[Row  18]               0.0449               0.0616               0.4880               0.3747              -0.2757               0.0203               0.1666               1.0000               0.1741
[Row  19]               0.0449               0.0616               0.4880              -0.3747              -0.2757               0.0203               0.1666               0.1741               1.0000
nbas 19
 ===== CA ===== 

                  [Col  1]              [Col  2]              [Col  3]              [Col  4]              [Col  5]              [Col  6]              [Col  7]              [Col  8]              [Col  9]              [Col 10]
[Row   1]               0.9943              -0.0002              -0.0000               0.2170               0.0608               0.0809               0.0519              -0.0000               0.0602               0.0557
[Row   2]               0.0259               0.0058               0.0002              -0.7600              -0.2408              -0.3620              -0.2556               0.0000              -0.3179              -0.3056
[Row   3]               0.0000              -0.0000               0.0000               0.0000               0.0000              -0.0000               0.0000               0.1884               0.0000               0.0000
[Row   4]              -0.0056              -0.0017              -0.0001               0.1669              -0.0277              -0.1715              -0.2582               0.0000              -0.3528              -0.5084
[Row   5]               0.0005               0.0001              -0.0002              -0.0125              -0.0267               0.1182              -0.3357              -0.0000               0.3002              -0.0268
[Row   6]               0.0005              -0.9926               0.0024               0.1250              -0.0875              -0.1566              -0.0526              -0.0000              -0.0075              -0.0129
[Row   7]              -0.0072              -0.0329              -0.0061              -0.2863               0.2471               0.5057               0.1813               0.0000               0.0178               0.0390
[Row   8]               0.0000              -0.0000              -0.0000              -0.0000              -0.0000              -0.0000               0.0000               0.2554               0.0000               0.0000
[Row   9]              -0.0063              -0.0004               0.0027              -0.1544              -0.1655              -0.1376               0.0549              -0.0000               0.3149               0.3283
[Row  10]               0.0006               0.0002               0.0035               0.0171              -0.0869               0.2029              -0.4003              -0.0000               0.2367              -0.1174
[Row  11]               0.0002               0.0065               0.0000              -0.0328               0.0674               0.3258              -0.1868               0.0000               0.0554              -0.2160
[Row  12]              -0.0000               0.0014               0.9919               0.0211              -0.2045               0.0745               0.0182               0.0000              -0.0051               0.0035
[Row  13]               0.0003               0.0056               0.0381              -0.0533               0.5738              -0.2330              -0.0633              -0.0000               0.0226              -0.0099
[Row  14]              -0.0000              -0.0000              -0.0000               0.0000               0.0000              -0.0000               0.0000               0.5316               0.0000               0.0000
[Row  15]               0.0005               0.0028               0.0000              -0.0192               0.0188               0.0744               0.3799              -0.0000               0.0690              -0.3573
[Row  16]              -0.0002               0.0031               0.0003              -0.0207               0.0408               0.1921               0.0455               0.0000              -0.4340               0.1761
[Row  17]              -0.0002               0.0001              -0.0069              -0.0089               0.1425              -0.1667               0.0971              -0.0000               0.3587              -0.3259
[Row  18]               0.0000               0.0001              -0.0070              -0.0054               0.1524              -0.1037              -0.2036               0.3724              -0.0429               0.2026
[Row  19]               0.0000               0.0001              -0.0070              -0.0054               0.1524              -0.1037              -0.2036              -0.3724              -0.0429               0.2026
                  [Col 11]              [Col 12]              [Col 13]              [Col 14]              [Col 15]              [Col 16]              [Col 17]              [Col 18]              [Col 19]
[Row   1]               0.0000               0.0012               0.0000               0.0068               0.0411              -0.0000               0.0204               0.0139               0.1083
[Row   2]              -0.0000              -0.0082              -0.0000              -0.0214              -0.2735               0.0000              -0.1351              -0.1012              -0.8100
[Row   3]               0.6619               0.0000               0.7485               0.0000               0.0000               0.1066               0.0000              -0.0000               0.0000
[Row   4]               0.0000              -0.0738               0.0000               0.0497               0.3685              -0.0000               0.1593               0.1037               0.8571
[Row   5]               0.0000              -0.8551              -0.0000              -0.0791               0.0808               0.0000              -0.0512              -0.2941              -0.0640
[Row   6]              -0.0000               0.0041               0.0000              -0.1547              -0.1369               0.0000              -0.0598              -0.0027              -0.0819
[Row   7]               0.0000              -0.0205              -0.0000               0.9509               0.8449              -0.0000               0.3732               0.0384               0.5508
[Row   8]               0.5475               0.0000              -0.8073              -0.0000              -0.0000              -0.2505              -0.0000              -0.0000               0.0000
[Row   9]              -0.0000               0.0277               0.0000              -0.4646              -0.0543               0.0000               0.0227               0.2664               1.1452
[Row  10]               0.0000               0.1839               0.0000               0.2970              -0.3790              -0.0000               0.1999               1.0247              -0.1545
[Row  11]              -0.0000               0.3562               0.0000              -0.9334              -0.1279               0.0000              -0.3545              -0.6685               0.1779
[Row  12]              -0.0000               0.0359               0.0000               0.0337               0.0377              -0.0000               0.2042              -0.1379              -0.0238
[Row  13]               0.0000              -0.1580              -0.0000              -0.1850              -0.2076               0.0000              -1.2981               0.8818               0.1700
[Row  14]              -0.2145              -0.0000              -0.0640               0.0000               0.0000               1.1055               0.0000               0.0000              -0.0000
[Row  15]               0.0000              -0.2104               0.0000              -0.7131               0.1161              -0.0000               0.4838               0.6302              -0.3172
[Row  16]               0.0000              -0.2570               0.0000              -0.0729              -1.0054              -0.0000               0.2665               0.0625               0.3809
[Row  17]              -0.0000               0.0799              -0.0000               0.4465              -0.8128              -0.0000               0.5348              -0.5870               0.2724
[Row  18]              -0.2062               0.0626               0.2056              -0.3243               0.2187              -0.8332               0.7861              -0.0329              -0.1934
[Row  19]               0.2062               0.0626              -0.2056              -0.3243               0.2187               0.8332               0.7861              -0.0329              -0.1934
 ===== CB ===== 

                  [Col  1]              [Col  2]              [Col  3]              [Col  4]              [Col  5]              [Col  6]              [Col  7]              [Col  8]              [Col  9]              [Col 10]
[Row   1]               0.9943              -0.0002              -0.0000               0.2170               0.0608               0.0809               0.0519              -0.0000               0.0602               0.0557
[Row   2]               0.0259               0.0058               0.0002              -0.7600              -0.2408              -0.3620              -0.2556               0.0000              -0.3179              -0.3056
[Row   3]               0.0000              -0.0000               0.0000               0.0000               0.0000              -0.0000               0.0000               0.1884               0.0000               0.0000
[Row   4]              -0.0056              -0.0017              -0.0001               0.1669              -0.0277              -0.1715              -0.2582               0.0000              -0.3528              -0.5084
[Row   5]               0.0005               0.0001              -0.0002              -0.0125              -0.0267               0.1182              -0.3357              -0.0000               0.3002              -0.0268
[Row   6]               0.0005              -0.9926               0.0024               0.1250              -0.0875              -0.1566              -0.0526              -0.0000              -0.0075              -0.0129
[Row   7]              -0.0072              -0.0329              -0.0061              -0.2863               0.2471               0.5057               0.1813               0.0000               0.0178               0.0390
[Row   8]               0.0000              -0.0000              -0.0000              -0.0000              -0.0000              -0.0000               0.0000               0.2554               0.0000               0.0000
[Row   9]              -0.0063              -0.0004               0.0027              -0.1544              -0.1655              -0.1376               0.0549              -0.0000               0.3149               0.3283
[Row  10]               0.0006               0.0002               0.0035               0.0171              -0.0869               0.2029              -0.4003              -0.0000               0.2367              -0.1174
[Row  11]               0.0002               0.0065               0.0000              -0.0328               0.0674               0.3258              -0.1868               0.0000               0.0554              -0.2160
[Row  12]              -0.0000               0.0014               0.9919               0.0211              -0.2045               0.0745               0.0182               0.0000              -0.0051               0.0035
[Row  13]               0.0003               0.0056               0.0381              -0.0533               0.5738              -0.2330              -0.0633              -0.0000               0.0226              -0.0099
[Row  14]              -0.0000              -0.0000              -0.0000               0.0000               0.0000              -0.0000               0.0000               0.5316               0.0000               0.0000
[Row  15]               0.0005               0.0028               0.0000              -0.0192               0.0188               0.0744               0.3799              -0.0000               0.0690              -0.3573
[Row  16]              -0.0002               0.0031               0.0003              -0.0207               0.0408               0.1921               0.0455               0.0000              -0.4340               0.1761
[Row  17]              -0.0002               0.0001              -0.0069              -0.0089               0.1425              -0.1667               0.0971              -0.0000               0.3587              -0.3259
[Row  18]               0.0000               0.0001              -0.0070              -0.0054               0.1524              -0.1037              -0.2036               0.3724              -0.0429               0.2026
[Row  19]               0.0000               0.0001              -0.0070              -0.0054               0.1524              -0.1037              -0.2036              -0.3724              -0.0429               0.2026
                  [Col 11]              [Col 12]              [Col 13]              [Col 14]              [Col 15]              [Col 16]              [Col 17]              [Col 18]              [Col 19]
[Row   1]               0.0000               0.0012               0.0000               0.0068               0.0411              -0.0000               0.0204               0.0139               0.1083
[Row   2]              -0.0000              -0.0082              -0.0000              -0.0214              -0.2735               0.0000              -0.1351              -0.1012              -0.8100
[Row   3]               0.6619               0.0000               0.7485               0.0000               0.0000               0.1066               0.0000              -0.0000               0.0000
[Row   4]               0.0000              -0.0738               0.0000               0.0497               0.3685              -0.0000               0.1593               0.1037               0.8571
[Row   5]               0.0000              -0.8551              -0.0000              -0.0791               0.0808               0.0000              -0.0512              -0.2941              -0.0640
[Row   6]              -0.0000               0.0041               0.0000              -0.1547              -0.1369               0.0000              -0.0598              -0.0027              -0.0819
[Row   7]               0.0000              -0.0205              -0.0000               0.9509               0.8449              -0.0000               0.3732               0.0384               0.5508
[Row   8]               0.5475               0.0000              -0.8073              -0.0000              -0.0000              -0.2505              -0.0000              -0.0000               0.0000
[Row   9]              -0.0000               0.0277               0.0000              -0.4646              -0.0543               0.0000               0.0227               0.2664               1.1452
[Row  10]               0.0000               0.1839               0.0000               0.2970              -0.3790              -0.0000               0.1999               1.0247              -0.1545
[Row  11]              -0.0000               0.3562               0.0000              -0.9334              -0.1279               0.0000              -0.3545              -0.6685               0.1779
[Row  12]              -0.0000               0.0359               0.0000               0.0337               0.0377              -0.0000               0.2042              -0.1379              -0.0238
[Row  13]               0.0000              -0.1580              -0.0000              -0.1850              -0.2076               0.0000              -1.2981               0.8818               0.1700
[Row  14]              -0.2145              -0.0000              -0.0640               0.0000               0.0000               1.1055               0.0000               0.0000              -0.0000
[Row  15]               0.0000              -0.2104               0.0000              -0.7131               0.1161              -0.0000               0.4838               0.6302              -0.3172
[Row  16]               0.0000              -0.2570               0.0000              -0.0729              -1.0054              -0.0000               0.2665               0.0625               0.3809
[Row  17]              -0.0000               0.0799              -0.0000               0.4465              -0.8128              -0.0000               0.5348              -0.5870               0.2724
[Row  18]              -0.2062               0.0626               0.2056              -0.3243               0.2187              -0.8332               0.7861              -0.0329              -0.1934
[Row  19]               0.2062               0.0626              -0.2056              -0.3243               0.2187               0.8332               0.7861              -0.0329              -0.1934
 ===== P_psi ===== Dalpha+Dbeta 

                  [Col  1]              [Col  2]              [Col  3]              [Col  4]              [Col  5]              [Col  6]              [Col  7]              [Col  8]              [Col  9]              [Col 10]
[Row   1]               2.1107              -0.4650               0.0000              -0.0958               0.0076               0.0119              -0.0014              -0.0000              -0.0417               0.0051
[Row   2]              -0.4650               2.0546               0.0000               0.5518              -0.0427              -0.0064              -0.1782               0.0000              -0.0159              -0.0082
[Row   3]               0.0000               0.0000               0.9472               0.0000              -0.0000               0.0000              -0.0000               0.8210               0.0000               0.0000
[Row   4]              -0.0958               0.5518               0.0000               1.0262               0.0717               0.1486              -0.4252              -0.0000              -0.5836               0.0729
[Row   5]               0.0076              -0.0427              -0.0000               0.0717               1.8993              -0.0112               0.0355              -0.0000               0.0674               0.1548
[Row   6]               0.0119              -0.0064               0.0000               0.1486              -0.0112               2.0720              -0.2283               0.0000               0.0155              -0.0012
[Row   7]              -0.0014              -0.1782              -0.0000              -0.4252               0.0355              -0.2283               0.8701              -0.0000              -0.0769              -0.0011
[Row   8]              -0.0000               0.0000               0.8210              -0.0000              -0.0000               0.0000              -0.0000               0.7299               0.0000               0.0000
[Row   9]              -0.0417              -0.0159               0.0000              -0.5836               0.0674               0.0155              -0.0769               0.0000               0.5619               0.0059
[Row  10]               0.0051              -0.0082               0.0000               0.0729               0.1548              -0.0012              -0.0011               0.0000               0.0059               0.6257
[Row  11]               0.0112              -0.0318              -0.0000               0.0980              -0.3647              -0.1077               0.2839               0.0000              -0.2096               0.4768
[Row  12]              -0.0020               0.0042              -0.0000              -0.0221              -0.0493               0.0180              -0.0448               0.0000               0.0491               0.0689
[Row  13]               0.0042               0.0001               0.0000               0.0805               0.2424              -0.0464               0.0613              -0.0000              -0.1172              -0.1902
[Row  14]              -0.0000              -0.0000              -0.0837               0.0000              -0.0000               0.0000              -0.0000               0.0366              -0.0000              -0.0000
[Row  15]               0.0144              -0.0499              -0.0000               0.1165               0.1826              -0.0705               0.2163              -0.0000              -0.1819              -0.2387
[Row  16]              -0.0019               0.0220               0.0000               0.0665               0.1828              -0.0835               0.2515               0.0000              -0.2269              -0.3076
[Row  17]               0.0032              -0.0142               0.0000               0.0628              -0.0158               0.0184              -0.0738              -0.0000               0.0284               0.1052
[Row  18]              -0.0041               0.0165              -0.1327              -0.0545              -0.0396               0.0215              -0.0885              -0.0356               0.0668               0.0493
[Row  19]              -0.0041               0.0165               0.1327              -0.0545              -0.0396               0.0215              -0.0885               0.0356               0.0668               0.0493
                  [Col 11]              [Col 12]              [Col 13]              [Col 14]              [Col 15]              [Col 16]              [Col 17]              [Col 18]              [Col 19]
[Row   1]               0.0112              -0.0020               0.0042              -0.0000               0.0144              -0.0019               0.0032              -0.0041              -0.0041
[Row   2]              -0.0318               0.0042               0.0001              -0.0000              -0.0499               0.0220              -0.0142               0.0165               0.0165
[Row   3]              -0.0000              -0.0000               0.0000              -0.0837              -0.0000               0.0000               0.0000              -0.1327               0.1327
[Row   4]               0.0980              -0.0221               0.0805               0.0000               0.1165               0.0665               0.0628              -0.0545              -0.0545
[Row   5]              -0.3647              -0.0493               0.2424              -0.0000               0.1826               0.1828              -0.0158              -0.0396              -0.0396
[Row   6]              -0.1077               0.0180              -0.0464               0.0000              -0.0705              -0.0835               0.0184               0.0215               0.0215
[Row   7]               0.2839              -0.0448               0.0613              -0.0000               0.2163               0.2515              -0.0738              -0.0885              -0.0885
[Row   8]               0.0000               0.0000              -0.0000               0.0366              -0.0000               0.0000              -0.0000              -0.0356               0.0356
[Row   9]              -0.2096               0.0491              -0.1172              -0.0000              -0.1819              -0.2269               0.0284               0.0668               0.0668
[Row  10]               0.4768               0.0689              -0.1902              -0.0000              -0.2387              -0.3076               0.1052               0.0493               0.0493
[Row  11]               0.6467               0.0364              -0.1530               0.0000              -0.0776              -0.1921               0.1123              -0.0182              -0.0182
[Row  12]               0.0364               2.0667              -0.2101              -0.0000              -0.0018               0.0004              -0.0939              -0.0929              -0.0929
[Row  13]              -0.1530              -0.2101               0.8349              -0.0000               0.0175               0.0120               0.2267               0.2233               0.2233
[Row  14]               0.0000              -0.0000              -0.0000               0.6573               0.0000              -0.0000              -0.0000               0.4844              -0.4844
[Row  15]              -0.0776              -0.0018               0.0175               0.0000               0.6545              -0.0120               0.3034              -0.3412              -0.3412
[Row  16]              -0.1921               0.0004               0.0120              -0.0000              -0.0120               0.6529              -0.5104               0.0307               0.0307
[Row  17]               0.1123              -0.0939               0.2267              -0.0000               0.3034              -0.5104               0.5978              -0.1142              -0.1142
[Row  18]              -0.0182              -0.0929               0.2233               0.4844              -0.3412               0.0307              -0.1142               0.6070              -0.1177
[Row  19]              -0.0182              -0.0929               0.2233              -0.4844              -0.3412               0.0307              -0.1142              -0.1177               0.6070
===== P_mu,nu local =====

                  [Col  1]              [Col  2]              [Col  3]              [Col  4]              [Col  5]              [Col  6]              [Col  7]              [Col  8]              [Col  9]              [Col 10]
[Row   1]               2.1107              -0.4650               0.0000              -0.0958               0.0076               0.0119              -0.0014              -0.0000              -0.0417               0.0051
[Row   2]              -0.4650               2.0546               0.0000               0.5518              -0.0427              -0.0064              -0.1782               0.0000              -0.0159              -0.0082
[Row   3]               0.0000               0.0000               0.9472               0.0000              -0.0000               0.0000              -0.0000               0.8210               0.0000               0.0000
[Row   4]              -0.0958               0.5518               0.0000               1.0262               0.0717               0.1486              -0.4252              -0.0000              -0.5836               0.0729
[Row   5]               0.0076              -0.0427              -0.0000               0.0717               1.8993              -0.0112               0.0355              -0.0000               0.0674               0.1548
[Row   6]               0.0119              -0.0064               0.0000               0.1486              -0.0112               2.0720              -0.2283               0.0000               0.0155              -0.0012
[Row   7]              -0.0014              -0.1782              -0.0000              -0.4252               0.0355              -0.2283               0.8701              -0.0000              -0.0769              -0.0011
[Row   8]              -0.0000               0.0000               0.8210              -0.0000              -0.0000               0.0000              -0.0000               0.7299               0.0000               0.0000
[Row   9]              -0.0417              -0.0159               0.0000              -0.5836               0.0674               0.0155              -0.0769               0.0000               0.5619               0.0059
[Row  10]               0.0051              -0.0082               0.0000               0.0729               0.1548              -0.0012              -0.0011               0.0000               0.0059               0.6257
[Row  11]               0.0112              -0.0318              -0.0000               0.0980              -0.3647              -0.1077               0.2839               0.0000              -0.2096               0.4768
[Row  12]              -0.0020               0.0042              -0.0000              -0.0221              -0.0493               0.0180              -0.0448               0.0000               0.0491               0.0689
[Row  13]               0.0042               0.0001               0.0000               0.0805               0.2424              -0.0464               0.0613              -0.0000              -0.1172              -0.1902
[Row  14]              -0.0000              -0.0000              -0.0837               0.0000              -0.0000               0.0000              -0.0000               0.0366              -0.0000              -0.0000
[Row  15]               0.0144              -0.0499              -0.0000               0.1165               0.1826              -0.0705               0.2163              -0.0000              -0.1819              -0.2387
[Row  16]              -0.0019               0.0220               0.0000               0.0665               0.1828              -0.0835               0.2515               0.0000              -0.2269              -0.3076
[Row  17]               0.0032              -0.0142               0.0000               0.0628              -0.0158               0.0184              -0.0738              -0.0000               0.0284               0.1052
[Row  18]              -0.0041               0.0165              -0.1327              -0.0545              -0.0396               0.0215              -0.0885              -0.0356               0.0668               0.0493
[Row  19]              -0.0041               0.0165               0.1327              -0.0545              -0.0396               0.0215              -0.0885               0.0356               0.0668               0.0493
                  [Col 11]              [Col 12]              [Col 13]              [Col 14]              [Col 15]              [Col 16]              [Col 17]              [Col 18]              [Col 19]
[Row   1]               0.0112              -0.0020               0.0042              -0.0000               0.0144              -0.0019               0.0032              -0.0041              -0.0041
[Row   2]              -0.0318               0.0042               0.0001              -0.0000              -0.0499               0.0220              -0.0142               0.0165               0.0165
[Row   3]              -0.0000              -0.0000               0.0000              -0.0837              -0.0000               0.0000               0.0000              -0.1327               0.1327
[Row   4]               0.0980              -0.0221               0.0805               0.0000               0.1165               0.0665               0.0628              -0.0545              -0.0545
[Row   5]              -0.3647              -0.0493               0.2424              -0.0000               0.1826               0.1828              -0.0158              -0.0396              -0.0396
[Row   6]              -0.1077               0.0180              -0.0464               0.0000              -0.0705              -0.0835               0.0184               0.0215               0.0215
[Row   7]               0.2839              -0.0448               0.0613              -0.0000               0.2163               0.2515              -0.0738              -0.0885              -0.0885
[Row   8]               0.0000               0.0000              -0.0000               0.0366              -0.0000               0.0000              -0.0000              -0.0356               0.0356
[Row   9]              -0.2096               0.0491              -0.1172              -0.0000              -0.1819              -0.2269               0.0284               0.0668               0.0668
[Row  10]               0.4768               0.0689              -0.1902              -0.0000              -0.2387              -0.3076               0.1052               0.0493               0.0493
[Row  11]               0.6467               0.0364              -0.1530               0.0000              -0.0776              -0.1921               0.1123              -0.0182              -0.0182
[Row  12]               0.0364               2.0667              -0.2101              -0.0000              -0.0018               0.0004              -0.0939              -0.0929              -0.0929
[Row  13]              -0.1530              -0.2101               0.8349              -0.0000               0.0175               0.0120               0.2267               0.2233               0.2233
[Row  14]               0.0000              -0.0000              -0.0000               0.6573               0.0000              -0.0000              -0.0000               0.4844              -0.4844
[Row  15]              -0.0776              -0.0018               0.0175               0.0000               0.6545              -0.0120               0.3034              -0.3412              -0.3412
[Row  16]              -0.1921               0.0004               0.0120              -0.0000              -0.0120               0.6529              -0.5104               0.0307               0.0307
[Row  17]               0.1123              -0.0939               0.2267              -0.0000               0.3034              -0.5104               0.5978              -0.1142              -0.1142
[Row  18]              -0.0182              -0.0929               0.2233               0.4844              -0.3412               0.0307              -0.1142               0.6070              -0.1177
[Row  19]              -0.0182              -0.0929               0.2233              -0.4844              -0.3412               0.0307              -0.1142              -0.1177               0.6070
===== P_mu,nu psi4 =====

                  [Col  1]              [Col  2]              [Col  3]              [Col  4]              [Col  5]              [Col  6]              [Col  7]              [Col  8]              [Col  9]              [Col 10]
[Row   1]               2.1107              -0.4650               0.0000              -0.0958               0.0076               0.0119              -0.0014              -0.0000              -0.0417               0.0051
[Row   2]              -0.4650               2.0546               0.0000               0.5518              -0.0427              -0.0064              -0.1782               0.0000              -0.0159              -0.0082
[Row   3]               0.0000               0.0000               0.9472               0.0000              -0.0000               0.0000              -0.0000               0.8210               0.0000               0.0000
[Row   4]              -0.0958               0.5518               0.0000               1.0262               0.0717               0.1486              -0.4252              -0.0000              -0.5836               0.0729
[Row   5]               0.0076              -0.0427              -0.0000               0.0717               1.8993              -0.0112               0.0355              -0.0000               0.0674               0.1548
[Row   6]               0.0119              -0.0064               0.0000               0.1486              -0.0112               2.0720              -0.2283               0.0000               0.0155              -0.0012
[Row   7]              -0.0014              -0.1782              -0.0000              -0.4252               0.0355              -0.2283               0.8701              -0.0000              -0.0769              -0.0011
[Row   8]              -0.0000               0.0000               0.8210              -0.0000              -0.0000               0.0000              -0.0000               0.7299               0.0000               0.0000
[Row   9]              -0.0417              -0.0159               0.0000              -0.5836               0.0674               0.0155              -0.0769               0.0000               0.5619               0.0059
[Row  10]               0.0051              -0.0082               0.0000               0.0729               0.1548              -0.0012              -0.0011               0.0000               0.0059               0.6257
[Row  11]               0.0112              -0.0318              -0.0000               0.0980              -0.3647              -0.1077               0.2839               0.0000              -0.2096               0.4768
[Row  12]              -0.0020               0.0042              -0.0000              -0.0221              -0.0493               0.0180              -0.0448               0.0000               0.0491               0.0689
[Row  13]               0.0042               0.0001               0.0000               0.0805               0.2424              -0.0464               0.0613              -0.0000              -0.1172              -0.1902
[Row  14]              -0.0000              -0.0000              -0.0837               0.0000              -0.0000               0.0000              -0.0000               0.0366              -0.0000              -0.0000
[Row  15]               0.0144              -0.0499              -0.0000               0.1165               0.1826              -0.0705               0.2163              -0.0000              -0.1819              -0.2387
[Row  16]              -0.0019               0.0220               0.0000               0.0665               0.1828              -0.0835               0.2515               0.0000              -0.2269              -0.3076
[Row  17]               0.0032              -0.0142               0.0000               0.0628              -0.0158               0.0184              -0.0738              -0.0000               0.0284               0.1052
[Row  18]              -0.0041               0.0165              -0.1327              -0.0545              -0.0396               0.0215              -0.0885              -0.0356               0.0668               0.0493
[Row  19]              -0.0041               0.0165               0.1327              -0.0545              -0.0396               0.0215              -0.0885               0.0356               0.0668               0.0493
                  [Col 11]              [Col 12]              [Col 13]              [Col 14]              [Col 15]              [Col 16]              [Col 17]              [Col 18]              [Col 19]
[Row   1]               0.0112              -0.0020               0.0042              -0.0000               0.0144              -0.0019               0.0032              -0.0041              -0.0041
[Row   2]              -0.0318               0.0042               0.0001              -0.0000              -0.0499               0.0220              -0.0142               0.0165               0.0165
[Row   3]              -0.0000              -0.0000               0.0000              -0.0837              -0.0000               0.0000               0.0000              -0.1327               0.1327
[Row   4]               0.0980              -0.0221               0.0805               0.0000               0.1165               0.0665               0.0628              -0.0545              -0.0545
[Row   5]              -0.3647              -0.0493               0.2424              -0.0000               0.1826               0.1828              -0.0158              -0.0396              -0.0396
[Row   6]              -0.1077               0.0180              -0.0464               0.0000              -0.0705              -0.0835               0.0184               0.0215               0.0215
[Row   7]               0.2839              -0.0448               0.0613              -0.0000               0.2163               0.2515              -0.0738              -0.0885              -0.0885
[Row   8]               0.0000               0.0000              -0.0000               0.0366              -0.0000               0.0000              -0.0000              -0.0356               0.0356
[Row   9]              -0.2096               0.0491              -0.1172              -0.0000              -0.1819              -0.2269               0.0284               0.0668               0.0668
[Row  10]               0.4768               0.0689              -0.1902              -0.0000              -0.2387              -0.3076               0.1052               0.0493               0.0493
[Row  11]               0.6467               0.0364              -0.1530               0.0000              -0.0776              -0.1921               0.1123              -0.0182              -0.0182
[Row  12]               0.0364               2.0667              -0.2101              -0.0000              -0.0018               0.0004              -0.0939              -0.0929              -0.0929
[Row  13]              -0.1530              -0.2101               0.8349              -0.0000               0.0175               0.0120               0.2267               0.2233               0.2233
[Row  14]               0.0000              -0.0000              -0.0000               0.6573               0.0000              -0.0000              -0.0000               0.4844              -0.4844
[Row  15]              -0.0776              -0.0018               0.0175               0.0000               0.6545              -0.0120               0.3034              -0.3412              -0.3412
[Row  16]              -0.1921               0.0004               0.0120              -0.0000              -0.0120               0.6529              -0.5104               0.0307               0.0307
[Row  17]               0.1123              -0.0939               0.2267              -0.0000               0.3034              -0.5104               0.5978              -0.1142              -0.1142
[Row  18]              -0.0182              -0.0929               0.2233               0.4844              -0.3412               0.0307              -0.1142               0.6070              -0.1177
[Row  19]              -0.0182              -0.0929               0.2233              -0.4844              -0.3412               0.0307              -0.1142              -0.1177               0.6070
====== P^(AO) = SPS =====

                  [Col  1]              [Col  2]              [Col  3]              [Col  4]              [Col  5]              [Col  6]              [Col  7]              [Col  8]              [Col  9]              [Col 10]
[Row   1]               1.9999               0.4746               0.0000              -0.0056               0.0004               0.0001               0.0686               0.0000               0.1146              -0.0096
[Row   2]               0.4746               1.9888               0.0000               0.0531              -0.0044               0.0691               0.7453               0.0000               0.9312              -0.0793
[Row   3]               0.0000               0.0000               1.3141               0.0000              -0.0000               0.0000              -0.0000               1.1759              -0.0000              -0.0000
[Row   4]              -0.0056               0.0531               0.0000               1.7430               0.0171              -0.1112              -0.7938              -0.0000              -0.8775               0.1252
[Row   5]               0.0004              -0.0044              -0.0000               0.0171               1.9603               0.0094               0.0642              -0.0000               0.1204               0.5234
[Row   6]               0.0001               0.0691               0.0000              -0.1112               0.0094               1.9996               0.5052               0.0000               0.0007              -0.0004
[Row   7]               0.0686               0.7453              -0.0000              -0.7938               0.0642               0.5052               1.8156              -0.0000              -0.0463               0.0183
[Row   8]               0.0000               0.0000               1.1759              -0.0000              -0.0000               0.0000              -0.0000               1.1452               0.0000               0.0000
[Row   9]               0.1146               0.9312              -0.0000              -0.8775               0.1204               0.0007              -0.0463               0.0000               1.5822              -0.0040
[Row  10]              -0.0096              -0.0793              -0.0000               0.1252               0.5234              -0.0004               0.0183               0.0000              -0.0040               1.6145
[Row  11]               0.0098               0.1445              -0.0000              -0.1154               0.0075               0.1116               1.1036               0.0000              -0.5178               1.0856
[Row  12]              -0.0000               0.0004               0.0000              -0.0017              -0.0020               0.0002               0.0553               0.0000              -0.0586              -0.0710
[Row  13]               0.0024               0.0605               0.0000              -0.0643              -0.0085               0.0560               0.6825              -0.0000              -0.5013              -0.6233
[Row  14]              -0.0000              -0.0000               0.0181               0.0000              -0.0000               0.0000               0.0000               0.4034              -0.0000              -0.0000
[Row  15]               0.0051               0.0927               0.0000              -0.0943              -0.0213               0.0571               0.5325               0.0000              -0.1487              -0.6253
[Row  16]               0.0026               0.0460              -0.0000              -0.0202               0.0422               0.0700               0.6665               0.0000              -0.6110              -0.4057
[Row  17]               0.0024               0.0418               0.0000              -0.0052              -0.0438               0.0118               0.2049              -0.0000              -0.0161              -0.2659
[Row  18]               0.0000               0.0135              -0.0807              -0.0351              -0.0122               0.0117               0.1909               0.1707              -0.2082              -0.1209
[Row  19]               0.0000               0.0135               0.0807              -0.0351              -0.0122               0.0117               0.1909              -0.1707              -0.2082              -0.1209
                  [Col 11]              [Col 12]              [Col 13]              [Col 14]              [Col 15]              [Col 16]              [Col 17]              [Col 18]              [Col 19]
[Row   1]               0.0098              -0.0000               0.0024              -0.0000               0.0051               0.0026               0.0024               0.0000               0.0000
[Row   2]               0.1445               0.0004               0.0605              -0.0000               0.0927               0.0460               0.0418               0.0135               0.0135
[Row   3]              -0.0000               0.0000               0.0000               0.0181               0.0000              -0.0000               0.0000              -0.0807               0.0807
[Row   4]              -0.1154              -0.0017              -0.0643               0.0000              -0.0943              -0.0202              -0.0052              -0.0351              -0.0351
[Row   5]               0.0075              -0.0020              -0.0085              -0.0000              -0.0213               0.0422              -0.0438              -0.0122              -0.0122
[Row   6]               0.1116               0.0002               0.0560               0.0000               0.0571               0.0700               0.0118               0.0117               0.0117
[Row   7]               1.1036               0.0553               0.6825               0.0000               0.5325               0.6665               0.2049               0.1909               0.1909
[Row   8]               0.0000               0.0000              -0.0000               0.4034               0.0000               0.0000              -0.0000               0.1707              -0.1707
[Row   9]              -0.5178              -0.0586              -0.5013              -0.0000              -0.1487              -0.6110              -0.0161              -0.2082              -0.2082
[Row  10]               1.0856              -0.0710              -0.6233              -0.0000              -0.6253              -0.4057              -0.2659              -0.1209              -0.1209
[Row  11]               1.6327               0.0104               0.1565               0.0000               0.0014               0.1880               0.0692               0.0760               0.0760
[Row  12]               0.0104               1.9995               0.5048              -0.0000               0.0002               0.0005               0.1175               0.1162               0.1162
[Row  13]               0.1565               0.5048               1.8710               0.0000              -0.0085              -0.0124               1.0931               1.0854               1.0854
[Row  14]               0.0000              -0.0000               0.0000               1.6123               0.0000              -0.0000               0.0000               1.0101              -1.0101
[Row  15]               0.0014               0.0002              -0.0085               0.0000               1.6028              -0.0296               0.6398              -0.7384              -0.7384
[Row  16]               0.1880               0.0005              -0.0124              -0.0000              -0.0296               1.5872              -1.0761               0.0504               0.0504
[Row  17]               0.0692               0.1175               1.0931               0.0000               0.6398              -1.0761               1.6273               0.3233               0.3233
[Row  18]               0.0760               0.1162               1.0854               1.0101              -0.7384               0.0504               0.3233               1.6240               0.3455
[Row  19]               0.0760               0.1162               1.0854              -1.0101              -0.7384               0.0504               0.3233               0.3455               1.6240
====== S^(AO) = S =====

                  [Col  1]              [Col  2]              [Col  3]              [Col  4]              [Col  5]              [Col  6]              [Col  7]              [Col  8]              [Col  9]              [Col 10]
[Row   1]               1.0000               0.2367               0.0000              -0.0000              -0.0000               0.0000               0.0360               0.0000               0.0602              -0.0051
[Row   2]               0.2367               1.0000               0.0000               0.0000               0.0000               0.0351               0.3580               0.0000               0.4362              -0.0368
[Row   3]               0.0000               0.0000               1.0000               0.0000               0.0000               0.0000               0.0000               0.2063               0.0000               0.0000
[Row   4]              -0.0000               0.0000               0.0000               1.0000               0.0000              -0.0588              -0.3173               0.0000              -0.3096               0.0436
[Row   5]              -0.0000               0.0000               0.0000               0.0000               1.0000               0.0050               0.0268               0.0000               0.0436               0.2026
[Row   6]               0.0000               0.0351               0.0000              -0.0588               0.0050               1.0000               0.2484               0.0000               0.0000              -0.0000
[Row   7]               0.0360               0.3580               0.0000              -0.3173               0.0268               0.2484               1.0000               0.0000               0.0000              -0.0000
[Row   8]               0.0000               0.0000               0.2063               0.0000               0.0000               0.0000               0.0000               1.0000               0.0000               0.0000
[Row   9]               0.0602               0.4362               0.0000              -0.3096               0.0436               0.0000               0.0000               0.0000               1.0000               0.0000
[Row  10]              -0.0051              -0.0368               0.0000               0.0436               0.2026              -0.0000              -0.0000               0.0000               0.0000               1.0000
[Row  11]               0.0047               0.0724               0.0000              -0.0676               0.0440               0.0596               0.4798               0.0000              -0.1982               0.4158
[Row  12]               0.0000               0.0001               0.0000              -0.0004              -0.0002               0.0000               0.0293               0.0000              -0.0309              -0.0379
[Row  13]               0.0011               0.0302               0.0000              -0.0373              -0.0183               0.0293               0.3159               0.0000              -0.2214              -0.2719
[Row  14]               0.0000               0.0000               0.0113               0.0000               0.0000               0.0000               0.0000               0.1767               0.0000               0.0000
[Row  15]               0.0024               0.0467               0.0000              -0.0509              -0.0305               0.0309               0.2214               0.0000              -0.0211              -0.2429
[Row  16]               0.0012               0.0229               0.0000              -0.0305              -0.0036               0.0379               0.2719               0.0000              -0.2429              -0.1216
[Row  17]               0.0011               0.0222               0.0000              -0.0174              -0.0216               0.0057               0.1013               0.0000              -0.0235              -0.1279
[Row  18]               0.0002               0.0054               0.0022              -0.0069              -0.0025               0.0057               0.1005               0.0532              -0.0964              -0.0674
[Row  19]               0.0002               0.0054              -0.0022              -0.0069              -0.0025               0.0057               0.1005              -0.0532              -0.0964              -0.0674
                  [Col 11]              [Col 12]              [Col 13]              [Col 14]              [Col 15]              [Col 16]              [Col 17]              [Col 18]              [Col 19]
[Row   1]               0.0047               0.0000               0.0011               0.0000               0.0024               0.0012               0.0011               0.0002               0.0002
[Row   2]               0.0724               0.0001               0.0302               0.0000               0.0467               0.0229               0.0222               0.0054               0.0054
[Row   3]               0.0000               0.0000               0.0000               0.0113               0.0000               0.0000               0.0000               0.0022              -0.0022
[Row   4]              -0.0676              -0.0004              -0.0373               0.0000              -0.0509              -0.0305              -0.0174              -0.0069              -0.0069
[Row   5]               0.0440              -0.0002              -0.0183               0.0000              -0.0305              -0.0036              -0.0216              -0.0025              -0.0025
[Row   6]               0.0596               0.0000               0.0293               0.0000               0.0309               0.0379               0.0057               0.0057               0.0057
[Row   7]               0.4798               0.0293               0.3159               0.0000               0.2214               0.2719               0.1013               0.1005               0.1005
[Row   8]               0.0000               0.0000               0.0000               0.1767               0.0000               0.0000               0.0000               0.0532              -0.0532
[Row   9]              -0.1982              -0.0309              -0.2214               0.0000              -0.0211              -0.2429              -0.0235              -0.0964              -0.0964
[Row  10]               0.4158              -0.0379              -0.2719               0.0000              -0.2429              -0.1216              -0.1279              -0.0674              -0.0674
[Row  11]               1.0000               0.0046               0.0871               0.0000               0.0242               0.1113               0.0147               0.0449               0.0449
[Row  12]               0.0046               1.0000               0.2484               0.0000               0.0000              -0.0000               0.0622               0.0616               0.0616
[Row  13]               0.0871               0.2484               1.0000               0.0000               0.0000              -0.0000               0.4906               0.4880               0.4880
[Row  14]               0.0000               0.0000               0.0000               1.0000               0.0000               0.0000               0.0000               0.3747              -0.3747
[Row  15]               0.0242               0.0000               0.0000               0.0000               1.0000               0.0000               0.2409              -0.2757              -0.2757
[Row  16]               0.1113              -0.0000              -0.0000               0.0000               0.0000               1.0000              -0.4003               0.0203               0.0203
[Row  17]               0.0147               0.0622               0.4906               0.0000               0.2409              -0.4003               1.0000               0.1666               0.1666
[Row  18]               0.0449               0.0616               0.4880               0.3747              -0.2757               0.0203               0.1666               1.0000               0.1741
[Row  19]               0.0449               0.0616               0.4880              -0.3747              -0.2757               0.0203               0.1666               0.1741               1.0000
====== P^(AO) std gaussian m_l ordering SPS =====

                  [Col  1]              [Col  2]              [Col  3]              [Col  4]              [Col  5]              [Col  6]              [Col  7]              [Col  8]              [Col  9]              [Col 10]
[Row   1]               1.9999               0.4746              -0.0056               0.0004               0.0000               0.0001               0.0686               0.1146              -0.0096               0.0000
[Row   2]               0.4746               1.9888               0.0531              -0.0044               0.0000               0.0691               0.7453               0.9312              -0.0793               0.0000
[Row   3]              -0.0056               0.0531               1.7430               0.0171               0.0000              -0.1112              -0.7938              -0.8775               0.1252              -0.0000
[Row   4]               0.0004              -0.0044               0.0171               1.9603              -0.0000               0.0094               0.0642               0.1204               0.5234              -0.0000
[Row   5]               0.0000               0.0000               0.0000              -0.0000               1.3141               0.0000              -0.0000              -0.0000              -0.0000               1.1759
[Row   6]               0.0001               0.0691              -0.1112               0.0094               0.0000               1.9996               0.5052               0.0007              -0.0004               0.0000
[Row   7]               0.0686               0.7453              -0.7938               0.0642              -0.0000               0.5052               1.8156              -0.0463               0.0183              -0.0000
[Row   8]               0.1146               0.9312              -0.8775               0.1204              -0.0000               0.0007              -0.0463               1.5822              -0.0040               0.0000
[Row   9]              -0.0096              -0.0793               0.1252               0.5234              -0.0000              -0.0004               0.0183              -0.0040               1.6145               0.0000
[Row  10]               0.0000               0.0000              -0.0000              -0.0000               1.1759               0.0000              -0.0000               0.0000               0.0000               1.1452
[Row  11]               0.0098               0.1445              -0.1154               0.0075              -0.0000               0.1116               1.1036              -0.5178               1.0856               0.0000
[Row  12]              -0.0000               0.0004              -0.0017              -0.0020               0.0000               0.0002               0.0553              -0.0586              -0.0710               0.0000
[Row  13]               0.0024               0.0605              -0.0643              -0.0085               0.0000               0.0560               0.6825              -0.5013              -0.6233              -0.0000
[Row  14]               0.0051               0.0927              -0.0943              -0.0213               0.0000               0.0571               0.5325              -0.1487              -0.6253               0.0000
[Row  15]               0.0026               0.0460              -0.0202               0.0422              -0.0000               0.0700               0.6665              -0.6110              -0.4057               0.0000
[Row  16]              -0.0000              -0.0000               0.0000              -0.0000               0.0181               0.0000               0.0000              -0.0000              -0.0000               0.4034
[Row  17]               0.0024               0.0418              -0.0052              -0.0438               0.0000               0.0118               0.2049              -0.0161              -0.2659              -0.0000
[Row  18]               0.0000               0.0135              -0.0351              -0.0122              -0.0807               0.0117               0.1909              -0.2082              -0.1209               0.1707
[Row  19]               0.0000               0.0135              -0.0351              -0.0122               0.0807               0.0117               0.1909              -0.2082              -0.1209              -0.1707
                  [Col 11]              [Col 12]              [Col 13]              [Col 14]              [Col 15]              [Col 16]              [Col 17]              [Col 18]              [Col 19]
[Row   1]               0.0098              -0.0000               0.0024               0.0051               0.0026              -0.0000               0.0024               0.0000               0.0000
[Row   2]               0.1445               0.0004               0.0605               0.0927               0.0460              -0.0000               0.0418               0.0135               0.0135
[Row   3]              -0.1154              -0.0017              -0.0643              -0.0943              -0.0202               0.0000              -0.0052              -0.0351              -0.0351
[Row   4]               0.0075              -0.0020              -0.0085              -0.0213               0.0422              -0.0000              -0.0438              -0.0122              -0.0122
[Row   5]              -0.0000               0.0000               0.0000               0.0000              -0.0000               0.0181               0.0000              -0.0807               0.0807
[Row   6]               0.1116               0.0002               0.0560               0.0571               0.0700               0.0000               0.0118               0.0117               0.0117
[Row   7]               1.1036               0.0553               0.6825               0.5325               0.6665               0.0000               0.2049               0.1909               0.1909
[Row   8]              -0.5178              -0.0586              -0.5013              -0.1487              -0.6110              -0.0000              -0.0161              -0.2082              -0.2082
[Row   9]               1.0856              -0.0710              -0.6233              -0.6253              -0.4057              -0.0000              -0.2659              -0.1209              -0.1209
[Row  10]               0.0000               0.0000              -0.0000               0.0000               0.0000               0.4034              -0.0000               0.1707              -0.1707
[Row  11]               1.6327               0.0104               0.1565               0.0014               0.1880               0.0000               0.0692               0.0760               0.0760
[Row  12]               0.0104               1.9995               0.5048               0.0002               0.0005              -0.0000               0.1175               0.1162               0.1162
[Row  13]               0.1565               0.5048               1.8710              -0.0085              -0.0124               0.0000               1.0931               1.0854               1.0854
[Row  14]               0.0014               0.0002              -0.0085               1.6028              -0.0296               0.0000               0.6398              -0.7384              -0.7384
[Row  15]               0.1880               0.0005              -0.0124              -0.0296               1.5872              -0.0000              -1.0761               0.0504               0.0504
[Row  16]               0.0000              -0.0000               0.0000               0.0000              -0.0000               1.6123               0.0000               1.0101              -1.0101
[Row  17]               0.0692               0.1175               1.0931               0.6398              -1.0761               0.0000               1.6273               0.3233               0.3233
[Row  18]               0.0760               0.1162               1.0854              -0.7384               0.0504               1.0101               0.3233               1.6240               0.3455
[Row  19]               0.0760               0.1162               1.0854              -0.7384               0.0504              -1.0101               0.3233               0.3455               1.6240
====== S^(AO) std gaussian m_l ordering =====

                  [Col  1]              [Col  2]              [Col  3]              [Col  4]              [Col  5]              [Col  6]              [Col  7]              [Col  8]              [Col  9]              [Col 10]
[Row   1]               1.0000               0.2367              -0.0000              -0.0000               0.0000               0.0000               0.0360               0.0602              -0.0051               0.0000
[Row   2]               0.2367               1.0000               0.0000               0.0000               0.0000               0.0351               0.3580               0.4362              -0.0368               0.0000
[Row   3]              -0.0000               0.0000               1.0000               0.0000               0.0000              -0.0588              -0.3173              -0.3096               0.0436               0.0000
[Row   4]              -0.0000               0.0000               0.0000               1.0000               0.0000               0.0050               0.0268               0.0436               0.2026               0.0000
[Row   5]               0.0000               0.0000               0.0000               0.0000               1.0000               0.0000               0.0000               0.0000               0.0000               0.2063
[Row   6]               0.0000               0.0351              -0.0588               0.0050               0.0000               1.0000               0.2484               0.0000              -0.0000               0.0000
[Row   7]               0.0360               0.3580              -0.3173               0.0268               0.0000               0.2484               1.0000               0.0000              -0.0000               0.0000
[Row   8]               0.0602               0.4362              -0.3096               0.0436               0.0000               0.0000               0.0000               1.0000               0.0000               0.0000
[Row   9]              -0.0051              -0.0368               0.0436               0.2026               0.0000              -0.0000              -0.0000               0.0000               1.0000               0.0000
[Row  10]               0.0000               0.0000               0.0000               0.0000               0.2063               0.0000               0.0000               0.0000               0.0000               1.0000
[Row  11]               0.0047               0.0724              -0.0676               0.0440               0.0000               0.0596               0.4798              -0.1982               0.4158               0.0000
[Row  12]               0.0000               0.0001              -0.0004              -0.0002               0.0000               0.0000               0.0293              -0.0309              -0.0379               0.0000
[Row  13]               0.0011               0.0302              -0.0373              -0.0183               0.0000               0.0293               0.3159              -0.2214              -0.2719               0.0000
[Row  14]               0.0024               0.0467              -0.0509              -0.0305               0.0000               0.0309               0.2214              -0.0211              -0.2429               0.0000
[Row  15]               0.0012               0.0229              -0.0305              -0.0036               0.0000               0.0379               0.2719              -0.2429              -0.1216               0.0000
[Row  16]               0.0000               0.0000               0.0000               0.0000               0.0113               0.0000               0.0000               0.0000               0.0000               0.1767
[Row  17]               0.0011               0.0222              -0.0174              -0.0216               0.0000               0.0057               0.1013              -0.0235              -0.1279               0.0000
[Row  18]               0.0002               0.0054              -0.0069              -0.0025               0.0022               0.0057               0.1005              -0.0964              -0.0674               0.0532
[Row  19]               0.0002               0.0054              -0.0069              -0.0025              -0.0022               0.0057               0.1005              -0.0964              -0.0674              -0.0532
                  [Col 11]              [Col 12]              [Col 13]              [Col 14]              [Col 15]              [Col 16]              [Col 17]              [Col 18]              [Col 19]
[Row   1]               0.0047               0.0000               0.0011               0.0024               0.0012               0.0000               0.0011               0.0002               0.0002
[Row   2]               0.0724               0.0001               0.0302               0.0467               0.0229               0.0000               0.0222               0.0054               0.0054
[Row   3]              -0.0676              -0.0004              -0.0373              -0.0509              -0.0305               0.0000              -0.0174              -0.0069              -0.0069
[Row   4]               0.0440              -0.0002              -0.0183              -0.0305              -0.0036               0.0000              -0.0216              -0.0025              -0.0025
[Row   5]               0.0000               0.0000               0.0000               0.0000               0.0000               0.0113               0.0000               0.0022              -0.0022
[Row   6]               0.0596               0.0000               0.0293               0.0309               0.0379               0.0000               0.0057               0.0057               0.0057
[Row   7]               0.4798               0.0293               0.3159               0.2214               0.2719               0.0000               0.1013               0.1005               0.1005
[Row   8]              -0.1982              -0.0309              -0.2214              -0.0211              -0.2429               0.0000              -0.0235              -0.0964              -0.0964
[Row   9]               0.4158              -0.0379              -0.2719              -0.2429              -0.1216               0.0000              -0.1279              -0.0674              -0.0674
[Row  10]               0.0000               0.0000               0.0000               0.0000               0.0000               0.1767               0.0000               0.0532              -0.0532
[Row  11]               1.0000               0.0046               0.0871               0.0242               0.1113               0.0000               0.0147               0.0449               0.0449
[Row  12]               0.0046               1.0000               0.2484               0.0000              -0.0000               0.0000               0.0622               0.0616               0.0616
[Row  13]               0.0871               0.2484               1.0000               0.0000              -0.0000               0.0000               0.4906               0.4880               0.4880
[Row  14]               0.0242               0.0000               0.0000               1.0000               0.0000               0.0000               0.2409              -0.2757              -0.2757
[Row  15]               0.1113              -0.0000              -0.0000               0.0000               1.0000               0.0000              -0.4003               0.0203               0.0203
[Row  16]               0.0000               0.0000               0.0000               0.0000               0.0000               1.0000               0.0000               0.3747              -0.3747
[Row  17]               0.0147               0.0622               0.4906               0.2409              -0.4003               0.0000               1.0000               0.1666               0.1666
[Row  18]               0.0449               0.0616               0.4880              -0.2757               0.0203               0.3747               0.1666               1.0000               0.1741
[Row  19]               0.0449               0.0616               0.4880              -0.2757               0.0203              -0.3747               0.1666               0.1741               1.0000
