molecule mol105.xyz
System:, atNum: 6 coords [             -0.0727              -0.7508               1.3973]
System:, atNum: 7 coords [             -0.0727               1.6539               0.0000]
System:, atNum: 6 coords [             -0.0727              -0.7508              -1.3973]
System:, atNum: 1 coords [              1.7065               2.3966               0.0000]
System:, atNum: 1 coords [             -1.8059              -1.1431               2.4189]
System:, atNum: 1 coords [             -1.8059              -1.1431              -2.4189]
System:, atNum: 1 coords [              1.6429              -1.3387               2.3603]
System:, atNum: 1 coords [              1.6429              -1.3387              -2.3603]
===== Original AO-S matrix =====

                  [Col  1]              [Col  2]              [Col  3]              [Col  4]              [Col  5]              [Col  6]              [Col  7]              [Col  8]              [Col  9]              [Col 10]
[Row   1]               1.0000               0.2484              -0.0000               0.0000               0.0000               0.0000               0.0233               0.0201               0.0000              -0.0346
[Row   2]               0.2484               1.0000               0.0000               0.0000               0.0000               0.0245               0.2858               0.1516               0.0000              -0.2608
[Row   3]              -0.0000               0.0000               1.0000               0.0000               0.0000              -0.0205              -0.1746               0.0384              -0.0000               0.2007
[Row   4]               0.0000               0.0000               0.0000               1.0000               0.0000               0.0000              -0.0000               0.0000               0.1550              -0.0000
[Row   5]               0.0000               0.0000               0.0000               0.0000               1.0000               0.0353               0.3005               0.2007               0.0000              -0.1903
[Row   6]               0.0000               0.0245              -0.0205               0.0000               0.0353               1.0000               0.2350               0.0000              -0.0000              -0.0000
[Row   7]               0.0233               0.2858              -0.1746              -0.0000               0.3005               0.2350               1.0000               0.0000              -0.0000              -0.0000
[Row   8]               0.0201               0.1516               0.0384               0.0000               0.2007               0.0000               0.0000               1.0000               0.0000               0.0000
[Row   9]               0.0000               0.0000              -0.0000               0.1550               0.0000              -0.0000              -0.0000               0.0000               1.0000              -0.0000
[Row  10]              -0.0346              -0.2608               0.2007              -0.0000              -0.1903              -0.0000              -0.0000               0.0000              -0.0000               1.0000
[Row  11]               0.0000               0.0310              -0.0516               0.0000              -0.0000               0.0000               0.0233              -0.0201              -0.0000              -0.0346
[Row  12]               0.0310               0.3264              -0.3590               0.0000               0.0000               0.0245               0.2858              -0.1516              -0.0000              -0.2608
[Row  13]               0.0516               0.3590              -0.3221               0.0000               0.0000               0.0205               0.1746               0.0384              -0.0000              -0.2007
[Row  14]               0.0000               0.0000              -0.0000               0.1843               0.0000              -0.0000              -0.0000               0.0000               0.1550               0.0000
[Row  15]              -0.0000               0.0000              -0.0000               0.0000               0.1843               0.0353               0.3005              -0.2007              -0.0000              -0.1903
[Row  16]               0.0070               0.1174              -0.0533               0.0678               0.1200               0.0573               0.4898               0.0000               0.4031               0.1683
[Row  17]               0.0630               0.4938               0.2338              -0.3966              -0.0898               0.0041               0.0739               0.0540              -0.0387              -0.0625
[Row  18]               0.0045               0.0852              -0.1013              -0.0460              -0.0104               0.0041               0.0739              -0.0540              -0.0387              -0.0625
[Row  19]               0.0628               0.4927               0.2197               0.3914              -0.1341               0.0036               0.0668               0.0471               0.0342              -0.0597
[Row  20]               0.0047               0.0884              -0.1040               0.0475              -0.0163               0.0036               0.0668              -0.0471               0.0342              -0.0597
                  [Col 11]              [Col 12]              [Col 13]              [Col 14]              [Col 15]              [Col 16]              [Col 17]              [Col 18]              [Col 19]              [Col 20]
[Row   1]               0.0000               0.0310               0.0516               0.0000              -0.0000               0.0070               0.0630               0.0045               0.0628               0.0047
[Row   2]               0.0310               0.3264               0.3590               0.0000               0.0000               0.1174               0.4938               0.0852               0.4927               0.0884
[Row   3]              -0.0516              -0.3590              -0.3221              -0.0000              -0.0000              -0.0533               0.2338              -0.1013               0.2197              -0.1040
[Row   4]               0.0000               0.0000               0.0000               0.1843               0.0000               0.0678              -0.3966              -0.0460               0.3914               0.0475
[Row   5]              -0.0000               0.0000               0.0000               0.0000               0.1843               0.1200              -0.0898              -0.0104              -0.1341              -0.0163
[Row   6]               0.0000               0.0245               0.0205              -0.0000               0.0353               0.0573               0.0041               0.0041               0.0036               0.0036
[Row   7]               0.0233               0.2858               0.1746              -0.0000               0.3005               0.4898               0.0739               0.0739               0.0668               0.0668
[Row   8]              -0.0201              -0.1516               0.0384               0.0000              -0.2007               0.0000               0.0540              -0.0540               0.0471              -0.0471
[Row   9]              -0.0000              -0.0000              -0.0000               0.1550              -0.0000               0.4031              -0.0387              -0.0387               0.0342               0.0342
[Row  10]              -0.0346              -0.2608              -0.2007               0.0000              -0.1903               0.1683              -0.0625              -0.0625              -0.0597              -0.0597
[Row  11]               1.0000               0.2484               0.0000               0.0000               0.0000               0.0070               0.0045               0.0630               0.0047               0.0628
[Row  12]               0.2484               1.0000              -0.0000               0.0000               0.0000               0.1174               0.0852               0.4938               0.0884               0.4927
[Row  13]               0.0000              -0.0000               1.0000               0.0000              -0.0000               0.0533               0.1013              -0.2338               0.1040              -0.2197
[Row  14]               0.0000               0.0000               0.0000               1.0000               0.0000               0.0678              -0.0460              -0.3966               0.0475               0.3914
[Row  15]               0.0000               0.0000              -0.0000               0.0000               1.0000               0.1200              -0.0104              -0.0898              -0.0163              -0.1341
[Row  16]               0.0070               0.1174               0.0533               0.0678               0.1200               1.0000               0.0210               0.0210               0.0666               0.0666
[Row  17]               0.0045               0.0852               0.1013              -0.0460              -0.0104               0.0210               1.0000               0.0442               0.1570               0.0141
[Row  18]               0.0630               0.4938              -0.2338              -0.3966              -0.0898               0.0210               0.0442               1.0000               0.0141               0.1570
[Row  19]               0.0047               0.0884               0.1040               0.0475              -0.0163               0.0666               0.1570               0.0141               1.0000               0.0497
[Row  20]               0.0628               0.4927              -0.2197               0.3914              -0.1341               0.0666               0.0141               0.1570               0.0497               1.0000
nbas 20
 ===== CA ===== 

                  [Col  1]              [Col  2]              [Col  3]              [Col  4]              [Col  5]              [Col  6]              [Col  7]              [Col  8]              [Col  9]              [Col 10]
[Row   1]              -0.0004               0.7012               0.7018               0.1147               0.1188               0.1460               0.0134               0.0055               0.0024               0.0134
[Row   2]               0.0043               0.0299               0.0218              -0.2682              -0.3570              -0.4597              -0.0471              -0.0255              -0.0087              -0.0499
[Row   3]              -0.0012              -0.0042               0.0016               0.0941               0.0388              -0.1462              -0.1106              -0.3240              -0.0041               0.3449
[Row   4]               0.0002               0.0000               0.0000              -0.0099               0.0193              -0.0093              -0.3133               0.2064               0.4083               0.1363
[Row   5]               0.0038               0.0001               0.0012              -0.0725               0.1260              -0.0162               0.1196               0.1124              -0.0347               0.2757
[Row   6]              -0.9936               0.0000               0.0005               0.1719              -0.1351               0.0000              -0.0306               0.0353              -0.0000              -0.0488
[Row   7]              -0.0302              -0.0000              -0.0061              -0.5486               0.5216              -0.0000               0.1317              -0.1632               0.0000               0.2596
[Row   8]               0.0000              -0.0036               0.0000              -0.0000              -0.0000              -0.1776               0.0000               0.0000              -0.0380               0.0000
[Row   9]              -0.0042               0.0000               0.0002              -0.0739               0.1438              -0.0000              -0.2934              -0.0260              -0.0000              -0.3945
[Row  10]               0.0042               0.0000               0.0032               0.1406               0.1155              -0.0000              -0.1328              -0.3303               0.0000              -0.1405
[Row  11]              -0.0004              -0.7012               0.7018               0.1147               0.1188              -0.1460               0.0134               0.0055              -0.0024               0.0134
[Row  12]               0.0043              -0.0299               0.0218              -0.2682              -0.3570               0.4597              -0.0471              -0.0255               0.0087              -0.0499
[Row  13]               0.0012              -0.0042              -0.0016              -0.0941              -0.0388              -0.1462               0.1106               0.3240              -0.0041              -0.3449
[Row  14]               0.0002              -0.0000               0.0000              -0.0099               0.0193               0.0093              -0.3133               0.2064              -0.4083               0.1363
[Row  15]               0.0038              -0.0001               0.0012              -0.0725               0.1260               0.0162               0.1196               0.1124               0.0347               0.2757
[Row  16]               0.0068              -0.0000              -0.0006              -0.0931               0.2422              -0.0000              -0.2106              -0.2119              -0.0000              -0.3402
[Row  17]              -0.0001              -0.0048              -0.0047              -0.0395              -0.1266              -0.1876               0.0978              -0.2823              -0.3207              -0.0373
[Row  18]              -0.0001               0.0048              -0.0047              -0.0395              -0.1266               0.1876               0.0978              -0.2823               0.3207              -0.0373
[Row  19]              -0.0003              -0.0048              -0.0047              -0.0424              -0.1195              -0.1982              -0.2633              -0.0288               0.3355               0.1999
[Row  20]              -0.0003               0.0048              -0.0047              -0.0424              -0.1195               0.1982              -0.2633              -0.0288              -0.3355               0.1999
                  [Col 11]              [Col 12]              [Col 13]              [Col 14]              [Col 15]              [Col 16]              [Col 17]              [Col 18]              [Col 19]              [Col 20]
[Row   1]               0.0103               0.0039               0.0099               0.0098               0.0937               0.1160               0.1882               0.0006               0.0586               0.0080
[Row   2]              -0.0841              -0.0018              -0.0751              -0.0836              -0.5285              -0.7540              -1.1665               0.0236              -0.3604              -0.0484
[Row   3]               0.1087              -0.1740               0.3638              -0.1104               0.0913              -0.4503               0.0585               0.1909               0.9855              -0.0362
[Row   4]              -0.0432               0.0566               0.0585              -0.4866              -0.2673               0.2577              -0.0369               0.4058               0.0088               0.8902
[Row   5]              -0.3935              -0.2771               0.6744               0.1913              -0.5109               0.1848               0.1088              -0.2916              -0.2941              -0.0619
[Row   6]              -0.0000              -0.0865               0.0000               0.0974              -0.1356               0.0053               0.0000               0.0224               0.0000              -0.0000
[Row   7]               0.0000               0.4329              -0.0000              -0.6511               0.8681              -0.0563               0.0000              -0.1739               0.0000               0.0000
[Row   8]              -0.6418               0.0000              -0.7012               0.0000               0.0000               0.0000               0.3562               0.0000               0.3877               0.0447
[Row   9]              -0.0000              -0.5593              -0.0000              -0.4260               0.2340              -0.1314               0.0000              -0.7066               0.0000               0.0000
[Row  10]              -0.0000               0.4925               0.0000              -0.1033              -0.7826               0.0097               0.0000              -0.6187               0.0000               0.0000
[Row  11]              -0.0103               0.0039              -0.0099               0.0098               0.0937               0.1160              -0.1882               0.0006              -0.0586              -0.0080
[Row  12]               0.0841              -0.0018               0.0751              -0.0836              -0.5285              -0.7540               1.1665               0.0236               0.3604               0.0484
[Row  13]               0.1087               0.1740               0.3638               0.1104              -0.0913               0.4503               0.0585              -0.1909               0.9855              -0.0362
[Row  14]               0.0432               0.0566              -0.0585              -0.4866              -0.2673               0.2577               0.0369               0.4058              -0.0088              -0.8902
[Row  15]               0.3935              -0.2771              -0.6744               0.1913              -0.5109               0.1848              -0.1088              -0.2916               0.2941               0.0619
[Row  16]              -0.0000              -0.1237               0.0000               0.8220              -0.2489               0.0769              -0.0000               0.8620              -0.0000              -0.0000
[Row  17]               0.1570              -0.1518               0.0421              -0.3322              -0.0673               0.8031               0.5457               0.1648              -0.2953               0.6458
[Row  18]              -0.1570              -0.1518              -0.0421              -0.3322              -0.0673               0.8031              -0.5457               0.1648               0.2953              -0.6458
[Row  19]               0.1208               0.0898              -0.0016               0.5437               0.3516               0.3755               0.6057              -0.4696              -0.3043              -0.5830
[Row  20]              -0.1208               0.0898               0.0016               0.5437               0.3516               0.3755              -0.6057              -0.4696               0.3043               0.5830
 ===== CB ===== 

                  [Col  1]              [Col  2]              [Col  3]              [Col  4]              [Col  5]              [Col  6]              [Col  7]              [Col  8]              [Col  9]              [Col 10]
[Row   1]              -0.0004               0.7012               0.7018               0.1147               0.1188               0.1460               0.0134               0.0055               0.0024               0.0134
[Row   2]               0.0043               0.0299               0.0218              -0.2682              -0.3570              -0.4597              -0.0471              -0.0255              -0.0087              -0.0499
[Row   3]              -0.0012              -0.0042               0.0016               0.0941               0.0388              -0.1462              -0.1106              -0.3240              -0.0041               0.3449
[Row   4]               0.0002               0.0000               0.0000              -0.0099               0.0193              -0.0093              -0.3133               0.2064               0.4083               0.1363
[Row   5]               0.0038               0.0001               0.0012              -0.0725               0.1260              -0.0162               0.1196               0.1124              -0.0347               0.2757
[Row   6]              -0.9936               0.0000               0.0005               0.1719              -0.1351               0.0000              -0.0306               0.0353              -0.0000              -0.0488
[Row   7]              -0.0302              -0.0000              -0.0061              -0.5486               0.5216              -0.0000               0.1317              -0.1632               0.0000               0.2596
[Row   8]               0.0000              -0.0036               0.0000              -0.0000              -0.0000              -0.1776               0.0000               0.0000              -0.0380               0.0000
[Row   9]              -0.0042               0.0000               0.0002              -0.0739               0.1438              -0.0000              -0.2934              -0.0260              -0.0000              -0.3945
[Row  10]               0.0042               0.0000               0.0032               0.1406               0.1155              -0.0000              -0.1328              -0.3303               0.0000              -0.1405
[Row  11]              -0.0004              -0.7012               0.7018               0.1147               0.1188              -0.1460               0.0134               0.0055              -0.0024               0.0134
[Row  12]               0.0043              -0.0299               0.0218              -0.2682              -0.3570               0.4597              -0.0471              -0.0255               0.0087              -0.0499
[Row  13]               0.0012              -0.0042              -0.0016              -0.0941              -0.0388              -0.1462               0.1106               0.3240              -0.0041              -0.3449
[Row  14]               0.0002              -0.0000               0.0000              -0.0099               0.0193               0.0093              -0.3133               0.2064              -0.4083               0.1363
[Row  15]               0.0038              -0.0001               0.0012              -0.0725               0.1260               0.0162               0.1196               0.1124               0.0347               0.2757
[Row  16]               0.0068              -0.0000              -0.0006              -0.0931               0.2422              -0.0000              -0.2106              -0.2119              -0.0000              -0.3402
[Row  17]              -0.0001              -0.0048              -0.0047              -0.0395              -0.1266              -0.1876               0.0978              -0.2823              -0.3207              -0.0373
[Row  18]              -0.0001               0.0048              -0.0047              -0.0395              -0.1266               0.1876               0.0978              -0.2823               0.3207              -0.0373
[Row  19]              -0.0003              -0.0048              -0.0047              -0.0424              -0.1195              -0.1982              -0.2633              -0.0288               0.3355               0.1999
[Row  20]              -0.0003               0.0048              -0.0047              -0.0424              -0.1195               0.1982              -0.2633              -0.0288              -0.3355               0.1999
                  [Col 11]              [Col 12]              [Col 13]              [Col 14]              [Col 15]              [Col 16]              [Col 17]              [Col 18]              [Col 19]              [Col 20]
[Row   1]               0.0103               0.0039               0.0099               0.0098               0.0937               0.1160               0.1882               0.0006               0.0586               0.0080
[Row   2]              -0.0841              -0.0018              -0.0751              -0.0836              -0.5285              -0.7540              -1.1665               0.0236              -0.3604              -0.0484
[Row   3]               0.1087              -0.1740               0.3638              -0.1104               0.0913              -0.4503               0.0585               0.1909               0.9855              -0.0362
[Row   4]              -0.0432               0.0566               0.0585              -0.4866              -0.2673               0.2577              -0.0369               0.4058               0.0088               0.8902
[Row   5]              -0.3935              -0.2771               0.6744               0.1913              -0.5109               0.1848               0.1088              -0.2916              -0.2941              -0.0619
[Row   6]              -0.0000              -0.0865               0.0000               0.0974              -0.1356               0.0053               0.0000               0.0224               0.0000              -0.0000
[Row   7]               0.0000               0.4329              -0.0000              -0.6511               0.8681              -0.0563               0.0000              -0.1739               0.0000               0.0000
[Row   8]              -0.6418               0.0000              -0.7012               0.0000               0.0000               0.0000               0.3562               0.0000               0.3877               0.0447
[Row   9]              -0.0000              -0.5593              -0.0000              -0.4260               0.2340              -0.1314               0.0000              -0.7066               0.0000               0.0000
[Row  10]              -0.0000               0.4925               0.0000              -0.1033              -0.7826               0.0097               0.0000              -0.6187               0.0000               0.0000
[Row  11]              -0.0103               0.0039              -0.0099               0.0098               0.0937               0.1160              -0.1882               0.0006              -0.0586              -0.0080
[Row  12]               0.0841              -0.0018               0.0751              -0.0836              -0.5285              -0.7540               1.1665               0.0236               0.3604               0.0484
[Row  13]               0.1087               0.1740               0.3638               0.1104              -0.0913               0.4503               0.0585              -0.1909               0.9855              -0.0362
[Row  14]               0.0432               0.0566              -0.0585              -0.4866              -0.2673               0.2577               0.0369               0.4058              -0.0088              -0.8902
[Row  15]               0.3935              -0.2771              -0.6744               0.1913              -0.5109               0.1848              -0.1088              -0.2916               0.2941               0.0619
[Row  16]              -0.0000              -0.1237               0.0000               0.8220              -0.2489               0.0769              -0.0000               0.8620              -0.0000              -0.0000
[Row  17]               0.1570              -0.1518               0.0421              -0.3322              -0.0673               0.8031               0.5457               0.1648              -0.2953               0.6458
[Row  18]              -0.1570              -0.1518              -0.0421              -0.3322              -0.0673               0.8031              -0.5457               0.1648               0.2953              -0.6458
[Row  19]               0.1208               0.0898              -0.0016               0.5437               0.3516               0.3755               0.6057              -0.4696              -0.3043              -0.5830
[Row  20]              -0.1208               0.0898               0.0016               0.5437               0.3516               0.3755              -0.6057              -0.4696               0.3043               0.5830
 ===== P_psi ===== Dalpha+Dbeta 

                  [Col  1]              [Col  2]              [Col  3]              [Col  4]              [Col  5]              [Col  6]              [Col  7]              [Col  8]              [Col  9]              [Col 10]
[Row   1]               2.0666              -0.2128              -0.0121              -0.0013               0.0118               0.0064               0.0015              -0.0703              -0.0055               0.0570
[Row   2]              -0.2128               0.8492               0.0310               0.0053              -0.0129               0.0020              -0.1102               0.2716               0.0073              -0.1160
[Row   3]              -0.0121               0.0310               0.6201              -0.0006               0.1029               0.0047               0.0424              -0.0872               0.0015               0.0105
[Row   4]              -0.0013               0.0053              -0.0006               0.6634               0.0275               0.0017               0.0009               0.0276               0.0092              -0.0340
[Row   5]               0.0118              -0.0129               0.1029               0.0275               0.7144              -0.0448               0.1088               0.5135               0.0633              -0.4477
[Row   6]               0.0064               0.0020               0.0047               0.0017              -0.0448               2.0940              -0.3893               0.0000               0.0955              -0.0780
[Row   7]               0.0015              -0.1102               0.0424               0.0009               0.1088              -0.3893               1.7456              -0.0000              -0.5266               0.3922
[Row   8]              -0.0703               0.2716              -0.0872               0.0276               0.5135               0.0000              -0.0000               0.8899              -0.0000               0.0000
[Row   9]              -0.0055               0.0073               0.0015               0.0092               0.0633               0.0955              -0.5266              -0.0000               1.1628              -0.3325
[Row  10]               0.0570              -0.1160               0.0105              -0.0340              -0.4477              -0.0780               0.3922               0.0000              -0.3325               0.8442
[Row  11]               0.0140              -0.0246               0.0807               0.0019               0.0376               0.0064               0.0015               0.0703              -0.0055               0.0570
[Row  12]              -0.0246              -0.0282              -0.2010              -0.0120              -0.1763               0.0020              -0.1102              -0.2716               0.0073              -0.1160
[Row  13]              -0.0807               0.2010              -0.4872              -0.0195              -0.2639              -0.0047              -0.0424              -0.0872              -0.0015              -0.0105
[Row  14]               0.0019              -0.0120               0.0195              -0.0113               0.0156               0.0017               0.0009              -0.0276               0.0092              -0.0340
[Row  15]               0.0376              -0.1763               0.2639               0.0156               0.0893              -0.0448               0.1088              -0.5135               0.0633              -0.4477
[Row  16]               0.0173              -0.0580              -0.0065              -0.0511              -0.1425              -0.0586               0.0844               0.0000               0.6248               0.1996
[Row  17]              -0.1083               0.2722               0.2628              -0.4813              -0.0979               0.0249              -0.1216              -0.1104               0.1259              -0.0189
[Row  18]               0.0114              -0.0306               0.0794               0.0626               0.0925               0.0249              -0.1216               0.1104               0.1259              -0.0189
[Row  19]              -0.1067               0.2696               0.2479               0.4812              -0.1448              -0.0026               0.0436              -0.1102              -0.1302               0.0816
[Row  20]               0.0145              -0.0420               0.0849              -0.0533               0.0789              -0.0026               0.0436               0.1102              -0.1302               0.0816
                  [Col 11]              [Col 12]              [Col 13]              [Col 14]              [Col 15]              [Col 16]              [Col 17]              [Col 18]              [Col 19]              [Col 20]
[Row   1]               0.0140              -0.0246              -0.0807               0.0019               0.0376               0.0173              -0.1083               0.0114              -0.1067               0.0145
[Row   2]              -0.0246              -0.0282               0.2010              -0.0120              -0.1763              -0.0580               0.2722              -0.0306               0.2696              -0.0420
[Row   3]               0.0807              -0.2010              -0.4872               0.0195               0.2639              -0.0065               0.2628               0.0794               0.2479               0.0849
[Row   4]               0.0019              -0.0120              -0.0195              -0.0113               0.0156              -0.0511              -0.4813               0.0626               0.4812              -0.0533
[Row   5]               0.0376              -0.1763              -0.2639               0.0156               0.0893              -0.1425              -0.0979               0.0925              -0.1448               0.0789
[Row   6]               0.0064               0.0020              -0.0047               0.0017              -0.0448              -0.0586               0.0249               0.0249              -0.0026              -0.0026
[Row   7]               0.0015              -0.1102              -0.0424               0.0009               0.1088               0.0844              -0.1216              -0.1216               0.0436               0.0436
[Row   8]               0.0703              -0.2716              -0.0872              -0.0276              -0.5135               0.0000              -0.1104               0.1104              -0.1102               0.1102
[Row   9]              -0.0055               0.0073              -0.0015               0.0092               0.0633               0.6248               0.1259               0.1259              -0.1302              -0.1302
[Row  10]               0.0570              -0.1160              -0.0105              -0.0340              -0.4477               0.1996              -0.0189              -0.0189               0.0816               0.0816
[Row  11]               2.0666              -0.2128               0.0121              -0.0013               0.0118               0.0173               0.0114              -0.1083               0.0145              -0.1067
[Row  12]              -0.2128               0.8492              -0.0310               0.0053              -0.0129              -0.0580              -0.0306               0.2722              -0.0420               0.2696
[Row  13]               0.0121              -0.0310               0.6201               0.0006              -0.1029               0.0065              -0.0794              -0.2628              -0.0849              -0.2479
[Row  14]              -0.0013               0.0053               0.0006               0.6634               0.0275              -0.0511               0.0626              -0.4813              -0.0533               0.4812
[Row  15]               0.0118              -0.0129              -0.1029               0.0275               0.7144              -0.1425               0.0925              -0.0979               0.0789              -0.1448
[Row  16]               0.0173              -0.0580               0.0065              -0.0511              -0.1425               0.5754               0.0874               0.0874              -0.0851              -0.0851
[Row  17]               0.0114              -0.0306              -0.0794               0.0626               0.0925               0.0874               0.5880              -0.0628              -0.1466               0.0591
[Row  18]              -0.1083               0.2722              -0.2628              -0.4813              -0.0979               0.0874              -0.0628               0.5880               0.0591              -0.1466
[Row  19]               0.0145              -0.0420              -0.0849              -0.0533               0.0789              -0.0851              -0.1466               0.0591               0.6016              -0.0644
[Row  20]              -0.1067               0.2696              -0.2479               0.4812              -0.1448              -0.0851               0.0591              -0.1466              -0.0644               0.6016
===== P_mu,nu local =====

                  [Col  1]              [Col  2]              [Col  3]              [Col  4]              [Col  5]              [Col  6]              [Col  7]              [Col  8]              [Col  9]              [Col 10]
[Row   1]               2.0666              -0.2128              -0.0121              -0.0013               0.0118               0.0064               0.0015              -0.0703              -0.0055               0.0570
[Row   2]              -0.2128               0.8492               0.0310               0.0053              -0.0129               0.0020              -0.1102               0.2716               0.0073              -0.1160
[Row   3]              -0.0121               0.0310               0.6201              -0.0006               0.1029               0.0047               0.0424              -0.0872               0.0015               0.0105
[Row   4]              -0.0013               0.0053              -0.0006               0.6634               0.0275               0.0017               0.0009               0.0276               0.0092              -0.0340
[Row   5]               0.0118              -0.0129               0.1029               0.0275               0.7144              -0.0448               0.1088               0.5135               0.0633              -0.4477
[Row   6]               0.0064               0.0020               0.0047               0.0017              -0.0448               2.0940              -0.3893               0.0000               0.0955              -0.0780
[Row   7]               0.0015              -0.1102               0.0424               0.0009               0.1088              -0.3893               1.7456              -0.0000              -0.5266               0.3922
[Row   8]              -0.0703               0.2716              -0.0872               0.0276               0.5135               0.0000              -0.0000               0.8899              -0.0000               0.0000
[Row   9]              -0.0055               0.0073               0.0015               0.0092               0.0633               0.0955              -0.5266              -0.0000               1.1628              -0.3325
[Row  10]               0.0570              -0.1160               0.0105              -0.0340              -0.4477              -0.0780               0.3922               0.0000              -0.3325               0.8442
[Row  11]               0.0140              -0.0246               0.0807               0.0019               0.0376               0.0064               0.0015               0.0703              -0.0055               0.0570
[Row  12]              -0.0246              -0.0282              -0.2010              -0.0120              -0.1763               0.0020              -0.1102              -0.2716               0.0073              -0.1160
[Row  13]              -0.0807               0.2010              -0.4872              -0.0195              -0.2639              -0.0047              -0.0424              -0.0872              -0.0015              -0.0105
[Row  14]               0.0019              -0.0120               0.0195              -0.0113               0.0156               0.0017               0.0009              -0.0276               0.0092              -0.0340
[Row  15]               0.0376              -0.1763               0.2639               0.0156               0.0893              -0.0448               0.1088              -0.5135               0.0633              -0.4477
[Row  16]               0.0173              -0.0580              -0.0065              -0.0511              -0.1425              -0.0586               0.0844               0.0000               0.6248               0.1996
[Row  17]              -0.1083               0.2722               0.2628              -0.4813              -0.0979               0.0249              -0.1216              -0.1104               0.1259              -0.0189
[Row  18]               0.0114              -0.0306               0.0794               0.0626               0.0925               0.0249              -0.1216               0.1104               0.1259              -0.0189
[Row  19]              -0.1067               0.2696               0.2479               0.4812              -0.1448              -0.0026               0.0436              -0.1102              -0.1302               0.0816
[Row  20]               0.0145              -0.0420               0.0849              -0.0533               0.0789              -0.0026               0.0436               0.1102              -0.1302               0.0816
                  [Col 11]              [Col 12]              [Col 13]              [Col 14]              [Col 15]              [Col 16]              [Col 17]              [Col 18]              [Col 19]              [Col 20]
[Row   1]               0.0140              -0.0246              -0.0807               0.0019               0.0376               0.0173              -0.1083               0.0114              -0.1067               0.0145
[Row   2]              -0.0246              -0.0282               0.2010              -0.0120              -0.1763              -0.0580               0.2722              -0.0306               0.2696              -0.0420
[Row   3]               0.0807              -0.2010              -0.4872               0.0195               0.2639              -0.0065               0.2628               0.0794               0.2479               0.0849
[Row   4]               0.0019              -0.0120              -0.0195              -0.0113               0.0156              -0.0511              -0.4813               0.0626               0.4812              -0.0533
[Row   5]               0.0376              -0.1763              -0.2639               0.0156               0.0893              -0.1425              -0.0979               0.0925              -0.1448               0.0789
[Row   6]               0.0064               0.0020              -0.0047               0.0017              -0.0448              -0.0586               0.0249               0.0249              -0.0026              -0.0026
[Row   7]               0.0015              -0.1102              -0.0424               0.0009               0.1088               0.0844              -0.1216              -0.1216               0.0436               0.0436
[Row   8]               0.0703              -0.2716              -0.0872              -0.0276              -0.5135               0.0000              -0.1104               0.1104              -0.1102               0.1102
[Row   9]              -0.0055               0.0073              -0.0015               0.0092               0.0633               0.6248               0.1259               0.1259              -0.1302              -0.1302
[Row  10]               0.0570              -0.1160              -0.0105              -0.0340              -0.4477               0.1996              -0.0189              -0.0189               0.0816               0.0816
[Row  11]               2.0666              -0.2128               0.0121              -0.0013               0.0118               0.0173               0.0114              -0.1083               0.0145              -0.1067
[Row  12]              -0.2128               0.8492              -0.0310               0.0053              -0.0129              -0.0580              -0.0306               0.2722              -0.0420               0.2696
[Row  13]               0.0121              -0.0310               0.6201               0.0006              -0.1029               0.0065              -0.0794              -0.2628              -0.0849              -0.2479
[Row  14]              -0.0013               0.0053               0.0006               0.6634               0.0275              -0.0511               0.0626              -0.4813              -0.0533               0.4812
[Row  15]               0.0118              -0.0129              -0.1029               0.0275               0.7144              -0.1425               0.0925              -0.0979               0.0789              -0.1448
[Row  16]               0.0173              -0.0580               0.0065              -0.0511              -0.1425               0.5754               0.0874               0.0874              -0.0851              -0.0851
[Row  17]               0.0114              -0.0306              -0.0794               0.0626               0.0925               0.0874               0.5880              -0.0628              -0.1466               0.0591
[Row  18]              -0.1083               0.2722              -0.2628              -0.4813              -0.0979               0.0874              -0.0628               0.5880               0.0591              -0.1466
[Row  19]               0.0145              -0.0420              -0.0849              -0.0533               0.0789              -0.0851              -0.1466               0.0591               0.6016              -0.0644
[Row  20]              -0.1067               0.2696              -0.2479               0.4812              -0.1448              -0.0851               0.0591              -0.1466              -0.0644               0.6016
===== P_mu,nu psi4 =====

                  [Col  1]              [Col  2]              [Col  3]              [Col  4]              [Col  5]              [Col  6]              [Col  7]              [Col  8]              [Col  9]              [Col 10]
[Row   1]               2.0666              -0.2128              -0.0121              -0.0013               0.0118               0.0064               0.0015              -0.0703              -0.0055               0.0570
[Row   2]              -0.2128               0.8492               0.0310               0.0053              -0.0129               0.0020              -0.1102               0.2716               0.0073              -0.1160
[Row   3]              -0.0121               0.0310               0.6201              -0.0006               0.1029               0.0047               0.0424              -0.0872               0.0015               0.0105
[Row   4]              -0.0013               0.0053              -0.0006               0.6634               0.0275               0.0017               0.0009               0.0276               0.0092              -0.0340
[Row   5]               0.0118              -0.0129               0.1029               0.0275               0.7144              -0.0448               0.1088               0.5135               0.0633              -0.4477
[Row   6]               0.0064               0.0020               0.0047               0.0017              -0.0448               2.0940              -0.3893               0.0000               0.0955              -0.0780
[Row   7]               0.0015              -0.1102               0.0424               0.0009               0.1088              -0.3893               1.7456              -0.0000              -0.5266               0.3922
[Row   8]              -0.0703               0.2716              -0.0872               0.0276               0.5135               0.0000              -0.0000               0.8899              -0.0000               0.0000
[Row   9]              -0.0055               0.0073               0.0015               0.0092               0.0633               0.0955              -0.5266              -0.0000               1.1628              -0.3325
[Row  10]               0.0570              -0.1160               0.0105              -0.0340              -0.4477              -0.0780               0.3922               0.0000              -0.3325               0.8442
[Row  11]               0.0140              -0.0246               0.0807               0.0019               0.0376               0.0064               0.0015               0.0703              -0.0055               0.0570
[Row  12]              -0.0246              -0.0282              -0.2010              -0.0120              -0.1763               0.0020              -0.1102              -0.2716               0.0073              -0.1160
[Row  13]              -0.0807               0.2010              -0.4872              -0.0195              -0.2639              -0.0047              -0.0424              -0.0872              -0.0015              -0.0105
[Row  14]               0.0019              -0.0120               0.0195              -0.0113               0.0156               0.0017               0.0009              -0.0276               0.0092              -0.0340
[Row  15]               0.0376              -0.1763               0.2639               0.0156               0.0893              -0.0448               0.1088              -0.5135               0.0633              -0.4477
[Row  16]               0.0173              -0.0580              -0.0065              -0.0511              -0.1425              -0.0586               0.0844               0.0000               0.6248               0.1996
[Row  17]              -0.1083               0.2722               0.2628              -0.4813              -0.0979               0.0249              -0.1216              -0.1104               0.1259              -0.0189
[Row  18]               0.0114              -0.0306               0.0794               0.0626               0.0925               0.0249              -0.1216               0.1104               0.1259              -0.0189
[Row  19]              -0.1067               0.2696               0.2479               0.4812              -0.1448              -0.0026               0.0436              -0.1102              -0.1302               0.0816
[Row  20]               0.0145              -0.0420               0.0849              -0.0533               0.0789              -0.0026               0.0436               0.1102              -0.1302               0.0816
                  [Col 11]              [Col 12]              [Col 13]              [Col 14]              [Col 15]              [Col 16]              [Col 17]              [Col 18]              [Col 19]              [Col 20]
[Row   1]               0.0140              -0.0246              -0.0807               0.0019               0.0376               0.0173              -0.1083               0.0114              -0.1067               0.0145
[Row   2]              -0.0246              -0.0282               0.2010              -0.0120              -0.1763              -0.0580               0.2722              -0.0306               0.2696              -0.0420
[Row   3]               0.0807              -0.2010              -0.4872               0.0195               0.2639              -0.0065               0.2628               0.0794               0.2479               0.0849
[Row   4]               0.0019              -0.0120              -0.0195              -0.0113               0.0156              -0.0511              -0.4813               0.0626               0.4812              -0.0533
[Row   5]               0.0376              -0.1763              -0.2639               0.0156               0.0893              -0.1425              -0.0979               0.0925              -0.1448               0.0789
[Row   6]               0.0064               0.0020              -0.0047               0.0017              -0.0448              -0.0586               0.0249               0.0249              -0.0026              -0.0026
[Row   7]               0.0015              -0.1102              -0.0424               0.0009               0.1088               0.0844              -0.1216              -0.1216               0.0436               0.0436
[Row   8]               0.0703              -0.2716              -0.0872              -0.0276              -0.5135               0.0000              -0.1104               0.1104              -0.1102               0.1102
[Row   9]              -0.0055               0.0073              -0.0015               0.0092               0.0633               0.6248               0.1259               0.1259              -0.1302              -0.1302
[Row  10]               0.0570              -0.1160              -0.0105              -0.0340              -0.4477               0.1996              -0.0189              -0.0189               0.0816               0.0816
[Row  11]               2.0666              -0.2128               0.0121              -0.0013               0.0118               0.0173               0.0114              -0.1083               0.0145              -0.1067
[Row  12]              -0.2128               0.8492              -0.0310               0.0053              -0.0129              -0.0580              -0.0306               0.2722              -0.0420               0.2696
[Row  13]               0.0121              -0.0310               0.6201               0.0006              -0.1029               0.0065              -0.0794              -0.2628              -0.0849              -0.2479
[Row  14]              -0.0013               0.0053               0.0006               0.6634               0.0275              -0.0511               0.0626              -0.4813              -0.0533               0.4812
[Row  15]               0.0118              -0.0129              -0.1029               0.0275               0.7144              -0.1425               0.0925              -0.0979               0.0789              -0.1448
[Row  16]               0.0173              -0.0580               0.0065              -0.0511              -0.1425               0.5754               0.0874               0.0874              -0.0851              -0.0851
[Row  17]               0.0114              -0.0306              -0.0794               0.0626               0.0925               0.0874               0.5880              -0.0628              -0.1466               0.0591
[Row  18]              -0.1083               0.2722              -0.2628              -0.4813              -0.0979               0.0874              -0.0628               0.5880               0.0591              -0.1466
[Row  19]               0.0145              -0.0420              -0.0849              -0.0533               0.0789              -0.0851              -0.1466               0.0591               0.6016              -0.0644
[Row  20]              -0.1067               0.2696              -0.2479               0.4812              -0.1448              -0.0851               0.0591              -0.1466              -0.0644               0.6016
====== P^(AO) = SPS =====

                  [Col  1]              [Col  2]              [Col  3]              [Col  4]              [Col  5]              [Col  6]              [Col  7]              [Col  8]              [Col  9]              [Col 10]
[Row   1]               1.9995               0.5054              -0.0016               0.0001               0.0015               0.0001               0.0454               0.0351               0.0001              -0.0648
[Row   2]               0.5054               1.8455               0.0210              -0.0019              -0.0362               0.0469               0.5972               0.3893               0.0021              -0.6075
[Row   3]              -0.0016               0.0210               1.5759              -0.0070              -0.0192              -0.0396              -0.3693               0.1154              -0.0057               0.4686
[Row   4]               0.0001              -0.0019              -0.0070               1.6471              -0.0079              -0.0001              -0.0075               0.0191               0.3498              -0.0291
[Row   5]               0.0015              -0.0362              -0.0192              -0.0079               1.4293               0.0643               0.6819               0.7646               0.0229              -0.6307
[Row   6]               0.0001               0.0469              -0.0396              -0.0001               0.0643               1.9997               0.4736              -0.0000               0.0048              -0.0052
[Row   7]               0.0454               0.5972              -0.3693              -0.0075               0.6819               0.4736               1.9549              -0.0000              -0.0614               0.0632
[Row   8]               0.0351               0.3893               0.1154               0.0191               0.7646              -0.0000              -0.0000               1.5215              -0.0000               0.0000
[Row   9]               0.0001               0.0021              -0.0057               0.3498               0.0229               0.0048              -0.0614              -0.0000               1.7592              -0.1105
[Row  10]              -0.0648              -0.6075               0.4686              -0.0291              -0.6307              -0.0052               0.0632               0.0000              -0.1105               1.5978
[Row  11]               0.0001               0.0600              -0.0976               0.0002               0.0030               0.0001               0.0454              -0.0351               0.0001              -0.0648
[Row  12]               0.0600               0.6771              -0.8094              -0.0045              -0.0592               0.0469               0.5972              -0.3893               0.0021              -0.6075
[Row  13]               0.0976               0.8094              -0.9099              -0.0128              -0.1746               0.0396               0.3693               0.1154               0.0057              -0.4686
[Row  14]               0.0002              -0.0045               0.0128               0.3789               0.0111              -0.0001              -0.0075              -0.0191               0.3498              -0.0291
[Row  15]               0.0030              -0.0592               0.1746               0.0111               0.5110               0.0643               0.6819              -0.7646               0.0229              -0.6307
[Row  16]               0.0145               0.2195              -0.0924               0.1519               0.1717               0.1068               1.0818               0.0000               1.1256               0.4563
[Row  17]               0.1187               1.1210               0.6068              -1.0368              -0.2420               0.0090               0.1349               0.0880              -0.0580              -0.1418
[Row  18]               0.0093               0.1701              -0.1802              -0.1085               0.0042               0.0090               0.1349              -0.0880              -0.0580              -0.1418
[Row  19]               0.1181               1.1187               0.5737               1.0276              -0.3476               0.0071               0.1441               0.0648               0.0594              -0.0860
[Row  20]               0.0098               0.1766              -0.1882               0.1149              -0.0171               0.0071               0.1441              -0.0648               0.0594              -0.0860
                  [Col 11]              [Col 12]              [Col 13]              [Col 14]              [Col 15]              [Col 16]              [Col 17]              [Col 18]              [Col 19]              [Col 20]
[Row   1]               0.0001               0.0600               0.0976               0.0002               0.0030               0.0145               0.1187               0.0093               0.1181               0.0098
[Row   2]               0.0600               0.6771               0.8094              -0.0045              -0.0592               0.2195               1.1210               0.1701               1.1187               0.1766
[Row   3]              -0.0976              -0.8094              -0.9099               0.0128               0.1746              -0.0924               0.6068              -0.1802               0.5737              -0.1882
[Row   4]               0.0002              -0.0045              -0.0128               0.3789               0.0111               0.1519              -1.0368              -0.1085               1.0276               0.1149
[Row   5]               0.0030              -0.0592              -0.1746               0.0111               0.5110               0.1717              -0.2420               0.0042              -0.3476              -0.0171
[Row   6]               0.0001               0.0469               0.0396              -0.0001               0.0643               0.1068               0.0090               0.0090               0.0071               0.0071
[Row   7]               0.0454               0.5972               0.3693              -0.0075               0.6819               1.0818               0.1349               0.1349               0.1441               0.1441
[Row   8]              -0.0351              -0.3893               0.1154              -0.0191              -0.7646               0.0000               0.0880              -0.0880               0.0648              -0.0648
[Row   9]               0.0001               0.0021               0.0057               0.3498               0.0229               1.1256              -0.0580              -0.0580               0.0594               0.0594
[Row  10]              -0.0648              -0.6075              -0.4686              -0.0291              -0.6307               0.4563              -0.1418              -0.1418              -0.0860              -0.0860
[Row  11]               1.9995               0.5054               0.0016               0.0001               0.0015               0.0145               0.0093               0.1187               0.0098               0.1181
[Row  12]               0.5054               1.8455              -0.0210              -0.0019              -0.0362               0.2195               0.1701               1.1210               0.1766               1.1187
[Row  13]               0.0016              -0.0210               1.5759               0.0070               0.0192               0.0924               0.1802              -0.6068               0.1882              -0.5737
[Row  14]               0.0001              -0.0019               0.0070               1.6471              -0.0079               0.1519              -0.1085              -1.0368               0.1149               1.0276
[Row  15]               0.0015              -0.0362               0.0192              -0.0079               1.4293               0.1717               0.0042              -0.2420              -0.0171              -0.3476
[Row  16]               0.0145               0.2195               0.0924               0.1519               0.1717               1.5408               0.0737               0.0737               0.0930               0.0930
[Row  17]               0.0093               0.1701               0.1802              -0.1085               0.0042               0.0737               1.6320               0.0548               0.2922               0.0560
[Row  18]               0.1187               1.1210              -0.6068              -1.0368              -0.2420               0.0737               0.0548               1.6320               0.0560               0.2922
[Row  19]               0.0098               0.1766               0.1882               0.1149              -0.0171               0.0930               0.2922               0.0560               1.6355               0.0641
[Row  20]               0.1181               1.1187              -0.5737               1.0276              -0.3476               0.0930               0.0560               0.2922               0.0641               1.6355
====== S^(AO) = S =====

                  [Col  1]              [Col  2]              [Col  3]              [Col  4]              [Col  5]              [Col  6]              [Col  7]              [Col  8]              [Col  9]              [Col 10]
[Row   1]               1.0000               0.2484              -0.0000               0.0000               0.0000               0.0000               0.0233               0.0201               0.0000              -0.0346
[Row   2]               0.2484               1.0000               0.0000               0.0000               0.0000               0.0245               0.2858               0.1516               0.0000              -0.2608
[Row   3]              -0.0000               0.0000               1.0000               0.0000               0.0000              -0.0205              -0.1746               0.0384              -0.0000               0.2007
[Row   4]               0.0000               0.0000               0.0000               1.0000               0.0000               0.0000              -0.0000               0.0000               0.1550              -0.0000
[Row   5]               0.0000               0.0000               0.0000               0.0000               1.0000               0.0353               0.3005               0.2007               0.0000              -0.1903
[Row   6]               0.0000               0.0245              -0.0205               0.0000               0.0353               1.0000               0.2350               0.0000              -0.0000              -0.0000
[Row   7]               0.0233               0.2858              -0.1746              -0.0000               0.3005               0.2350               1.0000               0.0000              -0.0000              -0.0000
[Row   8]               0.0201               0.1516               0.0384               0.0000               0.2007               0.0000               0.0000               1.0000               0.0000               0.0000
[Row   9]               0.0000               0.0000              -0.0000               0.1550               0.0000              -0.0000              -0.0000               0.0000               1.0000              -0.0000
[Row  10]              -0.0346              -0.2608               0.2007              -0.0000              -0.1903              -0.0000              -0.0000               0.0000              -0.0000               1.0000
[Row  11]               0.0000               0.0310              -0.0516               0.0000              -0.0000               0.0000               0.0233              -0.0201              -0.0000              -0.0346
[Row  12]               0.0310               0.3264              -0.3590               0.0000               0.0000               0.0245               0.2858              -0.1516              -0.0000              -0.2608
[Row  13]               0.0516               0.3590              -0.3221               0.0000               0.0000               0.0205               0.1746               0.0384              -0.0000              -0.2007
[Row  14]               0.0000               0.0000              -0.0000               0.1843               0.0000              -0.0000              -0.0000               0.0000               0.1550               0.0000
[Row  15]              -0.0000               0.0000              -0.0000               0.0000               0.1843               0.0353               0.3005              -0.2007              -0.0000              -0.1903
[Row  16]               0.0070               0.1174              -0.0533               0.0678               0.1200               0.0573               0.4898               0.0000               0.4031               0.1683
[Row  17]               0.0630               0.4938               0.2338              -0.3966              -0.0898               0.0041               0.0739               0.0540              -0.0387              -0.0625
[Row  18]               0.0045               0.0852              -0.1013              -0.0460              -0.0104               0.0041               0.0739              -0.0540              -0.0387              -0.0625
[Row  19]               0.0628               0.4927               0.2197               0.3914              -0.1341               0.0036               0.0668               0.0471               0.0342              -0.0597
[Row  20]               0.0047               0.0884              -0.1040               0.0475              -0.0163               0.0036               0.0668              -0.0471               0.0342              -0.0597
                  [Col 11]              [Col 12]              [Col 13]              [Col 14]              [Col 15]              [Col 16]              [Col 17]              [Col 18]              [Col 19]              [Col 20]
[Row   1]               0.0000               0.0310               0.0516               0.0000              -0.0000               0.0070               0.0630               0.0045               0.0628               0.0047
[Row   2]               0.0310               0.3264               0.3590               0.0000               0.0000               0.1174               0.4938               0.0852               0.4927               0.0884
[Row   3]              -0.0516              -0.3590              -0.3221              -0.0000              -0.0000              -0.0533               0.2338              -0.1013               0.2197              -0.1040
[Row   4]               0.0000               0.0000               0.0000               0.1843               0.0000               0.0678              -0.3966              -0.0460               0.3914               0.0475
[Row   5]              -0.0000               0.0000               0.0000               0.0000               0.1843               0.1200              -0.0898              -0.0104              -0.1341              -0.0163
[Row   6]               0.0000               0.0245               0.0205              -0.0000               0.0353               0.0573               0.0041               0.0041               0.0036               0.0036
[Row   7]               0.0233               0.2858               0.1746              -0.0000               0.3005               0.4898               0.0739               0.0739               0.0668               0.0668
[Row   8]              -0.0201              -0.1516               0.0384               0.0000              -0.2007               0.0000               0.0540              -0.0540               0.0471              -0.0471
[Row   9]              -0.0000              -0.0000              -0.0000               0.1550              -0.0000               0.4031              -0.0387              -0.0387               0.0342               0.0342
[Row  10]              -0.0346              -0.2608              -0.2007               0.0000              -0.1903               0.1683              -0.0625              -0.0625              -0.0597              -0.0597
[Row  11]               1.0000               0.2484               0.0000               0.0000               0.0000               0.0070               0.0045               0.0630               0.0047               0.0628
[Row  12]               0.2484               1.0000              -0.0000               0.0000               0.0000               0.1174               0.0852               0.4938               0.0884               0.4927
[Row  13]               0.0000              -0.0000               1.0000               0.0000              -0.0000               0.0533               0.1013              -0.2338               0.1040              -0.2197
[Row  14]               0.0000               0.0000               0.0000               1.0000               0.0000               0.0678              -0.0460              -0.3966               0.0475               0.3914
[Row  15]               0.0000               0.0000              -0.0000               0.0000               1.0000               0.1200              -0.0104              -0.0898              -0.0163              -0.1341
[Row  16]               0.0070               0.1174               0.0533               0.0678               0.1200               1.0000               0.0210               0.0210               0.0666               0.0666
[Row  17]               0.0045               0.0852               0.1013              -0.0460              -0.0104               0.0210               1.0000               0.0442               0.1570               0.0141
[Row  18]               0.0630               0.4938              -0.2338              -0.3966              -0.0898               0.0210               0.0442               1.0000               0.0141               0.1570
[Row  19]               0.0047               0.0884               0.1040               0.0475              -0.0163               0.0666               0.1570               0.0141               1.0000               0.0497
[Row  20]               0.0628               0.4927              -0.2197               0.3914              -0.1341               0.0666               0.0141               0.1570               0.0497               1.0000
====== P^(AO) std gaussian m_l ordering SPS =====

                  [Col  1]              [Col  2]              [Col  3]              [Col  4]              [Col  5]              [Col  6]              [Col  7]              [Col  8]              [Col  9]              [Col 10]
[Row   1]               1.9995               0.5054               0.0001               0.0015              -0.0016               0.0001               0.0454               0.0001              -0.0648               0.0351
[Row   2]               0.5054               1.8455              -0.0019              -0.0362               0.0210               0.0469               0.5972               0.0021              -0.6075               0.3893
[Row   3]               0.0001              -0.0019               1.6471              -0.0079              -0.0070              -0.0001              -0.0075               0.3498              -0.0291               0.0191
[Row   4]               0.0015              -0.0362              -0.0079               1.4293              -0.0192               0.0643               0.6819               0.0229              -0.6307               0.7646
[Row   5]              -0.0016               0.0210              -0.0070              -0.0192               1.5759              -0.0396              -0.3693              -0.0057               0.4686               0.1154
[Row   6]               0.0001               0.0469              -0.0001               0.0643              -0.0396               1.9997               0.4736               0.0048              -0.0052              -0.0000
[Row   7]               0.0454               0.5972              -0.0075               0.6819              -0.3693               0.4736               1.9549              -0.0614               0.0632              -0.0000
[Row   8]               0.0001               0.0021               0.3498               0.0229              -0.0057               0.0048              -0.0614               1.7592              -0.1105              -0.0000
[Row   9]              -0.0648              -0.6075              -0.0291              -0.6307               0.4686              -0.0052               0.0632              -0.1105               1.5978               0.0000
[Row  10]               0.0351               0.3893               0.0191               0.7646               0.1154              -0.0000              -0.0000              -0.0000               0.0000               1.5215
[Row  11]               0.0001               0.0600               0.0002               0.0030              -0.0976               0.0001               0.0454               0.0001              -0.0648              -0.0351
[Row  12]               0.0600               0.6771              -0.0045              -0.0592              -0.8094               0.0469               0.5972               0.0021              -0.6075              -0.3893
[Row  13]               0.0002              -0.0045               0.3789               0.0111               0.0128              -0.0001              -0.0075               0.3498              -0.0291              -0.0191
[Row  14]               0.0030              -0.0592               0.0111               0.5110               0.1746               0.0643               0.6819               0.0229              -0.6307              -0.7646
[Row  15]               0.0976               0.8094              -0.0128              -0.1746              -0.9099               0.0396               0.3693               0.0057              -0.4686               0.1154
[Row  16]               0.0145               0.2195               0.1519               0.1717              -0.0924               0.1068               1.0818               1.1256               0.4563               0.0000
[Row  17]               0.1187               1.1210              -1.0368              -0.2420               0.6068               0.0090               0.1349              -0.0580              -0.1418               0.0880
[Row  18]               0.0093               0.1701              -0.1085               0.0042              -0.1802               0.0090               0.1349              -0.0580              -0.1418              -0.0880
[Row  19]               0.1181               1.1187               1.0276              -0.3476               0.5737               0.0071               0.1441               0.0594              -0.0860               0.0648
[Row  20]               0.0098               0.1766               0.1149              -0.0171              -0.1882               0.0071               0.1441               0.0594              -0.0860              -0.0648
                  [Col 11]              [Col 12]              [Col 13]              [Col 14]              [Col 15]              [Col 16]              [Col 17]              [Col 18]              [Col 19]              [Col 20]
[Row   1]               0.0001               0.0600               0.0002               0.0030               0.0976               0.0145               0.1187               0.0093               0.1181               0.0098
[Row   2]               0.0600               0.6771              -0.0045              -0.0592               0.8094               0.2195               1.1210               0.1701               1.1187               0.1766
[Row   3]               0.0002              -0.0045               0.3789               0.0111              -0.0128               0.1519              -1.0368              -0.1085               1.0276               0.1149
[Row   4]               0.0030              -0.0592               0.0111               0.5110              -0.1746               0.1717              -0.2420               0.0042              -0.3476              -0.0171
[Row   5]              -0.0976              -0.8094               0.0128               0.1746              -0.9099              -0.0924               0.6068              -0.1802               0.5737              -0.1882
[Row   6]               0.0001               0.0469              -0.0001               0.0643               0.0396               0.1068               0.0090               0.0090               0.0071               0.0071
[Row   7]               0.0454               0.5972              -0.0075               0.6819               0.3693               1.0818               0.1349               0.1349               0.1441               0.1441
[Row   8]               0.0001               0.0021               0.3498               0.0229               0.0057               1.1256              -0.0580              -0.0580               0.0594               0.0594
[Row   9]              -0.0648              -0.6075              -0.0291              -0.6307              -0.4686               0.4563              -0.1418              -0.1418              -0.0860              -0.0860
[Row  10]              -0.0351              -0.3893              -0.0191              -0.7646               0.1154               0.0000               0.0880              -0.0880               0.0648              -0.0648
[Row  11]               1.9995               0.5054               0.0001               0.0015               0.0016               0.0145               0.0093               0.1187               0.0098               0.1181
[Row  12]               0.5054               1.8455              -0.0019              -0.0362              -0.0210               0.2195               0.1701               1.1210               0.1766               1.1187
[Row  13]               0.0001              -0.0019               1.6471              -0.0079               0.0070               0.1519              -0.1085              -1.0368               0.1149               1.0276
[Row  14]               0.0015              -0.0362              -0.0079               1.4293               0.0192               0.1717               0.0042              -0.2420              -0.0171              -0.3476
[Row  15]               0.0016              -0.0210               0.0070               0.0192               1.5759               0.0924               0.1802              -0.6068               0.1882              -0.5737
[Row  16]               0.0145               0.2195               0.1519               0.1717               0.0924               1.5408               0.0737               0.0737               0.0930               0.0930
[Row  17]               0.0093               0.1701              -0.1085               0.0042               0.1802               0.0737               1.6320               0.0548               0.2922               0.0560
[Row  18]               0.1187               1.1210              -1.0368              -0.2420              -0.6068               0.0737               0.0548               1.6320               0.0560               0.2922
[Row  19]               0.0098               0.1766               0.1149              -0.0171               0.1882               0.0930               0.2922               0.0560               1.6355               0.0641
[Row  20]               0.1181               1.1187               1.0276              -0.3476              -0.5737               0.0930               0.0560               0.2922               0.0641               1.6355
====== S^(AO) std gaussian m_l ordering =====

                  [Col  1]              [Col  2]              [Col  3]              [Col  4]              [Col  5]              [Col  6]              [Col  7]              [Col  8]              [Col  9]              [Col 10]
[Row   1]               1.0000               0.2484               0.0000               0.0000              -0.0000               0.0000               0.0233               0.0000              -0.0346               0.0201
[Row   2]               0.2484               1.0000               0.0000               0.0000               0.0000               0.0245               0.2858               0.0000              -0.2608               0.1516
[Row   3]               0.0000               0.0000               1.0000               0.0000               0.0000               0.0000              -0.0000               0.1550              -0.0000               0.0000
[Row   4]               0.0000               0.0000               0.0000               1.0000               0.0000               0.0353               0.3005               0.0000              -0.1903               0.2007
[Row   5]              -0.0000               0.0000               0.0000               0.0000               1.0000              -0.0205              -0.1746              -0.0000               0.2007               0.0384
[Row   6]               0.0000               0.0245               0.0000               0.0353              -0.0205               1.0000               0.2350              -0.0000              -0.0000               0.0000
[Row   7]               0.0233               0.2858              -0.0000               0.3005              -0.1746               0.2350               1.0000              -0.0000              -0.0000               0.0000
[Row   8]               0.0000               0.0000               0.1550               0.0000              -0.0000              -0.0000              -0.0000               1.0000              -0.0000               0.0000
[Row   9]              -0.0346              -0.2608              -0.0000              -0.1903               0.2007              -0.0000              -0.0000              -0.0000               1.0000               0.0000
[Row  10]               0.0201               0.1516               0.0000               0.2007               0.0384               0.0000               0.0000               0.0000               0.0000               1.0000
[Row  11]               0.0000               0.0310               0.0000              -0.0000              -0.0516               0.0000               0.0233              -0.0000              -0.0346              -0.0201
[Row  12]               0.0310               0.3264               0.0000               0.0000              -0.3590               0.0245               0.2858              -0.0000              -0.2608              -0.1516
[Row  13]               0.0000               0.0000               0.1843               0.0000              -0.0000              -0.0000              -0.0000               0.1550               0.0000               0.0000
[Row  14]              -0.0000               0.0000               0.0000               0.1843              -0.0000               0.0353               0.3005              -0.0000              -0.1903              -0.2007
[Row  15]               0.0516               0.3590               0.0000               0.0000              -0.3221               0.0205               0.1746              -0.0000              -0.2007               0.0384
[Row  16]               0.0070               0.1174               0.0678               0.1200              -0.0533               0.0573               0.4898               0.4031               0.1683               0.0000
[Row  17]               0.0630               0.4938              -0.3966              -0.0898               0.2338               0.0041               0.0739              -0.0387              -0.0625               0.0540
[Row  18]               0.0045               0.0852              -0.0460              -0.0104              -0.1013               0.0041               0.0739              -0.0387              -0.0625              -0.0540
[Row  19]               0.0628               0.4927               0.3914              -0.1341               0.2197               0.0036               0.0668               0.0342              -0.0597               0.0471
[Row  20]               0.0047               0.0884               0.0475              -0.0163              -0.1040               0.0036               0.0668               0.0342              -0.0597              -0.0471
                  [Col 11]              [Col 12]              [Col 13]              [Col 14]              [Col 15]              [Col 16]              [Col 17]              [Col 18]              [Col 19]              [Col 20]
[Row   1]               0.0000               0.0310               0.0000              -0.0000               0.0516               0.0070               0.0630               0.0045               0.0628               0.0047
[Row   2]               0.0310               0.3264               0.0000               0.0000               0.3590               0.1174               0.4938               0.0852               0.4927               0.0884
[Row   3]               0.0000               0.0000               0.1843               0.0000               0.0000               0.0678              -0.3966              -0.0460               0.3914               0.0475
[Row   4]              -0.0000               0.0000               0.0000               0.1843               0.0000               0.1200              -0.0898              -0.0104              -0.1341              -0.0163
[Row   5]              -0.0516              -0.3590              -0.0000              -0.0000              -0.3221              -0.0533               0.2338              -0.1013               0.2197              -0.1040
[Row   6]               0.0000               0.0245              -0.0000               0.0353               0.0205               0.0573               0.0041               0.0041               0.0036               0.0036
[Row   7]               0.0233               0.2858              -0.0000               0.3005               0.1746               0.4898               0.0739               0.0739               0.0668               0.0668
[Row   8]              -0.0000              -0.0000               0.1550              -0.0000              -0.0000               0.4031              -0.0387              -0.0387               0.0342               0.0342
[Row   9]              -0.0346              -0.2608               0.0000              -0.1903              -0.2007               0.1683              -0.0625              -0.0625              -0.0597              -0.0597
[Row  10]              -0.0201              -0.1516               0.0000              -0.2007               0.0384               0.0000               0.0540              -0.0540               0.0471              -0.0471
[Row  11]               1.0000               0.2484               0.0000               0.0000               0.0000               0.0070               0.0045               0.0630               0.0047               0.0628
[Row  12]               0.2484               1.0000               0.0000               0.0000              -0.0000               0.1174               0.0852               0.4938               0.0884               0.4927
[Row  13]               0.0000               0.0000               1.0000               0.0000               0.0000               0.0678              -0.0460              -0.3966               0.0475               0.3914
[Row  14]               0.0000               0.0000               0.0000               1.0000              -0.0000               0.1200              -0.0104              -0.0898              -0.0163              -0.1341
[Row  15]               0.0000              -0.0000               0.0000              -0.0000               1.0000               0.0533               0.1013              -0.2338               0.1040              -0.2197
[Row  16]               0.0070               0.1174               0.0678               0.1200               0.0533               1.0000               0.0210               0.0210               0.0666               0.0666
[Row  17]               0.0045               0.0852              -0.0460              -0.0104               0.1013               0.0210               1.0000               0.0442               0.1570               0.0141
[Row  18]               0.0630               0.4938              -0.3966              -0.0898              -0.2338               0.0210               0.0442               1.0000               0.0141               0.1570
[Row  19]               0.0047               0.0884               0.0475              -0.0163               0.1040               0.0666               0.1570               0.0141               1.0000               0.0497
[Row  20]               0.0628               0.4927               0.3914              -0.1341              -0.2197               0.0666               0.0141               0.1570               0.0497               1.0000
