molecule mol102.xyz
System:, atNum: 8 coords [             -1.9671              -0.8247               0.0000]
System:, atNum: 6 coords [              0.0000               0.8011               0.0000]
System:, atNum: 8 coords [              2.2098               0.1960               0.0000]
System:, atNum: 1 coords [             -1.2275              -2.5230               0.0000]
System:, atNum: 1 coords [             -0.7140               2.7457               0.0000]
===== Original AO-S matrix =====

                  [Col  1]              [Col  2]              [Col  3]              [Col  4]              [Col  5]              [Col  6]              [Col  7]              [Col  8]              [Col  9]              [Col 10]
[Row   1]               1.0000               0.2367               0.0000              -0.0000               0.0000               0.0000               0.0266               0.0000              -0.0341              -0.0282
[Row   2]               0.2367               1.0000               0.0000              -0.0000              -0.0000               0.0227               0.2918               0.0000              -0.2894              -0.2392
[Row   3]               0.0000               0.0000               1.0000               0.0000               0.0000               0.0000               0.0000               0.1575               0.0000               0.0000
[Row   4]              -0.0000              -0.0000               0.0000               1.0000               0.0000               0.0306               0.2133               0.0000              -0.1144              -0.2247
[Row   5]               0.0000              -0.0000               0.0000               0.0000               1.0000               0.0253               0.1763               0.0000              -0.2247              -0.0282
[Row   6]               0.0000               0.0227               0.0000               0.0306               0.0253               1.0000               0.2484               0.0000               0.0000               0.0000
[Row   7]               0.0266               0.2918               0.0000               0.2133               0.1763               0.2484               1.0000               0.0000               0.0000              -0.0000
[Row   8]               0.0000               0.0000               0.1575               0.0000               0.0000               0.0000               0.0000               1.0000               0.0000               0.0000
[Row   9]              -0.0341              -0.2894               0.0000              -0.1144              -0.2247               0.0000               0.0000               0.0000               1.0000               0.0000
[Row  10]              -0.0282              -0.2392               0.0000              -0.2247              -0.0282               0.0000              -0.0000               0.0000               0.0000               1.0000
[Row  11]               0.0000               0.0002               0.0000               0.0005               0.0001               0.0000               0.0368               0.0000               0.0597              -0.0164
[Row  12]               0.0002               0.0167               0.0000               0.0271               0.0066               0.0363               0.3635               0.0000               0.4268              -0.1169
[Row  13]               0.0000               0.0000               0.0062               0.0000               0.0000               0.0000               0.0000               0.2105               0.0000               0.0000
[Row  14]              -0.0005              -0.0271               0.0000              -0.0409              -0.0115              -0.0587              -0.3102               0.0000              -0.2770               0.1335
[Row  15]              -0.0001              -0.0066               0.0000              -0.0115               0.0034               0.0161               0.0849               0.0000               0.1335               0.1740
[Row  16]               0.0511               0.4598               0.0000               0.1539              -0.3533               0.0107               0.1589               0.0000              -0.0664              -0.1797
[Row  17]               0.0050               0.0755               0.0000               0.0277               0.0790               0.0614               0.4872               0.0000              -0.1603               0.4366
                  [Col 11]              [Col 12]              [Col 13]              [Col 14]              [Col 15]              [Col 16]              [Col 17]
[Row   1]               0.0000               0.0002               0.0000              -0.0005              -0.0001               0.0511               0.0050
[Row   2]               0.0002               0.0167               0.0000              -0.0271              -0.0066               0.4598               0.0755
[Row   3]               0.0000               0.0000               0.0062               0.0000               0.0000               0.0000               0.0000
[Row   4]               0.0005               0.0271               0.0000              -0.0409              -0.0115               0.1539               0.0277
[Row   5]               0.0001               0.0066               0.0000              -0.0115               0.0034              -0.3533               0.0790
[Row   6]               0.0000               0.0363               0.0000              -0.0587               0.0161               0.0107               0.0614
[Row   7]               0.0368               0.3635               0.0000              -0.3102               0.0849               0.1589               0.4872
[Row   8]               0.0000               0.0000               0.2105               0.0000               0.0000               0.0000               0.0000
[Row   9]               0.0597               0.4268               0.0000              -0.2770               0.1335              -0.0664              -0.1603
[Row  10]              -0.0164              -0.1169               0.0000               0.1335               0.1740              -0.1797               0.4366
[Row  11]               1.0000               0.2367               0.0000               0.0000               0.0000               0.0022               0.0044
[Row  12]               0.2367               1.0000               0.0000               0.0000               0.0000               0.0384               0.0681
[Row  13]               0.0000               0.0000               1.0000               0.0000               0.0000               0.0000               0.0000
[Row  14]               0.0000               0.0000               0.0000               1.0000               0.0000              -0.0358              -0.0575
[Row  15]               0.0000               0.0000               0.0000               0.0000               1.0000              -0.0283               0.0501
[Row  16]               0.0022               0.0384               0.0000              -0.0358              -0.0283               1.0000               0.0275
[Row  17]               0.0044               0.0681               0.0000              -0.0575               0.0501               0.0275               1.0000
nbas 17
 ===== CA ===== 

                  [Col  1]              [Col  2]              [Col  3]              [Col  4]              [Col  5]              [Col  6]              [Col  7]              [Col  8]              [Col  9]              [Col 10]
[Row   1]               0.9941               0.0008              -0.0003               0.1655               0.1575               0.0397               0.0377               0.0621               0.0000               0.0770
[Row   2]               0.0266              -0.0002               0.0044              -0.5835              -0.5708              -0.1719              -0.1864              -0.3017              -0.0000              -0.4056
[Row   3]              -0.0000               0.0000               0.0000              -0.0000              -0.0000              -0.0000              -0.0000              -0.0000               0.6327              -0.0000
[Row   4]               0.0043              -0.0004               0.0018              -0.1152              -0.0657               0.0699               0.3338               0.2932               0.0000               0.5330
[Row   5]              -0.0006               0.0003               0.0019              -0.0050               0.0212               0.3463               0.3053              -0.3386              -0.0000              -0.2399
[Row   6]               0.0005              -0.0005              -0.9927               0.1307              -0.0435              -0.1582              -0.0133              -0.0782              -0.0000              -0.0018
[Row   7]              -0.0048               0.0073              -0.0317              -0.2993               0.0979               0.5123               0.0648               0.2578               0.0000               0.0087
[Row   8]               0.0000               0.0000              -0.0000              -0.0000               0.0000              -0.0000              -0.0000              -0.0000               0.5165               0.0000
[Row   9]               0.0037               0.0062              -0.0001              -0.0283               0.2129              -0.1952              -0.1240               0.2773               0.0000              -0.3006
[Row  10]               0.0030              -0.0018               0.0001               0.0852               0.0182               0.1720              -0.5021              -0.0620              -0.0000               0.1009
[Row  11]               0.0007              -0.9942              -0.0001               0.1316              -0.1763               0.0693               0.0082               0.1073               0.0000              -0.0454
[Row  12]               0.0002              -0.0262               0.0055              -0.4494               0.6197              -0.2939              -0.0397              -0.5421              -0.0000               0.2550
[Row  13]              -0.0000               0.0000               0.0000              -0.0000              -0.0000               0.0000              -0.0000              -0.0000               0.3800               0.0000
[Row  14]              -0.0002               0.0056              -0.0014               0.1192              -0.1162              -0.0889              -0.1329              -0.4711              -0.0000               0.4287
[Row  15]              -0.0006              -0.0015               0.0003              -0.0203               0.0378               0.0905              -0.3432               0.0937               0.0000              -0.2113
[Row  16]              -0.0057               0.0001               0.0015              -0.0891              -0.1003              -0.2536              -0.1997               0.2702               0.0000               0.2914
[Row  17]               0.0003              -0.0001               0.0065              -0.0328               0.0103               0.2861              -0.2679               0.0308              -0.0000               0.2421
                  [Col 11]              [Col 12]              [Col 13]              [Col 14]              [Col 15]              [Col 16]              [Col 17]
[Row   1]               0.0000               0.0027               0.0000               0.1188               0.0059               0.0624               0.0158
[Row   2]              -0.0000              -0.0187              -0.0000              -0.7753              -0.0572              -0.4107              -0.1147
[Row   3]               0.7176              -0.0000               0.3331              -0.0000              -0.0000               0.0000               0.0000
[Row   4]              -0.0000              -0.3791              -0.0000              -0.5189               0.0867              -0.5300              -0.0033
[Row   5]              -0.0000              -0.1265               0.0000               0.4294               0.6034              -0.5170              -0.3672
[Row   6]              -0.0000              -0.0067              -0.0000              -0.0988               0.1872              -0.0567               0.0613
[Row   7]               0.0000               0.0070               0.0000               0.5703              -1.1649               0.2874              -0.4491
[Row   8]              -0.2953               0.0000              -0.8484               0.0000               0.0000              -0.0000               0.0000
[Row   9]              -0.0000               0.0018              -0.0000              -0.3288               0.0931              -0.3103              -1.1986
[Row  10]               0.0000               0.0907              -0.0000               0.0383              -0.3671              -1.0496               0.3144
[Row  11]               0.0000               0.0032               0.0000               0.0104              -0.0430               0.0167              -0.1100
[Row  12]              -0.0000              -0.0134              -0.0000              -0.0421               0.2785              -0.1113               0.8344
[Row  13]              -0.6263               0.0000               0.7145              -0.0000              -0.0000               0.0000              -0.0000
[Row  14]              -0.0000              -0.2530              -0.0000               0.0725              -0.3422               0.2232              -0.8467
[Row  15]              -0.0000              -0.8433              -0.0000               0.0607               0.2089               0.2937               0.2417
[Row  16]               0.0000               0.0585               0.0000               0.9774               0.5284              -0.2263              -0.1371
[Row  17]               0.0000               0.2994              -0.0000              -0.5190               0.9374               0.5728              -0.2755
 ===== CB ===== 

                  [Col  1]              [Col  2]              [Col  3]              [Col  4]              [Col  5]              [Col  6]              [Col  7]              [Col  8]              [Col  9]              [Col 10]
[Row   1]               0.9941               0.0008              -0.0003               0.1655               0.1575               0.0397               0.0377               0.0621               0.0000               0.0770
[Row   2]               0.0266              -0.0002               0.0044              -0.5835              -0.5708              -0.1719              -0.1864              -0.3017              -0.0000              -0.4056
[Row   3]              -0.0000               0.0000               0.0000              -0.0000              -0.0000              -0.0000              -0.0000              -0.0000               0.6327              -0.0000
[Row   4]               0.0043              -0.0004               0.0018              -0.1152              -0.0657               0.0699               0.3338               0.2932               0.0000               0.5330
[Row   5]              -0.0006               0.0003               0.0019              -0.0050               0.0212               0.3463               0.3053              -0.3386              -0.0000              -0.2399
[Row   6]               0.0005              -0.0005              -0.9927               0.1307              -0.0435              -0.1582              -0.0133              -0.0782              -0.0000              -0.0018
[Row   7]              -0.0048               0.0073              -0.0317              -0.2993               0.0979               0.5123               0.0648               0.2578               0.0000               0.0087
[Row   8]               0.0000               0.0000              -0.0000              -0.0000               0.0000              -0.0000              -0.0000              -0.0000               0.5165               0.0000
[Row   9]               0.0037               0.0062              -0.0001              -0.0283               0.2129              -0.1952              -0.1240               0.2773               0.0000              -0.3006
[Row  10]               0.0030              -0.0018               0.0001               0.0852               0.0182               0.1720              -0.5021              -0.0620              -0.0000               0.1009
[Row  11]               0.0007              -0.9942              -0.0001               0.1316              -0.1763               0.0693               0.0082               0.1073               0.0000              -0.0454
[Row  12]               0.0002              -0.0262               0.0055              -0.4494               0.6197              -0.2939              -0.0397              -0.5421              -0.0000               0.2550
[Row  13]              -0.0000               0.0000               0.0000              -0.0000              -0.0000               0.0000              -0.0000              -0.0000               0.3800               0.0000
[Row  14]              -0.0002               0.0056              -0.0014               0.1192              -0.1162              -0.0889              -0.1329              -0.4711              -0.0000               0.4287
[Row  15]              -0.0006              -0.0015               0.0003              -0.0203               0.0378               0.0905              -0.3432               0.0937               0.0000              -0.2113
[Row  16]              -0.0057               0.0001               0.0015              -0.0891              -0.1003              -0.2536              -0.1997               0.2702               0.0000               0.2914
[Row  17]               0.0003              -0.0001               0.0065              -0.0328               0.0103               0.2861              -0.2679               0.0308              -0.0000               0.2421
                  [Col 11]              [Col 12]              [Col 13]              [Col 14]              [Col 15]              [Col 16]              [Col 17]
[Row   1]               0.0000               0.0027               0.0000               0.1188               0.0059               0.0624               0.0158
[Row   2]              -0.0000              -0.0187              -0.0000              -0.7753              -0.0572              -0.4107              -0.1147
[Row   3]               0.7176              -0.0000               0.3331              -0.0000              -0.0000               0.0000               0.0000
[Row   4]              -0.0000              -0.3791              -0.0000              -0.5189               0.0867              -0.5300              -0.0033
[Row   5]              -0.0000              -0.1265               0.0000               0.4294               0.6034              -0.5170              -0.3672
[Row   6]              -0.0000              -0.0067              -0.0000              -0.0988               0.1872              -0.0567               0.0613
[Row   7]               0.0000               0.0070               0.0000               0.5703              -1.1649               0.2874              -0.4491
[Row   8]              -0.2953               0.0000              -0.8484               0.0000               0.0000              -0.0000               0.0000
[Row   9]              -0.0000               0.0018              -0.0000              -0.3288               0.0931              -0.3103              -1.1986
[Row  10]               0.0000               0.0907              -0.0000               0.0383              -0.3671              -1.0496               0.3144
[Row  11]               0.0000               0.0032               0.0000               0.0104              -0.0430               0.0167              -0.1100
[Row  12]              -0.0000              -0.0134              -0.0000              -0.0421               0.2785              -0.1113               0.8344
[Row  13]              -0.6263               0.0000               0.7145              -0.0000              -0.0000               0.0000              -0.0000
[Row  14]              -0.0000              -0.2530              -0.0000               0.0725              -0.3422               0.2232              -0.8467
[Row  15]              -0.0000              -0.8433              -0.0000               0.0607               0.2089               0.2937               0.2417
[Row  16]               0.0000               0.0585               0.0000               0.9774               0.5284              -0.2263              -0.1371
[Row  17]               0.0000               0.2994              -0.0000              -0.5190               0.9374               0.5728              -0.2755
 ===== P_psi ===== Dalpha+Dbeta 

                  [Col  1]              [Col  2]              [Col  3]              [Col  4]              [Col  5]              [Col  6]              [Col  7]              [Col  8]              [Col  9]              [Col 10]
[Row   1]               2.1065              -0.4478              -0.0000               0.0968              -0.0253               0.0076               0.0011               0.0000               0.0284               0.0239
[Row   2]              -0.4478               1.9745               0.0000              -0.5340               0.1525              -0.0033              -0.1261              -0.0000              -0.0200              -0.0399
[Row   3]              -0.0000               0.0000               1.8306               0.0000               0.0000               0.0000              -0.0000               0.2298              -0.0000               0.0000
[Row   4]               0.0968              -0.5340               0.0000               1.2953              -0.1078              -0.1016               0.3260              -0.0000              -0.2907              -0.3307
[Row   5]              -0.0253               0.1525               0.0000              -0.1078               0.8036              -0.0692               0.2210              -0.0000              -0.2456              -0.2169
[Row   6]               0.0076              -0.0033               0.0000              -0.1016              -0.0692               2.0718              -0.2281               0.0000              -0.0030              -0.0125
[Row   7]               0.0011              -0.1261              -0.0000               0.3260               0.2210              -0.2281               0.8671               0.0000              -0.0196               0.0346
[Row   8]               0.0000              -0.0000               0.2298              -0.0000              -0.0000               0.0000               0.0000               0.7079               0.0000              -0.0000
[Row   9]               0.0284              -0.0200              -0.0000              -0.2907              -0.2456              -0.0030              -0.0196               0.0000               0.5339              -0.0345
[Row  10]               0.0239              -0.0399               0.0000              -0.3307              -0.2169              -0.0125               0.0346              -0.0000              -0.0345               0.6232
[Row  11]               0.0003              -0.0066              -0.0000               0.0209              -0.0082               0.0122              -0.0012              -0.0000              -0.0372               0.0134
[Row  12]              -0.0077               0.0537               0.0000              -0.0814               0.0512              -0.0042              -0.1919               0.0000              -0.0405               0.0011
[Row  13]              -0.0000               0.0000              -0.4181               0.0000               0.0000               0.0000              -0.0000               0.7624              -0.0000              -0.0000
[Row  14]              -0.0085               0.0196               0.0000               0.2591               0.0285               0.1512              -0.4412              -0.0000              -0.5084               0.2181
[Row  15]              -0.0402               0.2238               0.0000               0.2523               0.1062              -0.0312               0.1006              -0.0000               0.2430               0.1665
[Row  16]              -0.0289              -0.0218               0.0000               0.2895              -0.6384               0.0240              -0.1069               0.0000               0.0857               0.1304
[Row  17]               0.0382              -0.1981              -0.0000              -0.0835              -0.1774              -0.1156               0.3039               0.0000              -0.1664               0.4617
                  [Col 11]              [Col 12]              [Col 13]              [Col 14]              [Col 15]              [Col 16]              [Col 17]
[Row   1]               0.0003              -0.0077              -0.0000              -0.0085              -0.0402              -0.0289               0.0382
[Row   2]              -0.0066               0.0537               0.0000               0.0196               0.2238              -0.0218              -0.1981
[Row   3]              -0.0000               0.0000              -0.4181               0.0000               0.0000               0.0000              -0.0000
[Row   4]               0.0209              -0.0814               0.0000               0.2591               0.2523               0.2895              -0.0835
[Row   5]              -0.0082               0.0512               0.0000               0.0285               0.1062              -0.6384              -0.1774
[Row   6]               0.0122              -0.0042               0.0000               0.1512              -0.0312               0.0240              -0.1156
[Row   7]              -0.0012              -0.1919              -0.0000              -0.4412               0.1006              -0.1069               0.3039
[Row   8]              -0.0000               0.0000               0.7624              -0.0000              -0.0000               0.0000               0.0000
[Row   9]              -0.0372              -0.0405              -0.0000              -0.5084               0.2430               0.0857              -0.1664
[Row  10]               0.0134               0.0011              -0.0000               0.2181               0.1665               0.1304               0.4617
[Row  11]               2.1107              -0.4655              -0.0000              -0.0949               0.0250               0.0052               0.0098
[Row  12]              -0.4655               2.0677              -0.0000               0.5475              -0.1474              -0.0252              -0.0224
[Row  13]              -0.0000              -0.0000               1.0733               0.0000               0.0000              -0.0000               0.0000
[Row  14]              -0.0949               0.5475               0.0000               1.0459               0.2188               0.0659               0.0373
[Row  15]               0.0250              -0.1474               0.0000               0.2188               1.7847              -0.0838              -0.3637
[Row  16]               0.0052              -0.0252              -0.0000               0.0659              -0.0838               0.5670               0.1584
[Row  17]               0.0098              -0.0224               0.0000               0.0373              -0.3637               0.1584               0.6081
===== P_mu,nu local =====

                  [Col  1]              [Col  2]              [Col  3]              [Col  4]              [Col  5]              [Col  6]              [Col  7]              [Col  8]              [Col  9]              [Col 10]
[Row   1]               2.1065              -0.4478              -0.0000               0.0968              -0.0253               0.0076               0.0011               0.0000               0.0284               0.0239
[Row   2]              -0.4478               1.9745               0.0000              -0.5340               0.1525              -0.0033              -0.1261              -0.0000              -0.0200              -0.0399
[Row   3]              -0.0000               0.0000               1.8306               0.0000               0.0000               0.0000              -0.0000               0.2298              -0.0000               0.0000
[Row   4]               0.0968              -0.5340               0.0000               1.2953              -0.1078              -0.1016               0.3260              -0.0000              -0.2907              -0.3307
[Row   5]              -0.0253               0.1525               0.0000              -0.1078               0.8036              -0.0692               0.2210              -0.0000              -0.2456              -0.2169
[Row   6]               0.0076              -0.0033               0.0000              -0.1016              -0.0692               2.0718              -0.2281               0.0000              -0.0030              -0.0125
[Row   7]               0.0011              -0.1261              -0.0000               0.3260               0.2210              -0.2281               0.8671               0.0000              -0.0196               0.0346
[Row   8]               0.0000              -0.0000               0.2298              -0.0000              -0.0000               0.0000               0.0000               0.7079               0.0000              -0.0000
[Row   9]               0.0284              -0.0200              -0.0000              -0.2907              -0.2456              -0.0030              -0.0196               0.0000               0.5339              -0.0345
[Row  10]               0.0239              -0.0399               0.0000              -0.3307              -0.2169              -0.0125               0.0346              -0.0000              -0.0345               0.6232
[Row  11]               0.0003              -0.0066              -0.0000               0.0209              -0.0082               0.0122              -0.0012              -0.0000              -0.0372               0.0134
[Row  12]              -0.0077               0.0537               0.0000              -0.0814               0.0512              -0.0042              -0.1919               0.0000              -0.0405               0.0011
[Row  13]              -0.0000               0.0000              -0.4181               0.0000               0.0000               0.0000              -0.0000               0.7624              -0.0000              -0.0000
[Row  14]              -0.0085               0.0196               0.0000               0.2591               0.0285               0.1512              -0.4412              -0.0000              -0.5084               0.2181
[Row  15]              -0.0402               0.2238               0.0000               0.2523               0.1062              -0.0312               0.1006              -0.0000               0.2430               0.1665
[Row  16]              -0.0289              -0.0218               0.0000               0.2895              -0.6384               0.0240              -0.1069               0.0000               0.0857               0.1304
[Row  17]               0.0382              -0.1981              -0.0000              -0.0835              -0.1774              -0.1156               0.3039               0.0000              -0.1664               0.4617
                  [Col 11]              [Col 12]              [Col 13]              [Col 14]              [Col 15]              [Col 16]              [Col 17]
[Row   1]               0.0003              -0.0077              -0.0000              -0.0085              -0.0402              -0.0289               0.0382
[Row   2]              -0.0066               0.0537               0.0000               0.0196               0.2238              -0.0218              -0.1981
[Row   3]              -0.0000               0.0000              -0.4181               0.0000               0.0000               0.0000              -0.0000
[Row   4]               0.0209              -0.0814               0.0000               0.2591               0.2523               0.2895              -0.0835
[Row   5]              -0.0082               0.0512               0.0000               0.0285               0.1062              -0.6384              -0.1774
[Row   6]               0.0122              -0.0042               0.0000               0.1512              -0.0312               0.0240              -0.1156
[Row   7]              -0.0012              -0.1919              -0.0000              -0.4412               0.1006              -0.1069               0.3039
[Row   8]              -0.0000               0.0000               0.7624              -0.0000              -0.0000               0.0000               0.0000
[Row   9]              -0.0372              -0.0405              -0.0000              -0.5084               0.2430               0.0857              -0.1664
[Row  10]               0.0134               0.0011              -0.0000               0.2181               0.1665               0.1304               0.4617
[Row  11]               2.1107              -0.4655              -0.0000              -0.0949               0.0250               0.0052               0.0098
[Row  12]              -0.4655               2.0677              -0.0000               0.5475              -0.1474              -0.0252              -0.0224
[Row  13]              -0.0000              -0.0000               1.0733               0.0000               0.0000              -0.0000               0.0000
[Row  14]              -0.0949               0.5475               0.0000               1.0459               0.2188               0.0659               0.0373
[Row  15]               0.0250              -0.1474               0.0000               0.2188               1.7847              -0.0838              -0.3637
[Row  16]               0.0052              -0.0252              -0.0000               0.0659              -0.0838               0.5670               0.1584
[Row  17]               0.0098              -0.0224               0.0000               0.0373              -0.3637               0.1584               0.6081
===== P_mu,nu psi4 =====

                  [Col  1]              [Col  2]              [Col  3]              [Col  4]              [Col  5]              [Col  6]              [Col  7]              [Col  8]              [Col  9]              [Col 10]
[Row   1]               2.1065              -0.4478              -0.0000               0.0968              -0.0253               0.0076               0.0011               0.0000               0.0284               0.0239
[Row   2]              -0.4478               1.9745               0.0000              -0.5340               0.1525              -0.0033              -0.1261              -0.0000              -0.0200              -0.0399
[Row   3]              -0.0000               0.0000               1.8306               0.0000               0.0000               0.0000              -0.0000               0.2298              -0.0000               0.0000
[Row   4]               0.0968              -0.5340               0.0000               1.2953              -0.1078              -0.1016               0.3260              -0.0000              -0.2907              -0.3307
[Row   5]              -0.0253               0.1525               0.0000              -0.1078               0.8036              -0.0692               0.2210              -0.0000              -0.2456              -0.2169
[Row   6]               0.0076              -0.0033               0.0000              -0.1016              -0.0692               2.0718              -0.2281               0.0000              -0.0030              -0.0125
[Row   7]               0.0011              -0.1261              -0.0000               0.3260               0.2210              -0.2281               0.8671               0.0000              -0.0196               0.0346
[Row   8]               0.0000              -0.0000               0.2298              -0.0000              -0.0000               0.0000               0.0000               0.7079               0.0000              -0.0000
[Row   9]               0.0284              -0.0200              -0.0000              -0.2907              -0.2456              -0.0030              -0.0196               0.0000               0.5339              -0.0345
[Row  10]               0.0239              -0.0399               0.0000              -0.3307              -0.2169              -0.0125               0.0346              -0.0000              -0.0345               0.6232
[Row  11]               0.0003              -0.0066              -0.0000               0.0209              -0.0082               0.0122              -0.0012              -0.0000              -0.0372               0.0134
[Row  12]              -0.0077               0.0537               0.0000              -0.0814               0.0512              -0.0042              -0.1919               0.0000              -0.0405               0.0011
[Row  13]              -0.0000               0.0000              -0.4181               0.0000               0.0000               0.0000              -0.0000               0.7624              -0.0000              -0.0000
[Row  14]              -0.0085               0.0196               0.0000               0.2591               0.0285               0.1512              -0.4412              -0.0000              -0.5084               0.2181
[Row  15]              -0.0402               0.2238               0.0000               0.2523               0.1062              -0.0312               0.1006              -0.0000               0.2430               0.1665
[Row  16]              -0.0289              -0.0218               0.0000               0.2895              -0.6384               0.0240              -0.1069               0.0000               0.0857               0.1304
[Row  17]               0.0382              -0.1981              -0.0000              -0.0835              -0.1774              -0.1156               0.3039               0.0000              -0.1664               0.4617
                  [Col 11]              [Col 12]              [Col 13]              [Col 14]              [Col 15]              [Col 16]              [Col 17]
[Row   1]               0.0003              -0.0077              -0.0000              -0.0085              -0.0402              -0.0289               0.0382
[Row   2]              -0.0066               0.0537               0.0000               0.0196               0.2238              -0.0218              -0.1981
[Row   3]              -0.0000               0.0000              -0.4181               0.0000               0.0000               0.0000              -0.0000
[Row   4]               0.0209              -0.0814               0.0000               0.2591               0.2523               0.2895              -0.0835
[Row   5]              -0.0082               0.0512               0.0000               0.0285               0.1062              -0.6384              -0.1774
[Row   6]               0.0122              -0.0042               0.0000               0.1512              -0.0312               0.0240              -0.1156
[Row   7]              -0.0012              -0.1919              -0.0000              -0.4412               0.1006              -0.1069               0.3039
[Row   8]              -0.0000               0.0000               0.7624              -0.0000              -0.0000               0.0000               0.0000
[Row   9]              -0.0372              -0.0405              -0.0000              -0.5084               0.2430               0.0857              -0.1664
[Row  10]               0.0134               0.0011              -0.0000               0.2181               0.1665               0.1304               0.4617
[Row  11]               2.1107              -0.4655              -0.0000              -0.0949               0.0250               0.0052               0.0098
[Row  12]              -0.4655               2.0677              -0.0000               0.5475              -0.1474              -0.0252              -0.0224
[Row  13]              -0.0000              -0.0000               1.0733               0.0000               0.0000              -0.0000               0.0000
[Row  14]              -0.0949               0.5475               0.0000               1.0459               0.2188               0.0659               0.0373
[Row  15]               0.0250              -0.1474               0.0000               0.2188               1.7847              -0.0838              -0.3637
[Row  16]               0.0052              -0.0252              -0.0000               0.0659              -0.0838               0.5670               0.1584
[Row  17]               0.0098              -0.0224               0.0000               0.0373              -0.3637               0.1584               0.6081
====== P^(AO) = SPS =====

                  [Col  1]              [Col  2]              [Col  3]              [Col  4]              [Col  5]              [Col  6]              [Col  7]              [Col  8]              [Col  9]              [Col 10]
[Row   1]               1.9998               0.4752              -0.0000               0.0057              -0.0013               0.0001               0.0502               0.0000              -0.0637              -0.0520
[Row   2]               0.4752               1.9795               0.0000              -0.0630               0.0146               0.0442               0.6157              -0.0000              -0.6353              -0.5232
[Row   3]              -0.0000               0.0000               1.9169               0.0000               0.0000               0.0000              -0.0000               0.5782              -0.0000               0.0000
[Row   4]               0.0057              -0.0630               0.0000               1.7719              -0.0380               0.0557               0.5735               0.0000              -0.3856              -0.6669
[Row   5]              -0.0013               0.0146               0.0000              -0.0380               1.5850               0.0459               0.4500              -0.0000              -0.5898              -0.1553
[Row   6]               0.0001               0.0442               0.0000               0.0557               0.0459               1.9996               0.5056               0.0000              -0.0007              -0.0017
[Row   7]               0.0502               0.6157              -0.0000               0.5735               0.4500               0.5056               1.7826               0.0000               0.0064               0.0738
[Row   8]               0.0000              -0.0000               0.5782               0.0000              -0.0000               0.0000               0.0000               1.1665               0.0000              -0.0000
[Row   9]              -0.0637              -0.6353              -0.0000              -0.3856              -0.5898              -0.0007               0.0064               0.0000               1.5556              -0.0793
[Row  10]              -0.0520              -0.5232               0.0000              -0.6669              -0.1553              -0.0017               0.0738              -0.0000              -0.0793               1.5725
[Row  11]              -0.0000               0.0003              -0.0000               0.0020               0.0002               0.0001               0.0701              -0.0000               0.1142              -0.0310
[Row  12]               0.0003               0.0348               0.0000               0.0475               0.0163               0.0715               0.7566               0.0000               0.9074              -0.2491
[Row  13]              -0.0000               0.0000              -0.2069               0.0000               0.0000               0.0000              -0.0000               1.1156              -0.0000               0.0000
[Row  14]              -0.0016              -0.0527               0.0000              -0.0127               0.0094              -0.1110              -0.7894              -0.0000              -0.7632               0.3755
[Row  15]              -0.0020               0.0076               0.0000               0.0471               0.0317               0.0308               0.1964              -0.0000               0.3903               0.4750
[Row  16]               0.0950               1.0003               0.0000               0.4901              -1.0851               0.0221               0.2763               0.0000              -0.0597              -0.2998
[Row  17]               0.0112               0.1336               0.0000               0.0299               0.1352               0.1153               1.1278               0.0000              -0.3969               1.1186
                  [Col 11]              [Col 12]              [Col 13]              [Col 14]              [Col 15]              [Col 16]              [Col 17]
[Row   1]              -0.0000               0.0003              -0.0000              -0.0016              -0.0020               0.0950               0.0112
[Row   2]               0.0003               0.0348               0.0000              -0.0527               0.0076               1.0003               0.1336
[Row   3]              -0.0000               0.0000              -0.2069               0.0000               0.0000               0.0000               0.0000
[Row   4]               0.0020               0.0475               0.0000              -0.0127               0.0471               0.4901               0.0299
[Row   5]               0.0002               0.0163               0.0000               0.0094               0.0317              -1.0851               0.1352
[Row   6]               0.0001               0.0715               0.0000              -0.1110               0.0308               0.0221               0.1153
[Row   7]               0.0701               0.7566              -0.0000              -0.7894               0.1964               0.2763               1.1278
[Row   8]              -0.0000               0.0000               1.1156              -0.0000              -0.0000               0.0000               0.0000
[Row   9]               0.1142               0.9074              -0.0000              -0.7632               0.3903              -0.0597              -0.3969
[Row  10]              -0.0310              -0.2491               0.0000               0.3755               0.4750              -0.2998               1.1186
[Row  11]               1.9999               0.4746              -0.0000              -0.0057               0.0015               0.0043               0.0092
[Row  12]               0.4746               1.9887              -0.0000               0.0526              -0.0145               0.0761               0.1358
[Row  13]              -0.0000              -0.0000               1.4212               0.0000               0.0000              -0.0000               0.0000
[Row  14]              -0.0057               0.0526               0.0000               1.7446               0.0551              -0.0592              -0.1020
[Row  15]               0.0015              -0.0145               0.0000               0.0551               1.9278              -0.0996               0.0119
[Row  16]               0.0043               0.0761              -0.0000              -0.0592              -0.0996               1.4263               0.1151
[Row  17]               0.0092               0.1358               0.0000              -0.1020               0.0119               0.1151               1.6296
====== S^(AO) = S =====

                  [Col  1]              [Col  2]              [Col  3]              [Col  4]              [Col  5]              [Col  6]              [Col  7]              [Col  8]              [Col  9]              [Col 10]
[Row   1]               1.0000               0.2367               0.0000              -0.0000               0.0000               0.0000               0.0266               0.0000              -0.0341              -0.0282
[Row   2]               0.2367               1.0000               0.0000              -0.0000              -0.0000               0.0227               0.2918               0.0000              -0.2894              -0.2392
[Row   3]               0.0000               0.0000               1.0000               0.0000               0.0000               0.0000               0.0000               0.1575               0.0000               0.0000
[Row   4]              -0.0000              -0.0000               0.0000               1.0000               0.0000               0.0306               0.2133               0.0000              -0.1144              -0.2247
[Row   5]               0.0000              -0.0000               0.0000               0.0000               1.0000               0.0253               0.1763               0.0000              -0.2247              -0.0282
[Row   6]               0.0000               0.0227               0.0000               0.0306               0.0253               1.0000               0.2484               0.0000               0.0000               0.0000
[Row   7]               0.0266               0.2918               0.0000               0.2133               0.1763               0.2484               1.0000               0.0000               0.0000              -0.0000
[Row   8]               0.0000               0.0000               0.1575               0.0000               0.0000               0.0000               0.0000               1.0000               0.0000               0.0000
[Row   9]              -0.0341              -0.2894               0.0000              -0.1144              -0.2247               0.0000               0.0000               0.0000               1.0000               0.0000
[Row  10]              -0.0282              -0.2392               0.0000              -0.2247              -0.0282               0.0000              -0.0000               0.0000               0.0000               1.0000
[Row  11]               0.0000               0.0002               0.0000               0.0005               0.0001               0.0000               0.0368               0.0000               0.0597              -0.0164
[Row  12]               0.0002               0.0167               0.0000               0.0271               0.0066               0.0363               0.3635               0.0000               0.4268              -0.1169
[Row  13]               0.0000               0.0000               0.0062               0.0000               0.0000               0.0000               0.0000               0.2105               0.0000               0.0000
[Row  14]              -0.0005              -0.0271               0.0000              -0.0409              -0.0115              -0.0587              -0.3102               0.0000              -0.2770               0.1335
[Row  15]              -0.0001              -0.0066               0.0000              -0.0115               0.0034               0.0161               0.0849               0.0000               0.1335               0.1740
[Row  16]               0.0511               0.4598               0.0000               0.1539              -0.3533               0.0107               0.1589               0.0000              -0.0664              -0.1797
[Row  17]               0.0050               0.0755               0.0000               0.0277               0.0790               0.0614               0.4872               0.0000              -0.1603               0.4366
                  [Col 11]              [Col 12]              [Col 13]              [Col 14]              [Col 15]              [Col 16]              [Col 17]
[Row   1]               0.0000               0.0002               0.0000              -0.0005              -0.0001               0.0511               0.0050
[Row   2]               0.0002               0.0167               0.0000              -0.0271              -0.0066               0.4598               0.0755
[Row   3]               0.0000               0.0000               0.0062               0.0000               0.0000               0.0000               0.0000
[Row   4]               0.0005               0.0271               0.0000              -0.0409              -0.0115               0.1539               0.0277
[Row   5]               0.0001               0.0066               0.0000              -0.0115               0.0034              -0.3533               0.0790
[Row   6]               0.0000               0.0363               0.0000              -0.0587               0.0161               0.0107               0.0614
[Row   7]               0.0368               0.3635               0.0000              -0.3102               0.0849               0.1589               0.4872
[Row   8]               0.0000               0.0000               0.2105               0.0000               0.0000               0.0000               0.0000
[Row   9]               0.0597               0.4268               0.0000              -0.2770               0.1335              -0.0664              -0.1603
[Row  10]              -0.0164              -0.1169               0.0000               0.1335               0.1740              -0.1797               0.4366
[Row  11]               1.0000               0.2367               0.0000               0.0000               0.0000               0.0022               0.0044
[Row  12]               0.2367               1.0000               0.0000               0.0000               0.0000               0.0384               0.0681
[Row  13]               0.0000               0.0000               1.0000               0.0000               0.0000               0.0000               0.0000
[Row  14]               0.0000               0.0000               0.0000               1.0000               0.0000              -0.0358              -0.0575
[Row  15]               0.0000               0.0000               0.0000               0.0000               1.0000              -0.0283               0.0501
[Row  16]               0.0022               0.0384               0.0000              -0.0358              -0.0283               1.0000               0.0275
[Row  17]               0.0044               0.0681               0.0000              -0.0575               0.0501               0.0275               1.0000
====== P^(AO) std gaussian m_l ordering SPS =====

                  [Col  1]              [Col  2]              [Col  3]              [Col  4]              [Col  5]              [Col  6]              [Col  7]              [Col  8]              [Col  9]              [Col 10]
[Row   1]               1.9998               0.4752               0.0057              -0.0013              -0.0000               0.0001               0.0502              -0.0637              -0.0520               0.0000
[Row   2]               0.4752               1.9795              -0.0630               0.0146               0.0000               0.0442               0.6157              -0.6353              -0.5232              -0.0000
[Row   3]               0.0057              -0.0630               1.7719              -0.0380               0.0000               0.0557               0.5735              -0.3856              -0.6669               0.0000
[Row   4]              -0.0013               0.0146              -0.0380               1.5850               0.0000               0.0459               0.4500              -0.5898              -0.1553              -0.0000
[Row   5]              -0.0000               0.0000               0.0000               0.0000               1.9169               0.0000              -0.0000              -0.0000               0.0000               0.5782
[Row   6]               0.0001               0.0442               0.0557               0.0459               0.0000               1.9996               0.5056              -0.0007              -0.0017               0.0000
[Row   7]               0.0502               0.6157               0.5735               0.4500              -0.0000               0.5056               1.7826               0.0064               0.0738               0.0000
[Row   8]              -0.0637              -0.6353              -0.3856              -0.5898              -0.0000              -0.0007               0.0064               1.5556              -0.0793               0.0000
[Row   9]              -0.0520              -0.5232              -0.6669              -0.1553               0.0000              -0.0017               0.0738              -0.0793               1.5725              -0.0000
[Row  10]               0.0000              -0.0000               0.0000              -0.0000               0.5782               0.0000               0.0000               0.0000              -0.0000               1.1665
[Row  11]              -0.0000               0.0003               0.0020               0.0002              -0.0000               0.0001               0.0701               0.1142              -0.0310              -0.0000
[Row  12]               0.0003               0.0348               0.0475               0.0163               0.0000               0.0715               0.7566               0.9074              -0.2491               0.0000
[Row  13]              -0.0016              -0.0527              -0.0127               0.0094               0.0000              -0.1110              -0.7894              -0.7632               0.3755              -0.0000
[Row  14]              -0.0020               0.0076               0.0471               0.0317               0.0000               0.0308               0.1964               0.3903               0.4750              -0.0000
[Row  15]              -0.0000               0.0000               0.0000               0.0000              -0.2069               0.0000              -0.0000              -0.0000               0.0000               1.1156
[Row  16]               0.0950               1.0003               0.4901              -1.0851               0.0000               0.0221               0.2763              -0.0597              -0.2998               0.0000
[Row  17]               0.0112               0.1336               0.0299               0.1352               0.0000               0.1153               1.1278              -0.3969               1.1186               0.0000
                  [Col 11]              [Col 12]              [Col 13]              [Col 14]              [Col 15]              [Col 16]              [Col 17]
[Row   1]              -0.0000               0.0003              -0.0016              -0.0020              -0.0000               0.0950               0.0112
[Row   2]               0.0003               0.0348              -0.0527               0.0076               0.0000               1.0003               0.1336
[Row   3]               0.0020               0.0475              -0.0127               0.0471               0.0000               0.4901               0.0299
[Row   4]               0.0002               0.0163               0.0094               0.0317               0.0000              -1.0851               0.1352
[Row   5]              -0.0000               0.0000               0.0000               0.0000              -0.2069               0.0000               0.0000
[Row   6]               0.0001               0.0715              -0.1110               0.0308               0.0000               0.0221               0.1153
[Row   7]               0.0701               0.7566              -0.7894               0.1964              -0.0000               0.2763               1.1278
[Row   8]               0.1142               0.9074              -0.7632               0.3903              -0.0000              -0.0597              -0.3969
[Row   9]              -0.0310              -0.2491               0.3755               0.4750               0.0000              -0.2998               1.1186
[Row  10]              -0.0000               0.0000              -0.0000              -0.0000               1.1156               0.0000               0.0000
[Row  11]               1.9999               0.4746              -0.0057               0.0015              -0.0000               0.0043               0.0092
[Row  12]               0.4746               1.9887               0.0526              -0.0145              -0.0000               0.0761               0.1358
[Row  13]              -0.0057               0.0526               1.7446               0.0551               0.0000              -0.0592              -0.1020
[Row  14]               0.0015              -0.0145               0.0551               1.9278               0.0000              -0.0996               0.0119
[Row  15]              -0.0000              -0.0000               0.0000               0.0000               1.4212              -0.0000               0.0000
[Row  16]               0.0043               0.0761              -0.0592              -0.0996              -0.0000               1.4263               0.1151
[Row  17]               0.0092               0.1358              -0.1020               0.0119               0.0000               0.1151               1.6296
====== S^(AO) std gaussian m_l ordering =====

                  [Col  1]              [Col  2]              [Col  3]              [Col  4]              [Col  5]              [Col  6]              [Col  7]              [Col  8]              [Col  9]              [Col 10]
[Row   1]               1.0000               0.2367              -0.0000               0.0000               0.0000               0.0000               0.0266              -0.0341              -0.0282               0.0000
[Row   2]               0.2367               1.0000              -0.0000              -0.0000               0.0000               0.0227               0.2918              -0.2894              -0.2392               0.0000
[Row   3]              -0.0000              -0.0000               1.0000               0.0000               0.0000               0.0306               0.2133              -0.1144              -0.2247               0.0000
[Row   4]               0.0000              -0.0000               0.0000               1.0000               0.0000               0.0253               0.1763              -0.2247              -0.0282               0.0000
[Row   5]               0.0000               0.0000               0.0000               0.0000               1.0000               0.0000               0.0000               0.0000               0.0000               0.1575
[Row   6]               0.0000               0.0227               0.0306               0.0253               0.0000               1.0000               0.2484               0.0000               0.0000               0.0000
[Row   7]               0.0266               0.2918               0.2133               0.1763               0.0000               0.2484               1.0000               0.0000              -0.0000               0.0000
[Row   8]              -0.0341              -0.2894              -0.1144              -0.2247               0.0000               0.0000               0.0000               1.0000               0.0000               0.0000
[Row   9]              -0.0282              -0.2392              -0.2247              -0.0282               0.0000               0.0000              -0.0000               0.0000               1.0000               0.0000
[Row  10]               0.0000               0.0000               0.0000               0.0000               0.1575               0.0000               0.0000               0.0000               0.0000               1.0000
[Row  11]               0.0000               0.0002               0.0005               0.0001               0.0000               0.0000               0.0368               0.0597              -0.0164               0.0000
[Row  12]               0.0002               0.0167               0.0271               0.0066               0.0000               0.0363               0.3635               0.4268              -0.1169               0.0000
[Row  13]              -0.0005              -0.0271              -0.0409              -0.0115               0.0000              -0.0587              -0.3102              -0.2770               0.1335               0.0000
[Row  14]              -0.0001              -0.0066              -0.0115               0.0034               0.0000               0.0161               0.0849               0.1335               0.1740               0.0000
[Row  15]               0.0000               0.0000               0.0000               0.0000               0.0062               0.0000               0.0000               0.0000               0.0000               0.2105
[Row  16]               0.0511               0.4598               0.1539              -0.3533               0.0000               0.0107               0.1589              -0.0664              -0.1797               0.0000
[Row  17]               0.0050               0.0755               0.0277               0.0790               0.0000               0.0614               0.4872              -0.1603               0.4366               0.0000
                  [Col 11]              [Col 12]              [Col 13]              [Col 14]              [Col 15]              [Col 16]              [Col 17]
[Row   1]               0.0000               0.0002              -0.0005              -0.0001               0.0000               0.0511               0.0050
[Row   2]               0.0002               0.0167              -0.0271              -0.0066               0.0000               0.4598               0.0755
[Row   3]               0.0005               0.0271              -0.0409              -0.0115               0.0000               0.1539               0.0277
[Row   4]               0.0001               0.0066              -0.0115               0.0034               0.0000              -0.3533               0.0790
[Row   5]               0.0000               0.0000               0.0000               0.0000               0.0062               0.0000               0.0000
[Row   6]               0.0000               0.0363              -0.0587               0.0161               0.0000               0.0107               0.0614
[Row   7]               0.0368               0.3635              -0.3102               0.0849               0.0000               0.1589               0.4872
[Row   8]               0.0597               0.4268              -0.2770               0.1335               0.0000              -0.0664              -0.1603
[Row   9]              -0.0164              -0.1169               0.1335               0.1740               0.0000              -0.1797               0.4366
[Row  10]               0.0000               0.0000               0.0000               0.0000               0.2105               0.0000               0.0000
[Row  11]               1.0000               0.2367               0.0000               0.0000               0.0000               0.0022               0.0044
[Row  12]               0.2367               1.0000               0.0000               0.0000               0.0000               0.0384               0.0681
[Row  13]               0.0000               0.0000               1.0000               0.0000               0.0000              -0.0358              -0.0575
[Row  14]               0.0000               0.0000               0.0000               1.0000               0.0000              -0.0283               0.0501
[Row  15]               0.0000               0.0000               0.0000               0.0000               1.0000               0.0000               0.0000
[Row  16]               0.0022               0.0384              -0.0358              -0.0283               0.0000               1.0000               0.0275
[Row  17]               0.0044               0.0681              -0.0575               0.0501               0.0000               0.0275               1.0000
