molecule mol18.xyz
System:, atNum: 15 coords [              0.0000               0.0000               0.2355]
System:, atNum: 1 coords [              0.0000               2.2689              -1.1775]
System:, atNum: 1 coords [              1.9649              -1.1344              -1.1775]
System:, atNum: 1 coords [             -1.9649              -1.1344              -1.1775]
===== Original AO-S matrix =====

                  [Col  1]              [Col  2]              [Col  3]              [Col  4]              [Col  5]              [Col  6]              [Col  7]              [Col  8]              [Col  9]              [Col 10]
[Row   1]               1.0000               0.3256               0.0000               0.0000               0.0000               0.0139              -0.0000               0.0000               0.0000               0.0070
[Row   2]               0.3256               1.0000              -0.0000               0.0000               0.0000               0.2481               0.0000               0.0000               0.0000               0.0580
[Row   3]               0.0000              -0.0000               1.0000               0.0000               0.0000               0.0000               0.2624               0.0000               0.0000              -0.0157
[Row   4]               0.0000               0.0000               0.0000               1.0000               0.0000               0.0000               0.0000               0.2624               0.0000               0.0000
[Row   5]               0.0000               0.0000               0.0000               0.0000               1.0000               0.0000               0.0000               0.0000               0.2624               0.0252
[Row   6]               0.0139               0.2481               0.0000               0.0000               0.0000               1.0000               0.0000               0.0000               0.0000               0.3883
[Row   7]              -0.0000               0.0000               0.2624               0.0000               0.0000               0.0000               1.0000               0.0000               0.0000              -0.2326
[Row   8]               0.0000               0.0000               0.0000               0.2624               0.0000               0.0000               0.0000               1.0000               0.0000               0.0000
[Row   9]               0.0000               0.0000               0.0000               0.0000               0.2624               0.0000               0.0000               0.0000               1.0000               0.3734
[Row  10]               0.0070               0.0580              -0.0157               0.0000               0.0252               0.3883              -0.2326               0.0000               0.3734               1.0000
[Row  11]               0.0070               0.0580              -0.0157               0.0218              -0.0126               0.3883              -0.2326               0.3234              -0.1867               0.1045
[Row  12]               0.0070               0.0580              -0.0157              -0.0218              -0.0126               0.3883              -0.2326              -0.3234              -0.1867               0.1045
                  [Col 11]              [Col 12]
[Row   1]               0.0070               0.0070
[Row   2]               0.0580               0.0580
[Row   3]              -0.0157              -0.0157
[Row   4]               0.0218              -0.0218
[Row   5]              -0.0126              -0.0126
[Row   6]               0.3883               0.3883
[Row   7]              -0.2326              -0.2326
[Row   8]               0.3234              -0.3234
[Row   9]              -0.1867              -0.1867
[Row  10]               0.1045               0.1045
[Row  11]               1.0000               0.1045
[Row  12]               0.1045               1.0000
nbas 12
 ===== CA ===== 

                  [Col  1]              [Col  2]              [Col  3]              [Col  4]              [Col  5]              [Col  6]              [Col  7]              [Col  8]              [Col  9]              [Col 10]
[Row   1]               0.9940               0.3561               0.0000              -0.0000               0.0080               0.0762              -0.0000               0.0000               0.0455               0.0000
[Row   2]               0.0180              -1.0422              -0.0000               0.0000              -0.0239              -0.2705               0.0000              -0.0000              -0.1476              -0.0000
[Row   3]              -0.0003               0.0181              -0.0000               0.0000              -0.9813               0.0544               0.0000              -0.0000              -0.2534               0.0000
[Row   4]              -0.0000               0.0000               0.9807              -0.0000              -0.0000               0.0000               0.1933               0.0000               0.0000              -0.0000
[Row   5]               0.0000               0.0000               0.0000               0.9807               0.0000              -0.0000              -0.0000               0.1933              -0.0000               0.2972
[Row   6]              -0.0032              -0.0586               0.0000               0.0000               0.0144               0.7074              -0.0000               0.0000               0.6273               0.0000
[Row   7]               0.0006               0.0107              -0.0000               0.0000              -0.0660              -0.1192              -0.0000               0.0000               0.7533              -0.0000
[Row   8]              -0.0000               0.0000               0.0688              -0.0000              -0.0000              -0.0000              -0.5062              -0.0000              -0.0000               0.0000
[Row   9]              -0.0000              -0.0000               0.0000               0.0688               0.0000               0.0000               0.0000              -0.5062               0.0000              -1.0754
[Row  10]               0.0008               0.0111              -0.0000              -0.0147              -0.0105               0.2078               0.0000              -0.5731              -0.2279               0.8093
[Row  11]               0.0008               0.0111              -0.0127               0.0073              -0.0105               0.2078              -0.4963               0.2865              -0.2279              -0.4046
[Row  12]               0.0008               0.0111               0.0127               0.0073              -0.0105               0.2078               0.4963               0.2865              -0.2279              -0.4046
                  [Col 11]              [Col 12]
[Row   1]               0.0000               0.0561
[Row   2]               0.0000              -0.1649
[Row   3]              -0.0000               0.2362
[Row   4]               0.2972               0.0000
[Row   5]               0.0000              -0.0000
[Row   6]              -0.0000               0.9984
[Row   7]               0.0000              -0.8933
[Row   8]              -1.0754              -0.0000
[Row   9]              -0.0000               0.0000
[Row  10]               0.0000              -0.6907
[Row  11]               0.7008              -0.6907
[Row  12]              -0.7008              -0.6907
 ===== CB ===== 

                  [Col  1]              [Col  2]              [Col  3]              [Col  4]              [Col  5]              [Col  6]              [Col  7]              [Col  8]              [Col  9]              [Col 10]
[Row   1]               0.9940               0.3561               0.0000              -0.0000               0.0080               0.0762              -0.0000               0.0000               0.0455               0.0000
[Row   2]               0.0180              -1.0422              -0.0000               0.0000              -0.0239              -0.2705               0.0000              -0.0000              -0.1476              -0.0000
[Row   3]              -0.0003               0.0181              -0.0000               0.0000              -0.9813               0.0544               0.0000              -0.0000              -0.2534               0.0000
[Row   4]              -0.0000               0.0000               0.9807              -0.0000              -0.0000               0.0000               0.1933               0.0000               0.0000              -0.0000
[Row   5]               0.0000               0.0000               0.0000               0.9807               0.0000              -0.0000              -0.0000               0.1933              -0.0000               0.2972
[Row   6]              -0.0032              -0.0586               0.0000               0.0000               0.0144               0.7074              -0.0000               0.0000               0.6273               0.0000
[Row   7]               0.0006               0.0107              -0.0000               0.0000              -0.0660              -0.1192              -0.0000               0.0000               0.7533              -0.0000
[Row   8]              -0.0000               0.0000               0.0688              -0.0000              -0.0000              -0.0000              -0.5062              -0.0000              -0.0000               0.0000
[Row   9]              -0.0000              -0.0000               0.0000               0.0688               0.0000               0.0000               0.0000              -0.5062               0.0000              -1.0754
[Row  10]               0.0008               0.0111              -0.0000              -0.0147              -0.0105               0.2078               0.0000              -0.5731              -0.2279               0.8093
[Row  11]               0.0008               0.0111              -0.0127               0.0073              -0.0105               0.2078              -0.4963               0.2865              -0.2279              -0.4046
[Row  12]               0.0008               0.0111               0.0127               0.0073              -0.0105               0.2078               0.4963               0.2865              -0.2279              -0.4046
                  [Col 11]              [Col 12]
[Row   1]               0.0000               0.0561
[Row   2]               0.0000              -0.1649
[Row   3]              -0.0000               0.2362
[Row   4]               0.2972               0.0000
[Row   5]               0.0000              -0.0000
[Row   6]              -0.0000               0.9984
[Row   7]               0.0000              -0.8933
[Row   8]              -1.0754              -0.0000
[Row   9]              -0.0000               0.0000
[Row  10]               0.0000              -0.6907
[Row  11]               0.7008              -0.6907
[Row  12]              -0.7008              -0.6907
 ===== P_psi ===== Dalpha+Dbeta 

                  [Col  1]              [Col  2]              [Col  3]              [Col  4]              [Col  5]              [Col  6]              [Col  7]              [Col  8]              [Col  9]              [Col 10]
[Row   1]               2.2457              -0.7616              -0.0181              -0.0000               0.0000               0.1169               0.0581               0.0000              -0.0000               0.0203
[Row   2]              -0.7616               2.3642               0.0546               0.0000              -0.0000              -0.4464              -0.1769              -0.0000               0.0000              -0.0678
[Row   3]              -0.0181               0.0546               2.0607               0.0000               0.0000              -0.2712              -0.2647              -0.0000               0.0000               0.1592
[Row   4]              -0.0000               0.0000               0.0000               1.9983              -0.0000              -0.0000              -0.0000              -0.0608              -0.0000               0.0000
[Row   5]               0.0000              -0.0000               0.0000              -0.0000               1.9983               0.0000               0.0000              -0.0000              -0.0608              -0.2504
[Row   6]               0.1169              -0.4464              -0.2712              -0.0000               0.0000               1.7950               0.7733               0.0000              -0.0000               0.0064
[Row   7]               0.0581              -0.1769              -0.2647              -0.0000               0.0000               0.7733               1.1723               0.0000              -0.0000              -0.3913
[Row   8]               0.0000              -0.0000              -0.0000              -0.0608              -0.0000               0.0000               0.0000               0.5219               0.0000              -0.0000
[Row   9]              -0.0000               0.0000               0.0000              -0.0000              -0.0608              -0.0000              -0.0000               0.0000               0.5219               0.5782
[Row  10]               0.0203              -0.0678               0.1592               0.0000              -0.2504               0.0064              -0.3913              -0.0000               0.5782               0.8480
[Row  11]               0.0203              -0.0678               0.1592              -0.2168               0.1252               0.0064              -0.3913               0.5007              -0.2891              -0.1379
[Row  12]               0.0203              -0.0678               0.1592               0.2168               0.1252               0.0064              -0.3913              -0.5007              -0.2891              -0.1379
                  [Col 11]              [Col 12]
[Row   1]               0.0203               0.0203
[Row   2]              -0.0678              -0.0678
[Row   3]               0.1592               0.1592
[Row   4]              -0.2168               0.2168
[Row   5]               0.1252               0.1252
[Row   6]               0.0064               0.0064
[Row   7]              -0.3913              -0.3913
[Row   8]               0.5007              -0.5007
[Row   9]              -0.2891              -0.2891
[Row  10]              -0.1379              -0.1379
[Row  11]               0.8480              -0.1379
[Row  12]              -0.1379               0.8480
===== P_mu,nu local =====

                  [Col  1]              [Col  2]              [Col  3]              [Col  4]              [Col  5]              [Col  6]              [Col  7]              [Col  8]              [Col  9]              [Col 10]
[Row   1]               2.2457              -0.7616              -0.0181              -0.0000               0.0000               0.1169               0.0581               0.0000              -0.0000               0.0203
[Row   2]              -0.7616               2.3642               0.0546               0.0000              -0.0000              -0.4464              -0.1769              -0.0000               0.0000              -0.0678
[Row   3]              -0.0181               0.0546               2.0607               0.0000               0.0000              -0.2712              -0.2647              -0.0000               0.0000               0.1592
[Row   4]              -0.0000               0.0000               0.0000               1.9983              -0.0000              -0.0000              -0.0000              -0.0608              -0.0000               0.0000
[Row   5]               0.0000              -0.0000               0.0000              -0.0000               1.9983               0.0000               0.0000              -0.0000              -0.0608              -0.2504
[Row   6]               0.1169              -0.4464              -0.2712              -0.0000               0.0000               1.7950               0.7733               0.0000              -0.0000               0.0064
[Row   7]               0.0581              -0.1769              -0.2647              -0.0000               0.0000               0.7733               1.1723               0.0000              -0.0000              -0.3913
[Row   8]               0.0000              -0.0000              -0.0000              -0.0608              -0.0000               0.0000               0.0000               0.5219               0.0000              -0.0000
[Row   9]              -0.0000               0.0000               0.0000              -0.0000              -0.0608              -0.0000              -0.0000               0.0000               0.5219               0.5782
[Row  10]               0.0203              -0.0678               0.1592               0.0000              -0.2504               0.0064              -0.3913              -0.0000               0.5782               0.8480
[Row  11]               0.0203              -0.0678               0.1592              -0.2168               0.1252               0.0064              -0.3913               0.5007              -0.2891              -0.1379
[Row  12]               0.0203              -0.0678               0.1592               0.2168               0.1252               0.0064              -0.3913              -0.5007              -0.2891              -0.1379
                  [Col 11]              [Col 12]
[Row   1]               0.0203               0.0203
[Row   2]              -0.0678              -0.0678
[Row   3]               0.1592               0.1592
[Row   4]              -0.2168               0.2168
[Row   5]               0.1252               0.1252
[Row   6]               0.0064               0.0064
[Row   7]              -0.3913              -0.3913
[Row   8]               0.5007              -0.5007
[Row   9]              -0.2891              -0.2891
[Row  10]              -0.1379              -0.1379
[Row  11]               0.8480              -0.1379
[Row  12]              -0.1379               0.8480
===== P_mu,nu psi4 =====

                  [Col  1]              [Col  2]              [Col  3]              [Col  4]              [Col  5]              [Col  6]              [Col  7]              [Col  8]              [Col  9]              [Col 10]
[Row   1]               2.2457              -0.7616              -0.0181              -0.0000               0.0000               0.1169               0.0581               0.0000              -0.0000               0.0203
[Row   2]              -0.7616               2.3642               0.0546               0.0000              -0.0000              -0.4464              -0.1769              -0.0000               0.0000              -0.0678
[Row   3]              -0.0181               0.0546               2.0607               0.0000               0.0000              -0.2712              -0.2647              -0.0000               0.0000               0.1592
[Row   4]              -0.0000               0.0000               0.0000               1.9983              -0.0000              -0.0000              -0.0000              -0.0608              -0.0000               0.0000
[Row   5]               0.0000              -0.0000               0.0000              -0.0000               1.9983               0.0000               0.0000              -0.0000              -0.0608              -0.2504
[Row   6]               0.1169              -0.4464              -0.2712              -0.0000               0.0000               1.7950               0.7733               0.0000              -0.0000               0.0064
[Row   7]               0.0581              -0.1769              -0.2647              -0.0000               0.0000               0.7733               1.1723               0.0000              -0.0000              -0.3913
[Row   8]               0.0000              -0.0000              -0.0000              -0.0608              -0.0000               0.0000               0.0000               0.5219               0.0000              -0.0000
[Row   9]              -0.0000               0.0000               0.0000              -0.0000              -0.0608              -0.0000              -0.0000               0.0000               0.5219               0.5782
[Row  10]               0.0203              -0.0678               0.1592               0.0000              -0.2504               0.0064              -0.3913              -0.0000               0.5782               0.8480
[Row  11]               0.0203              -0.0678               0.1592              -0.2168               0.1252               0.0064              -0.3913               0.5007              -0.2891              -0.1379
[Row  12]               0.0203              -0.0678               0.1592               0.2168               0.1252               0.0064              -0.3913              -0.5007              -0.2891              -0.1379
                  [Col 11]              [Col 12]
[Row   1]               0.0203               0.0203
[Row   2]              -0.0678              -0.0678
[Row   3]               0.1592               0.1592
[Row   4]              -0.2168               0.2168
[Row   5]               0.1252               0.1252
[Row   6]               0.0064               0.0064
[Row   7]              -0.3913              -0.3913
[Row   8]               0.5007              -0.5007
[Row   9]              -0.2891              -0.2891
[Row  10]              -0.1379              -0.1379
[Row  11]               0.8480              -0.1379
[Row  12]              -0.1379               0.8480
====== P^(AO) = SPS =====

                  [Col  1]              [Col  2]              [Col  3]              [Col  4]              [Col  5]              [Col  6]              [Col  7]              [Col  8]              [Col  9]              [Col 10]
[Row   1]               2.0000               0.6513              -0.0001              -0.0000               0.0000               0.0274               0.0012               0.0000              -0.0000               0.0149
[Row   2]               0.6513               1.9993               0.0013              -0.0000              -0.0000               0.5022              -0.0134              -0.0000               0.0000               0.1063
[Row   3]              -0.0001               0.0013               1.9976               0.0000               0.0000              -0.0106               0.5489               0.0000               0.0000              -0.0141
[Row   4]              -0.0000              -0.0000               0.0000               1.9958              -0.0000              -0.0000              -0.0000               0.5745               0.0000               0.0000
[Row   5]               0.0000              -0.0000               0.0000              -0.0000               1.9958               0.0000               0.0000              -0.0000               0.5745               0.0203
[Row   6]               0.0274               0.5022              -0.0106              -0.0000               0.0000               1.9528               0.1073               0.0000               0.0000               0.8542
[Row   7]               0.0012              -0.0134               0.5489              -0.0000               0.0000               0.1073               1.7559               0.0000              -0.0000              -0.6415
[Row   8]               0.0000              -0.0000               0.0000               0.5745              -0.0000               0.0000               0.0000               1.4080               0.0000              -0.0000
[Row   9]              -0.0000               0.0000               0.0000               0.0000               0.5745               0.0000              -0.0000               0.0000               1.4080               1.1066
[Row  10]               0.0149               0.1063              -0.0141               0.0000               0.0203               0.8542              -0.6415              -0.0000               1.1066               1.6538
[Row  11]               0.0149               0.1063              -0.0141               0.0176              -0.0101               0.8542              -0.6415               0.9584              -0.5533               0.1908
[Row  12]               0.0149               0.1063              -0.0141              -0.0176              -0.0101               0.8542              -0.6415              -0.9584              -0.5533               0.1908
                  [Col 11]              [Col 12]
[Row   1]               0.0149               0.0149
[Row   2]               0.1063               0.1063
[Row   3]              -0.0141              -0.0141
[Row   4]               0.0176              -0.0176
[Row   5]              -0.0101              -0.0101
[Row   6]               0.8542               0.8542
[Row   7]              -0.6415              -0.6415
[Row   8]               0.9584              -0.9584
[Row   9]              -0.5533              -0.5533
[Row  10]               0.1908               0.1908
[Row  11]               1.6538               0.1908
[Row  12]               0.1908               1.6538
====== S^(AO) = S =====

                  [Col  1]              [Col  2]              [Col  3]              [Col  4]              [Col  5]              [Col  6]              [Col  7]              [Col  8]              [Col  9]              [Col 10]
[Row   1]               1.0000               0.3256               0.0000               0.0000               0.0000               0.0139              -0.0000               0.0000               0.0000               0.0070
[Row   2]               0.3256               1.0000              -0.0000               0.0000               0.0000               0.2481               0.0000               0.0000               0.0000               0.0580
[Row   3]               0.0000              -0.0000               1.0000               0.0000               0.0000               0.0000               0.2624               0.0000               0.0000              -0.0157
[Row   4]               0.0000               0.0000               0.0000               1.0000               0.0000               0.0000               0.0000               0.2624               0.0000               0.0000
[Row   5]               0.0000               0.0000               0.0000               0.0000               1.0000               0.0000               0.0000               0.0000               0.2624               0.0252
[Row   6]               0.0139               0.2481               0.0000               0.0000               0.0000               1.0000               0.0000               0.0000               0.0000               0.3883
[Row   7]              -0.0000               0.0000               0.2624               0.0000               0.0000               0.0000               1.0000               0.0000               0.0000              -0.2326
[Row   8]               0.0000               0.0000               0.0000               0.2624               0.0000               0.0000               0.0000               1.0000               0.0000               0.0000
[Row   9]               0.0000               0.0000               0.0000               0.0000               0.2624               0.0000               0.0000               0.0000               1.0000               0.3734
[Row  10]               0.0070               0.0580              -0.0157               0.0000               0.0252               0.3883              -0.2326               0.0000               0.3734               1.0000
[Row  11]               0.0070               0.0580              -0.0157               0.0218              -0.0126               0.3883              -0.2326               0.3234              -0.1867               0.1045
[Row  12]               0.0070               0.0580              -0.0157              -0.0218              -0.0126               0.3883              -0.2326              -0.3234              -0.1867               0.1045
                  [Col 11]              [Col 12]
[Row   1]               0.0070               0.0070
[Row   2]               0.0580               0.0580
[Row   3]              -0.0157              -0.0157
[Row   4]               0.0218              -0.0218
[Row   5]              -0.0126              -0.0126
[Row   6]               0.3883               0.3883
[Row   7]              -0.2326              -0.2326
[Row   8]               0.3234              -0.3234
[Row   9]              -0.1867              -0.1867
[Row  10]               0.1045               0.1045
[Row  11]               1.0000               0.1045
[Row  12]               0.1045               1.0000
====== P^(AO) std gaussian m_l ordering SPS =====

                  [Col  1]              [Col  2]              [Col  3]              [Col  4]              [Col  5]              [Col  6]              [Col  7]              [Col  8]              [Col  9]              [Col 10]
[Row   1]               2.0000               0.6513              -0.0000               0.0000              -0.0001               0.0274               0.0000              -0.0000               0.0012               0.0149
[Row   2]               0.6513               1.9993              -0.0000              -0.0000               0.0013               0.5022              -0.0000               0.0000              -0.0134               0.1063
[Row   3]              -0.0000              -0.0000               1.9958              -0.0000               0.0000              -0.0000               0.5745               0.0000              -0.0000               0.0000
[Row   4]               0.0000              -0.0000              -0.0000               1.9958               0.0000               0.0000              -0.0000               0.5745               0.0000               0.0203
[Row   5]              -0.0001               0.0013               0.0000               0.0000               1.9976              -0.0106               0.0000               0.0000               0.5489              -0.0141
[Row   6]               0.0274               0.5022              -0.0000               0.0000              -0.0106               1.9528               0.0000               0.0000               0.1073               0.8542
[Row   7]               0.0000              -0.0000               0.5745              -0.0000               0.0000               0.0000               1.4080               0.0000               0.0000              -0.0000
[Row   8]              -0.0000               0.0000               0.0000               0.5745               0.0000               0.0000               0.0000               1.4080              -0.0000               1.1066
[Row   9]               0.0012              -0.0134              -0.0000               0.0000               0.5489               0.1073               0.0000              -0.0000               1.7559              -0.6415
[Row  10]               0.0149               0.1063               0.0000               0.0203              -0.0141               0.8542              -0.0000               1.1066              -0.6415               1.6538
[Row  11]               0.0149               0.1063               0.0176              -0.0101              -0.0141               0.8542               0.9584              -0.5533              -0.6415               0.1908
[Row  12]               0.0149               0.1063              -0.0176              -0.0101              -0.0141               0.8542              -0.9584              -0.5533              -0.6415               0.1908
                  [Col 11]              [Col 12]
[Row   1]               0.0149               0.0149
[Row   2]               0.1063               0.1063
[Row   3]               0.0176              -0.0176
[Row   4]              -0.0101              -0.0101
[Row   5]              -0.0141              -0.0141
[Row   6]               0.8542               0.8542
[Row   7]               0.9584              -0.9584
[Row   8]              -0.5533              -0.5533
[Row   9]              -0.6415              -0.6415
[Row  10]               0.1908               0.1908
[Row  11]               1.6538               0.1908
[Row  12]               0.1908               1.6538
====== S^(AO) std gaussian m_l ordering =====

                  [Col  1]              [Col  2]              [Col  3]              [Col  4]              [Col  5]              [Col  6]              [Col  7]              [Col  8]              [Col  9]              [Col 10]
[Row   1]               1.0000               0.3256               0.0000               0.0000               0.0000               0.0139               0.0000               0.0000              -0.0000               0.0070
[Row   2]               0.3256               1.0000               0.0000               0.0000              -0.0000               0.2481               0.0000               0.0000               0.0000               0.0580
[Row   3]               0.0000               0.0000               1.0000               0.0000               0.0000               0.0000               0.2624               0.0000               0.0000               0.0000
[Row   4]               0.0000               0.0000               0.0000               1.0000               0.0000               0.0000               0.0000               0.2624               0.0000               0.0252
[Row   5]               0.0000              -0.0000               0.0000               0.0000               1.0000               0.0000               0.0000               0.0000               0.2624              -0.0157
[Row   6]               0.0139               0.2481               0.0000               0.0000               0.0000               1.0000               0.0000               0.0000               0.0000               0.3883
[Row   7]               0.0000               0.0000               0.2624               0.0000               0.0000               0.0000               1.0000               0.0000               0.0000               0.0000
[Row   8]               0.0000               0.0000               0.0000               0.2624               0.0000               0.0000               0.0000               1.0000               0.0000               0.3734
[Row   9]              -0.0000               0.0000               0.0000               0.0000               0.2624               0.0000               0.0000               0.0000               1.0000              -0.2326
[Row  10]               0.0070               0.0580               0.0000               0.0252              -0.0157               0.3883               0.0000               0.3734              -0.2326               1.0000
[Row  11]               0.0070               0.0580               0.0218              -0.0126              -0.0157               0.3883               0.3234              -0.1867              -0.2326               0.1045
[Row  12]               0.0070               0.0580              -0.0218              -0.0126              -0.0157               0.3883              -0.3234              -0.1867              -0.2326               0.1045
                  [Col 11]              [Col 12]
[Row   1]               0.0070               0.0070
[Row   2]               0.0580               0.0580
[Row   3]               0.0218              -0.0218
[Row   4]              -0.0126              -0.0126
[Row   5]              -0.0157              -0.0157
[Row   6]               0.3883               0.3883
[Row   7]               0.3234              -0.3234
[Row   8]              -0.1867              -0.1867
[Row   9]              -0.2326              -0.2326
[Row  10]               0.1045               0.1045
[Row  11]               1.0000               0.1045
[Row  12]               0.1045               1.0000
