molecule mol12.xyz
System:, atNum: 9 coords [              0.0000               0.0000               0.1765]
System:, atNum: 1 coords [              0.0000               0.0000              -1.5883]
===== Original AO-S matrix =====

                  [Col  1]              [Col  2]              [Col  3]              [Col  4]              [Col  5]              [Col  6]
[Row   1]               1.0000               0.2380              -0.0000               0.0000               0.0000               0.0475
[Row   2]               0.2380               1.0000               0.0000               0.0000               0.0000               0.4376
[Row   3]              -0.0000               0.0000               1.0000               0.0000               0.0000              -0.3434
[Row   4]               0.0000               0.0000               0.0000               1.0000               0.0000               0.0000
[Row   5]               0.0000               0.0000               0.0000               0.0000               1.0000               0.0000
[Row   6]               0.0475               0.4376              -0.3434               0.0000               0.0000               1.0000
nbas 6
 ===== CA ===== 

                  [Col  1]              [Col  2]              [Col  3]              [Col  4]              [Col  5]              [Col  6]
[Row   1]               0.9947               0.2499               0.0806              -0.0000              -0.0000               0.0830
[Row   2]               0.0225              -0.9410              -0.4242               0.0000               0.0000              -0.5398
[Row   3]              -0.0028               0.0846              -0.7003               0.0000               0.0000               0.8210
[Row   4]               0.0000               0.0000               0.0000               0.0315               0.9995              -0.0000
[Row   5]              -0.0000               0.0000              -0.0000              -0.9995               0.0315              -0.0000
[Row   6]              -0.0056              -0.1549               0.5269              -0.0000              -0.0000               1.0740
 ===== CB ===== 

                  [Col  1]              [Col  2]              [Col  3]              [Col  4]              [Col  5]              [Col  6]
[Row   1]               0.9947               0.2499               0.0806              -0.0000              -0.0000               0.0830
[Row   2]               0.0225              -0.9410              -0.4242               0.0000               0.0000              -0.5398
[Row   3]              -0.0028               0.0846              -0.7003               0.0000               0.0000               0.8210
[Row   4]               0.0000               0.0000               0.0000               0.0315               0.9995              -0.0000
[Row   5]              -0.0000               0.0000              -0.0000              -0.9995               0.0315              -0.0000
[Row   6]              -0.0056              -0.1549               0.5269              -0.0000              -0.0000               1.0740
 ===== P_psi ===== Dalpha+Dbeta 

                  [Col  1]              [Col  2]              [Col  3]              [Col  4]              [Col  5]              [Col  6]
[Row   1]               2.1168              -0.4939              -0.0763               0.0000               0.0000              -0.0036
[Row   2]              -0.4939               2.1317               0.4347              -0.0000              -0.0000              -0.1557
[Row   3]              -0.0763               0.4347               0.9951               0.0000               0.0000              -0.7642
[Row   4]               0.0000              -0.0000               0.0000               2.0000               0.0000               0.0000
[Row   5]               0.0000              -0.0000               0.0000               0.0000               2.0000               0.0000
[Row   6]              -0.0036              -0.1557              -0.7642               0.0000               0.0000               0.6034
===== P_mu,nu local =====

                  [Col  1]              [Col  2]              [Col  3]              [Col  4]              [Col  5]              [Col  6]
[Row   1]               2.1168              -0.4939              -0.0763               0.0000               0.0000              -0.0036
[Row   2]              -0.4939               2.1317               0.4347              -0.0000              -0.0000              -0.1557
[Row   3]              -0.0763               0.4347               0.9951               0.0000               0.0000              -0.7642
[Row   4]               0.0000              -0.0000               0.0000               2.0000               0.0000               0.0000
[Row   5]               0.0000              -0.0000               0.0000               0.0000               2.0000               0.0000
[Row   6]              -0.0036              -0.1557              -0.7642               0.0000               0.0000               0.6034
===== P_mu,nu psi4 =====

                  [Col  1]              [Col  2]              [Col  3]              [Col  4]              [Col  5]              [Col  6]
[Row   1]               2.1168              -0.4939              -0.0763               0.0000               0.0000              -0.0036
[Row   2]              -0.4939               2.1317               0.4347              -0.0000              -0.0000              -0.1557
[Row   3]              -0.0763               0.4347               0.9951               0.0000               0.0000              -0.7642
[Row   4]               0.0000              -0.0000               0.0000               2.0000               0.0000               0.0000
[Row   5]               0.0000              -0.0000               0.0000               0.0000               2.0000               0.0000
[Row   6]              -0.0036              -0.1557              -0.7642               0.0000               0.0000               0.6034
====== P^(AO) = SPS =====

                  [Col  1]              [Col  2]              [Col  3]              [Col  4]              [Col  5]              [Col  6]
[Row   1]               1.9999               0.4765              -0.0050               0.0000              -0.0000               0.0888
[Row   2]               0.4765               1.9950               0.0453               0.0000              -0.0000               0.9313
[Row   3]              -0.0050               0.0453               1.5910               0.0000               0.0000              -1.1931
[Row   4]               0.0000               0.0000               0.0000               2.0000               0.0000              -0.0000
[Row   5]              -0.0000              -0.0000               0.0000               0.0000               2.0000              -0.0000
[Row   6]               0.0888               0.9313              -1.1931              -0.0000              -0.0000               1.3732
====== S^(AO) = S =====

                  [Col  1]              [Col  2]              [Col  3]              [Col  4]              [Col  5]              [Col  6]
[Row   1]               1.0000               0.2380              -0.0000               0.0000               0.0000               0.0475
[Row   2]               0.2380               1.0000               0.0000               0.0000               0.0000               0.4376
[Row   3]              -0.0000               0.0000               1.0000               0.0000               0.0000              -0.3434
[Row   4]               0.0000               0.0000               0.0000               1.0000               0.0000               0.0000
[Row   5]               0.0000               0.0000               0.0000               0.0000               1.0000               0.0000
[Row   6]               0.0475               0.4376              -0.3434               0.0000               0.0000               1.0000
====== P^(AO) std gaussian m_l ordering SPS =====

                  [Col  1]              [Col  2]              [Col  3]              [Col  4]              [Col  5]              [Col  6]
[Row   1]               1.9999               0.4765               0.0000              -0.0000              -0.0050               0.0888
[Row   2]               0.4765               1.9950               0.0000              -0.0000               0.0453               0.9313
[Row   3]               0.0000               0.0000               2.0000               0.0000               0.0000              -0.0000
[Row   4]              -0.0000              -0.0000               0.0000               2.0000               0.0000              -0.0000
[Row   5]              -0.0050               0.0453               0.0000               0.0000               1.5910              -1.1931
[Row   6]               0.0888               0.9313              -0.0000              -0.0000              -1.1931               1.3732
====== S^(AO) std gaussian m_l ordering =====

                  [Col  1]              [Col  2]              [Col  3]              [Col  4]              [Col  5]              [Col  6]
[Row   1]               1.0000               0.2380               0.0000               0.0000              -0.0000               0.0475
[Row   2]               0.2380               1.0000               0.0000               0.0000               0.0000               0.4376
[Row   3]               0.0000               0.0000               1.0000               0.0000               0.0000               0.0000
[Row   4]               0.0000               0.0000               0.0000               1.0000               0.0000               0.0000
[Row   5]              -0.0000               0.0000               0.0000               0.0000               1.0000              -0.3434
[Row   6]               0.0475               0.4376               0.0000               0.0000              -0.3434               1.0000
