molecule mol11.xyz
System:, atNum: 8 coords [              0.0000               0.0000               0.2254]
System:, atNum: 1 coords [              0.0000               1.4423              -0.9015]
System:, atNum: 1 coords [              0.0000              -1.4423              -0.9015]
===== Original AO-S matrix =====

                  [Col  1]              [Col  2]              [Col  3]              [Col  4]              [Col  5]              [Col  6]              [Col  7]
[Row   1]               1.0000               0.2367              -0.0000               0.0000               0.0000               0.0525               0.0525
[Row   2]               0.2367               1.0000               0.0000               0.0000               0.0000               0.4674               0.4674
[Row   3]              -0.0000               0.0000               1.0000               0.0000               0.0000              -0.2398              -0.2398
[Row   4]               0.0000               0.0000               0.0000               1.0000               0.0000               0.0000               0.0000
[Row   5]               0.0000               0.0000               0.0000               0.0000               1.0000               0.3069              -0.3069
[Row   6]               0.0525               0.4674              -0.2398               0.0000               0.3069               1.0000               0.2472
[Row   7]               0.0525               0.4674              -0.2398               0.0000              -0.3069               0.2472               1.0000
nbas 7
 ===== CA ===== 

                  [Col  1]              [Col  2]              [Col  3]              [Col  4]              [Col  5]              [Col  6]              [Col  7]
[Row   1]               0.9942               0.2332              -0.0000               0.1029              -0.0000               0.1305              -0.0000
[Row   2]               0.0263              -0.8376               0.0000              -0.5346               0.0000              -0.8639               0.0000
[Row   3]              -0.0043               0.1262               0.0000              -0.7726               0.0000               0.7444              -0.0000
[Row   4]               0.0000               0.0000              -0.0000               0.0000               1.0000               0.0000               0.0000
[Row   5]               0.0000               0.0000               0.6068               0.0000               0.0000               0.0000               0.9826
[Row   6]              -0.0058              -0.1578               0.4460               0.2829              -0.0000               0.7884              -0.8288
[Row   7]              -0.0058              -0.1578              -0.4460               0.2829              -0.0000               0.7884               0.8288
 ===== CB ===== 

                  [Col  1]              [Col  2]              [Col  3]              [Col  4]              [Col  5]              [Col  6]              [Col  7]
[Row   1]               0.9942               0.2332              -0.0000               0.1029              -0.0000               0.1305              -0.0000
[Row   2]               0.0263              -0.8376               0.0000              -0.5346               0.0000              -0.8639               0.0000
[Row   3]              -0.0043               0.1262               0.0000              -0.7726               0.0000               0.7444              -0.0000
[Row   4]               0.0000               0.0000              -0.0000               0.0000               1.0000               0.0000               0.0000
[Row   5]               0.0000               0.0000               0.6068               0.0000               0.0000               0.0000               0.9826
[Row   6]              -0.0058              -0.1578               0.4460               0.2829              -0.0000               0.7884              -0.8288
[Row   7]              -0.0058              -0.1578              -0.4460               0.2829              -0.0000               0.7884               0.8288
 ===== P_psi ===== Dalpha+Dbeta 

                  [Col  1]              [Col  2]              [Col  3]              [Col  4]              [Col  5]              [Col  6]              [Col  7]
[Row   1]               2.1066              -0.4483              -0.1086               0.0000               0.0000              -0.0270              -0.0270
[Row   2]              -0.4483               1.9761               0.6145              -0.0000               0.0000              -0.0384              -0.0384
[Row   3]              -0.1086               0.6145               1.2258              -0.0000              -0.0000              -0.4770              -0.4770
[Row   4]               0.0000              -0.0000              -0.0000               2.0000              -0.0000              -0.0000              -0.0000
[Row   5]               0.0000               0.0000              -0.0000              -0.0000               0.7364               0.5413              -0.5413
[Row   6]              -0.0270              -0.0384              -0.4770              -0.0000               0.5413               0.6079              -0.1879
[Row   7]              -0.0270              -0.0384              -0.4770              -0.0000              -0.5413              -0.1879               0.6079
===== P_mu,nu local =====

                  [Col  1]              [Col  2]              [Col  3]              [Col  4]              [Col  5]              [Col  6]              [Col  7]
[Row   1]               2.1066              -0.4483              -0.1086               0.0000               0.0000              -0.0270              -0.0270
[Row   2]              -0.4483               1.9761               0.6145              -0.0000               0.0000              -0.0384              -0.0384
[Row   3]              -0.1086               0.6145               1.2258              -0.0000              -0.0000              -0.4770              -0.4770
[Row   4]               0.0000              -0.0000              -0.0000               2.0000              -0.0000              -0.0000              -0.0000
[Row   5]               0.0000               0.0000              -0.0000              -0.0000               0.7364               0.5413              -0.5413
[Row   6]              -0.0270              -0.0384              -0.4770              -0.0000               0.5413               0.6079              -0.1879
[Row   7]              -0.0270              -0.0384              -0.4770              -0.0000              -0.5413              -0.1879               0.6079
===== P_mu,nu psi4 =====

                  [Col  1]              [Col  2]              [Col  3]              [Col  4]              [Col  5]              [Col  6]              [Col  7]
[Row   1]               2.1066              -0.4483              -0.1086               0.0000               0.0000              -0.0270              -0.0270
[Row   2]              -0.4483               1.9761               0.6145              -0.0000               0.0000              -0.0384              -0.0384
[Row   3]              -0.1086               0.6145               1.2258              -0.0000              -0.0000              -0.4770              -0.4770
[Row   4]               0.0000              -0.0000              -0.0000               2.0000              -0.0000              -0.0000              -0.0000
[Row   5]               0.0000               0.0000              -0.0000              -0.0000               0.7364               0.5413              -0.5413
[Row   6]              -0.0270              -0.0384              -0.4770              -0.0000               0.5413               0.6079              -0.1879
[Row   7]              -0.0270              -0.0384              -0.4770              -0.0000              -0.5413              -0.1879               0.6079
====== P^(AO) = SPS =====

                  [Col  1]              [Col  2]              [Col  3]              [Col  4]              [Col  5]              [Col  6]              [Col  7]
[Row   1]               1.9998               0.4751              -0.0065               0.0000               0.0000               0.0978               0.0978
[Row   2]               0.4751               1.9816               0.0704              -0.0000               0.0000               1.0131               1.0131
[Row   3]              -0.0065               0.0704               1.7316              -0.0000              -0.0000              -0.7784              -0.7784
[Row   4]               0.0000              -0.0000              -0.0000               2.0000              -0.0000              -0.0000              -0.0000
[Row   5]               0.0000               0.0000              -0.0000              -0.0000               1.5508               0.9193              -0.9193
[Row   6]               0.0978               1.0131              -0.7784              -0.0000               0.9193               1.4594               0.3695
[Row   7]               0.0978               1.0131              -0.7784              -0.0000              -0.9193               0.3695               1.4594
====== S^(AO) = S =====

                  [Col  1]              [Col  2]              [Col  3]              [Col  4]              [Col  5]              [Col  6]              [Col  7]
[Row   1]               1.0000               0.2367              -0.0000               0.0000               0.0000               0.0525               0.0525
[Row   2]               0.2367               1.0000               0.0000               0.0000               0.0000               0.4674               0.4674
[Row   3]              -0.0000               0.0000               1.0000               0.0000               0.0000              -0.2398              -0.2398
[Row   4]               0.0000               0.0000               0.0000               1.0000               0.0000               0.0000               0.0000
[Row   5]               0.0000               0.0000               0.0000               0.0000               1.0000               0.3069              -0.3069
[Row   6]               0.0525               0.4674              -0.2398               0.0000               0.3069               1.0000               0.2472
[Row   7]               0.0525               0.4674              -0.2398               0.0000              -0.3069               0.2472               1.0000
====== P^(AO) std gaussian m_l ordering SPS =====

                  [Col  1]              [Col  2]              [Col  3]              [Col  4]              [Col  5]              [Col  6]              [Col  7]
[Row   1]               1.9998               0.4751               0.0000               0.0000              -0.0065               0.0978               0.0978
[Row   2]               0.4751               1.9816              -0.0000               0.0000               0.0704               1.0131               1.0131
[Row   3]               0.0000              -0.0000               2.0000              -0.0000              -0.0000              -0.0000              -0.0000
[Row   4]               0.0000               0.0000              -0.0000               1.5508              -0.0000               0.9193              -0.9193
[Row   5]              -0.0065               0.0704              -0.0000              -0.0000               1.7316              -0.7784              -0.7784
[Row   6]               0.0978               1.0131              -0.0000               0.9193              -0.7784               1.4594               0.3695
[Row   7]               0.0978               1.0131              -0.0000              -0.9193              -0.7784               0.3695               1.4594
====== S^(AO) std gaussian m_l ordering =====

                  [Col  1]              [Col  2]              [Col  3]              [Col  4]              [Col  5]              [Col  6]              [Col  7]
[Row   1]               1.0000               0.2367               0.0000               0.0000              -0.0000               0.0525               0.0525
[Row   2]               0.2367               1.0000               0.0000               0.0000               0.0000               0.4674               0.4674
[Row   3]               0.0000               0.0000               1.0000               0.0000               0.0000               0.0000               0.0000
[Row   4]               0.0000               0.0000               0.0000               1.0000               0.0000               0.3069              -0.3069
[Row   5]              -0.0000               0.0000               0.0000               0.0000               1.0000              -0.2398              -0.2398
[Row   6]               0.0525               0.4674               0.0000               0.3069              -0.2398               1.0000               0.2472
[Row   7]               0.0525               0.4674               0.0000              -0.3069              -0.2398               0.2472               1.0000
