molecule mol19.xyz
System:, atNum: 16 coords [              0.0000               0.0000               0.1930]
System:, atNum: 1 coords [              0.0000               1.8411              -1.5441]
System:, atNum: 1 coords [              0.0000              -1.8411              -1.5441]
===== Original AO-S matrix =====

                  [Col  1]              [Col  2]              [Col  3]              [Col  4]              [Col  5]              [Col  6]              [Col  7]              [Col  8]              [Col  9]              [Col 10]
[Row   1]               1.0000               0.3355               0.0000               0.0000               0.0000               0.0143              -0.0000               0.0000               0.0000               0.0075
[Row   2]               0.3355               1.0000               0.0000               0.0000               0.0000               0.2431              -0.0000               0.0000               0.0000               0.0597
[Row   3]               0.0000               0.0000               1.0000               0.0000               0.0000               0.0000               0.2574               0.0000               0.0000              -0.0195
[Row   4]               0.0000               0.0000               0.0000               1.0000               0.0000               0.0000               0.0000               0.2574               0.0000               0.0000
[Row   5]               0.0000               0.0000               0.0000               0.0000               1.0000               0.0000               0.0000               0.0000               0.2574               0.0207
[Row   6]               0.0143               0.2431               0.0000               0.0000               0.0000               1.0000               0.0000               0.0000               0.0000               0.3995
[Row   7]              -0.0000              -0.0000               0.2574               0.0000               0.0000               0.0000               1.0000               0.0000               0.0000              -0.2977
[Row   8]               0.0000               0.0000               0.0000               0.2574               0.0000               0.0000               0.0000               1.0000               0.0000               0.0000
[Row   9]               0.0000               0.0000               0.0000               0.0000               0.2574               0.0000               0.0000               0.0000               1.0000               0.3155
[Row  10]               0.0075               0.0597              -0.0195               0.0000               0.0207               0.3995              -0.2977               0.0000               0.3155               1.0000
[Row  11]               0.0075               0.0597              -0.0195               0.0000              -0.0207               0.3995              -0.2977               0.0000              -0.3155               0.1296
                  [Col 11]
[Row   1]               0.0075
[Row   2]               0.0597
[Row   3]              -0.0195
[Row   4]               0.0000
[Row   5]              -0.0207
[Row   6]               0.3995
[Row   7]              -0.2977
[Row   8]               0.0000
[Row   9]              -0.3155
[Row  10]               0.1296
[Row  11]               1.0000
nbas 11
 ===== CA ===== 

                  [Col  1]              [Col  2]              [Col  3]              [Col  4]              [Col  5]              [Col  6]              [Col  7]              [Col  8]              [Col  9]              [Col 10]
[Row   1]               0.9942               0.3673              -0.0000               0.0072              -0.0000               0.0828               0.0000               0.0442              -0.0000              -0.0000
[Row   2]               0.0171              -1.0467               0.0000              -0.0208               0.0000              -0.2834              -0.0000              -0.1389               0.0000               0.0000
[Row   3]              -0.0002               0.0161               0.0000              -0.9837               0.0000               0.0506              -0.0000              -0.2273              -0.0000              -0.0000
[Row   4]              -0.0000               0.0000               0.0000               0.0000               0.9861               0.0000              -0.0000              -0.0000               0.3138               0.0000
[Row   5]               0.0000              -0.0000               0.9835               0.0000              -0.0000              -0.0000               0.1943              -0.0000               0.0000               0.2802
[Row   6]              -0.0026              -0.0552              -0.0000               0.0108              -0.0000               0.8002               0.0000               0.6092              -0.0000              -0.0000
[Row   7]               0.0004               0.0091               0.0000              -0.0592               0.0000              -0.1221               0.0000               0.6847               0.0000               0.0000
[Row   8]               0.0000              -0.0000               0.0000               0.0000               0.0494              -0.0000               0.0000               0.0000              -1.0337              -0.0000
[Row   9]              -0.0000               0.0000               0.0605               0.0000              -0.0000               0.0000              -0.5421               0.0000              -0.0000              -1.0517
[Row  10]               0.0007               0.0113              -0.0117              -0.0117               0.0000               0.2092              -0.4804              -0.3397              -0.0000               0.7230
[Row  11]               0.0007               0.0113               0.0117              -0.0117               0.0000               0.2092               0.4804              -0.3397               0.0000              -0.7230
                  [Col 11]
[Row   1]               0.0430
[Row   2]              -0.1212
[Row   3]               0.2465
[Row   4]               0.0000
[Row   5]               0.0000
[Row   6]               0.7713
[Row   7]              -0.9482
[Row   8]              -0.0000
[Row   9]              -0.0000
[Row  10]              -0.8021
[Row  11]              -0.8021
 ===== CB ===== 

                  [Col  1]              [Col  2]              [Col  3]              [Col  4]              [Col  5]              [Col  6]              [Col  7]              [Col  8]              [Col  9]              [Col 10]
[Row   1]               0.9942               0.3673              -0.0000               0.0072              -0.0000               0.0828               0.0000               0.0442              -0.0000              -0.0000
[Row   2]               0.0171              -1.0467               0.0000              -0.0208               0.0000              -0.2834              -0.0000              -0.1389               0.0000               0.0000
[Row   3]              -0.0002               0.0161               0.0000              -0.9837               0.0000               0.0506              -0.0000              -0.2273              -0.0000              -0.0000
[Row   4]              -0.0000               0.0000               0.0000               0.0000               0.9861               0.0000              -0.0000              -0.0000               0.3138               0.0000
[Row   5]               0.0000              -0.0000               0.9835               0.0000              -0.0000              -0.0000               0.1943              -0.0000               0.0000               0.2802
[Row   6]              -0.0026              -0.0552              -0.0000               0.0108              -0.0000               0.8002               0.0000               0.6092              -0.0000              -0.0000
[Row   7]               0.0004               0.0091               0.0000              -0.0592               0.0000              -0.1221               0.0000               0.6847               0.0000               0.0000
[Row   8]               0.0000              -0.0000               0.0000               0.0000               0.0494              -0.0000               0.0000               0.0000              -1.0337              -0.0000
[Row   9]              -0.0000               0.0000               0.0605               0.0000              -0.0000               0.0000              -0.5421               0.0000              -0.0000              -1.0517
[Row  10]               0.0007               0.0113              -0.0117              -0.0117               0.0000               0.2092              -0.4804              -0.3397              -0.0000               0.7230
[Row  11]               0.0007               0.0113               0.0117              -0.0117               0.0000               0.2092               0.4804              -0.3397               0.0000              -0.7230
                  [Col 11]
[Row   1]               0.0430
[Row   2]              -0.1212
[Row   3]               0.2465
[Row   4]               0.0000
[Row   5]               0.0000
[Row   6]               0.7713
[Row   7]              -0.9482
[Row   8]              -0.0000
[Row   9]              -0.0000
[Row  10]              -0.8021
[Row  11]              -0.8021
 ===== P_psi ===== Dalpha+Dbeta 

                  [Col  1]              [Col  2]              [Col  3]              [Col  4]              [Col  5]              [Col  6]              [Col  7]              [Col  8]              [Col  9]              [Col 10]
[Row   1]               2.2642              -0.7943              -0.0145              -0.0000              -0.0000               0.1409               0.0471               0.0000               0.0000               0.0141
[Row   2]              -0.7943               2.3920               0.0418               0.0000               0.0000              -0.5078              -0.1376              -0.0000              -0.0000              -0.0473
[Row   3]              -0.0145               0.0418               2.0444              -0.0000              -0.0000              -0.2190              -0.2069               0.0000               0.0000               0.1990
[Row   4]              -0.0000               0.0000              -0.0000               2.1419               0.0000              -0.0000              -0.0000              -0.5512               0.0000               0.0000
[Row   5]              -0.0000               0.0000              -0.0000               0.0000               2.0102              -0.0000               0.0000              -0.0000              -0.0918              -0.2097
[Row   6]               0.1409              -0.5078              -0.2190              -0.0000              -0.0000               2.0291               0.6366               0.0000               0.0000              -0.0805
[Row   7]               0.0471              -0.1376              -0.2069              -0.0000               0.0000               0.6366               0.9747              -0.0000              -0.0000              -0.5147
[Row   8]               0.0000              -0.0000               0.0000              -0.5512              -0.0000               0.0000              -0.0000               2.1419              -0.0000              -0.0000
[Row   9]               0.0000              -0.0000               0.0000               0.0000              -0.0918               0.0000              -0.0000              -0.0000               0.5950               0.5194
[Row  10]               0.0141              -0.0473               0.1990               0.0000              -0.2097              -0.0805              -0.5147              -0.0000               0.5194               0.7806
[Row  11]               0.0141              -0.0473               0.1990               0.0000               0.2097              -0.0805              -0.5147              -0.0000              -0.5194              -0.1430
                  [Col 11]
[Row   1]               0.0141
[Row   2]              -0.0473
[Row   3]               0.1990
[Row   4]               0.0000
[Row   5]               0.2097
[Row   6]              -0.0805
[Row   7]              -0.5147
[Row   8]              -0.0000
[Row   9]              -0.5194
[Row  10]              -0.1430
[Row  11]               0.7806
===== P_mu,nu local =====

                  [Col  1]              [Col  2]              [Col  3]              [Col  4]              [Col  5]              [Col  6]              [Col  7]              [Col  8]              [Col  9]              [Col 10]
[Row   1]               2.2642              -0.7943              -0.0145              -0.0000              -0.0000               0.1409               0.0471               0.0000               0.0000               0.0141
[Row   2]              -0.7943               2.3920               0.0418               0.0000               0.0000              -0.5078              -0.1376              -0.0000              -0.0000              -0.0473
[Row   3]              -0.0145               0.0418               2.0444              -0.0000              -0.0000              -0.2190              -0.2069               0.0000               0.0000               0.1990
[Row   4]              -0.0000               0.0000              -0.0000               2.1419               0.0000              -0.0000              -0.0000              -0.5512               0.0000               0.0000
[Row   5]              -0.0000               0.0000              -0.0000               0.0000               2.0102              -0.0000               0.0000              -0.0000              -0.0918              -0.2097
[Row   6]               0.1409              -0.5078              -0.2190              -0.0000              -0.0000               2.0291               0.6366               0.0000               0.0000              -0.0805
[Row   7]               0.0471              -0.1376              -0.2069              -0.0000               0.0000               0.6366               0.9747              -0.0000              -0.0000              -0.5147
[Row   8]               0.0000              -0.0000               0.0000              -0.5512              -0.0000               0.0000              -0.0000               2.1419              -0.0000              -0.0000
[Row   9]               0.0000              -0.0000               0.0000               0.0000              -0.0918               0.0000              -0.0000              -0.0000               0.5950               0.5194
[Row  10]               0.0141              -0.0473               0.1990               0.0000              -0.2097              -0.0805              -0.5147              -0.0000               0.5194               0.7806
[Row  11]               0.0141              -0.0473               0.1990               0.0000               0.2097              -0.0805              -0.5147              -0.0000              -0.5194              -0.1430
                  [Col 11]
[Row   1]               0.0141
[Row   2]              -0.0473
[Row   3]               0.1990
[Row   4]               0.0000
[Row   5]               0.2097
[Row   6]              -0.0805
[Row   7]              -0.5147
[Row   8]              -0.0000
[Row   9]              -0.5194
[Row  10]              -0.1430
[Row  11]               0.7806
===== P_mu,nu psi4 =====

                  [Col  1]              [Col  2]              [Col  3]              [Col  4]              [Col  5]              [Col  6]              [Col  7]              [Col  8]              [Col  9]              [Col 10]
[Row   1]               2.2642              -0.7943              -0.0145              -0.0000              -0.0000               0.1409               0.0471               0.0000               0.0000               0.0141
[Row   2]              -0.7943               2.3920               0.0418               0.0000               0.0000              -0.5078              -0.1376              -0.0000              -0.0000              -0.0473
[Row   3]              -0.0145               0.0418               2.0444              -0.0000              -0.0000              -0.2190              -0.2069               0.0000               0.0000               0.1990
[Row   4]              -0.0000               0.0000              -0.0000               2.1419               0.0000              -0.0000              -0.0000              -0.5512               0.0000               0.0000
[Row   5]              -0.0000               0.0000              -0.0000               0.0000               2.0102              -0.0000               0.0000              -0.0000              -0.0918              -0.2097
[Row   6]               0.1409              -0.5078              -0.2190              -0.0000              -0.0000               2.0291               0.6366               0.0000               0.0000              -0.0805
[Row   7]               0.0471              -0.1376              -0.2069              -0.0000               0.0000               0.6366               0.9747              -0.0000              -0.0000              -0.5147
[Row   8]               0.0000              -0.0000               0.0000              -0.5512              -0.0000               0.0000              -0.0000               2.1419              -0.0000              -0.0000
[Row   9]               0.0000              -0.0000               0.0000               0.0000              -0.0918               0.0000              -0.0000              -0.0000               0.5950               0.5194
[Row  10]               0.0141              -0.0473               0.1990               0.0000              -0.2097              -0.0805              -0.5147              -0.0000               0.5194               0.7806
[Row  11]               0.0141              -0.0473               0.1990               0.0000               0.2097              -0.0805              -0.5147              -0.0000              -0.5194              -0.1430
                  [Col 11]
[Row   1]               0.0141
[Row   2]              -0.0473
[Row   3]               0.1990
[Row   4]               0.0000
[Row   5]               0.2097
[Row   6]              -0.0805
[Row   7]              -0.5147
[Row   8]              -0.0000
[Row   9]              -0.5194
[Row  10]              -0.1430
[Row  11]               0.7806
====== P^(AO) = SPS =====

                  [Col  1]              [Col  2]              [Col  3]              [Col  4]              [Col  5]              [Col  6]              [Col  7]              [Col  8]              [Col  9]              [Col 10]
[Row   1]               2.0000               0.6711              -0.0001              -0.0000              -0.0000               0.0283               0.0009               0.0000              -0.0000               0.0159
[Row   2]               0.6711               1.9995               0.0010              -0.0000               0.0000               0.4892              -0.0122              -0.0000              -0.0000               0.1095
[Row   3]              -0.0001               0.0010               1.9977              -0.0000              -0.0000              -0.0069               0.5422               0.0000               0.0000              -0.0169
[Row   4]              -0.0000              -0.0000              -0.0000               2.0000               0.0000              -0.0000              -0.0000               0.5147               0.0000               0.0000
[Row   5]              -0.0000               0.0000              -0.0000               0.0000               1.9969              -0.0000               0.0000              -0.0000               0.5559               0.0174
[Row   6]               0.0283               0.4892              -0.0069              -0.0000              -0.0000               1.9794               0.0827               0.0000              -0.0000               0.8655
[Row   7]               0.0009              -0.0122               0.5422              -0.0000              -0.0000               0.0827               1.6684              -0.0000              -0.0000              -0.8620
[Row   8]               0.0000              -0.0000               0.0000               0.5147              -0.0000               0.0000              -0.0000               2.0000              -0.0000              -0.0000
[Row   9]              -0.0000              -0.0000               0.0000               0.0000               0.5559              -0.0000              -0.0000              -0.0000               1.4522               0.9484
[Row  10]               0.0159               0.1095              -0.0169               0.0000               0.0174               0.8655              -0.8620              -0.0000               0.9484               1.6015
[Row  11]               0.0159               0.1095              -0.0169               0.0000              -0.0174               0.8655              -0.8620              -0.0000              -0.9484               0.2287
                  [Col 11]
[Row   1]               0.0159
[Row   2]               0.1095
[Row   3]              -0.0169
[Row   4]               0.0000
[Row   5]              -0.0174
[Row   6]               0.8655
[Row   7]              -0.8620
[Row   8]              -0.0000
[Row   9]              -0.9484
[Row  10]               0.2287
[Row  11]               1.6015
====== S^(AO) = S =====

                  [Col  1]              [Col  2]              [Col  3]              [Col  4]              [Col  5]              [Col  6]              [Col  7]              [Col  8]              [Col  9]              [Col 10]
[Row   1]               1.0000               0.3355               0.0000               0.0000               0.0000               0.0143              -0.0000               0.0000               0.0000               0.0075
[Row   2]               0.3355               1.0000               0.0000               0.0000               0.0000               0.2431              -0.0000               0.0000               0.0000               0.0597
[Row   3]               0.0000               0.0000               1.0000               0.0000               0.0000               0.0000               0.2574               0.0000               0.0000              -0.0195
[Row   4]               0.0000               0.0000               0.0000               1.0000               0.0000               0.0000               0.0000               0.2574               0.0000               0.0000
[Row   5]               0.0000               0.0000               0.0000               0.0000               1.0000               0.0000               0.0000               0.0000               0.2574               0.0207
[Row   6]               0.0143               0.2431               0.0000               0.0000               0.0000               1.0000               0.0000               0.0000               0.0000               0.3995
[Row   7]              -0.0000              -0.0000               0.2574               0.0000               0.0000               0.0000               1.0000               0.0000               0.0000              -0.2977
[Row   8]               0.0000               0.0000               0.0000               0.2574               0.0000               0.0000               0.0000               1.0000               0.0000               0.0000
[Row   9]               0.0000               0.0000               0.0000               0.0000               0.2574               0.0000               0.0000               0.0000               1.0000               0.3155
[Row  10]               0.0075               0.0597              -0.0195               0.0000               0.0207               0.3995              -0.2977               0.0000               0.3155               1.0000
[Row  11]               0.0075               0.0597              -0.0195               0.0000              -0.0207               0.3995              -0.2977               0.0000              -0.3155               0.1296
                  [Col 11]
[Row   1]               0.0075
[Row   2]               0.0597
[Row   3]              -0.0195
[Row   4]               0.0000
[Row   5]              -0.0207
[Row   6]               0.3995
[Row   7]              -0.2977
[Row   8]               0.0000
[Row   9]              -0.3155
[Row  10]               0.1296
[Row  11]               1.0000
====== P^(AO) std gaussian m_l ordering SPS =====

                  [Col  1]              [Col  2]              [Col  3]              [Col  4]              [Col  5]              [Col  6]              [Col  7]              [Col  8]              [Col  9]              [Col 10]
[Row   1]               2.0000               0.6711              -0.0000              -0.0000              -0.0001               0.0283               0.0000              -0.0000               0.0009               0.0159
[Row   2]               0.6711               1.9995              -0.0000               0.0000               0.0010               0.4892              -0.0000              -0.0000              -0.0122               0.1095
[Row   3]              -0.0000              -0.0000               2.0000               0.0000              -0.0000              -0.0000               0.5147               0.0000              -0.0000               0.0000
[Row   4]              -0.0000               0.0000               0.0000               1.9969              -0.0000              -0.0000              -0.0000               0.5559               0.0000               0.0174
[Row   5]              -0.0001               0.0010              -0.0000              -0.0000               1.9977              -0.0069               0.0000               0.0000               0.5422              -0.0169
[Row   6]               0.0283               0.4892              -0.0000              -0.0000              -0.0069               1.9794               0.0000              -0.0000               0.0827               0.8655
[Row   7]               0.0000              -0.0000               0.5147              -0.0000               0.0000               0.0000               2.0000              -0.0000              -0.0000              -0.0000
[Row   8]              -0.0000              -0.0000               0.0000               0.5559               0.0000              -0.0000              -0.0000               1.4522              -0.0000               0.9484
[Row   9]               0.0009              -0.0122              -0.0000              -0.0000               0.5422               0.0827              -0.0000              -0.0000               1.6684              -0.8620
[Row  10]               0.0159               0.1095               0.0000               0.0174              -0.0169               0.8655              -0.0000               0.9484              -0.8620               1.6015
[Row  11]               0.0159               0.1095               0.0000              -0.0174              -0.0169               0.8655              -0.0000              -0.9484              -0.8620               0.2287
                  [Col 11]
[Row   1]               0.0159
[Row   2]               0.1095
[Row   3]               0.0000
[Row   4]              -0.0174
[Row   5]              -0.0169
[Row   6]               0.8655
[Row   7]              -0.0000
[Row   8]              -0.9484
[Row   9]              -0.8620
[Row  10]               0.2287
[Row  11]               1.6015
====== S^(AO) std gaussian m_l ordering =====

                  [Col  1]              [Col  2]              [Col  3]              [Col  4]              [Col  5]              [Col  6]              [Col  7]              [Col  8]              [Col  9]              [Col 10]
[Row   1]               1.0000               0.3355               0.0000               0.0000               0.0000               0.0143               0.0000               0.0000              -0.0000               0.0075
[Row   2]               0.3355               1.0000               0.0000               0.0000               0.0000               0.2431               0.0000               0.0000              -0.0000               0.0597
[Row   3]               0.0000               0.0000               1.0000               0.0000               0.0000               0.0000               0.2574               0.0000               0.0000               0.0000
[Row   4]               0.0000               0.0000               0.0000               1.0000               0.0000               0.0000               0.0000               0.2574               0.0000               0.0207
[Row   5]               0.0000               0.0000               0.0000               0.0000               1.0000               0.0000               0.0000               0.0000               0.2574              -0.0195
[Row   6]               0.0143               0.2431               0.0000               0.0000               0.0000               1.0000               0.0000               0.0000               0.0000               0.3995
[Row   7]               0.0000               0.0000               0.2574               0.0000               0.0000               0.0000               1.0000               0.0000               0.0000               0.0000
[Row   8]               0.0000               0.0000               0.0000               0.2574               0.0000               0.0000               0.0000               1.0000               0.0000               0.3155
[Row   9]              -0.0000              -0.0000               0.0000               0.0000               0.2574               0.0000               0.0000               0.0000               1.0000              -0.2977
[Row  10]               0.0075               0.0597               0.0000               0.0207              -0.0195               0.3995               0.0000               0.3155              -0.2977               1.0000
[Row  11]               0.0075               0.0597               0.0000              -0.0207              -0.0195               0.3995               0.0000              -0.3155              -0.2977               0.1296
                  [Col 11]
[Row   1]               0.0075
[Row   2]               0.0597
[Row   3]               0.0000
[Row   4]              -0.0207
[Row   5]              -0.0195
[Row   6]               0.3995
[Row   7]               0.0000
[Row   8]              -0.3155
[Row   9]              -0.2977
[Row  10]               0.1296
[Row  11]               1.0000
