molecule mol22.xyz
System:, atNum: 3 coords [              0.0000               0.0000              -2.2204]
System:, atNum: 9 coords [              0.0000               0.0000               0.7401]
===== Original AO-S matrix =====

                  [Col  1]              [Col  2]              [Col  3]              [Col  4]              [Col  5]              [Col  6]              [Col  7]              [Col  8]              [Col  9]              [Col 10]
[Row   1]               1.0000               0.2411               0.0000               0.0000               0.0000               0.0002               0.0286              -0.0489               0.0000               0.0000
[Row   2]               0.2411               1.0000               0.0000               0.0000               0.0000               0.0280               0.2717              -0.0982               0.0000               0.0000
[Row   3]               0.0000               0.0000               1.0000               0.0000               0.0000               0.0483               0.4169              -0.1201               0.0000               0.0000
[Row   4]               0.0000               0.0000               0.0000               1.0000               0.0000               0.0000               0.0000               0.0000               0.1314               0.0000
[Row   5]               0.0000               0.0000               0.0000               0.0000               1.0000               0.0000               0.0000               0.0000               0.0000               0.1314
[Row   6]               0.0002               0.0280               0.0483               0.0000               0.0000               1.0000               0.2380              -0.0000               0.0000               0.0000
[Row   7]               0.0286               0.2717               0.4169               0.0000               0.0000               0.2380               1.0000              -0.0000               0.0000               0.0000
[Row   8]              -0.0489              -0.0982              -0.1201               0.0000               0.0000              -0.0000              -0.0000               1.0000               0.0000               0.0000
[Row   9]               0.0000               0.0000               0.0000               0.1314               0.0000               0.0000               0.0000               0.0000               1.0000               0.0000
[Row  10]               0.0000               0.0000               0.0000               0.0000               0.1314               0.0000               0.0000               0.0000               0.0000               1.0000
nbas 10
 ===== CA ===== 

                  [Col  1]              [Col  2]              [Col  3]              [Col  4]              [Col  5]              [Col  6]              [Col  7]              [Col  8]              [Col  9]              [Col 10]
[Row   1]              -0.0002               0.9892               0.0749               0.1072              -0.0000               0.0000               0.2397              -0.0000               0.0000               0.1064
[Row   2]               0.0034               0.0341              -0.0549              -0.1906               0.0000              -0.0000              -0.8990               0.0000               0.0000              -0.5796
[Row   3]               0.0048              -0.0048              -0.0594              -0.1740               0.0000              -0.0000               0.4836               0.0000               0.0000              -0.9981
[Row   4]               0.0000               0.0000               0.0000               0.0000               0.3083               0.0026              -0.0000               0.9600               0.0293               0.0000
[Row   5]              -0.0000               0.0000               0.0000               0.0000               0.0026              -0.3083              -0.0000               0.0293              -0.9600               0.0000
[Row   6]              -0.9947              -0.0072               0.2580              -0.0314               0.0000               0.0000              -0.0116               0.0000               0.0000              -0.0955
[Row   7]              -0.0230               0.0238              -0.9855               0.1826              -0.0000               0.0000               0.0528              -0.0000              -0.0000               0.6465
[Row   8]               0.0014              -0.0161               0.0287               0.9376              -0.0000               0.0000              -0.0951              -0.0000              -0.0000              -0.3800
[Row   9]               0.0000              -0.0000               0.0000               0.0000               0.9116               0.0076               0.0000              -0.4316              -0.0132              -0.0000
[Row  10]              -0.0000              -0.0000              -0.0000               0.0000               0.0076              -0.9116               0.0000              -0.0132               0.4316              -0.0000
 ===== CB ===== 

                  [Col  1]              [Col  2]              [Col  3]              [Col  4]              [Col  5]              [Col  6]              [Col  7]              [Col  8]              [Col  9]              [Col 10]
[Row   1]              -0.0002               0.9892               0.0749               0.1072              -0.0000               0.0000               0.2397              -0.0000               0.0000               0.1064
[Row   2]               0.0034               0.0341              -0.0549              -0.1906               0.0000              -0.0000              -0.8990               0.0000               0.0000              -0.5796
[Row   3]               0.0048              -0.0048              -0.0594              -0.1740               0.0000              -0.0000               0.4836               0.0000               0.0000              -0.9981
[Row   4]               0.0000               0.0000               0.0000               0.0000               0.3083               0.0026              -0.0000               0.9600               0.0293               0.0000
[Row   5]              -0.0000               0.0000               0.0000               0.0000               0.0026              -0.3083              -0.0000               0.0293              -0.9600               0.0000
[Row   6]              -0.9947              -0.0072               0.2580              -0.0314               0.0000               0.0000              -0.0116               0.0000               0.0000              -0.0955
[Row   7]              -0.0230               0.0238              -0.9855               0.1826              -0.0000               0.0000               0.0528              -0.0000              -0.0000               0.6465
[Row   8]               0.0014              -0.0161               0.0287               0.9376              -0.0000               0.0000              -0.0951              -0.0000              -0.0000              -0.3800
[Row   9]               0.0000              -0.0000               0.0000               0.0000               0.9116               0.0076               0.0000              -0.4316              -0.0132              -0.0000
[Row  10]              -0.0000              -0.0000              -0.0000               0.0000               0.0076              -0.9116               0.0000              -0.0132               0.4316              -0.0000
 ===== P_psi ===== Dalpha+Dbeta 

                  [Col  1]              [Col  2]              [Col  3]              [Col  4]              [Col  5]              [Col  6]              [Col  7]              [Col  8]              [Col  9]              [Col 10]
[Row   1]               1.9911               0.0184              -0.0558               0.0000               0.0000               0.0180              -0.0612               0.1736              -0.0000              -0.0000
[Row   2]               0.0184               0.0811               0.0726              -0.0000               0.0000              -0.0237               0.0401              -0.3617              -0.0000               0.0000
[Row   3]              -0.0558               0.0726               0.0677              -0.0000               0.0000              -0.0292               0.0530              -0.3295              -0.0000              -0.0000
[Row   4]               0.0000              -0.0000              -0.0000               0.1901               0.0000              -0.0000               0.0000               0.0000               0.5621              -0.0000
[Row   5]               0.0000               0.0000               0.0000               0.0000               0.1901               0.0000              -0.0000              -0.0000               0.0000               0.5621
[Row   6]               0.0180              -0.0237              -0.0292              -0.0000               0.0000               2.1138              -0.4745              -0.0465               0.0000               0.0000
[Row   7]              -0.0612               0.0401               0.0530               0.0000              -0.0000              -0.4745               2.0114               0.2849              -0.0000              -0.0000
[Row   8]               0.1736              -0.3617              -0.3295               0.0000              -0.0000              -0.0465               0.2849               1.7604              -0.0000              -0.0000
[Row   9]              -0.0000              -0.0000              -0.0000               0.5621               0.0000               0.0000              -0.0000              -0.0000               1.6623              -0.0000
[Row  10]              -0.0000               0.0000              -0.0000              -0.0000               0.5621               0.0000              -0.0000              -0.0000              -0.0000               1.6623
===== P_mu,nu local =====

                  [Col  1]              [Col  2]              [Col  3]              [Col  4]              [Col  5]              [Col  6]              [Col  7]              [Col  8]              [Col  9]              [Col 10]
[Row   1]               1.9911               0.0184              -0.0558               0.0000               0.0000               0.0180              -0.0612               0.1736              -0.0000              -0.0000
[Row   2]               0.0184               0.0811               0.0726              -0.0000               0.0000              -0.0237               0.0401              -0.3617              -0.0000               0.0000
[Row   3]              -0.0558               0.0726               0.0677              -0.0000               0.0000              -0.0292               0.0530              -0.3295              -0.0000              -0.0000
[Row   4]               0.0000              -0.0000              -0.0000               0.1901               0.0000              -0.0000               0.0000               0.0000               0.5621              -0.0000
[Row   5]               0.0000               0.0000               0.0000               0.0000               0.1901               0.0000              -0.0000              -0.0000               0.0000               0.5621
[Row   6]               0.0180              -0.0237              -0.0292              -0.0000               0.0000               2.1138              -0.4745              -0.0465               0.0000               0.0000
[Row   7]              -0.0612               0.0401               0.0530               0.0000              -0.0000              -0.4745               2.0114               0.2849              -0.0000              -0.0000
[Row   8]               0.1736              -0.3617              -0.3295               0.0000              -0.0000              -0.0465               0.2849               1.7604              -0.0000              -0.0000
[Row   9]              -0.0000              -0.0000              -0.0000               0.5621               0.0000               0.0000              -0.0000              -0.0000               1.6623              -0.0000
[Row  10]              -0.0000               0.0000              -0.0000              -0.0000               0.5621               0.0000              -0.0000              -0.0000              -0.0000               1.6623
===== P_mu,nu psi4 =====

                  [Col  1]              [Col  2]              [Col  3]              [Col  4]              [Col  5]              [Col  6]              [Col  7]              [Col  8]              [Col  9]              [Col 10]
[Row   1]               1.9911               0.0184              -0.0558               0.0000               0.0000               0.0180              -0.0612               0.1736              -0.0000              -0.0000
[Row   2]               0.0184               0.0811               0.0726              -0.0000               0.0000              -0.0237               0.0401              -0.3617              -0.0000               0.0000
[Row   3]              -0.0558               0.0726               0.0677              -0.0000               0.0000              -0.0292               0.0530              -0.3295              -0.0000              -0.0000
[Row   4]               0.0000              -0.0000              -0.0000               0.1901               0.0000              -0.0000               0.0000               0.0000               0.5621              -0.0000
[Row   5]               0.0000               0.0000               0.0000               0.0000               0.1901               0.0000              -0.0000              -0.0000               0.0000               0.5621
[Row   6]               0.0180              -0.0237              -0.0292              -0.0000               0.0000               2.1138              -0.4745              -0.0465               0.0000               0.0000
[Row   7]              -0.0612               0.0401               0.0530               0.0000              -0.0000              -0.4745               2.0114               0.2849              -0.0000              -0.0000
[Row   8]               0.1736              -0.3617              -0.3295               0.0000              -0.0000              -0.0465               0.2849               1.7604              -0.0000              -0.0000
[Row   9]              -0.0000              -0.0000              -0.0000               0.5621               0.0000               0.0000              -0.0000              -0.0000               1.6623              -0.0000
[Row  10]              -0.0000               0.0000              -0.0000              -0.0000               0.5621               0.0000              -0.0000              -0.0000              -0.0000               1.6623
====== P^(AO) = SPS =====

                  [Col  1]              [Col  2]              [Col  3]              [Col  4]              [Col  5]              [Col  6]              [Col  7]              [Col  8]              [Col  9]              [Col 10]
[Row   1]               1.9983               0.5325              -0.0249               0.0000               0.0000               0.0005               0.0561              -0.0919              -0.0000              -0.0000
[Row   2]               0.5325               0.4262               0.3723              -0.0000               0.0000               0.0506               0.6033              -0.4650              -0.0000              -0.0000
[Row   3]              -0.0249               0.3723               0.5211              -0.0000              -0.0000               0.0890               0.8923              -0.4477              -0.0000              -0.0000
[Row   4]               0.0000              -0.0000              -0.0000               0.3664               0.0000              -0.0000              -0.0000               0.0000               0.8151              -0.0000
[Row   5]               0.0000               0.0000              -0.0000               0.0000               0.3664              -0.0000              -0.0000              -0.0000               0.0000               0.8151
[Row   6]               0.0005               0.0506               0.0890              -0.0000              -0.0000               1.9999               0.4766              -0.0026              -0.0000              -0.0000
[Row   7]               0.0561               0.6033               0.8923              -0.0000              -0.0000               0.4766               1.9939               0.0244              -0.0000              -0.0000
[Row   8]              -0.0919              -0.4650              -0.4477               0.0000              -0.0000              -0.0026               0.0244               1.9014               0.0000              -0.0000
[Row   9]              -0.0000              -0.0000              -0.0000               0.8151               0.0000              -0.0000              -0.0000               0.0000               1.8132              -0.0000
[Row  10]              -0.0000              -0.0000              -0.0000              -0.0000               0.8151              -0.0000              -0.0000              -0.0000              -0.0000               1.8132
====== S^(AO) = S =====

                  [Col  1]              [Col  2]              [Col  3]              [Col  4]              [Col  5]              [Col  6]              [Col  7]              [Col  8]              [Col  9]              [Col 10]
[Row   1]               1.0000               0.2411               0.0000               0.0000               0.0000               0.0002               0.0286              -0.0489               0.0000               0.0000
[Row   2]               0.2411               1.0000               0.0000               0.0000               0.0000               0.0280               0.2717              -0.0982               0.0000               0.0000
[Row   3]               0.0000               0.0000               1.0000               0.0000               0.0000               0.0483               0.4169              -0.1201               0.0000               0.0000
[Row   4]               0.0000               0.0000               0.0000               1.0000               0.0000               0.0000               0.0000               0.0000               0.1314               0.0000
[Row   5]               0.0000               0.0000               0.0000               0.0000               1.0000               0.0000               0.0000               0.0000               0.0000               0.1314
[Row   6]               0.0002               0.0280               0.0483               0.0000               0.0000               1.0000               0.2380              -0.0000               0.0000               0.0000
[Row   7]               0.0286               0.2717               0.4169               0.0000               0.0000               0.2380               1.0000              -0.0000               0.0000               0.0000
[Row   8]              -0.0489              -0.0982              -0.1201               0.0000               0.0000              -0.0000              -0.0000               1.0000               0.0000               0.0000
[Row   9]               0.0000               0.0000               0.0000               0.1314               0.0000               0.0000               0.0000               0.0000               1.0000               0.0000
[Row  10]               0.0000               0.0000               0.0000               0.0000               0.1314               0.0000               0.0000               0.0000               0.0000               1.0000
====== P^(AO) std gaussian m_l ordering SPS =====

                  [Col  1]              [Col  2]              [Col  3]              [Col  4]              [Col  5]              [Col  6]              [Col  7]              [Col  8]              [Col  9]              [Col 10]
[Row   1]               1.9983               0.5325               0.0000               0.0000              -0.0249               0.0005               0.0561              -0.0000              -0.0000              -0.0919
[Row   2]               0.5325               0.4262              -0.0000               0.0000               0.3723               0.0506               0.6033              -0.0000              -0.0000              -0.4650
[Row   3]               0.0000              -0.0000               0.3664               0.0000              -0.0000              -0.0000              -0.0000               0.8151              -0.0000               0.0000
[Row   4]               0.0000               0.0000               0.0000               0.3664              -0.0000              -0.0000              -0.0000               0.0000               0.8151              -0.0000
[Row   5]              -0.0249               0.3723              -0.0000              -0.0000               0.5211               0.0890               0.8923              -0.0000              -0.0000              -0.4477
[Row   6]               0.0005               0.0506              -0.0000              -0.0000               0.0890               1.9999               0.4766              -0.0000              -0.0000              -0.0026
[Row   7]               0.0561               0.6033              -0.0000              -0.0000               0.8923               0.4766               1.9939              -0.0000              -0.0000               0.0244
[Row   8]              -0.0000              -0.0000               0.8151               0.0000              -0.0000              -0.0000              -0.0000               1.8132              -0.0000               0.0000
[Row   9]              -0.0000              -0.0000              -0.0000               0.8151              -0.0000              -0.0000              -0.0000              -0.0000               1.8132              -0.0000
[Row  10]              -0.0919              -0.4650               0.0000              -0.0000              -0.4477              -0.0026               0.0244               0.0000              -0.0000               1.9014
====== S^(AO) std gaussian m_l ordering =====

                  [Col  1]              [Col  2]              [Col  3]              [Col  4]              [Col  5]              [Col  6]              [Col  7]              [Col  8]              [Col  9]              [Col 10]
[Row   1]               1.0000               0.2411               0.0000               0.0000               0.0000               0.0002               0.0286               0.0000               0.0000              -0.0489
[Row   2]               0.2411               1.0000               0.0000               0.0000               0.0000               0.0280               0.2717               0.0000               0.0000              -0.0982
[Row   3]               0.0000               0.0000               1.0000               0.0000               0.0000               0.0000               0.0000               0.1314               0.0000               0.0000
[Row   4]               0.0000               0.0000               0.0000               1.0000               0.0000               0.0000               0.0000               0.0000               0.1314               0.0000
[Row   5]               0.0000               0.0000               0.0000               0.0000               1.0000               0.0483               0.4169               0.0000               0.0000              -0.1201
[Row   6]               0.0002               0.0280               0.0000               0.0000               0.0483               1.0000               0.2380               0.0000               0.0000              -0.0000
[Row   7]               0.0286               0.2717               0.0000               0.0000               0.4169               0.2380               1.0000               0.0000               0.0000              -0.0000
[Row   8]               0.0000               0.0000               0.1314               0.0000               0.0000               0.0000               0.0000               1.0000               0.0000               0.0000
[Row   9]               0.0000               0.0000               0.0000               0.1314               0.0000               0.0000               0.0000               0.0000               1.0000               0.0000
[Row  10]              -0.0489              -0.0982               0.0000               0.0000              -0.1201              -0.0000              -0.0000               0.0000               0.0000               1.0000
