molecule mol27.xyz
System:, atNum: 6 coords [              0.0000               0.0000              -0.9671]
System:, atNum: 7 coords [              0.0000               0.0000               1.2556]
System:, atNum: 1 coords [              0.0000               0.0000              -2.9872]
===== Original AO-S matrix =====

                  [Col  1]              [Col  2]              [Col  3]              [Col  4]              [Col  5]              [Col  6]              [Col  7]              [Col  8]              [Col  9]              [Col 10]
[Row   1]               1.0000               0.2484              -0.0000               0.0000               0.0000               0.0000               0.0533              -0.0882               0.0000               0.0000
[Row   2]               0.2484               1.0000               0.0000               0.0000               0.0000               0.0494               0.4401              -0.4024               0.0000               0.0000
[Row   3]              -0.0000               0.0000               1.0000               0.0000               0.0000               0.0832               0.4699              -0.3167               0.0000               0.0000
[Row   4]               0.0000               0.0000               0.0000               1.0000               0.0000               0.0000               0.0000               0.0000               0.2744               0.0000
[Row   5]               0.0000               0.0000               0.0000               0.0000               1.0000               0.0000               0.0000               0.0000               0.0000               0.2744
[Row   6]               0.0000               0.0494               0.0832               0.0000               0.0000               1.0000               0.2350              -0.0000               0.0000               0.0000
[Row   7]               0.0533               0.4401               0.4699               0.0000               0.0000               0.2350               1.0000               0.0000               0.0000               0.0000
[Row   8]              -0.0882              -0.4024              -0.3167               0.0000               0.0000              -0.0000               0.0000               1.0000               0.0000               0.0000
[Row   9]               0.0000               0.0000               0.0000               0.2744               0.0000               0.0000               0.0000               0.0000               1.0000               0.0000
[Row  10]               0.0000               0.0000               0.0000               0.0000               0.2744               0.0000               0.0000               0.0000               0.0000               1.0000
[Row  11]               0.0654               0.5029              -0.4744               0.0000               0.0000               0.0033               0.0624              -0.0785               0.0000               0.0000
                  [Col 11]
[Row   1]               0.0654
[Row   2]               0.5029
[Row   3]              -0.4744
[Row   4]               0.0000
[Row   5]               0.0000
[Row   6]               0.0033
[Row   7]               0.0624
[Row   8]              -0.0785
[Row   9]               0.0000
[Row  10]               0.0000
[Row  11]               1.0000
nbas 11
 ===== CA ===== 

                  [Col  1]              [Col  2]              [Col  3]              [Col  4]              [Col  5]              [Col  6]              [Col  7]              [Col  8]              [Col  9]              [Col 10]
[Row   1]              -0.0004               0.9929               0.1629               0.1471               0.0730              -0.0000              -0.0000              -0.0000              -0.0000               0.1927
[Row   2]               0.0099               0.0310              -0.3620              -0.4699              -0.2230              -0.0000               0.0000               0.0000               0.0000              -1.2820
[Row   3]               0.0074               0.0017              -0.1969               0.3930              -0.3256               0.0000               0.0000               0.0000               0.0000               0.3229
[Row   4]               0.0000               0.0000               0.0000              -0.0000               0.0000               0.6133               0.0221               0.7015               0.4612               0.0000
[Row   5]              -0.0000              -0.0000               0.0000              -0.0000               0.0000              -0.0221               0.6133              -0.4612               0.7015              -0.0000
[Row   6]              -0.9940              -0.0004               0.2006              -0.0829              -0.1315               0.0000               0.0000               0.0000               0.0000              -0.0604
[Row   7]              -0.0292              -0.0066              -0.6348               0.2921               0.6837              -0.0000              -0.0000              -0.0000              -0.0000               0.3770
[Row   8]               0.0083               0.0018               0.2181               0.0495               0.6670              -0.0000              -0.0000               0.0000               0.0000              -0.4911
[Row   9]              -0.0000              -0.0000               0.0000              -0.0000               0.0000               0.6385               0.0230              -0.6856              -0.4507              -0.0000
[Row  10]               0.0000              -0.0000              -0.0000              -0.0000               0.0000              -0.0230               0.6385               0.4507              -0.6856               0.0000
[Row  11]               0.0005              -0.0060              -0.0672              -0.4484               0.1642              -0.0000              -0.0000              -0.0000              -0.0000               1.1398
                  [Col 11]
[Row   1]               0.0681
[Row   2]              -0.7077
[Row   3]              -1.5088
[Row   4]               0.0000
[Row   5]               0.0000
[Row   6]              -0.1207
[Row   7]               1.1718
[Row   8]              -1.0489
[Row   9]              -0.0000
[Row  10]              -0.0000
[Row  11]              -0.6681
 ===== CB ===== 

                  [Col  1]              [Col  2]              [Col  3]              [Col  4]              [Col  5]              [Col  6]              [Col  7]              [Col  8]              [Col  9]              [Col 10]
[Row   1]              -0.0004               0.9929               0.1629               0.1471               0.0730              -0.0000              -0.0000              -0.0000              -0.0000               0.1927
[Row   2]               0.0099               0.0310              -0.3620              -0.4699              -0.2230              -0.0000               0.0000               0.0000               0.0000              -1.2820
[Row   3]               0.0074               0.0017              -0.1969               0.3930              -0.3256               0.0000               0.0000               0.0000               0.0000               0.3229
[Row   4]               0.0000               0.0000               0.0000              -0.0000               0.0000               0.6133               0.0221               0.7015               0.4612               0.0000
[Row   5]              -0.0000              -0.0000               0.0000              -0.0000               0.0000              -0.0221               0.6133              -0.4612               0.7015              -0.0000
[Row   6]              -0.9940              -0.0004               0.2006              -0.0829              -0.1315               0.0000               0.0000               0.0000               0.0000              -0.0604
[Row   7]              -0.0292              -0.0066              -0.6348               0.2921               0.6837              -0.0000              -0.0000              -0.0000              -0.0000               0.3770
[Row   8]               0.0083               0.0018               0.2181               0.0495               0.6670              -0.0000              -0.0000               0.0000               0.0000              -0.4911
[Row   9]              -0.0000              -0.0000               0.0000              -0.0000               0.0000               0.6385               0.0230              -0.6856              -0.4507              -0.0000
[Row  10]               0.0000              -0.0000              -0.0000              -0.0000               0.0000              -0.0230               0.6385               0.4507              -0.6856               0.0000
[Row  11]               0.0005              -0.0060              -0.0672              -0.4484               0.1642              -0.0000              -0.0000              -0.0000              -0.0000               1.1398
                  [Col 11]
[Row   1]               0.0681
[Row   2]              -0.7077
[Row   3]              -1.5088
[Row   4]               0.0000
[Row   5]               0.0000
[Row   6]              -0.1207
[Row   7]               1.1718
[Row   8]              -1.0489
[Row   9]              -0.0000
[Row  10]              -0.0000
[Row  11]              -0.6681
 ===== P_psi ===== Dalpha+Dbeta 

                  [Col  1]              [Col  2]              [Col  3]              [Col  4]              [Col  5]              [Col  6]              [Col  7]              [Col  8]              [Col  9]              [Col 10]
[Row   1]               2.0788              -0.2272               0.0073               0.0000              -0.0000               0.0219              -0.0343               0.1866              -0.0000              -0.0000
[Row   2]              -0.2272               0.8053              -0.0814              -0.0000               0.0000              -0.0284              -0.1209              -0.5016              -0.0000               0.0000
[Row   3]               0.0073              -0.0814               0.5987              -0.0000               0.0000              -0.0733               0.0339              -0.4813              -0.0000              -0.0000
[Row   4]               0.0000              -0.0000              -0.0000               0.7532               0.0000              -0.0000               0.0000              -0.0000               0.7842               0.0000
[Row   5]              -0.0000               0.0000               0.0000               0.0000               0.7532               0.0000              -0.0000               0.0000              -0.0000               0.7842
[Row   6]               0.0219              -0.0284              -0.0733              -0.0000               0.0000               2.1049              -0.4249              -0.1126               0.0000              -0.0000
[Row   7]              -0.0343              -0.1209               0.0339               0.0000              -0.0000              -0.4249               1.9133               0.6634               0.0000               0.0000
[Row   8]               0.1866              -0.5016              -0.4813              -0.0000               0.0000              -0.1126               0.6634               0.9899              -0.0000               0.0000
[Row   9]              -0.0000              -0.0000              -0.0000               0.7842              -0.0000               0.0000               0.0000              -0.0000               0.8165              -0.0000
[Row  10]              -0.0000               0.0000              -0.0000               0.0000               0.7842              -0.0000               0.0000               0.0000              -0.0000               0.8165
[Row  11]              -0.1417               0.3965              -0.4330              -0.0000              -0.0000               0.0032               0.0479               0.1454               0.0000               0.0000
                  [Col 11]
[Row   1]              -0.1417
[Row   2]               0.3965
[Row   3]              -0.4330
[Row   4]              -0.0000
[Row   5]              -0.0000
[Row   6]               0.0032
[Row   7]               0.0479
[Row   8]               0.1454
[Row   9]               0.0000
[Row  10]               0.0000
[Row  11]               0.4651
===== P_mu,nu local =====

                  [Col  1]              [Col  2]              [Col  3]              [Col  4]              [Col  5]              [Col  6]              [Col  7]              [Col  8]              [Col  9]              [Col 10]
[Row   1]               2.0788              -0.2272               0.0073               0.0000              -0.0000               0.0219              -0.0343               0.1866              -0.0000              -0.0000
[Row   2]              -0.2272               0.8053              -0.0814              -0.0000               0.0000              -0.0284              -0.1209              -0.5016              -0.0000               0.0000
[Row   3]               0.0073              -0.0814               0.5987              -0.0000               0.0000              -0.0733               0.0339              -0.4813              -0.0000              -0.0000
[Row   4]               0.0000              -0.0000              -0.0000               0.7532               0.0000              -0.0000               0.0000              -0.0000               0.7842               0.0000
[Row   5]              -0.0000               0.0000               0.0000               0.0000               0.7532               0.0000              -0.0000               0.0000              -0.0000               0.7842
[Row   6]               0.0219              -0.0284              -0.0733              -0.0000               0.0000               2.1049              -0.4249              -0.1126               0.0000              -0.0000
[Row   7]              -0.0343              -0.1209               0.0339               0.0000              -0.0000              -0.4249               1.9133               0.6634               0.0000               0.0000
[Row   8]               0.1866              -0.5016              -0.4813              -0.0000               0.0000              -0.1126               0.6634               0.9899              -0.0000               0.0000
[Row   9]              -0.0000              -0.0000              -0.0000               0.7842              -0.0000               0.0000               0.0000              -0.0000               0.8165              -0.0000
[Row  10]              -0.0000               0.0000              -0.0000               0.0000               0.7842              -0.0000               0.0000               0.0000              -0.0000               0.8165
[Row  11]              -0.1417               0.3965              -0.4330              -0.0000              -0.0000               0.0032               0.0479               0.1454               0.0000               0.0000
                  [Col 11]
[Row   1]              -0.1417
[Row   2]               0.3965
[Row   3]              -0.4330
[Row   4]              -0.0000
[Row   5]              -0.0000
[Row   6]               0.0032
[Row   7]               0.0479
[Row   8]               0.1454
[Row   9]               0.0000
[Row  10]               0.0000
[Row  11]               0.4651
===== P_mu,nu psi4 =====

                  [Col  1]              [Col  2]              [Col  3]              [Col  4]              [Col  5]              [Col  6]              [Col  7]              [Col  8]              [Col  9]              [Col 10]
[Row   1]               2.0788              -0.2272               0.0073               0.0000              -0.0000               0.0219              -0.0343               0.1866              -0.0000              -0.0000
[Row   2]              -0.2272               0.8053              -0.0814              -0.0000               0.0000              -0.0284              -0.1209              -0.5016              -0.0000               0.0000
[Row   3]               0.0073              -0.0814               0.5987              -0.0000               0.0000              -0.0733               0.0339              -0.4813              -0.0000              -0.0000
[Row   4]               0.0000              -0.0000              -0.0000               0.7532               0.0000              -0.0000               0.0000              -0.0000               0.7842               0.0000
[Row   5]              -0.0000               0.0000               0.0000               0.0000               0.7532               0.0000              -0.0000               0.0000              -0.0000               0.7842
[Row   6]               0.0219              -0.0284              -0.0733              -0.0000               0.0000               2.1049              -0.4249              -0.1126               0.0000              -0.0000
[Row   7]              -0.0343              -0.1209               0.0339               0.0000              -0.0000              -0.4249               1.9133               0.6634               0.0000               0.0000
[Row   8]               0.1866              -0.5016              -0.4813              -0.0000               0.0000              -0.1126               0.6634               0.9899              -0.0000               0.0000
[Row   9]              -0.0000              -0.0000              -0.0000               0.7842              -0.0000               0.0000               0.0000              -0.0000               0.8165              -0.0000
[Row  10]              -0.0000               0.0000              -0.0000               0.0000               0.7842              -0.0000               0.0000               0.0000              -0.0000               0.8165
[Row  11]              -0.1417               0.3965              -0.4330              -0.0000              -0.0000               0.0032               0.0479               0.1454               0.0000               0.0000
                  [Col 11]
[Row   1]              -0.1417
[Row   2]               0.3965
[Row   3]              -0.4330
[Row   4]              -0.0000
[Row   5]              -0.0000
[Row   6]               0.0032
[Row   7]               0.0479
[Row   8]               0.1454
[Row   9]               0.0000
[Row  10]               0.0000
[Row  11]               0.4651
====== P^(AO) = SPS =====

                  [Col  1]              [Col  2]              [Col  3]              [Col  4]              [Col  5]              [Col  6]              [Col  7]              [Col  8]              [Col  9]              [Col 10]
[Row   1]               1.9997               0.5048              -0.0004              -0.0000              -0.0000               0.0002               0.1052              -0.1702              -0.0000              -0.0000
[Row   2]               0.5048               1.8015               0.0055              -0.0000              -0.0000               0.0945               0.9154              -0.9609              -0.0000               0.0000
[Row   3]              -0.0004               0.0055               1.7723               0.0000               0.0000               0.1622               0.9870              -0.7460              -0.0000              -0.0000
[Row   4]              -0.0000              -0.0000               0.0000               1.2450               0.0000              -0.0000               0.0000              -0.0000               1.2739               0.0000
[Row   5]              -0.0000              -0.0000               0.0000               0.0000               1.2450              -0.0000              -0.0000               0.0000              -0.0000               1.2739
[Row   6]               0.0002               0.0945               0.1622              -0.0000              -0.0000               1.9998               0.4717              -0.0054               0.0000              -0.0000
[Row   7]               0.1052               0.9154               0.9870               0.0000              -0.0000               0.4717               1.9836               0.0523              -0.0000               0.0000
[Row   8]              -0.1702              -0.9609              -0.7460              -0.0000               0.0000              -0.0054               0.0523               1.8173              -0.0000               0.0000
[Row   9]              -0.0000              -0.0000              -0.0000               1.2739              -0.0000               0.0000              -0.0000              -0.0000               1.3035              -0.0000
[Row  10]              -0.0000               0.0000              -0.0000               0.0000               1.2739              -0.0000               0.0000               0.0000              -0.0000               1.3035
[Row  11]               0.1217               1.2277              -1.1352              -0.0000              -0.0000               0.0080               0.1237              -0.0752               0.0000               0.0000
                  [Col 11]
[Row   1]               0.1217
[Row   2]               1.2277
[Row   3]              -1.1352
[Row   4]              -0.0000
[Row   5]              -0.0000
[Row   6]               0.0080
[Row   7]               0.1237
[Row   8]              -0.0752
[Row   9]               0.0000
[Row  10]               0.0000
[Row  11]               1.6091
====== S^(AO) = S =====

                  [Col  1]              [Col  2]              [Col  3]              [Col  4]              [Col  5]              [Col  6]              [Col  7]              [Col  8]              [Col  9]              [Col 10]
[Row   1]               1.0000               0.2484              -0.0000               0.0000               0.0000               0.0000               0.0533              -0.0882               0.0000               0.0000
[Row   2]               0.2484               1.0000               0.0000               0.0000               0.0000               0.0494               0.4401              -0.4024               0.0000               0.0000
[Row   3]              -0.0000               0.0000               1.0000               0.0000               0.0000               0.0832               0.4699              -0.3167               0.0000               0.0000
[Row   4]               0.0000               0.0000               0.0000               1.0000               0.0000               0.0000               0.0000               0.0000               0.2744               0.0000
[Row   5]               0.0000               0.0000               0.0000               0.0000               1.0000               0.0000               0.0000               0.0000               0.0000               0.2744
[Row   6]               0.0000               0.0494               0.0832               0.0000               0.0000               1.0000               0.2350              -0.0000               0.0000               0.0000
[Row   7]               0.0533               0.4401               0.4699               0.0000               0.0000               0.2350               1.0000               0.0000               0.0000               0.0000
[Row   8]              -0.0882              -0.4024              -0.3167               0.0000               0.0000              -0.0000               0.0000               1.0000               0.0000               0.0000
[Row   9]               0.0000               0.0000               0.0000               0.2744               0.0000               0.0000               0.0000               0.0000               1.0000               0.0000
[Row  10]               0.0000               0.0000               0.0000               0.0000               0.2744               0.0000               0.0000               0.0000               0.0000               1.0000
[Row  11]               0.0654               0.5029              -0.4744               0.0000               0.0000               0.0033               0.0624              -0.0785               0.0000               0.0000
                  [Col 11]
[Row   1]               0.0654
[Row   2]               0.5029
[Row   3]              -0.4744
[Row   4]               0.0000
[Row   5]               0.0000
[Row   6]               0.0033
[Row   7]               0.0624
[Row   8]              -0.0785
[Row   9]               0.0000
[Row  10]               0.0000
[Row  11]               1.0000
====== P^(AO) std gaussian m_l ordering SPS =====

                  [Col  1]              [Col  2]              [Col  3]              [Col  4]              [Col  5]              [Col  6]              [Col  7]              [Col  8]              [Col  9]              [Col 10]
[Row   1]               1.9997               0.5048              -0.0000              -0.0000              -0.0004               0.0002               0.1052              -0.0000              -0.0000              -0.1702
[Row   2]               0.5048               1.8015              -0.0000              -0.0000               0.0055               0.0945               0.9154              -0.0000               0.0000              -0.9609
[Row   3]              -0.0000              -0.0000               1.2450               0.0000               0.0000              -0.0000               0.0000               1.2739               0.0000              -0.0000
[Row   4]              -0.0000              -0.0000               0.0000               1.2450               0.0000              -0.0000              -0.0000              -0.0000               1.2739               0.0000
[Row   5]              -0.0004               0.0055               0.0000               0.0000               1.7723               0.1622               0.9870              -0.0000              -0.0000              -0.7460
[Row   6]               0.0002               0.0945              -0.0000              -0.0000               0.1622               1.9998               0.4717               0.0000              -0.0000              -0.0054
[Row   7]               0.1052               0.9154               0.0000              -0.0000               0.9870               0.4717               1.9836              -0.0000               0.0000               0.0523
[Row   8]              -0.0000              -0.0000               1.2739              -0.0000              -0.0000               0.0000              -0.0000               1.3035              -0.0000              -0.0000
[Row   9]              -0.0000               0.0000               0.0000               1.2739              -0.0000              -0.0000               0.0000              -0.0000               1.3035               0.0000
[Row  10]              -0.1702              -0.9609              -0.0000               0.0000              -0.7460              -0.0054               0.0523              -0.0000               0.0000               1.8173
[Row  11]               0.1217               1.2277              -0.0000              -0.0000              -1.1352               0.0080               0.1237               0.0000               0.0000              -0.0752
                  [Col 11]
[Row   1]               0.1217
[Row   2]               1.2277
[Row   3]              -0.0000
[Row   4]              -0.0000
[Row   5]              -1.1352
[Row   6]               0.0080
[Row   7]               0.1237
[Row   8]               0.0000
[Row   9]               0.0000
[Row  10]              -0.0752
[Row  11]               1.6091
====== S^(AO) std gaussian m_l ordering =====

                  [Col  1]              [Col  2]              [Col  3]              [Col  4]              [Col  5]              [Col  6]              [Col  7]              [Col  8]              [Col  9]              [Col 10]
[Row   1]               1.0000               0.2484               0.0000               0.0000              -0.0000               0.0000               0.0533               0.0000               0.0000              -0.0882
[Row   2]               0.2484               1.0000               0.0000               0.0000               0.0000               0.0494               0.4401               0.0000               0.0000              -0.4024
[Row   3]               0.0000               0.0000               1.0000               0.0000               0.0000               0.0000               0.0000               0.2744               0.0000               0.0000
[Row   4]               0.0000               0.0000               0.0000               1.0000               0.0000               0.0000               0.0000               0.0000               0.2744               0.0000
[Row   5]              -0.0000               0.0000               0.0000               0.0000               1.0000               0.0832               0.4699               0.0000               0.0000              -0.3167
[Row   6]               0.0000               0.0494               0.0000               0.0000               0.0832               1.0000               0.2350               0.0000               0.0000              -0.0000
[Row   7]               0.0533               0.4401               0.0000               0.0000               0.4699               0.2350               1.0000               0.0000               0.0000               0.0000
[Row   8]               0.0000               0.0000               0.2744               0.0000               0.0000               0.0000               0.0000               1.0000               0.0000               0.0000
[Row   9]               0.0000               0.0000               0.0000               0.2744               0.0000               0.0000               0.0000               0.0000               1.0000               0.0000
[Row  10]              -0.0882              -0.4024               0.0000               0.0000              -0.3167              -0.0000               0.0000               0.0000               0.0000               1.0000
[Row  11]               0.0654               0.5029               0.0000               0.0000              -0.4744               0.0033               0.0624               0.0000               0.0000              -0.0785
                  [Col 11]
[Row   1]               0.0654
[Row   2]               0.5029
[Row   3]               0.0000
[Row   4]               0.0000
[Row   5]              -0.4744
[Row   6]               0.0033
[Row   7]               0.0624
[Row   8]               0.0000
[Row   9]               0.0000
[Row  10]              -0.0785
[Row  11]               1.0000
