molecule mol24.xyz
System:, atNum: 6 coords [              0.0000               0.0000               1.2614]
System:, atNum: 6 coords [              0.0000               0.0000              -1.2614]
System:, atNum: 1 coords [              0.0000               1.7439               2.3389]
System:, atNum: 1 coords [              0.0000              -1.7439               2.3389]
System:, atNum: 1 coords [              0.0000               1.7439              -2.3389]
System:, atNum: 1 coords [              0.0000              -1.7439              -2.3389]
===== Original AO-S matrix =====

                  [Col  1]              [Col  2]              [Col  3]              [Col  4]              [Col  5]              [Col  6]              [Col  7]              [Col  8]              [Col  9]              [Col 10]
[Row   1]               1.0000               0.2484               0.0000               0.0000               0.0000               0.0000               0.0438               0.0726               0.0000               0.0000
[Row   2]               0.2484               1.0000              -0.0000               0.0000               0.0000               0.0438               0.3980               0.4111               0.0000               0.0000
[Row   3]               0.0000              -0.0000               1.0000               0.0000               0.0000              -0.0726              -0.4111              -0.3280               0.0000               0.0000
[Row   4]               0.0000               0.0000               0.0000               1.0000               0.0000               0.0000               0.0000               0.0000               0.2394               0.0000
[Row   5]               0.0000               0.0000               0.0000               0.0000               1.0000               0.0000               0.0000               0.0000               0.0000               0.2394
[Row   6]               0.0000               0.0438              -0.0726               0.0000               0.0000               1.0000               0.2484              -0.0000               0.0000               0.0000
[Row   7]               0.0438               0.3980              -0.4111               0.0000               0.0000               0.2484               1.0000               0.0000               0.0000               0.0000
[Row   8]               0.0726               0.4111              -0.3280               0.0000               0.0000              -0.0000               0.0000               1.0000               0.0000               0.0000
[Row   9]               0.0000               0.0000               0.0000               0.2394               0.0000               0.0000               0.0000               0.0000               1.0000               0.0000
[Row  10]               0.0000               0.0000               0.0000               0.0000               0.2394               0.0000               0.0000               0.0000               0.0000               1.0000
[Row  11]               0.0630               0.4938               0.2466               0.0000               0.3990               0.0060               0.1044               0.1201               0.0000               0.0582
[Row  12]               0.0630               0.4938               0.2466               0.0000              -0.3990               0.0060               0.1044               0.1201               0.0000              -0.0582
[Row  13]               0.0060               0.1044              -0.1201               0.0000               0.0582               0.0630               0.4938              -0.2466               0.0000               0.3990
[Row  14]               0.0060               0.1044              -0.1201               0.0000              -0.0582               0.0630               0.4938              -0.2466               0.0000              -0.3990
                  [Col 11]              [Col 12]              [Col 13]              [Col 14]
[Row   1]               0.0630               0.0630               0.0060               0.0060
[Row   2]               0.4938               0.4938               0.1044               0.1044
[Row   3]               0.2466               0.2466              -0.1201              -0.1201
[Row   4]               0.0000               0.0000               0.0000               0.0000
[Row   5]               0.3990              -0.3990               0.0582              -0.0582
[Row   6]               0.0060               0.0060               0.0630               0.0630
[Row   7]               0.1044               0.1044               0.4938               0.4938
[Row   8]               0.1201               0.1201              -0.2466              -0.2466
[Row   9]               0.0000               0.0000               0.0000               0.0000
[Row  10]               0.0582              -0.0582               0.3990              -0.3990
[Row  11]               1.0000               0.1528               0.0519               0.0151
[Row  12]               0.1528               1.0000               0.0151               0.0519
[Row  13]               0.0519               0.0151               1.0000               0.1528
[Row  14]               0.0151               0.0519               0.1528               1.0000
nbas 14
 ===== CA ===== 

                  [Col  1]              [Col  2]              [Col  3]              [Col  4]              [Col  5]              [Col  6]              [Col  7]              [Col  8]              [Col  9]              [Col 10]
[Row   1]               0.7019               0.7014               0.1779               0.1364              -0.0000               0.0154               0.0000              -0.0000               0.0000               0.0000
[Row   2]               0.0200               0.0309              -0.4712              -0.4143               0.0000              -0.0258              -0.0000               0.0000              -0.0000              -0.0000
[Row   3]               0.0022              -0.0043               0.1120              -0.1992               0.0000               0.5009              -0.0000              -0.0000              -0.0000              -0.0000
[Row   4]              -0.0000              -0.0000              -0.0000              -0.0000               0.0000               0.0000               0.0000               0.6352               0.8108              -0.0000
[Row   5]               0.0000              -0.0000               0.0000               0.0000               0.3948              -0.0000               0.3921              -0.0000               0.0000               0.7046
[Row   6]               0.7019              -0.7014               0.1779              -0.1364              -0.0000               0.0154               0.0000              -0.0000              -0.0000              -0.0000
[Row   7]               0.0200              -0.0309              -0.4712               0.4143               0.0000              -0.0258              -0.0000               0.0000               0.0000               0.0000
[Row   8]              -0.0022              -0.0043              -0.1120              -0.1992              -0.0000              -0.5009              -0.0000              -0.0000               0.0000               0.0000
[Row   9]               0.0000              -0.0000              -0.0000              -0.0000              -0.0000              -0.0000               0.0000               0.6352              -0.8108               0.0000
[Row  10]              -0.0000               0.0000              -0.0000              -0.0000               0.3948              -0.0000              -0.3921               0.0000               0.0000               0.7046
[Row  11]              -0.0047              -0.0049              -0.1150              -0.2233               0.2597               0.2162               0.3484              -0.0000              -0.0000              -0.6244
[Row  12]              -0.0047              -0.0049              -0.1150              -0.2233              -0.2597               0.2162              -0.3484              -0.0000               0.0000               0.6244
[Row  13]              -0.0047               0.0049              -0.1150               0.2233               0.2597               0.2162              -0.3484               0.0000              -0.0000              -0.6244
[Row  14]              -0.0047               0.0049              -0.1150               0.2233              -0.2597               0.2162               0.3484              -0.0000               0.0000               0.6244
                  [Col 11]              [Col 12]              [Col 13]              [Col 14]
[Row   1]               0.1240               0.1698              -0.0000               0.1106
[Row   2]              -0.8230              -1.0636               0.0000              -0.8449
[Row   3]              -0.5155              -0.2001              -0.0000               1.1534
[Row   4]               0.0000              -0.0000               0.0000               0.0000
[Row   5]               0.0000              -0.0000               0.9494               0.0000
[Row   6]               0.1240              -0.1698               0.0000              -0.1106
[Row   7]              -0.8230               1.0636              -0.0000               0.8449
[Row   8]               0.5155              -0.2001              -0.0000               1.1534
[Row   9]              -0.0000               0.0000              -0.0000              -0.0000
[Row  10]              -0.0000              -0.0000              -0.9494              -0.0000
[Row  11]               0.6288               0.6410              -0.6113              -0.1320
[Row  12]               0.6288               0.6410               0.6113              -0.1320
[Row  13]               0.6288              -0.6410               0.6113               0.1320
[Row  14]               0.6288              -0.6410              -0.6113               0.1320
 ===== CB ===== 

                  [Col  1]              [Col  2]              [Col  3]              [Col  4]              [Col  5]              [Col  6]              [Col  7]              [Col  8]              [Col  9]              [Col 10]
[Row   1]               0.7019               0.7014               0.1779               0.1364              -0.0000               0.0154               0.0000              -0.0000               0.0000               0.0000
[Row   2]               0.0200               0.0309              -0.4712              -0.4143               0.0000              -0.0258              -0.0000               0.0000              -0.0000              -0.0000
[Row   3]               0.0022              -0.0043               0.1120              -0.1992               0.0000               0.5009              -0.0000              -0.0000              -0.0000              -0.0000
[Row   4]              -0.0000              -0.0000              -0.0000              -0.0000               0.0000               0.0000               0.0000               0.6352               0.8108              -0.0000
[Row   5]               0.0000              -0.0000               0.0000               0.0000               0.3948              -0.0000               0.3921              -0.0000               0.0000               0.7046
[Row   6]               0.7019              -0.7014               0.1779              -0.1364              -0.0000               0.0154               0.0000              -0.0000              -0.0000              -0.0000
[Row   7]               0.0200              -0.0309              -0.4712               0.4143               0.0000              -0.0258              -0.0000               0.0000               0.0000               0.0000
[Row   8]              -0.0022              -0.0043              -0.1120              -0.1992              -0.0000              -0.5009              -0.0000              -0.0000               0.0000               0.0000
[Row   9]               0.0000              -0.0000              -0.0000              -0.0000              -0.0000              -0.0000               0.0000               0.6352              -0.8108               0.0000
[Row  10]              -0.0000               0.0000              -0.0000              -0.0000               0.3948              -0.0000              -0.3921               0.0000               0.0000               0.7046
[Row  11]              -0.0047              -0.0049              -0.1150              -0.2233               0.2597               0.2162               0.3484              -0.0000              -0.0000              -0.6244
[Row  12]              -0.0047              -0.0049              -0.1150              -0.2233              -0.2597               0.2162              -0.3484              -0.0000               0.0000               0.6244
[Row  13]              -0.0047               0.0049              -0.1150               0.2233               0.2597               0.2162              -0.3484               0.0000              -0.0000              -0.6244
[Row  14]              -0.0047               0.0049              -0.1150               0.2233              -0.2597               0.2162               0.3484              -0.0000               0.0000               0.6244
                  [Col 11]              [Col 12]              [Col 13]              [Col 14]
[Row   1]               0.1240               0.1698              -0.0000               0.1106
[Row   2]              -0.8230              -1.0636               0.0000              -0.8449
[Row   3]              -0.5155              -0.2001              -0.0000               1.1534
[Row   4]               0.0000              -0.0000               0.0000               0.0000
[Row   5]               0.0000              -0.0000               0.9494               0.0000
[Row   6]               0.1240              -0.1698               0.0000              -0.1106
[Row   7]              -0.8230               1.0636              -0.0000               0.8449
[Row   8]               0.5155              -0.2001              -0.0000               1.1534
[Row   9]              -0.0000               0.0000              -0.0000              -0.0000
[Row  10]              -0.0000              -0.0000              -0.9494              -0.0000
[Row  11]               0.6288               0.6410              -0.6113              -0.1320
[Row  12]               0.6288               0.6410               0.6113              -0.1320
[Row  13]               0.6288              -0.6410               0.6113               0.1320
[Row  14]               0.6288              -0.6410              -0.6113               0.1320
 ===== P_psi ===== Dalpha+Dbeta 

                  [Col  1]              [Col  2]              [Col  3]              [Col  4]              [Col  5]              [Col  6]              [Col  7]              [Col  8]              [Col  9]              [Col 10]
[Row   1]               2.0702              -0.2101              -0.0020              -0.0000               0.0000               0.0277              -0.0707              -0.1187              -0.0000               0.0000
[Row   2]              -0.2101               0.7914               0.0335               0.0000              -0.0000              -0.0707               0.1010               0.2961               0.0000               0.0000
[Row   3]              -0.0020               0.0335               0.6063               0.0000              -0.0000               0.1187              -0.2961              -0.4474              -0.0000               0.0000
[Row   4]              -0.0000               0.0000               0.0000               0.8068               0.0000              -0.0000               0.0000              -0.0000               0.8068               0.0000
[Row   5]               0.0000              -0.0000              -0.0000               0.0000               0.6193               0.0000              -0.0000              -0.0000               0.0000               0.0042
[Row   6]               0.0277              -0.0707               0.1187              -0.0000               0.0000               2.0702              -0.2101               0.0020               0.0000              -0.0000
[Row   7]              -0.0707               0.1010              -0.2961               0.0000              -0.0000              -0.2101               0.7914              -0.0335              -0.0000               0.0000
[Row   8]              -0.1187               0.2961              -0.4474              -0.0000              -0.0000               0.0020              -0.0335               0.6063               0.0000              -0.0000
[Row   9]              -0.0000               0.0000              -0.0000               0.8068               0.0000               0.0000              -0.0000               0.0000               0.8068              -0.0000
[Row  10]               0.0000               0.0000               0.0000               0.0000               0.0042              -0.0000               0.0000              -0.0000              -0.0000               0.6193
[Row  11]              -0.1087               0.2817               0.2798               0.0000               0.4783               0.0269              -0.0877              -0.1018              -0.0000              -0.0681
[Row  12]              -0.1087               0.2817               0.2798              -0.0000              -0.4783               0.0269              -0.0877              -0.1018              -0.0000               0.0681
[Row  13]               0.0269              -0.0877               0.1018               0.0000              -0.0681              -0.1087               0.2817              -0.2798              -0.0000               0.4783
[Row  14]               0.0269              -0.0877               0.1018              -0.0000               0.0681              -0.1087               0.2817              -0.2798               0.0000              -0.4783
                  [Col 11]              [Col 12]              [Col 13]              [Col 14]
[Row   1]              -0.1087              -0.1087               0.0269               0.0269
[Row   2]               0.2817               0.2817              -0.0877              -0.0877
[Row   3]               0.2798               0.2798               0.1018               0.1018
[Row   4]               0.0000              -0.0000               0.0000              -0.0000
[Row   5]               0.4783              -0.4783              -0.0681               0.0681
[Row   6]               0.0269               0.0269              -0.1087              -0.1087
[Row   7]              -0.0877              -0.0877               0.2817               0.2817
[Row   8]              -0.1018              -0.1018              -0.2798              -0.2798
[Row   9]              -0.0000              -0.0000              -0.0000               0.0000
[Row  10]              -0.0681               0.0681               0.4783              -0.4783
[Row  11]               0.5974              -0.1580              -0.0876               0.1281
[Row  12]              -0.1580               0.5974               0.1281              -0.0876
[Row  13]              -0.0876               0.1281               0.5974              -0.1580
[Row  14]               0.1281              -0.0876              -0.1580               0.5974
===== P_mu,nu local =====

                  [Col  1]              [Col  2]              [Col  3]              [Col  4]              [Col  5]              [Col  6]              [Col  7]              [Col  8]              [Col  9]              [Col 10]
[Row   1]               2.0702              -0.2101              -0.0020              -0.0000               0.0000               0.0277              -0.0707              -0.1187              -0.0000               0.0000
[Row   2]              -0.2101               0.7914               0.0335               0.0000              -0.0000              -0.0707               0.1010               0.2961               0.0000               0.0000
[Row   3]              -0.0020               0.0335               0.6063               0.0000              -0.0000               0.1187              -0.2961              -0.4474              -0.0000               0.0000
[Row   4]              -0.0000               0.0000               0.0000               0.8068               0.0000              -0.0000               0.0000              -0.0000               0.8068               0.0000
[Row   5]               0.0000              -0.0000              -0.0000               0.0000               0.6193               0.0000              -0.0000              -0.0000               0.0000               0.0042
[Row   6]               0.0277              -0.0707               0.1187              -0.0000               0.0000               2.0702              -0.2101               0.0020               0.0000              -0.0000
[Row   7]              -0.0707               0.1010              -0.2961               0.0000              -0.0000              -0.2101               0.7914              -0.0335              -0.0000               0.0000
[Row   8]              -0.1187               0.2961              -0.4474              -0.0000              -0.0000               0.0020              -0.0335               0.6063               0.0000              -0.0000
[Row   9]              -0.0000               0.0000              -0.0000               0.8068               0.0000               0.0000              -0.0000               0.0000               0.8068              -0.0000
[Row  10]               0.0000               0.0000               0.0000               0.0000               0.0042              -0.0000               0.0000              -0.0000              -0.0000               0.6193
[Row  11]              -0.1087               0.2817               0.2798               0.0000               0.4783               0.0269              -0.0877              -0.1018              -0.0000              -0.0681
[Row  12]              -0.1087               0.2817               0.2798              -0.0000              -0.4783               0.0269              -0.0877              -0.1018              -0.0000               0.0681
[Row  13]               0.0269              -0.0877               0.1018               0.0000              -0.0681              -0.1087               0.2817              -0.2798              -0.0000               0.4783
[Row  14]               0.0269              -0.0877               0.1018              -0.0000               0.0681              -0.1087               0.2817              -0.2798               0.0000              -0.4783
                  [Col 11]              [Col 12]              [Col 13]              [Col 14]
[Row   1]              -0.1087              -0.1087               0.0269               0.0269
[Row   2]               0.2817               0.2817              -0.0877              -0.0877
[Row   3]               0.2798               0.2798               0.1018               0.1018
[Row   4]               0.0000              -0.0000               0.0000              -0.0000
[Row   5]               0.4783              -0.4783              -0.0681               0.0681
[Row   6]               0.0269               0.0269              -0.1087              -0.1087
[Row   7]              -0.0877              -0.0877               0.2817               0.2817
[Row   8]              -0.1018              -0.1018              -0.2798              -0.2798
[Row   9]              -0.0000              -0.0000              -0.0000               0.0000
[Row  10]              -0.0681               0.0681               0.4783              -0.4783
[Row  11]               0.5974              -0.1580              -0.0876               0.1281
[Row  12]              -0.1580               0.5974               0.1281              -0.0876
[Row  13]              -0.0876               0.1281               0.5974              -0.1580
[Row  14]               0.1281              -0.0876              -0.1580               0.5974
===== P_mu,nu psi4 =====

                  [Col  1]              [Col  2]              [Col  3]              [Col  4]              [Col  5]              [Col  6]              [Col  7]              [Col  8]              [Col  9]              [Col 10]
[Row   1]               2.0702              -0.2101              -0.0020              -0.0000               0.0000               0.0277              -0.0707              -0.1187              -0.0000               0.0000
[Row   2]              -0.2101               0.7914               0.0335               0.0000              -0.0000              -0.0707               0.1010               0.2961               0.0000               0.0000
[Row   3]              -0.0020               0.0335               0.6063               0.0000              -0.0000               0.1187              -0.2961              -0.4474              -0.0000               0.0000
[Row   4]              -0.0000               0.0000               0.0000               0.8068               0.0000              -0.0000               0.0000              -0.0000               0.8068               0.0000
[Row   5]               0.0000              -0.0000              -0.0000               0.0000               0.6193               0.0000              -0.0000              -0.0000               0.0000               0.0042
[Row   6]               0.0277              -0.0707               0.1187              -0.0000               0.0000               2.0702              -0.2101               0.0020               0.0000              -0.0000
[Row   7]              -0.0707               0.1010              -0.2961               0.0000              -0.0000              -0.2101               0.7914              -0.0335              -0.0000               0.0000
[Row   8]              -0.1187               0.2961              -0.4474              -0.0000              -0.0000               0.0020              -0.0335               0.6063               0.0000              -0.0000
[Row   9]              -0.0000               0.0000              -0.0000               0.8068               0.0000               0.0000              -0.0000               0.0000               0.8068              -0.0000
[Row  10]               0.0000               0.0000               0.0000               0.0000               0.0042              -0.0000               0.0000              -0.0000              -0.0000               0.6193
[Row  11]              -0.1087               0.2817               0.2798               0.0000               0.4783               0.0269              -0.0877              -0.1018              -0.0000              -0.0681
[Row  12]              -0.1087               0.2817               0.2798              -0.0000              -0.4783               0.0269              -0.0877              -0.1018              -0.0000               0.0681
[Row  13]               0.0269              -0.0877               0.1018               0.0000              -0.0681              -0.1087               0.2817              -0.2798              -0.0000               0.4783
[Row  14]               0.0269              -0.0877               0.1018              -0.0000               0.0681              -0.1087               0.2817              -0.2798               0.0000              -0.4783
                  [Col 11]              [Col 12]              [Col 13]              [Col 14]
[Row   1]              -0.1087              -0.1087               0.0269               0.0269
[Row   2]               0.2817               0.2817              -0.0877              -0.0877
[Row   3]               0.2798               0.2798               0.1018               0.1018
[Row   4]               0.0000              -0.0000               0.0000              -0.0000
[Row   5]               0.4783              -0.4783              -0.0681               0.0681
[Row   6]               0.0269               0.0269              -0.1087              -0.1087
[Row   7]              -0.0877              -0.0877               0.2817               0.2817
[Row   8]              -0.1018              -0.1018              -0.2798              -0.2798
[Row   9]              -0.0000              -0.0000              -0.0000               0.0000
[Row  10]              -0.0681               0.0681               0.4783              -0.4783
[Row  11]               0.5974              -0.1580              -0.0876               0.1281
[Row  12]              -0.1580               0.5974               0.1281              -0.0876
[Row  13]              -0.0876               0.1281               0.5974              -0.1580
[Row  14]               0.1281              -0.0876              -0.1580               0.5974
====== P^(AO) = SPS =====

                  [Col  1]              [Col  2]              [Col  3]              [Col  4]              [Col  5]              [Col  6]              [Col  7]              [Col  8]              [Col  9]              [Col 10]
[Row   1]               1.9996               0.5047               0.0006              -0.0000               0.0000               0.0002               0.0843               0.1397              -0.0000               0.0000
[Row   2]               0.5047               1.8575              -0.0149               0.0000              -0.0000               0.0843               0.8484               0.9251               0.0000               0.0000
[Row   3]               0.0006              -0.0149               1.6770               0.0000               0.0000              -0.1397              -0.9251              -0.8248              -0.0000               0.0000
[Row   4]              -0.0000               0.0000               0.0000               1.2394               0.0000              -0.0000               0.0000              -0.0000               1.2394               0.0000
[Row   5]               0.0000              -0.0000               0.0000               0.0000               1.6307              -0.0000              -0.0000              -0.0000               0.0000               0.4825
[Row   6]               0.0002               0.0843              -0.1397              -0.0000              -0.0000               1.9996               0.5047              -0.0006               0.0000              -0.0000
[Row   7]               0.0843               0.8484              -0.9251               0.0000              -0.0000               0.5047               1.8575               0.0149              -0.0000               0.0000
[Row   8]               0.1397               0.9251              -0.8248              -0.0000              -0.0000              -0.0006               0.0149               1.6770               0.0000              -0.0000
[Row   9]              -0.0000               0.0000              -0.0000               1.2394               0.0000               0.0000              -0.0000               0.0000               1.2394              -0.0000
[Row  10]               0.0000               0.0000               0.0000               0.0000               0.4825              -0.0000               0.0000              -0.0000              -0.0000               1.6307
[Row  11]               0.1185               1.1255               0.6469               0.0000               1.0420               0.0127               0.2018               0.2227               0.0000               0.1503
[Row  12]               0.1185               1.1255               0.6469               0.0000              -1.0420               0.0127               0.2018               0.2227               0.0000              -0.1503
[Row  13]               0.0127               0.2018              -0.2227               0.0000               0.1503               0.1185               1.1255              -0.6469              -0.0000               1.0420
[Row  14]               0.0127               0.2018              -0.2227              -0.0000              -0.1503               0.1185               1.1255              -0.6469              -0.0000              -1.0420
                  [Col 11]              [Col 12]              [Col 13]              [Col 14]
[Row   1]               0.1185               0.1185               0.0127               0.0127
[Row   2]               1.1255               1.1255               0.2018               0.2018
[Row   3]               0.6469               0.6469              -0.2227              -0.2227
[Row   4]               0.0000               0.0000               0.0000              -0.0000
[Row   5]               1.0420              -1.0420               0.1503              -0.1503
[Row   6]               0.0127               0.0127               0.1185               0.1185
[Row   7]               0.2018               0.2018               1.1255               1.1255
[Row   8]               0.2227               0.2227              -0.6469              -0.6469
[Row   9]               0.0000               0.0000              -0.0000              -0.0000
[Row  10]               0.1503              -0.1503               1.0420              -1.0420
[Row  11]               1.6413               0.2762               0.0609               0.0806
[Row  12]               0.2762               1.6413               0.0806               0.0609
[Row  13]               0.0609               0.0806               1.6413               0.2762
[Row  14]               0.0806               0.0609               0.2762               1.6413
====== S^(AO) = S =====

                  [Col  1]              [Col  2]              [Col  3]              [Col  4]              [Col  5]              [Col  6]              [Col  7]              [Col  8]              [Col  9]              [Col 10]
[Row   1]               1.0000               0.2484               0.0000               0.0000               0.0000               0.0000               0.0438               0.0726               0.0000               0.0000
[Row   2]               0.2484               1.0000              -0.0000               0.0000               0.0000               0.0438               0.3980               0.4111               0.0000               0.0000
[Row   3]               0.0000              -0.0000               1.0000               0.0000               0.0000              -0.0726              -0.4111              -0.3280               0.0000               0.0000
[Row   4]               0.0000               0.0000               0.0000               1.0000               0.0000               0.0000               0.0000               0.0000               0.2394               0.0000
[Row   5]               0.0000               0.0000               0.0000               0.0000               1.0000               0.0000               0.0000               0.0000               0.0000               0.2394
[Row   6]               0.0000               0.0438              -0.0726               0.0000               0.0000               1.0000               0.2484              -0.0000               0.0000               0.0000
[Row   7]               0.0438               0.3980              -0.4111               0.0000               0.0000               0.2484               1.0000               0.0000               0.0000               0.0000
[Row   8]               0.0726               0.4111              -0.3280               0.0000               0.0000              -0.0000               0.0000               1.0000               0.0000               0.0000
[Row   9]               0.0000               0.0000               0.0000               0.2394               0.0000               0.0000               0.0000               0.0000               1.0000               0.0000
[Row  10]               0.0000               0.0000               0.0000               0.0000               0.2394               0.0000               0.0000               0.0000               0.0000               1.0000
[Row  11]               0.0630               0.4938               0.2466               0.0000               0.3990               0.0060               0.1044               0.1201               0.0000               0.0582
[Row  12]               0.0630               0.4938               0.2466               0.0000              -0.3990               0.0060               0.1044               0.1201               0.0000              -0.0582
[Row  13]               0.0060               0.1044              -0.1201               0.0000               0.0582               0.0630               0.4938              -0.2466               0.0000               0.3990
[Row  14]               0.0060               0.1044              -0.1201               0.0000              -0.0582               0.0630               0.4938              -0.2466               0.0000              -0.3990
                  [Col 11]              [Col 12]              [Col 13]              [Col 14]
[Row   1]               0.0630               0.0630               0.0060               0.0060
[Row   2]               0.4938               0.4938               0.1044               0.1044
[Row   3]               0.2466               0.2466              -0.1201              -0.1201
[Row   4]               0.0000               0.0000               0.0000               0.0000
[Row   5]               0.3990              -0.3990               0.0582              -0.0582
[Row   6]               0.0060               0.0060               0.0630               0.0630
[Row   7]               0.1044               0.1044               0.4938               0.4938
[Row   8]               0.1201               0.1201              -0.2466              -0.2466
[Row   9]               0.0000               0.0000               0.0000               0.0000
[Row  10]               0.0582              -0.0582               0.3990              -0.3990
[Row  11]               1.0000               0.1528               0.0519               0.0151
[Row  12]               0.1528               1.0000               0.0151               0.0519
[Row  13]               0.0519               0.0151               1.0000               0.1528
[Row  14]               0.0151               0.0519               0.1528               1.0000
====== P^(AO) std gaussian m_l ordering SPS =====

                  [Col  1]              [Col  2]              [Col  3]              [Col  4]              [Col  5]              [Col  6]              [Col  7]              [Col  8]              [Col  9]              [Col 10]
[Row   1]               1.9996               0.5047              -0.0000               0.0000               0.0006               0.0002               0.0843              -0.0000               0.0000               0.1397
[Row   2]               0.5047               1.8575               0.0000              -0.0000              -0.0149               0.0843               0.8484               0.0000               0.0000               0.9251
[Row   3]              -0.0000               0.0000               1.2394               0.0000               0.0000              -0.0000               0.0000               1.2394               0.0000              -0.0000
[Row   4]               0.0000              -0.0000               0.0000               1.6307               0.0000              -0.0000              -0.0000               0.0000               0.4825              -0.0000
[Row   5]               0.0006              -0.0149               0.0000               0.0000               1.6770              -0.1397              -0.9251              -0.0000               0.0000              -0.8248
[Row   6]               0.0002               0.0843              -0.0000              -0.0000              -0.1397               1.9996               0.5047               0.0000              -0.0000              -0.0006
[Row   7]               0.0843               0.8484               0.0000              -0.0000              -0.9251               0.5047               1.8575              -0.0000               0.0000               0.0149
[Row   8]              -0.0000               0.0000               1.2394               0.0000              -0.0000               0.0000              -0.0000               1.2394              -0.0000               0.0000
[Row   9]               0.0000               0.0000               0.0000               0.4825               0.0000              -0.0000               0.0000              -0.0000               1.6307              -0.0000
[Row  10]               0.1397               0.9251              -0.0000              -0.0000              -0.8248              -0.0006               0.0149               0.0000              -0.0000               1.6770
[Row  11]               0.1185               1.1255               0.0000               1.0420               0.6469               0.0127               0.2018               0.0000               0.1503               0.2227
[Row  12]               0.1185               1.1255               0.0000              -1.0420               0.6469               0.0127               0.2018               0.0000              -0.1503               0.2227
[Row  13]               0.0127               0.2018               0.0000               0.1503              -0.2227               0.1185               1.1255              -0.0000               1.0420              -0.6469
[Row  14]               0.0127               0.2018              -0.0000              -0.1503              -0.2227               0.1185               1.1255              -0.0000              -1.0420              -0.6469
                  [Col 11]              [Col 12]              [Col 13]              [Col 14]
[Row   1]               0.1185               0.1185               0.0127               0.0127
[Row   2]               1.1255               1.1255               0.2018               0.2018
[Row   3]               0.0000               0.0000               0.0000              -0.0000
[Row   4]               1.0420              -1.0420               0.1503              -0.1503
[Row   5]               0.6469               0.6469              -0.2227              -0.2227
[Row   6]               0.0127               0.0127               0.1185               0.1185
[Row   7]               0.2018               0.2018               1.1255               1.1255
[Row   8]               0.0000               0.0000              -0.0000              -0.0000
[Row   9]               0.1503              -0.1503               1.0420              -1.0420
[Row  10]               0.2227               0.2227              -0.6469              -0.6469
[Row  11]               1.6413               0.2762               0.0609               0.0806
[Row  12]               0.2762               1.6413               0.0806               0.0609
[Row  13]               0.0609               0.0806               1.6413               0.2762
[Row  14]               0.0806               0.0609               0.2762               1.6413
====== S^(AO) std gaussian m_l ordering =====

                  [Col  1]              [Col  2]              [Col  3]              [Col  4]              [Col  5]              [Col  6]              [Col  7]              [Col  8]              [Col  9]              [Col 10]
[Row   1]               1.0000               0.2484               0.0000               0.0000               0.0000               0.0000               0.0438               0.0000               0.0000               0.0726
[Row   2]               0.2484               1.0000               0.0000               0.0000              -0.0000               0.0438               0.3980               0.0000               0.0000               0.4111
[Row   3]               0.0000               0.0000               1.0000               0.0000               0.0000               0.0000               0.0000               0.2394               0.0000               0.0000
[Row   4]               0.0000               0.0000               0.0000               1.0000               0.0000               0.0000               0.0000               0.0000               0.2394               0.0000
[Row   5]               0.0000              -0.0000               0.0000               0.0000               1.0000              -0.0726              -0.4111               0.0000               0.0000              -0.3280
[Row   6]               0.0000               0.0438               0.0000               0.0000              -0.0726               1.0000               0.2484               0.0000               0.0000              -0.0000
[Row   7]               0.0438               0.3980               0.0000               0.0000              -0.4111               0.2484               1.0000               0.0000               0.0000               0.0000
[Row   8]               0.0000               0.0000               0.2394               0.0000               0.0000               0.0000               0.0000               1.0000               0.0000               0.0000
[Row   9]               0.0000               0.0000               0.0000               0.2394               0.0000               0.0000               0.0000               0.0000               1.0000               0.0000
[Row  10]               0.0726               0.4111               0.0000               0.0000              -0.3280              -0.0000               0.0000               0.0000               0.0000               1.0000
[Row  11]               0.0630               0.4938               0.0000               0.3990               0.2466               0.0060               0.1044               0.0000               0.0582               0.1201
[Row  12]               0.0630               0.4938               0.0000              -0.3990               0.2466               0.0060               0.1044               0.0000              -0.0582               0.1201
[Row  13]               0.0060               0.1044               0.0000               0.0582              -0.1201               0.0630               0.4938               0.0000               0.3990              -0.2466
[Row  14]               0.0060               0.1044               0.0000              -0.0582              -0.1201               0.0630               0.4938               0.0000              -0.3990              -0.2466
                  [Col 11]              [Col 12]              [Col 13]              [Col 14]
[Row   1]               0.0630               0.0630               0.0060               0.0060
[Row   2]               0.4938               0.4938               0.1044               0.1044
[Row   3]               0.0000               0.0000               0.0000               0.0000
[Row   4]               0.3990              -0.3990               0.0582              -0.0582
[Row   5]               0.2466               0.2466              -0.1201              -0.1201
[Row   6]               0.0060               0.0060               0.0630               0.0630
[Row   7]               0.1044               0.1044               0.4938               0.4938
[Row   8]               0.0000               0.0000               0.0000               0.0000
[Row   9]               0.0582              -0.0582               0.3990              -0.3990
[Row  10]               0.1201               0.1201              -0.2466              -0.2466
[Row  11]               1.0000               0.1528               0.0519               0.0151
[Row  12]               0.1528               1.0000               0.0151               0.0519
[Row  13]               0.0519               0.0151               1.0000               0.1528
[Row  14]               0.0151               0.0519               0.1528               1.0000
