molecule mol28.xyz
System:, atNum: 8 coords [              0.0000               0.0000               0.9316]
System:, atNum: 6 coords [              0.0000               0.0000              -1.2422]
===== Original AO-S matrix =====

                  [Col  1]              [Col  2]              [Col  3]              [Col  4]              [Col  5]              [Col  6]              [Col  7]              [Col  8]              [Col  9]              [Col 10]
[Row   1]               1.0000               0.2367              -0.0000               0.0000               0.0000               0.0000               0.0425               0.0720               0.0000               0.0000
[Row   2]               0.2367               1.0000               0.0000               0.0000               0.0000               0.0443               0.3988               0.4718               0.0000               0.0000
[Row   3]              -0.0000               0.0000               1.0000               0.0000               0.0000              -0.0736              -0.3406              -0.3117               0.0000               0.0000
[Row   4]               0.0000               0.0000               0.0000               1.0000               0.0000               0.0000               0.0000               0.0000               0.2388               0.0000
[Row   5]               0.0000               0.0000               0.0000               0.0000               1.0000               0.0000               0.0000               0.0000               0.0000               0.2388
[Row   6]               0.0000               0.0443              -0.0736               0.0000               0.0000               1.0000               0.2484              -0.0000               0.0000               0.0000
[Row   7]               0.0425               0.3988              -0.3406               0.0000               0.0000               0.2484               1.0000               0.0000               0.0000               0.0000
[Row   8]               0.0720               0.4718              -0.3117               0.0000               0.0000              -0.0000               0.0000               1.0000               0.0000               0.0000
[Row   9]               0.0000               0.0000               0.0000               0.2388               0.0000               0.0000               0.0000               0.0000               1.0000               0.0000
[Row  10]               0.0000               0.0000               0.0000               0.0000               0.2388               0.0000               0.0000               0.0000               0.0000               1.0000
nbas 10
 ===== CA ===== 

                  [Col  1]              [Col  2]              [Col  3]              [Col  4]              [Col  5]              [Col  6]              [Col  7]              [Col  8]              [Col  9]              [Col 10]
[Row   1]               0.9942               0.0001               0.2226               0.1316              -0.0000              -0.0000               0.0021               0.0000              -0.0000               0.1259
[Row   2]               0.0272               0.0068              -0.7718              -0.6415               0.0000               0.0000              -0.0522              -0.0000               0.0000              -1.0290
[Row   3]              -0.0065              -0.0013               0.2084              -0.6110               0.0000              -0.0000              -0.4475               0.0000               0.0000               0.9555
[Row   4]              -0.0000               0.0000               0.0000               0.0000              -0.0000               0.7951              -0.0000               0.6544               0.0000              -0.0000
[Row   5]              -0.0000               0.0000              -0.0000               0.0000               0.7951               0.0000               0.0000              -0.0000               0.6544               0.0000
[Row   6]               0.0004              -0.9936               0.1231              -0.1706              -0.0000               0.0000               0.1645              -0.0000              -0.0000              -0.1225
[Row   7]              -0.0082              -0.0262              -0.2446               0.5646              -0.0000              -0.0000              -0.7439               0.0000              -0.0000               0.9275
[Row   8]              -0.0071              -0.0068              -0.1656               0.0640              -0.0000               0.0000               0.5753               0.0000              -0.0000               1.1996
[Row   9]              -0.0000               0.0000               0.0000               0.0000              -0.0000               0.4456              -0.0000              -0.9284               0.0000               0.0000
[Row  10]               0.0000              -0.0000               0.0000              -0.0000               0.4456              -0.0000              -0.0000               0.0000              -0.9284              -0.0000
 ===== CB ===== 

                  [Col  1]              [Col  2]              [Col  3]              [Col  4]              [Col  5]              [Col  6]              [Col  7]              [Col  8]              [Col  9]              [Col 10]
[Row   1]               0.9942               0.0001               0.2226               0.1316              -0.0000              -0.0000               0.0021               0.0000              -0.0000               0.1259
[Row   2]               0.0272               0.0068              -0.7718              -0.6415               0.0000               0.0000              -0.0522              -0.0000               0.0000              -1.0290
[Row   3]              -0.0065              -0.0013               0.2084              -0.6110               0.0000              -0.0000              -0.4475               0.0000               0.0000               0.9555
[Row   4]              -0.0000               0.0000               0.0000               0.0000              -0.0000               0.7951              -0.0000               0.6544               0.0000              -0.0000
[Row   5]              -0.0000               0.0000              -0.0000               0.0000               0.7951               0.0000               0.0000              -0.0000               0.6544               0.0000
[Row   6]               0.0004              -0.9936               0.1231              -0.1706              -0.0000               0.0000               0.1645              -0.0000              -0.0000              -0.1225
[Row   7]              -0.0082              -0.0262              -0.2446               0.5646              -0.0000              -0.0000              -0.7439               0.0000              -0.0000               0.9275
[Row   8]              -0.0071              -0.0068              -0.1656               0.0640              -0.0000               0.0000               0.5753               0.0000              -0.0000               1.1996
[Row   9]              -0.0000               0.0000               0.0000               0.0000              -0.0000               0.4456              -0.0000              -0.9284               0.0000               0.0000
[Row  10]               0.0000              -0.0000               0.0000              -0.0000               0.4456              -0.0000              -0.0000               0.0000              -0.9284              -0.0000
 ===== P_psi ===== Dalpha+Dbeta 

                  [Col  1]              [Col  2]              [Col  3]              [Col  4]              [Col  5]              [Col  6]              [Col  7]              [Col  8]              [Col  9]              [Col 10]
[Row   1]               2.1106              -0.4585              -0.0828              -0.0000              -0.0000               0.0112               0.0203              -0.0685              -0.0000               0.0000
[Row   2]              -0.4585               2.0214               0.5085               0.0000               0.0000              -0.0019              -0.2700               0.1129               0.0000               0.0000
[Row   3]              -0.0828               0.5085               1.2342              -0.0000              -0.0000               0.1151              -0.1259              -0.6620               0.0000               0.0000
[Row   4]              -0.0000               0.0000              -0.0000               1.2644               0.0000               0.0000              -0.0000              -0.0000               0.7086              -0.0000
[Row   5]              -0.0000               0.0000              -0.0000               0.0000               1.2644              -0.0000              -0.0000              -0.0000               0.0000               0.7086
[Row   6]               0.0112              -0.0019               0.1151               0.0000              -0.0000               2.1172              -0.4455               0.1401               0.0000              -0.0000
[Row   7]               0.0203              -0.2700              -0.1259              -0.0000              -0.0000              -0.4455               1.8655              -0.7022              -0.0000              -0.0000
[Row   8]              -0.0685               0.1129              -0.6620              -0.0000              -0.0000               0.1401              -0.7022               0.7251              -0.0000              -0.0000
[Row   9]              -0.0000               0.0000               0.0000               0.7086               0.0000               0.0000              -0.0000              -0.0000               0.3972              -0.0000
[Row  10]               0.0000               0.0000               0.0000              -0.0000               0.7086              -0.0000              -0.0000              -0.0000              -0.0000               0.3972
===== P_mu,nu local =====

                  [Col  1]              [Col  2]              [Col  3]              [Col  4]              [Col  5]              [Col  6]              [Col  7]              [Col  8]              [Col  9]              [Col 10]
[Row   1]               2.1106              -0.4585              -0.0828              -0.0000              -0.0000               0.0112               0.0203              -0.0685              -0.0000               0.0000
[Row   2]              -0.4585               2.0214               0.5085               0.0000               0.0000              -0.0019              -0.2700               0.1129               0.0000               0.0000
[Row   3]              -0.0828               0.5085               1.2342              -0.0000              -0.0000               0.1151              -0.1259              -0.6620               0.0000               0.0000
[Row   4]              -0.0000               0.0000              -0.0000               1.2644               0.0000               0.0000              -0.0000              -0.0000               0.7086              -0.0000
[Row   5]              -0.0000               0.0000              -0.0000               0.0000               1.2644              -0.0000              -0.0000              -0.0000               0.0000               0.7086
[Row   6]               0.0112              -0.0019               0.1151               0.0000              -0.0000               2.1172              -0.4455               0.1401               0.0000              -0.0000
[Row   7]               0.0203              -0.2700              -0.1259              -0.0000              -0.0000              -0.4455               1.8655              -0.7022              -0.0000              -0.0000
[Row   8]              -0.0685               0.1129              -0.6620              -0.0000              -0.0000               0.1401              -0.7022               0.7251              -0.0000              -0.0000
[Row   9]              -0.0000               0.0000               0.0000               0.7086               0.0000               0.0000              -0.0000              -0.0000               0.3972              -0.0000
[Row  10]               0.0000               0.0000               0.0000              -0.0000               0.7086              -0.0000              -0.0000              -0.0000              -0.0000               0.3972
===== P_mu,nu psi4 =====

                  [Col  1]              [Col  2]              [Col  3]              [Col  4]              [Col  5]              [Col  6]              [Col  7]              [Col  8]              [Col  9]              [Col 10]
[Row   1]               2.1106              -0.4585              -0.0828              -0.0000              -0.0000               0.0112               0.0203              -0.0685              -0.0000               0.0000
[Row   2]              -0.4585               2.0214               0.5085               0.0000               0.0000              -0.0019              -0.2700               0.1129               0.0000               0.0000
[Row   3]              -0.0828               0.5085               1.2342              -0.0000              -0.0000               0.1151              -0.1259              -0.6620               0.0000               0.0000
[Row   4]              -0.0000               0.0000              -0.0000               1.2644               0.0000               0.0000              -0.0000              -0.0000               0.7086              -0.0000
[Row   5]              -0.0000               0.0000              -0.0000               0.0000               1.2644              -0.0000              -0.0000              -0.0000               0.0000               0.7086
[Row   6]               0.0112              -0.0019               0.1151               0.0000              -0.0000               2.1172              -0.4455               0.1401               0.0000              -0.0000
[Row   7]               0.0203              -0.2700              -0.1259              -0.0000              -0.0000              -0.4455               1.8655              -0.7022              -0.0000              -0.0000
[Row   8]              -0.0685               0.1129              -0.6620              -0.0000              -0.0000               0.1401              -0.7022               0.7251              -0.0000              -0.0000
[Row   9]              -0.0000               0.0000               0.0000               0.7086               0.0000               0.0000              -0.0000              -0.0000               0.3972              -0.0000
[Row  10]               0.0000               0.0000               0.0000              -0.0000               0.7086              -0.0000              -0.0000              -0.0000              -0.0000               0.3972
====== P^(AO) = SPS =====

                  [Col  1]              [Col  2]              [Col  3]              [Col  4]              [Col  5]              [Col  6]              [Col  7]              [Col  8]              [Col  9]              [Col 10]
[Row   1]               1.9999               0.4745              -0.0044               0.0000              -0.0000               0.0001               0.0822               0.1372              -0.0000              -0.0000
[Row   2]               0.4745               1.9905               0.0378               0.0000               0.0000               0.0876               0.8205               1.0022              -0.0000              -0.0000
[Row   3]              -0.0044               0.0378               1.8490              -0.0000              -0.0000              -0.1428              -0.7728              -0.8570               0.0000               0.0000
[Row   4]               0.0000               0.0000              -0.0000               1.6255               0.0000               0.0000               0.0000              -0.0000               1.1458              -0.0000
[Row   5]              -0.0000               0.0000              -0.0000               0.0000               1.6255              -0.0000               0.0000              -0.0000               0.0000               1.1458
[Row   6]               0.0001               0.0876              -0.1428               0.0000              -0.0000               1.9999               0.4994               0.0069               0.0000              -0.0000
[Row   7]               0.0822               0.8205              -0.7728               0.0000               0.0000               0.4994               1.9445              -0.1417              -0.0000              -0.0000
[Row   8]               0.1372               1.0022              -0.8570              -0.0000              -0.0000               0.0069              -0.1417               1.6383              -0.0000              -0.0000
[Row   9]              -0.0000              -0.0000               0.0000               1.1458               0.0000               0.0000              -0.0000              -0.0000               0.8077              -0.0000
[Row  10]              -0.0000              -0.0000               0.0000              -0.0000               1.1458              -0.0000              -0.0000              -0.0000              -0.0000               0.8077
====== S^(AO) = S =====

                  [Col  1]              [Col  2]              [Col  3]              [Col  4]              [Col  5]              [Col  6]              [Col  7]              [Col  8]              [Col  9]              [Col 10]
[Row   1]               1.0000               0.2367              -0.0000               0.0000               0.0000               0.0000               0.0425               0.0720               0.0000               0.0000
[Row   2]               0.2367               1.0000               0.0000               0.0000               0.0000               0.0443               0.3988               0.4718               0.0000               0.0000
[Row   3]              -0.0000               0.0000               1.0000               0.0000               0.0000              -0.0736              -0.3406              -0.3117               0.0000               0.0000
[Row   4]               0.0000               0.0000               0.0000               1.0000               0.0000               0.0000               0.0000               0.0000               0.2388               0.0000
[Row   5]               0.0000               0.0000               0.0000               0.0000               1.0000               0.0000               0.0000               0.0000               0.0000               0.2388
[Row   6]               0.0000               0.0443              -0.0736               0.0000               0.0000               1.0000               0.2484              -0.0000               0.0000               0.0000
[Row   7]               0.0425               0.3988              -0.3406               0.0000               0.0000               0.2484               1.0000               0.0000               0.0000               0.0000
[Row   8]               0.0720               0.4718              -0.3117               0.0000               0.0000              -0.0000               0.0000               1.0000               0.0000               0.0000
[Row   9]               0.0000               0.0000               0.0000               0.2388               0.0000               0.0000               0.0000               0.0000               1.0000               0.0000
[Row  10]               0.0000               0.0000               0.0000               0.0000               0.2388               0.0000               0.0000               0.0000               0.0000               1.0000
====== P^(AO) std gaussian m_l ordering SPS =====

                  [Col  1]              [Col  2]              [Col  3]              [Col  4]              [Col  5]              [Col  6]              [Col  7]              [Col  8]              [Col  9]              [Col 10]
[Row   1]               1.9999               0.4745               0.0000              -0.0000              -0.0044               0.0001               0.0822              -0.0000              -0.0000               0.1372
[Row   2]               0.4745               1.9905               0.0000               0.0000               0.0378               0.0876               0.8205              -0.0000              -0.0000               1.0022
[Row   3]               0.0000               0.0000               1.6255               0.0000              -0.0000               0.0000               0.0000               1.1458              -0.0000              -0.0000
[Row   4]              -0.0000               0.0000               0.0000               1.6255              -0.0000              -0.0000               0.0000               0.0000               1.1458              -0.0000
[Row   5]              -0.0044               0.0378              -0.0000              -0.0000               1.8490              -0.1428              -0.7728               0.0000               0.0000              -0.8570
[Row   6]               0.0001               0.0876               0.0000              -0.0000              -0.1428               1.9999               0.4994               0.0000              -0.0000               0.0069
[Row   7]               0.0822               0.8205               0.0000               0.0000              -0.7728               0.4994               1.9445              -0.0000              -0.0000              -0.1417
[Row   8]              -0.0000              -0.0000               1.1458               0.0000               0.0000               0.0000              -0.0000               0.8077              -0.0000              -0.0000
[Row   9]              -0.0000              -0.0000              -0.0000               1.1458               0.0000              -0.0000              -0.0000              -0.0000               0.8077              -0.0000
[Row  10]               0.1372               1.0022              -0.0000              -0.0000              -0.8570               0.0069              -0.1417              -0.0000              -0.0000               1.6383
====== S^(AO) std gaussian m_l ordering =====

                  [Col  1]              [Col  2]              [Col  3]              [Col  4]              [Col  5]              [Col  6]              [Col  7]              [Col  8]              [Col  9]              [Col 10]
[Row   1]               1.0000               0.2367               0.0000               0.0000              -0.0000               0.0000               0.0425               0.0000               0.0000               0.0720
[Row   2]               0.2367               1.0000               0.0000               0.0000               0.0000               0.0443               0.3988               0.0000               0.0000               0.4718
[Row   3]               0.0000               0.0000               1.0000               0.0000               0.0000               0.0000               0.0000               0.2388               0.0000               0.0000
[Row   4]               0.0000               0.0000               0.0000               1.0000               0.0000               0.0000               0.0000               0.0000               0.2388               0.0000
[Row   5]              -0.0000               0.0000               0.0000               0.0000               1.0000              -0.0736              -0.3406               0.0000               0.0000              -0.3117
[Row   6]               0.0000               0.0443               0.0000               0.0000              -0.0736               1.0000               0.2484               0.0000               0.0000              -0.0000
[Row   7]               0.0425               0.3988               0.0000               0.0000              -0.3406               0.2484               1.0000               0.0000               0.0000               0.0000
[Row   8]               0.0000               0.0000               0.2388               0.0000               0.0000               0.0000               0.0000               1.0000               0.0000               0.0000
[Row   9]               0.0000               0.0000               0.0000               0.2388               0.0000               0.0000               0.0000               0.0000               1.0000               0.0000
[Row  10]               0.0720               0.4718               0.0000               0.0000              -0.3117              -0.0000               0.0000               0.0000               0.0000               1.0000
