molecule mol25.xyz
System:, atNum: 6 coords [              0.0000               0.0000               1.4404]
System:, atNum: 6 coords [              0.0000               0.0000              -1.4404]
System:, atNum: 1 coords [              0.0000               1.9255               2.1868]
System:, atNum: 1 coords [             -1.6676              -0.9628               2.1868]
System:, atNum: 1 coords [              1.6676              -0.9628               2.1868]
System:, atNum: 1 coords [              0.0000              -1.9255              -2.1868]
System:, atNum: 1 coords [             -1.6676               0.9628              -2.1868]
System:, atNum: 1 coords [              1.6676               0.9628              -2.1868]
===== Original AO-S matrix =====

                  [Col  1]              [Col  2]              [Col  3]              [Col  4]              [Col  5]              [Col  6]              [Col  7]              [Col  8]              [Col  9]              [Col 10]
[Row   1]               1.0000               0.2484               0.0000               0.0000               0.0000               0.0000               0.0277               0.0463               0.0000               0.0000
[Row   2]               0.2484               1.0000              -0.0000               0.0000               0.0000               0.0277               0.3055               0.3422               0.0000               0.0000
[Row   3]               0.0000              -0.0000               1.0000               0.0000               0.0000              -0.0463              -0.3422              -0.3164               0.0000               0.0000
[Row   4]               0.0000               0.0000               0.0000               1.0000               0.0000               0.0000               0.0000               0.0000               0.1693               0.0000
[Row   5]               0.0000               0.0000               0.0000               0.0000               1.0000               0.0000               0.0000               0.0000               0.0000               0.1693
[Row   6]               0.0000               0.0277              -0.0463               0.0000               0.0000               1.0000               0.2484              -0.0000               0.0000               0.0000
[Row   7]               0.0277               0.3055              -0.3422               0.0000               0.0000               0.2484               1.0000               0.0000               0.0000               0.0000
[Row   8]               0.0463               0.3422              -0.3164               0.0000               0.0000              -0.0000               0.0000               1.0000               0.0000               0.0000
[Row   9]               0.0000               0.0000               0.0000               0.1693               0.0000               0.0000               0.0000               0.0000               1.0000               0.0000
[Row  10]               0.0000               0.0000               0.0000               0.0000               0.1693               0.0000               0.0000               0.0000               0.0000               1.0000
[Row  11]               0.0619               0.4891               0.1685               0.0000               0.4348               0.0052               0.0942               0.1078               0.0000               0.0572
[Row  12]               0.0619               0.4891               0.1685              -0.3765              -0.2174               0.0052               0.0942               0.1078              -0.0496              -0.0286
[Row  13]               0.0619               0.4891               0.1685               0.3765              -0.2174               0.0052               0.0942               0.1078               0.0496              -0.0286
[Row  14]               0.0052               0.0942              -0.1078               0.0000              -0.0572               0.0619               0.4891              -0.1685               0.0000              -0.4348
[Row  15]               0.0052               0.0942              -0.1078              -0.0496               0.0286               0.0619               0.4891              -0.1685              -0.3765               0.2174
[Row  16]               0.0052               0.0942              -0.1078               0.0496               0.0286               0.0619               0.4891              -0.1685               0.3765               0.2174
                  [Col 11]              [Col 12]              [Col 13]              [Col 14]              [Col 15]              [Col 16]
[Row   1]               0.0619               0.0619               0.0619               0.0052               0.0052               0.0052
[Row   2]               0.4891               0.4891               0.4891               0.0942               0.0942               0.0942
[Row   3]               0.1685               0.1685               0.1685              -0.1078              -0.1078              -0.1078
[Row   4]               0.0000              -0.3765               0.3765               0.0000              -0.0496               0.0496
[Row   5]               0.4348              -0.2174              -0.2174              -0.0572               0.0286               0.0286
[Row   6]               0.0052               0.0052               0.0052               0.0619               0.0619               0.0619
[Row   7]               0.0942               0.0942               0.0942               0.4891               0.4891               0.4891
[Row   8]               0.1078               0.1078               0.1078              -0.1685              -0.1685              -0.1685
[Row   9]               0.0000              -0.0496               0.0496               0.0000              -0.3765               0.3765
[Row  10]               0.0572              -0.0286              -0.0286              -0.4348               0.2174               0.2174
[Row  11]               1.0000               0.1733               0.1733               0.0153               0.0469               0.0469
[Row  12]               0.1733               1.0000               0.1733               0.0469               0.0469               0.0153
[Row  13]               0.1733               0.1733               1.0000               0.0469               0.0153               0.0469
[Row  14]               0.0153               0.0469               0.0469               1.0000               0.1733               0.1733
[Row  15]               0.0469               0.0469               0.0153               0.1733               1.0000               0.1733
[Row  16]               0.0469               0.0153               0.0469               0.1733               0.1733               1.0000
nbas 16
 ===== CA ===== 

                  [Col  1]              [Col  2]              [Col  3]              [Col  4]              [Col  5]              [Col  6]              [Col  7]              [Col  8]              [Col  9]              [Col 10]
[Row   1]               0.7011               0.7018               0.1660               0.1449               0.0000               0.0000               0.0215              -0.0000               0.0000               0.0000
[Row   2]               0.0307               0.0226              -0.4559              -0.4375              -0.0000              -0.0000              -0.0880               0.0000              -0.0000              -0.0000
[Row   3]              -0.0028               0.0033               0.0620              -0.1502              -0.0000               0.0000               0.5380              -0.0000               0.0000               0.0000
[Row   4]               0.0000              -0.0000               0.0000              -0.0000               0.0000               0.4018              -0.0000               0.0000               0.4059               0.7132
[Row   5]               0.0000               0.0000              -0.0000              -0.0000               0.4018              -0.0000               0.0000               0.4059              -0.0000               0.0000
[Row   6]              -0.7011               0.7018               0.1660              -0.1449              -0.0000               0.0000               0.0215              -0.0000               0.0000              -0.0000
[Row   7]              -0.0307               0.0226              -0.4559               0.4375               0.0000              -0.0000              -0.0880               0.0000              -0.0000               0.0000
[Row   8]              -0.0028              -0.0033              -0.0620              -0.1502              -0.0000              -0.0000              -0.5380               0.0000              -0.0000               0.0000
[Row   9]              -0.0000               0.0000               0.0000              -0.0000               0.0000               0.4018               0.0000              -0.0000              -0.4059               0.7132
[Row  10]               0.0000              -0.0000               0.0000              -0.0000               0.4018              -0.0000              -0.0000              -0.4059               0.0000               0.0000
[Row  11]              -0.0050              -0.0049              -0.1104              -0.1693               0.3126              -0.0000               0.1461               0.3917              -0.0000              -0.0000
[Row  12]              -0.0050              -0.0049              -0.1104              -0.1693              -0.1563              -0.2707               0.1461              -0.1959              -0.3392               0.6189
[Row  13]              -0.0050              -0.0049              -0.1104              -0.1693              -0.1563               0.2707               0.1461              -0.1959               0.3392              -0.6189
[Row  14]               0.0050              -0.0049              -0.1104               0.1693              -0.3126               0.0000               0.1461               0.3917              -0.0000               0.0000
[Row  15]               0.0050              -0.0049              -0.1104               0.1693               0.1563              -0.2707               0.1461              -0.1959               0.3392               0.6189
[Row  16]               0.0050              -0.0049              -0.1104               0.1693               0.1563               0.2707               0.1461              -0.1959              -0.3392              -0.6189
                  [Col 11]              [Col 12]              [Col 13]              [Col 14]              [Col 15]              [Col 16]
[Row   1]               0.0000               0.0931               0.1490               0.1813               0.0000              -0.0000
[Row   2]              -0.0000              -0.5432              -0.9588              -1.1482              -0.0000               0.0000
[Row   3]              -0.0000               0.9964              -0.4455              -0.1737              -0.0000               0.0000
[Row   4]              -0.0000              -0.0000               0.0000              -0.0000               0.8515               0.0000
[Row   5]               0.7132               0.0000               0.0000              -0.0000              -0.0000               0.8515
[Row   6]              -0.0000              -0.0931               0.1490              -0.1813              -0.0000              -0.0000
[Row   7]               0.0000               0.5432              -0.9588               1.1482               0.0000               0.0000
[Row   8]              -0.0000               0.9964               0.4455              -0.1737              -0.0000              -0.0000
[Row   9]              -0.0000              -0.0000               0.0000               0.0000              -0.8515              -0.0000
[Row  10]               0.7132               0.0000              -0.0000              -0.0000               0.0000              -0.8515
[Row  11]              -0.7147              -0.0794               0.5190               0.5381               0.0000              -0.6829
[Row  12]               0.3573              -0.0794               0.5190               0.5381               0.5914               0.3415
[Row  13]               0.3573              -0.0794               0.5190               0.5381              -0.5914               0.3415
[Row  14]               0.7147               0.0794               0.5190              -0.5381               0.0000              -0.6829
[Row  15]              -0.3573               0.0794               0.5190              -0.5381              -0.5914               0.3415
[Row  16]              -0.3573               0.0794               0.5190              -0.5381               0.5914               0.3415
 ===== CB ===== 

                  [Col  1]              [Col  2]              [Col  3]              [Col  4]              [Col  5]              [Col  6]              [Col  7]              [Col  8]              [Col  9]              [Col 10]
[Row   1]               0.7011               0.7018               0.1660               0.1449               0.0000               0.0000               0.0215              -0.0000               0.0000               0.0000
[Row   2]               0.0307               0.0226              -0.4559              -0.4375              -0.0000              -0.0000              -0.0880               0.0000              -0.0000              -0.0000
[Row   3]              -0.0028               0.0033               0.0620              -0.1502              -0.0000               0.0000               0.5380              -0.0000               0.0000               0.0000
[Row   4]               0.0000              -0.0000               0.0000              -0.0000               0.0000               0.4018              -0.0000               0.0000               0.4059               0.7132
[Row   5]               0.0000               0.0000              -0.0000              -0.0000               0.4018              -0.0000               0.0000               0.4059              -0.0000               0.0000
[Row   6]              -0.7011               0.7018               0.1660              -0.1449              -0.0000               0.0000               0.0215              -0.0000               0.0000              -0.0000
[Row   7]              -0.0307               0.0226              -0.4559               0.4375               0.0000              -0.0000              -0.0880               0.0000              -0.0000               0.0000
[Row   8]              -0.0028              -0.0033              -0.0620              -0.1502              -0.0000              -0.0000              -0.5380               0.0000              -0.0000               0.0000
[Row   9]              -0.0000               0.0000               0.0000              -0.0000               0.0000               0.4018               0.0000              -0.0000              -0.4059               0.7132
[Row  10]               0.0000              -0.0000               0.0000              -0.0000               0.4018              -0.0000              -0.0000              -0.4059               0.0000               0.0000
[Row  11]              -0.0050              -0.0049              -0.1104              -0.1693               0.3126              -0.0000               0.1461               0.3917              -0.0000              -0.0000
[Row  12]              -0.0050              -0.0049              -0.1104              -0.1693              -0.1563              -0.2707               0.1461              -0.1959              -0.3392               0.6189
[Row  13]              -0.0050              -0.0049              -0.1104              -0.1693              -0.1563               0.2707               0.1461              -0.1959               0.3392              -0.6189
[Row  14]               0.0050              -0.0049              -0.1104               0.1693              -0.3126               0.0000               0.1461               0.3917              -0.0000               0.0000
[Row  15]               0.0050              -0.0049              -0.1104               0.1693               0.1563              -0.2707               0.1461              -0.1959               0.3392               0.6189
[Row  16]               0.0050              -0.0049              -0.1104               0.1693               0.1563               0.2707               0.1461              -0.1959              -0.3392              -0.6189
                  [Col 11]              [Col 12]              [Col 13]              [Col 14]              [Col 15]              [Col 16]
[Row   1]               0.0000               0.0931               0.1490               0.1813               0.0000              -0.0000
[Row   2]              -0.0000              -0.5432              -0.9588              -1.1482              -0.0000               0.0000
[Row   3]              -0.0000               0.9964              -0.4455              -0.1737              -0.0000               0.0000
[Row   4]              -0.0000              -0.0000               0.0000              -0.0000               0.8515               0.0000
[Row   5]               0.7132               0.0000               0.0000              -0.0000              -0.0000               0.8515
[Row   6]              -0.0000              -0.0931               0.1490              -0.1813              -0.0000              -0.0000
[Row   7]               0.0000               0.5432              -0.9588               1.1482               0.0000               0.0000
[Row   8]              -0.0000               0.9964               0.4455              -0.1737              -0.0000              -0.0000
[Row   9]              -0.0000              -0.0000               0.0000               0.0000              -0.8515              -0.0000
[Row  10]               0.7132               0.0000              -0.0000              -0.0000               0.0000              -0.8515
[Row  11]              -0.7147              -0.0794               0.5190               0.5381               0.0000              -0.6829
[Row  12]               0.3573              -0.0794               0.5190               0.5381               0.5914               0.3415
[Row  13]               0.3573              -0.0794               0.5190               0.5381              -0.5914               0.3415
[Row  14]               0.7147               0.0794               0.5190              -0.5381               0.0000              -0.6829
[Row  15]              -0.3573               0.0794               0.5190              -0.5381              -0.5914               0.3415
[Row  16]              -0.3573               0.0794               0.5190              -0.5381               0.5914               0.3415
 ===== P_psi ===== Dalpha+Dbeta 

                  [Col  1]              [Col  2]              [Col  3]              [Col  4]              [Col  5]              [Col  6]              [Col  7]              [Col  8]              [Col  9]              [Col 10]
[Row   1]               2.0660              -0.2071               0.0009               0.0000              -0.0000               0.0160              -0.0397              -0.0958               0.0000               0.0000
[Row   2]              -0.2071               0.8169              -0.0199              -0.0000              -0.0000              -0.0397               0.0474               0.2824              -0.0000              -0.0000
[Row   3]               0.0009              -0.0199               0.6317              -0.0000               0.0000               0.0958              -0.2824              -0.5415              -0.0000               0.0000
[Row   4]               0.0000              -0.0000              -0.0000               0.6525               0.0000              -0.0000               0.0000              -0.0000              -0.0067               0.0000
[Row   5]              -0.0000              -0.0000               0.0000               0.0000               0.6525              -0.0000               0.0000               0.0000              -0.0000              -0.0067
[Row   6]               0.0160              -0.0397               0.0958              -0.0000              -0.0000               2.0660              -0.2071              -0.0009               0.0000               0.0000
[Row   7]              -0.0397               0.0474              -0.2824               0.0000               0.0000              -0.2071               0.8169               0.0199              -0.0000               0.0000
[Row   8]              -0.0958               0.2824              -0.5415              -0.0000               0.0000              -0.0009               0.0199               0.6317               0.0000               0.0000
[Row   9]               0.0000              -0.0000              -0.0000              -0.0067              -0.0000               0.0000              -0.0000               0.0000               0.6525               0.0000
[Row  10]               0.0000              -0.0000               0.0000               0.0000              -0.0067               0.0000               0.0000               0.0000               0.0000               0.6525
[Row  11]              -0.0932               0.2225               0.1944               0.0000               0.5692               0.0188              -0.0731              -0.0926              -0.0000              -0.0668
[Row  12]              -0.0932               0.2225               0.1944              -0.4930              -0.2846               0.0188              -0.0731              -0.0926               0.0579               0.0334
[Row  13]              -0.0932               0.2225               0.1944               0.4930              -0.2846               0.0188              -0.0731              -0.0926              -0.0579               0.0334
[Row  14]               0.0188              -0.0731               0.0926              -0.0000               0.0668              -0.0932               0.2225              -0.1944               0.0000              -0.5692
[Row  15]               0.0188              -0.0731               0.0926               0.0579              -0.0334              -0.0932               0.2225              -0.1944              -0.4930               0.2846
[Row  16]               0.0188              -0.0731               0.0926              -0.0579              -0.0334              -0.0932               0.2225              -0.1944               0.4930               0.2846
                  [Col 11]              [Col 12]              [Col 13]              [Col 14]              [Col 15]              [Col 16]
[Row   1]              -0.0932              -0.0932              -0.0932               0.0188               0.0188               0.0188
[Row   2]               0.2225               0.2225               0.2225              -0.0731              -0.0731              -0.0731
[Row   3]               0.1944               0.1944               0.1944               0.0926               0.0926               0.0926
[Row   4]               0.0000              -0.4930               0.4930              -0.0000               0.0579              -0.0579
[Row   5]               0.5692              -0.2846              -0.2846               0.0668              -0.0334              -0.0334
[Row   6]               0.0188               0.0188               0.0188              -0.0932              -0.0932              -0.0932
[Row   7]              -0.0731              -0.0731              -0.0731               0.2225               0.2225               0.2225
[Row   8]              -0.0926              -0.0926              -0.0926              -0.1944              -0.1944              -0.1944
[Row   9]              -0.0000               0.0579              -0.0579               0.0000              -0.4930               0.4930
[Row  10]              -0.0668               0.0334               0.0334              -0.5692               0.2846               0.2846
[Row  11]               0.6268              -0.1267              -0.1267               0.1212              -0.0460              -0.0460
[Row  12]              -0.1267               0.6268              -0.1267              -0.0460              -0.0460               0.1212
[Row  13]              -0.1267              -0.1267               0.6268              -0.0460               0.1212              -0.0460
[Row  14]               0.1212              -0.0460              -0.0460               0.6268              -0.1267              -0.1267
[Row  15]              -0.0460              -0.0460               0.1212              -0.1267               0.6268              -0.1267
[Row  16]              -0.0460               0.1212              -0.0460              -0.1267              -0.1267               0.6268
===== P_mu,nu local =====

                  [Col  1]              [Col  2]              [Col  3]              [Col  4]              [Col  5]              [Col  6]              [Col  7]              [Col  8]              [Col  9]              [Col 10]
[Row   1]               2.0660              -0.2071               0.0009               0.0000              -0.0000               0.0160              -0.0397              -0.0958               0.0000               0.0000
[Row   2]              -0.2071               0.8169              -0.0199              -0.0000              -0.0000              -0.0397               0.0474               0.2824              -0.0000              -0.0000
[Row   3]               0.0009              -0.0199               0.6317              -0.0000               0.0000               0.0958              -0.2824              -0.5415              -0.0000               0.0000
[Row   4]               0.0000              -0.0000              -0.0000               0.6525               0.0000              -0.0000               0.0000              -0.0000              -0.0067               0.0000
[Row   5]              -0.0000              -0.0000               0.0000               0.0000               0.6525              -0.0000               0.0000               0.0000              -0.0000              -0.0067
[Row   6]               0.0160              -0.0397               0.0958              -0.0000              -0.0000               2.0660              -0.2071              -0.0009               0.0000               0.0000
[Row   7]              -0.0397               0.0474              -0.2824               0.0000               0.0000              -0.2071               0.8169               0.0199              -0.0000               0.0000
[Row   8]              -0.0958               0.2824              -0.5415              -0.0000               0.0000              -0.0009               0.0199               0.6317               0.0000               0.0000
[Row   9]               0.0000              -0.0000              -0.0000              -0.0067              -0.0000               0.0000              -0.0000               0.0000               0.6525               0.0000
[Row  10]               0.0000              -0.0000               0.0000               0.0000              -0.0067               0.0000               0.0000               0.0000               0.0000               0.6525
[Row  11]              -0.0932               0.2225               0.1944               0.0000               0.5692               0.0188              -0.0731              -0.0926              -0.0000              -0.0668
[Row  12]              -0.0932               0.2225               0.1944              -0.4930              -0.2846               0.0188              -0.0731              -0.0926               0.0579               0.0334
[Row  13]              -0.0932               0.2225               0.1944               0.4930              -0.2846               0.0188              -0.0731              -0.0926              -0.0579               0.0334
[Row  14]               0.0188              -0.0731               0.0926              -0.0000               0.0668              -0.0932               0.2225              -0.1944               0.0000              -0.5692
[Row  15]               0.0188              -0.0731               0.0926               0.0579              -0.0334              -0.0932               0.2225              -0.1944              -0.4930               0.2846
[Row  16]               0.0188              -0.0731               0.0926              -0.0579              -0.0334              -0.0932               0.2225              -0.1944               0.4930               0.2846
                  [Col 11]              [Col 12]              [Col 13]              [Col 14]              [Col 15]              [Col 16]
[Row   1]              -0.0932              -0.0932              -0.0932               0.0188               0.0188               0.0188
[Row   2]               0.2225               0.2225               0.2225              -0.0731              -0.0731              -0.0731
[Row   3]               0.1944               0.1944               0.1944               0.0926               0.0926               0.0926
[Row   4]               0.0000              -0.4930               0.4930              -0.0000               0.0579              -0.0579
[Row   5]               0.5692              -0.2846              -0.2846               0.0668              -0.0334              -0.0334
[Row   6]               0.0188               0.0188               0.0188              -0.0932              -0.0932              -0.0932
[Row   7]              -0.0731              -0.0731              -0.0731               0.2225               0.2225               0.2225
[Row   8]              -0.0926              -0.0926              -0.0926              -0.1944              -0.1944              -0.1944
[Row   9]              -0.0000               0.0579              -0.0579               0.0000              -0.4930               0.4930
[Row  10]              -0.0668               0.0334               0.0334              -0.5692               0.2846               0.2846
[Row  11]               0.6268              -0.1267              -0.1267               0.1212              -0.0460              -0.0460
[Row  12]              -0.1267               0.6268              -0.1267              -0.0460              -0.0460               0.1212
[Row  13]              -0.1267              -0.1267               0.6268              -0.0460               0.1212              -0.0460
[Row  14]               0.1212              -0.0460              -0.0460               0.6268              -0.1267              -0.1267
[Row  15]              -0.0460              -0.0460               0.1212              -0.1267               0.6268              -0.1267
[Row  16]              -0.0460               0.1212              -0.0460              -0.1267              -0.1267               0.6268
===== P_mu,nu psi4 =====

                  [Col  1]              [Col  2]              [Col  3]              [Col  4]              [Col  5]              [Col  6]              [Col  7]              [Col  8]              [Col  9]              [Col 10]
[Row   1]               2.0660              -0.2071               0.0009               0.0000              -0.0000               0.0160              -0.0397              -0.0958               0.0000               0.0000
[Row   2]              -0.2071               0.8169              -0.0199              -0.0000              -0.0000              -0.0397               0.0474               0.2824              -0.0000              -0.0000
[Row   3]               0.0009              -0.0199               0.6317              -0.0000               0.0000               0.0958              -0.2824              -0.5415              -0.0000               0.0000
[Row   4]               0.0000              -0.0000              -0.0000               0.6525               0.0000              -0.0000               0.0000              -0.0000              -0.0067               0.0000
[Row   5]              -0.0000              -0.0000               0.0000               0.0000               0.6525              -0.0000               0.0000               0.0000              -0.0000              -0.0067
[Row   6]               0.0160              -0.0397               0.0958              -0.0000              -0.0000               2.0660              -0.2071              -0.0009               0.0000               0.0000
[Row   7]              -0.0397               0.0474              -0.2824               0.0000               0.0000              -0.2071               0.8169               0.0199              -0.0000               0.0000
[Row   8]              -0.0958               0.2824              -0.5415              -0.0000               0.0000              -0.0009               0.0199               0.6317               0.0000               0.0000
[Row   9]               0.0000              -0.0000              -0.0000              -0.0067              -0.0000               0.0000              -0.0000               0.0000               0.6525               0.0000
[Row  10]               0.0000              -0.0000               0.0000               0.0000              -0.0067               0.0000               0.0000               0.0000               0.0000               0.6525
[Row  11]              -0.0932               0.2225               0.1944               0.0000               0.5692               0.0188              -0.0731              -0.0926              -0.0000              -0.0668
[Row  12]              -0.0932               0.2225               0.1944              -0.4930              -0.2846               0.0188              -0.0731              -0.0926               0.0579               0.0334
[Row  13]              -0.0932               0.2225               0.1944               0.4930              -0.2846               0.0188              -0.0731              -0.0926              -0.0579               0.0334
[Row  14]               0.0188              -0.0731               0.0926              -0.0000               0.0668              -0.0932               0.2225              -0.1944               0.0000              -0.5692
[Row  15]               0.0188              -0.0731               0.0926               0.0579              -0.0334              -0.0932               0.2225              -0.1944              -0.4930               0.2846
[Row  16]               0.0188              -0.0731               0.0926              -0.0579              -0.0334              -0.0932               0.2225              -0.1944               0.4930               0.2846
                  [Col 11]              [Col 12]              [Col 13]              [Col 14]              [Col 15]              [Col 16]
[Row   1]              -0.0932              -0.0932              -0.0932               0.0188               0.0188               0.0188
[Row   2]               0.2225               0.2225               0.2225              -0.0731              -0.0731              -0.0731
[Row   3]               0.1944               0.1944               0.1944               0.0926               0.0926               0.0926
[Row   4]               0.0000              -0.4930               0.4930              -0.0000               0.0579              -0.0579
[Row   5]               0.5692              -0.2846              -0.2846               0.0668              -0.0334              -0.0334
[Row   6]               0.0188               0.0188               0.0188              -0.0932              -0.0932              -0.0932
[Row   7]              -0.0731              -0.0731              -0.0731               0.2225               0.2225               0.2225
[Row   8]              -0.0926              -0.0926              -0.0926              -0.1944              -0.1944              -0.1944
[Row   9]              -0.0000               0.0579              -0.0579               0.0000              -0.4930               0.4930
[Row  10]              -0.0668               0.0334               0.0334              -0.5692               0.2846               0.2846
[Row  11]               0.6268              -0.1267              -0.1267               0.1212              -0.0460              -0.0460
[Row  12]              -0.1267               0.6268              -0.1267              -0.0460              -0.0460               0.1212
[Row  13]              -0.1267              -0.1267               0.6268              -0.0460               0.1212              -0.0460
[Row  14]               0.1212              -0.0460              -0.0460               0.6268              -0.1267              -0.1267
[Row  15]              -0.0460              -0.0460               0.1212              -0.1267               0.6268              -0.1267
[Row  16]              -0.0460               0.1212              -0.0460              -0.1267              -0.1267               0.6268
====== P^(AO) = SPS =====

                  [Col  1]              [Col  2]              [Col  3]              [Col  4]              [Col  5]              [Col  6]              [Col  7]              [Col  8]              [Col  9]              [Col 10]
[Row   1]               1.9995               0.5049              -0.0006               0.0000              -0.0000               0.0002               0.0528               0.0856               0.0000               0.0000
[Row   2]               0.5049               1.8666               0.0235               0.0000               0.0000               0.0528               0.6546               0.8103              -0.0000              -0.0000
[Row   3]              -0.0006               0.0235               1.5588               0.0000               0.0000              -0.0856              -0.8103              -0.9573              -0.0000               0.0000
[Row   4]               0.0000               0.0000               0.0000               1.6065               0.0000              -0.0000               0.0000              -0.0000               0.3564               0.0000
[Row   5]              -0.0000               0.0000               0.0000               0.0000               1.6065              -0.0000               0.0000               0.0000              -0.0000               0.3564
[Row   6]               0.0002               0.0528              -0.0856              -0.0000              -0.0000               1.9995               0.5049               0.0006               0.0000               0.0000
[Row   7]               0.0528               0.6546              -0.8103               0.0000               0.0000               0.5049               1.8666              -0.0235              -0.0000              -0.0000
[Row   8]               0.0856               0.8103              -0.9573              -0.0000               0.0000               0.0006              -0.0235               1.5588               0.0000               0.0000
[Row   9]               0.0000              -0.0000              -0.0000               0.3564              -0.0000               0.0000              -0.0000               0.0000               1.6065               0.0000
[Row  10]               0.0000              -0.0000               0.0000               0.0000               0.3564               0.0000              -0.0000               0.0000               0.0000               1.6065
[Row  11]               0.1168               1.0876               0.4460               0.0000               1.1725               0.0106               0.1865               0.2023               0.0000               0.1333
[Row  12]               0.1168               1.0876               0.4460              -1.0154              -0.5863               0.0106               0.1865               0.2023              -0.1155              -0.0667
[Row  13]               0.1168               1.0876               0.4460               1.0154              -0.5863               0.0106               0.1865               0.2023               0.1155              -0.0667
[Row  14]               0.0106               0.1865              -0.2023              -0.0000              -0.1333               0.1168               1.0876              -0.4460              -0.0000              -1.1725
[Row  15]               0.0106               0.1865              -0.2023              -0.1155               0.0667               0.1168               1.0876              -0.4460              -1.0154               0.5863
[Row  16]               0.0106               0.1865              -0.2023               0.1155               0.0667               0.1168               1.0876              -0.4460               1.0154               0.5863
                  [Col 11]              [Col 12]              [Col 13]              [Col 14]              [Col 15]              [Col 16]
[Row   1]               0.1168               0.1168               0.1168               0.0106               0.0106               0.0106
[Row   2]               1.0876               1.0876               1.0876               0.1865               0.1865               0.1865
[Row   3]               0.4460               0.4460               0.4460              -0.2023              -0.2023              -0.2023
[Row   4]               0.0000              -1.0154               1.0154              -0.0000              -0.1155               0.1155
[Row   5]               1.1725              -0.5863              -0.5863              -0.1333               0.0667               0.0667
[Row   6]               0.0106               0.0106               0.0106               0.1168               0.1168               0.1168
[Row   7]               0.1865               0.1865               0.1865               1.0876               1.0876               1.0876
[Row   8]               0.2023               0.2023               0.2023              -0.4460              -0.4460              -0.4460
[Row   9]               0.0000              -0.1155               0.1155              -0.0000              -1.0154               1.0154
[Row  10]               0.1333              -0.0667              -0.0667              -1.1725               0.5863               0.5863
[Row  11]               1.6367               0.3373               0.3373               0.0692               0.0729               0.0729
[Row  12]               0.3373               1.6367               0.3373               0.0729               0.0729               0.0692
[Row  13]               0.3373               0.3373               1.6367               0.0729               0.0692               0.0729
[Row  14]               0.0692               0.0729               0.0729               1.6367               0.3373               0.3373
[Row  15]               0.0729               0.0729               0.0692               0.3373               1.6367               0.3373
[Row  16]               0.0729               0.0692               0.0729               0.3373               0.3373               1.6367
====== S^(AO) = S =====

                  [Col  1]              [Col  2]              [Col  3]              [Col  4]              [Col  5]              [Col  6]              [Col  7]              [Col  8]              [Col  9]              [Col 10]
[Row   1]               1.0000               0.2484               0.0000               0.0000               0.0000               0.0000               0.0277               0.0463               0.0000               0.0000
[Row   2]               0.2484               1.0000              -0.0000               0.0000               0.0000               0.0277               0.3055               0.3422               0.0000               0.0000
[Row   3]               0.0000              -0.0000               1.0000               0.0000               0.0000              -0.0463              -0.3422              -0.3164               0.0000               0.0000
[Row   4]               0.0000               0.0000               0.0000               1.0000               0.0000               0.0000               0.0000               0.0000               0.1693               0.0000
[Row   5]               0.0000               0.0000               0.0000               0.0000               1.0000               0.0000               0.0000               0.0000               0.0000               0.1693
[Row   6]               0.0000               0.0277              -0.0463               0.0000               0.0000               1.0000               0.2484              -0.0000               0.0000               0.0000
[Row   7]               0.0277               0.3055              -0.3422               0.0000               0.0000               0.2484               1.0000               0.0000               0.0000               0.0000
[Row   8]               0.0463               0.3422              -0.3164               0.0000               0.0000              -0.0000               0.0000               1.0000               0.0000               0.0000
[Row   9]               0.0000               0.0000               0.0000               0.1693               0.0000               0.0000               0.0000               0.0000               1.0000               0.0000
[Row  10]               0.0000               0.0000               0.0000               0.0000               0.1693               0.0000               0.0000               0.0000               0.0000               1.0000
[Row  11]               0.0619               0.4891               0.1685               0.0000               0.4348               0.0052               0.0942               0.1078               0.0000               0.0572
[Row  12]               0.0619               0.4891               0.1685              -0.3765              -0.2174               0.0052               0.0942               0.1078              -0.0496              -0.0286
[Row  13]               0.0619               0.4891               0.1685               0.3765              -0.2174               0.0052               0.0942               0.1078               0.0496              -0.0286
[Row  14]               0.0052               0.0942              -0.1078               0.0000              -0.0572               0.0619               0.4891              -0.1685               0.0000              -0.4348
[Row  15]               0.0052               0.0942              -0.1078              -0.0496               0.0286               0.0619               0.4891              -0.1685              -0.3765               0.2174
[Row  16]               0.0052               0.0942              -0.1078               0.0496               0.0286               0.0619               0.4891              -0.1685               0.3765               0.2174
                  [Col 11]              [Col 12]              [Col 13]              [Col 14]              [Col 15]              [Col 16]
[Row   1]               0.0619               0.0619               0.0619               0.0052               0.0052               0.0052
[Row   2]               0.4891               0.4891               0.4891               0.0942               0.0942               0.0942
[Row   3]               0.1685               0.1685               0.1685              -0.1078              -0.1078              -0.1078
[Row   4]               0.0000              -0.3765               0.3765               0.0000              -0.0496               0.0496
[Row   5]               0.4348              -0.2174              -0.2174              -0.0572               0.0286               0.0286
[Row   6]               0.0052               0.0052               0.0052               0.0619               0.0619               0.0619
[Row   7]               0.0942               0.0942               0.0942               0.4891               0.4891               0.4891
[Row   8]               0.1078               0.1078               0.1078              -0.1685              -0.1685              -0.1685
[Row   9]               0.0000              -0.0496               0.0496               0.0000              -0.3765               0.3765
[Row  10]               0.0572              -0.0286              -0.0286              -0.4348               0.2174               0.2174
[Row  11]               1.0000               0.1733               0.1733               0.0153               0.0469               0.0469
[Row  12]               0.1733               1.0000               0.1733               0.0469               0.0469               0.0153
[Row  13]               0.1733               0.1733               1.0000               0.0469               0.0153               0.0469
[Row  14]               0.0153               0.0469               0.0469               1.0000               0.1733               0.1733
[Row  15]               0.0469               0.0469               0.0153               0.1733               1.0000               0.1733
[Row  16]               0.0469               0.0153               0.0469               0.1733               0.1733               1.0000
====== P^(AO) std gaussian m_l ordering SPS =====

                  [Col  1]              [Col  2]              [Col  3]              [Col  4]              [Col  5]              [Col  6]              [Col  7]              [Col  8]              [Col  9]              [Col 10]
[Row   1]               1.9995               0.5049               0.0000              -0.0000              -0.0006               0.0002               0.0528               0.0000               0.0000               0.0856
[Row   2]               0.5049               1.8666               0.0000               0.0000               0.0235               0.0528               0.6546              -0.0000              -0.0000               0.8103
[Row   3]               0.0000               0.0000               1.6065               0.0000               0.0000              -0.0000               0.0000               0.3564               0.0000              -0.0000
[Row   4]              -0.0000               0.0000               0.0000               1.6065               0.0000              -0.0000               0.0000              -0.0000               0.3564               0.0000
[Row   5]              -0.0006               0.0235               0.0000               0.0000               1.5588              -0.0856              -0.8103              -0.0000               0.0000              -0.9573
[Row   6]               0.0002               0.0528              -0.0000              -0.0000              -0.0856               1.9995               0.5049               0.0000               0.0000               0.0006
[Row   7]               0.0528               0.6546               0.0000               0.0000              -0.8103               0.5049               1.8666              -0.0000              -0.0000              -0.0235
[Row   8]               0.0000              -0.0000               0.3564              -0.0000              -0.0000               0.0000              -0.0000               1.6065               0.0000               0.0000
[Row   9]               0.0000              -0.0000               0.0000               0.3564               0.0000               0.0000              -0.0000               0.0000               1.6065               0.0000
[Row  10]               0.0856               0.8103              -0.0000               0.0000              -0.9573               0.0006              -0.0235               0.0000               0.0000               1.5588
[Row  11]               0.1168               1.0876               0.0000               1.1725               0.4460               0.0106               0.1865               0.0000               0.1333               0.2023
[Row  12]               0.1168               1.0876              -1.0154              -0.5863               0.4460               0.0106               0.1865              -0.1155              -0.0667               0.2023
[Row  13]               0.1168               1.0876               1.0154              -0.5863               0.4460               0.0106               0.1865               0.1155              -0.0667               0.2023
[Row  14]               0.0106               0.1865              -0.0000              -0.1333              -0.2023               0.1168               1.0876              -0.0000              -1.1725              -0.4460
[Row  15]               0.0106               0.1865              -0.1155               0.0667              -0.2023               0.1168               1.0876              -1.0154               0.5863              -0.4460
[Row  16]               0.0106               0.1865               0.1155               0.0667              -0.2023               0.1168               1.0876               1.0154               0.5863              -0.4460
                  [Col 11]              [Col 12]              [Col 13]              [Col 14]              [Col 15]              [Col 16]
[Row   1]               0.1168               0.1168               0.1168               0.0106               0.0106               0.0106
[Row   2]               1.0876               1.0876               1.0876               0.1865               0.1865               0.1865
[Row   3]               0.0000              -1.0154               1.0154              -0.0000              -0.1155               0.1155
[Row   4]               1.1725              -0.5863              -0.5863              -0.1333               0.0667               0.0667
[Row   5]               0.4460               0.4460               0.4460              -0.2023              -0.2023              -0.2023
[Row   6]               0.0106               0.0106               0.0106               0.1168               0.1168               0.1168
[Row   7]               0.1865               0.1865               0.1865               1.0876               1.0876               1.0876
[Row   8]               0.0000              -0.1155               0.1155              -0.0000              -1.0154               1.0154
[Row   9]               0.1333              -0.0667              -0.0667              -1.1725               0.5863               0.5863
[Row  10]               0.2023               0.2023               0.2023              -0.4460              -0.4460              -0.4460
[Row  11]               1.6367               0.3373               0.3373               0.0692               0.0729               0.0729
[Row  12]               0.3373               1.6367               0.3373               0.0729               0.0729               0.0692
[Row  13]               0.3373               0.3373               1.6367               0.0729               0.0692               0.0729
[Row  14]               0.0692               0.0729               0.0729               1.6367               0.3373               0.3373
[Row  15]               0.0729               0.0729               0.0692               0.3373               1.6367               0.3373
[Row  16]               0.0729               0.0692               0.0729               0.3373               0.3373               1.6367
====== S^(AO) std gaussian m_l ordering =====

                  [Col  1]              [Col  2]              [Col  3]              [Col  4]              [Col  5]              [Col  6]              [Col  7]              [Col  8]              [Col  9]              [Col 10]
[Row   1]               1.0000               0.2484               0.0000               0.0000               0.0000               0.0000               0.0277               0.0000               0.0000               0.0463
[Row   2]               0.2484               1.0000               0.0000               0.0000              -0.0000               0.0277               0.3055               0.0000               0.0000               0.3422
[Row   3]               0.0000               0.0000               1.0000               0.0000               0.0000               0.0000               0.0000               0.1693               0.0000               0.0000
[Row   4]               0.0000               0.0000               0.0000               1.0000               0.0000               0.0000               0.0000               0.0000               0.1693               0.0000
[Row   5]               0.0000              -0.0000               0.0000               0.0000               1.0000              -0.0463              -0.3422               0.0000               0.0000              -0.3164
[Row   6]               0.0000               0.0277               0.0000               0.0000              -0.0463               1.0000               0.2484               0.0000               0.0000              -0.0000
[Row   7]               0.0277               0.3055               0.0000               0.0000              -0.3422               0.2484               1.0000               0.0000               0.0000               0.0000
[Row   8]               0.0000               0.0000               0.1693               0.0000               0.0000               0.0000               0.0000               1.0000               0.0000               0.0000
[Row   9]               0.0000               0.0000               0.0000               0.1693               0.0000               0.0000               0.0000               0.0000               1.0000               0.0000
[Row  10]               0.0463               0.3422               0.0000               0.0000              -0.3164              -0.0000               0.0000               0.0000               0.0000               1.0000
[Row  11]               0.0619               0.4891               0.0000               0.4348               0.1685               0.0052               0.0942               0.0000               0.0572               0.1078
[Row  12]               0.0619               0.4891              -0.3765              -0.2174               0.1685               0.0052               0.0942              -0.0496              -0.0286               0.1078
[Row  13]               0.0619               0.4891               0.3765              -0.2174               0.1685               0.0052               0.0942               0.0496              -0.0286               0.1078
[Row  14]               0.0052               0.0942               0.0000              -0.0572              -0.1078               0.0619               0.4891               0.0000              -0.4348              -0.1685
[Row  15]               0.0052               0.0942              -0.0496               0.0286              -0.1078               0.0619               0.4891              -0.3765               0.2174              -0.1685
[Row  16]               0.0052               0.0942               0.0496               0.0286              -0.1078               0.0619               0.4891               0.3765               0.2174              -0.1685
                  [Col 11]              [Col 12]              [Col 13]              [Col 14]              [Col 15]              [Col 16]
[Row   1]               0.0619               0.0619               0.0619               0.0052               0.0052               0.0052
[Row   2]               0.4891               0.4891               0.4891               0.0942               0.0942               0.0942
[Row   3]               0.0000              -0.3765               0.3765               0.0000              -0.0496               0.0496
[Row   4]               0.4348              -0.2174              -0.2174              -0.0572               0.0286               0.0286
[Row   5]               0.1685               0.1685               0.1685              -0.1078              -0.1078              -0.1078
[Row   6]               0.0052               0.0052               0.0052               0.0619               0.0619               0.0619
[Row   7]               0.0942               0.0942               0.0942               0.4891               0.4891               0.4891
[Row   8]               0.0000              -0.0496               0.0496               0.0000              -0.3765               0.3765
[Row   9]               0.0572              -0.0286              -0.0286              -0.4348               0.2174               0.2174
[Row  10]               0.1078               0.1078               0.1078              -0.1685              -0.1685              -0.1685
[Row  11]               1.0000               0.1733               0.1733               0.0153               0.0469               0.0469
[Row  12]               0.1733               1.0000               0.1733               0.0469               0.0469               0.0153
[Row  13]               0.1733               0.1733               1.0000               0.0469               0.0153               0.0469
[Row  14]               0.0153               0.0469               0.0469               1.0000               0.1733               0.1733
[Row  15]               0.0469               0.0469               0.0153               0.1733               1.0000               0.1733
[Row  16]               0.0469               0.0153               0.0469               0.1733               0.1733               1.0000
