molecule mol36.xyz
System:, atNum: 8 coords [              0.0000               1.3872              -0.0997]
System:, atNum: 8 coords [              0.0000              -1.3872              -0.0997]
System:, atNum: 1 coords [              1.5865               1.6644               0.7975]
System:, atNum: 1 coords [             -1.5865              -1.6644               0.7975]
===== Original AO-S matrix =====

                  [Col  1]              [Col  2]              [Col  3]              [Col  4]              [Col  5]              [Col  6]              [Col  7]              [Col  8]              [Col  9]              [Col 10]
[Row   1]               1.0000               0.2367               0.0000               0.0000              -0.0000               0.0000               0.0090               0.0000               0.0000               0.0169
[Row   2]               0.2367               1.0000              -0.0000               0.0000               0.0000               0.0090               0.1608              -0.0000               0.0000               0.2063
[Row   3]               0.0000              -0.0000               1.0000               0.0000               0.0000               0.0000              -0.0000               0.0771               0.0000              -0.0000
[Row   4]               0.0000               0.0000               0.0000               1.0000               0.0000               0.0000               0.0000               0.0000               0.0771               0.0000
[Row   5]              -0.0000               0.0000               0.0000               0.0000               1.0000              -0.0169              -0.2063               0.0000               0.0000              -0.2318
[Row   6]               0.0000               0.0090               0.0000               0.0000              -0.0169               1.0000               0.2367               0.0000               0.0000               0.0000
[Row   7]               0.0090               0.1608              -0.0000               0.0000              -0.2063               0.2367               1.0000              -0.0000               0.0000               0.0000
[Row   8]               0.0000              -0.0000               0.0771               0.0000               0.0000               0.0000              -0.0000               1.0000               0.0000               0.0000
[Row   9]               0.0000               0.0000               0.0000               0.0771               0.0000               0.0000               0.0000               0.0000               1.0000               0.0000
[Row  10]               0.0169               0.2063              -0.0000               0.0000              -0.2318               0.0000               0.0000               0.0000               0.0000               1.0000
[Row  11]               0.0517               0.4628               0.1883               0.3330               0.0582               0.0066               0.0966               0.0263               0.0466               0.0896
[Row  12]               0.0066               0.0966               0.0263              -0.0466              -0.0896               0.0517               0.4628               0.1883              -0.3330              -0.0582
                  [Col 11]              [Col 12]
[Row   1]               0.0517               0.0066
[Row   2]               0.4628               0.0966
[Row   3]               0.1883               0.0263
[Row   4]               0.3330              -0.0466
[Row   5]               0.0582              -0.0896
[Row   6]               0.0066               0.0517
[Row   7]               0.0966               0.4628
[Row   8]               0.0263               0.1883
[Row   9]               0.0466              -0.3330
[Row  10]               0.0896              -0.0582
[Row  11]               1.0000               0.0560
[Row  12]               0.0560               1.0000
nbas 12
 ===== CA ===== 

                  [Col  1]              [Col  2]              [Col  3]              [Col  4]              [Col  5]              [Col  6]              [Col  7]              [Col  8]              [Col  9]              [Col 10]
[Row   1]               0.7029               0.7034               0.1662               0.1713               0.0692               0.0286               0.0281               0.0502               0.0212               0.0736
[Row   2]               0.0187               0.0156              -0.5942              -0.6558              -0.3392              -0.1678              -0.1232              -0.2615              -0.1104              -0.3930
[Row   3]               0.0011               0.0013              -0.0370              -0.0472               0.0550               0.4021               0.4590              -0.2036               0.6831              -0.0480
[Row   4]               0.0021               0.0022              -0.0471              -0.0871               0.4988               0.2015              -0.1773               0.5093              -0.2054              -0.0929
[Row   5]              -0.0027               0.0008               0.0878              -0.0812              -0.0704               0.2797              -0.4455              -0.3513              -0.0311               0.7980
[Row   6]              -0.7029               0.7034               0.1662              -0.1713              -0.0692               0.0286               0.0281               0.0502              -0.0212              -0.0736
[Row   7]              -0.0187               0.0156              -0.5942               0.6558               0.3392              -0.1678              -0.1232              -0.2615               0.1104               0.3930
[Row   8]              -0.0011               0.0013              -0.0370               0.0472              -0.0550               0.4021               0.4590              -0.2036              -0.6831               0.0480
[Row   9]               0.0021              -0.0022               0.0471              -0.0871               0.4988              -0.2015               0.1773              -0.5093              -0.2054              -0.0929
[Row  10]              -0.0027              -0.0008              -0.0878              -0.0812              -0.0704              -0.2797               0.4455               0.3513              -0.0311               0.7980
[Row  11]              -0.0040              -0.0047              -0.0968              -0.1699               0.3001               0.3280              -0.0643               0.1875               0.1261               0.1697
[Row  12]               0.0040              -0.0047              -0.0968               0.1699              -0.3001               0.3280              -0.0643               0.1875              -0.1261              -0.1697
                  [Col 11]              [Col 12]
[Row   1]               0.0671               0.0502
[Row   2]              -0.4488              -0.3481
[Row   3]              -0.2824              -0.3043
[Row   4]              -0.5316              -0.5080
[Row   5]              -0.1161              -0.2322
[Row   6]               0.0671              -0.0502
[Row   7]              -0.4488               0.3481
[Row   8]              -0.2824               0.3043
[Row   9]               0.5316              -0.5080
[Row  10]               0.1161              -0.2322
[Row  11]               0.7853               0.8063
[Row  12]               0.7853              -0.8063
 ===== CB ===== 

                  [Col  1]              [Col  2]              [Col  3]              [Col  4]              [Col  5]              [Col  6]              [Col  7]              [Col  8]              [Col  9]              [Col 10]
[Row   1]               0.7029               0.7034               0.1662               0.1713               0.0692               0.0286               0.0281               0.0502               0.0212               0.0736
[Row   2]               0.0187               0.0156              -0.5942              -0.6558              -0.3392              -0.1678              -0.1232              -0.2615              -0.1104              -0.3930
[Row   3]               0.0011               0.0013              -0.0370              -0.0472               0.0550               0.4021               0.4590              -0.2036               0.6831              -0.0480
[Row   4]               0.0021               0.0022              -0.0471              -0.0871               0.4988               0.2015              -0.1773               0.5093              -0.2054              -0.0929
[Row   5]              -0.0027               0.0008               0.0878              -0.0812              -0.0704               0.2797              -0.4455              -0.3513              -0.0311               0.7980
[Row   6]              -0.7029               0.7034               0.1662              -0.1713              -0.0692               0.0286               0.0281               0.0502              -0.0212              -0.0736
[Row   7]              -0.0187               0.0156              -0.5942               0.6558               0.3392              -0.1678              -0.1232              -0.2615               0.1104               0.3930
[Row   8]              -0.0011               0.0013              -0.0370               0.0472              -0.0550               0.4021               0.4590              -0.2036              -0.6831               0.0480
[Row   9]               0.0021              -0.0022               0.0471              -0.0871               0.4988              -0.2015               0.1773              -0.5093              -0.2054              -0.0929
[Row  10]              -0.0027              -0.0008              -0.0878              -0.0812              -0.0704              -0.2797               0.4455               0.3513              -0.0311               0.7980
[Row  11]              -0.0040              -0.0047              -0.0968              -0.1699               0.3001               0.3280              -0.0643               0.1875               0.1261               0.1697
[Row  12]               0.0040              -0.0047              -0.0968               0.1699              -0.3001               0.3280              -0.0643               0.1875              -0.1261              -0.1697
                  [Col 11]              [Col 12]
[Row   1]               0.0671               0.0502
[Row   2]              -0.4488              -0.3481
[Row   3]              -0.2824              -0.3043
[Row   4]              -0.5316              -0.5080
[Row   5]              -0.1161              -0.2322
[Row   6]               0.0671              -0.0502
[Row   7]              -0.4488               0.3481
[Row   8]              -0.2824               0.3043
[Row   9]               0.5316              -0.5080
[Row  10]               0.1161              -0.2322
[Row  11]               0.7853               0.8063
[Row  12]               0.7853              -0.8063
 ===== P_psi ===== Dalpha+Dbeta 

                  [Col  1]              [Col  2]              [Col  3]              [Col  4]              [Col  5]              [Col  6]              [Col  7]              [Col  8]              [Col  9]              [Col 10]
[Row   1]               2.1104              -0.4682               0.0399               0.0735              -0.0567              -0.0042               0.0316              -0.0042              -0.0068              -0.0287
[Row   2]              -0.4682               2.0453              -0.2237              -0.4131               0.2563               0.0316              -0.1851               0.0285               0.0556               0.0657
[Row   3]               0.0399              -0.2237               1.7742              -0.4221              -0.0902              -0.0042               0.0285              -0.1136              -0.0128               0.0049
[Row   4]               0.0735              -0.4131              -0.4221               1.2645              -0.1387               0.0068              -0.0556               0.0128              -0.0702               0.0521
[Row   5]              -0.0567               0.2563              -0.0902              -0.1387               0.8406               0.0287              -0.0657              -0.0049               0.0521              -0.7906
[Row   6]              -0.0042               0.0316              -0.0042               0.0068               0.0287               2.1104              -0.4682               0.0399              -0.0735               0.0567
[Row   7]               0.0316              -0.1851               0.0285              -0.0556              -0.0657              -0.4682               2.0453              -0.2237               0.4131              -0.2563
[Row   8]              -0.0042               0.0285              -0.1136               0.0128              -0.0049               0.0399              -0.2237               1.7742               0.4221               0.0902
[Row   9]              -0.0068               0.0556              -0.0128              -0.0702               0.0521              -0.0735               0.4131               0.4221               1.2645              -0.1387
[Row  10]              -0.0287               0.0657               0.0049               0.0521              -0.7906               0.0567              -0.2563               0.0902              -0.1387               0.8406
[Row  11]              -0.0218              -0.0861               0.3568               0.6322               0.0695               0.0122              -0.0687              -0.0859              -0.0779              -0.1145
[Row  12]               0.0122              -0.0687              -0.0859               0.0779               0.1145              -0.0218              -0.0861               0.3568              -0.6322              -0.0695
                  [Col 11]              [Col 12]
[Row   1]              -0.0218               0.0122
[Row   2]              -0.0861              -0.0687
[Row   3]               0.3568              -0.0859
[Row   4]               0.6322               0.0779
[Row   5]               0.0695               0.1145
[Row   6]               0.0122              -0.0218
[Row   7]              -0.0687              -0.0861
[Row   8]              -0.0859               0.3568
[Row   9]              -0.0779              -0.6322
[Row  10]              -0.1145              -0.0695
[Row  11]               0.5822               0.0428
[Row  12]               0.0428               0.5822
===== P_mu,nu local =====

                  [Col  1]              [Col  2]              [Col  3]              [Col  4]              [Col  5]              [Col  6]              [Col  7]              [Col  8]              [Col  9]              [Col 10]
[Row   1]               2.1104              -0.4682               0.0399               0.0735              -0.0567              -0.0042               0.0316              -0.0042              -0.0068              -0.0287
[Row   2]              -0.4682               2.0453              -0.2237              -0.4131               0.2563               0.0316              -0.1851               0.0285               0.0556               0.0657
[Row   3]               0.0399              -0.2237               1.7742              -0.4221              -0.0902              -0.0042               0.0285              -0.1136              -0.0128               0.0049
[Row   4]               0.0735              -0.4131              -0.4221               1.2645              -0.1387               0.0068              -0.0556               0.0128              -0.0702               0.0521
[Row   5]              -0.0567               0.2563              -0.0902              -0.1387               0.8406               0.0287              -0.0657              -0.0049               0.0521              -0.7906
[Row   6]              -0.0042               0.0316              -0.0042               0.0068               0.0287               2.1104              -0.4682               0.0399              -0.0735               0.0567
[Row   7]               0.0316              -0.1851               0.0285              -0.0556              -0.0657              -0.4682               2.0453              -0.2237               0.4131              -0.2563
[Row   8]              -0.0042               0.0285              -0.1136               0.0128              -0.0049               0.0399              -0.2237               1.7742               0.4221               0.0902
[Row   9]              -0.0068               0.0556              -0.0128              -0.0702               0.0521              -0.0735               0.4131               0.4221               1.2645              -0.1387
[Row  10]              -0.0287               0.0657               0.0049               0.0521              -0.7906               0.0567              -0.2563               0.0902              -0.1387               0.8406
[Row  11]              -0.0218              -0.0861               0.3568               0.6322               0.0695               0.0122              -0.0687              -0.0859              -0.0779              -0.1145
[Row  12]               0.0122              -0.0687              -0.0859               0.0779               0.1145              -0.0218              -0.0861               0.3568              -0.6322              -0.0695
                  [Col 11]              [Col 12]
[Row   1]              -0.0218               0.0122
[Row   2]              -0.0861              -0.0687
[Row   3]               0.3568              -0.0859
[Row   4]               0.6322               0.0779
[Row   5]               0.0695               0.1145
[Row   6]               0.0122              -0.0218
[Row   7]              -0.0687              -0.0861
[Row   8]              -0.0859               0.3568
[Row   9]              -0.0779              -0.6322
[Row  10]              -0.1145              -0.0695
[Row  11]               0.5822               0.0428
[Row  12]               0.0428               0.5822
===== P_mu,nu psi4 =====

                  [Col  1]              [Col  2]              [Col  3]              [Col  4]              [Col  5]              [Col  6]              [Col  7]              [Col  8]              [Col  9]              [Col 10]
[Row   1]               2.1104              -0.4682               0.0399               0.0735              -0.0567              -0.0042               0.0316              -0.0042              -0.0068              -0.0287
[Row   2]              -0.4682               2.0453              -0.2237              -0.4131               0.2563               0.0316              -0.1851               0.0285               0.0556               0.0657
[Row   3]               0.0399              -0.2237               1.7742              -0.4221              -0.0902              -0.0042               0.0285              -0.1136              -0.0128               0.0049
[Row   4]               0.0735              -0.4131              -0.4221               1.2645              -0.1387               0.0068              -0.0556               0.0128              -0.0702               0.0521
[Row   5]              -0.0567               0.2563              -0.0902              -0.1387               0.8406               0.0287              -0.0657              -0.0049               0.0521              -0.7906
[Row   6]              -0.0042               0.0316              -0.0042               0.0068               0.0287               2.1104              -0.4682               0.0399              -0.0735               0.0567
[Row   7]               0.0316              -0.1851               0.0285              -0.0556              -0.0657              -0.4682               2.0453              -0.2237               0.4131              -0.2563
[Row   8]              -0.0042               0.0285              -0.1136               0.0128              -0.0049               0.0399              -0.2237               1.7742               0.4221               0.0902
[Row   9]              -0.0068               0.0556              -0.0128              -0.0702               0.0521              -0.0735               0.4131               0.4221               1.2645              -0.1387
[Row  10]              -0.0287               0.0657               0.0049               0.0521              -0.7906               0.0567              -0.2563               0.0902              -0.1387               0.8406
[Row  11]              -0.0218              -0.0861               0.3568               0.6322               0.0695               0.0122              -0.0687              -0.0859              -0.0779              -0.1145
[Row  12]               0.0122              -0.0687              -0.0859               0.0779               0.1145              -0.0218              -0.0861               0.3568              -0.6322              -0.0695
                  [Col 11]              [Col 12]
[Row   1]              -0.0218               0.0122
[Row   2]              -0.0861              -0.0687
[Row   3]               0.3568              -0.0859
[Row   4]               0.6322               0.0779
[Row   5]               0.0695               0.1145
[Row   6]               0.0122              -0.0218
[Row   7]              -0.0687              -0.0861
[Row   8]              -0.0859               0.3568
[Row   9]              -0.0779              -0.6322
[Row  10]              -0.1145              -0.0695
[Row  11]               0.5822               0.0428
[Row  12]               0.0428               0.5822
====== P^(AO) = SPS =====

                  [Col  1]              [Col  2]              [Col  3]              [Col  4]              [Col  5]              [Col  6]              [Col  7]              [Col  8]              [Col  9]              [Col 10]
[Row   1]               1.9999               0.4749               0.0024               0.0044              -0.0042               0.0000               0.0172               0.0000              -0.0004               0.0281
[Row   2]               0.4749               1.9795              -0.0241              -0.0441               0.0814               0.0172               0.3353               0.0017              -0.0003               0.5066
[Row   3]               0.0024              -0.0241               1.9175              -0.1457              -0.0410               0.0000               0.0017               0.1632              -0.0016               0.0003
[Row   4]               0.0044              -0.0441              -0.1457               1.7401              -0.0635               0.0004               0.0003               0.0016               0.1766               0.0174
[Row   5]              -0.0042               0.0814              -0.0410              -0.0635               1.3311              -0.0281              -0.5066              -0.0003               0.0174              -1.1093
[Row   6]               0.0000               0.0172               0.0000               0.0004              -0.0281               1.9999               0.4749               0.0024              -0.0044               0.0042
[Row   7]               0.0172               0.3353               0.0017               0.0003              -0.5066               0.4749               1.9795              -0.0241               0.0441              -0.0814
[Row   8]               0.0000               0.0017               0.1632               0.0016              -0.0003               0.0024              -0.0241               1.9175               0.1457               0.0410
[Row   9]              -0.0004              -0.0003              -0.0016               0.1766               0.0174              -0.0044               0.0441               0.1457               1.7401              -0.0635
[Row  10]               0.0281               0.5066               0.0003               0.0174              -1.1093               0.0042              -0.0814               0.0410              -0.0635               1.3311
[Row  11]               0.0965               0.9966               0.5890               1.0442               0.1613               0.0132               0.1837               0.0426               0.0751               0.1105
[Row  12]               0.0132               0.1837               0.0426              -0.0751              -0.1105               0.0965               0.9966               0.5890              -1.0442              -0.1613
                  [Col 11]              [Col 12]
[Row   1]               0.0965               0.0132
[Row   2]               0.9966               0.1837
[Row   3]               0.5890               0.0426
[Row   4]               1.0442              -0.0751
[Row   5]               0.1613              -0.1105
[Row   6]               0.0132               0.0965
[Row   7]               0.1837               0.9966
[Row   8]               0.0426               0.5890
[Row   9]               0.0751              -1.0442
[Row  10]               0.1105              -0.1613
[Row  11]               1.4457               0.1102
[Row  12]               0.1102               1.4457
====== S^(AO) = S =====

                  [Col  1]              [Col  2]              [Col  3]              [Col  4]              [Col  5]              [Col  6]              [Col  7]              [Col  8]              [Col  9]              [Col 10]
[Row   1]               1.0000               0.2367               0.0000               0.0000              -0.0000               0.0000               0.0090               0.0000               0.0000               0.0169
[Row   2]               0.2367               1.0000              -0.0000               0.0000               0.0000               0.0090               0.1608              -0.0000               0.0000               0.2063
[Row   3]               0.0000              -0.0000               1.0000               0.0000               0.0000               0.0000              -0.0000               0.0771               0.0000              -0.0000
[Row   4]               0.0000               0.0000               0.0000               1.0000               0.0000               0.0000               0.0000               0.0000               0.0771               0.0000
[Row   5]              -0.0000               0.0000               0.0000               0.0000               1.0000              -0.0169              -0.2063               0.0000               0.0000              -0.2318
[Row   6]               0.0000               0.0090               0.0000               0.0000              -0.0169               1.0000               0.2367               0.0000               0.0000               0.0000
[Row   7]               0.0090               0.1608              -0.0000               0.0000              -0.2063               0.2367               1.0000              -0.0000               0.0000               0.0000
[Row   8]               0.0000              -0.0000               0.0771               0.0000               0.0000               0.0000              -0.0000               1.0000               0.0000               0.0000
[Row   9]               0.0000               0.0000               0.0000               0.0771               0.0000               0.0000               0.0000               0.0000               1.0000               0.0000
[Row  10]               0.0169               0.2063              -0.0000               0.0000              -0.2318               0.0000               0.0000               0.0000               0.0000               1.0000
[Row  11]               0.0517               0.4628               0.1883               0.3330               0.0582               0.0066               0.0966               0.0263               0.0466               0.0896
[Row  12]               0.0066               0.0966               0.0263              -0.0466              -0.0896               0.0517               0.4628               0.1883              -0.3330              -0.0582
                  [Col 11]              [Col 12]
[Row   1]               0.0517               0.0066
[Row   2]               0.4628               0.0966
[Row   3]               0.1883               0.0263
[Row   4]               0.3330              -0.0466
[Row   5]               0.0582              -0.0896
[Row   6]               0.0066               0.0517
[Row   7]               0.0966               0.4628
[Row   8]               0.0263               0.1883
[Row   9]               0.0466              -0.3330
[Row  10]               0.0896              -0.0582
[Row  11]               1.0000               0.0560
[Row  12]               0.0560               1.0000
====== P^(AO) std gaussian m_l ordering SPS =====

                  [Col  1]              [Col  2]              [Col  3]              [Col  4]              [Col  5]              [Col  6]              [Col  7]              [Col  8]              [Col  9]              [Col 10]
[Row   1]               1.9999               0.4749               0.0044              -0.0042               0.0024               0.0000               0.0172              -0.0004               0.0281               0.0000
[Row   2]               0.4749               1.9795              -0.0441               0.0814              -0.0241               0.0172               0.3353              -0.0003               0.5066               0.0017
[Row   3]               0.0044              -0.0441               1.7401              -0.0635              -0.1457               0.0004               0.0003               0.1766               0.0174               0.0016
[Row   4]              -0.0042               0.0814              -0.0635               1.3311              -0.0410              -0.0281              -0.5066               0.0174              -1.1093              -0.0003
[Row   5]               0.0024              -0.0241              -0.1457              -0.0410               1.9175               0.0000               0.0017              -0.0016               0.0003               0.1632
[Row   6]               0.0000               0.0172               0.0004              -0.0281               0.0000               1.9999               0.4749              -0.0044               0.0042               0.0024
[Row   7]               0.0172               0.3353               0.0003              -0.5066               0.0017               0.4749               1.9795               0.0441              -0.0814              -0.0241
[Row   8]              -0.0004              -0.0003               0.1766               0.0174              -0.0016              -0.0044               0.0441               1.7401              -0.0635               0.1457
[Row   9]               0.0281               0.5066               0.0174              -1.1093               0.0003               0.0042              -0.0814              -0.0635               1.3311               0.0410
[Row  10]               0.0000               0.0017               0.0016              -0.0003               0.1632               0.0024              -0.0241               0.1457               0.0410               1.9175
[Row  11]               0.0965               0.9966               1.0442               0.1613               0.5890               0.0132               0.1837               0.0751               0.1105               0.0426
[Row  12]               0.0132               0.1837              -0.0751              -0.1105               0.0426               0.0965               0.9966              -1.0442              -0.1613               0.5890
                  [Col 11]              [Col 12]
[Row   1]               0.0965               0.0132
[Row   2]               0.9966               0.1837
[Row   3]               1.0442              -0.0751
[Row   4]               0.1613              -0.1105
[Row   5]               0.5890               0.0426
[Row   6]               0.0132               0.0965
[Row   7]               0.1837               0.9966
[Row   8]               0.0751              -1.0442
[Row   9]               0.1105              -0.1613
[Row  10]               0.0426               0.5890
[Row  11]               1.4457               0.1102
[Row  12]               0.1102               1.4457
====== S^(AO) std gaussian m_l ordering =====

                  [Col  1]              [Col  2]              [Col  3]              [Col  4]              [Col  5]              [Col  6]              [Col  7]              [Col  8]              [Col  9]              [Col 10]
[Row   1]               1.0000               0.2367               0.0000              -0.0000               0.0000               0.0000               0.0090               0.0000               0.0169               0.0000
[Row   2]               0.2367               1.0000               0.0000               0.0000              -0.0000               0.0090               0.1608               0.0000               0.2063              -0.0000
[Row   3]               0.0000               0.0000               1.0000               0.0000               0.0000               0.0000               0.0000               0.0771               0.0000               0.0000
[Row   4]              -0.0000               0.0000               0.0000               1.0000               0.0000              -0.0169              -0.2063               0.0000              -0.2318               0.0000
[Row   5]               0.0000              -0.0000               0.0000               0.0000               1.0000               0.0000              -0.0000               0.0000              -0.0000               0.0771
[Row   6]               0.0000               0.0090               0.0000              -0.0169               0.0000               1.0000               0.2367               0.0000               0.0000               0.0000
[Row   7]               0.0090               0.1608               0.0000              -0.2063              -0.0000               0.2367               1.0000               0.0000               0.0000              -0.0000
[Row   8]               0.0000               0.0000               0.0771               0.0000               0.0000               0.0000               0.0000               1.0000               0.0000               0.0000
[Row   9]               0.0169               0.2063               0.0000              -0.2318              -0.0000               0.0000               0.0000               0.0000               1.0000               0.0000
[Row  10]               0.0000              -0.0000               0.0000               0.0000               0.0771               0.0000              -0.0000               0.0000               0.0000               1.0000
[Row  11]               0.0517               0.4628               0.3330               0.0582               0.1883               0.0066               0.0966               0.0466               0.0896               0.0263
[Row  12]               0.0066               0.0966              -0.0466              -0.0896               0.0263               0.0517               0.4628              -0.3330              -0.0582               0.1883
                  [Col 11]              [Col 12]
[Row   1]               0.0517               0.0066
[Row   2]               0.4628               0.0966
[Row   3]               0.3330              -0.0466
[Row   4]               0.0582              -0.0896
[Row   5]               0.1883               0.0263
[Row   6]               0.0066               0.0517
[Row   7]               0.0966               0.4628
[Row   8]               0.0466              -0.3330
[Row   9]               0.0896              -0.0582
[Row  10]               0.0263               0.1883
[Row  11]               1.0000               0.0560
[Row  12]               0.0560               1.0000
