molecule mol37.xyz
System:, atNum: 9 coords [              0.0000               0.0000               1.3423]
System:, atNum: 9 coords [              0.0000               0.0000              -1.3423]
===== Original AO-S matrix =====

                  [Col  1]              [Col  2]              [Col  3]              [Col  4]              [Col  5]              [Col  6]              [Col  7]              [Col  8]              [Col  9]              [Col 10]
[Row   1]               1.0000               0.2380              -0.0000               0.0000               0.0000               0.0000               0.0051               0.0103               0.0000               0.0000
[Row   2]               0.2380               1.0000               0.0000               0.0000               0.0000               0.0051               0.1144               0.1550               0.0000               0.0000
[Row   3]              -0.0000               0.0000               1.0000               0.0000               0.0000              -0.0103              -0.1550              -0.1869               0.0000               0.0000
[Row   4]               0.0000               0.0000               0.0000               1.0000               0.0000               0.0000               0.0000               0.0000               0.0519               0.0000
[Row   5]               0.0000               0.0000               0.0000               0.0000               1.0000               0.0000               0.0000               0.0000               0.0000               0.0519
[Row   6]               0.0000               0.0051              -0.0103               0.0000               0.0000               1.0000               0.2380               0.0000               0.0000               0.0000
[Row   7]               0.0051               0.1144              -0.1550               0.0000               0.0000               0.2380               1.0000              -0.0000               0.0000               0.0000
[Row   8]               0.0103               0.1550              -0.1869               0.0000               0.0000               0.0000              -0.0000               1.0000               0.0000               0.0000
[Row   9]               0.0000               0.0000               0.0000               0.0519               0.0000               0.0000               0.0000               0.0000               1.0000               0.0000
[Row  10]               0.0000               0.0000               0.0000               0.0000               0.0519               0.0000               0.0000               0.0000               0.0000               1.0000
nbas 10
 ===== CA ===== 

                  [Col  1]              [Col  2]              [Col  3]              [Col  4]              [Col  5]              [Col  6]              [Col  7]              [Col  8]              [Col  9]              [Col 10]
[Row   1]               0.7034               0.7038               0.1768               0.1912               0.0000              -0.0000               0.0401              -0.0000              -0.0000               0.0448
[Row   2]               0.0155               0.0130              -0.6701              -0.7594              -0.0000               0.0000              -0.1833               0.0000               0.0000              -0.2142
[Row   3]              -0.0022               0.0005               0.0851              -0.0704              -0.0000               0.0000              -0.6496              -0.0000               0.0000               0.7950
[Row   4]               0.0000              -0.0000              -0.0000              -0.0000               0.6894               0.0048               0.0000               0.0014               0.7262              -0.0000
[Row   5]               0.0000              -0.0000               0.0000               0.0000               0.0048              -0.6894              -0.0000               0.7262              -0.0014               0.0000
[Row   6]              -0.7034               0.7038               0.1768              -0.1912               0.0000              -0.0000               0.0401               0.0000              -0.0000              -0.0448
[Row   7]              -0.0155               0.0130              -0.6701               0.7594              -0.0000               0.0000              -0.1833              -0.0000               0.0000               0.2142
[Row   8]              -0.0022              -0.0005              -0.0851              -0.0704               0.0000              -0.0000               0.6496              -0.0000              -0.0000               0.7950
[Row   9]              -0.0000               0.0000              -0.0000              -0.0000               0.6894               0.0048              -0.0000              -0.0014              -0.7262              -0.0000
[Row  10]              -0.0000               0.0000               0.0000              -0.0000               0.0048              -0.6894              -0.0000              -0.7262               0.0014              -0.0000
 ===== CB ===== 

                  [Col  1]              [Col  2]              [Col  3]              [Col  4]              [Col  5]              [Col  6]              [Col  7]              [Col  8]              [Col  9]              [Col 10]
[Row   1]               0.7034               0.7038               0.1768               0.1912               0.0000              -0.0000               0.0401              -0.0000              -0.0000               0.0448
[Row   2]               0.0155               0.0130              -0.6701              -0.7594              -0.0000               0.0000              -0.1833               0.0000               0.0000              -0.2142
[Row   3]              -0.0022               0.0005               0.0851              -0.0704              -0.0000               0.0000              -0.6496              -0.0000               0.0000               0.7950
[Row   4]               0.0000              -0.0000              -0.0000              -0.0000               0.6894               0.0048               0.0000               0.0014               0.7262              -0.0000
[Row   5]               0.0000              -0.0000               0.0000               0.0000               0.0048              -0.6894              -0.0000               0.7262              -0.0014               0.0000
[Row   6]              -0.7034               0.7038               0.1768              -0.1912               0.0000              -0.0000               0.0401               0.0000              -0.0000              -0.0448
[Row   7]              -0.0155               0.0130              -0.6701               0.7594              -0.0000               0.0000              -0.1833              -0.0000               0.0000               0.2142
[Row   8]              -0.0022              -0.0005              -0.0851              -0.0704               0.0000              -0.0000               0.6496              -0.0000              -0.0000               0.7950
[Row   9]              -0.0000               0.0000              -0.0000              -0.0000               0.6894               0.0048              -0.0000              -0.0014              -0.7262              -0.0000
[Row  10]              -0.0000               0.0000               0.0000              -0.0000               0.0048              -0.6894              -0.0000              -0.7262               0.0014              -0.0000
 ===== P_psi ===== Dalpha+Dbeta 

                  [Col  1]              [Col  2]              [Col  3]              [Col  4]              [Col  5]              [Col  6]              [Col  7]              [Col  8]              [Col  9]              [Col 10]
[Row   1]               2.1191              -0.5019              -0.0512              -0.0000              -0.0000              -0.0060               0.0351              -0.0087               0.0000               0.0000
[Row   2]              -0.5019               2.1195               0.2308              -0.0000               0.0000               0.0351              -0.1884              -0.0172              -0.0000              -0.0000
[Row   3]              -0.0512               0.2308               0.8684               0.0000              -0.0000               0.0087               0.0172              -0.8486               0.0000               0.0000
[Row   4]              -0.0000              -0.0000               0.0000               2.0054              -0.0000              -0.0000               0.0000               0.0000              -0.1041              -0.0000
[Row   5]              -0.0000               0.0000              -0.0000              -0.0000               2.0054               0.0000              -0.0000              -0.0000               0.0000              -0.1041
[Row   6]              -0.0060               0.0351               0.0087              -0.0000               0.0000               2.1191              -0.5019               0.0512               0.0000              -0.0000
[Row   7]               0.0351              -0.1884               0.0172               0.0000              -0.0000              -0.5019               2.1195              -0.2308               0.0000               0.0000
[Row   8]              -0.0087              -0.0172              -0.8486               0.0000              -0.0000               0.0512              -0.2308               0.8684              -0.0000               0.0000
[Row   9]               0.0000              -0.0000               0.0000              -0.1041               0.0000               0.0000               0.0000              -0.0000               2.0054              -0.0000
[Row  10]               0.0000              -0.0000               0.0000              -0.0000              -0.1041              -0.0000               0.0000               0.0000              -0.0000               2.0054
===== P_mu,nu local =====

                  [Col  1]              [Col  2]              [Col  3]              [Col  4]              [Col  5]              [Col  6]              [Col  7]              [Col  8]              [Col  9]              [Col 10]
[Row   1]               2.1191              -0.5019              -0.0512              -0.0000              -0.0000              -0.0060               0.0351              -0.0087               0.0000               0.0000
[Row   2]              -0.5019               2.1195               0.2308              -0.0000               0.0000               0.0351              -0.1884              -0.0172              -0.0000              -0.0000
[Row   3]              -0.0512               0.2308               0.8684               0.0000              -0.0000               0.0087               0.0172              -0.8486               0.0000               0.0000
[Row   4]              -0.0000              -0.0000               0.0000               2.0054              -0.0000              -0.0000               0.0000               0.0000              -0.1041              -0.0000
[Row   5]              -0.0000               0.0000              -0.0000              -0.0000               2.0054               0.0000              -0.0000              -0.0000               0.0000              -0.1041
[Row   6]              -0.0060               0.0351               0.0087              -0.0000               0.0000               2.1191              -0.5019               0.0512               0.0000              -0.0000
[Row   7]               0.0351              -0.1884               0.0172               0.0000              -0.0000              -0.5019               2.1195              -0.2308               0.0000               0.0000
[Row   8]              -0.0087              -0.0172              -0.8486               0.0000              -0.0000               0.0512              -0.2308               0.8684              -0.0000               0.0000
[Row   9]               0.0000              -0.0000               0.0000              -0.1041               0.0000               0.0000               0.0000              -0.0000               2.0054              -0.0000
[Row  10]               0.0000              -0.0000               0.0000              -0.0000              -0.1041              -0.0000               0.0000               0.0000              -0.0000               2.0054
===== P_mu,nu psi4 =====

                  [Col  1]              [Col  2]              [Col  3]              [Col  4]              [Col  5]              [Col  6]              [Col  7]              [Col  8]              [Col  9]              [Col 10]
[Row   1]               2.1191              -0.5019              -0.0512              -0.0000              -0.0000              -0.0060               0.0351              -0.0087               0.0000               0.0000
[Row   2]              -0.5019               2.1195               0.2308              -0.0000               0.0000               0.0351              -0.1884              -0.0172              -0.0000              -0.0000
[Row   3]              -0.0512               0.2308               0.8684               0.0000              -0.0000               0.0087               0.0172              -0.8486               0.0000               0.0000
[Row   4]              -0.0000              -0.0000               0.0000               2.0054              -0.0000              -0.0000               0.0000               0.0000              -0.1041              -0.0000
[Row   5]              -0.0000               0.0000              -0.0000              -0.0000               2.0054               0.0000              -0.0000              -0.0000               0.0000              -0.1041
[Row   6]              -0.0060               0.0351               0.0087              -0.0000               0.0000               2.1191              -0.5019               0.0512               0.0000              -0.0000
[Row   7]               0.0351              -0.1884               0.0172               0.0000              -0.0000              -0.5019               2.1195              -0.2308               0.0000               0.0000
[Row   8]              -0.0087              -0.0172              -0.8486               0.0000              -0.0000               0.0512              -0.2308               0.8684              -0.0000               0.0000
[Row   9]               0.0000              -0.0000               0.0000              -0.1041               0.0000               0.0000               0.0000              -0.0000               2.0054              -0.0000
[Row  10]               0.0000              -0.0000               0.0000              -0.0000              -0.1041              -0.0000               0.0000               0.0000              -0.0000               2.0054
====== P^(AO) = SPS =====

                  [Col  1]              [Col  2]              [Col  3]              [Col  4]              [Col  5]              [Col  6]              [Col  7]              [Col  8]              [Col  9]              [Col 10]
[Row   1]               2.0000               0.4763              -0.0038              -0.0000              -0.0000               0.0000               0.0098               0.0168               0.0000               0.0000
[Row   2]               0.4763               1.9937               0.0688               0.0000               0.0000               0.0098               0.2351               0.3788              -0.0000              -0.0000
[Row   3]              -0.0038               0.0688               1.2468               0.0000              -0.0000              -0.0168              -0.3788              -1.1270               0.0000               0.0000
[Row   4]              -0.0000               0.0000               0.0000               2.0000              -0.0000              -0.0000               0.0000               0.0000               0.1038              -0.0000
[Row   5]              -0.0000               0.0000              -0.0000              -0.0000               2.0000               0.0000              -0.0000              -0.0000               0.0000               0.1038
[Row   6]               0.0000               0.0098              -0.0168              -0.0000               0.0000               2.0000               0.4763               0.0038               0.0000              -0.0000
[Row   7]               0.0098               0.2351              -0.3788               0.0000              -0.0000               0.4763               1.9937              -0.0688               0.0000               0.0000
[Row   8]               0.0168               0.3788              -1.1270               0.0000              -0.0000               0.0038              -0.0688               1.2468              -0.0000               0.0000
[Row   9]               0.0000              -0.0000               0.0000               0.1038               0.0000               0.0000               0.0000              -0.0000               2.0000              -0.0000
[Row  10]               0.0000              -0.0000               0.0000              -0.0000               0.1038              -0.0000               0.0000               0.0000              -0.0000               2.0000
====== S^(AO) = S =====

                  [Col  1]              [Col  2]              [Col  3]              [Col  4]              [Col  5]              [Col  6]              [Col  7]              [Col  8]              [Col  9]              [Col 10]
[Row   1]               1.0000               0.2380              -0.0000               0.0000               0.0000               0.0000               0.0051               0.0103               0.0000               0.0000
[Row   2]               0.2380               1.0000               0.0000               0.0000               0.0000               0.0051               0.1144               0.1550               0.0000               0.0000
[Row   3]              -0.0000               0.0000               1.0000               0.0000               0.0000              -0.0103              -0.1550              -0.1869               0.0000               0.0000
[Row   4]               0.0000               0.0000               0.0000               1.0000               0.0000               0.0000               0.0000               0.0000               0.0519               0.0000
[Row   5]               0.0000               0.0000               0.0000               0.0000               1.0000               0.0000               0.0000               0.0000               0.0000               0.0519
[Row   6]               0.0000               0.0051              -0.0103               0.0000               0.0000               1.0000               0.2380               0.0000               0.0000               0.0000
[Row   7]               0.0051               0.1144              -0.1550               0.0000               0.0000               0.2380               1.0000              -0.0000               0.0000               0.0000
[Row   8]               0.0103               0.1550              -0.1869               0.0000               0.0000               0.0000              -0.0000               1.0000               0.0000               0.0000
[Row   9]               0.0000               0.0000               0.0000               0.0519               0.0000               0.0000               0.0000               0.0000               1.0000               0.0000
[Row  10]               0.0000               0.0000               0.0000               0.0000               0.0519               0.0000               0.0000               0.0000               0.0000               1.0000
====== P^(AO) std gaussian m_l ordering SPS =====

                  [Col  1]              [Col  2]              [Col  3]              [Col  4]              [Col  5]              [Col  6]              [Col  7]              [Col  8]              [Col  9]              [Col 10]
[Row   1]               2.0000               0.4763              -0.0000              -0.0000              -0.0038               0.0000               0.0098               0.0000               0.0000               0.0168
[Row   2]               0.4763               1.9937               0.0000               0.0000               0.0688               0.0098               0.2351              -0.0000              -0.0000               0.3788
[Row   3]              -0.0000               0.0000               2.0000              -0.0000               0.0000              -0.0000               0.0000               0.1038              -0.0000               0.0000
[Row   4]              -0.0000               0.0000              -0.0000               2.0000              -0.0000               0.0000              -0.0000               0.0000               0.1038              -0.0000
[Row   5]              -0.0038               0.0688               0.0000              -0.0000               1.2468              -0.0168              -0.3788               0.0000               0.0000              -1.1270
[Row   6]               0.0000               0.0098              -0.0000               0.0000              -0.0168               2.0000               0.4763               0.0000              -0.0000               0.0038
[Row   7]               0.0098               0.2351               0.0000              -0.0000              -0.3788               0.4763               1.9937               0.0000               0.0000              -0.0688
[Row   8]               0.0000              -0.0000               0.1038               0.0000               0.0000               0.0000               0.0000               2.0000              -0.0000              -0.0000
[Row   9]               0.0000              -0.0000              -0.0000               0.1038               0.0000              -0.0000               0.0000              -0.0000               2.0000               0.0000
[Row  10]               0.0168               0.3788               0.0000              -0.0000              -1.1270               0.0038              -0.0688              -0.0000               0.0000               1.2468
====== S^(AO) std gaussian m_l ordering =====

                  [Col  1]              [Col  2]              [Col  3]              [Col  4]              [Col  5]              [Col  6]              [Col  7]              [Col  8]              [Col  9]              [Col 10]
[Row   1]               1.0000               0.2380               0.0000               0.0000              -0.0000               0.0000               0.0051               0.0000               0.0000               0.0103
[Row   2]               0.2380               1.0000               0.0000               0.0000               0.0000               0.0051               0.1144               0.0000               0.0000               0.1550
[Row   3]               0.0000               0.0000               1.0000               0.0000               0.0000               0.0000               0.0000               0.0519               0.0000               0.0000
[Row   4]               0.0000               0.0000               0.0000               1.0000               0.0000               0.0000               0.0000               0.0000               0.0519               0.0000
[Row   5]              -0.0000               0.0000               0.0000               0.0000               1.0000              -0.0103              -0.1550               0.0000               0.0000              -0.1869
[Row   6]               0.0000               0.0051               0.0000               0.0000              -0.0103               1.0000               0.2380               0.0000               0.0000               0.0000
[Row   7]               0.0051               0.1144               0.0000               0.0000              -0.1550               0.2380               1.0000               0.0000               0.0000              -0.0000
[Row   8]               0.0000               0.0000               0.0519               0.0000               0.0000               0.0000               0.0000               1.0000               0.0000               0.0000
[Row   9]               0.0000               0.0000               0.0000               0.0519               0.0000               0.0000               0.0000               0.0000               1.0000               0.0000
[Row  10]               0.0103               0.1550               0.0000               0.0000              -0.1869               0.0000              -0.0000               0.0000               0.0000               1.0000
