molecule mol39.xyz
System:, atNum: 11 coords [              0.0000               0.0000               2.9787]
System:, atNum: 11 coords [              0.0000               0.0000              -2.9787]
===== Original AO-S matrix =====

                  [Col  1]              [Col  2]              [Col  3]              [Col  4]              [Col  5]              [Col  6]              [Col  7]              [Col  8]              [Col  9]              [Col 10]
[Row   1]               1.0000               0.2785               0.0000               0.0000               0.0000               0.0223               0.0000               0.0000               0.0000               0.0000
[Row   2]               0.2785               1.0000              -0.0000               0.0000               0.0000               0.4495              -0.0000               0.0000               0.0000               0.0000
[Row   3]               0.0000              -0.0000               1.0000               0.0000               0.0000              -0.0000               0.4618               0.0000               0.0000              -0.0000
[Row   4]               0.0000               0.0000               0.0000               1.0000               0.0000               0.0000               0.0000               0.4618               0.0000               0.0000
[Row   5]               0.0000               0.0000               0.0000               0.0000               1.0000               0.0000               0.0000               0.0000               0.4618               0.0000
[Row   6]               0.0223               0.4495              -0.0000               0.0000               0.0000               1.0000               0.0000               0.0000               0.0000               0.0002
[Row   7]               0.0000              -0.0000               0.4618               0.0000               0.0000               0.0000               1.0000               0.0000               0.0000              -0.0005
[Row   8]               0.0000               0.0000               0.0000               0.4618               0.0000               0.0000               0.0000               1.0000               0.0000               0.0000
[Row   9]               0.0000               0.0000               0.0000               0.0000               0.4618               0.0000               0.0000               0.0000               1.0000               0.0000
[Row  10]               0.0000               0.0000              -0.0000               0.0000               0.0000               0.0002              -0.0005               0.0000               0.0000               1.0000
[Row  11]               0.0000               0.0000              -0.0000               0.0000               0.0000               0.0034              -0.0073               0.0000               0.0000               0.2785
[Row  12]               0.0000               0.0000              -0.0000               0.0000               0.0000               0.0037              -0.0072               0.0000               0.0000              -0.0000
[Row  13]               0.0000               0.0000               0.0000               0.0000               0.0000               0.0000               0.0000               0.0008               0.0000               0.0000
[Row  14]               0.0000               0.0000               0.0000               0.0000               0.0000               0.0000               0.0000               0.0000               0.0008               0.0000
[Row  15]               0.0002               0.0034              -0.0037               0.0000               0.0000               0.0508              -0.0769               0.0000               0.0000               0.0223
[Row  16]               0.0005               0.0073              -0.0072               0.0000               0.0000               0.0769              -0.1105               0.0000               0.0000              -0.0000
[Row  17]               0.0000               0.0000               0.0000               0.0008               0.0000               0.0000               0.0000               0.0193               0.0000               0.0000
[Row  18]               0.0000               0.0000               0.0000               0.0000               0.0008               0.0000               0.0000               0.0000               0.0193               0.0000
                  [Col 11]              [Col 12]              [Col 13]              [Col 14]              [Col 15]              [Col 16]              [Col 17]              [Col 18]
[Row   1]               0.0000               0.0000               0.0000               0.0000               0.0002               0.0005               0.0000               0.0000
[Row   2]               0.0000               0.0000               0.0000               0.0000               0.0034               0.0073               0.0000               0.0000
[Row   3]              -0.0000              -0.0000               0.0000               0.0000              -0.0037              -0.0072               0.0000               0.0000
[Row   4]               0.0000               0.0000               0.0000               0.0000               0.0000               0.0000               0.0008               0.0000
[Row   5]               0.0000               0.0000               0.0000               0.0000               0.0000               0.0000               0.0000               0.0008
[Row   6]               0.0034               0.0037               0.0000               0.0000               0.0508               0.0769               0.0000               0.0000
[Row   7]              -0.0073              -0.0072               0.0000               0.0000              -0.0769              -0.1105               0.0000               0.0000
[Row   8]               0.0000               0.0000               0.0008               0.0000               0.0000               0.0000               0.0193               0.0000
[Row   9]               0.0000               0.0000               0.0000               0.0008               0.0000               0.0000               0.0000               0.0193
[Row  10]               0.2785              -0.0000               0.0000               0.0000               0.0223              -0.0000               0.0000               0.0000
[Row  11]               1.0000               0.0000               0.0000               0.0000               0.4495               0.0000               0.0000               0.0000
[Row  12]               0.0000               1.0000               0.0000               0.0000               0.0000               0.4618               0.0000               0.0000
[Row  13]               0.0000               0.0000               1.0000               0.0000               0.0000               0.0000               0.4618               0.0000
[Row  14]               0.0000               0.0000               0.0000               1.0000               0.0000               0.0000               0.0000               0.4618
[Row  15]               0.4495               0.0000               0.0000               0.0000               1.0000              -0.0000               0.0000               0.0000
[Row  16]               0.0000               0.4618               0.0000               0.0000              -0.0000               1.0000               0.0000               0.0000
[Row  17]               0.0000               0.0000               0.4618               0.0000               0.0000               0.0000               1.0000               0.0000
[Row  18]               0.0000               0.0000               0.0000               0.4618               0.0000               0.0000               0.0000               1.0000
nbas 18
 ===== CA ===== 

                  [Col  1]              [Col  2]              [Col  3]              [Col  4]              [Col  5]              [Col  6]              [Col  7]              [Col  8]              [Col  9]              [Col 10]
[Row   1]               0.7026               0.7027               0.2118               0.2119              -0.0000              -0.0000               0.0042               0.0000              -0.0000               0.0046
[Row   2]               0.0160               0.0158              -0.7094              -0.7101               0.0000               0.0000              -0.0149              -0.0000               0.0000              -0.0165
[Row   3]              -0.0000               0.0002              -0.0107              -0.0098              -0.0000              -0.0000               0.6325               0.0000              -0.0000               0.6325
[Row   4]               0.0000              -0.0000              -0.0000               0.0000               0.0019               0.6322               0.0000               0.0061               0.6323               0.0000
[Row   5]               0.0000               0.0000              -0.0000               0.0000               0.6322              -0.0019               0.0000              -0.6323               0.0061              -0.0000
[Row   6]              -0.0044              -0.0040              -0.0525              -0.0505              -0.0000              -0.0000               0.0066               0.0000              -0.0000               0.0041
[Row   7]               0.0003              -0.0003              -0.0021              -0.0048              -0.0000              -0.0000               0.1346               0.0000              -0.0000               0.1420
[Row   8]              -0.0000              -0.0000              -0.0000               0.0000               0.0004               0.1382               0.0000               0.0013               0.1391               0.0000
[Row   9]               0.0000               0.0000              -0.0000               0.0000               0.1382              -0.0004               0.0000              -0.1391               0.0013              -0.0000
[Row  10]              -0.7026               0.7027              -0.2118               0.2119              -0.0000              -0.0000               0.0042               0.0000              -0.0000              -0.0046
[Row  11]              -0.0160               0.0158               0.7094              -0.7101               0.0000               0.0000              -0.0149              -0.0000               0.0000               0.0165
[Row  12]              -0.0000              -0.0002              -0.0107               0.0098               0.0000               0.0000              -0.6325              -0.0000               0.0000               0.6325
[Row  13]              -0.0000               0.0000               0.0000               0.0000               0.0019               0.6322              -0.0000              -0.0061              -0.6323              -0.0000
[Row  14]               0.0000               0.0000              -0.0000               0.0000               0.6322              -0.0019              -0.0000               0.6323              -0.0061              -0.0000
[Row  15]               0.0044              -0.0040               0.0525              -0.0505              -0.0000              -0.0000               0.0066               0.0000              -0.0000              -0.0041
[Row  16]               0.0003               0.0003              -0.0021               0.0048               0.0000               0.0000              -0.1346              -0.0000               0.0000               0.1420
[Row  17]              -0.0000              -0.0000               0.0000              -0.0000               0.0004               0.1382              -0.0000              -0.0013              -0.1391              -0.0000
[Row  18]               0.0000              -0.0000              -0.0000               0.0000               0.1382              -0.0004              -0.0000               0.1391              -0.0013              -0.0000
                  [Col 11]              [Col 12]              [Col 13]              [Col 14]              [Col 15]              [Col 16]              [Col 17]              [Col 18]
[Row   1]               0.1021               0.1058               0.0234               0.0000               0.0000              -0.0000               0.0000               0.0258
[Row   2]              -0.4120              -0.4270              -0.0939              -0.0000              -0.0000               0.0000              -0.0000              -0.1045
[Row   3]               0.0811              -0.0996              -0.4663              -0.0000               0.0000               0.0000              -0.0000               0.4924
[Row   4]               0.0000              -0.0000               0.0000               0.0063               0.4828               0.0024               0.4883              -0.0000
[Row   5]               0.0000              -0.0000               0.0000              -0.4828               0.0063              -0.4883               0.0024               0.0000
[Row   6]               0.7529               0.7964               0.1851               0.0000               0.0000              -0.0000               0.0000               0.2160
[Row   7]              -0.1165               0.1359               0.7305               0.0000              -0.0000              -0.0000               0.0000              -0.8374
[Row   8]               0.0000               0.0000              -0.0000              -0.0101              -0.7757              -0.0040              -0.7947               0.0000
[Row   9]              -0.0000               0.0000              -0.0000               0.7757              -0.0101               0.7947              -0.0040              -0.0000
[Row  10]               0.1021              -0.1058               0.0234               0.0000              -0.0000               0.0000               0.0000              -0.0258
[Row  11]              -0.4120               0.4270              -0.0939              -0.0000               0.0000              -0.0000              -0.0000               0.1045
[Row  12]              -0.0811              -0.0996               0.4663               0.0000              -0.0000               0.0000               0.0000               0.4924
[Row  13]              -0.0000               0.0000               0.0000               0.0063               0.4828              -0.0024              -0.4883              -0.0000
[Row  14]              -0.0000               0.0000               0.0000              -0.4828               0.0063               0.4883              -0.0024              -0.0000
[Row  15]               0.7529              -0.7964               0.1851               0.0000              -0.0000               0.0000              -0.0000              -0.2160
[Row  16]               0.1165               0.1359              -0.7305              -0.0000               0.0000              -0.0000              -0.0000              -0.8374
[Row  17]              -0.0000              -0.0000              -0.0000              -0.0101              -0.7757               0.0040               0.7947               0.0000
[Row  18]               0.0000              -0.0000              -0.0000               0.7757              -0.0101              -0.7947               0.0040               0.0000
 ===== CB ===== 

                  [Col  1]              [Col  2]              [Col  3]              [Col  4]              [Col  5]              [Col  6]              [Col  7]              [Col  8]              [Col  9]              [Col 10]
[Row   1]               0.7026               0.7027               0.2118               0.2119              -0.0000              -0.0000               0.0042               0.0000              -0.0000               0.0046
[Row   2]               0.0160               0.0158              -0.7094              -0.7101               0.0000               0.0000              -0.0149              -0.0000               0.0000              -0.0165
[Row   3]              -0.0000               0.0002              -0.0107              -0.0098              -0.0000              -0.0000               0.6325               0.0000              -0.0000               0.6325
[Row   4]               0.0000              -0.0000              -0.0000               0.0000               0.0019               0.6322               0.0000               0.0061               0.6323               0.0000
[Row   5]               0.0000               0.0000              -0.0000               0.0000               0.6322              -0.0019               0.0000              -0.6323               0.0061              -0.0000
[Row   6]              -0.0044              -0.0040              -0.0525              -0.0505              -0.0000              -0.0000               0.0066               0.0000              -0.0000               0.0041
[Row   7]               0.0003              -0.0003              -0.0021              -0.0048              -0.0000              -0.0000               0.1346               0.0000              -0.0000               0.1420
[Row   8]              -0.0000              -0.0000              -0.0000               0.0000               0.0004               0.1382               0.0000               0.0013               0.1391               0.0000
[Row   9]               0.0000               0.0000              -0.0000               0.0000               0.1382              -0.0004               0.0000              -0.1391               0.0013              -0.0000
[Row  10]              -0.7026               0.7027              -0.2118               0.2119              -0.0000              -0.0000               0.0042               0.0000              -0.0000              -0.0046
[Row  11]              -0.0160               0.0158               0.7094              -0.7101               0.0000               0.0000              -0.0149              -0.0000               0.0000               0.0165
[Row  12]              -0.0000              -0.0002              -0.0107               0.0098               0.0000               0.0000              -0.6325              -0.0000               0.0000               0.6325
[Row  13]              -0.0000               0.0000               0.0000               0.0000               0.0019               0.6322              -0.0000              -0.0061              -0.6323              -0.0000
[Row  14]               0.0000               0.0000              -0.0000               0.0000               0.6322              -0.0019              -0.0000               0.6323              -0.0061              -0.0000
[Row  15]               0.0044              -0.0040               0.0525              -0.0505              -0.0000              -0.0000               0.0066               0.0000              -0.0000              -0.0041
[Row  16]               0.0003               0.0003              -0.0021               0.0048               0.0000               0.0000              -0.1346              -0.0000               0.0000               0.1420
[Row  17]              -0.0000              -0.0000               0.0000              -0.0000               0.0004               0.1382              -0.0000              -0.0013              -0.1391              -0.0000
[Row  18]               0.0000              -0.0000              -0.0000               0.0000               0.1382              -0.0004              -0.0000               0.1391              -0.0013              -0.0000
                  [Col 11]              [Col 12]              [Col 13]              [Col 14]              [Col 15]              [Col 16]              [Col 17]              [Col 18]
[Row   1]               0.1021               0.1058               0.0234               0.0000               0.0000              -0.0000               0.0000               0.0258
[Row   2]              -0.4120              -0.4270              -0.0939              -0.0000              -0.0000               0.0000              -0.0000              -0.1045
[Row   3]               0.0811              -0.0996              -0.4663              -0.0000               0.0000               0.0000              -0.0000               0.4924
[Row   4]               0.0000              -0.0000               0.0000               0.0063               0.4828               0.0024               0.4883              -0.0000
[Row   5]               0.0000              -0.0000               0.0000              -0.4828               0.0063              -0.4883               0.0024               0.0000
[Row   6]               0.7529               0.7964               0.1851               0.0000               0.0000              -0.0000               0.0000               0.2160
[Row   7]              -0.1165               0.1359               0.7305               0.0000              -0.0000              -0.0000               0.0000              -0.8374
[Row   8]               0.0000               0.0000              -0.0000              -0.0101              -0.7757              -0.0040              -0.7947               0.0000
[Row   9]              -0.0000               0.0000              -0.0000               0.7757              -0.0101               0.7947              -0.0040              -0.0000
[Row  10]               0.1021              -0.1058               0.0234               0.0000              -0.0000               0.0000               0.0000              -0.0258
[Row  11]              -0.4120               0.4270              -0.0939              -0.0000               0.0000              -0.0000              -0.0000               0.1045
[Row  12]              -0.0811              -0.0996               0.4663               0.0000              -0.0000               0.0000               0.0000               0.4924
[Row  13]              -0.0000               0.0000               0.0000               0.0063               0.4828              -0.0024              -0.4883              -0.0000
[Row  14]              -0.0000               0.0000               0.0000              -0.4828               0.0063               0.4883              -0.0024              -0.0000
[Row  15]               0.7529              -0.7964               0.1851               0.0000              -0.0000               0.0000              -0.0000              -0.2160
[Row  16]               0.1165               0.1359              -0.7305              -0.0000               0.0000              -0.0000              -0.0000              -0.8374
[Row  17]              -0.0000              -0.0000              -0.0000              -0.0101              -0.7757               0.0040               0.7947               0.0000
[Row  18]               0.0000              -0.0000              -0.0000               0.7757              -0.0101              -0.7947               0.0040               0.0000
 ===== P_psi ===== Dalpha+Dbeta 

                  [Col  1]              [Col  2]              [Col  3]              [Col  4]              [Col  5]              [Col  6]              [Col  7]              [Col  8]              [Col  9]              [Col 10]
[Row   1]               2.1753              -0.6413               0.0194               0.0000               0.0000               0.0984              -0.0242              -0.0000               0.0000               0.0211
[Row   2]              -0.6413               2.3565              -0.0775              -0.0000              -0.0000              -0.4748               0.0971               0.0000               0.0000              -0.0849
[Row   3]               0.0194              -0.0775               1.6139               0.0000               0.0000               0.1378               0.3311              -0.0000              -0.0000               0.0168
[Row   4]               0.0000              -0.0000               0.0000               1.5992               0.0000               0.0000               0.0000               0.3507              -0.0000              -0.0000
[Row   5]               0.0000              -0.0000               0.0000               0.0000               1.5992              -0.0000              -0.0000              -0.0000               0.3507              -0.0000
[Row   6]               0.0984              -0.4748               0.1378               0.0000              -0.0000               1.1444              -0.1718               0.0000              -0.0000               0.1553
[Row   7]              -0.0242               0.0971               0.3311               0.0000              -0.0000              -0.1718               0.1038              -0.0000              -0.0000              -0.0260
[Row   8]              -0.0000               0.0000              -0.0000               0.3507              -0.0000               0.0000              -0.0000               0.0769              -0.0000               0.0000
[Row   9]               0.0000               0.0000              -0.0000              -0.0000               0.3507              -0.0000              -0.0000              -0.0000               0.0769               0.0000
[Row  10]               0.0211              -0.0849               0.0168              -0.0000              -0.0000               0.1553              -0.0260               0.0000               0.0000               2.1753
[Row  11]              -0.0849               0.3412              -0.0660              -0.0000              -0.0000              -0.6233               0.1005              -0.0000              -0.0000              -0.6413
[Row  12]              -0.0168               0.0660              -0.0130              -0.0000              -0.0000              -0.1252               0.0283              -0.0000              -0.0000              -0.0194
[Row  13]              -0.0000              -0.0000              -0.0000              -0.0004               0.0000              -0.0000               0.0000              -0.0012               0.0000               0.0000
[Row  14]               0.0000               0.0000              -0.0000               0.0000              -0.0004              -0.0000               0.0000               0.0000              -0.0012               0.0000
[Row  15]               0.1553              -0.6233               0.1252              -0.0000               0.0000               1.1332              -0.1746               0.0000              -0.0000               0.0984
[Row  16]               0.0260              -0.1005               0.0283              -0.0000               0.0000               0.1746              -0.0231              -0.0000               0.0000               0.0242
[Row  17]              -0.0000              -0.0000               0.0000              -0.0012               0.0000              -0.0000               0.0000              -0.0005               0.0000              -0.0000
[Row  18]               0.0000              -0.0000               0.0000              -0.0000              -0.0012               0.0000               0.0000              -0.0000              -0.0005              -0.0000
                  [Col 11]              [Col 12]              [Col 13]              [Col 14]              [Col 15]              [Col 16]              [Col 17]              [Col 18]
[Row   1]              -0.0849              -0.0168              -0.0000               0.0000               0.1553               0.0260              -0.0000               0.0000
[Row   2]               0.3412               0.0660              -0.0000               0.0000              -0.6233              -0.1005              -0.0000              -0.0000
[Row   3]              -0.0660              -0.0130              -0.0000              -0.0000               0.1252               0.0283               0.0000               0.0000
[Row   4]              -0.0000              -0.0000              -0.0004               0.0000              -0.0000              -0.0000              -0.0012              -0.0000
[Row   5]              -0.0000              -0.0000               0.0000              -0.0004               0.0000               0.0000               0.0000              -0.0012
[Row   6]              -0.6233              -0.1252              -0.0000              -0.0000               1.1332               0.1746              -0.0000               0.0000
[Row   7]               0.1005               0.0283               0.0000               0.0000              -0.1746              -0.0231               0.0000               0.0000
[Row   8]              -0.0000              -0.0000              -0.0012               0.0000               0.0000              -0.0000              -0.0005              -0.0000
[Row   9]              -0.0000              -0.0000               0.0000              -0.0012              -0.0000               0.0000               0.0000              -0.0005
[Row  10]              -0.6413              -0.0194               0.0000               0.0000               0.0984               0.0242              -0.0000              -0.0000
[Row  11]               2.3565               0.0775              -0.0000              -0.0000              -0.4748              -0.0971               0.0000              -0.0000
[Row  12]               0.0775               1.6139               0.0000               0.0000              -0.1378               0.3311               0.0000              -0.0000
[Row  13]              -0.0000               0.0000               1.5992              -0.0000               0.0000              -0.0000               0.3507               0.0000
[Row  14]              -0.0000               0.0000              -0.0000               1.5992               0.0000               0.0000              -0.0000               0.3507
[Row  15]              -0.4748              -0.1378               0.0000               0.0000               1.1444               0.1718               0.0000               0.0000
[Row  16]              -0.0971               0.3311              -0.0000               0.0000               0.1718               0.1038              -0.0000               0.0000
[Row  17]               0.0000               0.0000               0.3507              -0.0000               0.0000              -0.0000               0.0769               0.0000
[Row  18]              -0.0000              -0.0000               0.0000               0.3507               0.0000               0.0000               0.0000               0.0769
===== P_mu,nu local =====

                  [Col  1]              [Col  2]              [Col  3]              [Col  4]              [Col  5]              [Col  6]              [Col  7]              [Col  8]              [Col  9]              [Col 10]
[Row   1]               2.1753              -0.6413               0.0194               0.0000               0.0000               0.0984              -0.0242              -0.0000               0.0000               0.0211
[Row   2]              -0.6413               2.3565              -0.0775              -0.0000              -0.0000              -0.4748               0.0971               0.0000               0.0000              -0.0849
[Row   3]               0.0194              -0.0775               1.6139               0.0000               0.0000               0.1378               0.3311              -0.0000              -0.0000               0.0168
[Row   4]               0.0000              -0.0000               0.0000               1.5992               0.0000               0.0000               0.0000               0.3507              -0.0000              -0.0000
[Row   5]               0.0000              -0.0000               0.0000               0.0000               1.5992              -0.0000              -0.0000              -0.0000               0.3507              -0.0000
[Row   6]               0.0984              -0.4748               0.1378               0.0000              -0.0000               1.1444              -0.1718               0.0000              -0.0000               0.1553
[Row   7]              -0.0242               0.0971               0.3311               0.0000              -0.0000              -0.1718               0.1038              -0.0000              -0.0000              -0.0260
[Row   8]              -0.0000               0.0000              -0.0000               0.3507              -0.0000               0.0000              -0.0000               0.0769              -0.0000               0.0000
[Row   9]               0.0000               0.0000              -0.0000              -0.0000               0.3507              -0.0000              -0.0000              -0.0000               0.0769               0.0000
[Row  10]               0.0211              -0.0849               0.0168              -0.0000              -0.0000               0.1553              -0.0260               0.0000               0.0000               2.1753
[Row  11]              -0.0849               0.3412              -0.0660              -0.0000              -0.0000              -0.6233               0.1005              -0.0000              -0.0000              -0.6413
[Row  12]              -0.0168               0.0660              -0.0130              -0.0000              -0.0000              -0.1252               0.0283              -0.0000              -0.0000              -0.0194
[Row  13]              -0.0000              -0.0000              -0.0000              -0.0004               0.0000              -0.0000               0.0000              -0.0012               0.0000               0.0000
[Row  14]               0.0000               0.0000              -0.0000               0.0000              -0.0004              -0.0000               0.0000               0.0000              -0.0012               0.0000
[Row  15]               0.1553              -0.6233               0.1252              -0.0000               0.0000               1.1332              -0.1746               0.0000              -0.0000               0.0984
[Row  16]               0.0260              -0.1005               0.0283              -0.0000               0.0000               0.1746              -0.0231              -0.0000               0.0000               0.0242
[Row  17]              -0.0000              -0.0000               0.0000              -0.0012               0.0000              -0.0000               0.0000              -0.0005               0.0000              -0.0000
[Row  18]               0.0000              -0.0000               0.0000              -0.0000              -0.0012               0.0000               0.0000              -0.0000              -0.0005              -0.0000
                  [Col 11]              [Col 12]              [Col 13]              [Col 14]              [Col 15]              [Col 16]              [Col 17]              [Col 18]
[Row   1]              -0.0849              -0.0168              -0.0000               0.0000               0.1553               0.0260              -0.0000               0.0000
[Row   2]               0.3412               0.0660              -0.0000               0.0000              -0.6233              -0.1005              -0.0000              -0.0000
[Row   3]              -0.0660              -0.0130              -0.0000              -0.0000               0.1252               0.0283               0.0000               0.0000
[Row   4]              -0.0000              -0.0000              -0.0004               0.0000              -0.0000              -0.0000              -0.0012              -0.0000
[Row   5]              -0.0000              -0.0000               0.0000              -0.0004               0.0000               0.0000               0.0000              -0.0012
[Row   6]              -0.6233              -0.1252              -0.0000              -0.0000               1.1332               0.1746              -0.0000               0.0000
[Row   7]               0.1005               0.0283               0.0000               0.0000              -0.1746              -0.0231               0.0000               0.0000
[Row   8]              -0.0000              -0.0000              -0.0012               0.0000               0.0000              -0.0000              -0.0005              -0.0000
[Row   9]              -0.0000              -0.0000               0.0000              -0.0012              -0.0000               0.0000               0.0000              -0.0005
[Row  10]              -0.6413              -0.0194               0.0000               0.0000               0.0984               0.0242              -0.0000              -0.0000
[Row  11]               2.3565               0.0775              -0.0000              -0.0000              -0.4748              -0.0971               0.0000              -0.0000
[Row  12]               0.0775               1.6139               0.0000               0.0000              -0.1378               0.3311               0.0000              -0.0000
[Row  13]              -0.0000               0.0000               1.5992              -0.0000               0.0000              -0.0000               0.3507               0.0000
[Row  14]              -0.0000               0.0000              -0.0000               1.5992               0.0000               0.0000              -0.0000               0.3507
[Row  15]              -0.4748              -0.1378               0.0000               0.0000               1.1444               0.1718               0.0000               0.0000
[Row  16]              -0.0971               0.3311              -0.0000               0.0000               0.1718               0.1038              -0.0000               0.0000
[Row  17]               0.0000               0.0000               0.3507              -0.0000               0.0000              -0.0000               0.0769               0.0000
[Row  18]              -0.0000              -0.0000               0.0000               0.3507               0.0000               0.0000               0.0000               0.0769
===== P_mu,nu psi4 =====

                  [Col  1]              [Col  2]              [Col  3]              [Col  4]              [Col  5]              [Col  6]              [Col  7]              [Col  8]              [Col  9]              [Col 10]
[Row   1]               2.1753              -0.6413               0.0194               0.0000               0.0000               0.0984              -0.0242              -0.0000               0.0000               0.0211
[Row   2]              -0.6413               2.3565              -0.0775              -0.0000              -0.0000              -0.4748               0.0971               0.0000               0.0000              -0.0849
[Row   3]               0.0194              -0.0775               1.6139               0.0000               0.0000               0.1378               0.3311              -0.0000              -0.0000               0.0168
[Row   4]               0.0000              -0.0000               0.0000               1.5992               0.0000               0.0000               0.0000               0.3507              -0.0000              -0.0000
[Row   5]               0.0000              -0.0000               0.0000               0.0000               1.5992              -0.0000              -0.0000              -0.0000               0.3507              -0.0000
[Row   6]               0.0984              -0.4748               0.1378               0.0000              -0.0000               1.1444              -0.1718               0.0000              -0.0000               0.1553
[Row   7]              -0.0242               0.0971               0.3311               0.0000              -0.0000              -0.1718               0.1038              -0.0000              -0.0000              -0.0260
[Row   8]              -0.0000               0.0000              -0.0000               0.3507              -0.0000               0.0000              -0.0000               0.0769              -0.0000               0.0000
[Row   9]               0.0000               0.0000              -0.0000              -0.0000               0.3507              -0.0000              -0.0000              -0.0000               0.0769               0.0000
[Row  10]               0.0211              -0.0849               0.0168              -0.0000              -0.0000               0.1553              -0.0260               0.0000               0.0000               2.1753
[Row  11]              -0.0849               0.3412              -0.0660              -0.0000              -0.0000              -0.6233               0.1005              -0.0000              -0.0000              -0.6413
[Row  12]              -0.0168               0.0660              -0.0130              -0.0000              -0.0000              -0.1252               0.0283              -0.0000              -0.0000              -0.0194
[Row  13]              -0.0000              -0.0000              -0.0000              -0.0004               0.0000              -0.0000               0.0000              -0.0012               0.0000               0.0000
[Row  14]               0.0000               0.0000              -0.0000               0.0000              -0.0004              -0.0000               0.0000               0.0000              -0.0012               0.0000
[Row  15]               0.1553              -0.6233               0.1252              -0.0000               0.0000               1.1332              -0.1746               0.0000              -0.0000               0.0984
[Row  16]               0.0260              -0.1005               0.0283              -0.0000               0.0000               0.1746              -0.0231              -0.0000               0.0000               0.0242
[Row  17]              -0.0000              -0.0000               0.0000              -0.0012               0.0000              -0.0000               0.0000              -0.0005               0.0000              -0.0000
[Row  18]               0.0000              -0.0000               0.0000              -0.0000              -0.0012               0.0000               0.0000              -0.0000              -0.0005              -0.0000
                  [Col 11]              [Col 12]              [Col 13]              [Col 14]              [Col 15]              [Col 16]              [Col 17]              [Col 18]
[Row   1]              -0.0849              -0.0168              -0.0000               0.0000               0.1553               0.0260              -0.0000               0.0000
[Row   2]               0.3412               0.0660              -0.0000               0.0000              -0.6233              -0.1005              -0.0000              -0.0000
[Row   3]              -0.0660              -0.0130              -0.0000              -0.0000               0.1252               0.0283               0.0000               0.0000
[Row   4]              -0.0000              -0.0000              -0.0004               0.0000              -0.0000              -0.0000              -0.0012              -0.0000
[Row   5]              -0.0000              -0.0000               0.0000              -0.0004               0.0000               0.0000               0.0000              -0.0012
[Row   6]              -0.6233              -0.1252              -0.0000              -0.0000               1.1332               0.1746              -0.0000               0.0000
[Row   7]               0.1005               0.0283               0.0000               0.0000              -0.1746              -0.0231               0.0000               0.0000
[Row   8]              -0.0000              -0.0000              -0.0012               0.0000               0.0000              -0.0000              -0.0005              -0.0000
[Row   9]              -0.0000              -0.0000               0.0000              -0.0012              -0.0000               0.0000               0.0000              -0.0005
[Row  10]              -0.6413              -0.0194               0.0000               0.0000               0.0984               0.0242              -0.0000              -0.0000
[Row  11]               2.3565               0.0775              -0.0000              -0.0000              -0.4748              -0.0971               0.0000              -0.0000
[Row  12]               0.0775               1.6139               0.0000               0.0000              -0.1378               0.3311               0.0000              -0.0000
[Row  13]              -0.0000               0.0000               1.5992              -0.0000               0.0000              -0.0000               0.3507               0.0000
[Row  14]              -0.0000               0.0000              -0.0000               1.5992               0.0000               0.0000              -0.0000               0.3507
[Row  15]              -0.4748              -0.1378               0.0000               0.0000               1.1444               0.1718               0.0000               0.0000
[Row  16]              -0.0971               0.3311              -0.0000               0.0000               0.1718               0.1038              -0.0000               0.0000
[Row  17]               0.0000               0.0000               0.3507              -0.0000               0.0000              -0.0000               0.0769               0.0000
[Row  18]              -0.0000              -0.0000               0.0000               0.3507               0.0000               0.0000               0.0000               0.0769
====== P^(AO) = SPS =====

                  [Col  1]              [Col  2]              [Col  3]              [Col  4]              [Col  5]              [Col  6]              [Col  7]              [Col  8]              [Col  9]              [Col 10]
[Row   1]               2.0000               0.5574               0.0003               0.0000               0.0000               0.0389              -0.0014              -0.0000               0.0000               0.0000
[Row   2]               0.5574               1.9963              -0.0035              -0.0000               0.0000               0.9498               0.0142               0.0000               0.0000              -0.0004
[Row   3]               0.0003              -0.0035               1.9412               0.0000               0.0000               0.0430               1.1907              -0.0000              -0.0000               0.0002
[Row   4]               0.0000              -0.0000               0.0000               1.9395              -0.0000               0.0000               0.0000               1.1994              -0.0000              -0.0000
[Row   5]               0.0000               0.0000               0.0000              -0.0000               1.9395              -0.0000              -0.0000              -0.0000               1.1994              -0.0000
[Row   6]               0.0389               0.9498               0.0430               0.0000              -0.0000               1.2943              -0.1708               0.0000               0.0000               0.0057
[Row   7]              -0.0014               0.0142               1.1907               0.0000              -0.0000              -0.1708               0.7834               0.0000              -0.0000              -0.0021
[Row   8]              -0.0000               0.0000              -0.0000               1.1994              -0.0000               0.0000               0.0000               0.7418              -0.0000              -0.0000
[Row   9]               0.0000               0.0000              -0.0000              -0.0000               1.1994               0.0000              -0.0000              -0.0000               0.7418              -0.0000
[Row  10]               0.0000              -0.0004               0.0002              -0.0000              -0.0000               0.0057              -0.0021              -0.0000              -0.0000               2.0000
[Row  11]              -0.0004               0.0034              -0.0009              -0.0000              -0.0000              -0.0406              -0.0082              -0.0000              -0.0000               0.5574
[Row  12]              -0.0002               0.0009               0.0032              -0.0000               0.0000               0.0016              -0.0354              -0.0000              -0.0000              -0.0003
[Row  13]              -0.0000              -0.0000              -0.0000              -0.0010               0.0000              -0.0000              -0.0000               0.0071               0.0000               0.0000
[Row  14]               0.0000               0.0000              -0.0000               0.0000              -0.0010              -0.0000              -0.0000               0.0000               0.0071              -0.0000
[Row  15]               0.0057              -0.0406              -0.0016              -0.0000              -0.0000               0.7688              -0.2100              -0.0000              -0.0000               0.0389
[Row  16]               0.0021               0.0082              -0.0354              -0.0000               0.0000               0.2100              -0.0967              -0.0000               0.0000               0.0014
[Row  17]              -0.0000              -0.0000              -0.0000               0.0071               0.0000              -0.0000               0.0000               0.0092               0.0000              -0.0000
[Row  18]               0.0000               0.0000               0.0000               0.0000               0.0071               0.0000               0.0000               0.0000               0.0092              -0.0000
                  [Col 11]              [Col 12]              [Col 13]              [Col 14]              [Col 15]              [Col 16]              [Col 17]              [Col 18]
[Row   1]              -0.0004              -0.0002              -0.0000               0.0000               0.0057               0.0021              -0.0000               0.0000
[Row   2]               0.0034               0.0009              -0.0000               0.0000              -0.0406               0.0082              -0.0000               0.0000
[Row   3]              -0.0009               0.0032              -0.0000              -0.0000              -0.0016              -0.0354              -0.0000               0.0000
[Row   4]              -0.0000              -0.0000              -0.0010               0.0000              -0.0000              -0.0000               0.0071               0.0000
[Row   5]              -0.0000               0.0000               0.0000              -0.0010              -0.0000               0.0000               0.0000               0.0071
[Row   6]              -0.0406               0.0016              -0.0000              -0.0000               0.7688               0.2100              -0.0000               0.0000
[Row   7]              -0.0082              -0.0354              -0.0000              -0.0000              -0.2100              -0.0967               0.0000               0.0000
[Row   8]              -0.0000              -0.0000               0.0071               0.0000              -0.0000              -0.0000               0.0092               0.0000
[Row   9]              -0.0000              -0.0000               0.0000               0.0071              -0.0000               0.0000               0.0000               0.0092
[Row  10]               0.5574              -0.0003               0.0000              -0.0000               0.0389               0.0014              -0.0000              -0.0000
[Row  11]               1.9963               0.0035               0.0000              -0.0000               0.9498              -0.0142               0.0000              -0.0000
[Row  12]               0.0035               1.9412              -0.0000               0.0000              -0.0430               1.1907              -0.0000              -0.0000
[Row  13]               0.0000              -0.0000               1.9395              -0.0000               0.0000              -0.0000               1.1994               0.0000
[Row  14]              -0.0000               0.0000              -0.0000               1.9395              -0.0000               0.0000              -0.0000               1.1994
[Row  15]               0.9498              -0.0430               0.0000              -0.0000               1.2943               0.1708               0.0000               0.0000
[Row  16]              -0.0142               1.1907              -0.0000               0.0000               0.1708               0.7834              -0.0000               0.0000
[Row  17]               0.0000              -0.0000               1.1994              -0.0000               0.0000              -0.0000               0.7418              -0.0000
[Row  18]              -0.0000              -0.0000               0.0000               1.1994               0.0000               0.0000              -0.0000               0.7418
====== S^(AO) = S =====

                  [Col  1]              [Col  2]              [Col  3]              [Col  4]              [Col  5]              [Col  6]              [Col  7]              [Col  8]              [Col  9]              [Col 10]
[Row   1]               1.0000               0.2785               0.0000               0.0000               0.0000               0.0223               0.0000               0.0000               0.0000               0.0000
[Row   2]               0.2785               1.0000              -0.0000               0.0000               0.0000               0.4495              -0.0000               0.0000               0.0000               0.0000
[Row   3]               0.0000              -0.0000               1.0000               0.0000               0.0000              -0.0000               0.4618               0.0000               0.0000              -0.0000
[Row   4]               0.0000               0.0000               0.0000               1.0000               0.0000               0.0000               0.0000               0.4618               0.0000               0.0000
[Row   5]               0.0000               0.0000               0.0000               0.0000               1.0000               0.0000               0.0000               0.0000               0.4618               0.0000
[Row   6]               0.0223               0.4495              -0.0000               0.0000               0.0000               1.0000               0.0000               0.0000               0.0000               0.0002
[Row   7]               0.0000              -0.0000               0.4618               0.0000               0.0000               0.0000               1.0000               0.0000               0.0000              -0.0005
[Row   8]               0.0000               0.0000               0.0000               0.4618               0.0000               0.0000               0.0000               1.0000               0.0000               0.0000
[Row   9]               0.0000               0.0000               0.0000               0.0000               0.4618               0.0000               0.0000               0.0000               1.0000               0.0000
[Row  10]               0.0000               0.0000              -0.0000               0.0000               0.0000               0.0002              -0.0005               0.0000               0.0000               1.0000
[Row  11]               0.0000               0.0000              -0.0000               0.0000               0.0000               0.0034              -0.0073               0.0000               0.0000               0.2785
[Row  12]               0.0000               0.0000              -0.0000               0.0000               0.0000               0.0037              -0.0072               0.0000               0.0000              -0.0000
[Row  13]               0.0000               0.0000               0.0000               0.0000               0.0000               0.0000               0.0000               0.0008               0.0000               0.0000
[Row  14]               0.0000               0.0000               0.0000               0.0000               0.0000               0.0000               0.0000               0.0000               0.0008               0.0000
[Row  15]               0.0002               0.0034              -0.0037               0.0000               0.0000               0.0508              -0.0769               0.0000               0.0000               0.0223
[Row  16]               0.0005               0.0073              -0.0072               0.0000               0.0000               0.0769              -0.1105               0.0000               0.0000              -0.0000
[Row  17]               0.0000               0.0000               0.0000               0.0008               0.0000               0.0000               0.0000               0.0193               0.0000               0.0000
[Row  18]               0.0000               0.0000               0.0000               0.0000               0.0008               0.0000               0.0000               0.0000               0.0193               0.0000
                  [Col 11]              [Col 12]              [Col 13]              [Col 14]              [Col 15]              [Col 16]              [Col 17]              [Col 18]
[Row   1]               0.0000               0.0000               0.0000               0.0000               0.0002               0.0005               0.0000               0.0000
[Row   2]               0.0000               0.0000               0.0000               0.0000               0.0034               0.0073               0.0000               0.0000
[Row   3]              -0.0000              -0.0000               0.0000               0.0000              -0.0037              -0.0072               0.0000               0.0000
[Row   4]               0.0000               0.0000               0.0000               0.0000               0.0000               0.0000               0.0008               0.0000
[Row   5]               0.0000               0.0000               0.0000               0.0000               0.0000               0.0000               0.0000               0.0008
[Row   6]               0.0034               0.0037               0.0000               0.0000               0.0508               0.0769               0.0000               0.0000
[Row   7]              -0.0073              -0.0072               0.0000               0.0000              -0.0769              -0.1105               0.0000               0.0000
[Row   8]               0.0000               0.0000               0.0008               0.0000               0.0000               0.0000               0.0193               0.0000
[Row   9]               0.0000               0.0000               0.0000               0.0008               0.0000               0.0000               0.0000               0.0193
[Row  10]               0.2785              -0.0000               0.0000               0.0000               0.0223              -0.0000               0.0000               0.0000
[Row  11]               1.0000               0.0000               0.0000               0.0000               0.4495               0.0000               0.0000               0.0000
[Row  12]               0.0000               1.0000               0.0000               0.0000               0.0000               0.4618               0.0000               0.0000
[Row  13]               0.0000               0.0000               1.0000               0.0000               0.0000               0.0000               0.4618               0.0000
[Row  14]               0.0000               0.0000               0.0000               1.0000               0.0000               0.0000               0.0000               0.4618
[Row  15]               0.4495               0.0000               0.0000               0.0000               1.0000              -0.0000               0.0000               0.0000
[Row  16]               0.0000               0.4618               0.0000               0.0000              -0.0000               1.0000               0.0000               0.0000
[Row  17]               0.0000               0.0000               0.4618               0.0000               0.0000               0.0000               1.0000               0.0000
[Row  18]               0.0000               0.0000               0.0000               0.4618               0.0000               0.0000               0.0000               1.0000
====== P^(AO) std gaussian m_l ordering SPS =====

                  [Col  1]              [Col  2]              [Col  3]              [Col  4]              [Col  5]              [Col  6]              [Col  7]              [Col  8]              [Col  9]              [Col 10]
[Row   1]               2.0000               0.5574               0.0000               0.0000               0.0003               0.0389              -0.0000               0.0000              -0.0014               0.0000
[Row   2]               0.5574               1.9963              -0.0000               0.0000              -0.0035               0.9498               0.0000               0.0000               0.0142              -0.0004
[Row   3]               0.0000              -0.0000               1.9395              -0.0000               0.0000               0.0000               1.1994              -0.0000               0.0000              -0.0000
[Row   4]               0.0000               0.0000              -0.0000               1.9395               0.0000              -0.0000              -0.0000               1.1994              -0.0000              -0.0000
[Row   5]               0.0003              -0.0035               0.0000               0.0000               1.9412               0.0430              -0.0000              -0.0000               1.1907               0.0002
[Row   6]               0.0389               0.9498               0.0000              -0.0000               0.0430               1.2943               0.0000               0.0000              -0.1708               0.0057
[Row   7]              -0.0000               0.0000               1.1994              -0.0000              -0.0000               0.0000               0.7418              -0.0000               0.0000              -0.0000
[Row   8]               0.0000               0.0000              -0.0000               1.1994              -0.0000               0.0000              -0.0000               0.7418              -0.0000              -0.0000
[Row   9]              -0.0014               0.0142               0.0000              -0.0000               1.1907              -0.1708               0.0000              -0.0000               0.7834              -0.0021
[Row  10]               0.0000              -0.0004              -0.0000              -0.0000               0.0002               0.0057              -0.0000              -0.0000              -0.0021               2.0000
[Row  11]              -0.0004               0.0034              -0.0000              -0.0000              -0.0009              -0.0406              -0.0000              -0.0000              -0.0082               0.5574
[Row  12]              -0.0000              -0.0000              -0.0010               0.0000              -0.0000              -0.0000               0.0071               0.0000              -0.0000               0.0000
[Row  13]               0.0000               0.0000               0.0000              -0.0010              -0.0000              -0.0000               0.0000               0.0071              -0.0000              -0.0000
[Row  14]              -0.0002               0.0009              -0.0000               0.0000               0.0032               0.0016              -0.0000              -0.0000              -0.0354              -0.0003
[Row  15]               0.0057              -0.0406              -0.0000              -0.0000              -0.0016               0.7688              -0.0000              -0.0000              -0.2100               0.0389
[Row  16]              -0.0000              -0.0000               0.0071               0.0000              -0.0000              -0.0000               0.0092               0.0000               0.0000              -0.0000
[Row  17]               0.0000               0.0000               0.0000               0.0071               0.0000               0.0000               0.0000               0.0092               0.0000              -0.0000
[Row  18]               0.0021               0.0082              -0.0000               0.0000              -0.0354               0.2100              -0.0000               0.0000              -0.0967               0.0014
                  [Col 11]              [Col 12]              [Col 13]              [Col 14]              [Col 15]              [Col 16]              [Col 17]              [Col 18]
[Row   1]              -0.0004              -0.0000               0.0000              -0.0002               0.0057              -0.0000               0.0000               0.0021
[Row   2]               0.0034              -0.0000               0.0000               0.0009              -0.0406              -0.0000               0.0000               0.0082
[Row   3]              -0.0000              -0.0010               0.0000              -0.0000              -0.0000               0.0071               0.0000              -0.0000
[Row   4]              -0.0000               0.0000              -0.0010               0.0000              -0.0000               0.0000               0.0071               0.0000
[Row   5]              -0.0009              -0.0000              -0.0000               0.0032              -0.0016              -0.0000               0.0000              -0.0354
[Row   6]              -0.0406              -0.0000              -0.0000               0.0016               0.7688              -0.0000               0.0000               0.2100
[Row   7]              -0.0000               0.0071               0.0000              -0.0000              -0.0000               0.0092               0.0000              -0.0000
[Row   8]              -0.0000               0.0000               0.0071              -0.0000              -0.0000               0.0000               0.0092               0.0000
[Row   9]              -0.0082              -0.0000              -0.0000              -0.0354              -0.2100               0.0000               0.0000              -0.0967
[Row  10]               0.5574               0.0000              -0.0000              -0.0003               0.0389              -0.0000              -0.0000               0.0014
[Row  11]               1.9963               0.0000              -0.0000               0.0035               0.9498               0.0000              -0.0000              -0.0142
[Row  12]               0.0000               1.9395              -0.0000              -0.0000               0.0000               1.1994               0.0000              -0.0000
[Row  13]              -0.0000              -0.0000               1.9395               0.0000              -0.0000              -0.0000               1.1994               0.0000
[Row  14]               0.0035              -0.0000               0.0000               1.9412              -0.0430              -0.0000              -0.0000               1.1907
[Row  15]               0.9498               0.0000              -0.0000              -0.0430               1.2943               0.0000               0.0000               0.1708
[Row  16]               0.0000               1.1994              -0.0000              -0.0000               0.0000               0.7418              -0.0000              -0.0000
[Row  17]              -0.0000               0.0000               1.1994              -0.0000               0.0000              -0.0000               0.7418               0.0000
[Row  18]              -0.0142              -0.0000               0.0000               1.1907               0.1708              -0.0000               0.0000               0.7834
====== S^(AO) std gaussian m_l ordering =====

                  [Col  1]              [Col  2]              [Col  3]              [Col  4]              [Col  5]              [Col  6]              [Col  7]              [Col  8]              [Col  9]              [Col 10]
[Row   1]               1.0000               0.2785               0.0000               0.0000               0.0000               0.0223               0.0000               0.0000               0.0000               0.0000
[Row   2]               0.2785               1.0000               0.0000               0.0000              -0.0000               0.4495               0.0000               0.0000              -0.0000               0.0000
[Row   3]               0.0000               0.0000               1.0000               0.0000               0.0000               0.0000               0.4618               0.0000               0.0000               0.0000
[Row   4]               0.0000               0.0000               0.0000               1.0000               0.0000               0.0000               0.0000               0.4618               0.0000               0.0000
[Row   5]               0.0000              -0.0000               0.0000               0.0000               1.0000              -0.0000               0.0000               0.0000               0.4618              -0.0000
[Row   6]               0.0223               0.4495               0.0000               0.0000              -0.0000               1.0000               0.0000               0.0000               0.0000               0.0002
[Row   7]               0.0000               0.0000               0.4618               0.0000               0.0000               0.0000               1.0000               0.0000               0.0000               0.0000
[Row   8]               0.0000               0.0000               0.0000               0.4618               0.0000               0.0000               0.0000               1.0000               0.0000               0.0000
[Row   9]               0.0000              -0.0000               0.0000               0.0000               0.4618               0.0000               0.0000               0.0000               1.0000              -0.0005
[Row  10]               0.0000               0.0000               0.0000               0.0000              -0.0000               0.0002               0.0000               0.0000              -0.0005               1.0000
[Row  11]               0.0000               0.0000               0.0000               0.0000              -0.0000               0.0034               0.0000               0.0000              -0.0073               0.2785
[Row  12]               0.0000               0.0000               0.0000               0.0000               0.0000               0.0000               0.0008               0.0000               0.0000               0.0000
[Row  13]               0.0000               0.0000               0.0000               0.0000               0.0000               0.0000               0.0000               0.0008               0.0000               0.0000
[Row  14]               0.0000               0.0000               0.0000               0.0000              -0.0000               0.0037               0.0000               0.0000              -0.0072              -0.0000
[Row  15]               0.0002               0.0034               0.0000               0.0000              -0.0037               0.0508               0.0000               0.0000              -0.0769               0.0223
[Row  16]               0.0000               0.0000               0.0008               0.0000               0.0000               0.0000               0.0193               0.0000               0.0000               0.0000
[Row  17]               0.0000               0.0000               0.0000               0.0008               0.0000               0.0000               0.0000               0.0193               0.0000               0.0000
[Row  18]               0.0005               0.0073               0.0000               0.0000              -0.0072               0.0769               0.0000               0.0000              -0.1105              -0.0000
                  [Col 11]              [Col 12]              [Col 13]              [Col 14]              [Col 15]              [Col 16]              [Col 17]              [Col 18]
[Row   1]               0.0000               0.0000               0.0000               0.0000               0.0002               0.0000               0.0000               0.0005
[Row   2]               0.0000               0.0000               0.0000               0.0000               0.0034               0.0000               0.0000               0.0073
[Row   3]               0.0000               0.0000               0.0000               0.0000               0.0000               0.0008               0.0000               0.0000
[Row   4]               0.0000               0.0000               0.0000               0.0000               0.0000               0.0000               0.0008               0.0000
[Row   5]              -0.0000               0.0000               0.0000              -0.0000              -0.0037               0.0000               0.0000              -0.0072
[Row   6]               0.0034               0.0000               0.0000               0.0037               0.0508               0.0000               0.0000               0.0769
[Row   7]               0.0000               0.0008               0.0000               0.0000               0.0000               0.0193               0.0000               0.0000
[Row   8]               0.0000               0.0000               0.0008               0.0000               0.0000               0.0000               0.0193               0.0000
[Row   9]              -0.0073               0.0000               0.0000              -0.0072              -0.0769               0.0000               0.0000              -0.1105
[Row  10]               0.2785               0.0000               0.0000              -0.0000               0.0223               0.0000               0.0000              -0.0000
[Row  11]               1.0000               0.0000               0.0000               0.0000               0.4495               0.0000               0.0000               0.0000
[Row  12]               0.0000               1.0000               0.0000               0.0000               0.0000               0.4618               0.0000               0.0000
[Row  13]               0.0000               0.0000               1.0000               0.0000               0.0000               0.0000               0.4618               0.0000
[Row  14]               0.0000               0.0000               0.0000               1.0000               0.0000               0.0000               0.0000               0.4618
[Row  15]               0.4495               0.0000               0.0000               0.0000               1.0000               0.0000               0.0000              -0.0000
[Row  16]               0.0000               0.4618               0.0000               0.0000               0.0000               1.0000               0.0000               0.0000
[Row  17]               0.0000               0.0000               0.4618               0.0000               0.0000               0.0000               1.0000               0.0000
[Row  18]               0.0000               0.0000               0.0000               0.4618              -0.0000               0.0000               0.0000               1.0000
