molecule mol32.xyz
System:, atNum: 7 coords [              0.0000               0.0000               1.0677]
System:, atNum: 7 coords [              0.0000               0.0000              -1.0677]
===== Original AO-S matrix =====

                  [Col  1]              [Col  2]              [Col  3]              [Col  4]              [Col  5]              [Col  6]              [Col  7]              [Col  8]              [Col  9]              [Col 10]
[Row   1]               1.0000               0.2350               0.0000               0.0000               0.0000               0.0000               0.0469               0.0781               0.0000               0.0000
[Row   2]               0.2350               1.0000               0.0000               0.0000               0.0000               0.0469               0.4268               0.4295               0.0000               0.0000
[Row   3]               0.0000               0.0000               1.0000               0.0000               0.0000              -0.0781              -0.4295              -0.3240               0.0000               0.0000
[Row   4]               0.0000               0.0000               0.0000               1.0000               0.0000               0.0000               0.0000               0.0000               0.2632               0.0000
[Row   5]               0.0000               0.0000               0.0000               0.0000               1.0000               0.0000               0.0000               0.0000               0.0000               0.2632
[Row   6]               0.0000               0.0469              -0.0781               0.0000               0.0000               1.0000               0.2350               0.0000               0.0000               0.0000
[Row   7]               0.0469               0.4268              -0.4295               0.0000               0.0000               0.2350               1.0000               0.0000               0.0000               0.0000
[Row   8]               0.0781               0.4295              -0.3240               0.0000               0.0000               0.0000               0.0000               1.0000               0.0000               0.0000
[Row   9]               0.0000               0.0000               0.0000               0.2632               0.0000               0.0000               0.0000               0.0000               1.0000               0.0000
[Row  10]               0.0000               0.0000               0.0000               0.0000               0.2632               0.0000               0.0000               0.0000               0.0000               1.0000
nbas 10
 ===== CA ===== 

                  [Col  1]              [Col  2]              [Col  3]              [Col  4]              [Col  5]              [Col  6]              [Col  7]              [Col  8]              [Col  9]              [Col 10]
[Row   1]               0.7032               0.7028               0.1739               0.1724              -0.0000               0.0000               0.0695               0.0000              -0.0000               0.1250
[Row   2]               0.0129               0.0258              -0.4988              -0.7462               0.0000              -0.0000              -0.4005              -0.0000               0.0000              -1.1056
[Row   3]              -0.0017              -0.0093               0.2313              -0.2540               0.0000              -0.0000              -0.6042              -0.0000               0.0000               1.1680
[Row   4]               0.0000               0.0000               0.0000               0.0000               0.6291               0.0000               0.0000               0.8237               0.0079              -0.0000
[Row   5]               0.0000               0.0000               0.0000               0.0000               0.0000               0.6291              -0.0000               0.0079              -0.8237              -0.0000
[Row   6]               0.7032              -0.7028               0.1739              -0.1724              -0.0000               0.0000               0.0695              -0.0000              -0.0000              -0.1250
[Row   7]               0.0129              -0.0258              -0.4988               0.7462               0.0000              -0.0000              -0.4005               0.0000               0.0000               1.1056
[Row   8]               0.0017              -0.0093              -0.2313              -0.2540              -0.0000               0.0000               0.6042               0.0000              -0.0000               1.1680
[Row   9]               0.0000               0.0000              -0.0000               0.0000               0.6291              -0.0000               0.0000              -0.8237              -0.0079              -0.0000
[Row  10]              -0.0000              -0.0000              -0.0000              -0.0000              -0.0000               0.6291               0.0000              -0.0079               0.8237               0.0000
 ===== CB ===== 

                  [Col  1]              [Col  2]              [Col  3]              [Col  4]              [Col  5]              [Col  6]              [Col  7]              [Col  8]              [Col  9]              [Col 10]
[Row   1]               0.7032               0.7028               0.1739               0.1724              -0.0000               0.0000               0.0695               0.0000              -0.0000               0.1250
[Row   2]               0.0129               0.0258              -0.4988              -0.7462               0.0000              -0.0000              -0.4005              -0.0000               0.0000              -1.1056
[Row   3]              -0.0017              -0.0093               0.2313              -0.2540               0.0000              -0.0000              -0.6042              -0.0000               0.0000               1.1680
[Row   4]               0.0000               0.0000               0.0000               0.0000               0.6291               0.0000               0.0000               0.8237               0.0079              -0.0000
[Row   5]               0.0000               0.0000               0.0000               0.0000               0.0000               0.6291              -0.0000               0.0079              -0.8237              -0.0000
[Row   6]               0.7032              -0.7028               0.1739              -0.1724              -0.0000               0.0000               0.0695              -0.0000              -0.0000              -0.1250
[Row   7]               0.0129              -0.0258              -0.4988               0.7462               0.0000              -0.0000              -0.4005               0.0000               0.0000               1.1056
[Row   8]               0.0017              -0.0093              -0.2313              -0.2540              -0.0000               0.0000               0.6042               0.0000              -0.0000               1.1680
[Row   9]               0.0000               0.0000              -0.0000               0.0000               0.6291              -0.0000               0.0000              -0.8237              -0.0079              -0.0000
[Row  10]              -0.0000              -0.0000              -0.0000              -0.0000              -0.0000               0.6291               0.0000              -0.0079               0.8237               0.0000
 ===== P_psi ===== Dalpha+Dbeta 

                  [Col  1]              [Col  2]              [Col  3]              [Col  4]              [Col  5]              [Col  6]              [Col  7]              [Col  8]              [Col  9]              [Col 10]
[Row   1]               2.1064              -0.4321              -0.1067               0.0000              -0.0000               0.0117               0.0099              -0.0946               0.0000               0.0000
[Row   2]              -0.4321               1.9336               0.6317               0.0000               0.0000               0.0099              -0.2961               0.1254              -0.0000              -0.0000
[Row   3]              -0.1067               0.6317               0.9662               0.0000               0.0000               0.0946              -0.1254              -0.7079              -0.0000              -0.0000
[Row   4]               0.0000               0.0000               0.0000               0.7916               0.0000               0.0000               0.0000               0.0000               0.7916               0.0000
[Row   5]              -0.0000               0.0000               0.0000               0.0000               0.7916              -0.0000               0.0000              -0.0000              -0.0000               0.7916
[Row   6]               0.0117               0.0099               0.0946               0.0000              -0.0000               2.1064              -0.4321               0.1067              -0.0000               0.0000
[Row   7]               0.0099              -0.2961              -0.1254               0.0000               0.0000              -0.4321               1.9336              -0.6317               0.0000              -0.0000
[Row   8]              -0.0946               0.1254              -0.7079               0.0000              -0.0000               0.1067              -0.6317               0.9662               0.0000               0.0000
[Row   9]               0.0000              -0.0000              -0.0000               0.7916              -0.0000              -0.0000               0.0000               0.0000               0.7916              -0.0000
[Row  10]               0.0000              -0.0000              -0.0000               0.0000               0.7916               0.0000              -0.0000               0.0000              -0.0000               0.7916
===== P_mu,nu local =====

                  [Col  1]              [Col  2]              [Col  3]              [Col  4]              [Col  5]              [Col  6]              [Col  7]              [Col  8]              [Col  9]              [Col 10]
[Row   1]               2.1064              -0.4321              -0.1067               0.0000              -0.0000               0.0117               0.0099              -0.0946               0.0000               0.0000
[Row   2]              -0.4321               1.9336               0.6317               0.0000               0.0000               0.0099              -0.2961               0.1254              -0.0000              -0.0000
[Row   3]              -0.1067               0.6317               0.9662               0.0000               0.0000               0.0946              -0.1254              -0.7079              -0.0000              -0.0000
[Row   4]               0.0000               0.0000               0.0000               0.7916               0.0000               0.0000               0.0000               0.0000               0.7916               0.0000
[Row   5]              -0.0000               0.0000               0.0000               0.0000               0.7916              -0.0000               0.0000              -0.0000              -0.0000               0.7916
[Row   6]               0.0117               0.0099               0.0946               0.0000              -0.0000               2.1064              -0.4321               0.1067              -0.0000               0.0000
[Row   7]               0.0099              -0.2961              -0.1254               0.0000               0.0000              -0.4321               1.9336              -0.6317               0.0000              -0.0000
[Row   8]              -0.0946               0.1254              -0.7079               0.0000              -0.0000               0.1067              -0.6317               0.9662               0.0000               0.0000
[Row   9]               0.0000              -0.0000              -0.0000               0.7916              -0.0000              -0.0000               0.0000               0.0000               0.7916              -0.0000
[Row  10]               0.0000              -0.0000              -0.0000               0.0000               0.7916               0.0000              -0.0000               0.0000              -0.0000               0.7916
===== P_mu,nu psi4 =====

                  [Col  1]              [Col  2]              [Col  3]              [Col  4]              [Col  5]              [Col  6]              [Col  7]              [Col  8]              [Col  9]              [Col 10]
[Row   1]               2.1064              -0.4321              -0.1067               0.0000              -0.0000               0.0117               0.0099              -0.0946               0.0000               0.0000
[Row   2]              -0.4321               1.9336               0.6317               0.0000               0.0000               0.0099              -0.2961               0.1254              -0.0000              -0.0000
[Row   3]              -0.1067               0.6317               0.9662               0.0000               0.0000               0.0946              -0.1254              -0.7079              -0.0000              -0.0000
[Row   4]               0.0000               0.0000               0.0000               0.7916               0.0000               0.0000               0.0000               0.0000               0.7916               0.0000
[Row   5]              -0.0000               0.0000               0.0000               0.0000               0.7916              -0.0000               0.0000              -0.0000              -0.0000               0.7916
[Row   6]               0.0117               0.0099               0.0946               0.0000              -0.0000               2.1064              -0.4321               0.1067              -0.0000               0.0000
[Row   7]               0.0099              -0.2961              -0.1254               0.0000               0.0000              -0.4321               1.9336              -0.6317               0.0000              -0.0000
[Row   8]              -0.0946               0.1254              -0.7079               0.0000              -0.0000               0.1067              -0.6317               0.9662               0.0000               0.0000
[Row   9]               0.0000              -0.0000              -0.0000               0.7916              -0.0000              -0.0000               0.0000               0.0000               0.7916              -0.0000
[Row  10]               0.0000              -0.0000              -0.0000               0.0000               0.7916               0.0000              -0.0000               0.0000              -0.0000               0.7916
====== P^(AO) = SPS =====

                  [Col  1]              [Col  2]              [Col  3]              [Col  4]              [Col  5]              [Col  6]              [Col  7]              [Col  8]              [Col  9]              [Col 10]
[Row   1]               1.9999               0.4719              -0.0054               0.0000               0.0000               0.0001               0.0921               0.1508               0.0000               0.0000
[Row   2]               0.4719               1.9764               0.0704               0.0000               0.0000               0.0921               0.8772               0.9294              -0.0000              -0.0000
[Row   3]              -0.0054               0.0704               1.7894               0.0000               0.0000              -0.1508              -0.9294              -0.8586              -0.0000              -0.0000
[Row   4]               0.0000               0.0000               0.0000               1.2632               0.0000               0.0000               0.0000               0.0000               1.2632               0.0000
[Row   5]               0.0000               0.0000               0.0000               0.0000               1.2632              -0.0000               0.0000              -0.0000              -0.0000               1.2632
[Row   6]               0.0001               0.0921              -0.1508               0.0000              -0.0000               1.9999               0.4719               0.0054              -0.0000              -0.0000
[Row   7]               0.0921               0.8772              -0.9294               0.0000               0.0000               0.4719               1.9764              -0.0704               0.0000              -0.0000
[Row   8]               0.1508               0.9294              -0.8586               0.0000              -0.0000               0.0054              -0.0704               1.7894               0.0000               0.0000
[Row   9]               0.0000              -0.0000              -0.0000               1.2632              -0.0000              -0.0000               0.0000               0.0000               1.2632              -0.0000
[Row  10]               0.0000              -0.0000              -0.0000               0.0000               1.2632              -0.0000              -0.0000               0.0000              -0.0000               1.2632
====== S^(AO) = S =====

                  [Col  1]              [Col  2]              [Col  3]              [Col  4]              [Col  5]              [Col  6]              [Col  7]              [Col  8]              [Col  9]              [Col 10]
[Row   1]               1.0000               0.2350               0.0000               0.0000               0.0000               0.0000               0.0469               0.0781               0.0000               0.0000
[Row   2]               0.2350               1.0000               0.0000               0.0000               0.0000               0.0469               0.4268               0.4295               0.0000               0.0000
[Row   3]               0.0000               0.0000               1.0000               0.0000               0.0000              -0.0781              -0.4295              -0.3240               0.0000               0.0000
[Row   4]               0.0000               0.0000               0.0000               1.0000               0.0000               0.0000               0.0000               0.0000               0.2632               0.0000
[Row   5]               0.0000               0.0000               0.0000               0.0000               1.0000               0.0000               0.0000               0.0000               0.0000               0.2632
[Row   6]               0.0000               0.0469              -0.0781               0.0000               0.0000               1.0000               0.2350               0.0000               0.0000               0.0000
[Row   7]               0.0469               0.4268              -0.4295               0.0000               0.0000               0.2350               1.0000               0.0000               0.0000               0.0000
[Row   8]               0.0781               0.4295              -0.3240               0.0000               0.0000               0.0000               0.0000               1.0000               0.0000               0.0000
[Row   9]               0.0000               0.0000               0.0000               0.2632               0.0000               0.0000               0.0000               0.0000               1.0000               0.0000
[Row  10]               0.0000               0.0000               0.0000               0.0000               0.2632               0.0000               0.0000               0.0000               0.0000               1.0000
====== P^(AO) std gaussian m_l ordering SPS =====

                  [Col  1]              [Col  2]              [Col  3]              [Col  4]              [Col  5]              [Col  6]              [Col  7]              [Col  8]              [Col  9]              [Col 10]
[Row   1]               1.9999               0.4719               0.0000               0.0000              -0.0054               0.0001               0.0921               0.0000               0.0000               0.1508
[Row   2]               0.4719               1.9764               0.0000               0.0000               0.0704               0.0921               0.8772              -0.0000              -0.0000               0.9294
[Row   3]               0.0000               0.0000               1.2632               0.0000               0.0000               0.0000               0.0000               1.2632               0.0000               0.0000
[Row   4]               0.0000               0.0000               0.0000               1.2632               0.0000              -0.0000               0.0000              -0.0000               1.2632              -0.0000
[Row   5]              -0.0054               0.0704               0.0000               0.0000               1.7894              -0.1508              -0.9294              -0.0000              -0.0000              -0.8586
[Row   6]               0.0001               0.0921               0.0000              -0.0000              -0.1508               1.9999               0.4719              -0.0000              -0.0000               0.0054
[Row   7]               0.0921               0.8772               0.0000               0.0000              -0.9294               0.4719               1.9764               0.0000              -0.0000              -0.0704
[Row   8]               0.0000              -0.0000               1.2632              -0.0000              -0.0000              -0.0000               0.0000               1.2632              -0.0000               0.0000
[Row   9]               0.0000              -0.0000               0.0000               1.2632              -0.0000              -0.0000              -0.0000              -0.0000               1.2632               0.0000
[Row  10]               0.1508               0.9294               0.0000              -0.0000              -0.8586               0.0054              -0.0704               0.0000               0.0000               1.7894
====== S^(AO) std gaussian m_l ordering =====

                  [Col  1]              [Col  2]              [Col  3]              [Col  4]              [Col  5]              [Col  6]              [Col  7]              [Col  8]              [Col  9]              [Col 10]
[Row   1]               1.0000               0.2350               0.0000               0.0000               0.0000               0.0000               0.0469               0.0000               0.0000               0.0781
[Row   2]               0.2350               1.0000               0.0000               0.0000               0.0000               0.0469               0.4268               0.0000               0.0000               0.4295
[Row   3]               0.0000               0.0000               1.0000               0.0000               0.0000               0.0000               0.0000               0.2632               0.0000               0.0000
[Row   4]               0.0000               0.0000               0.0000               1.0000               0.0000               0.0000               0.0000               0.0000               0.2632               0.0000
[Row   5]               0.0000               0.0000               0.0000               0.0000               1.0000              -0.0781              -0.4295               0.0000               0.0000              -0.3240
[Row   6]               0.0000               0.0469               0.0000               0.0000              -0.0781               1.0000               0.2350               0.0000               0.0000               0.0000
[Row   7]               0.0469               0.4268               0.0000               0.0000              -0.4295               0.2350               1.0000               0.0000               0.0000               0.0000
[Row   8]               0.0000               0.0000               0.2632               0.0000               0.0000               0.0000               0.0000               1.0000               0.0000               0.0000
[Row   9]               0.0000               0.0000               0.0000               0.2632               0.0000               0.0000               0.0000               0.0000               1.0000               0.0000
[Row  10]               0.0781               0.4295               0.0000               0.0000              -0.3240               0.0000               0.0000               0.0000               0.0000               1.0000
