molecule mol38.xyz
System:, atNum: 6 coords [              0.0000               0.0000               0.0000]
System:, atNum: 8 coords [              0.0000               0.0000               2.2273]
System:, atNum: 8 coords [              0.0000               0.0000              -2.2273]
===== Original AO-S matrix =====

                  [Col  1]              [Col  2]              [Col  3]              [Col  4]              [Col  5]              [Col  6]              [Col  7]              [Col  8]              [Col  9]              [Col 10]
[Row   1]               1.0000               0.2484               0.0000               0.0000               0.0000               0.0000               0.0405              -0.0675               0.0000               0.0000
[Row   2]               0.2484               1.0000               0.0000               0.0000               0.0000               0.0398               0.3825              -0.3321               0.0000               0.0000
[Row   3]               0.0000               0.0000               1.0000               0.0000               0.0000               0.0672               0.4586              -0.3133               0.0000               0.0000
[Row   4]               0.0000               0.0000               0.0000               1.0000               0.0000               0.0000               0.0000               0.0000               0.2256               0.0000
[Row   5]               0.0000               0.0000               0.0000               0.0000               1.0000               0.0000               0.0000               0.0000               0.0000               0.2256
[Row   6]               0.0000               0.0398               0.0672               0.0000               0.0000               1.0000               0.2367              -0.0000               0.0000               0.0000
[Row   7]               0.0405               0.3825               0.4586               0.0000               0.0000               0.2367               1.0000               0.0000               0.0000               0.0000
[Row   8]              -0.0675              -0.3321              -0.3133               0.0000               0.0000              -0.0000               0.0000               1.0000               0.0000               0.0000
[Row   9]               0.0000               0.0000               0.0000               0.2256               0.0000               0.0000               0.0000               0.0000               1.0000               0.0000
[Row  10]               0.0000               0.0000               0.0000               0.0000               0.2256               0.0000               0.0000               0.0000               0.0000               1.0000
[Row  11]               0.0000               0.0398              -0.0672               0.0000               0.0000               0.0000               0.0001              -0.0003               0.0000               0.0000
[Row  12]               0.0405               0.3825              -0.4586               0.0000               0.0000               0.0001               0.0127              -0.0217               0.0000               0.0000
[Row  13]               0.0675               0.3321              -0.3133               0.0000               0.0000               0.0003               0.0217              -0.0349               0.0000               0.0000
[Row  14]               0.0000               0.0000               0.0000               0.2256               0.0000               0.0000               0.0000               0.0000               0.0047               0.0000
[Row  15]               0.0000               0.0000               0.0000               0.0000               0.2256               0.0000               0.0000               0.0000               0.0000               0.0047
                  [Col 11]              [Col 12]              [Col 13]              [Col 14]              [Col 15]
[Row   1]               0.0000               0.0405               0.0675               0.0000               0.0000
[Row   2]               0.0398               0.3825               0.3321               0.0000               0.0000
[Row   3]              -0.0672              -0.4586              -0.3133               0.0000               0.0000
[Row   4]               0.0000               0.0000               0.0000               0.2256               0.0000
[Row   5]               0.0000               0.0000               0.0000               0.0000               0.2256
[Row   6]               0.0000               0.0001               0.0003               0.0000               0.0000
[Row   7]               0.0001               0.0127               0.0217               0.0000               0.0000
[Row   8]              -0.0003              -0.0217              -0.0349               0.0000               0.0000
[Row   9]               0.0000               0.0000               0.0000               0.0047               0.0000
[Row  10]               0.0000               0.0000               0.0000               0.0000               0.0047
[Row  11]               1.0000               0.2367               0.0000               0.0000               0.0000
[Row  12]               0.2367               1.0000              -0.0000               0.0000               0.0000
[Row  13]               0.0000              -0.0000               1.0000               0.0000               0.0000
[Row  14]               0.0000               0.0000               0.0000               1.0000               0.0000
[Row  15]               0.0000               0.0000               0.0000               0.0000               1.0000
nbas 15
 ===== CA ===== 

                  [Col  1]              [Col  2]              [Col  3]              [Col  4]              [Col  5]              [Col  6]              [Col  7]              [Col  8]              [Col  9]              [Col 10]
[Row   1]              -0.0000              -0.0006               0.9933               0.1639               0.0000               0.1621              -0.0000              -0.0000               0.0000              -0.0000
[Row   2]               0.0000               0.0100               0.0274              -0.3481              -0.0000              -0.5493               0.0000               0.0000              -0.0000              -0.0000
[Row   3]               0.0114              -0.0000               0.0000              -0.0000               0.3104              -0.0000               0.0000              -0.0000               0.4454               0.0000
[Row   4]               0.0000              -0.0000              -0.0000              -0.0000               0.0000               0.0000               0.5577               0.0145              -0.0000              -0.0000
[Row   5]               0.0000               0.0000              -0.0000              -0.0000               0.0000               0.0000              -0.0145               0.5577               0.0000              -0.0000
[Row   6]              -0.7029              -0.7031              -0.0001               0.1486              -0.1612              -0.1091               0.0000               0.0000               0.0825               0.0000
[Row   7]              -0.0202              -0.0181              -0.0045              -0.5187               0.5395               0.5241              -0.0000              -0.0000              -0.4538              -0.0000
[Row   8]               0.0053               0.0040               0.0004               0.1443              -0.1156               0.4087              -0.0000              -0.0000              -0.4986              -0.0000
[Row   9]              -0.0000               0.0000              -0.0000              -0.0000              -0.0000               0.0000               0.4733               0.0123              -0.0000               0.0005
[Row  10]               0.0000               0.0000               0.0000               0.0000              -0.0000               0.0000              -0.0123               0.4733               0.0000               0.7088
[Row  11]               0.7029              -0.7031              -0.0001               0.1486               0.1612              -0.1091               0.0000               0.0000              -0.0825              -0.0000
[Row  12]               0.0202              -0.0181              -0.0045              -0.5187              -0.5395               0.5241              -0.0000              -0.0000               0.4538               0.0000
[Row  13]               0.0053              -0.0040              -0.0004              -0.1443              -0.1156              -0.4087              -0.0000               0.0000              -0.4986               0.0000
[Row  14]               0.0000               0.0000              -0.0000              -0.0000              -0.0000               0.0000               0.4733               0.0123               0.0000              -0.0005
[Row  15]              -0.0000              -0.0000              -0.0000              -0.0000               0.0000               0.0000              -0.0123               0.4733               0.0000              -0.7088
                  [Col 11]              [Col 12]              [Col 13]              [Col 14]              [Col 15]
[Row   1]               0.0000              -0.0000              -0.0000               0.1970               0.0000
[Row   2]              -0.0000               0.0000               0.0000              -1.3013              -0.0000
[Row   3]               0.0000              -0.0000              -0.0000              -0.0000               1.5932
[Row   4]              -0.0000               0.0420               0.8942               0.0000              -0.0000
[Row   5]               0.0000               0.8942              -0.0420               0.0000               0.0000
[Row   6]               0.0000               0.0000               0.0000              -0.0792               0.0969
[Row   7]              -0.0000              -0.0000              -0.0000               0.5284              -0.8373
[Row   8]              -0.0000               0.0000               0.0000              -0.7015               0.7584
[Row   9]               0.7088              -0.0269              -0.5735              -0.0000               0.0000
[Row  10]              -0.0005              -0.5735               0.0269              -0.0000              -0.0000
[Row  11]              -0.0000               0.0000              -0.0000              -0.0792              -0.0969
[Row  12]               0.0000              -0.0000              -0.0000               0.5284               0.8373
[Row  13]              -0.0000              -0.0000              -0.0000               0.7015               0.7584
[Row  14]              -0.7088              -0.0269              -0.5735              -0.0000               0.0000
[Row  15]               0.0005              -0.5735               0.0269              -0.0000              -0.0000
 ===== CB ===== 

                  [Col  1]              [Col  2]              [Col  3]              [Col  4]              [Col  5]              [Col  6]              [Col  7]              [Col  8]              [Col  9]              [Col 10]
[Row   1]              -0.0000              -0.0006               0.9933               0.1639               0.0000               0.1621              -0.0000              -0.0000               0.0000              -0.0000
[Row   2]               0.0000               0.0100               0.0274              -0.3481              -0.0000              -0.5493               0.0000               0.0000              -0.0000              -0.0000
[Row   3]               0.0114              -0.0000               0.0000              -0.0000               0.3104              -0.0000               0.0000              -0.0000               0.4454               0.0000
[Row   4]               0.0000              -0.0000              -0.0000              -0.0000               0.0000               0.0000               0.5577               0.0145              -0.0000              -0.0000
[Row   5]               0.0000               0.0000              -0.0000              -0.0000               0.0000               0.0000              -0.0145               0.5577               0.0000              -0.0000
[Row   6]              -0.7029              -0.7031              -0.0001               0.1486              -0.1612              -0.1091               0.0000               0.0000               0.0825               0.0000
[Row   7]              -0.0202              -0.0181              -0.0045              -0.5187               0.5395               0.5241              -0.0000              -0.0000              -0.4538              -0.0000
[Row   8]               0.0053               0.0040               0.0004               0.1443              -0.1156               0.4087              -0.0000              -0.0000              -0.4986              -0.0000
[Row   9]              -0.0000               0.0000              -0.0000              -0.0000              -0.0000               0.0000               0.4733               0.0123              -0.0000               0.0005
[Row  10]               0.0000               0.0000               0.0000               0.0000              -0.0000               0.0000              -0.0123               0.4733               0.0000               0.7088
[Row  11]               0.7029              -0.7031              -0.0001               0.1486               0.1612              -0.1091               0.0000               0.0000              -0.0825              -0.0000
[Row  12]               0.0202              -0.0181              -0.0045              -0.5187              -0.5395               0.5241              -0.0000              -0.0000               0.4538               0.0000
[Row  13]               0.0053              -0.0040              -0.0004              -0.1443              -0.1156              -0.4087              -0.0000               0.0000              -0.4986               0.0000
[Row  14]               0.0000               0.0000              -0.0000              -0.0000              -0.0000               0.0000               0.4733               0.0123               0.0000              -0.0005
[Row  15]              -0.0000              -0.0000              -0.0000              -0.0000               0.0000               0.0000              -0.0123               0.4733               0.0000              -0.7088
                  [Col 11]              [Col 12]              [Col 13]              [Col 14]              [Col 15]
[Row   1]               0.0000              -0.0000              -0.0000               0.1970               0.0000
[Row   2]              -0.0000               0.0000               0.0000              -1.3013              -0.0000
[Row   3]               0.0000              -0.0000              -0.0000              -0.0000               1.5932
[Row   4]              -0.0000               0.0420               0.8942               0.0000              -0.0000
[Row   5]               0.0000               0.8942              -0.0420               0.0000               0.0000
[Row   6]               0.0000               0.0000               0.0000              -0.0792               0.0969
[Row   7]              -0.0000              -0.0000              -0.0000               0.5284              -0.8373
[Row   8]              -0.0000               0.0000               0.0000              -0.7015               0.7584
[Row   9]               0.7088              -0.0269              -0.5735              -0.0000               0.0000
[Row  10]              -0.0005              -0.5735               0.0269              -0.0000              -0.0000
[Row  11]              -0.0000               0.0000              -0.0000              -0.0792              -0.0969
[Row  12]               0.0000              -0.0000              -0.0000               0.5284               0.8373
[Row  13]              -0.0000              -0.0000              -0.0000               0.7015               0.7584
[Row  14]              -0.7088              -0.0269              -0.5735              -0.0000               0.0000
[Row  15]               0.0005              -0.5735               0.0269              -0.0000              -0.0000
 ===== P_psi ===== Dalpha+Dbeta 

                  [Col  1]              [Col  2]              [Col  3]              [Col  4]              [Col  5]              [Col  6]              [Col  7]              [Col  8]              [Col  9]              [Col 10]
[Row   1]               2.0797              -0.2377               0.0000              -0.0000              -0.0000               0.0139              -0.0091               0.1805              -0.0000               0.0000
[Row   2]              -0.2377               0.8474              -0.0000              -0.0000               0.0000               0.0024              -0.2152              -0.5493               0.0000              -0.0000
[Row   3]               0.0000              -0.0000               0.5898               0.0000               0.0000              -0.0427              -0.0697              -0.5158              -0.0000               0.0000
[Row   4]              -0.0000              -0.0000               0.0000               0.6225               0.0000              -0.0000               0.0000              -0.0000               0.5283              -0.0000
[Row   5]              -0.0000               0.0000               0.0000               0.0000               0.6225              -0.0000               0.0000              -0.0000              -0.0000               0.5283
[Row   6]               0.0139               0.0024              -0.0427              -0.0000              -0.0000               2.1104              -0.4635              -0.1042               0.0000              -0.0000
[Row   7]              -0.0091              -0.2152              -0.0697               0.0000               0.0000              -0.4635               2.0831               0.6060              -0.0000               0.0000
[Row   8]               0.1805              -0.5493              -0.5158              -0.0000              -0.0000              -0.1042               0.6060               0.8997              -0.0000               0.0000
[Row   9]              -0.0000               0.0000              -0.0000               0.5283              -0.0000               0.0000              -0.0000              -0.0000               1.4530               0.0000
[Row  10]               0.0000              -0.0000               0.0000              -0.0000               0.5283              -0.0000               0.0000               0.0000               0.0000               1.4530
[Row  11]               0.0139               0.0024               0.0427               0.0000              -0.0000               0.0027              -0.0227               0.0005              -0.0000               0.0000
[Row  12]              -0.0091              -0.2152               0.0697              -0.0000               0.0000              -0.0227               0.0933              -0.0490               0.0000               0.0000
[Row  13]              -0.1805               0.5493              -0.5158               0.0000               0.0000              -0.0005               0.0490               0.1482              -0.0000               0.0000
[Row  14]               0.0000              -0.0000              -0.0000               0.5283               0.0000              -0.0000               0.0000               0.0000              -0.5563              -0.0000
[Row  15]              -0.0000               0.0000              -0.0000               0.0000               0.5283               0.0000              -0.0000               0.0000               0.0000              -0.5563
                  [Col 11]              [Col 12]              [Col 13]              [Col 14]              [Col 15]
[Row   1]               0.0139              -0.0091              -0.1805               0.0000              -0.0000
[Row   2]               0.0024              -0.2152               0.5493              -0.0000               0.0000
[Row   3]               0.0427               0.0697              -0.5158              -0.0000              -0.0000
[Row   4]               0.0000              -0.0000               0.0000               0.5283               0.0000
[Row   5]              -0.0000               0.0000               0.0000               0.0000               0.5283
[Row   6]               0.0027              -0.0227              -0.0005              -0.0000               0.0000
[Row   7]              -0.0227               0.0933               0.0490               0.0000              -0.0000
[Row   8]               0.0005              -0.0490               0.1482               0.0000               0.0000
[Row   9]              -0.0000               0.0000              -0.0000              -0.5563               0.0000
[Row  10]               0.0000               0.0000               0.0000              -0.0000              -0.5563
[Row  11]               2.1104              -0.4635               0.1042              -0.0000               0.0000
[Row  12]              -0.4635               2.0831              -0.6060               0.0000              -0.0000
[Row  13]               0.1042              -0.6060               0.8997               0.0000              -0.0000
[Row  14]              -0.0000               0.0000               0.0000               1.4530              -0.0000
[Row  15]               0.0000              -0.0000              -0.0000              -0.0000               1.4530
===== P_mu,nu local =====

                  [Col  1]              [Col  2]              [Col  3]              [Col  4]              [Col  5]              [Col  6]              [Col  7]              [Col  8]              [Col  9]              [Col 10]
[Row   1]               2.0797              -0.2377               0.0000              -0.0000              -0.0000               0.0139              -0.0091               0.1805              -0.0000               0.0000
[Row   2]              -0.2377               0.8474              -0.0000              -0.0000               0.0000               0.0024              -0.2152              -0.5493               0.0000              -0.0000
[Row   3]               0.0000              -0.0000               0.5898               0.0000               0.0000              -0.0427              -0.0697              -0.5158              -0.0000               0.0000
[Row   4]              -0.0000              -0.0000               0.0000               0.6225               0.0000              -0.0000               0.0000              -0.0000               0.5283              -0.0000
[Row   5]              -0.0000               0.0000               0.0000               0.0000               0.6225              -0.0000               0.0000              -0.0000              -0.0000               0.5283
[Row   6]               0.0139               0.0024              -0.0427              -0.0000              -0.0000               2.1104              -0.4635              -0.1042               0.0000              -0.0000
[Row   7]              -0.0091              -0.2152              -0.0697               0.0000               0.0000              -0.4635               2.0831               0.6060              -0.0000               0.0000
[Row   8]               0.1805              -0.5493              -0.5158              -0.0000              -0.0000              -0.1042               0.6060               0.8997              -0.0000               0.0000
[Row   9]              -0.0000               0.0000              -0.0000               0.5283              -0.0000               0.0000              -0.0000              -0.0000               1.4530               0.0000
[Row  10]               0.0000              -0.0000               0.0000              -0.0000               0.5283              -0.0000               0.0000               0.0000               0.0000               1.4530
[Row  11]               0.0139               0.0024               0.0427               0.0000              -0.0000               0.0027              -0.0227               0.0005              -0.0000               0.0000
[Row  12]              -0.0091              -0.2152               0.0697              -0.0000               0.0000              -0.0227               0.0933              -0.0490               0.0000               0.0000
[Row  13]              -0.1805               0.5493              -0.5158               0.0000               0.0000              -0.0005               0.0490               0.1482              -0.0000               0.0000
[Row  14]               0.0000              -0.0000              -0.0000               0.5283               0.0000              -0.0000               0.0000               0.0000              -0.5563              -0.0000
[Row  15]              -0.0000               0.0000              -0.0000               0.0000               0.5283               0.0000              -0.0000               0.0000               0.0000              -0.5563
                  [Col 11]              [Col 12]              [Col 13]              [Col 14]              [Col 15]
[Row   1]               0.0139              -0.0091              -0.1805               0.0000              -0.0000
[Row   2]               0.0024              -0.2152               0.5493              -0.0000               0.0000
[Row   3]               0.0427               0.0697              -0.5158              -0.0000              -0.0000
[Row   4]               0.0000              -0.0000               0.0000               0.5283               0.0000
[Row   5]              -0.0000               0.0000               0.0000               0.0000               0.5283
[Row   6]               0.0027              -0.0227              -0.0005              -0.0000               0.0000
[Row   7]              -0.0227               0.0933               0.0490               0.0000              -0.0000
[Row   8]               0.0005              -0.0490               0.1482               0.0000               0.0000
[Row   9]              -0.0000               0.0000              -0.0000              -0.5563               0.0000
[Row  10]               0.0000               0.0000               0.0000              -0.0000              -0.5563
[Row  11]               2.1104              -0.4635               0.1042              -0.0000               0.0000
[Row  12]              -0.4635               2.0831              -0.6060               0.0000              -0.0000
[Row  13]               0.1042              -0.6060               0.8997               0.0000              -0.0000
[Row  14]              -0.0000               0.0000               0.0000               1.4530              -0.0000
[Row  15]               0.0000              -0.0000              -0.0000              -0.0000               1.4530
===== P_mu,nu psi4 =====

                  [Col  1]              [Col  2]              [Col  3]              [Col  4]              [Col  5]              [Col  6]              [Col  7]              [Col  8]              [Col  9]              [Col 10]
[Row   1]               2.0797              -0.2377               0.0000              -0.0000              -0.0000               0.0139              -0.0091               0.1805              -0.0000               0.0000
[Row   2]              -0.2377               0.8474              -0.0000              -0.0000               0.0000               0.0024              -0.2152              -0.5493               0.0000              -0.0000
[Row   3]               0.0000              -0.0000               0.5898               0.0000               0.0000              -0.0427              -0.0697              -0.5158              -0.0000               0.0000
[Row   4]              -0.0000              -0.0000               0.0000               0.6225               0.0000              -0.0000               0.0000              -0.0000               0.5283              -0.0000
[Row   5]              -0.0000               0.0000               0.0000               0.0000               0.6225              -0.0000               0.0000              -0.0000              -0.0000               0.5283
[Row   6]               0.0139               0.0024              -0.0427              -0.0000              -0.0000               2.1104              -0.4635              -0.1042               0.0000              -0.0000
[Row   7]              -0.0091              -0.2152              -0.0697               0.0000               0.0000              -0.4635               2.0831               0.6060              -0.0000               0.0000
[Row   8]               0.1805              -0.5493              -0.5158              -0.0000              -0.0000              -0.1042               0.6060               0.8997              -0.0000               0.0000
[Row   9]              -0.0000               0.0000              -0.0000               0.5283              -0.0000               0.0000              -0.0000              -0.0000               1.4530               0.0000
[Row  10]               0.0000              -0.0000               0.0000              -0.0000               0.5283              -0.0000               0.0000               0.0000               0.0000               1.4530
[Row  11]               0.0139               0.0024               0.0427               0.0000              -0.0000               0.0027              -0.0227               0.0005              -0.0000               0.0000
[Row  12]              -0.0091              -0.2152               0.0697              -0.0000               0.0000              -0.0227               0.0933              -0.0490               0.0000               0.0000
[Row  13]              -0.1805               0.5493              -0.5158               0.0000               0.0000              -0.0005               0.0490               0.1482              -0.0000               0.0000
[Row  14]               0.0000              -0.0000              -0.0000               0.5283               0.0000              -0.0000               0.0000               0.0000              -0.5563              -0.0000
[Row  15]              -0.0000               0.0000              -0.0000               0.0000               0.5283               0.0000              -0.0000               0.0000               0.0000              -0.5563
                  [Col 11]              [Col 12]              [Col 13]              [Col 14]              [Col 15]
[Row   1]               0.0139              -0.0091              -0.1805               0.0000              -0.0000
[Row   2]               0.0024              -0.2152               0.5493              -0.0000               0.0000
[Row   3]               0.0427               0.0697              -0.5158              -0.0000              -0.0000
[Row   4]               0.0000              -0.0000               0.0000               0.5283               0.0000
[Row   5]              -0.0000               0.0000               0.0000               0.0000               0.5283
[Row   6]               0.0027              -0.0227              -0.0005              -0.0000               0.0000
[Row   7]              -0.0227               0.0933               0.0490               0.0000              -0.0000
[Row   8]               0.0005              -0.0490               0.1482               0.0000               0.0000
[Row   9]              -0.0000               0.0000              -0.0000              -0.5563               0.0000
[Row  10]               0.0000               0.0000               0.0000              -0.0000              -0.5563
[Row  11]               2.1104              -0.4635               0.1042              -0.0000               0.0000
[Row  12]              -0.4635               2.0831              -0.6060               0.0000              -0.0000
[Row  13]               0.1042              -0.6060               0.8997               0.0000              -0.0000
[Row  14]              -0.0000               0.0000               0.0000               1.4530              -0.0000
[Row  15]               0.0000              -0.0000              -0.0000              -0.0000               1.4530
====== P^(AO) = SPS =====

                  [Col  1]              [Col  2]              [Col  3]              [Col  4]              [Col  5]              [Col  6]              [Col  7]              [Col  8]              [Col  9]              [Col 10]
[Row   1]               1.9997               0.5055               0.0000              -0.0000              -0.0000               0.0001               0.0800              -0.1278              -0.0000               0.0000
[Row   2]               0.5055               1.6981              -0.0000               0.0000               0.0000               0.0752               0.7975              -0.9117               0.0000              -0.0000
[Row   3]               0.0000              -0.0000               1.7364               0.0000               0.0000               0.1300               0.9583              -0.7824              -0.0000              -0.0000
[Row   4]              -0.0000               0.0000               0.0000               1.1904               0.0000              -0.0000               0.0000               0.0000               0.9281              -0.0000
[Row   5]              -0.0000               0.0000               0.0000               0.0000               1.1904              -0.0000               0.0000              -0.0000              -0.0000               0.9281
[Row   6]               0.0001               0.0752               0.1300              -0.0000              -0.0000               1.9999               0.4746              -0.0062               0.0000              -0.0000
[Row   7]               0.0800               0.7975               0.9583               0.0000               0.0000               0.4746               1.9901               0.0510              -0.0000               0.0000
[Row   8]              -0.1278              -0.9117              -0.7824               0.0000              -0.0000              -0.0062               0.0510               1.7048              -0.0000               0.0000
[Row   9]              -0.0000               0.0000              -0.0000               0.9281              -0.0000               0.0000              -0.0000              -0.0000               1.7190               0.0000
[Row  10]               0.0000              -0.0000              -0.0000              -0.0000               0.9281              -0.0000               0.0000               0.0000               0.0000               1.7190
[Row  11]               0.0001               0.0752              -0.1300               0.0000              -0.0000               0.0000              -0.0000              -0.0016              -0.0000               0.0000
[Row  12]               0.0800               0.7975              -0.9583              -0.0000               0.0000              -0.0000               0.0283              -0.0411               0.0000               0.0000
[Row  13]               0.1278               0.9117              -0.7824               0.0000              -0.0000               0.0016               0.0411               0.0411              -0.0000               0.0000
[Row  14]               0.0000              -0.0000              -0.0000               0.9281               0.0000              -0.0000               0.0000               0.0000              -0.2717              -0.0000
[Row  15]              -0.0000               0.0000              -0.0000               0.0000               0.9281              -0.0000              -0.0000               0.0000               0.0000              -0.2717
                  [Col 11]              [Col 12]              [Col 13]              [Col 14]              [Col 15]
[Row   1]               0.0001               0.0800               0.1278               0.0000              -0.0000
[Row   2]               0.0752               0.7975               0.9117              -0.0000               0.0000
[Row   3]              -0.1300              -0.9583              -0.7824              -0.0000              -0.0000
[Row   4]               0.0000              -0.0000               0.0000               0.9281               0.0000
[Row   5]              -0.0000               0.0000              -0.0000               0.0000               0.9281
[Row   6]               0.0000              -0.0000               0.0016              -0.0000              -0.0000
[Row   7]              -0.0000               0.0283               0.0411               0.0000              -0.0000
[Row   8]              -0.0016              -0.0411               0.0411               0.0000               0.0000
[Row   9]              -0.0000               0.0000              -0.0000              -0.2717               0.0000
[Row  10]               0.0000               0.0000               0.0000              -0.0000              -0.2717
[Row  11]               1.9999               0.4746               0.0062              -0.0000              -0.0000
[Row  12]               0.4746               1.9901              -0.0510               0.0000              -0.0000
[Row  13]               0.0062              -0.0510               1.7048               0.0000               0.0000
[Row  14]              -0.0000               0.0000               0.0000               1.7190              -0.0000
[Row  15]              -0.0000              -0.0000               0.0000              -0.0000               1.7190
====== S^(AO) = S =====

                  [Col  1]              [Col  2]              [Col  3]              [Col  4]              [Col  5]              [Col  6]              [Col  7]              [Col  8]              [Col  9]              [Col 10]
[Row   1]               1.0000               0.2484               0.0000               0.0000               0.0000               0.0000               0.0405              -0.0675               0.0000               0.0000
[Row   2]               0.2484               1.0000               0.0000               0.0000               0.0000               0.0398               0.3825              -0.3321               0.0000               0.0000
[Row   3]               0.0000               0.0000               1.0000               0.0000               0.0000               0.0672               0.4586              -0.3133               0.0000               0.0000
[Row   4]               0.0000               0.0000               0.0000               1.0000               0.0000               0.0000               0.0000               0.0000               0.2256               0.0000
[Row   5]               0.0000               0.0000               0.0000               0.0000               1.0000               0.0000               0.0000               0.0000               0.0000               0.2256
[Row   6]               0.0000               0.0398               0.0672               0.0000               0.0000               1.0000               0.2367              -0.0000               0.0000               0.0000
[Row   7]               0.0405               0.3825               0.4586               0.0000               0.0000               0.2367               1.0000               0.0000               0.0000               0.0000
[Row   8]              -0.0675              -0.3321              -0.3133               0.0000               0.0000              -0.0000               0.0000               1.0000               0.0000               0.0000
[Row   9]               0.0000               0.0000               0.0000               0.2256               0.0000               0.0000               0.0000               0.0000               1.0000               0.0000
[Row  10]               0.0000               0.0000               0.0000               0.0000               0.2256               0.0000               0.0000               0.0000               0.0000               1.0000
[Row  11]               0.0000               0.0398              -0.0672               0.0000               0.0000               0.0000               0.0001              -0.0003               0.0000               0.0000
[Row  12]               0.0405               0.3825              -0.4586               0.0000               0.0000               0.0001               0.0127              -0.0217               0.0000               0.0000
[Row  13]               0.0675               0.3321              -0.3133               0.0000               0.0000               0.0003               0.0217              -0.0349               0.0000               0.0000
[Row  14]               0.0000               0.0000               0.0000               0.2256               0.0000               0.0000               0.0000               0.0000               0.0047               0.0000
[Row  15]               0.0000               0.0000               0.0000               0.0000               0.2256               0.0000               0.0000               0.0000               0.0000               0.0047
                  [Col 11]              [Col 12]              [Col 13]              [Col 14]              [Col 15]
[Row   1]               0.0000               0.0405               0.0675               0.0000               0.0000
[Row   2]               0.0398               0.3825               0.3321               0.0000               0.0000
[Row   3]              -0.0672              -0.4586              -0.3133               0.0000               0.0000
[Row   4]               0.0000               0.0000               0.0000               0.2256               0.0000
[Row   5]               0.0000               0.0000               0.0000               0.0000               0.2256
[Row   6]               0.0000               0.0001               0.0003               0.0000               0.0000
[Row   7]               0.0001               0.0127               0.0217               0.0000               0.0000
[Row   8]              -0.0003              -0.0217              -0.0349               0.0000               0.0000
[Row   9]               0.0000               0.0000               0.0000               0.0047               0.0000
[Row  10]               0.0000               0.0000               0.0000               0.0000               0.0047
[Row  11]               1.0000               0.2367               0.0000               0.0000               0.0000
[Row  12]               0.2367               1.0000              -0.0000               0.0000               0.0000
[Row  13]               0.0000              -0.0000               1.0000               0.0000               0.0000
[Row  14]               0.0000               0.0000               0.0000               1.0000               0.0000
[Row  15]               0.0000               0.0000               0.0000               0.0000               1.0000
====== P^(AO) std gaussian m_l ordering SPS =====

                  [Col  1]              [Col  2]              [Col  3]              [Col  4]              [Col  5]              [Col  6]              [Col  7]              [Col  8]              [Col  9]              [Col 10]
[Row   1]               1.9997               0.5055              -0.0000              -0.0000               0.0000               0.0001               0.0800              -0.0000               0.0000              -0.1278
[Row   2]               0.5055               1.6981               0.0000               0.0000              -0.0000               0.0752               0.7975               0.0000              -0.0000              -0.9117
[Row   3]              -0.0000               0.0000               1.1904               0.0000               0.0000              -0.0000               0.0000               0.9281              -0.0000               0.0000
[Row   4]              -0.0000               0.0000               0.0000               1.1904               0.0000              -0.0000               0.0000              -0.0000               0.9281              -0.0000
[Row   5]               0.0000              -0.0000               0.0000               0.0000               1.7364               0.1300               0.9583              -0.0000              -0.0000              -0.7824
[Row   6]               0.0001               0.0752              -0.0000              -0.0000               0.1300               1.9999               0.4746               0.0000              -0.0000              -0.0062
[Row   7]               0.0800               0.7975               0.0000               0.0000               0.9583               0.4746               1.9901              -0.0000               0.0000               0.0510
[Row   8]              -0.0000               0.0000               0.9281              -0.0000              -0.0000               0.0000              -0.0000               1.7190               0.0000              -0.0000
[Row   9]               0.0000              -0.0000              -0.0000               0.9281              -0.0000              -0.0000               0.0000               0.0000               1.7190               0.0000
[Row  10]              -0.1278              -0.9117               0.0000              -0.0000              -0.7824              -0.0062               0.0510              -0.0000               0.0000               1.7048
[Row  11]               0.0001               0.0752               0.0000              -0.0000              -0.1300               0.0000              -0.0000              -0.0000               0.0000              -0.0016
[Row  12]               0.0800               0.7975              -0.0000               0.0000              -0.9583              -0.0000               0.0283               0.0000               0.0000              -0.0411
[Row  13]               0.0000              -0.0000               0.9281               0.0000              -0.0000              -0.0000               0.0000              -0.2717              -0.0000               0.0000
[Row  14]              -0.0000               0.0000               0.0000               0.9281              -0.0000              -0.0000              -0.0000               0.0000              -0.2717               0.0000
[Row  15]               0.1278               0.9117               0.0000              -0.0000              -0.7824               0.0016               0.0411              -0.0000               0.0000               0.0411
                  [Col 11]              [Col 12]              [Col 13]              [Col 14]              [Col 15]
[Row   1]               0.0001               0.0800               0.0000              -0.0000               0.1278
[Row   2]               0.0752               0.7975              -0.0000               0.0000               0.9117
[Row   3]               0.0000              -0.0000               0.9281               0.0000               0.0000
[Row   4]              -0.0000               0.0000               0.0000               0.9281              -0.0000
[Row   5]              -0.1300              -0.9583              -0.0000              -0.0000              -0.7824
[Row   6]               0.0000              -0.0000              -0.0000              -0.0000               0.0016
[Row   7]              -0.0000               0.0283               0.0000              -0.0000               0.0411
[Row   8]              -0.0000               0.0000              -0.2717               0.0000              -0.0000
[Row   9]               0.0000               0.0000              -0.0000              -0.2717               0.0000
[Row  10]              -0.0016              -0.0411               0.0000               0.0000               0.0411
[Row  11]               1.9999               0.4746              -0.0000              -0.0000               0.0062
[Row  12]               0.4746               1.9901               0.0000              -0.0000              -0.0510
[Row  13]              -0.0000               0.0000               1.7190              -0.0000               0.0000
[Row  14]              -0.0000              -0.0000              -0.0000               1.7190               0.0000
[Row  15]               0.0062              -0.0510               0.0000               0.0000               1.7048
====== S^(AO) std gaussian m_l ordering =====

                  [Col  1]              [Col  2]              [Col  3]              [Col  4]              [Col  5]              [Col  6]              [Col  7]              [Col  8]              [Col  9]              [Col 10]
[Row   1]               1.0000               0.2484               0.0000               0.0000               0.0000               0.0000               0.0405               0.0000               0.0000              -0.0675
[Row   2]               0.2484               1.0000               0.0000               0.0000               0.0000               0.0398               0.3825               0.0000               0.0000              -0.3321
[Row   3]               0.0000               0.0000               1.0000               0.0000               0.0000               0.0000               0.0000               0.2256               0.0000               0.0000
[Row   4]               0.0000               0.0000               0.0000               1.0000               0.0000               0.0000               0.0000               0.0000               0.2256               0.0000
[Row   5]               0.0000               0.0000               0.0000               0.0000               1.0000               0.0672               0.4586               0.0000               0.0000              -0.3133
[Row   6]               0.0000               0.0398               0.0000               0.0000               0.0672               1.0000               0.2367               0.0000               0.0000              -0.0000
[Row   7]               0.0405               0.3825               0.0000               0.0000               0.4586               0.2367               1.0000               0.0000               0.0000               0.0000
[Row   8]               0.0000               0.0000               0.2256               0.0000               0.0000               0.0000               0.0000               1.0000               0.0000               0.0000
[Row   9]               0.0000               0.0000               0.0000               0.2256               0.0000               0.0000               0.0000               0.0000               1.0000               0.0000
[Row  10]              -0.0675              -0.3321               0.0000               0.0000              -0.3133              -0.0000               0.0000               0.0000               0.0000               1.0000
[Row  11]               0.0000               0.0398               0.0000               0.0000              -0.0672               0.0000               0.0001               0.0000               0.0000              -0.0003
[Row  12]               0.0405               0.3825               0.0000               0.0000              -0.4586               0.0001               0.0127               0.0000               0.0000              -0.0217
[Row  13]               0.0000               0.0000               0.2256               0.0000               0.0000               0.0000               0.0000               0.0047               0.0000               0.0000
[Row  14]               0.0000               0.0000               0.0000               0.2256               0.0000               0.0000               0.0000               0.0000               0.0047               0.0000
[Row  15]               0.0675               0.3321               0.0000               0.0000              -0.3133               0.0003               0.0217               0.0000               0.0000              -0.0349
                  [Col 11]              [Col 12]              [Col 13]              [Col 14]              [Col 15]
[Row   1]               0.0000               0.0405               0.0000               0.0000               0.0675
[Row   2]               0.0398               0.3825               0.0000               0.0000               0.3321
[Row   3]               0.0000               0.0000               0.2256               0.0000               0.0000
[Row   4]               0.0000               0.0000               0.0000               0.2256               0.0000
[Row   5]              -0.0672              -0.4586               0.0000               0.0000              -0.3133
[Row   6]               0.0000               0.0001               0.0000               0.0000               0.0003
[Row   7]               0.0001               0.0127               0.0000               0.0000               0.0217
[Row   8]               0.0000               0.0000               0.0047               0.0000               0.0000
[Row   9]               0.0000               0.0000               0.0000               0.0047               0.0000
[Row  10]              -0.0003              -0.0217               0.0000               0.0000              -0.0349
[Row  11]               1.0000               0.2367               0.0000               0.0000               0.0000
[Row  12]               0.2367               1.0000               0.0000               0.0000              -0.0000
[Row  13]               0.0000               0.0000               1.0000               0.0000               0.0000
[Row  14]               0.0000               0.0000               0.0000               1.0000               0.0000
[Row  15]               0.0000              -0.0000               0.0000               0.0000               1.0000
