molecule mol31.xyz
System:, atNum: 6 coords [             -0.0891               1.2555               0.0000]
System:, atNum: 8 coords [             -0.0891              -1.4335               0.0000]
System:, atNum: 1 coords [             -2.0655               1.8326               0.0000]
System:, atNum: 1 coords [              1.6602              -1.9813               0.0000]
System:, atNum: 1 coords [              0.8261               2.0416               1.6852]
System:, atNum: 1 coords [              0.8261               2.0416              -1.6852]
===== Original AO-S matrix =====

                  [Col  1]              [Col  2]              [Col  3]              [Col  4]              [Col  5]              [Col  6]              [Col  7]              [Col  8]              [Col  9]              [Col 10]
[Row   1]               1.0000               0.2484               0.0000              -0.0000              -0.0000               0.0000               0.0175               0.0000               0.0000               0.0315
[Row   2]               0.2484               1.0000               0.0000               0.0000              -0.0000               0.0223               0.2582               0.0000               0.0000               0.2529
[Row   3]               0.0000               0.0000               1.0000               0.0000               0.0000               0.0000               0.0000               0.1345               0.0000               0.0000
[Row   4]              -0.0000               0.0000               0.0000               1.0000               0.0000               0.0000               0.0000               0.0000               0.1345               0.0000
[Row   5]              -0.0000              -0.0000               0.0000               0.0000               1.0000              -0.0371              -0.3408               0.0000              -0.0000              -0.2862
[Row   6]               0.0000               0.0223               0.0000               0.0000              -0.0371               1.0000               0.2367               0.0000               0.0000               0.0000
[Row   7]               0.0175               0.2582               0.0000               0.0000              -0.3408               0.2367               1.0000               0.0000              -0.0000              -0.0000
[Row   8]               0.0000               0.0000               0.1345               0.0000               0.0000               0.0000               0.0000               1.0000               0.0000               0.0000
[Row   9]               0.0000               0.0000               0.0000               0.1345              -0.0000               0.0000              -0.0000               0.0000               1.0000               0.0000
[Row  10]               0.0315               0.2529               0.0000               0.0000              -0.2862               0.0000              -0.0000               0.0000               0.0000               1.0000
[Row  11]               0.0623               0.4910               0.0000              -0.4487               0.1310               0.0047               0.0728               0.0000              -0.0420               0.0693
[Row  12]               0.0090               0.1407               0.0000               0.0821              -0.1519               0.0524               0.4664               0.0000               0.3712              -0.1163
[Row  13]               0.0613               0.4869               0.3781               0.2053               0.1764               0.0039               0.0616               0.0296               0.0161               0.0611
[Row  14]               0.0613               0.4869              -0.3781               0.2053               0.1764               0.0039               0.0616              -0.0296               0.0161               0.0611
                  [Col 11]              [Col 12]              [Col 13]              [Col 14]
[Row   1]               0.0623               0.0090               0.0613               0.0613
[Row   2]               0.4910               0.1407               0.4869               0.4869
[Row   3]               0.0000               0.0000               0.3781              -0.3781
[Row   4]              -0.4487               0.0821               0.2053               0.2053
[Row   5]               0.1310              -0.1519               0.1764               0.1764
[Row   6]               0.0047               0.0524               0.0039               0.0039
[Row   7]               0.0728               0.4664               0.0616               0.0616
[Row   8]               0.0000               0.0000               0.0296              -0.0296
[Row   9]              -0.0420               0.3712               0.0161               0.0161
[Row  10]               0.0693              -0.1163               0.0611               0.0611
[Row  11]               1.0000               0.0264               0.1707               0.1707
[Row  12]               0.0264               1.0000               0.0653               0.0653
[Row  13]               0.1707               0.0653               1.0000               0.1683
[Row  14]               0.1707               0.0653               0.1683               1.0000
nbas 14
 ===== CA ===== 

                  [Col  1]              [Col  2]              [Col  3]              [Col  4]              [Col  5]              [Col  6]              [Col  7]              [Col  8]              [Col  9]              [Col 10]
[Row   1]              -0.0005               0.9922               0.0826               0.2038               0.0090               0.0000               0.0113               0.0194               0.0000               0.0410
[Row   2]               0.0043               0.0362              -0.2097              -0.6081              -0.0078              -0.0000              -0.0767              -0.0804              -0.0000              -0.1614
[Row   3]               0.0000              -0.0000              -0.0000              -0.0000              -0.0000               0.5382              -0.0000               0.0000               0.1854              -0.0000
[Row   4]              -0.0001              -0.0003              -0.0066               0.0103              -0.3614              -0.0000              -0.3958               0.2260               0.0000               0.0574
[Row   5]              -0.0040               0.0008               0.0988              -0.0992              -0.2423               0.0000               0.3810               0.2452               0.0000               0.7640
[Row   6]              -0.9942               0.0004               0.2244              -0.0716              -0.0442              -0.0000              -0.0147              -0.0849              -0.0000              -0.1269
[Row   7]              -0.0260              -0.0044              -0.8040               0.2980               0.2171               0.0000               0.0681               0.4456               0.0000               0.8093
[Row   8]               0.0000               0.0000               0.0000              -0.0000              -0.0000               0.3737              -0.0000               0.0000              -0.9212               0.0000
[Row   9]              -0.0034               0.0003              -0.0930               0.0820              -0.4285               0.0000               0.0475              -0.5775              -0.0000               0.5581
[Row  10]              -0.0022              -0.0029              -0.0708              -0.1721               0.1932              -0.0000              -0.4685              -0.4028              -0.0000               0.4095
[Row  11]              -0.0003              -0.0070              -0.0266              -0.1972               0.1894               0.0000               0.4178              -0.2328              -0.0000              -0.0007
[Row  12]               0.0060              -0.0010              -0.1487               0.1558              -0.3469               0.0000               0.2306              -0.2858              -0.0000              -0.7663
[Row  13]              -0.0003              -0.0069              -0.0259              -0.1949              -0.2030               0.3561              -0.0479               0.1967               0.2657              -0.1497
[Row  14]              -0.0003              -0.0069              -0.0259              -0.1949              -0.2030              -0.3561              -0.0479               0.1967              -0.2657              -0.1497
                  [Col 11]              [Col 12]              [Col 13]              [Col 14]
[Row   1]               0.0596              -0.0000               0.1935               0.1379
[Row   2]              -0.3178               0.0000              -1.2388              -0.8236
[Row   3]              -0.0000               1.1077               0.0000              -0.0000
[Row   4]              -0.8515              -0.0000              -0.1900               0.6721
[Row   5]               0.3879               0.0000              -0.5601               0.3211
[Row   6]              -0.0012               0.0000              -0.0315              -0.0058
[Row   7]              -0.0142              -0.0000               0.2045               0.0115
[Row   8]               0.0000              -0.1784              -0.0000               0.0000
[Row   9]              -0.2394              -0.0000               0.3100              -0.4862
[Row  10]               0.5327               0.0000              -0.0625               0.5894
[Row  11]              -0.7533              -0.0000               0.5003               0.8637
[Row  12]               0.5031               0.0000              -0.3954               0.5565
[Row  13]               0.3996              -0.8487               0.7903              -0.0198
[Row  14]               0.3996               0.8487               0.7903              -0.0198
 ===== CB ===== 

                  [Col  1]              [Col  2]              [Col  3]              [Col  4]              [Col  5]              [Col  6]              [Col  7]              [Col  8]              [Col  9]              [Col 10]
[Row   1]              -0.0005               0.9922               0.0826               0.2038               0.0090               0.0000               0.0113               0.0194               0.0000               0.0410
[Row   2]               0.0043               0.0362              -0.2097              -0.6081              -0.0078              -0.0000              -0.0767              -0.0804              -0.0000              -0.1614
[Row   3]               0.0000              -0.0000              -0.0000              -0.0000              -0.0000               0.5382              -0.0000               0.0000               0.1854              -0.0000
[Row   4]              -0.0001              -0.0003              -0.0066               0.0103              -0.3614              -0.0000              -0.3958               0.2260               0.0000               0.0574
[Row   5]              -0.0040               0.0008               0.0988              -0.0992              -0.2423               0.0000               0.3810               0.2452               0.0000               0.7640
[Row   6]              -0.9942               0.0004               0.2244              -0.0716              -0.0442              -0.0000              -0.0147              -0.0849              -0.0000              -0.1269
[Row   7]              -0.0260              -0.0044              -0.8040               0.2980               0.2171               0.0000               0.0681               0.4456               0.0000               0.8093
[Row   8]               0.0000               0.0000               0.0000              -0.0000              -0.0000               0.3737              -0.0000               0.0000              -0.9212               0.0000
[Row   9]              -0.0034               0.0003              -0.0930               0.0820              -0.4285               0.0000               0.0475              -0.5775              -0.0000               0.5581
[Row  10]              -0.0022              -0.0029              -0.0708              -0.1721               0.1932              -0.0000              -0.4685              -0.4028              -0.0000               0.4095
[Row  11]              -0.0003              -0.0070              -0.0266              -0.1972               0.1894               0.0000               0.4178              -0.2328              -0.0000              -0.0007
[Row  12]               0.0060              -0.0010              -0.1487               0.1558              -0.3469               0.0000               0.2306              -0.2858              -0.0000              -0.7663
[Row  13]              -0.0003              -0.0069              -0.0259              -0.1949              -0.2030               0.3561              -0.0479               0.1967               0.2657              -0.1497
[Row  14]              -0.0003              -0.0069              -0.0259              -0.1949              -0.2030              -0.3561              -0.0479               0.1967              -0.2657              -0.1497
                  [Col 11]              [Col 12]              [Col 13]              [Col 14]
[Row   1]               0.0596              -0.0000               0.1935               0.1379
[Row   2]              -0.3178               0.0000              -1.2388              -0.8236
[Row   3]              -0.0000               1.1077               0.0000              -0.0000
[Row   4]              -0.8515              -0.0000              -0.1900               0.6721
[Row   5]               0.3879               0.0000              -0.5601               0.3211
[Row   6]              -0.0012               0.0000              -0.0315              -0.0058
[Row   7]              -0.0142              -0.0000               0.2045               0.0115
[Row   8]               0.0000              -0.1784              -0.0000               0.0000
[Row   9]              -0.2394              -0.0000               0.3100              -0.4862
[Row  10]               0.5327               0.0000              -0.0625               0.5894
[Row  11]              -0.7533              -0.0000               0.5003               0.8637
[Row  12]               0.5031               0.0000              -0.3954               0.5565
[Row  13]               0.3996              -0.8487               0.7903              -0.0198
[Row  14]               0.3996               0.8487               0.7903              -0.0198
 ===== P_psi ===== Dalpha+Dbeta 

                  [Col  1]              [Col  2]              [Col  3]              [Col  4]              [Col  5]              [Col  6]              [Col  7]              [Col  8]              [Col  9]              [Col 10]
[Row   1]               2.0666              -0.2156              -0.0000              -0.0041              -0.0087               0.0054               0.0027               0.0000              -0.0103              -0.1103
[Row   2]              -0.2156               0.8551              -0.0000               0.0202              -0.0148               0.0009              -0.1113               0.0000               0.0315               0.3725
[Row   3]              -0.0000              -0.0000               0.6481               0.0000               0.0000              -0.0000               0.0000               0.0608              -0.0000               0.0000
[Row   4]              -0.0041               0.0202               0.0000               0.6769              -0.0190               0.0009               0.0074              -0.0000               0.0140               0.0466
[Row   5]              -0.0087              -0.0148               0.0000              -0.0190               0.5672               0.0351              -0.0526               0.0000              -0.0739              -0.6280
[Row   6]               0.0054               0.0009              -0.0000               0.0009               0.0351               2.1065              -0.4487              -0.0000               0.0878               0.0624
[Row   7]               0.0027              -0.1113               0.0000               0.0074              -0.0526              -0.4487               1.9725              -0.0000              -0.4957              -0.3276
[Row   8]               0.0000               0.0000               0.0608              -0.0000               0.0000              -0.0000              -0.0000               1.9766              -0.0000              -0.0000
[Row   9]              -0.0103               0.0315              -0.0000               0.0140              -0.0739               0.0878              -0.4957              -0.0000               1.0696               0.2402
[Row  10]              -0.1103               0.3725               0.0000               0.0466              -0.6280               0.0624              -0.3276              -0.0000               0.2402               0.9076
[Row  11]              -0.0948               0.2208               0.0000              -0.5765               0.1463               0.0275              -0.1429              -0.0000               0.1189              -0.0591
[Row  12]               0.0248              -0.1112               0.0000              -0.0558               0.1434              -0.0284              -0.0423               0.0000               0.7025              -0.1524
[Row  13]              -0.0944               0.2263               0.4818               0.2698               0.1919               0.0028               0.0062              -0.2234              -0.0849              -0.1212
[Row  14]              -0.0944               0.2263              -0.4818               0.2698               0.1919               0.0028               0.0062               0.2234              -0.0849              -0.1212
                  [Col 11]              [Col 12]              [Col 13]              [Col 14]
[Row   1]              -0.0948               0.0248              -0.0944              -0.0944
[Row   2]               0.2208              -0.1112               0.2263               0.2263
[Row   3]               0.0000               0.0000               0.4818              -0.4818
[Row   4]              -0.5765              -0.0558               0.2698               0.2698
[Row   5]               0.1463               0.1434               0.1919               0.1919
[Row   6]               0.0275              -0.0284               0.0028               0.0028
[Row   7]              -0.1429              -0.0423               0.0062               0.0062
[Row   8]              -0.0000               0.0000              -0.2234               0.2234
[Row   9]               0.1189               0.7025              -0.0849              -0.0849
[Row  10]              -0.0591              -0.1524              -0.1212              -0.1212
[Row  11]               0.6085               0.1409              -0.1302              -0.1302
[Row  12]               0.1409               0.6032              -0.0467              -0.0467
[Row  13]              -0.1302              -0.0467               0.6366              -0.1530
[Row  14]              -0.1302              -0.0467              -0.1530               0.6366
===== P_mu,nu local =====

                  [Col  1]              [Col  2]              [Col  3]              [Col  4]              [Col  5]              [Col  6]              [Col  7]              [Col  8]              [Col  9]              [Col 10]
[Row   1]               2.0666              -0.2156              -0.0000              -0.0041              -0.0087               0.0054               0.0027               0.0000              -0.0103              -0.1103
[Row   2]              -0.2156               0.8551              -0.0000               0.0202              -0.0148               0.0009              -0.1113               0.0000               0.0315               0.3725
[Row   3]              -0.0000              -0.0000               0.6481               0.0000               0.0000              -0.0000               0.0000               0.0608              -0.0000               0.0000
[Row   4]              -0.0041               0.0202               0.0000               0.6769              -0.0190               0.0009               0.0074              -0.0000               0.0140               0.0466
[Row   5]              -0.0087              -0.0148               0.0000              -0.0190               0.5672               0.0351              -0.0526               0.0000              -0.0739              -0.6280
[Row   6]               0.0054               0.0009              -0.0000               0.0009               0.0351               2.1065              -0.4487              -0.0000               0.0878               0.0624
[Row   7]               0.0027              -0.1113               0.0000               0.0074              -0.0526              -0.4487               1.9725              -0.0000              -0.4957              -0.3276
[Row   8]               0.0000               0.0000               0.0608              -0.0000               0.0000              -0.0000              -0.0000               1.9766              -0.0000              -0.0000
[Row   9]              -0.0103               0.0315              -0.0000               0.0140              -0.0739               0.0878              -0.4957              -0.0000               1.0696               0.2402
[Row  10]              -0.1103               0.3725               0.0000               0.0466              -0.6280               0.0624              -0.3276              -0.0000               0.2402               0.9076
[Row  11]              -0.0948               0.2208               0.0000              -0.5765               0.1463               0.0275              -0.1429              -0.0000               0.1189              -0.0591
[Row  12]               0.0248              -0.1112               0.0000              -0.0558               0.1434              -0.0284              -0.0423               0.0000               0.7025              -0.1524
[Row  13]              -0.0944               0.2263               0.4818               0.2698               0.1919               0.0028               0.0062              -0.2234              -0.0849              -0.1212
[Row  14]              -0.0944               0.2263              -0.4818               0.2698               0.1919               0.0028               0.0062               0.2234              -0.0849              -0.1212
                  [Col 11]              [Col 12]              [Col 13]              [Col 14]
[Row   1]              -0.0948               0.0248              -0.0944              -0.0944
[Row   2]               0.2208              -0.1112               0.2263               0.2263
[Row   3]               0.0000               0.0000               0.4818              -0.4818
[Row   4]              -0.5765              -0.0558               0.2698               0.2698
[Row   5]               0.1463               0.1434               0.1919               0.1919
[Row   6]               0.0275              -0.0284               0.0028               0.0028
[Row   7]              -0.1429              -0.0423               0.0062               0.0062
[Row   8]              -0.0000               0.0000              -0.2234               0.2234
[Row   9]               0.1189               0.7025              -0.0849              -0.0849
[Row  10]              -0.0591              -0.1524              -0.1212              -0.1212
[Row  11]               0.6085               0.1409              -0.1302              -0.1302
[Row  12]               0.1409               0.6032              -0.0467              -0.0467
[Row  13]              -0.1302              -0.0467               0.6366              -0.1530
[Row  14]              -0.1302              -0.0467              -0.1530               0.6366
===== P_mu,nu psi4 =====

                  [Col  1]              [Col  2]              [Col  3]              [Col  4]              [Col  5]              [Col  6]              [Col  7]              [Col  8]              [Col  9]              [Col 10]
[Row   1]               2.0666              -0.2156              -0.0000              -0.0041              -0.0087               0.0054               0.0027               0.0000              -0.0103              -0.1103
[Row   2]              -0.2156               0.8551              -0.0000               0.0202              -0.0148               0.0009              -0.1113               0.0000               0.0315               0.3725
[Row   3]              -0.0000              -0.0000               0.6481               0.0000               0.0000              -0.0000               0.0000               0.0608              -0.0000               0.0000
[Row   4]              -0.0041               0.0202               0.0000               0.6769              -0.0190               0.0009               0.0074              -0.0000               0.0140               0.0466
[Row   5]              -0.0087              -0.0148               0.0000              -0.0190               0.5672               0.0351              -0.0526               0.0000              -0.0739              -0.6280
[Row   6]               0.0054               0.0009              -0.0000               0.0009               0.0351               2.1065              -0.4487              -0.0000               0.0878               0.0624
[Row   7]               0.0027              -0.1113               0.0000               0.0074              -0.0526              -0.4487               1.9725              -0.0000              -0.4957              -0.3276
[Row   8]               0.0000               0.0000               0.0608              -0.0000               0.0000              -0.0000              -0.0000               1.9766              -0.0000              -0.0000
[Row   9]              -0.0103               0.0315              -0.0000               0.0140              -0.0739               0.0878              -0.4957              -0.0000               1.0696               0.2402
[Row  10]              -0.1103               0.3725               0.0000               0.0466              -0.6280               0.0624              -0.3276              -0.0000               0.2402               0.9076
[Row  11]              -0.0948               0.2208               0.0000              -0.5765               0.1463               0.0275              -0.1429              -0.0000               0.1189              -0.0591
[Row  12]               0.0248              -0.1112               0.0000              -0.0558               0.1434              -0.0284              -0.0423               0.0000               0.7025              -0.1524
[Row  13]              -0.0944               0.2263               0.4818               0.2698               0.1919               0.0028               0.0062              -0.2234              -0.0849              -0.1212
[Row  14]              -0.0944               0.2263              -0.4818               0.2698               0.1919               0.0028               0.0062               0.2234              -0.0849              -0.1212
                  [Col 11]              [Col 12]              [Col 13]              [Col 14]
[Row   1]              -0.0948               0.0248              -0.0944              -0.0944
[Row   2]               0.2208              -0.1112               0.2263               0.2263
[Row   3]               0.0000               0.0000               0.4818              -0.4818
[Row   4]              -0.5765              -0.0558               0.2698               0.2698
[Row   5]               0.1463               0.1434               0.1919               0.1919
[Row   6]               0.0275              -0.0284               0.0028               0.0028
[Row   7]              -0.1429              -0.0423               0.0062               0.0062
[Row   8]              -0.0000               0.0000              -0.2234               0.2234
[Row   9]               0.1189               0.7025              -0.0849              -0.0849
[Row  10]              -0.0591              -0.1524              -0.1212              -0.1212
[Row  11]               0.6085               0.1409              -0.1302              -0.1302
[Row  12]               0.1409               0.6032              -0.0467              -0.0467
[Row  13]              -0.1302              -0.0467               0.6366              -0.1530
[Row  14]              -0.1302              -0.0467              -0.1530               0.6366
====== P^(AO) = SPS =====

                  [Col  1]              [Col  2]              [Col  3]              [Col  4]              [Col  5]              [Col  6]              [Col  7]              [Col  8]              [Col  9]              [Col 10]
[Row   1]               1.9995               0.5052              -0.0000               0.0001              -0.0019               0.0001               0.0337               0.0000              -0.0001               0.0555
[Row   2]               0.5052               1.8448               0.0000              -0.0064               0.0898               0.0421               0.5475              -0.0000               0.0184               0.6701
[Row   3]              -0.0000               0.0000               1.6092               0.0000              -0.0000              -0.0000               0.0000               0.3395               0.0000               0.0000
[Row   4]               0.0001              -0.0064               0.0000               1.6233               0.0122              -0.0002              -0.0028              -0.0000               0.3199               0.0356
[Row   5]              -0.0019               0.0898               0.0000               0.0122               1.3862              -0.0674              -0.7667               0.0000              -0.0567              -0.9943
[Row   6]               0.0001               0.0421              -0.0000              -0.0002              -0.0674               1.9998               0.4753              -0.0000               0.0052               0.0039
[Row   7]               0.0337               0.5475               0.0000              -0.0028              -0.7667               0.4753               1.9781               0.0000              -0.0573              -0.0508
[Row   8]               0.0000              -0.0000               0.3395              -0.0000               0.0000              -0.0000               0.0000               1.9873              -0.0000              -0.0000
[Row   9]              -0.0001               0.0184               0.0000               0.3199              -0.0567               0.0052              -0.0573              -0.0000               1.6742               0.0848
[Row  10]               0.0555               0.6701               0.0000               0.0356              -0.9943               0.0039              -0.0508              -0.0000               0.0848               1.5771
[Row  11]               0.1179               1.0878               0.0000              -1.2009               0.3624               0.0101               0.1356              -0.0000              -0.0689               0.1512
[Row  12]               0.0187               0.2452               0.0000               0.1681              -0.1915               0.0975               1.0139               0.0000               1.1567              -0.3143
[Row  13]               0.1157               1.0850               1.0145               0.5556               0.4703               0.0078               0.1264               0.0127               0.0265               0.0964
[Row  14]               0.1157               1.0850              -1.0145               0.5556               0.4703               0.0078               0.1264              -0.0127               0.0265               0.0964
                  [Col 11]              [Col 12]              [Col 13]              [Col 14]
[Row   1]               0.1179               0.0187               0.1157               0.1157
[Row   2]               1.0878               0.2452               1.0850               1.0850
[Row   3]               0.0000               0.0000               1.0145              -1.0145
[Row   4]              -1.2009               0.1681               0.5556               0.5556
[Row   5]               0.3624              -0.1915               0.4703               0.4703
[Row   6]               0.0101               0.0975               0.0078               0.0078
[Row   7]               0.1356               1.0139               0.1264               0.1264
[Row   8]              -0.0000               0.0000               0.0127              -0.0127
[Row   9]              -0.0689               1.1567               0.0265               0.0265
[Row  10]               0.1512              -0.3143               0.0964               0.0964
[Row  11]               1.6315               0.0900               0.3304               0.3304
[Row  12]               0.0900               1.4572               0.1097               0.1097
[Row  13]               0.3304               0.1097               1.6357               0.3141
[Row  14]               0.3304               0.1097               0.3141               1.6357
====== S^(AO) = S =====

                  [Col  1]              [Col  2]              [Col  3]              [Col  4]              [Col  5]              [Col  6]              [Col  7]              [Col  8]              [Col  9]              [Col 10]
[Row   1]               1.0000               0.2484               0.0000              -0.0000              -0.0000               0.0000               0.0175               0.0000               0.0000               0.0315
[Row   2]               0.2484               1.0000               0.0000               0.0000              -0.0000               0.0223               0.2582               0.0000               0.0000               0.2529
[Row   3]               0.0000               0.0000               1.0000               0.0000               0.0000               0.0000               0.0000               0.1345               0.0000               0.0000
[Row   4]              -0.0000               0.0000               0.0000               1.0000               0.0000               0.0000               0.0000               0.0000               0.1345               0.0000
[Row   5]              -0.0000              -0.0000               0.0000               0.0000               1.0000              -0.0371              -0.3408               0.0000              -0.0000              -0.2862
[Row   6]               0.0000               0.0223               0.0000               0.0000              -0.0371               1.0000               0.2367               0.0000               0.0000               0.0000
[Row   7]               0.0175               0.2582               0.0000               0.0000              -0.3408               0.2367               1.0000               0.0000              -0.0000              -0.0000
[Row   8]               0.0000               0.0000               0.1345               0.0000               0.0000               0.0000               0.0000               1.0000               0.0000               0.0000
[Row   9]               0.0000               0.0000               0.0000               0.1345              -0.0000               0.0000              -0.0000               0.0000               1.0000               0.0000
[Row  10]               0.0315               0.2529               0.0000               0.0000              -0.2862               0.0000              -0.0000               0.0000               0.0000               1.0000
[Row  11]               0.0623               0.4910               0.0000              -0.4487               0.1310               0.0047               0.0728               0.0000              -0.0420               0.0693
[Row  12]               0.0090               0.1407               0.0000               0.0821              -0.1519               0.0524               0.4664               0.0000               0.3712              -0.1163
[Row  13]               0.0613               0.4869               0.3781               0.2053               0.1764               0.0039               0.0616               0.0296               0.0161               0.0611
[Row  14]               0.0613               0.4869              -0.3781               0.2053               0.1764               0.0039               0.0616              -0.0296               0.0161               0.0611
                  [Col 11]              [Col 12]              [Col 13]              [Col 14]
[Row   1]               0.0623               0.0090               0.0613               0.0613
[Row   2]               0.4910               0.1407               0.4869               0.4869
[Row   3]               0.0000               0.0000               0.3781              -0.3781
[Row   4]              -0.4487               0.0821               0.2053               0.2053
[Row   5]               0.1310              -0.1519               0.1764               0.1764
[Row   6]               0.0047               0.0524               0.0039               0.0039
[Row   7]               0.0728               0.4664               0.0616               0.0616
[Row   8]               0.0000               0.0000               0.0296              -0.0296
[Row   9]              -0.0420               0.3712               0.0161               0.0161
[Row  10]               0.0693              -0.1163               0.0611               0.0611
[Row  11]               1.0000               0.0264               0.1707               0.1707
[Row  12]               0.0264               1.0000               0.0653               0.0653
[Row  13]               0.1707               0.0653               1.0000               0.1683
[Row  14]               0.1707               0.0653               0.1683               1.0000
====== P^(AO) std gaussian m_l ordering SPS =====

                  [Col  1]              [Col  2]              [Col  3]              [Col  4]              [Col  5]              [Col  6]              [Col  7]              [Col  8]              [Col  9]              [Col 10]
[Row   1]               1.9995               0.5052               0.0001              -0.0019              -0.0000               0.0001               0.0337              -0.0001               0.0555               0.0000
[Row   2]               0.5052               1.8448              -0.0064               0.0898               0.0000               0.0421               0.5475               0.0184               0.6701              -0.0000
[Row   3]               0.0001              -0.0064               1.6233               0.0122               0.0000              -0.0002              -0.0028               0.3199               0.0356              -0.0000
[Row   4]              -0.0019               0.0898               0.0122               1.3862               0.0000              -0.0674              -0.7667              -0.0567              -0.9943               0.0000
[Row   5]              -0.0000               0.0000               0.0000              -0.0000               1.6092              -0.0000               0.0000               0.0000               0.0000               0.3395
[Row   6]               0.0001               0.0421              -0.0002              -0.0674              -0.0000               1.9998               0.4753               0.0052               0.0039              -0.0000
[Row   7]               0.0337               0.5475              -0.0028              -0.7667               0.0000               0.4753               1.9781              -0.0573              -0.0508               0.0000
[Row   8]              -0.0001               0.0184               0.3199              -0.0567               0.0000               0.0052              -0.0573               1.6742               0.0848              -0.0000
[Row   9]               0.0555               0.6701               0.0356              -0.9943               0.0000               0.0039              -0.0508               0.0848               1.5771              -0.0000
[Row  10]               0.0000              -0.0000              -0.0000               0.0000               0.3395              -0.0000               0.0000              -0.0000              -0.0000               1.9873
[Row  11]               0.1179               1.0878              -1.2009               0.3624               0.0000               0.0101               0.1356              -0.0689               0.1512              -0.0000
[Row  12]               0.0187               0.2452               0.1681              -0.1915               0.0000               0.0975               1.0139               1.1567              -0.3143               0.0000
[Row  13]               0.1157               1.0850               0.5556               0.4703               1.0145               0.0078               0.1264               0.0265               0.0964               0.0127
[Row  14]               0.1157               1.0850               0.5556               0.4703              -1.0145               0.0078               0.1264               0.0265               0.0964              -0.0127
                  [Col 11]              [Col 12]              [Col 13]              [Col 14]
[Row   1]               0.1179               0.0187               0.1157               0.1157
[Row   2]               1.0878               0.2452               1.0850               1.0850
[Row   3]              -1.2009               0.1681               0.5556               0.5556
[Row   4]               0.3624              -0.1915               0.4703               0.4703
[Row   5]               0.0000               0.0000               1.0145              -1.0145
[Row   6]               0.0101               0.0975               0.0078               0.0078
[Row   7]               0.1356               1.0139               0.1264               0.1264
[Row   8]              -0.0689               1.1567               0.0265               0.0265
[Row   9]               0.1512              -0.3143               0.0964               0.0964
[Row  10]              -0.0000               0.0000               0.0127              -0.0127
[Row  11]               1.6315               0.0900               0.3304               0.3304
[Row  12]               0.0900               1.4572               0.1097               0.1097
[Row  13]               0.3304               0.1097               1.6357               0.3141
[Row  14]               0.3304               0.1097               0.3141               1.6357
====== S^(AO) std gaussian m_l ordering =====

                  [Col  1]              [Col  2]              [Col  3]              [Col  4]              [Col  5]              [Col  6]              [Col  7]              [Col  8]              [Col  9]              [Col 10]
[Row   1]               1.0000               0.2484              -0.0000              -0.0000               0.0000               0.0000               0.0175               0.0000               0.0315               0.0000
[Row   2]               0.2484               1.0000               0.0000              -0.0000               0.0000               0.0223               0.2582               0.0000               0.2529               0.0000
[Row   3]              -0.0000               0.0000               1.0000               0.0000               0.0000               0.0000               0.0000               0.1345               0.0000               0.0000
[Row   4]              -0.0000              -0.0000               0.0000               1.0000               0.0000              -0.0371              -0.3408              -0.0000              -0.2862               0.0000
[Row   5]               0.0000               0.0000               0.0000               0.0000               1.0000               0.0000               0.0000               0.0000               0.0000               0.1345
[Row   6]               0.0000               0.0223               0.0000              -0.0371               0.0000               1.0000               0.2367               0.0000               0.0000               0.0000
[Row   7]               0.0175               0.2582               0.0000              -0.3408               0.0000               0.2367               1.0000              -0.0000              -0.0000               0.0000
[Row   8]               0.0000               0.0000               0.1345              -0.0000               0.0000               0.0000              -0.0000               1.0000               0.0000               0.0000
[Row   9]               0.0315               0.2529               0.0000              -0.2862               0.0000               0.0000              -0.0000               0.0000               1.0000               0.0000
[Row  10]               0.0000               0.0000               0.0000               0.0000               0.1345               0.0000               0.0000               0.0000               0.0000               1.0000
[Row  11]               0.0623               0.4910              -0.4487               0.1310               0.0000               0.0047               0.0728              -0.0420               0.0693               0.0000
[Row  12]               0.0090               0.1407               0.0821              -0.1519               0.0000               0.0524               0.4664               0.3712              -0.1163               0.0000
[Row  13]               0.0613               0.4869               0.2053               0.1764               0.3781               0.0039               0.0616               0.0161               0.0611               0.0296
[Row  14]               0.0613               0.4869               0.2053               0.1764              -0.3781               0.0039               0.0616               0.0161               0.0611              -0.0296
                  [Col 11]              [Col 12]              [Col 13]              [Col 14]
[Row   1]               0.0623               0.0090               0.0613               0.0613
[Row   2]               0.4910               0.1407               0.4869               0.4869
[Row   3]              -0.4487               0.0821               0.2053               0.2053
[Row   4]               0.1310              -0.1519               0.1764               0.1764
[Row   5]               0.0000               0.0000               0.3781              -0.3781
[Row   6]               0.0047               0.0524               0.0039               0.0039
[Row   7]               0.0728               0.4664               0.0616               0.0616
[Row   8]              -0.0420               0.3712               0.0161               0.0161
[Row   9]               0.0693              -0.1163               0.0611               0.0611
[Row  10]               0.0000               0.0000               0.0296              -0.0296
[Row  11]               1.0000               0.0264               0.1707               0.1707
[Row  12]               0.0264               1.0000               0.0653               0.0653
[Row  13]               0.1707               0.0653               1.0000               0.1683
[Row  14]               0.1707               0.0653               0.1683               1.0000
