molecule mol43.xyz
System:, atNum: 17 coords [              0.0000               0.0000               1.9040]
System:, atNum: 17 coords [              0.0000               0.0000              -1.9040]
===== Original AO-S matrix =====

                  [Col  1]              [Col  2]              [Col  3]              [Col  4]              [Col  5]              [Col  6]              [Col  7]              [Col  8]              [Col  9]              [Col 10]
[Row   1]               1.0000               0.3438              -0.0000               0.0000               0.0000               0.0133               0.0000               0.0000               0.0000               0.0000
[Row   2]               0.3438               1.0000               0.0000               0.0000               0.0000               0.2185               0.0000               0.0000               0.0000               0.0000
[Row   3]              -0.0000               0.0000               1.0000               0.0000               0.0000              -0.0000               0.2326               0.0000               0.0000              -0.0000
[Row   4]               0.0000               0.0000               0.0000               1.0000               0.0000               0.0000               0.0000               0.2326               0.0000               0.0000
[Row   5]               0.0000               0.0000               0.0000               0.0000               1.0000               0.0000               0.0000               0.0000               0.2326               0.0000
[Row   6]               0.0133               0.2185              -0.0000               0.0000               0.0000               1.0000               0.0000               0.0000               0.0000               0.0015
[Row   7]               0.0000               0.0000               0.2326               0.0000               0.0000               0.0000               1.0000               0.0000               0.0000              -0.0030
[Row   8]               0.0000               0.0000               0.0000               0.2326               0.0000               0.0000               0.0000               1.0000               0.0000               0.0000
[Row   9]               0.0000               0.0000               0.0000               0.0000               0.2326               0.0000               0.0000               0.0000               1.0000               0.0000
[Row  10]               0.0000               0.0000              -0.0000               0.0000               0.0000               0.0015              -0.0030               0.0000               0.0000               1.0000
[Row  11]               0.0000               0.0000              -0.0000               0.0000               0.0000               0.0127              -0.0233               0.0000               0.0000               0.3438
[Row  12]               0.0000               0.0000              -0.0000               0.0000               0.0000               0.0078              -0.0129               0.0000               0.0000               0.0000
[Row  13]               0.0000               0.0000               0.0000               0.0000               0.0000               0.0000               0.0000               0.0023               0.0000               0.0000
[Row  14]               0.0000               0.0000               0.0000               0.0000               0.0000               0.0000               0.0000               0.0000               0.0023               0.0000
[Row  15]               0.0015               0.0127              -0.0078               0.0000               0.0000               0.1728              -0.2268               0.0000               0.0000               0.0133
[Row  16]               0.0030               0.0233              -0.0129               0.0000               0.0000               0.2268              -0.2747               0.0000               0.0000              -0.0000
[Row  17]               0.0000               0.0000               0.0000               0.0023               0.0000               0.0000               0.0000               0.0818               0.0000               0.0000
[Row  18]               0.0000               0.0000               0.0000               0.0000               0.0023               0.0000               0.0000               0.0000               0.0818               0.0000
                  [Col 11]              [Col 12]              [Col 13]              [Col 14]              [Col 15]              [Col 16]              [Col 17]              [Col 18]
[Row   1]               0.0000               0.0000               0.0000               0.0000               0.0015               0.0030               0.0000               0.0000
[Row   2]               0.0000               0.0000               0.0000               0.0000               0.0127               0.0233               0.0000               0.0000
[Row   3]              -0.0000              -0.0000               0.0000               0.0000              -0.0078              -0.0129               0.0000               0.0000
[Row   4]               0.0000               0.0000               0.0000               0.0000               0.0000               0.0000               0.0023               0.0000
[Row   5]               0.0000               0.0000               0.0000               0.0000               0.0000               0.0000               0.0000               0.0023
[Row   6]               0.0127               0.0078               0.0000               0.0000               0.1728               0.2268               0.0000               0.0000
[Row   7]              -0.0233              -0.0129               0.0000               0.0000              -0.2268              -0.2747               0.0000               0.0000
[Row   8]               0.0000               0.0000               0.0023               0.0000               0.0000               0.0000               0.0818               0.0000
[Row   9]               0.0000               0.0000               0.0000               0.0023               0.0000               0.0000               0.0000               0.0818
[Row  10]               0.3438               0.0000               0.0000               0.0000               0.0133              -0.0000               0.0000               0.0000
[Row  11]               1.0000              -0.0000               0.0000               0.0000               0.2185              -0.0000               0.0000               0.0000
[Row  12]              -0.0000               1.0000               0.0000               0.0000               0.0000               0.2326               0.0000               0.0000
[Row  13]               0.0000               0.0000               1.0000               0.0000               0.0000               0.0000               0.2326               0.0000
[Row  14]               0.0000               0.0000               0.0000               1.0000               0.0000               0.0000               0.0000               0.2326
[Row  15]               0.2185               0.0000               0.0000               0.0000               1.0000              -0.0000               0.0000               0.0000
[Row  16]              -0.0000               0.2326               0.0000               0.0000              -0.0000               1.0000               0.0000               0.0000
[Row  17]               0.0000               0.0000               0.2326               0.0000               0.0000               0.0000               1.0000               0.0000
[Row  18]               0.0000               0.0000               0.0000               0.2326               0.0000               0.0000               0.0000               1.0000
nbas 18
 ===== CA ===== 

                  [Col  1]              [Col  2]              [Col  3]              [Col  4]              [Col  5]              [Col  6]              [Col  7]              [Col  8]              [Col  9]              [Col 10]
[Row   1]               0.7032               0.7032               0.2665               0.2669               0.0033               0.0026               0.0000              -0.0000               0.0000              -0.0000
[Row   2]               0.0111               0.0111              -0.7446              -0.7457              -0.0094              -0.0075              -0.0000               0.0000              -0.0000               0.0000
[Row   3]              -0.0001              -0.0000               0.0064               0.0073              -0.6982              -0.7002              -0.0000               0.0000              -0.0000               0.0000
[Row   4]               0.0000               0.0000               0.0000               0.0000              -0.0000              -0.0000               0.6984               0.0459               0.7004               0.0138
[Row   5]               0.0000              -0.0000               0.0000              -0.0000              -0.0000              -0.0000               0.0459              -0.6984              -0.0138               0.7004
[Row   6]              -0.0014              -0.0010              -0.0342              -0.0261               0.0084              -0.0029              -0.0000              -0.0000              -0.0000               0.0000
[Row   7]               0.0003              -0.0001               0.0073              -0.0015              -0.0379              -0.0258              -0.0000               0.0000              -0.0000               0.0000
[Row   8]               0.0000              -0.0000               0.0000               0.0000              -0.0000              -0.0000               0.0290               0.0019               0.0258               0.0005
[Row   9]              -0.0000               0.0000              -0.0000               0.0000              -0.0000              -0.0000               0.0019              -0.0290              -0.0005               0.0258
[Row  10]              -0.7032               0.7032              -0.2665               0.2669              -0.0033               0.0026               0.0000              -0.0000               0.0000              -0.0000
[Row  11]              -0.0111               0.0111               0.7446              -0.7457               0.0094              -0.0075              -0.0000               0.0000              -0.0000               0.0000
[Row  12]              -0.0001               0.0000               0.0064              -0.0073              -0.6982               0.7002               0.0000              -0.0000               0.0000              -0.0000
[Row  13]              -0.0000              -0.0000              -0.0000               0.0000              -0.0000              -0.0000              -0.6984              -0.0459               0.7004               0.0138
[Row  14]              -0.0000               0.0000              -0.0000               0.0000               0.0000               0.0000              -0.0459               0.6984              -0.0138               0.7004
[Row  15]               0.0014              -0.0010               0.0342              -0.0261              -0.0084              -0.0029               0.0000               0.0000              -0.0000              -0.0000
[Row  16]               0.0003               0.0001               0.0073               0.0015              -0.0379               0.0258               0.0000              -0.0000               0.0000              -0.0000
[Row  17]               0.0000               0.0000               0.0000               0.0000              -0.0000              -0.0000              -0.0290              -0.0019               0.0258               0.0005
[Row  18]               0.0000              -0.0000               0.0000              -0.0000               0.0000               0.0000              -0.0019               0.0290              -0.0005               0.0258
                  [Col 11]              [Col 12]              [Col 13]              [Col 14]              [Col 15]              [Col 16]              [Col 17]              [Col 18]
[Row   1]               0.0582               0.0645               0.0180              -0.0000              -0.0000               0.0000              -0.0000               0.0181
[Row   2]              -0.1934              -0.2103              -0.0565               0.0000               0.0000              -0.0000               0.0000              -0.0540
[Row   3]               0.0435              -0.0217              -0.1823               0.0000               0.0000               0.0000               0.0000               0.2248
[Row   4]               0.0000               0.0000               0.0000               0.1899              -0.0002               0.0068               0.2019              -0.0000
[Row   5]               0.0000              -0.0000               0.0000               0.0002               0.1899              -0.2019               0.0068               0.0000
[Row   6]               0.6323               0.7826               0.2541              -0.0000              -0.0000               0.0000              -0.0000               0.3021
[Row   7]              -0.1250               0.0551               0.6409              -0.0000              -0.0000              -0.0000              -0.0000              -0.8995
[Row   8]              -0.0000              -0.0000              -0.0000              -0.6974               0.0007              -0.0256              -0.7592               0.0000
[Row   9]              -0.0000               0.0000              -0.0000              -0.0007              -0.6974               0.7592              -0.0256              -0.0000
[Row  10]               0.0582              -0.0645               0.0180              -0.0000              -0.0000              -0.0000              -0.0000              -0.0181
[Row  11]              -0.1934               0.2103              -0.0565               0.0000               0.0000               0.0000               0.0000               0.0540
[Row  12]              -0.0435              -0.0217               0.1823              -0.0000              -0.0000               0.0000              -0.0000               0.2248
[Row  13]               0.0000               0.0000               0.0000               0.1899              -0.0002              -0.0068              -0.2019               0.0000
[Row  14]              -0.0000              -0.0000               0.0000               0.0002               0.1899               0.2019              -0.0068              -0.0000
[Row  15]               0.6323              -0.7826               0.2541              -0.0000              -0.0000              -0.0000              -0.0000              -0.3021
[Row  16]               0.1250               0.0551              -0.6409               0.0000               0.0000              -0.0000               0.0000              -0.8995
[Row  17]              -0.0000              -0.0000              -0.0000              -0.6974               0.0007               0.0256               0.7592              -0.0000
[Row  18]              -0.0000               0.0000              -0.0000              -0.0007              -0.6974              -0.7592               0.0256               0.0000
 ===== CB ===== 

                  [Col  1]              [Col  2]              [Col  3]              [Col  4]              [Col  5]              [Col  6]              [Col  7]              [Col  8]              [Col  9]              [Col 10]
[Row   1]               0.7032               0.7032               0.2665               0.2669               0.0033               0.0026               0.0000              -0.0000               0.0000              -0.0000
[Row   2]               0.0111               0.0111              -0.7446              -0.7457              -0.0094              -0.0075              -0.0000               0.0000              -0.0000               0.0000
[Row   3]              -0.0001              -0.0000               0.0064               0.0073              -0.6982              -0.7002              -0.0000               0.0000              -0.0000               0.0000
[Row   4]               0.0000               0.0000               0.0000               0.0000              -0.0000              -0.0000               0.6984               0.0459               0.7004               0.0138
[Row   5]               0.0000              -0.0000               0.0000              -0.0000              -0.0000              -0.0000               0.0459              -0.6984              -0.0138               0.7004
[Row   6]              -0.0014              -0.0010              -0.0342              -0.0261               0.0084              -0.0029              -0.0000              -0.0000              -0.0000               0.0000
[Row   7]               0.0003              -0.0001               0.0073              -0.0015              -0.0379              -0.0258              -0.0000               0.0000              -0.0000               0.0000
[Row   8]               0.0000              -0.0000               0.0000               0.0000              -0.0000              -0.0000               0.0290               0.0019               0.0258               0.0005
[Row   9]              -0.0000               0.0000              -0.0000               0.0000              -0.0000              -0.0000               0.0019              -0.0290              -0.0005               0.0258
[Row  10]              -0.7032               0.7032              -0.2665               0.2669              -0.0033               0.0026               0.0000              -0.0000               0.0000              -0.0000
[Row  11]              -0.0111               0.0111               0.7446              -0.7457               0.0094              -0.0075              -0.0000               0.0000              -0.0000               0.0000
[Row  12]              -0.0001               0.0000               0.0064              -0.0073              -0.6982               0.7002               0.0000              -0.0000               0.0000              -0.0000
[Row  13]              -0.0000              -0.0000              -0.0000               0.0000              -0.0000              -0.0000              -0.6984              -0.0459               0.7004               0.0138
[Row  14]              -0.0000               0.0000              -0.0000               0.0000               0.0000               0.0000              -0.0459               0.6984              -0.0138               0.7004
[Row  15]               0.0014              -0.0010               0.0342              -0.0261              -0.0084              -0.0029               0.0000               0.0000              -0.0000              -0.0000
[Row  16]               0.0003               0.0001               0.0073               0.0015              -0.0379               0.0258               0.0000              -0.0000               0.0000              -0.0000
[Row  17]               0.0000               0.0000               0.0000               0.0000              -0.0000              -0.0000              -0.0290              -0.0019               0.0258               0.0005
[Row  18]               0.0000              -0.0000               0.0000              -0.0000               0.0000               0.0000              -0.0019               0.0290              -0.0005               0.0258
                  [Col 11]              [Col 12]              [Col 13]              [Col 14]              [Col 15]              [Col 16]              [Col 17]              [Col 18]
[Row   1]               0.0582               0.0645               0.0180              -0.0000              -0.0000               0.0000              -0.0000               0.0181
[Row   2]              -0.1934              -0.2103              -0.0565               0.0000               0.0000              -0.0000               0.0000              -0.0540
[Row   3]               0.0435              -0.0217              -0.1823               0.0000               0.0000               0.0000               0.0000               0.2248
[Row   4]               0.0000               0.0000               0.0000               0.1899              -0.0002               0.0068               0.2019              -0.0000
[Row   5]               0.0000              -0.0000               0.0000               0.0002               0.1899              -0.2019               0.0068               0.0000
[Row   6]               0.6323               0.7826               0.2541              -0.0000              -0.0000               0.0000              -0.0000               0.3021
[Row   7]              -0.1250               0.0551               0.6409              -0.0000              -0.0000              -0.0000              -0.0000              -0.8995
[Row   8]              -0.0000              -0.0000              -0.0000              -0.6974               0.0007              -0.0256              -0.7592               0.0000
[Row   9]              -0.0000               0.0000              -0.0000              -0.0007              -0.6974               0.7592              -0.0256              -0.0000
[Row  10]               0.0582              -0.0645               0.0180              -0.0000              -0.0000              -0.0000              -0.0000              -0.0181
[Row  11]              -0.1934               0.2103              -0.0565               0.0000               0.0000               0.0000               0.0000               0.0540
[Row  12]              -0.0435              -0.0217               0.1823              -0.0000              -0.0000               0.0000              -0.0000               0.2248
[Row  13]               0.0000               0.0000               0.0000               0.1899              -0.0002              -0.0068              -0.2019               0.0000
[Row  14]              -0.0000              -0.0000               0.0000               0.0002               0.1899               0.2019              -0.0068              -0.0000
[Row  15]               0.6323              -0.7826               0.2541              -0.0000              -0.0000              -0.0000              -0.0000              -0.3021
[Row  16]               0.1250               0.0551              -0.6409               0.0000               0.0000              -0.0000               0.0000              -0.8995
[Row  17]              -0.0000              -0.0000              -0.0000              -0.6974               0.0007               0.0256               0.7592              -0.0000
[Row  18]              -0.0000               0.0000              -0.0000              -0.0007              -0.6974              -0.7592               0.0256               0.0000
 ===== P_psi ===== Dalpha+Dbeta 

                  [Col  1]              [Col  2]              [Col  3]              [Col  4]              [Col  5]              [Col  6]              [Col  7]              [Col  8]              [Col  9]              [Col 10]
[Row   1]               2.2783              -0.8153              -0.0055               0.0000               0.0000               0.1481               0.0187              -0.0000               0.0000              -0.0005
[Row   2]              -0.8153               2.3913               0.0162              -0.0000              -0.0000              -0.5126              -0.0549              -0.0000              -0.0000               0.0015
[Row   3]              -0.0055               0.0162               2.0268               0.0000              -0.0000              -0.0801              -0.1578              -0.0000               0.0000               0.0029
[Row   4]               0.0000              -0.0000               0.0000               2.1150               0.0000               0.0000              -0.0000              -0.4950              -0.0000              -0.0000
[Row   5]               0.0000              -0.0000              -0.0000               0.0000               2.1150              -0.0000               0.0000              -0.0000              -0.4950              -0.0000
[Row   6]               0.1481              -0.5126              -0.0801               0.0000              -0.0000               2.1576               0.2530              -0.0000               0.0000              -0.0136
[Row   7]               0.0187              -0.0549              -0.1578              -0.0000               0.0000               0.2530               0.8632               0.0000              -0.0000              -0.0038
[Row   8]              -0.0000              -0.0000              -0.0000              -0.4950              -0.0000              -0.0000               0.0000               2.1299               0.0000              -0.0000
[Row   9]               0.0000              -0.0000               0.0000              -0.0000              -0.4950               0.0000              -0.0000               0.0000               2.1299               0.0000
[Row  10]              -0.0005               0.0015               0.0029              -0.0000              -0.0000              -0.0136              -0.0038              -0.0000               0.0000               2.2783
[Row  11]               0.0015              -0.0042              -0.0093               0.0000               0.0000               0.0442               0.0119              -0.0000              -0.0000              -0.8153
[Row  12]              -0.0029               0.0093              -0.0750               0.0000              -0.0000              -0.0122               0.2590              -0.0000               0.0000               0.0055
[Row  13]              -0.0000               0.0000              -0.0000              -0.0076              -0.0000              -0.0000               0.0000               0.0375               0.0000              -0.0000
[Row  14]               0.0000               0.0000              -0.0000              -0.0000              -0.0076              -0.0000              -0.0000               0.0000               0.0375               0.0000
[Row  15]              -0.0136               0.0442               0.0122              -0.0000               0.0000              -0.2971               0.0829               0.0000              -0.0000               0.1481
[Row  16]               0.0038              -0.0119               0.2590              -0.0000               0.0000              -0.0829              -0.8451               0.0000              -0.0000              -0.0187
[Row  17]               0.0000              -0.0000               0.0000               0.0375              -0.0000               0.0000              -0.0000              -0.1819               0.0000              -0.0000
[Row  18]              -0.0000               0.0000              -0.0000               0.0000               0.0375              -0.0000               0.0000              -0.0000              -0.1819              -0.0000
                  [Col 11]              [Col 12]              [Col 13]              [Col 14]              [Col 15]              [Col 16]              [Col 17]              [Col 18]
[Row   1]               0.0015              -0.0029              -0.0000               0.0000              -0.0136               0.0038               0.0000              -0.0000
[Row   2]              -0.0042               0.0093               0.0000               0.0000               0.0442              -0.0119              -0.0000               0.0000
[Row   3]              -0.0093              -0.0750              -0.0000              -0.0000               0.0122               0.2590               0.0000              -0.0000
[Row   4]               0.0000               0.0000              -0.0076              -0.0000              -0.0000              -0.0000               0.0375               0.0000
[Row   5]               0.0000              -0.0000              -0.0000              -0.0076               0.0000               0.0000              -0.0000               0.0375
[Row   6]               0.0442              -0.0122              -0.0000              -0.0000              -0.2971              -0.0829               0.0000              -0.0000
[Row   7]               0.0119               0.2590               0.0000              -0.0000               0.0829              -0.8451              -0.0000               0.0000
[Row   8]              -0.0000              -0.0000               0.0375               0.0000               0.0000               0.0000              -0.1819              -0.0000
[Row   9]              -0.0000               0.0000               0.0000               0.0375              -0.0000              -0.0000               0.0000              -0.1819
[Row  10]              -0.8153               0.0055              -0.0000               0.0000               0.1481              -0.0187              -0.0000              -0.0000
[Row  11]               2.3913              -0.0162              -0.0000              -0.0000              -0.5126               0.0549               0.0000               0.0000
[Row  12]              -0.0162               2.0268              -0.0000               0.0000               0.0801              -0.1578               0.0000              -0.0000
[Row  13]              -0.0000              -0.0000               2.1150               0.0000              -0.0000               0.0000              -0.4950              -0.0000
[Row  14]              -0.0000               0.0000               0.0000               2.1150              -0.0000              -0.0000               0.0000              -0.4950
[Row  15]              -0.5126               0.0801              -0.0000              -0.0000               2.1576              -0.2530              -0.0000               0.0000
[Row  16]               0.0549              -0.1578               0.0000              -0.0000              -0.2530               0.8632              -0.0000               0.0000
[Row  17]               0.0000               0.0000              -0.4950               0.0000              -0.0000              -0.0000               2.1299              -0.0000
[Row  18]               0.0000              -0.0000              -0.0000              -0.4950               0.0000               0.0000              -0.0000               2.1299
===== P_mu,nu local =====

                  [Col  1]              [Col  2]              [Col  3]              [Col  4]              [Col  5]              [Col  6]              [Col  7]              [Col  8]              [Col  9]              [Col 10]
[Row   1]               2.2783              -0.8153              -0.0055               0.0000               0.0000               0.1481               0.0187              -0.0000               0.0000              -0.0005
[Row   2]              -0.8153               2.3913               0.0162              -0.0000              -0.0000              -0.5126              -0.0549              -0.0000              -0.0000               0.0015
[Row   3]              -0.0055               0.0162               2.0268               0.0000              -0.0000              -0.0801              -0.1578              -0.0000               0.0000               0.0029
[Row   4]               0.0000              -0.0000               0.0000               2.1150               0.0000               0.0000              -0.0000              -0.4950              -0.0000              -0.0000
[Row   5]               0.0000              -0.0000              -0.0000               0.0000               2.1150              -0.0000               0.0000              -0.0000              -0.4950              -0.0000
[Row   6]               0.1481              -0.5126              -0.0801               0.0000              -0.0000               2.1576               0.2530              -0.0000               0.0000              -0.0136
[Row   7]               0.0187              -0.0549              -0.1578              -0.0000               0.0000               0.2530               0.8632               0.0000              -0.0000              -0.0038
[Row   8]              -0.0000              -0.0000              -0.0000              -0.4950              -0.0000              -0.0000               0.0000               2.1299               0.0000              -0.0000
[Row   9]               0.0000              -0.0000               0.0000              -0.0000              -0.4950               0.0000              -0.0000               0.0000               2.1299               0.0000
[Row  10]              -0.0005               0.0015               0.0029              -0.0000              -0.0000              -0.0136              -0.0038              -0.0000               0.0000               2.2783
[Row  11]               0.0015              -0.0042              -0.0093               0.0000               0.0000               0.0442               0.0119              -0.0000              -0.0000              -0.8153
[Row  12]              -0.0029               0.0093              -0.0750               0.0000              -0.0000              -0.0122               0.2590              -0.0000               0.0000               0.0055
[Row  13]              -0.0000               0.0000              -0.0000              -0.0076              -0.0000              -0.0000               0.0000               0.0375               0.0000              -0.0000
[Row  14]               0.0000               0.0000              -0.0000              -0.0000              -0.0076              -0.0000              -0.0000               0.0000               0.0375               0.0000
[Row  15]              -0.0136               0.0442               0.0122              -0.0000               0.0000              -0.2971               0.0829               0.0000              -0.0000               0.1481
[Row  16]               0.0038              -0.0119               0.2590              -0.0000               0.0000              -0.0829              -0.8451               0.0000              -0.0000              -0.0187
[Row  17]               0.0000              -0.0000               0.0000               0.0375              -0.0000               0.0000              -0.0000              -0.1819               0.0000              -0.0000
[Row  18]              -0.0000               0.0000              -0.0000               0.0000               0.0375              -0.0000               0.0000              -0.0000              -0.1819              -0.0000
                  [Col 11]              [Col 12]              [Col 13]              [Col 14]              [Col 15]              [Col 16]              [Col 17]              [Col 18]
[Row   1]               0.0015              -0.0029              -0.0000               0.0000              -0.0136               0.0038               0.0000              -0.0000
[Row   2]              -0.0042               0.0093               0.0000               0.0000               0.0442              -0.0119              -0.0000               0.0000
[Row   3]              -0.0093              -0.0750              -0.0000              -0.0000               0.0122               0.2590               0.0000              -0.0000
[Row   4]               0.0000               0.0000              -0.0076              -0.0000              -0.0000              -0.0000               0.0375               0.0000
[Row   5]               0.0000              -0.0000              -0.0000              -0.0076               0.0000               0.0000              -0.0000               0.0375
[Row   6]               0.0442              -0.0122              -0.0000              -0.0000              -0.2971              -0.0829               0.0000              -0.0000
[Row   7]               0.0119               0.2590               0.0000              -0.0000               0.0829              -0.8451              -0.0000               0.0000
[Row   8]              -0.0000              -0.0000               0.0375               0.0000               0.0000               0.0000              -0.1819              -0.0000
[Row   9]              -0.0000               0.0000               0.0000               0.0375              -0.0000              -0.0000               0.0000              -0.1819
[Row  10]              -0.8153               0.0055              -0.0000               0.0000               0.1481              -0.0187              -0.0000              -0.0000
[Row  11]               2.3913              -0.0162              -0.0000              -0.0000              -0.5126               0.0549               0.0000               0.0000
[Row  12]              -0.0162               2.0268              -0.0000               0.0000               0.0801              -0.1578               0.0000              -0.0000
[Row  13]              -0.0000              -0.0000               2.1150               0.0000              -0.0000               0.0000              -0.4950              -0.0000
[Row  14]              -0.0000               0.0000               0.0000               2.1150              -0.0000              -0.0000               0.0000              -0.4950
[Row  15]              -0.5126               0.0801              -0.0000              -0.0000               2.1576              -0.2530              -0.0000               0.0000
[Row  16]               0.0549              -0.1578               0.0000              -0.0000              -0.2530               0.8632              -0.0000               0.0000
[Row  17]               0.0000               0.0000              -0.4950               0.0000              -0.0000              -0.0000               2.1299              -0.0000
[Row  18]               0.0000              -0.0000              -0.0000              -0.4950               0.0000               0.0000              -0.0000               2.1299
===== P_mu,nu psi4 =====

                  [Col  1]              [Col  2]              [Col  3]              [Col  4]              [Col  5]              [Col  6]              [Col  7]              [Col  8]              [Col  9]              [Col 10]
[Row   1]               2.2783              -0.8153              -0.0055               0.0000               0.0000               0.1481               0.0187              -0.0000               0.0000              -0.0005
[Row   2]              -0.8153               2.3913               0.0162              -0.0000              -0.0000              -0.5126              -0.0549              -0.0000              -0.0000               0.0015
[Row   3]              -0.0055               0.0162               2.0268               0.0000              -0.0000              -0.0801              -0.1578              -0.0000               0.0000               0.0029
[Row   4]               0.0000              -0.0000               0.0000               2.1150               0.0000               0.0000              -0.0000              -0.4950              -0.0000              -0.0000
[Row   5]               0.0000              -0.0000              -0.0000               0.0000               2.1150              -0.0000               0.0000              -0.0000              -0.4950              -0.0000
[Row   6]               0.1481              -0.5126              -0.0801               0.0000              -0.0000               2.1576               0.2530              -0.0000               0.0000              -0.0136
[Row   7]               0.0187              -0.0549              -0.1578              -0.0000               0.0000               0.2530               0.8632               0.0000              -0.0000              -0.0038
[Row   8]              -0.0000              -0.0000              -0.0000              -0.4950              -0.0000              -0.0000               0.0000               2.1299               0.0000              -0.0000
[Row   9]               0.0000              -0.0000               0.0000              -0.0000              -0.4950               0.0000              -0.0000               0.0000               2.1299               0.0000
[Row  10]              -0.0005               0.0015               0.0029              -0.0000              -0.0000              -0.0136              -0.0038              -0.0000               0.0000               2.2783
[Row  11]               0.0015              -0.0042              -0.0093               0.0000               0.0000               0.0442               0.0119              -0.0000              -0.0000              -0.8153
[Row  12]              -0.0029               0.0093              -0.0750               0.0000              -0.0000              -0.0122               0.2590              -0.0000               0.0000               0.0055
[Row  13]              -0.0000               0.0000              -0.0000              -0.0076              -0.0000              -0.0000               0.0000               0.0375               0.0000              -0.0000
[Row  14]               0.0000               0.0000              -0.0000              -0.0000              -0.0076              -0.0000              -0.0000               0.0000               0.0375               0.0000
[Row  15]              -0.0136               0.0442               0.0122              -0.0000               0.0000              -0.2971               0.0829               0.0000              -0.0000               0.1481
[Row  16]               0.0038              -0.0119               0.2590              -0.0000               0.0000              -0.0829              -0.8451               0.0000              -0.0000              -0.0187
[Row  17]               0.0000              -0.0000               0.0000               0.0375              -0.0000               0.0000              -0.0000              -0.1819               0.0000              -0.0000
[Row  18]              -0.0000               0.0000              -0.0000               0.0000               0.0375              -0.0000               0.0000              -0.0000              -0.1819              -0.0000
                  [Col 11]              [Col 12]              [Col 13]              [Col 14]              [Col 15]              [Col 16]              [Col 17]              [Col 18]
[Row   1]               0.0015              -0.0029              -0.0000               0.0000              -0.0136               0.0038               0.0000              -0.0000
[Row   2]              -0.0042               0.0093               0.0000               0.0000               0.0442              -0.0119              -0.0000               0.0000
[Row   3]              -0.0093              -0.0750              -0.0000              -0.0000               0.0122               0.2590               0.0000              -0.0000
[Row   4]               0.0000               0.0000              -0.0076              -0.0000              -0.0000              -0.0000               0.0375               0.0000
[Row   5]               0.0000              -0.0000              -0.0000              -0.0076               0.0000               0.0000              -0.0000               0.0375
[Row   6]               0.0442              -0.0122              -0.0000              -0.0000              -0.2971              -0.0829               0.0000              -0.0000
[Row   7]               0.0119               0.2590               0.0000              -0.0000               0.0829              -0.8451              -0.0000               0.0000
[Row   8]              -0.0000              -0.0000               0.0375               0.0000               0.0000               0.0000              -0.1819              -0.0000
[Row   9]              -0.0000               0.0000               0.0000               0.0375              -0.0000              -0.0000               0.0000              -0.1819
[Row  10]              -0.8153               0.0055              -0.0000               0.0000               0.1481              -0.0187              -0.0000              -0.0000
[Row  11]               2.3913              -0.0162              -0.0000              -0.0000              -0.5126               0.0549               0.0000               0.0000
[Row  12]              -0.0162               2.0268              -0.0000               0.0000               0.0801              -0.1578               0.0000              -0.0000
[Row  13]              -0.0000              -0.0000               2.1150               0.0000              -0.0000               0.0000              -0.4950              -0.0000
[Row  14]              -0.0000               0.0000               0.0000               2.1150              -0.0000              -0.0000               0.0000              -0.4950
[Row  15]              -0.5126               0.0801              -0.0000              -0.0000               2.1576              -0.2530              -0.0000               0.0000
[Row  16]               0.0549              -0.1578               0.0000              -0.0000              -0.2530               0.8632              -0.0000               0.0000
[Row  17]               0.0000               0.0000              -0.4950               0.0000              -0.0000              -0.0000               2.1299              -0.0000
[Row  18]               0.0000              -0.0000              -0.0000              -0.4950               0.0000               0.0000              -0.0000               2.1299
====== P^(AO) = SPS =====

                  [Col  1]              [Col  2]              [Col  3]              [Col  4]              [Col  5]              [Col  6]              [Col  7]              [Col  8]              [Col  9]              [Col 10]
[Row   1]               2.0000               0.6876              -0.0000               0.0000               0.0000               0.0265               0.0005              -0.0000               0.0000               0.0000
[Row   2]               0.6876               1.9999               0.0004              -0.0000              -0.0000               0.4374              -0.0070              -0.0000               0.0000              -0.0000
[Row   3]              -0.0000               0.0004               1.9982               0.0000               0.0000              -0.0022               0.4969               0.0000              -0.0000               0.0000
[Row   4]               0.0000              -0.0000               0.0000               2.0000               0.0000               0.0000               0.0000               0.4652              -0.0000              -0.0000
[Row   5]               0.0000              -0.0000               0.0000               0.0000               2.0000              -0.0000               0.0000              -0.0000               0.4652              -0.0000
[Row   6]               0.0265               0.4374              -0.0022               0.0000              -0.0000               1.9973               0.0393               0.0000               0.0000               0.0031
[Row   7]               0.0005              -0.0070               0.4969               0.0000               0.0000               0.0393               1.4260               0.0000              -0.0000              -0.0064
[Row   8]              -0.0000              -0.0000               0.0000               0.4652              -0.0000               0.0000               0.0000               2.0000              -0.0000              -0.0000
[Row   9]               0.0000               0.0000              -0.0000              -0.0000               0.4652               0.0000              -0.0000              -0.0000               2.0000               0.0000
[Row  10]               0.0000              -0.0000               0.0000              -0.0000              -0.0000               0.0031              -0.0064              -0.0000               0.0000               2.0000
[Row  11]              -0.0000               0.0001              -0.0004              -0.0000               0.0000               0.0248              -0.0395              -0.0000              -0.0000               0.6876
[Row  12]              -0.0000               0.0004              -0.0018              -0.0000               0.0000               0.0135               0.0058              -0.0000              -0.0000               0.0000
[Row  13]              -0.0000               0.0000               0.0000               0.0000              -0.0000               0.0000              -0.0000               0.0045               0.0000              -0.0000
[Row  14]               0.0000               0.0000              -0.0000              -0.0000               0.0000              -0.0000              -0.0000              -0.0000               0.0045               0.0000
[Row  15]               0.0031               0.0248              -0.0135              -0.0000               0.0000               0.3483              -0.4930              -0.0000              -0.0000               0.0265
[Row  16]               0.0064               0.0395               0.0058              -0.0000              -0.0000               0.4930              -1.1234               0.0000              -0.0000              -0.0005
[Row  17]               0.0000              -0.0000               0.0000               0.0045               0.0000               0.0000              -0.0000               0.1637               0.0000               0.0000
[Row  18]              -0.0000              -0.0000              -0.0000               0.0000               0.0045               0.0000               0.0000              -0.0000               0.1637              -0.0000
                  [Col 11]              [Col 12]              [Col 13]              [Col 14]              [Col 15]              [Col 16]              [Col 17]              [Col 18]
[Row   1]              -0.0000              -0.0000              -0.0000               0.0000               0.0031               0.0064               0.0000              -0.0000
[Row   2]               0.0001               0.0004               0.0000               0.0000               0.0248               0.0395              -0.0000              -0.0000
[Row   3]              -0.0004              -0.0018               0.0000              -0.0000              -0.0135               0.0058               0.0000              -0.0000
[Row   4]              -0.0000              -0.0000               0.0000              -0.0000              -0.0000              -0.0000               0.0045               0.0000
[Row   5]               0.0000               0.0000              -0.0000               0.0000               0.0000              -0.0000               0.0000               0.0045
[Row   6]               0.0248               0.0135               0.0000              -0.0000               0.3483               0.4930               0.0000               0.0000
[Row   7]              -0.0395               0.0058              -0.0000              -0.0000              -0.4930              -1.1234              -0.0000               0.0000
[Row   8]              -0.0000              -0.0000               0.0045              -0.0000              -0.0000               0.0000               0.1637              -0.0000
[Row   9]              -0.0000              -0.0000               0.0000               0.0045              -0.0000              -0.0000               0.0000               0.1637
[Row  10]               0.6876               0.0000              -0.0000               0.0000               0.0265              -0.0005               0.0000              -0.0000
[Row  11]               1.9999              -0.0004              -0.0000              -0.0000               0.4374               0.0070               0.0000               0.0000
[Row  12]              -0.0004               1.9982               0.0000               0.0000               0.0022               0.4969               0.0000              -0.0000
[Row  13]              -0.0000               0.0000               2.0000               0.0000              -0.0000               0.0000               0.4652              -0.0000
[Row  14]              -0.0000               0.0000               0.0000               2.0000              -0.0000              -0.0000               0.0000               0.4652
[Row  15]               0.4374               0.0022              -0.0000              -0.0000               1.9973              -0.0393              -0.0000               0.0000
[Row  16]               0.0070               0.4969               0.0000              -0.0000              -0.0393               1.4260              -0.0000               0.0000
[Row  17]               0.0000               0.0000               0.4652               0.0000              -0.0000              -0.0000               2.0000              -0.0000
[Row  18]               0.0000              -0.0000              -0.0000               0.4652               0.0000               0.0000              -0.0000               2.0000
====== S^(AO) = S =====

                  [Col  1]              [Col  2]              [Col  3]              [Col  4]              [Col  5]              [Col  6]              [Col  7]              [Col  8]              [Col  9]              [Col 10]
[Row   1]               1.0000               0.3438              -0.0000               0.0000               0.0000               0.0133               0.0000               0.0000               0.0000               0.0000
[Row   2]               0.3438               1.0000               0.0000               0.0000               0.0000               0.2185               0.0000               0.0000               0.0000               0.0000
[Row   3]              -0.0000               0.0000               1.0000               0.0000               0.0000              -0.0000               0.2326               0.0000               0.0000              -0.0000
[Row   4]               0.0000               0.0000               0.0000               1.0000               0.0000               0.0000               0.0000               0.2326               0.0000               0.0000
[Row   5]               0.0000               0.0000               0.0000               0.0000               1.0000               0.0000               0.0000               0.0000               0.2326               0.0000
[Row   6]               0.0133               0.2185              -0.0000               0.0000               0.0000               1.0000               0.0000               0.0000               0.0000               0.0015
[Row   7]               0.0000               0.0000               0.2326               0.0000               0.0000               0.0000               1.0000               0.0000               0.0000              -0.0030
[Row   8]               0.0000               0.0000               0.0000               0.2326               0.0000               0.0000               0.0000               1.0000               0.0000               0.0000
[Row   9]               0.0000               0.0000               0.0000               0.0000               0.2326               0.0000               0.0000               0.0000               1.0000               0.0000
[Row  10]               0.0000               0.0000              -0.0000               0.0000               0.0000               0.0015              -0.0030               0.0000               0.0000               1.0000
[Row  11]               0.0000               0.0000              -0.0000               0.0000               0.0000               0.0127              -0.0233               0.0000               0.0000               0.3438
[Row  12]               0.0000               0.0000              -0.0000               0.0000               0.0000               0.0078              -0.0129               0.0000               0.0000               0.0000
[Row  13]               0.0000               0.0000               0.0000               0.0000               0.0000               0.0000               0.0000               0.0023               0.0000               0.0000
[Row  14]               0.0000               0.0000               0.0000               0.0000               0.0000               0.0000               0.0000               0.0000               0.0023               0.0000
[Row  15]               0.0015               0.0127              -0.0078               0.0000               0.0000               0.1728              -0.2268               0.0000               0.0000               0.0133
[Row  16]               0.0030               0.0233              -0.0129               0.0000               0.0000               0.2268              -0.2747               0.0000               0.0000              -0.0000
[Row  17]               0.0000               0.0000               0.0000               0.0023               0.0000               0.0000               0.0000               0.0818               0.0000               0.0000
[Row  18]               0.0000               0.0000               0.0000               0.0000               0.0023               0.0000               0.0000               0.0000               0.0818               0.0000
                  [Col 11]              [Col 12]              [Col 13]              [Col 14]              [Col 15]              [Col 16]              [Col 17]              [Col 18]
[Row   1]               0.0000               0.0000               0.0000               0.0000               0.0015               0.0030               0.0000               0.0000
[Row   2]               0.0000               0.0000               0.0000               0.0000               0.0127               0.0233               0.0000               0.0000
[Row   3]              -0.0000              -0.0000               0.0000               0.0000              -0.0078              -0.0129               0.0000               0.0000
[Row   4]               0.0000               0.0000               0.0000               0.0000               0.0000               0.0000               0.0023               0.0000
[Row   5]               0.0000               0.0000               0.0000               0.0000               0.0000               0.0000               0.0000               0.0023
[Row   6]               0.0127               0.0078               0.0000               0.0000               0.1728               0.2268               0.0000               0.0000
[Row   7]              -0.0233              -0.0129               0.0000               0.0000              -0.2268              -0.2747               0.0000               0.0000
[Row   8]               0.0000               0.0000               0.0023               0.0000               0.0000               0.0000               0.0818               0.0000
[Row   9]               0.0000               0.0000               0.0000               0.0023               0.0000               0.0000               0.0000               0.0818
[Row  10]               0.3438               0.0000               0.0000               0.0000               0.0133              -0.0000               0.0000               0.0000
[Row  11]               1.0000              -0.0000               0.0000               0.0000               0.2185              -0.0000               0.0000               0.0000
[Row  12]              -0.0000               1.0000               0.0000               0.0000               0.0000               0.2326               0.0000               0.0000
[Row  13]               0.0000               0.0000               1.0000               0.0000               0.0000               0.0000               0.2326               0.0000
[Row  14]               0.0000               0.0000               0.0000               1.0000               0.0000               0.0000               0.0000               0.2326
[Row  15]               0.2185               0.0000               0.0000               0.0000               1.0000              -0.0000               0.0000               0.0000
[Row  16]              -0.0000               0.2326               0.0000               0.0000              -0.0000               1.0000               0.0000               0.0000
[Row  17]               0.0000               0.0000               0.2326               0.0000               0.0000               0.0000               1.0000               0.0000
[Row  18]               0.0000               0.0000               0.0000               0.2326               0.0000               0.0000               0.0000               1.0000
====== P^(AO) std gaussian m_l ordering SPS =====

                  [Col  1]              [Col  2]              [Col  3]              [Col  4]              [Col  5]              [Col  6]              [Col  7]              [Col  8]              [Col  9]              [Col 10]
[Row   1]               2.0000               0.6876               0.0000               0.0000              -0.0000               0.0265              -0.0000               0.0000               0.0005               0.0000
[Row   2]               0.6876               1.9999              -0.0000              -0.0000               0.0004               0.4374              -0.0000               0.0000              -0.0070              -0.0000
[Row   3]               0.0000              -0.0000               2.0000               0.0000               0.0000               0.0000               0.4652              -0.0000               0.0000              -0.0000
[Row   4]               0.0000              -0.0000               0.0000               2.0000               0.0000              -0.0000              -0.0000               0.4652               0.0000              -0.0000
[Row   5]              -0.0000               0.0004               0.0000               0.0000               1.9982              -0.0022               0.0000              -0.0000               0.4969               0.0000
[Row   6]               0.0265               0.4374               0.0000              -0.0000              -0.0022               1.9973               0.0000               0.0000               0.0393               0.0031
[Row   7]              -0.0000              -0.0000               0.4652              -0.0000               0.0000               0.0000               2.0000              -0.0000               0.0000              -0.0000
[Row   8]               0.0000               0.0000              -0.0000               0.4652              -0.0000               0.0000              -0.0000               2.0000              -0.0000               0.0000
[Row   9]               0.0005              -0.0070               0.0000               0.0000               0.4969               0.0393               0.0000              -0.0000               1.4260              -0.0064
[Row  10]               0.0000              -0.0000              -0.0000              -0.0000               0.0000               0.0031              -0.0000               0.0000              -0.0064               2.0000
[Row  11]              -0.0000               0.0001              -0.0000               0.0000              -0.0004               0.0248              -0.0000              -0.0000              -0.0395               0.6876
[Row  12]              -0.0000               0.0000               0.0000              -0.0000               0.0000               0.0000               0.0045               0.0000              -0.0000              -0.0000
[Row  13]               0.0000               0.0000              -0.0000               0.0000              -0.0000              -0.0000              -0.0000               0.0045              -0.0000               0.0000
[Row  14]              -0.0000               0.0004              -0.0000               0.0000              -0.0018               0.0135              -0.0000              -0.0000               0.0058               0.0000
[Row  15]               0.0031               0.0248              -0.0000               0.0000              -0.0135               0.3483              -0.0000              -0.0000              -0.4930               0.0265
[Row  16]               0.0000              -0.0000               0.0045               0.0000               0.0000               0.0000               0.1637               0.0000              -0.0000               0.0000
[Row  17]              -0.0000              -0.0000               0.0000               0.0045              -0.0000               0.0000              -0.0000               0.1637               0.0000              -0.0000
[Row  18]               0.0064               0.0395              -0.0000              -0.0000               0.0058               0.4930               0.0000              -0.0000              -1.1234              -0.0005
                  [Col 11]              [Col 12]              [Col 13]              [Col 14]              [Col 15]              [Col 16]              [Col 17]              [Col 18]
[Row   1]              -0.0000              -0.0000               0.0000              -0.0000               0.0031               0.0000              -0.0000               0.0064
[Row   2]               0.0001               0.0000               0.0000               0.0004               0.0248              -0.0000              -0.0000               0.0395
[Row   3]              -0.0000               0.0000              -0.0000              -0.0000              -0.0000               0.0045               0.0000              -0.0000
[Row   4]               0.0000              -0.0000               0.0000               0.0000               0.0000               0.0000               0.0045              -0.0000
[Row   5]              -0.0004               0.0000              -0.0000              -0.0018              -0.0135               0.0000              -0.0000               0.0058
[Row   6]               0.0248               0.0000              -0.0000               0.0135               0.3483               0.0000               0.0000               0.4930
[Row   7]              -0.0000               0.0045              -0.0000              -0.0000              -0.0000               0.1637              -0.0000               0.0000
[Row   8]              -0.0000               0.0000               0.0045              -0.0000              -0.0000               0.0000               0.1637              -0.0000
[Row   9]              -0.0395              -0.0000              -0.0000               0.0058              -0.4930              -0.0000               0.0000              -1.1234
[Row  10]               0.6876              -0.0000               0.0000               0.0000               0.0265               0.0000              -0.0000              -0.0005
[Row  11]               1.9999              -0.0000              -0.0000              -0.0004               0.4374               0.0000               0.0000               0.0070
[Row  12]              -0.0000               2.0000               0.0000               0.0000              -0.0000               0.4652              -0.0000               0.0000
[Row  13]              -0.0000               0.0000               2.0000               0.0000              -0.0000               0.0000               0.4652              -0.0000
[Row  14]              -0.0004               0.0000               0.0000               1.9982               0.0022               0.0000              -0.0000               0.4969
[Row  15]               0.4374              -0.0000              -0.0000               0.0022               1.9973              -0.0000               0.0000              -0.0393
[Row  16]               0.0000               0.4652               0.0000               0.0000              -0.0000               2.0000              -0.0000              -0.0000
[Row  17]               0.0000              -0.0000               0.4652              -0.0000               0.0000              -0.0000               2.0000               0.0000
[Row  18]               0.0070               0.0000              -0.0000               0.4969              -0.0393              -0.0000               0.0000               1.4260
====== S^(AO) std gaussian m_l ordering =====

                  [Col  1]              [Col  2]              [Col  3]              [Col  4]              [Col  5]              [Col  6]              [Col  7]              [Col  8]              [Col  9]              [Col 10]
[Row   1]               1.0000               0.3438               0.0000               0.0000              -0.0000               0.0133               0.0000               0.0000               0.0000               0.0000
[Row   2]               0.3438               1.0000               0.0000               0.0000               0.0000               0.2185               0.0000               0.0000               0.0000               0.0000
[Row   3]               0.0000               0.0000               1.0000               0.0000               0.0000               0.0000               0.2326               0.0000               0.0000               0.0000
[Row   4]               0.0000               0.0000               0.0000               1.0000               0.0000               0.0000               0.0000               0.2326               0.0000               0.0000
[Row   5]              -0.0000               0.0000               0.0000               0.0000               1.0000              -0.0000               0.0000               0.0000               0.2326              -0.0000
[Row   6]               0.0133               0.2185               0.0000               0.0000              -0.0000               1.0000               0.0000               0.0000               0.0000               0.0015
[Row   7]               0.0000               0.0000               0.2326               0.0000               0.0000               0.0000               1.0000               0.0000               0.0000               0.0000
[Row   8]               0.0000               0.0000               0.0000               0.2326               0.0000               0.0000               0.0000               1.0000               0.0000               0.0000
[Row   9]               0.0000               0.0000               0.0000               0.0000               0.2326               0.0000               0.0000               0.0000               1.0000              -0.0030
[Row  10]               0.0000               0.0000               0.0000               0.0000              -0.0000               0.0015               0.0000               0.0000              -0.0030               1.0000
[Row  11]               0.0000               0.0000               0.0000               0.0000              -0.0000               0.0127               0.0000               0.0000              -0.0233               0.3438
[Row  12]               0.0000               0.0000               0.0000               0.0000               0.0000               0.0000               0.0023               0.0000               0.0000               0.0000
[Row  13]               0.0000               0.0000               0.0000               0.0000               0.0000               0.0000               0.0000               0.0023               0.0000               0.0000
[Row  14]               0.0000               0.0000               0.0000               0.0000              -0.0000               0.0078               0.0000               0.0000              -0.0129               0.0000
[Row  15]               0.0015               0.0127               0.0000               0.0000              -0.0078               0.1728               0.0000               0.0000              -0.2268               0.0133
[Row  16]               0.0000               0.0000               0.0023               0.0000               0.0000               0.0000               0.0818               0.0000               0.0000               0.0000
[Row  17]               0.0000               0.0000               0.0000               0.0023               0.0000               0.0000               0.0000               0.0818               0.0000               0.0000
[Row  18]               0.0030               0.0233               0.0000               0.0000              -0.0129               0.2268               0.0000               0.0000              -0.2747              -0.0000
                  [Col 11]              [Col 12]              [Col 13]              [Col 14]              [Col 15]              [Col 16]              [Col 17]              [Col 18]
[Row   1]               0.0000               0.0000               0.0000               0.0000               0.0015               0.0000               0.0000               0.0030
[Row   2]               0.0000               0.0000               0.0000               0.0000               0.0127               0.0000               0.0000               0.0233
[Row   3]               0.0000               0.0000               0.0000               0.0000               0.0000               0.0023               0.0000               0.0000
[Row   4]               0.0000               0.0000               0.0000               0.0000               0.0000               0.0000               0.0023               0.0000
[Row   5]              -0.0000               0.0000               0.0000              -0.0000              -0.0078               0.0000               0.0000              -0.0129
[Row   6]               0.0127               0.0000               0.0000               0.0078               0.1728               0.0000               0.0000               0.2268
[Row   7]               0.0000               0.0023               0.0000               0.0000               0.0000               0.0818               0.0000               0.0000
[Row   8]               0.0000               0.0000               0.0023               0.0000               0.0000               0.0000               0.0818               0.0000
[Row   9]              -0.0233               0.0000               0.0000              -0.0129              -0.2268               0.0000               0.0000              -0.2747
[Row  10]               0.3438               0.0000               0.0000               0.0000               0.0133               0.0000               0.0000              -0.0000
[Row  11]               1.0000               0.0000               0.0000              -0.0000               0.2185               0.0000               0.0000              -0.0000
[Row  12]               0.0000               1.0000               0.0000               0.0000               0.0000               0.2326               0.0000               0.0000
[Row  13]               0.0000               0.0000               1.0000               0.0000               0.0000               0.0000               0.2326               0.0000
[Row  14]              -0.0000               0.0000               0.0000               1.0000               0.0000               0.0000               0.0000               0.2326
[Row  15]               0.2185               0.0000               0.0000               0.0000               1.0000               0.0000               0.0000              -0.0000
[Row  16]               0.0000               0.2326               0.0000               0.0000               0.0000               1.0000               0.0000               0.0000
[Row  17]               0.0000               0.0000               0.2326               0.0000               0.0000               0.0000               1.0000               0.0000
[Row  18]              -0.0000               0.0000               0.0000               0.2326              -0.0000               0.0000               0.0000               1.0000
