molecule mol49.xyz
System:, atNum: 9 coords [              0.0000               0.0000              -2.0500]
System:, atNum: 17 coords [              0.0000               0.0000               1.0853]
===== Original AO-S matrix =====

                  [Col  1]              [Col  2]              [Col  3]              [Col  4]              [Col  5]              [Col  6]              [Col  7]              [Col  8]              [Col  9]              [Col 10]
[Row   1]               1.0000               0.2380               0.0000               0.0000               0.0000               0.0000               0.0000              -0.0000               0.0000               0.0000
[Row   2]               0.2380               1.0000              -0.0000               0.0000               0.0000               0.0005               0.0055              -0.0053               0.0000               0.0000
[Row   3]               0.0000              -0.0000               1.0000               0.0000               0.0000               0.0012               0.0118              -0.0103               0.0000               0.0000
[Row   4]               0.0000               0.0000               0.0000               1.0000               0.0000               0.0000               0.0000               0.0000               0.0014               0.0000
[Row   5]               0.0000               0.0000               0.0000               0.0000               1.0000               0.0000               0.0000               0.0000               0.0000               0.0014
[Row   6]               0.0000               0.0005               0.0012               0.0000               0.0000               1.0000               0.3438              -0.0000               0.0000               0.0000
[Row   7]               0.0000               0.0055               0.0118               0.0000               0.0000               0.3438               1.0000              -0.0000               0.0000               0.0000
[Row   8]              -0.0000              -0.0053              -0.0103               0.0000               0.0000              -0.0000              -0.0000               1.0000               0.0000               0.0000
[Row   9]               0.0000               0.0000               0.0000               0.0014               0.0000               0.0000               0.0000               0.0000               1.0000               0.0000
[Row  10]               0.0000               0.0000               0.0000               0.0000               0.0014               0.0000               0.0000               0.0000               0.0000               1.0000
[Row  11]               0.0122               0.1571               0.1563               0.0000               0.0000               0.0133               0.2185               0.0000               0.0000               0.0000
[Row  12]              -0.0208              -0.2366              -0.2176               0.0000               0.0000              -0.0000              -0.0000               0.2326               0.0000               0.0000
[Row  13]               0.0000               0.0000               0.0000               0.0689               0.0000               0.0000               0.0000               0.0000               0.2326               0.0000
[Row  14]               0.0000               0.0000               0.0000               0.0000               0.0689               0.0000               0.0000               0.0000               0.0000               0.2326
                  [Col 11]              [Col 12]              [Col 13]              [Col 14]
[Row   1]               0.0122              -0.0208               0.0000               0.0000
[Row   2]               0.1571              -0.2366               0.0000               0.0000
[Row   3]               0.1563              -0.2176               0.0000               0.0000
[Row   4]               0.0000               0.0000               0.0689               0.0000
[Row   5]               0.0000               0.0000               0.0000               0.0689
[Row   6]               0.0133              -0.0000               0.0000               0.0000
[Row   7]               0.2185              -0.0000               0.0000               0.0000
[Row   8]               0.0000               0.2326               0.0000               0.0000
[Row   9]               0.0000               0.0000               0.2326               0.0000
[Row  10]               0.0000               0.0000               0.0000               0.2326
[Row  11]               1.0000               0.0000               0.0000               0.0000
[Row  12]               0.0000               1.0000               0.0000               0.0000
[Row  13]               0.0000               0.0000               1.0000               0.0000
[Row  14]               0.0000               0.0000               0.0000               1.0000
nbas 14
 ===== CA ===== 

                  [Col  1]              [Col  2]              [Col  3]              [Col  4]              [Col  5]              [Col  6]              [Col  7]              [Col  8]              [Col  9]              [Col 10]
[Row   1]              -0.0000               0.9950              -0.0008               0.0011               0.0000               0.0000               0.2489               0.0794               0.0000              -0.0000
[Row   2]               0.0003               0.0207               0.0056              -0.0081               0.0000              -0.0000              -0.9518              -0.3638              -0.0000               0.0000
[Row   3]               0.0002               0.0016               0.0037              -0.0051               0.0000              -0.0000              -0.0641               0.1878               0.0000              -0.0000
[Row   4]              -0.0000               0.0000               0.0000              -0.0000               0.0018               0.0000               0.0000               0.0000               0.9008               0.0023
[Row   5]              -0.0000               0.0000              -0.0000              -0.0000              -0.0000               0.0018               0.0000              -0.0000              -0.0023               0.9008
[Row   6]               0.9945              -0.0001               0.3772               0.0043              -0.0000               0.0000              -0.0178               0.0836              -0.0000               0.0000
[Row   7]               0.0157               0.0003              -1.0539              -0.0124               0.0000              -0.0000               0.0592              -0.2750               0.0000              -0.0000
[Row   8]              -0.0001              -0.0005               0.0103              -0.9890               0.0000              -0.0000              -0.0357               0.0080               0.0000              -0.0000
[Row   9]              -0.0000               0.0000              -0.0000              -0.0000              -0.9901              -0.0206              -0.0000              -0.0000              -0.1058              -0.0003
[Row  10]              -0.0000              -0.0000               0.0000               0.0000               0.0206              -0.9901               0.0000              -0.0000               0.0003              -0.1058
[Row  11]              -0.0017              -0.0022              -0.0418               0.0026               0.0000               0.0000              -0.1783               0.9702              -0.0000               0.0000
[Row  12]               0.0001               0.0030               0.0032              -0.0437              -0.0000              -0.0000               0.0990              -0.0270              -0.0000               0.0000
[Row  13]              -0.0000              -0.0000               0.0000               0.0000              -0.0387              -0.0008               0.0000               0.0000               0.3855               0.0010
[Row  14]              -0.0000               0.0000              -0.0000               0.0000               0.0008              -0.0387               0.0000               0.0000              -0.0010               0.3855
                  [Col 11]              [Col 12]              [Col 13]              [Col 14]
[Row   1]               0.0425               0.0000              -0.0000               0.0514
[Row   2]              -0.2137               0.0000               0.0000              -0.2895
[Row   3]               0.6170               0.0000              -0.0000              -0.8174
[Row   4]              -0.0000               0.4322               0.0816               0.0000
[Row   5]               0.0000               0.0816              -0.4322              -0.0000
[Row   6]              -0.0206              -0.0000               0.0000               0.0191
[Row   7]               0.0671               0.0000              -0.0000              -0.0611
[Row   8]               0.1897              -0.0000              -0.0000               0.2169
[Row   9]               0.0000               0.2516               0.0475               0.0000
[Row  10]              -0.0000               0.0475              -0.2516              -0.0000
[Row  11]              -0.2679              -0.0000              -0.0000               0.2694
[Row  12]              -0.6730               0.0000               0.0000              -0.8538
[Row  13]              -0.0000              -0.9386              -0.1773              -0.0000
[Row  14]               0.0000              -0.1773               0.9386               0.0000
 ===== CB ===== 

                  [Col  1]              [Col  2]              [Col  3]              [Col  4]              [Col  5]              [Col  6]              [Col  7]              [Col  8]              [Col  9]              [Col 10]
[Row   1]              -0.0000               0.9950              -0.0008               0.0011               0.0000               0.0000               0.2489               0.0794               0.0000              -0.0000
[Row   2]               0.0003               0.0207               0.0056              -0.0081               0.0000              -0.0000              -0.9518              -0.3638              -0.0000               0.0000
[Row   3]               0.0002               0.0016               0.0037              -0.0051               0.0000              -0.0000              -0.0641               0.1878               0.0000              -0.0000
[Row   4]              -0.0000               0.0000               0.0000              -0.0000               0.0018               0.0000               0.0000               0.0000               0.9008               0.0023
[Row   5]              -0.0000               0.0000              -0.0000              -0.0000              -0.0000               0.0018               0.0000              -0.0000              -0.0023               0.9008
[Row   6]               0.9945              -0.0001               0.3772               0.0043              -0.0000               0.0000              -0.0178               0.0836              -0.0000               0.0000
[Row   7]               0.0157               0.0003              -1.0539              -0.0124               0.0000              -0.0000               0.0592              -0.2750               0.0000              -0.0000
[Row   8]              -0.0001              -0.0005               0.0103              -0.9890               0.0000              -0.0000              -0.0357               0.0080               0.0000              -0.0000
[Row   9]              -0.0000               0.0000              -0.0000              -0.0000              -0.9901              -0.0206              -0.0000              -0.0000              -0.1058              -0.0003
[Row  10]              -0.0000              -0.0000               0.0000               0.0000               0.0206              -0.9901               0.0000              -0.0000               0.0003              -0.1058
[Row  11]              -0.0017              -0.0022              -0.0418               0.0026               0.0000               0.0000              -0.1783               0.9702              -0.0000               0.0000
[Row  12]               0.0001               0.0030               0.0032              -0.0437              -0.0000              -0.0000               0.0990              -0.0270              -0.0000               0.0000
[Row  13]              -0.0000              -0.0000               0.0000               0.0000              -0.0387              -0.0008               0.0000               0.0000               0.3855               0.0010
[Row  14]              -0.0000               0.0000              -0.0000               0.0000               0.0008              -0.0387               0.0000               0.0000              -0.0010               0.3855
                  [Col 11]              [Col 12]              [Col 13]              [Col 14]
[Row   1]               0.0425               0.0000              -0.0000               0.0514
[Row   2]              -0.2137               0.0000               0.0000              -0.2895
[Row   3]               0.6170               0.0000              -0.0000              -0.8174
[Row   4]              -0.0000               0.4322               0.0816               0.0000
[Row   5]               0.0000               0.0816              -0.4322              -0.0000
[Row   6]              -0.0206              -0.0000               0.0000               0.0191
[Row   7]               0.0671               0.0000              -0.0000              -0.0611
[Row   8]               0.1897              -0.0000              -0.0000               0.2169
[Row   9]               0.0000               0.2516               0.0475               0.0000
[Row  10]              -0.0000               0.0475              -0.2516              -0.0000
[Row  11]              -0.2679              -0.0000              -0.0000               0.2694
[Row  12]              -0.6730               0.0000               0.0000              -0.8538
[Row  13]              -0.0000              -0.9386              -0.1773              -0.0000
[Row  14]               0.0000              -0.1773               0.9386               0.0000
 ===== P_psi ===== Dalpha+Dbeta 

                  [Col  1]              [Col  2]              [Col  3]              [Col  4]              [Col  5]              [Col  6]              [Col  7]              [Col  8]              [Col  9]              [Col 10]
[Row   1]               2.1201              -0.5085               0.0535               0.0000               0.0000               0.0017              -0.0061              -0.0036               0.0000              -0.0000
[Row   2]              -0.5085               2.1689              -0.2780               0.0000              -0.0000              -0.0134               0.0472              -0.0027               0.0000               0.0000
[Row   3]               0.0535              -0.2780               0.8402               0.0000              -0.0000               0.0114              -0.0358               0.2519               0.0000               0.0000
[Row   4]               0.0000               0.0000               0.0000               2.0100              -0.0000              -0.0000               0.0000              -0.0000               0.0312               0.0000
[Row   5]               0.0000              -0.0000              -0.0000              -0.0000               2.0100              -0.0000               0.0000               0.0000              -0.0000               0.0312
[Row   6]               0.0017              -0.0134               0.0114              -0.0000              -0.0000               2.2781              -0.8147              -0.0062              -0.0000               0.0000
[Row   7]              -0.0061               0.0472              -0.0358               0.0000               0.0000              -0.8147               2.3892               0.0195               0.0000              -0.0000
[Row   8]              -0.0036              -0.0027               0.2519              -0.0000               0.0000              -0.0062               0.0195               2.0313              -0.0000              -0.0000
[Row   9]               0.0000               0.0000               0.0000               0.0312              -0.0000              -0.0000               0.0000              -0.0000               2.1149               0.0000
[Row  10]              -0.0000               0.0000               0.0000               0.0000               0.0312               0.0000              -0.0000              -0.0000               0.0000               2.1149
[Row  11]               0.0383              -0.2527               0.0563              -0.0000               0.0000               0.1449              -0.5027              -0.0794              -0.0000              -0.0000
[Row  12]              -0.0064               0.1197              -0.8528               0.0000              -0.0000               0.0220              -0.0695              -0.1762               0.0000              -0.0000
[Row  13]              -0.0000              -0.0000              -0.0000              -0.1458              -0.0000              -0.0000              -0.0000               0.0000              -0.4940              -0.0000
[Row  14]               0.0000               0.0000               0.0000              -0.0000              -0.1458              -0.0000              -0.0000               0.0000               0.0000              -0.4940
                  [Col 11]              [Col 12]              [Col 13]              [Col 14]
[Row   1]               0.0383              -0.0064              -0.0000               0.0000
[Row   2]              -0.2527               0.1197              -0.0000               0.0000
[Row   3]               0.0563              -0.8528              -0.0000               0.0000
[Row   4]              -0.0000               0.0000              -0.1458              -0.0000
[Row   5]               0.0000              -0.0000              -0.0000              -0.1458
[Row   6]               0.1449               0.0220              -0.0000              -0.0000
[Row   7]              -0.5027              -0.0695              -0.0000              -0.0000
[Row   8]              -0.0794              -0.1762               0.0000               0.0000
[Row   9]              -0.0000               0.0000              -0.4940               0.0000
[Row  10]              -0.0000              -0.0000              -0.0000              -0.4940
[Row  11]               2.0932               0.2725               0.0000               0.0000
[Row  12]               0.2725               0.9307              -0.0000               0.0000
[Row  13]               0.0000              -0.0000               2.1250               0.0000
[Row  14]               0.0000               0.0000               0.0000               2.1250
===== P_mu,nu local =====

                  [Col  1]              [Col  2]              [Col  3]              [Col  4]              [Col  5]              [Col  6]              [Col  7]              [Col  8]              [Col  9]              [Col 10]
[Row   1]               2.1201              -0.5085               0.0535               0.0000               0.0000               0.0017              -0.0061              -0.0036               0.0000              -0.0000
[Row   2]              -0.5085               2.1689              -0.2780               0.0000              -0.0000              -0.0134               0.0472              -0.0027               0.0000               0.0000
[Row   3]               0.0535              -0.2780               0.8402               0.0000              -0.0000               0.0114              -0.0358               0.2519               0.0000               0.0000
[Row   4]               0.0000               0.0000               0.0000               2.0100              -0.0000              -0.0000               0.0000              -0.0000               0.0312               0.0000
[Row   5]               0.0000              -0.0000              -0.0000              -0.0000               2.0100              -0.0000               0.0000               0.0000              -0.0000               0.0312
[Row   6]               0.0017              -0.0134               0.0114              -0.0000              -0.0000               2.2781              -0.8147              -0.0062              -0.0000               0.0000
[Row   7]              -0.0061               0.0472              -0.0358               0.0000               0.0000              -0.8147               2.3892               0.0195               0.0000              -0.0000
[Row   8]              -0.0036              -0.0027               0.2519              -0.0000               0.0000              -0.0062               0.0195               2.0313              -0.0000              -0.0000
[Row   9]               0.0000               0.0000               0.0000               0.0312              -0.0000              -0.0000               0.0000              -0.0000               2.1149               0.0000
[Row  10]              -0.0000               0.0000               0.0000               0.0000               0.0312               0.0000              -0.0000              -0.0000               0.0000               2.1149
[Row  11]               0.0383              -0.2527               0.0563              -0.0000               0.0000               0.1449              -0.5027              -0.0794              -0.0000              -0.0000
[Row  12]              -0.0064               0.1197              -0.8528               0.0000              -0.0000               0.0220              -0.0695              -0.1762               0.0000              -0.0000
[Row  13]              -0.0000              -0.0000              -0.0000              -0.1458              -0.0000              -0.0000              -0.0000               0.0000              -0.4940              -0.0000
[Row  14]               0.0000               0.0000               0.0000              -0.0000              -0.1458              -0.0000              -0.0000               0.0000               0.0000              -0.4940
                  [Col 11]              [Col 12]              [Col 13]              [Col 14]
[Row   1]               0.0383              -0.0064              -0.0000               0.0000
[Row   2]              -0.2527               0.1197              -0.0000               0.0000
[Row   3]               0.0563              -0.8528              -0.0000               0.0000
[Row   4]              -0.0000               0.0000              -0.1458              -0.0000
[Row   5]               0.0000              -0.0000              -0.0000              -0.1458
[Row   6]               0.1449               0.0220              -0.0000              -0.0000
[Row   7]              -0.5027              -0.0695              -0.0000              -0.0000
[Row   8]              -0.0794              -0.1762               0.0000               0.0000
[Row   9]              -0.0000               0.0000              -0.4940               0.0000
[Row  10]              -0.0000              -0.0000              -0.0000              -0.4940
[Row  11]               2.0932               0.2725               0.0000               0.0000
[Row  12]               0.2725               0.9307              -0.0000               0.0000
[Row  13]               0.0000              -0.0000               2.1250               0.0000
[Row  14]               0.0000               0.0000               0.0000               2.1250
===== P_mu,nu psi4 =====

                  [Col  1]              [Col  2]              [Col  3]              [Col  4]              [Col  5]              [Col  6]              [Col  7]              [Col  8]              [Col  9]              [Col 10]
[Row   1]               2.1201              -0.5085               0.0535               0.0000               0.0000               0.0017              -0.0061              -0.0036               0.0000              -0.0000
[Row   2]              -0.5085               2.1689              -0.2780               0.0000              -0.0000              -0.0134               0.0472              -0.0027               0.0000               0.0000
[Row   3]               0.0535              -0.2780               0.8402               0.0000              -0.0000               0.0114              -0.0358               0.2519               0.0000               0.0000
[Row   4]               0.0000               0.0000               0.0000               2.0100              -0.0000              -0.0000               0.0000              -0.0000               0.0312               0.0000
[Row   5]               0.0000              -0.0000              -0.0000              -0.0000               2.0100              -0.0000               0.0000               0.0000              -0.0000               0.0312
[Row   6]               0.0017              -0.0134               0.0114              -0.0000              -0.0000               2.2781              -0.8147              -0.0062              -0.0000               0.0000
[Row   7]              -0.0061               0.0472              -0.0358               0.0000               0.0000              -0.8147               2.3892               0.0195               0.0000              -0.0000
[Row   8]              -0.0036              -0.0027               0.2519              -0.0000               0.0000              -0.0062               0.0195               2.0313              -0.0000              -0.0000
[Row   9]               0.0000               0.0000               0.0000               0.0312              -0.0000              -0.0000               0.0000              -0.0000               2.1149               0.0000
[Row  10]              -0.0000               0.0000               0.0000               0.0000               0.0312               0.0000              -0.0000              -0.0000               0.0000               2.1149
[Row  11]               0.0383              -0.2527               0.0563              -0.0000               0.0000               0.1449              -0.5027              -0.0794              -0.0000              -0.0000
[Row  12]              -0.0064               0.1197              -0.8528               0.0000              -0.0000               0.0220              -0.0695              -0.1762               0.0000              -0.0000
[Row  13]              -0.0000              -0.0000              -0.0000              -0.1458              -0.0000              -0.0000              -0.0000               0.0000              -0.4940              -0.0000
[Row  14]               0.0000               0.0000               0.0000              -0.0000              -0.1458              -0.0000              -0.0000               0.0000               0.0000              -0.4940
                  [Col 11]              [Col 12]              [Col 13]              [Col 14]
[Row   1]               0.0383              -0.0064              -0.0000               0.0000
[Row   2]              -0.2527               0.1197              -0.0000               0.0000
[Row   3]               0.0563              -0.8528              -0.0000               0.0000
[Row   4]              -0.0000               0.0000              -0.1458              -0.0000
[Row   5]               0.0000              -0.0000              -0.0000              -0.1458
[Row   6]               0.1449               0.0220              -0.0000              -0.0000
[Row   7]              -0.5027              -0.0695              -0.0000              -0.0000
[Row   8]              -0.0794              -0.1762               0.0000               0.0000
[Row   9]              -0.0000               0.0000              -0.4940               0.0000
[Row  10]              -0.0000              -0.0000              -0.0000              -0.4940
[Row  11]               2.0932               0.2725               0.0000               0.0000
[Row  12]               0.2725               0.9307              -0.0000               0.0000
[Row  13]               0.0000              -0.0000               2.1250               0.0000
[Row  14]               0.0000               0.0000               0.0000               2.1250
====== P^(AO) = SPS =====

                  [Col  1]              [Col  2]              [Col  3]              [Col  4]              [Col  5]              [Col  6]              [Col  7]              [Col  8]              [Col  9]              [Col 10]
[Row   1]               2.0000               0.4762               0.0042               0.0000               0.0000              -0.0000               0.0000              -0.0002               0.0000              -0.0000
[Row   2]               0.4762               1.9976              -0.0407              -0.0000              -0.0000               0.0011               0.0105              -0.0087              -0.0000               0.0000
[Row   3]               0.0042              -0.0407               1.2980               0.0000              -0.0000               0.0030               0.0154               0.0129              -0.0000               0.0000
[Row   4]               0.0000              -0.0000               0.0000               2.0000              -0.0000              -0.0000              -0.0000               0.0000               0.0027              -0.0000
[Row   5]               0.0000              -0.0000              -0.0000              -0.0000               2.0000              -0.0000               0.0000              -0.0000              -0.0000               0.0027
[Row   6]              -0.0000               0.0011               0.0030              -0.0000              -0.0000               2.0000               0.6876              -0.0000              -0.0000               0.0000
[Row   7]               0.0000               0.0105               0.0154              -0.0000               0.0000               0.6876               1.9999               0.0004              -0.0000              -0.0000
[Row   8]              -0.0002              -0.0087               0.0129               0.0000              -0.0000              -0.0000               0.0004               1.9984               0.0000              -0.0000
[Row   9]               0.0000              -0.0000              -0.0000               0.0027              -0.0000              -0.0000              -0.0000               0.0000               2.0000              -0.0000
[Row  10]              -0.0000               0.0000               0.0000              -0.0000               0.0027               0.0000              -0.0000              -0.0000              -0.0000               2.0000
[Row  11]               0.0239               0.3199               0.4118              -0.0000               0.0000               0.0265               0.4381              -0.0047              -0.0000              -0.0000
[Row  12]              -0.0377              -0.5116              -1.0964               0.0000              -0.0000               0.0005              -0.0077               0.4968               0.0000              -0.0000
[Row  13]              -0.0000              -0.0000              -0.0000               0.1379              -0.0000              -0.0000              -0.0000               0.0000               0.4652              -0.0000
[Row  14]               0.0000               0.0000               0.0000              -0.0000               0.1379              -0.0000              -0.0000               0.0000               0.0000               0.4652
                  [Col 11]              [Col 12]              [Col 13]              [Col 14]
[Row   1]               0.0239              -0.0377              -0.0000               0.0000
[Row   2]               0.3199              -0.5116              -0.0000               0.0000
[Row   3]               0.4118              -1.0964              -0.0000               0.0000
[Row   4]              -0.0000               0.0000               0.1379              -0.0000
[Row   5]               0.0000              -0.0000              -0.0000               0.1379
[Row   6]               0.0265               0.0005              -0.0000              -0.0000
[Row   7]               0.4381              -0.0077              -0.0000              -0.0000
[Row   8]              -0.0047               0.4968               0.0000               0.0000
[Row   9]              -0.0000               0.0000               0.4652               0.0000
[Row  10]              -0.0000              -0.0000              -0.0000               0.4652
[Row  11]               1.9860               0.0935              -0.0000              -0.0000
[Row  12]               0.0935               1.3771              -0.0000              -0.0000
[Row  13]              -0.0000              -0.0000               2.0000              -0.0000
[Row  14]              -0.0000              -0.0000              -0.0000               2.0000
====== S^(AO) = S =====

                  [Col  1]              [Col  2]              [Col  3]              [Col  4]              [Col  5]              [Col  6]              [Col  7]              [Col  8]              [Col  9]              [Col 10]
[Row   1]               1.0000               0.2380               0.0000               0.0000               0.0000               0.0000               0.0000              -0.0000               0.0000               0.0000
[Row   2]               0.2380               1.0000              -0.0000               0.0000               0.0000               0.0005               0.0055              -0.0053               0.0000               0.0000
[Row   3]               0.0000              -0.0000               1.0000               0.0000               0.0000               0.0012               0.0118              -0.0103               0.0000               0.0000
[Row   4]               0.0000               0.0000               0.0000               1.0000               0.0000               0.0000               0.0000               0.0000               0.0014               0.0000
[Row   5]               0.0000               0.0000               0.0000               0.0000               1.0000               0.0000               0.0000               0.0000               0.0000               0.0014
[Row   6]               0.0000               0.0005               0.0012               0.0000               0.0000               1.0000               0.3438              -0.0000               0.0000               0.0000
[Row   7]               0.0000               0.0055               0.0118               0.0000               0.0000               0.3438               1.0000              -0.0000               0.0000               0.0000
[Row   8]              -0.0000              -0.0053              -0.0103               0.0000               0.0000              -0.0000              -0.0000               1.0000               0.0000               0.0000
[Row   9]               0.0000               0.0000               0.0000               0.0014               0.0000               0.0000               0.0000               0.0000               1.0000               0.0000
[Row  10]               0.0000               0.0000               0.0000               0.0000               0.0014               0.0000               0.0000               0.0000               0.0000               1.0000
[Row  11]               0.0122               0.1571               0.1563               0.0000               0.0000               0.0133               0.2185               0.0000               0.0000               0.0000
[Row  12]              -0.0208              -0.2366              -0.2176               0.0000               0.0000              -0.0000              -0.0000               0.2326               0.0000               0.0000
[Row  13]               0.0000               0.0000               0.0000               0.0689               0.0000               0.0000               0.0000               0.0000               0.2326               0.0000
[Row  14]               0.0000               0.0000               0.0000               0.0000               0.0689               0.0000               0.0000               0.0000               0.0000               0.2326
                  [Col 11]              [Col 12]              [Col 13]              [Col 14]
[Row   1]               0.0122              -0.0208               0.0000               0.0000
[Row   2]               0.1571              -0.2366               0.0000               0.0000
[Row   3]               0.1563              -0.2176               0.0000               0.0000
[Row   4]               0.0000               0.0000               0.0689               0.0000
[Row   5]               0.0000               0.0000               0.0000               0.0689
[Row   6]               0.0133              -0.0000               0.0000               0.0000
[Row   7]               0.2185              -0.0000               0.0000               0.0000
[Row   8]               0.0000               0.2326               0.0000               0.0000
[Row   9]               0.0000               0.0000               0.2326               0.0000
[Row  10]               0.0000               0.0000               0.0000               0.2326
[Row  11]               1.0000               0.0000               0.0000               0.0000
[Row  12]               0.0000               1.0000               0.0000               0.0000
[Row  13]               0.0000               0.0000               1.0000               0.0000
[Row  14]               0.0000               0.0000               0.0000               1.0000
====== P^(AO) std gaussian m_l ordering SPS =====

                  [Col  1]              [Col  2]              [Col  3]              [Col  4]              [Col  5]              [Col  6]              [Col  7]              [Col  8]              [Col  9]              [Col 10]
[Row   1]               2.0000               0.4762               0.0000               0.0000               0.0042              -0.0000               0.0000               0.0000              -0.0000              -0.0002
[Row   2]               0.4762               1.9976              -0.0000              -0.0000              -0.0407               0.0011               0.0105              -0.0000               0.0000              -0.0087
[Row   3]               0.0000              -0.0000               2.0000              -0.0000               0.0000              -0.0000              -0.0000               0.0027              -0.0000               0.0000
[Row   4]               0.0000              -0.0000              -0.0000               2.0000              -0.0000              -0.0000               0.0000              -0.0000               0.0027              -0.0000
[Row   5]               0.0042              -0.0407               0.0000              -0.0000               1.2980               0.0030               0.0154              -0.0000               0.0000               0.0129
[Row   6]              -0.0000               0.0011              -0.0000              -0.0000               0.0030               2.0000               0.6876              -0.0000               0.0000              -0.0000
[Row   7]               0.0000               0.0105              -0.0000               0.0000               0.0154               0.6876               1.9999              -0.0000              -0.0000               0.0004
[Row   8]               0.0000              -0.0000               0.0027              -0.0000              -0.0000              -0.0000              -0.0000               2.0000              -0.0000               0.0000
[Row   9]              -0.0000               0.0000              -0.0000               0.0027               0.0000               0.0000              -0.0000              -0.0000               2.0000              -0.0000
[Row  10]              -0.0002              -0.0087               0.0000              -0.0000               0.0129              -0.0000               0.0004               0.0000              -0.0000               1.9984
[Row  11]               0.0239               0.3199              -0.0000               0.0000               0.4118               0.0265               0.4381              -0.0000              -0.0000              -0.0047
[Row  12]              -0.0000              -0.0000               0.1379              -0.0000              -0.0000              -0.0000              -0.0000               0.4652              -0.0000               0.0000
[Row  13]               0.0000               0.0000              -0.0000               0.1379               0.0000              -0.0000              -0.0000               0.0000               0.4652               0.0000
[Row  14]              -0.0377              -0.5116               0.0000              -0.0000              -1.0964               0.0005              -0.0077               0.0000              -0.0000               0.4968
                  [Col 11]              [Col 12]              [Col 13]              [Col 14]
[Row   1]               0.0239              -0.0000               0.0000              -0.0377
[Row   2]               0.3199              -0.0000               0.0000              -0.5116
[Row   3]              -0.0000               0.1379              -0.0000               0.0000
[Row   4]               0.0000              -0.0000               0.1379              -0.0000
[Row   5]               0.4118              -0.0000               0.0000              -1.0964
[Row   6]               0.0265              -0.0000              -0.0000               0.0005
[Row   7]               0.4381              -0.0000              -0.0000              -0.0077
[Row   8]              -0.0000               0.4652               0.0000               0.0000
[Row   9]              -0.0000              -0.0000               0.4652              -0.0000
[Row  10]              -0.0047               0.0000               0.0000               0.4968
[Row  11]               1.9860              -0.0000              -0.0000               0.0935
[Row  12]              -0.0000               2.0000              -0.0000              -0.0000
[Row  13]              -0.0000              -0.0000               2.0000              -0.0000
[Row  14]               0.0935              -0.0000              -0.0000               1.3771
====== S^(AO) std gaussian m_l ordering =====

                  [Col  1]              [Col  2]              [Col  3]              [Col  4]              [Col  5]              [Col  6]              [Col  7]              [Col  8]              [Col  9]              [Col 10]
[Row   1]               1.0000               0.2380               0.0000               0.0000               0.0000               0.0000               0.0000               0.0000               0.0000              -0.0000
[Row   2]               0.2380               1.0000               0.0000               0.0000              -0.0000               0.0005               0.0055               0.0000               0.0000              -0.0053
[Row   3]               0.0000               0.0000               1.0000               0.0000               0.0000               0.0000               0.0000               0.0014               0.0000               0.0000
[Row   4]               0.0000               0.0000               0.0000               1.0000               0.0000               0.0000               0.0000               0.0000               0.0014               0.0000
[Row   5]               0.0000              -0.0000               0.0000               0.0000               1.0000               0.0012               0.0118               0.0000               0.0000              -0.0103
[Row   6]               0.0000               0.0005               0.0000               0.0000               0.0012               1.0000               0.3438               0.0000               0.0000              -0.0000
[Row   7]               0.0000               0.0055               0.0000               0.0000               0.0118               0.3438               1.0000               0.0000               0.0000              -0.0000
[Row   8]               0.0000               0.0000               0.0014               0.0000               0.0000               0.0000               0.0000               1.0000               0.0000               0.0000
[Row   9]               0.0000               0.0000               0.0000               0.0014               0.0000               0.0000               0.0000               0.0000               1.0000               0.0000
[Row  10]              -0.0000              -0.0053               0.0000               0.0000              -0.0103              -0.0000              -0.0000               0.0000               0.0000               1.0000
[Row  11]               0.0122               0.1571               0.0000               0.0000               0.1563               0.0133               0.2185               0.0000               0.0000               0.0000
[Row  12]               0.0000               0.0000               0.0689               0.0000               0.0000               0.0000               0.0000               0.2326               0.0000               0.0000
[Row  13]               0.0000               0.0000               0.0000               0.0689               0.0000               0.0000               0.0000               0.0000               0.2326               0.0000
[Row  14]              -0.0208              -0.2366               0.0000               0.0000              -0.2176              -0.0000              -0.0000               0.0000               0.0000               0.2326
                  [Col 11]              [Col 12]              [Col 13]              [Col 14]
[Row   1]               0.0122               0.0000               0.0000              -0.0208
[Row   2]               0.1571               0.0000               0.0000              -0.2366
[Row   3]               0.0000               0.0689               0.0000               0.0000
[Row   4]               0.0000               0.0000               0.0689               0.0000
[Row   5]               0.1563               0.0000               0.0000              -0.2176
[Row   6]               0.0133               0.0000               0.0000              -0.0000
[Row   7]               0.2185               0.0000               0.0000              -0.0000
[Row   8]               0.0000               0.2326               0.0000               0.0000
[Row   9]               0.0000               0.0000               0.2326               0.0000
[Row  10]               0.0000               0.0000               0.0000               0.2326
[Row  11]               1.0000               0.0000               0.0000               0.0000
[Row  12]               0.0000               1.0000               0.0000               0.0000
[Row  13]               0.0000               0.0000               1.0000               0.0000
[Row  14]               0.0000               0.0000               0.0000               1.0000
