molecule mol46.xyz
System:, atNum: 6 coords [              0.0000               0.0000              -2.1229]
System:, atNum: 16 coords [              0.0000               0.0000               0.7961]
===== Original AO-S matrix =====

                  [Col  1]              [Col  2]              [Col  3]              [Col  4]              [Col  5]              [Col  6]              [Col  7]              [Col  8]              [Col  9]              [Col 10]
[Row   1]               1.0000               0.2484               0.0000               0.0000               0.0000               0.0000               0.0000              -0.0000               0.0000               0.0000
[Row   2]               0.2484               1.0000               0.0000               0.0000               0.0000               0.0057               0.0448              -0.0236               0.0000               0.0000
[Row   3]               0.0000               0.0000               1.0000               0.0000               0.0000               0.0096               0.0748              -0.0373               0.0000               0.0000
[Row   4]               0.0000               0.0000               0.0000               1.0000               0.0000               0.0000               0.0000               0.0000               0.0103               0.0000
[Row   5]               0.0000               0.0000               0.0000               0.0000               1.0000               0.0000               0.0000               0.0000               0.0000               0.0103
[Row   6]               0.0000               0.0057               0.0096               0.0000               0.0000               1.0000               0.3355               0.0000               0.0000               0.0000
[Row   7]               0.0000               0.0448               0.0748               0.0000               0.0000               0.3355               1.0000               0.0000               0.0000               0.0000
[Row   8]              -0.0000              -0.0236              -0.0373               0.0000               0.0000               0.0000               0.0000               1.0000               0.0000               0.0000
[Row   9]               0.0000               0.0000               0.0000               0.0103               0.0000               0.0000               0.0000               0.0000               1.0000               0.0000
[Row  10]               0.0000               0.0000               0.0000               0.0000               0.0103               0.0000               0.0000               0.0000               0.0000               1.0000
[Row  11]               0.0337               0.3352               0.3559               0.0000               0.0000               0.0143               0.2431               0.0000               0.0000               0.0000
[Row  12]              -0.0563              -0.3907              -0.3489               0.0000               0.0000              -0.0000              -0.0000               0.2574               0.0000               0.0000
[Row  13]               0.0000               0.0000               0.0000               0.1915               0.0000               0.0000               0.0000               0.0000               0.2574               0.0000
[Row  14]               0.0000               0.0000               0.0000               0.0000               0.1915               0.0000               0.0000               0.0000               0.0000               0.2574
                  [Col 11]              [Col 12]              [Col 13]              [Col 14]
[Row   1]               0.0337              -0.0563               0.0000               0.0000
[Row   2]               0.3352              -0.3907               0.0000               0.0000
[Row   3]               0.3559              -0.3489               0.0000               0.0000
[Row   4]               0.0000               0.0000               0.1915               0.0000
[Row   5]               0.0000               0.0000               0.0000               0.1915
[Row   6]               0.0143              -0.0000               0.0000               0.0000
[Row   7]               0.2431              -0.0000               0.0000               0.0000
[Row   8]               0.0000               0.2574               0.0000               0.0000
[Row   9]               0.0000               0.0000               0.2574               0.0000
[Row  10]               0.0000               0.0000               0.0000               0.2574
[Row  11]               1.0000              -0.0000               0.0000               0.0000
[Row  12]              -0.0000               1.0000               0.0000               0.0000
[Row  13]               0.0000               0.0000               1.0000               0.0000
[Row  14]               0.0000               0.0000               0.0000               1.0000
nbas 14
 ===== CA ===== 

                  [Col  1]              [Col  2]              [Col  3]              [Col  4]              [Col  5]              [Col  6]              [Col  7]              [Col  8]              [Col  9]              [Col 10]
[Row   1]              -0.0001               0.9934              -0.0008              -0.0006               0.0000              -0.0000               0.1578               0.1865              -0.0000               0.0000
[Row   2]               0.0008               0.0279               0.0126               0.0190              -0.0000              -0.0000              -0.4511              -0.7158               0.0000              -0.0000
[Row   3]               0.0006               0.0073               0.0081               0.0117              -0.0000              -0.0000              -0.2009               0.0207              -0.0000               0.0000
[Row   4]              -0.0000               0.0000              -0.0000               0.0000              -0.0000               0.0054               0.0000              -0.0000               0.4459               0.0318
[Row   5]               0.0000               0.0000               0.0000               0.0000               0.0054               0.0000              -0.0000              -0.0000              -0.0318               0.4459
[Row   6]               0.9942              -0.0001               0.3674              -0.0060               0.0000               0.0000              -0.0716               0.0622               0.0000              -0.0000
[Row   7]               0.0171              -0.0000              -1.0472               0.0172              -0.0000              -0.0000               0.2481              -0.2013              -0.0000               0.0000
[Row   8]              -0.0002              -0.0007               0.0126               0.9827              -0.0000              -0.0000              -0.0796              -0.1311              -0.0000               0.0000
[Row   9]              -0.0000              -0.0000               0.0000              -0.0000               0.0088              -0.9854              -0.0000               0.0000              -0.2618              -0.0187
[Row  10]              -0.0000              -0.0000              -0.0000              -0.0000              -0.9854              -0.0088               0.0000               0.0000               0.0187              -0.2618
[Row  11]              -0.0025              -0.0072              -0.0533              -0.0122               0.0000               0.0000              -0.6459               0.7666               0.0000              -0.0000
[Row  12]               0.0005               0.0062               0.0100               0.0646              -0.0000              -0.0000               0.1716               0.3574               0.0000              -0.0000
[Row  13]               0.0000              -0.0000               0.0000              -0.0000               0.0005              -0.0522              -0.0000              -0.0000               0.8365               0.0597
[Row  14]               0.0000              -0.0000               0.0000              -0.0000              -0.0522              -0.0005              -0.0000               0.0000              -0.0597               0.8365
                  [Col 11]              [Col 12]              [Col 13]              [Col 14]
[Row   1]               0.1161              -0.0000              -0.0000               0.1249
[Row   2]              -0.5329               0.0000               0.0000              -0.8240
[Row   3]               0.6609               0.0000               0.0000              -1.0264
[Row   4]               0.0000               0.9165              -0.0002              -0.0000
[Row   5]              -0.0000               0.0002               0.9165               0.0000
[Row   6]              -0.0097              -0.0000              -0.0000               0.0355
[Row   7]               0.0265               0.0000               0.0000              -0.0914
[Row   8]               0.1767               0.0000              -0.0000               0.2665
[Row   9]              -0.0000               0.1813              -0.0000               0.0000
[Row  10]               0.0000               0.0000               0.1813               0.0000
[Row  11]              -0.1876              -0.0000              -0.0000               0.7464
[Row  12]              -0.5243              -0.0000               0.0000              -1.1297
[Row  13]               0.0000              -0.6383               0.0001              -0.0000
[Row  14]              -0.0000              -0.0001              -0.6383              -0.0000
 ===== CB ===== 

                  [Col  1]              [Col  2]              [Col  3]              [Col  4]              [Col  5]              [Col  6]              [Col  7]              [Col  8]              [Col  9]              [Col 10]
[Row   1]              -0.0001               0.9934              -0.0008              -0.0006               0.0000              -0.0000               0.1578               0.1865              -0.0000               0.0000
[Row   2]               0.0008               0.0279               0.0126               0.0190              -0.0000              -0.0000              -0.4511              -0.7158               0.0000              -0.0000
[Row   3]               0.0006               0.0073               0.0081               0.0117              -0.0000              -0.0000              -0.2009               0.0207              -0.0000               0.0000
[Row   4]              -0.0000               0.0000              -0.0000               0.0000              -0.0000               0.0054               0.0000              -0.0000               0.4459               0.0318
[Row   5]               0.0000               0.0000               0.0000               0.0000               0.0054               0.0000              -0.0000              -0.0000              -0.0318               0.4459
[Row   6]               0.9942              -0.0001               0.3674              -0.0060               0.0000               0.0000              -0.0716               0.0622               0.0000              -0.0000
[Row   7]               0.0171              -0.0000              -1.0472               0.0172              -0.0000              -0.0000               0.2481              -0.2013              -0.0000               0.0000
[Row   8]              -0.0002              -0.0007               0.0126               0.9827              -0.0000              -0.0000              -0.0796              -0.1311              -0.0000               0.0000
[Row   9]              -0.0000              -0.0000               0.0000              -0.0000               0.0088              -0.9854              -0.0000               0.0000              -0.2618              -0.0187
[Row  10]              -0.0000              -0.0000              -0.0000              -0.0000              -0.9854              -0.0088               0.0000               0.0000               0.0187              -0.2618
[Row  11]              -0.0025              -0.0072              -0.0533              -0.0122               0.0000               0.0000              -0.6459               0.7666               0.0000              -0.0000
[Row  12]               0.0005               0.0062               0.0100               0.0646              -0.0000              -0.0000               0.1716               0.3574               0.0000              -0.0000
[Row  13]               0.0000              -0.0000               0.0000              -0.0000               0.0005              -0.0522              -0.0000              -0.0000               0.8365               0.0597
[Row  14]               0.0000              -0.0000               0.0000              -0.0000              -0.0522              -0.0005              -0.0000               0.0000              -0.0597               0.8365
                  [Col 11]              [Col 12]              [Col 13]              [Col 14]
[Row   1]               0.1161              -0.0000              -0.0000               0.1249
[Row   2]              -0.5329               0.0000               0.0000              -0.8240
[Row   3]               0.6609               0.0000               0.0000              -1.0264
[Row   4]               0.0000               0.9165              -0.0002              -0.0000
[Row   5]              -0.0000               0.0002               0.9165               0.0000
[Row   6]              -0.0097              -0.0000              -0.0000               0.0355
[Row   7]               0.0265               0.0000               0.0000              -0.0914
[Row   8]               0.1767               0.0000              -0.0000               0.2665
[Row   9]              -0.0000               0.1813              -0.0000               0.0000
[Row  10]               0.0000               0.0000               0.1813               0.0000
[Row  11]              -0.1876              -0.0000              -0.0000               0.7464
[Row  12]              -0.5243              -0.0000               0.0000              -1.1297
[Row  13]               0.0000              -0.6383               0.0001              -0.0000
[Row  14]              -0.0000              -0.0001              -0.6383              -0.0000
 ===== P_psi ===== Dalpha+Dbeta 

                  [Col  1]              [Col  2]              [Col  3]              [Col  4]              [Col  5]              [Col  6]              [Col  7]              [Col  8]              [Col  9]              [Col 10]
[Row   1]               2.1199              -0.4776               0.1122               0.0000               0.0000              -0.0026               0.0109              -0.0355              -0.0000              -0.0000
[Row   2]              -0.4776               2.0022              -0.5517              -0.0000              -0.0000              -0.0035               0.0105               0.1088               0.0000               0.0000
[Row   3]               0.1122              -0.5517               0.9556              -0.0000               0.0000               0.0254              -0.0897               0.2833               0.0000               0.0000
[Row   4]               0.0000              -0.0000              -0.0000               0.3997               0.0000               0.0000              -0.0000              -0.0000              -0.2453              -0.0000
[Row   5]               0.0000              -0.0000               0.0000               0.0000               0.3997               0.0000              -0.0000               0.0000               0.0000              -0.2453
[Row   6]              -0.0026              -0.0035               0.0254               0.0000               0.0000               2.2649              -0.7967              -0.0112               0.0000              -0.0000
[Row   7]               0.0109               0.0105              -0.0897              -0.0000              -0.0000              -0.7967               2.3998               0.0301              -0.0000               0.0000
[Row   8]              -0.0355               0.1088               0.2833              -0.0000               0.0000              -0.0112               0.0301               2.0414              -0.0000              -0.0000
[Row   9]              -0.0000               0.0000               0.0000              -0.2453               0.0000               0.0000              -0.0000              -0.0000               2.0798              -0.0000
[Row  10]              -0.0000               0.0000               0.0000              -0.0000              -0.2453              -0.0000               0.0000              -0.0000              -0.0000               2.0798
[Row  11]               0.0242              -0.3170               0.0421               0.0000               0.0000               0.1474              -0.5280              -0.1899              -0.0000              -0.0000
[Row  12]               0.0780              -0.1046              -0.7453               0.0000              -0.0000               0.0378              -0.1053              -0.1792               0.0000               0.0000
[Row  13]              -0.0000              -0.0000               0.0000               0.7493              -0.0000               0.0000              -0.0000               0.0000              -0.3374               0.0000
[Row  14]              -0.0000               0.0000              -0.0000               0.0000               0.7493               0.0000              -0.0000              -0.0000               0.0000              -0.3374
                  [Col 11]              [Col 12]              [Col 13]              [Col 14]
[Row   1]               0.0242               0.0780              -0.0000              -0.0000
[Row   2]              -0.3170              -0.1046              -0.0000               0.0000
[Row   3]               0.0421              -0.7453               0.0000              -0.0000
[Row   4]               0.0000               0.0000               0.7493               0.0000
[Row   5]               0.0000              -0.0000              -0.0000               0.7493
[Row   6]               0.1474               0.0378               0.0000               0.0000
[Row   7]              -0.5280              -0.1053              -0.0000              -0.0000
[Row   8]              -0.1899              -0.1792               0.0000              -0.0000
[Row   9]              -0.0000               0.0000              -0.3374               0.0000
[Row  10]              -0.0000               0.0000               0.0000              -0.3374
[Row  11]               2.0861               0.5203               0.0000               0.0000
[Row  12]               0.5203               0.8728              -0.0000              -0.0000
[Row  13]               0.0000              -0.0000               1.4122              -0.0000
[Row  14]               0.0000              -0.0000              -0.0000               1.4122
===== P_mu,nu local =====

                  [Col  1]              [Col  2]              [Col  3]              [Col  4]              [Col  5]              [Col  6]              [Col  7]              [Col  8]              [Col  9]              [Col 10]
[Row   1]               2.1199              -0.4776               0.1122               0.0000               0.0000              -0.0026               0.0109              -0.0355              -0.0000              -0.0000
[Row   2]              -0.4776               2.0022              -0.5517              -0.0000              -0.0000              -0.0035               0.0105               0.1088               0.0000               0.0000
[Row   3]               0.1122              -0.5517               0.9556              -0.0000               0.0000               0.0254              -0.0897               0.2833               0.0000               0.0000
[Row   4]               0.0000              -0.0000              -0.0000               0.3997               0.0000               0.0000              -0.0000              -0.0000              -0.2453              -0.0000
[Row   5]               0.0000              -0.0000               0.0000               0.0000               0.3997               0.0000              -0.0000               0.0000               0.0000              -0.2453
[Row   6]              -0.0026              -0.0035               0.0254               0.0000               0.0000               2.2649              -0.7967              -0.0112               0.0000              -0.0000
[Row   7]               0.0109               0.0105              -0.0897              -0.0000              -0.0000              -0.7967               2.3998               0.0301              -0.0000               0.0000
[Row   8]              -0.0355               0.1088               0.2833              -0.0000               0.0000              -0.0112               0.0301               2.0414              -0.0000              -0.0000
[Row   9]              -0.0000               0.0000               0.0000              -0.2453               0.0000               0.0000              -0.0000              -0.0000               2.0798              -0.0000
[Row  10]              -0.0000               0.0000               0.0000              -0.0000              -0.2453              -0.0000               0.0000              -0.0000              -0.0000               2.0798
[Row  11]               0.0242              -0.3170               0.0421               0.0000               0.0000               0.1474              -0.5280              -0.1899              -0.0000              -0.0000
[Row  12]               0.0780              -0.1046              -0.7453               0.0000              -0.0000               0.0378              -0.1053              -0.1792               0.0000               0.0000
[Row  13]              -0.0000              -0.0000               0.0000               0.7493              -0.0000               0.0000              -0.0000               0.0000              -0.3374               0.0000
[Row  14]              -0.0000               0.0000              -0.0000               0.0000               0.7493               0.0000              -0.0000              -0.0000               0.0000              -0.3374
                  [Col 11]              [Col 12]              [Col 13]              [Col 14]
[Row   1]               0.0242               0.0780              -0.0000              -0.0000
[Row   2]              -0.3170              -0.1046              -0.0000               0.0000
[Row   3]               0.0421              -0.7453               0.0000              -0.0000
[Row   4]               0.0000               0.0000               0.7493               0.0000
[Row   5]               0.0000              -0.0000              -0.0000               0.7493
[Row   6]               0.1474               0.0378               0.0000               0.0000
[Row   7]              -0.5280              -0.1053              -0.0000              -0.0000
[Row   8]              -0.1899              -0.1792               0.0000              -0.0000
[Row   9]              -0.0000               0.0000              -0.3374               0.0000
[Row  10]              -0.0000               0.0000               0.0000              -0.3374
[Row  11]               2.0861               0.5203               0.0000               0.0000
[Row  12]               0.5203               0.8728              -0.0000              -0.0000
[Row  13]               0.0000              -0.0000               1.4122              -0.0000
[Row  14]               0.0000              -0.0000              -0.0000               1.4122
===== P_mu,nu psi4 =====

                  [Col  1]              [Col  2]              [Col  3]              [Col  4]              [Col  5]              [Col  6]              [Col  7]              [Col  8]              [Col  9]              [Col 10]
[Row   1]               2.1199              -0.4776               0.1122               0.0000               0.0000              -0.0026               0.0109              -0.0355              -0.0000              -0.0000
[Row   2]              -0.4776               2.0022              -0.5517              -0.0000              -0.0000              -0.0035               0.0105               0.1088               0.0000               0.0000
[Row   3]               0.1122              -0.5517               0.9556              -0.0000               0.0000               0.0254              -0.0897               0.2833               0.0000               0.0000
[Row   4]               0.0000              -0.0000              -0.0000               0.3997               0.0000               0.0000              -0.0000              -0.0000              -0.2453              -0.0000
[Row   5]               0.0000              -0.0000               0.0000               0.0000               0.3997               0.0000              -0.0000               0.0000               0.0000              -0.2453
[Row   6]              -0.0026              -0.0035               0.0254               0.0000               0.0000               2.2649              -0.7967              -0.0112               0.0000              -0.0000
[Row   7]               0.0109               0.0105              -0.0897              -0.0000              -0.0000              -0.7967               2.3998               0.0301              -0.0000               0.0000
[Row   8]              -0.0355               0.1088               0.2833              -0.0000               0.0000              -0.0112               0.0301               2.0414              -0.0000              -0.0000
[Row   9]              -0.0000               0.0000               0.0000              -0.2453               0.0000               0.0000              -0.0000              -0.0000               2.0798              -0.0000
[Row  10]              -0.0000               0.0000               0.0000              -0.0000              -0.2453              -0.0000               0.0000              -0.0000              -0.0000               2.0798
[Row  11]               0.0242              -0.3170               0.0421               0.0000               0.0000               0.1474              -0.5280              -0.1899              -0.0000              -0.0000
[Row  12]               0.0780              -0.1046              -0.7453               0.0000              -0.0000               0.0378              -0.1053              -0.1792               0.0000               0.0000
[Row  13]              -0.0000              -0.0000               0.0000               0.7493              -0.0000               0.0000              -0.0000               0.0000              -0.3374               0.0000
[Row  14]              -0.0000               0.0000              -0.0000               0.0000               0.7493               0.0000              -0.0000              -0.0000               0.0000              -0.3374
                  [Col 11]              [Col 12]              [Col 13]              [Col 14]
[Row   1]               0.0242               0.0780              -0.0000              -0.0000
[Row   2]              -0.3170              -0.1046              -0.0000               0.0000
[Row   3]               0.0421              -0.7453               0.0000              -0.0000
[Row   4]               0.0000               0.0000               0.7493               0.0000
[Row   5]               0.0000              -0.0000              -0.0000               0.7493
[Row   6]               0.1474               0.0378               0.0000               0.0000
[Row   7]              -0.5280              -0.1053              -0.0000              -0.0000
[Row   8]              -0.1899              -0.1792               0.0000              -0.0000
[Row   9]              -0.0000               0.0000              -0.3374               0.0000
[Row  10]              -0.0000               0.0000               0.0000              -0.3374
[Row  11]               2.0861               0.5203               0.0000               0.0000
[Row  12]               0.5203               0.8728              -0.0000              -0.0000
[Row  13]               0.0000              -0.0000               1.4122              -0.0000
[Row  14]               0.0000              -0.0000              -0.0000               1.4122
====== P^(AO) = SPS =====

                  [Col  1]              [Col  2]              [Col  3]              [Col  4]              [Col  5]              [Col  6]              [Col  7]              [Col  8]              [Col  9]              [Col 10]
[Row   1]               1.9998               0.4987               0.0069               0.0000               0.0000              -0.0000               0.0002              -0.0006              -0.0000              -0.0000
[Row   2]               0.4987               1.9751              -0.0855               0.0000               0.0000               0.0115               0.0870              -0.0397              -0.0000              -0.0000
[Row   3]               0.0069              -0.0855               1.7065              -0.0000               0.0000               0.0198               0.1406              -0.0489               0.0000              -0.0000
[Row   4]               0.0000               0.0000              -0.0000               0.7324               0.0000              -0.0000               0.0000               0.0000              -0.0215               0.0000
[Row   5]               0.0000               0.0000               0.0000               0.0000               0.7324               0.0000              -0.0000               0.0000              -0.0000              -0.0215
[Row   6]              -0.0000               0.0115               0.0198              -0.0000               0.0000               2.0000               0.6711              -0.0001              -0.0000              -0.0000
[Row   7]               0.0002               0.0870               0.1406               0.0000              -0.0000               0.6711               1.9997               0.0008              -0.0000               0.0000
[Row   8]              -0.0006              -0.0397              -0.0489               0.0000               0.0000              -0.0001               0.0008               1.9978              -0.0000              -0.0000
[Row   9]              -0.0000              -0.0000               0.0000              -0.0215              -0.0000              -0.0000              -0.0000              -0.0000               1.9986              -0.0000
[Row  10]              -0.0000              -0.0000              -0.0000               0.0000              -0.0215              -0.0000               0.0000              -0.0000              -0.0000               1.9986
[Row  11]               0.0658               0.6898               0.7787               0.0000               0.0000               0.0283               0.4883              -0.0059              -0.0000              -0.0000
[Row  12]              -0.1056              -0.8680              -0.9952               0.0000              -0.0000               0.0007              -0.0091               0.5407               0.0000               0.0000
[Row  13]              -0.0000               0.0000               0.0000               1.0456              -0.0000               0.0000              -0.0000               0.0000               0.5367               0.0000
[Row  14]              -0.0000               0.0000              -0.0000               0.0000               1.0456               0.0000               0.0000              -0.0000              -0.0000               0.5367
                  [Col 11]              [Col 12]              [Col 13]              [Col 14]
[Row   1]               0.0658              -0.1056              -0.0000              -0.0000
[Row   2]               0.6898              -0.8680               0.0000               0.0000
[Row   3]               0.7787              -0.9952               0.0000              -0.0000
[Row   4]               0.0000               0.0000               1.0456               0.0000
[Row   5]               0.0000              -0.0000              -0.0000               1.0456
[Row   6]               0.0283               0.0007               0.0000               0.0000
[Row   7]               0.4883              -0.0091              -0.0000               0.0000
[Row   8]              -0.0059               0.5407               0.0000              -0.0000
[Row   9]              -0.0000               0.0000               0.5367              -0.0000
[Row  10]              -0.0000               0.0000               0.0000               0.5367
[Row  11]               1.9847               0.0679               0.0000               0.0000
[Row  12]               0.0679               1.6988              -0.0000               0.0000
[Row  13]               0.0000              -0.0000               1.6537              -0.0000
[Row  14]               0.0000               0.0000              -0.0000               1.6537
====== S^(AO) = S =====

                  [Col  1]              [Col  2]              [Col  3]              [Col  4]              [Col  5]              [Col  6]              [Col  7]              [Col  8]              [Col  9]              [Col 10]
[Row   1]               1.0000               0.2484               0.0000               0.0000               0.0000               0.0000               0.0000              -0.0000               0.0000               0.0000
[Row   2]               0.2484               1.0000               0.0000               0.0000               0.0000               0.0057               0.0448              -0.0236               0.0000               0.0000
[Row   3]               0.0000               0.0000               1.0000               0.0000               0.0000               0.0096               0.0748              -0.0373               0.0000               0.0000
[Row   4]               0.0000               0.0000               0.0000               1.0000               0.0000               0.0000               0.0000               0.0000               0.0103               0.0000
[Row   5]               0.0000               0.0000               0.0000               0.0000               1.0000               0.0000               0.0000               0.0000               0.0000               0.0103
[Row   6]               0.0000               0.0057               0.0096               0.0000               0.0000               1.0000               0.3355               0.0000               0.0000               0.0000
[Row   7]               0.0000               0.0448               0.0748               0.0000               0.0000               0.3355               1.0000               0.0000               0.0000               0.0000
[Row   8]              -0.0000              -0.0236              -0.0373               0.0000               0.0000               0.0000               0.0000               1.0000               0.0000               0.0000
[Row   9]               0.0000               0.0000               0.0000               0.0103               0.0000               0.0000               0.0000               0.0000               1.0000               0.0000
[Row  10]               0.0000               0.0000               0.0000               0.0000               0.0103               0.0000               0.0000               0.0000               0.0000               1.0000
[Row  11]               0.0337               0.3352               0.3559               0.0000               0.0000               0.0143               0.2431               0.0000               0.0000               0.0000
[Row  12]              -0.0563              -0.3907              -0.3489               0.0000               0.0000              -0.0000              -0.0000               0.2574               0.0000               0.0000
[Row  13]               0.0000               0.0000               0.0000               0.1915               0.0000               0.0000               0.0000               0.0000               0.2574               0.0000
[Row  14]               0.0000               0.0000               0.0000               0.0000               0.1915               0.0000               0.0000               0.0000               0.0000               0.2574
                  [Col 11]              [Col 12]              [Col 13]              [Col 14]
[Row   1]               0.0337              -0.0563               0.0000               0.0000
[Row   2]               0.3352              -0.3907               0.0000               0.0000
[Row   3]               0.3559              -0.3489               0.0000               0.0000
[Row   4]               0.0000               0.0000               0.1915               0.0000
[Row   5]               0.0000               0.0000               0.0000               0.1915
[Row   6]               0.0143              -0.0000               0.0000               0.0000
[Row   7]               0.2431              -0.0000               0.0000               0.0000
[Row   8]               0.0000               0.2574               0.0000               0.0000
[Row   9]               0.0000               0.0000               0.2574               0.0000
[Row  10]               0.0000               0.0000               0.0000               0.2574
[Row  11]               1.0000              -0.0000               0.0000               0.0000
[Row  12]              -0.0000               1.0000               0.0000               0.0000
[Row  13]               0.0000               0.0000               1.0000               0.0000
[Row  14]               0.0000               0.0000               0.0000               1.0000
====== P^(AO) std gaussian m_l ordering SPS =====

                  [Col  1]              [Col  2]              [Col  3]              [Col  4]              [Col  5]              [Col  6]              [Col  7]              [Col  8]              [Col  9]              [Col 10]
[Row   1]               1.9998               0.4987               0.0000               0.0000               0.0069              -0.0000               0.0002              -0.0000              -0.0000              -0.0006
[Row   2]               0.4987               1.9751               0.0000               0.0000              -0.0855               0.0115               0.0870              -0.0000              -0.0000              -0.0397
[Row   3]               0.0000               0.0000               0.7324               0.0000              -0.0000              -0.0000               0.0000              -0.0215               0.0000               0.0000
[Row   4]               0.0000               0.0000               0.0000               0.7324               0.0000               0.0000              -0.0000              -0.0000              -0.0215               0.0000
[Row   5]               0.0069              -0.0855              -0.0000               0.0000               1.7065               0.0198               0.1406               0.0000              -0.0000              -0.0489
[Row   6]              -0.0000               0.0115              -0.0000               0.0000               0.0198               2.0000               0.6711              -0.0000              -0.0000              -0.0001
[Row   7]               0.0002               0.0870               0.0000              -0.0000               0.1406               0.6711               1.9997              -0.0000               0.0000               0.0008
[Row   8]              -0.0000              -0.0000              -0.0215              -0.0000               0.0000              -0.0000              -0.0000               1.9986              -0.0000              -0.0000
[Row   9]              -0.0000              -0.0000               0.0000              -0.0215              -0.0000              -0.0000               0.0000              -0.0000               1.9986              -0.0000
[Row  10]              -0.0006              -0.0397               0.0000               0.0000              -0.0489              -0.0001               0.0008              -0.0000              -0.0000               1.9978
[Row  11]               0.0658               0.6898               0.0000               0.0000               0.7787               0.0283               0.4883              -0.0000              -0.0000              -0.0059
[Row  12]              -0.0000               0.0000               1.0456              -0.0000               0.0000               0.0000              -0.0000               0.5367               0.0000               0.0000
[Row  13]              -0.0000               0.0000               0.0000               1.0456              -0.0000               0.0000               0.0000              -0.0000               0.5367              -0.0000
[Row  14]              -0.1056              -0.8680               0.0000              -0.0000              -0.9952               0.0007              -0.0091               0.0000               0.0000               0.5407
                  [Col 11]              [Col 12]              [Col 13]              [Col 14]
[Row   1]               0.0658              -0.0000              -0.0000              -0.1056
[Row   2]               0.6898               0.0000               0.0000              -0.8680
[Row   3]               0.0000               1.0456               0.0000               0.0000
[Row   4]               0.0000              -0.0000               1.0456              -0.0000
[Row   5]               0.7787               0.0000              -0.0000              -0.9952
[Row   6]               0.0283               0.0000               0.0000               0.0007
[Row   7]               0.4883              -0.0000               0.0000              -0.0091
[Row   8]              -0.0000               0.5367              -0.0000               0.0000
[Row   9]              -0.0000               0.0000               0.5367               0.0000
[Row  10]              -0.0059               0.0000              -0.0000               0.5407
[Row  11]               1.9847               0.0000               0.0000               0.0679
[Row  12]               0.0000               1.6537              -0.0000              -0.0000
[Row  13]               0.0000              -0.0000               1.6537               0.0000
[Row  14]               0.0679              -0.0000               0.0000               1.6988
====== S^(AO) std gaussian m_l ordering =====

                  [Col  1]              [Col  2]              [Col  3]              [Col  4]              [Col  5]              [Col  6]              [Col  7]              [Col  8]              [Col  9]              [Col 10]
[Row   1]               1.0000               0.2484               0.0000               0.0000               0.0000               0.0000               0.0000               0.0000               0.0000              -0.0000
[Row   2]               0.2484               1.0000               0.0000               0.0000               0.0000               0.0057               0.0448               0.0000               0.0000              -0.0236
[Row   3]               0.0000               0.0000               1.0000               0.0000               0.0000               0.0000               0.0000               0.0103               0.0000               0.0000
[Row   4]               0.0000               0.0000               0.0000               1.0000               0.0000               0.0000               0.0000               0.0000               0.0103               0.0000
[Row   5]               0.0000               0.0000               0.0000               0.0000               1.0000               0.0096               0.0748               0.0000               0.0000              -0.0373
[Row   6]               0.0000               0.0057               0.0000               0.0000               0.0096               1.0000               0.3355               0.0000               0.0000               0.0000
[Row   7]               0.0000               0.0448               0.0000               0.0000               0.0748               0.3355               1.0000               0.0000               0.0000               0.0000
[Row   8]               0.0000               0.0000               0.0103               0.0000               0.0000               0.0000               0.0000               1.0000               0.0000               0.0000
[Row   9]               0.0000               0.0000               0.0000               0.0103               0.0000               0.0000               0.0000               0.0000               1.0000               0.0000
[Row  10]              -0.0000              -0.0236               0.0000               0.0000              -0.0373               0.0000               0.0000               0.0000               0.0000               1.0000
[Row  11]               0.0337               0.3352               0.0000               0.0000               0.3559               0.0143               0.2431               0.0000               0.0000               0.0000
[Row  12]               0.0000               0.0000               0.1915               0.0000               0.0000               0.0000               0.0000               0.2574               0.0000               0.0000
[Row  13]               0.0000               0.0000               0.0000               0.1915               0.0000               0.0000               0.0000               0.0000               0.2574               0.0000
[Row  14]              -0.0563              -0.3907               0.0000               0.0000              -0.3489              -0.0000              -0.0000               0.0000               0.0000               0.2574
                  [Col 11]              [Col 12]              [Col 13]              [Col 14]
[Row   1]               0.0337               0.0000               0.0000              -0.0563
[Row   2]               0.3352               0.0000               0.0000              -0.3907
[Row   3]               0.0000               0.1915               0.0000               0.0000
[Row   4]               0.0000               0.0000               0.1915               0.0000
[Row   5]               0.3559               0.0000               0.0000              -0.3489
[Row   6]               0.0143               0.0000               0.0000              -0.0000
[Row   7]               0.2431               0.0000               0.0000              -0.0000
[Row   8]               0.0000               0.2574               0.0000               0.0000
[Row   9]               0.0000               0.0000               0.2574               0.0000
[Row  10]               0.0000               0.0000               0.0000               0.2574
[Row  11]               1.0000               0.0000               0.0000              -0.0000
[Row  12]               0.0000               1.0000               0.0000               0.0000
[Row  13]               0.0000               0.0000               1.0000               0.0000
[Row  14]              -0.0000               0.0000               0.0000               1.0000
