molecule mol44.xyz
System:, atNum: 11 coords [              0.0000               0.0000              -2.7432]
System:, atNum: 17 coords [              0.0000               0.0000               1.7750]
===== Original AO-S matrix =====

                  [Col  1]              [Col  2]              [Col  3]              [Col  4]              [Col  5]              [Col  6]              [Col  7]              [Col  8]              [Col  9]              [Col 10]
[Row   1]               1.0000               0.2785               0.0000               0.0000               0.0000               0.0223               0.0000               0.0000               0.0000               0.0000
[Row   2]               0.2785               1.0000               0.0000               0.0000               0.0000               0.4495              -0.0000               0.0000               0.0000               0.0000
[Row   3]               0.0000               0.0000               1.0000               0.0000               0.0000               0.0000               0.4618               0.0000               0.0000               0.0000
[Row   4]               0.0000               0.0000               0.0000               1.0000               0.0000               0.0000               0.0000               0.4618               0.0000               0.0000
[Row   5]               0.0000               0.0000               0.0000               0.0000               1.0000               0.0000               0.0000               0.0000               0.4618               0.0000
[Row   6]               0.0223               0.4495               0.0000               0.0000               0.0000               1.0000               0.0000               0.0000               0.0000               0.0013
[Row   7]               0.0000              -0.0000               0.4618               0.0000               0.0000               0.0000               1.0000               0.0000               0.0000               0.0024
[Row   8]               0.0000               0.0000               0.0000               0.4618               0.0000               0.0000               0.0000               1.0000               0.0000               0.0000
[Row   9]               0.0000               0.0000               0.0000               0.0000               0.4618               0.0000               0.0000               0.0000               1.0000               0.0000
[Row  10]               0.0000               0.0000               0.0000               0.0000               0.0000               0.0013               0.0024               0.0000               0.0000               1.0000
[Row  11]               0.0000               0.0000               0.0000               0.0000               0.0000               0.0100               0.0185               0.0000               0.0000               0.3438
[Row  12]              -0.0000              -0.0000              -0.0000               0.0000               0.0000              -0.0052              -0.0086               0.0000               0.0000               0.0000
[Row  13]               0.0000               0.0000               0.0000               0.0000               0.0000               0.0000               0.0000               0.0015               0.0000               0.0000
[Row  14]               0.0000               0.0000               0.0000               0.0000               0.0000               0.0000               0.0000               0.0000               0.0015               0.0000
[Row  15]               0.0008               0.0121               0.0136               0.0000               0.0000               0.1286               0.1885               0.0000               0.0000               0.0133
[Row  16]              -0.0017              -0.0230              -0.0237               0.0000               0.0000              -0.1601              -0.2192               0.0000               0.0000              -0.0000
[Row  17]               0.0000               0.0000               0.0000               0.0033               0.0000               0.0000               0.0000               0.0562               0.0000               0.0000
[Row  18]               0.0000               0.0000               0.0000               0.0000               0.0033               0.0000               0.0000               0.0000               0.0562               0.0000
                  [Col 11]              [Col 12]              [Col 13]              [Col 14]              [Col 15]              [Col 16]              [Col 17]              [Col 18]
[Row   1]               0.0000              -0.0000               0.0000               0.0000               0.0008              -0.0017               0.0000               0.0000
[Row   2]               0.0000              -0.0000               0.0000               0.0000               0.0121              -0.0230               0.0000               0.0000
[Row   3]               0.0000              -0.0000               0.0000               0.0000               0.0136              -0.0237               0.0000               0.0000
[Row   4]               0.0000               0.0000               0.0000               0.0000               0.0000               0.0000               0.0033               0.0000
[Row   5]               0.0000               0.0000               0.0000               0.0000               0.0000               0.0000               0.0000               0.0033
[Row   6]               0.0100              -0.0052               0.0000               0.0000               0.1286              -0.1601               0.0000               0.0000
[Row   7]               0.0185              -0.0086               0.0000               0.0000               0.1885              -0.2192               0.0000               0.0000
[Row   8]               0.0000               0.0000               0.0015               0.0000               0.0000               0.0000               0.0562               0.0000
[Row   9]               0.0000               0.0000               0.0000               0.0015               0.0000               0.0000               0.0000               0.0562
[Row  10]               0.3438               0.0000               0.0000               0.0000               0.0133              -0.0000               0.0000               0.0000
[Row  11]               1.0000              -0.0000               0.0000               0.0000               0.2185               0.0000               0.0000               0.0000
[Row  12]              -0.0000               1.0000               0.0000               0.0000               0.0000               0.2326               0.0000               0.0000
[Row  13]               0.0000               0.0000               1.0000               0.0000               0.0000               0.0000               0.2326               0.0000
[Row  14]               0.0000               0.0000               0.0000               1.0000               0.0000               0.0000               0.0000               0.2326
[Row  15]               0.2185               0.0000               0.0000               0.0000               1.0000               0.0000               0.0000               0.0000
[Row  16]               0.0000               0.2326               0.0000               0.0000               0.0000               1.0000               0.0000               0.0000
[Row  17]               0.0000               0.0000               0.2326               0.0000               0.0000               0.0000               1.0000               0.0000
[Row  18]               0.0000               0.0000               0.0000               0.2326               0.0000               0.0000               0.0000               1.0000
nbas 18
 ===== CA ===== 

                  [Col  1]              [Col  2]              [Col  3]              [Col  4]              [Col  5]              [Col  6]              [Col  7]              [Col  8]              [Col  9]              [Col 10]
[Row   1]               0.0000               0.9936              -0.0004              -0.0004              -0.0000               0.0000               0.2997               0.0000               0.0000               0.0066
[Row   2]              -0.0001               0.0226               0.0014               0.0017               0.0000              -0.0000              -1.0038              -0.0000              -0.0000              -0.0233
[Row   3]              -0.0001              -0.0000               0.0020               0.0024               0.0000              -0.0000               0.0161              -0.0000              -0.0000              -0.9050
[Row   4]               0.0000              -0.0000              -0.0000              -0.0000               0.0000              -0.0007              -0.0000               0.9054               0.0053              -0.0000
[Row   5]               0.0000               0.0000              -0.0000              -0.0000              -0.0007              -0.0000              -0.0000               0.0053              -0.9054               0.0000
[Row   6]               0.0002              -0.0062              -0.0044              -0.0059              -0.0000               0.0000              -0.0727               0.0000               0.0000               0.0067
[Row   7]               0.0003              -0.0003              -0.0058              -0.0077              -0.0000               0.0000               0.0046              -0.0000              -0.0000              -0.1781
[Row   8]               0.0000              -0.0000              -0.0000               0.0000              -0.0000               0.0019               0.0000               0.1778               0.0010              -0.0000
[Row   9]              -0.0000              -0.0000               0.0000              -0.0000               0.0019               0.0000              -0.0000               0.0010              -0.1778               0.0000
[Row  10]               0.9945               0.0000              -0.3771               0.0021               0.0000              -0.0000               0.0000              -0.0000              -0.0000              -0.0011
[Row  11]               0.0158              -0.0001               1.0535              -0.0059              -0.0000               0.0000               0.0001               0.0000               0.0000               0.0045
[Row  12]              -0.0000               0.0001              -0.0046              -0.9891              -0.0000               0.0000               0.0001              -0.0000              -0.0000              -0.0020
[Row  13]              -0.0000               0.0000               0.0000              -0.0000               0.0110              -0.9897               0.0000               0.0002               0.0000              -0.0000
[Row  14]               0.0000              -0.0000              -0.0000               0.0000              -0.9897              -0.0110              -0.0000               0.0000              -0.0002               0.0000
[Row  15]              -0.0017               0.0007               0.0435               0.0025               0.0000              -0.0000               0.0026               0.0000               0.0000              -0.0012
[Row  16]               0.0001              -0.0008              -0.0025              -0.0438              -0.0000               0.0000              -0.0020              -0.0000               0.0000              -0.0001
[Row  17]               0.0000              -0.0000               0.0000              -0.0000               0.0005              -0.0408               0.0000              -0.0020              -0.0000               0.0000
[Row  18]               0.0000               0.0000              -0.0000               0.0000              -0.0408              -0.0005              -0.0000              -0.0000               0.0020              -0.0000
                  [Col 11]              [Col 12]              [Col 13]              [Col 14]              [Col 15]              [Col 16]              [Col 17]              [Col 18]
[Row   1]               0.0095               0.0319               0.0000              -0.0000               0.1428              -0.0000              -0.0000               0.0423
[Row   2]              -0.0382              -0.1300              -0.0000               0.0000              -0.5757               0.0000               0.0000              -0.1709
[Row   3]              -0.0546              -0.1083              -0.0000               0.0000               0.2027              -0.0000              -0.0000              -0.6467
[Row   4]              -0.0000              -0.0000               0.0390              -0.0003              -0.0000               0.6713               0.0001              -0.0000
[Row   5]               0.0000               0.0000               0.0003               0.0390               0.0000              -0.0001               0.6713              -0.0000
[Row   6]               0.0308               0.1860               0.0000              -0.0000               1.0846              -0.0000              -0.0000               0.3573
[Row   7]               0.0073               0.0952               0.0000              -0.0000              -0.2932               0.0000               0.0000               1.1375
[Row   8]               0.0000               0.0000              -0.0457               0.0004               0.0000              -1.1146              -0.0001               0.0000
[Row   9]              -0.0000              -0.0000              -0.0004              -0.0457              -0.0000               0.0001              -1.1146               0.0000
[Row  10]               0.0885              -0.0084              -0.0000               0.0000              -0.0066               0.0000               0.0000              -0.0154
[Row  11]              -0.2905               0.0269               0.0000              -0.0000               0.0204              -0.0000              -0.0000               0.0447
[Row  12]               0.0170               0.2628               0.0000              -0.0000              -0.0607              -0.0000               0.0000              -0.1004
[Row  13]               0.0000              -0.0000               0.2776              -0.0022              -0.0000              -0.0266              -0.0000              -0.0000
[Row  14]              -0.0000               0.0000               0.0022               0.2776              -0.0000               0.0000              -0.0266               0.0000
[Row  15]               1.0180              -0.1123              -0.0000               0.0000              -0.0968               0.0000               0.0000              -0.2685
[Row  16]              -0.0597              -0.9587              -0.0000               0.0000               0.2398               0.0000              -0.0000               0.4293
[Row  17]              -0.0000               0.0000              -1.0238               0.0080               0.0000               0.1073               0.0000               0.0000
[Row  18]               0.0000              -0.0000              -0.0080              -1.0238               0.0000              -0.0000               0.1073              -0.0000
 ===== CB ===== 

                  [Col  1]              [Col  2]              [Col  3]              [Col  4]              [Col  5]              [Col  6]              [Col  7]              [Col  8]              [Col  9]              [Col 10]
[Row   1]               0.0000               0.9936              -0.0004              -0.0004              -0.0000               0.0000               0.2997               0.0000               0.0000               0.0066
[Row   2]              -0.0001               0.0226               0.0014               0.0017               0.0000              -0.0000              -1.0038              -0.0000              -0.0000              -0.0233
[Row   3]              -0.0001              -0.0000               0.0020               0.0024               0.0000              -0.0000               0.0161              -0.0000              -0.0000              -0.9050
[Row   4]               0.0000              -0.0000              -0.0000              -0.0000               0.0000              -0.0007              -0.0000               0.9054               0.0053              -0.0000
[Row   5]               0.0000               0.0000              -0.0000              -0.0000              -0.0007              -0.0000              -0.0000               0.0053              -0.9054               0.0000
[Row   6]               0.0002              -0.0062              -0.0044              -0.0059              -0.0000               0.0000              -0.0727               0.0000               0.0000               0.0067
[Row   7]               0.0003              -0.0003              -0.0058              -0.0077              -0.0000               0.0000               0.0046              -0.0000              -0.0000              -0.1781
[Row   8]               0.0000              -0.0000              -0.0000               0.0000              -0.0000               0.0019               0.0000               0.1778               0.0010              -0.0000
[Row   9]              -0.0000              -0.0000               0.0000              -0.0000               0.0019               0.0000              -0.0000               0.0010              -0.1778               0.0000
[Row  10]               0.9945               0.0000              -0.3771               0.0021               0.0000              -0.0000               0.0000              -0.0000              -0.0000              -0.0011
[Row  11]               0.0158              -0.0001               1.0535              -0.0059              -0.0000               0.0000               0.0001               0.0000               0.0000               0.0045
[Row  12]              -0.0000               0.0001              -0.0046              -0.9891              -0.0000               0.0000               0.0001              -0.0000              -0.0000              -0.0020
[Row  13]              -0.0000               0.0000               0.0000              -0.0000               0.0110              -0.9897               0.0000               0.0002               0.0000              -0.0000
[Row  14]               0.0000              -0.0000              -0.0000               0.0000              -0.9897              -0.0110              -0.0000               0.0000              -0.0002               0.0000
[Row  15]              -0.0017               0.0007               0.0435               0.0025               0.0000              -0.0000               0.0026               0.0000               0.0000              -0.0012
[Row  16]               0.0001              -0.0008              -0.0025              -0.0438              -0.0000               0.0000              -0.0020              -0.0000               0.0000              -0.0001
[Row  17]               0.0000              -0.0000               0.0000              -0.0000               0.0005              -0.0408               0.0000              -0.0020              -0.0000               0.0000
[Row  18]               0.0000               0.0000              -0.0000               0.0000              -0.0408              -0.0005              -0.0000              -0.0000               0.0020              -0.0000
                  [Col 11]              [Col 12]              [Col 13]              [Col 14]              [Col 15]              [Col 16]              [Col 17]              [Col 18]
[Row   1]               0.0095               0.0319               0.0000              -0.0000               0.1428              -0.0000              -0.0000               0.0423
[Row   2]              -0.0382              -0.1300              -0.0000               0.0000              -0.5757               0.0000               0.0000              -0.1709
[Row   3]              -0.0546              -0.1083              -0.0000               0.0000               0.2027              -0.0000              -0.0000              -0.6467
[Row   4]              -0.0000              -0.0000               0.0390              -0.0003              -0.0000               0.6713               0.0001              -0.0000
[Row   5]               0.0000               0.0000               0.0003               0.0390               0.0000              -0.0001               0.6713              -0.0000
[Row   6]               0.0308               0.1860               0.0000              -0.0000               1.0846              -0.0000              -0.0000               0.3573
[Row   7]               0.0073               0.0952               0.0000              -0.0000              -0.2932               0.0000               0.0000               1.1375
[Row   8]               0.0000               0.0000              -0.0457               0.0004               0.0000              -1.1146              -0.0001               0.0000
[Row   9]              -0.0000              -0.0000              -0.0004              -0.0457              -0.0000               0.0001              -1.1146               0.0000
[Row  10]               0.0885              -0.0084              -0.0000               0.0000              -0.0066               0.0000               0.0000              -0.0154
[Row  11]              -0.2905               0.0269               0.0000              -0.0000               0.0204              -0.0000              -0.0000               0.0447
[Row  12]               0.0170               0.2628               0.0000              -0.0000              -0.0607              -0.0000               0.0000              -0.1004
[Row  13]               0.0000              -0.0000               0.2776              -0.0022              -0.0000              -0.0266              -0.0000              -0.0000
[Row  14]              -0.0000               0.0000               0.0022               0.2776              -0.0000               0.0000              -0.0266               0.0000
[Row  15]               1.0180              -0.1123              -0.0000               0.0000              -0.0968               0.0000               0.0000              -0.2685
[Row  16]              -0.0597              -0.9587              -0.0000               0.0000               0.2398               0.0000              -0.0000               0.4293
[Row  17]              -0.0000               0.0000              -1.0238               0.0080               0.0000               0.1073               0.0000               0.0000
[Row  18]               0.0000              -0.0000              -0.0080              -1.0238               0.0000              -0.0000               0.1073              -0.0000
 ===== P_psi ===== Dalpha+Dbeta 

                  [Col  1]              [Col  2]              [Col  3]              [Col  4]              [Col  5]              [Col  6]              [Col  7]              [Col  8]              [Col  9]              [Col 10]
[Row   1]               2.1566              -0.5661              -0.0103              -0.0000               0.0000              -0.0433               0.0061              -0.0000              -0.0000               0.0015
[Row   2]              -0.5661               2.0542               0.0422               0.0000               0.0000               0.0947              -0.0264              -0.0000               0.0000              -0.0058
[Row   3]              -0.0103               0.0422               1.6679               0.0000              -0.0000              -0.0581               0.3010              -0.0000               0.0000              -0.0075
[Row   4]              -0.0000               0.0000               0.0000               1.6425               0.0000               0.0000               0.0000               0.3184              -0.0000               0.0000
[Row   5]               0.0000               0.0000              -0.0000               0.0000               1.6425               0.0000              -0.0000               0.0000               0.3184               0.0000
[Row   6]              -0.0433               0.0947              -0.0581               0.0000               0.0000               0.0819               0.0330              -0.0000              -0.0000               0.0060
[Row   7]               0.0061              -0.0264               0.3010               0.0000              -0.0000               0.0330               0.0819              -0.0000              -0.0000               0.0050
[Row   8]              -0.0000              -0.0000              -0.0000               0.3184               0.0000              -0.0000              -0.0000               0.0674              -0.0000               0.0000
[Row   9]              -0.0000               0.0000               0.0000              -0.0000               0.3184              -0.0000              -0.0000              -0.0000               0.0674              -0.0000
[Row  10]               0.0015              -0.0058              -0.0075               0.0000               0.0000               0.0060               0.0050               0.0000              -0.0000               2.2783
[Row  11]              -0.0046               0.0178               0.0219              -0.0000              -0.0000              -0.0170              -0.0128              -0.0000               0.0000              -0.8151
[Row  12]               0.0183              -0.0731              -0.0600              -0.0000               0.0000               0.1105               0.0663               0.0000              -0.0000              -0.0022
[Row  13]               0.0000              -0.0000              -0.0000               0.0234              -0.0000               0.0000              -0.0000              -0.0291               0.0000              -0.0000
[Row  14]               0.0000              -0.0000              -0.0000               0.0000               0.0234              -0.0000               0.0000               0.0000              -0.0291               0.0000
[Row  15]               0.0151              -0.0535              -0.0842              -0.0000              -0.0000               0.0201              -0.0067               0.0000              -0.0000               0.1459
[Row  16]              -0.0650               0.2575               0.2142              -0.0000              -0.0000              -0.3595              -0.1827               0.0000               0.0000               0.0075
[Row  17]              -0.0000              -0.0000              -0.0000              -0.0835               0.0000               0.0000               0.0000               0.0928              -0.0000               0.0000
[Row  18]               0.0000              -0.0000               0.0000              -0.0000              -0.0835               0.0000               0.0000              -0.0000               0.0928               0.0000
                  [Col 11]              [Col 12]              [Col 13]              [Col 14]              [Col 15]              [Col 16]              [Col 17]              [Col 18]
[Row   1]              -0.0046               0.0183               0.0000               0.0000               0.0151              -0.0650              -0.0000               0.0000
[Row   2]               0.0178              -0.0731              -0.0000              -0.0000              -0.0535               0.2575              -0.0000              -0.0000
[Row   3]               0.0219              -0.0600              -0.0000              -0.0000              -0.0842               0.2142              -0.0000               0.0000
[Row   4]              -0.0000              -0.0000               0.0234               0.0000              -0.0000              -0.0000              -0.0835              -0.0000
[Row   5]              -0.0000               0.0000              -0.0000               0.0234              -0.0000              -0.0000               0.0000              -0.0835
[Row   6]              -0.0170               0.1105               0.0000              -0.0000               0.0201              -0.3595               0.0000               0.0000
[Row   7]              -0.0128               0.0663              -0.0000               0.0000              -0.0067              -0.1827               0.0000               0.0000
[Row   8]              -0.0000               0.0000              -0.0291               0.0000               0.0000               0.0000               0.0928              -0.0000
[Row   9]               0.0000              -0.0000               0.0000              -0.0291              -0.0000               0.0000              -0.0000               0.0928
[Row  10]              -0.8151              -0.0022              -0.0000               0.0000               0.1459               0.0075               0.0000               0.0000
[Row  11]               2.3906               0.0063               0.0000              -0.0000              -0.5061              -0.0218              -0.0000              -0.0000
[Row  12]               0.0063               2.0952               0.0000              -0.0000              -0.0297              -0.4192              -0.0000               0.0000
[Row  13]               0.0000               0.0000               2.1133              -0.0000              -0.0000               0.0000              -0.4878               0.0000
[Row  14]              -0.0000              -0.0000              -0.0000               2.1133              -0.0000               0.0000               0.0000              -0.4878
[Row  15]              -0.5061              -0.0297              -0.0000              -0.0000               2.1017               0.0933              -0.0000               0.0000
[Row  16]              -0.0218              -0.4192               0.0000               0.0000               0.0933               1.8492              -0.0000               0.0000
[Row  17]              -0.0000              -0.0000              -0.4878               0.0000              -0.0000              -0.0000               2.0998               0.0000
[Row  18]              -0.0000               0.0000               0.0000              -0.4878               0.0000               0.0000               0.0000               2.0998
===== P_mu,nu local =====

                  [Col  1]              [Col  2]              [Col  3]              [Col  4]              [Col  5]              [Col  6]              [Col  7]              [Col  8]              [Col  9]              [Col 10]
[Row   1]               2.1566              -0.5661              -0.0103              -0.0000               0.0000              -0.0433               0.0061              -0.0000              -0.0000               0.0015
[Row   2]              -0.5661               2.0542               0.0422               0.0000               0.0000               0.0947              -0.0264              -0.0000               0.0000              -0.0058
[Row   3]              -0.0103               0.0422               1.6679               0.0000              -0.0000              -0.0581               0.3010              -0.0000               0.0000              -0.0075
[Row   4]              -0.0000               0.0000               0.0000               1.6425               0.0000               0.0000               0.0000               0.3184              -0.0000               0.0000
[Row   5]               0.0000               0.0000              -0.0000               0.0000               1.6425               0.0000              -0.0000               0.0000               0.3184               0.0000
[Row   6]              -0.0433               0.0947              -0.0581               0.0000               0.0000               0.0819               0.0330              -0.0000              -0.0000               0.0060
[Row   7]               0.0061              -0.0264               0.3010               0.0000              -0.0000               0.0330               0.0819              -0.0000              -0.0000               0.0050
[Row   8]              -0.0000              -0.0000              -0.0000               0.3184               0.0000              -0.0000              -0.0000               0.0674              -0.0000               0.0000
[Row   9]              -0.0000               0.0000               0.0000              -0.0000               0.3184              -0.0000              -0.0000              -0.0000               0.0674              -0.0000
[Row  10]               0.0015              -0.0058              -0.0075               0.0000               0.0000               0.0060               0.0050               0.0000              -0.0000               2.2783
[Row  11]              -0.0046               0.0178               0.0219              -0.0000              -0.0000              -0.0170              -0.0128              -0.0000               0.0000              -0.8151
[Row  12]               0.0183              -0.0731              -0.0600              -0.0000               0.0000               0.1105               0.0663               0.0000              -0.0000              -0.0022
[Row  13]               0.0000              -0.0000              -0.0000               0.0234              -0.0000               0.0000              -0.0000              -0.0291               0.0000              -0.0000
[Row  14]               0.0000              -0.0000              -0.0000               0.0000               0.0234              -0.0000               0.0000               0.0000              -0.0291               0.0000
[Row  15]               0.0151              -0.0535              -0.0842              -0.0000              -0.0000               0.0201              -0.0067               0.0000              -0.0000               0.1459
[Row  16]              -0.0650               0.2575               0.2142              -0.0000              -0.0000              -0.3595              -0.1827               0.0000               0.0000               0.0075
[Row  17]              -0.0000              -0.0000              -0.0000              -0.0835               0.0000               0.0000               0.0000               0.0928              -0.0000               0.0000
[Row  18]               0.0000              -0.0000               0.0000              -0.0000              -0.0835               0.0000               0.0000              -0.0000               0.0928               0.0000
                  [Col 11]              [Col 12]              [Col 13]              [Col 14]              [Col 15]              [Col 16]              [Col 17]              [Col 18]
[Row   1]              -0.0046               0.0183               0.0000               0.0000               0.0151              -0.0650              -0.0000               0.0000
[Row   2]               0.0178              -0.0731              -0.0000              -0.0000              -0.0535               0.2575              -0.0000              -0.0000
[Row   3]               0.0219              -0.0600              -0.0000              -0.0000              -0.0842               0.2142              -0.0000               0.0000
[Row   4]              -0.0000              -0.0000               0.0234               0.0000              -0.0000              -0.0000              -0.0835              -0.0000
[Row   5]              -0.0000               0.0000              -0.0000               0.0234              -0.0000              -0.0000               0.0000              -0.0835
[Row   6]              -0.0170               0.1105               0.0000              -0.0000               0.0201              -0.3595               0.0000               0.0000
[Row   7]              -0.0128               0.0663              -0.0000               0.0000              -0.0067              -0.1827               0.0000               0.0000
[Row   8]              -0.0000               0.0000              -0.0291               0.0000               0.0000               0.0000               0.0928              -0.0000
[Row   9]               0.0000              -0.0000               0.0000              -0.0291              -0.0000               0.0000              -0.0000               0.0928
[Row  10]              -0.8151              -0.0022              -0.0000               0.0000               0.1459               0.0075               0.0000               0.0000
[Row  11]               2.3906               0.0063               0.0000              -0.0000              -0.5061              -0.0218              -0.0000              -0.0000
[Row  12]               0.0063               2.0952               0.0000              -0.0000              -0.0297              -0.4192              -0.0000               0.0000
[Row  13]               0.0000               0.0000               2.1133              -0.0000              -0.0000               0.0000              -0.4878               0.0000
[Row  14]              -0.0000              -0.0000              -0.0000               2.1133              -0.0000               0.0000               0.0000              -0.4878
[Row  15]              -0.5061              -0.0297              -0.0000              -0.0000               2.1017               0.0933              -0.0000               0.0000
[Row  16]              -0.0218              -0.4192               0.0000               0.0000               0.0933               1.8492              -0.0000               0.0000
[Row  17]              -0.0000              -0.0000              -0.4878               0.0000              -0.0000              -0.0000               2.0998               0.0000
[Row  18]              -0.0000               0.0000               0.0000              -0.4878               0.0000               0.0000               0.0000               2.0998
===== P_mu,nu psi4 =====

                  [Col  1]              [Col  2]              [Col  3]              [Col  4]              [Col  5]              [Col  6]              [Col  7]              [Col  8]              [Col  9]              [Col 10]
[Row   1]               2.1566              -0.5661              -0.0103              -0.0000               0.0000              -0.0433               0.0061              -0.0000              -0.0000               0.0015
[Row   2]              -0.5661               2.0542               0.0422               0.0000               0.0000               0.0947              -0.0264              -0.0000               0.0000              -0.0058
[Row   3]              -0.0103               0.0422               1.6679               0.0000              -0.0000              -0.0581               0.3010              -0.0000               0.0000              -0.0075
[Row   4]              -0.0000               0.0000               0.0000               1.6425               0.0000               0.0000               0.0000               0.3184              -0.0000               0.0000
[Row   5]               0.0000               0.0000              -0.0000               0.0000               1.6425               0.0000              -0.0000               0.0000               0.3184               0.0000
[Row   6]              -0.0433               0.0947              -0.0581               0.0000               0.0000               0.0819               0.0330              -0.0000              -0.0000               0.0060
[Row   7]               0.0061              -0.0264               0.3010               0.0000              -0.0000               0.0330               0.0819              -0.0000              -0.0000               0.0050
[Row   8]              -0.0000              -0.0000              -0.0000               0.3184               0.0000              -0.0000              -0.0000               0.0674              -0.0000               0.0000
[Row   9]              -0.0000               0.0000               0.0000              -0.0000               0.3184              -0.0000              -0.0000              -0.0000               0.0674              -0.0000
[Row  10]               0.0015              -0.0058              -0.0075               0.0000               0.0000               0.0060               0.0050               0.0000              -0.0000               2.2783
[Row  11]              -0.0046               0.0178               0.0219              -0.0000              -0.0000              -0.0170              -0.0128              -0.0000               0.0000              -0.8151
[Row  12]               0.0183              -0.0731              -0.0600              -0.0000               0.0000               0.1105               0.0663               0.0000              -0.0000              -0.0022
[Row  13]               0.0000              -0.0000              -0.0000               0.0234              -0.0000               0.0000              -0.0000              -0.0291               0.0000              -0.0000
[Row  14]               0.0000              -0.0000              -0.0000               0.0000               0.0234              -0.0000               0.0000               0.0000              -0.0291               0.0000
[Row  15]               0.0151              -0.0535              -0.0842              -0.0000              -0.0000               0.0201              -0.0067               0.0000              -0.0000               0.1459
[Row  16]              -0.0650               0.2575               0.2142              -0.0000              -0.0000              -0.3595              -0.1827               0.0000               0.0000               0.0075
[Row  17]              -0.0000              -0.0000              -0.0000              -0.0835               0.0000               0.0000               0.0000               0.0928              -0.0000               0.0000
[Row  18]               0.0000              -0.0000               0.0000              -0.0000              -0.0835               0.0000               0.0000              -0.0000               0.0928               0.0000
                  [Col 11]              [Col 12]              [Col 13]              [Col 14]              [Col 15]              [Col 16]              [Col 17]              [Col 18]
[Row   1]              -0.0046               0.0183               0.0000               0.0000               0.0151              -0.0650              -0.0000               0.0000
[Row   2]               0.0178              -0.0731              -0.0000              -0.0000              -0.0535               0.2575              -0.0000              -0.0000
[Row   3]               0.0219              -0.0600              -0.0000              -0.0000              -0.0842               0.2142              -0.0000               0.0000
[Row   4]              -0.0000              -0.0000               0.0234               0.0000              -0.0000              -0.0000              -0.0835              -0.0000
[Row   5]              -0.0000               0.0000              -0.0000               0.0234              -0.0000              -0.0000               0.0000              -0.0835
[Row   6]              -0.0170               0.1105               0.0000              -0.0000               0.0201              -0.3595               0.0000               0.0000
[Row   7]              -0.0128               0.0663              -0.0000               0.0000              -0.0067              -0.1827               0.0000               0.0000
[Row   8]              -0.0000               0.0000              -0.0291               0.0000               0.0000               0.0000               0.0928              -0.0000
[Row   9]               0.0000              -0.0000               0.0000              -0.0291              -0.0000               0.0000              -0.0000               0.0928
[Row  10]              -0.8151              -0.0022              -0.0000               0.0000               0.1459               0.0075               0.0000               0.0000
[Row  11]               2.3906               0.0063               0.0000              -0.0000              -0.5061              -0.0218              -0.0000              -0.0000
[Row  12]               0.0063               2.0952               0.0000              -0.0000              -0.0297              -0.4192              -0.0000               0.0000
[Row  13]               0.0000               0.0000               2.1133              -0.0000              -0.0000               0.0000              -0.4878               0.0000
[Row  14]              -0.0000              -0.0000              -0.0000               2.1133              -0.0000               0.0000               0.0000              -0.4878
[Row  15]              -0.5061              -0.0297              -0.0000              -0.0000               2.1017               0.0933              -0.0000               0.0000
[Row  16]              -0.0218              -0.4192               0.0000               0.0000               0.0933               1.8492              -0.0000               0.0000
[Row  17]              -0.0000              -0.0000              -0.4878               0.0000              -0.0000              -0.0000               2.0998               0.0000
[Row  18]              -0.0000               0.0000               0.0000              -0.4878               0.0000               0.0000               0.0000               2.0998
====== P^(AO) = SPS =====

                  [Col  1]              [Col  2]              [Col  3]              [Col  4]              [Col  5]              [Col  6]              [Col  7]              [Col  8]              [Col  9]              [Col 10]
[Row   1]               1.9999               0.5577              -0.0003              -0.0000               0.0000               0.0344               0.0010              -0.0000              -0.0000               0.0000
[Row   2]               0.5577               1.9936               0.0035              -0.0000               0.0000               0.9890              -0.0135              -0.0000               0.0000              -0.0000
[Row   3]              -0.0003               0.0035               1.9562               0.0000               0.0000              -0.0454               1.1442               0.0000               0.0000              -0.0001
[Row   4]              -0.0000              -0.0000               0.0000               1.9507              -0.0000               0.0000               0.0000               1.1742              -0.0000               0.0000
[Row   5]               0.0000               0.0000               0.0000              -0.0000               1.9507               0.0000               0.0000              -0.0000               1.1742               0.0000
[Row   6]               0.0344               0.9890              -0.0454               0.0000               0.0000               0.7232               0.1705              -0.0000              -0.0000               0.0029
[Row   7]               0.0010              -0.0135               1.1442               0.0000               0.0000               0.1705               0.8863               0.0000               0.0000               0.0052
[Row   8]              -0.0000              -0.0000               0.0000               1.1742              -0.0000              -0.0000               0.0000               0.7243              -0.0000               0.0000
[Row   9]              -0.0000               0.0000               0.0000              -0.0000               1.1742              -0.0000               0.0000              -0.0000               0.7243              -0.0000
[Row  10]               0.0000              -0.0000              -0.0001               0.0000               0.0000               0.0029               0.0052               0.0000              -0.0000               2.0000
[Row  11]              -0.0000               0.0004               0.0012               0.0000              -0.0000               0.0143               0.0308               0.0000               0.0000               0.6876
[Row  12]               0.0001              -0.0012              -0.0023              -0.0000               0.0000               0.0065              -0.0046               0.0000               0.0000              -0.0000
[Row  13]               0.0000               0.0000              -0.0000               0.0010              -0.0000               0.0000              -0.0000              -0.0023               0.0000              -0.0000
[Row  14]               0.0000              -0.0000              -0.0000               0.0000               0.0010              -0.0000               0.0000               0.0000              -0.0023               0.0000
[Row  15]               0.0017               0.0226               0.0261               0.0000              -0.0000               0.2798               0.3834               0.0000              -0.0000               0.0265
[Row  16]              -0.0054              -0.0295              -0.0304              -0.0000              -0.0000              -0.5566              -0.5364               0.0000              -0.0000               0.0001
[Row  17]              -0.0000              -0.0000              -0.0000              -0.0062               0.0000               0.0000              -0.0000               0.1774              -0.0000               0.0000
[Row  18]               0.0000              -0.0000               0.0000              -0.0000              -0.0062              -0.0000               0.0000              -0.0000               0.1774               0.0000
                  [Col 11]              [Col 12]              [Col 13]              [Col 14]              [Col 15]              [Col 16]              [Col 17]              [Col 18]
[Row   1]              -0.0000               0.0001               0.0000               0.0000               0.0017              -0.0054              -0.0000               0.0000
[Row   2]               0.0004              -0.0012               0.0000              -0.0000               0.0226              -0.0295              -0.0000              -0.0000
[Row   3]               0.0012              -0.0023              -0.0000              -0.0000               0.0261              -0.0304              -0.0000               0.0000
[Row   4]               0.0000              -0.0000               0.0010               0.0000               0.0000              -0.0000              -0.0062              -0.0000
[Row   5]              -0.0000               0.0000              -0.0000               0.0010              -0.0000              -0.0000               0.0000              -0.0062
[Row   6]               0.0143               0.0065               0.0000              -0.0000               0.2798              -0.5566               0.0000              -0.0000
[Row   7]               0.0308              -0.0046              -0.0000               0.0000               0.3834              -0.5364              -0.0000               0.0000
[Row   8]               0.0000               0.0000              -0.0023               0.0000               0.0000               0.0000               0.1774              -0.0000
[Row   9]               0.0000               0.0000               0.0000              -0.0023              -0.0000              -0.0000              -0.0000               0.1774
[Row  10]               0.6876              -0.0000              -0.0000               0.0000               0.0265               0.0001               0.0000               0.0000
[Row  11]               1.9999               0.0002              -0.0000              -0.0000               0.4371              -0.0019              -0.0000              -0.0000
[Row  12]               0.0002               1.9996               0.0000              -0.0000              -0.0004               0.4701              -0.0000               0.0000
[Row  13]              -0.0000               0.0000               2.0000               0.0000              -0.0000               0.0000               0.4654               0.0000
[Row  14]              -0.0000              -0.0000               0.0000               2.0000              -0.0000               0.0000               0.0000               0.4654
[Row  15]               0.4371              -0.0004              -0.0000              -0.0000               1.9995               0.0053              -0.0000              -0.0000
[Row  16]              -0.0019               0.4701               0.0000               0.0000               0.0053               1.9408              -0.0000               0.0000
[Row  17]              -0.0000              -0.0000               0.4654               0.0000              -0.0000              -0.0000               1.9967               0.0000
[Row  18]              -0.0000               0.0000               0.0000               0.4654              -0.0000               0.0000               0.0000               1.9967
====== S^(AO) = S =====

                  [Col  1]              [Col  2]              [Col  3]              [Col  4]              [Col  5]              [Col  6]              [Col  7]              [Col  8]              [Col  9]              [Col 10]
[Row   1]               1.0000               0.2785               0.0000               0.0000               0.0000               0.0223               0.0000               0.0000               0.0000               0.0000
[Row   2]               0.2785               1.0000               0.0000               0.0000               0.0000               0.4495              -0.0000               0.0000               0.0000               0.0000
[Row   3]               0.0000               0.0000               1.0000               0.0000               0.0000               0.0000               0.4618               0.0000               0.0000               0.0000
[Row   4]               0.0000               0.0000               0.0000               1.0000               0.0000               0.0000               0.0000               0.4618               0.0000               0.0000
[Row   5]               0.0000               0.0000               0.0000               0.0000               1.0000               0.0000               0.0000               0.0000               0.4618               0.0000
[Row   6]               0.0223               0.4495               0.0000               0.0000               0.0000               1.0000               0.0000               0.0000               0.0000               0.0013
[Row   7]               0.0000              -0.0000               0.4618               0.0000               0.0000               0.0000               1.0000               0.0000               0.0000               0.0024
[Row   8]               0.0000               0.0000               0.0000               0.4618               0.0000               0.0000               0.0000               1.0000               0.0000               0.0000
[Row   9]               0.0000               0.0000               0.0000               0.0000               0.4618               0.0000               0.0000               0.0000               1.0000               0.0000
[Row  10]               0.0000               0.0000               0.0000               0.0000               0.0000               0.0013               0.0024               0.0000               0.0000               1.0000
[Row  11]               0.0000               0.0000               0.0000               0.0000               0.0000               0.0100               0.0185               0.0000               0.0000               0.3438
[Row  12]              -0.0000              -0.0000              -0.0000               0.0000               0.0000              -0.0052              -0.0086               0.0000               0.0000               0.0000
[Row  13]               0.0000               0.0000               0.0000               0.0000               0.0000               0.0000               0.0000               0.0015               0.0000               0.0000
[Row  14]               0.0000               0.0000               0.0000               0.0000               0.0000               0.0000               0.0000               0.0000               0.0015               0.0000
[Row  15]               0.0008               0.0121               0.0136               0.0000               0.0000               0.1286               0.1885               0.0000               0.0000               0.0133
[Row  16]              -0.0017              -0.0230              -0.0237               0.0000               0.0000              -0.1601              -0.2192               0.0000               0.0000              -0.0000
[Row  17]               0.0000               0.0000               0.0000               0.0033               0.0000               0.0000               0.0000               0.0562               0.0000               0.0000
[Row  18]               0.0000               0.0000               0.0000               0.0000               0.0033               0.0000               0.0000               0.0000               0.0562               0.0000
                  [Col 11]              [Col 12]              [Col 13]              [Col 14]              [Col 15]              [Col 16]              [Col 17]              [Col 18]
[Row   1]               0.0000              -0.0000               0.0000               0.0000               0.0008              -0.0017               0.0000               0.0000
[Row   2]               0.0000              -0.0000               0.0000               0.0000               0.0121              -0.0230               0.0000               0.0000
[Row   3]               0.0000              -0.0000               0.0000               0.0000               0.0136              -0.0237               0.0000               0.0000
[Row   4]               0.0000               0.0000               0.0000               0.0000               0.0000               0.0000               0.0033               0.0000
[Row   5]               0.0000               0.0000               0.0000               0.0000               0.0000               0.0000               0.0000               0.0033
[Row   6]               0.0100              -0.0052               0.0000               0.0000               0.1286              -0.1601               0.0000               0.0000
[Row   7]               0.0185              -0.0086               0.0000               0.0000               0.1885              -0.2192               0.0000               0.0000
[Row   8]               0.0000               0.0000               0.0015               0.0000               0.0000               0.0000               0.0562               0.0000
[Row   9]               0.0000               0.0000               0.0000               0.0015               0.0000               0.0000               0.0000               0.0562
[Row  10]               0.3438               0.0000               0.0000               0.0000               0.0133              -0.0000               0.0000               0.0000
[Row  11]               1.0000              -0.0000               0.0000               0.0000               0.2185               0.0000               0.0000               0.0000
[Row  12]              -0.0000               1.0000               0.0000               0.0000               0.0000               0.2326               0.0000               0.0000
[Row  13]               0.0000               0.0000               1.0000               0.0000               0.0000               0.0000               0.2326               0.0000
[Row  14]               0.0000               0.0000               0.0000               1.0000               0.0000               0.0000               0.0000               0.2326
[Row  15]               0.2185               0.0000               0.0000               0.0000               1.0000               0.0000               0.0000               0.0000
[Row  16]               0.0000               0.2326               0.0000               0.0000               0.0000               1.0000               0.0000               0.0000
[Row  17]               0.0000               0.0000               0.2326               0.0000               0.0000               0.0000               1.0000               0.0000
[Row  18]               0.0000               0.0000               0.0000               0.2326               0.0000               0.0000               0.0000               1.0000
====== P^(AO) std gaussian m_l ordering SPS =====

                  [Col  1]              [Col  2]              [Col  3]              [Col  4]              [Col  5]              [Col  6]              [Col  7]              [Col  8]              [Col  9]              [Col 10]
[Row   1]               1.9999               0.5577              -0.0000               0.0000              -0.0003               0.0344              -0.0000              -0.0000               0.0010               0.0000
[Row   2]               0.5577               1.9936              -0.0000               0.0000               0.0035               0.9890              -0.0000               0.0000              -0.0135              -0.0000
[Row   3]              -0.0000              -0.0000               1.9507              -0.0000               0.0000               0.0000               1.1742              -0.0000               0.0000               0.0000
[Row   4]               0.0000               0.0000              -0.0000               1.9507               0.0000               0.0000              -0.0000               1.1742               0.0000               0.0000
[Row   5]              -0.0003               0.0035               0.0000               0.0000               1.9562              -0.0454               0.0000               0.0000               1.1442              -0.0001
[Row   6]               0.0344               0.9890               0.0000               0.0000              -0.0454               0.7232              -0.0000              -0.0000               0.1705               0.0029
[Row   7]              -0.0000              -0.0000               1.1742              -0.0000               0.0000              -0.0000               0.7243              -0.0000               0.0000               0.0000
[Row   8]              -0.0000               0.0000              -0.0000               1.1742               0.0000              -0.0000              -0.0000               0.7243               0.0000              -0.0000
[Row   9]               0.0010              -0.0135               0.0000               0.0000               1.1442               0.1705               0.0000               0.0000               0.8863               0.0052
[Row  10]               0.0000              -0.0000               0.0000               0.0000              -0.0001               0.0029               0.0000              -0.0000               0.0052               2.0000
[Row  11]              -0.0000               0.0004               0.0000              -0.0000               0.0012               0.0143               0.0000               0.0000               0.0308               0.6876
[Row  12]               0.0000               0.0000               0.0010              -0.0000              -0.0000               0.0000              -0.0023               0.0000              -0.0000              -0.0000
[Row  13]               0.0000              -0.0000               0.0000               0.0010              -0.0000              -0.0000               0.0000              -0.0023               0.0000               0.0000
[Row  14]               0.0001              -0.0012              -0.0000               0.0000              -0.0023               0.0065               0.0000               0.0000              -0.0046              -0.0000
[Row  15]               0.0017               0.0226               0.0000              -0.0000               0.0261               0.2798               0.0000              -0.0000               0.3834               0.0265
[Row  16]              -0.0000              -0.0000              -0.0062               0.0000              -0.0000               0.0000               0.1774              -0.0000              -0.0000               0.0000
[Row  17]               0.0000              -0.0000              -0.0000              -0.0062               0.0000              -0.0000              -0.0000               0.1774               0.0000               0.0000
[Row  18]              -0.0054              -0.0295              -0.0000              -0.0000              -0.0304              -0.5566               0.0000              -0.0000              -0.5364               0.0001
                  [Col 11]              [Col 12]              [Col 13]              [Col 14]              [Col 15]              [Col 16]              [Col 17]              [Col 18]
[Row   1]              -0.0000               0.0000               0.0000               0.0001               0.0017              -0.0000               0.0000              -0.0054
[Row   2]               0.0004               0.0000              -0.0000              -0.0012               0.0226              -0.0000              -0.0000              -0.0295
[Row   3]               0.0000               0.0010               0.0000              -0.0000               0.0000              -0.0062              -0.0000              -0.0000
[Row   4]              -0.0000              -0.0000               0.0010               0.0000              -0.0000               0.0000              -0.0062              -0.0000
[Row   5]               0.0012              -0.0000              -0.0000              -0.0023               0.0261              -0.0000               0.0000              -0.0304
[Row   6]               0.0143               0.0000              -0.0000               0.0065               0.2798               0.0000              -0.0000              -0.5566
[Row   7]               0.0000              -0.0023               0.0000               0.0000               0.0000               0.1774              -0.0000               0.0000
[Row   8]               0.0000               0.0000              -0.0023               0.0000              -0.0000              -0.0000               0.1774              -0.0000
[Row   9]               0.0308              -0.0000               0.0000              -0.0046               0.3834              -0.0000               0.0000              -0.5364
[Row  10]               0.6876              -0.0000               0.0000              -0.0000               0.0265               0.0000               0.0000               0.0001
[Row  11]               1.9999              -0.0000              -0.0000               0.0002               0.4371              -0.0000              -0.0000              -0.0019
[Row  12]              -0.0000               2.0000               0.0000               0.0000              -0.0000               0.4654               0.0000               0.0000
[Row  13]              -0.0000               0.0000               2.0000              -0.0000              -0.0000               0.0000               0.4654               0.0000
[Row  14]               0.0002               0.0000              -0.0000               1.9996              -0.0004              -0.0000               0.0000               0.4701
[Row  15]               0.4371              -0.0000              -0.0000              -0.0004               1.9995              -0.0000              -0.0000               0.0053
[Row  16]              -0.0000               0.4654               0.0000              -0.0000              -0.0000               1.9967               0.0000              -0.0000
[Row  17]              -0.0000               0.0000               0.4654               0.0000              -0.0000               0.0000               1.9967               0.0000
[Row  18]              -0.0019               0.0000               0.0000               0.4701               0.0053              -0.0000               0.0000               1.9408
====== S^(AO) std gaussian m_l ordering =====

                  [Col  1]              [Col  2]              [Col  3]              [Col  4]              [Col  5]              [Col  6]              [Col  7]              [Col  8]              [Col  9]              [Col 10]
[Row   1]               1.0000               0.2785               0.0000               0.0000               0.0000               0.0223               0.0000               0.0000               0.0000               0.0000
[Row   2]               0.2785               1.0000               0.0000               0.0000               0.0000               0.4495               0.0000               0.0000              -0.0000               0.0000
[Row   3]               0.0000               0.0000               1.0000               0.0000               0.0000               0.0000               0.4618               0.0000               0.0000               0.0000
[Row   4]               0.0000               0.0000               0.0000               1.0000               0.0000               0.0000               0.0000               0.4618               0.0000               0.0000
[Row   5]               0.0000               0.0000               0.0000               0.0000               1.0000               0.0000               0.0000               0.0000               0.4618               0.0000
[Row   6]               0.0223               0.4495               0.0000               0.0000               0.0000               1.0000               0.0000               0.0000               0.0000               0.0013
[Row   7]               0.0000               0.0000               0.4618               0.0000               0.0000               0.0000               1.0000               0.0000               0.0000               0.0000
[Row   8]               0.0000               0.0000               0.0000               0.4618               0.0000               0.0000               0.0000               1.0000               0.0000               0.0000
[Row   9]               0.0000              -0.0000               0.0000               0.0000               0.4618               0.0000               0.0000               0.0000               1.0000               0.0024
[Row  10]               0.0000               0.0000               0.0000               0.0000               0.0000               0.0013               0.0000               0.0000               0.0024               1.0000
[Row  11]               0.0000               0.0000               0.0000               0.0000               0.0000               0.0100               0.0000               0.0000               0.0185               0.3438
[Row  12]               0.0000               0.0000               0.0000               0.0000               0.0000               0.0000               0.0015               0.0000               0.0000               0.0000
[Row  13]               0.0000               0.0000               0.0000               0.0000               0.0000               0.0000               0.0000               0.0015               0.0000               0.0000
[Row  14]              -0.0000              -0.0000               0.0000               0.0000              -0.0000              -0.0052               0.0000               0.0000              -0.0086               0.0000
[Row  15]               0.0008               0.0121               0.0000               0.0000               0.0136               0.1286               0.0000               0.0000               0.1885               0.0133
[Row  16]               0.0000               0.0000               0.0033               0.0000               0.0000               0.0000               0.0562               0.0000               0.0000               0.0000
[Row  17]               0.0000               0.0000               0.0000               0.0033               0.0000               0.0000               0.0000               0.0562               0.0000               0.0000
[Row  18]              -0.0017              -0.0230               0.0000               0.0000              -0.0237              -0.1601               0.0000               0.0000              -0.2192              -0.0000
                  [Col 11]              [Col 12]              [Col 13]              [Col 14]              [Col 15]              [Col 16]              [Col 17]              [Col 18]
[Row   1]               0.0000               0.0000               0.0000              -0.0000               0.0008               0.0000               0.0000              -0.0017
[Row   2]               0.0000               0.0000               0.0000              -0.0000               0.0121               0.0000               0.0000              -0.0230
[Row   3]               0.0000               0.0000               0.0000               0.0000               0.0000               0.0033               0.0000               0.0000
[Row   4]               0.0000               0.0000               0.0000               0.0000               0.0000               0.0000               0.0033               0.0000
[Row   5]               0.0000               0.0000               0.0000              -0.0000               0.0136               0.0000               0.0000              -0.0237
[Row   6]               0.0100               0.0000               0.0000              -0.0052               0.1286               0.0000               0.0000              -0.1601
[Row   7]               0.0000               0.0015               0.0000               0.0000               0.0000               0.0562               0.0000               0.0000
[Row   8]               0.0000               0.0000               0.0015               0.0000               0.0000               0.0000               0.0562               0.0000
[Row   9]               0.0185               0.0000               0.0000              -0.0086               0.1885               0.0000               0.0000              -0.2192
[Row  10]               0.3438               0.0000               0.0000               0.0000               0.0133               0.0000               0.0000              -0.0000
[Row  11]               1.0000               0.0000               0.0000              -0.0000               0.2185               0.0000               0.0000               0.0000
[Row  12]               0.0000               1.0000               0.0000               0.0000               0.0000               0.2326               0.0000               0.0000
[Row  13]               0.0000               0.0000               1.0000               0.0000               0.0000               0.0000               0.2326               0.0000
[Row  14]              -0.0000               0.0000               0.0000               1.0000               0.0000               0.0000               0.0000               0.2326
[Row  15]               0.2185               0.0000               0.0000               0.0000               1.0000               0.0000               0.0000               0.0000
[Row  16]               0.0000               0.2326               0.0000               0.0000               0.0000               1.0000               0.0000               0.0000
[Row  17]               0.0000               0.0000               0.2326               0.0000               0.0000               0.0000               1.0000               0.0000
[Row  18]               0.0000               0.0000               0.0000               0.2326               0.0000               0.0000               0.0000               1.0000
