molecule mol45.xyz
System:, atNum: 14 coords [              0.0000               0.0000               1.0598]
System:, atNum: 8 coords [              0.0000               0.0000              -1.8547]
===== Original AO-S matrix =====

                  [Col  1]              [Col  2]              [Col  3]              [Col  4]              [Col  5]              [Col  6]              [Col  7]              [Col  8]              [Col  9]              [Col 10]
[Row   1]               1.0000               0.3142               0.0000               0.0000               0.0000               0.0136               0.0000               0.0000               0.0000               0.0000
[Row   2]               0.3142               1.0000               0.0000               0.0000               0.0000               0.2542              -0.0000               0.0000               0.0000               0.0000
[Row   3]               0.0000               0.0000               1.0000               0.0000               0.0000               0.0000               0.2685               0.0000               0.0000              -0.0000
[Row   4]               0.0000               0.0000               0.0000               1.0000               0.0000               0.0000               0.0000               0.2685               0.0000               0.0000
[Row   5]               0.0000               0.0000               0.0000               0.0000               1.0000               0.0000               0.0000               0.0000               0.2685               0.0000
[Row   6]               0.0136               0.2542               0.0000               0.0000               0.0000               1.0000              -0.0000               0.0000               0.0000               0.0286
[Row   7]               0.0000              -0.0000               0.2685               0.0000               0.0000              -0.0000               1.0000               0.0000               0.0000              -0.0483
[Row   8]               0.0000               0.0000               0.0000               0.2685               0.0000               0.0000               0.0000               1.0000               0.0000               0.0000
[Row   9]               0.0000               0.0000               0.0000               0.0000               0.2685               0.0000               0.0000               0.0000               1.0000               0.0000
[Row  10]               0.0000               0.0000              -0.0000               0.0000               0.0000               0.0286              -0.0483               0.0000               0.0000               1.0000
[Row  11]               0.0027               0.0282              -0.0258               0.0000               0.0000               0.2883              -0.4093               0.0000               0.0000               0.2367
[Row  12]               0.0054               0.0507              -0.0417               0.0000               0.0000               0.2252              -0.2837               0.0000               0.0000               0.0000
[Row  13]               0.0000               0.0000               0.0000               0.0083               0.0000               0.0000               0.0000               0.1495               0.0000               0.0000
[Row  14]               0.0000               0.0000               0.0000               0.0000               0.0083               0.0000               0.0000               0.0000               0.1495               0.0000
                  [Col 11]              [Col 12]              [Col 13]              [Col 14]
[Row   1]               0.0027               0.0054               0.0000               0.0000
[Row   2]               0.0282               0.0507               0.0000               0.0000
[Row   3]              -0.0258              -0.0417               0.0000               0.0000
[Row   4]               0.0000               0.0000               0.0083               0.0000
[Row   5]               0.0000               0.0000               0.0000               0.0083
[Row   6]               0.2883               0.2252               0.0000               0.0000
[Row   7]              -0.4093              -0.2837               0.0000               0.0000
[Row   8]               0.0000               0.0000               0.1495               0.0000
[Row   9]               0.0000               0.0000               0.0000               0.1495
[Row  10]               0.2367               0.0000               0.0000               0.0000
[Row  11]               1.0000              -0.0000               0.0000               0.0000
[Row  12]              -0.0000               1.0000               0.0000               0.0000
[Row  13]               0.0000               0.0000               1.0000               0.0000
[Row  14]               0.0000               0.0000               0.0000               1.0000
nbas 14
 ===== CA ===== 

                  [Col  1]              [Col  2]              [Col  3]              [Col  4]              [Col  5]              [Col  6]              [Col  7]              [Col  8]              [Col  9]              [Col 10]
[Row   1]               0.9940               0.0001               0.3441               0.0053               0.0000              -0.0000               0.0273               0.0748               0.0000               0.0000
[Row   2]               0.0188              -0.0003              -1.0391              -0.0166              -0.0000               0.0000              -0.1015              -0.2686              -0.0000              -0.0000
[Row   3]              -0.0002               0.0008               0.0123              -0.9761              -0.0000               0.0000               0.0859               0.0107              -0.0000              -0.0000
[Row   4]              -0.0000               0.0000              -0.0000               0.0000               0.0078               0.9775               0.0000               0.0000               0.0028               0.1616
[Row   5]              -0.0000              -0.0000               0.0000              -0.0000               0.9775              -0.0078              -0.0000              -0.0000              -0.1616               0.0028
[Row   6]              -0.0029               0.0047              -0.0478               0.0080               0.0000              -0.0000               0.1800               0.7899               0.0000               0.0000
[Row   7]               0.0004              -0.0059               0.0060              -0.0804              -0.0000               0.0000              -0.1052               0.0103               0.0000               0.0000
[Row   8]               0.0000              -0.0000               0.0000               0.0000               0.0006               0.0743               0.0000              -0.0000              -0.0076              -0.4433
[Row   9]              -0.0000               0.0000               0.0000              -0.0000               0.0743              -0.0006               0.0000              -0.0000               0.4433              -0.0076
[Row  10]              -0.0001              -0.9943              -0.0001              -0.0008              -0.0000               0.0000              -0.2420               0.0953              -0.0000              -0.0000
[Row  11]               0.0007              -0.0247               0.0077              -0.0148              -0.0000               0.0000               0.8991              -0.4697               0.0000               0.0000
[Row  12]               0.0003              -0.0038               0.0006              -0.0000              -0.0000              -0.0000               0.1301               0.4968              -0.0000              -0.0000
[Row  13]               0.0000               0.0000               0.0000              -0.0000              -0.0000              -0.0047               0.0000               0.0000              -0.0144              -0.8405
[Row  14]              -0.0000               0.0000              -0.0000               0.0000              -0.0047               0.0000              -0.0000              -0.0000               0.8405              -0.0144
                  [Col 11]              [Col 12]              [Col 13]              [Col 14]
[Row   1]               0.0438              -0.0000              -0.0000               0.0329
[Row   2]              -0.1502               0.0000               0.0000              -0.1067
[Row   3]              -0.2111              -0.0000              -0.0000               0.2975
[Row   4]              -0.0000               0.0024               0.3117               0.0000
[Row   5]               0.0000              -0.3117               0.0024               0.0000
[Row   6]               0.5822               0.0000              -0.0000               0.5624
[Row   7]               0.5277               0.0000               0.0000              -1.1137
[Row   8]               0.0000              -0.0073              -0.9494              -0.0000
[Row   9]              -0.0000               0.9494              -0.0073              -0.0000
[Row  10]              -0.0229              -0.0000              -0.0000               0.0993
[Row  11]               0.1299               0.0000               0.0000              -0.6863
[Row  12]              -0.6289              -0.0000               0.0000              -0.7482
[Row  13]               0.0000               0.0043               0.5634               0.0000
[Row  14]              -0.0000              -0.5634               0.0043              -0.0000
 ===== CB ===== 

                  [Col  1]              [Col  2]              [Col  3]              [Col  4]              [Col  5]              [Col  6]              [Col  7]              [Col  8]              [Col  9]              [Col 10]
[Row   1]               0.9940               0.0001               0.3441               0.0053               0.0000              -0.0000               0.0273               0.0748               0.0000               0.0000
[Row   2]               0.0188              -0.0003              -1.0391              -0.0166              -0.0000               0.0000              -0.1015              -0.2686              -0.0000              -0.0000
[Row   3]              -0.0002               0.0008               0.0123              -0.9761              -0.0000               0.0000               0.0859               0.0107              -0.0000              -0.0000
[Row   4]              -0.0000               0.0000              -0.0000               0.0000               0.0078               0.9775               0.0000               0.0000               0.0028               0.1616
[Row   5]              -0.0000              -0.0000               0.0000              -0.0000               0.9775              -0.0078              -0.0000              -0.0000              -0.1616               0.0028
[Row   6]              -0.0029               0.0047              -0.0478               0.0080               0.0000              -0.0000               0.1800               0.7899               0.0000               0.0000
[Row   7]               0.0004              -0.0059               0.0060              -0.0804              -0.0000               0.0000              -0.1052               0.0103               0.0000               0.0000
[Row   8]               0.0000              -0.0000               0.0000               0.0000               0.0006               0.0743               0.0000              -0.0000              -0.0076              -0.4433
[Row   9]              -0.0000               0.0000               0.0000              -0.0000               0.0743              -0.0006               0.0000              -0.0000               0.4433              -0.0076
[Row  10]              -0.0001              -0.9943              -0.0001              -0.0008              -0.0000               0.0000              -0.2420               0.0953              -0.0000              -0.0000
[Row  11]               0.0007              -0.0247               0.0077              -0.0148              -0.0000               0.0000               0.8991              -0.4697               0.0000               0.0000
[Row  12]               0.0003              -0.0038               0.0006              -0.0000              -0.0000              -0.0000               0.1301               0.4968              -0.0000              -0.0000
[Row  13]               0.0000               0.0000               0.0000              -0.0000              -0.0000              -0.0047               0.0000               0.0000              -0.0144              -0.8405
[Row  14]              -0.0000               0.0000              -0.0000               0.0000              -0.0047               0.0000              -0.0000              -0.0000               0.8405              -0.0144
                  [Col 11]              [Col 12]              [Col 13]              [Col 14]
[Row   1]               0.0438              -0.0000              -0.0000               0.0329
[Row   2]              -0.1502               0.0000               0.0000              -0.1067
[Row   3]              -0.2111              -0.0000              -0.0000               0.2975
[Row   4]              -0.0000               0.0024               0.3117               0.0000
[Row   5]               0.0000              -0.3117               0.0024               0.0000
[Row   6]               0.5822               0.0000              -0.0000               0.5624
[Row   7]               0.5277               0.0000               0.0000              -1.1137
[Row   8]               0.0000              -0.0073              -0.9494              -0.0000
[Row   9]              -0.0000               0.9494              -0.0073              -0.0000
[Row  10]              -0.0229              -0.0000              -0.0000               0.0993
[Row  11]               0.1299               0.0000               0.0000              -0.6863
[Row  12]              -0.6289              -0.0000               0.0000              -0.7482
[Row  13]               0.0000               0.0043               0.5634               0.0000
[Row  14]              -0.0000              -0.5634               0.0043              -0.0000
 ===== P_psi ===== Dalpha+Dbeta 

                  [Col  1]              [Col  2]              [Col  3]              [Col  4]              [Col  5]              [Col  6]              [Col  7]              [Col  8]              [Col  9]              [Col 10]
[Row   1]               2.2294              -0.7369              -0.0145              -0.0000              -0.0000               0.1405               0.0462               0.0000              -0.0000              -0.0015
[Row   2]              -0.7369               2.3706               0.0470               0.0000               0.0000              -0.5368              -0.1524              -0.0000              -0.0000               0.0058
[Row   3]              -0.0145               0.0470               2.0097              -0.0000              -0.0000              -0.2147              -0.0834               0.0000               0.0000              -0.0299
[Row   4]              -0.0000               0.0000              -0.0000               1.9635               0.0000               0.0000               0.0000               0.0020              -0.0000              -0.0000
[Row   5]              -0.0000               0.0000              -0.0000               0.0000               1.9635              -0.0000               0.0000              -0.0000               0.0020               0.0000
[Row   6]               0.1405              -0.5368              -0.2147               0.0000              -0.0000               1.9951               0.5908              -0.0000              -0.0000               0.0274
[Row   7]               0.0462              -0.1524              -0.0834               0.0000               0.0000               0.5908               0.5923              -0.0000              -0.0000               0.0407
[Row   8]               0.0000              -0.0000               0.0000               0.0020              -0.0000              -0.0000              -0.0000               0.4042               0.0000               0.0000
[Row   9]              -0.0000              -0.0000               0.0000              -0.0000               0.0020              -0.0000              -0.0000               0.0000               0.4042              -0.0000
[Row  10]              -0.0015               0.0058              -0.0299              -0.0000               0.0000               0.0274               0.0407               0.0000              -0.0000               2.1138
[Row  11]              -0.0032               0.0155               0.1185              -0.0000               0.0000              -0.2682              -0.0591              -0.0000               0.0000              -0.4815
[Row  12]               0.0274              -0.1055               0.2985              -0.0000              -0.0000               0.0992              -0.6809               0.0000               0.0000               0.0680
[Row  13]               0.0000              -0.0000               0.0000              -0.2809              -0.0000               0.0000              -0.0000               0.7447               0.0000              -0.0000
[Row  14]              -0.0000               0.0000              -0.0000              -0.0000              -0.2809               0.0000               0.0000               0.0000               0.7447              -0.0000
                  [Col 11]              [Col 12]              [Col 13]              [Col 14]
[Row   1]              -0.0032               0.0274               0.0000              -0.0000
[Row   2]               0.0155              -0.1055              -0.0000               0.0000
[Row   3]               0.1185               0.2985               0.0000              -0.0000
[Row   4]              -0.0000              -0.0000              -0.2809              -0.0000
[Row   5]               0.0000              -0.0000              -0.0000              -0.2809
[Row   6]              -0.2682               0.0992               0.0000               0.0000
[Row   7]              -0.0591              -0.6809              -0.0000               0.0000
[Row   8]              -0.0000               0.0000               0.7447               0.0000
[Row   9]               0.0000               0.0000               0.0000               0.7447
[Row  10]              -0.4815               0.0680              -0.0000              -0.0000
[Row  11]               2.0936              -0.3958              -0.0000              -0.0000
[Row  12]              -0.3958               1.3185              -0.0000              -0.0000
[Row  13]              -0.0000              -0.0000               1.4132              -0.0000
[Row  14]              -0.0000              -0.0000              -0.0000               1.4132
===== P_mu,nu local =====

                  [Col  1]              [Col  2]              [Col  3]              [Col  4]              [Col  5]              [Col  6]              [Col  7]              [Col  8]              [Col  9]              [Col 10]
[Row   1]               2.2294              -0.7369              -0.0145              -0.0000              -0.0000               0.1405               0.0462               0.0000              -0.0000              -0.0015
[Row   2]              -0.7369               2.3706               0.0470               0.0000               0.0000              -0.5368              -0.1524              -0.0000              -0.0000               0.0058
[Row   3]              -0.0145               0.0470               2.0097              -0.0000              -0.0000              -0.2147              -0.0834               0.0000               0.0000              -0.0299
[Row   4]              -0.0000               0.0000              -0.0000               1.9635               0.0000               0.0000               0.0000               0.0020              -0.0000              -0.0000
[Row   5]              -0.0000               0.0000              -0.0000               0.0000               1.9635              -0.0000               0.0000              -0.0000               0.0020               0.0000
[Row   6]               0.1405              -0.5368              -0.2147               0.0000              -0.0000               1.9951               0.5908              -0.0000              -0.0000               0.0274
[Row   7]               0.0462              -0.1524              -0.0834               0.0000               0.0000               0.5908               0.5923              -0.0000              -0.0000               0.0407
[Row   8]               0.0000              -0.0000               0.0000               0.0020              -0.0000              -0.0000              -0.0000               0.4042               0.0000               0.0000
[Row   9]              -0.0000              -0.0000               0.0000              -0.0000               0.0020              -0.0000              -0.0000               0.0000               0.4042              -0.0000
[Row  10]              -0.0015               0.0058              -0.0299              -0.0000               0.0000               0.0274               0.0407               0.0000              -0.0000               2.1138
[Row  11]              -0.0032               0.0155               0.1185              -0.0000               0.0000              -0.2682              -0.0591              -0.0000               0.0000              -0.4815
[Row  12]               0.0274              -0.1055               0.2985              -0.0000              -0.0000               0.0992              -0.6809               0.0000               0.0000               0.0680
[Row  13]               0.0000              -0.0000               0.0000              -0.2809              -0.0000               0.0000              -0.0000               0.7447               0.0000              -0.0000
[Row  14]              -0.0000               0.0000              -0.0000              -0.0000              -0.2809               0.0000               0.0000               0.0000               0.7447              -0.0000
                  [Col 11]              [Col 12]              [Col 13]              [Col 14]
[Row   1]              -0.0032               0.0274               0.0000              -0.0000
[Row   2]               0.0155              -0.1055              -0.0000               0.0000
[Row   3]               0.1185               0.2985               0.0000              -0.0000
[Row   4]              -0.0000              -0.0000              -0.2809              -0.0000
[Row   5]               0.0000              -0.0000              -0.0000              -0.2809
[Row   6]              -0.2682               0.0992               0.0000               0.0000
[Row   7]              -0.0591              -0.6809              -0.0000               0.0000
[Row   8]              -0.0000               0.0000               0.7447               0.0000
[Row   9]               0.0000               0.0000               0.0000               0.7447
[Row  10]              -0.4815               0.0680              -0.0000              -0.0000
[Row  11]               2.0936              -0.3958              -0.0000              -0.0000
[Row  12]              -0.3958               1.3185              -0.0000              -0.0000
[Row  13]              -0.0000              -0.0000               1.4132              -0.0000
[Row  14]              -0.0000              -0.0000              -0.0000               1.4132
===== P_mu,nu psi4 =====

                  [Col  1]              [Col  2]              [Col  3]              [Col  4]              [Col  5]              [Col  6]              [Col  7]              [Col  8]              [Col  9]              [Col 10]
[Row   1]               2.2294              -0.7369              -0.0145              -0.0000              -0.0000               0.1405               0.0462               0.0000              -0.0000              -0.0015
[Row   2]              -0.7369               2.3706               0.0470               0.0000               0.0000              -0.5368              -0.1524              -0.0000              -0.0000               0.0058
[Row   3]              -0.0145               0.0470               2.0097              -0.0000              -0.0000              -0.2147              -0.0834               0.0000               0.0000              -0.0299
[Row   4]              -0.0000               0.0000              -0.0000               1.9635               0.0000               0.0000               0.0000               0.0020              -0.0000              -0.0000
[Row   5]              -0.0000               0.0000              -0.0000               0.0000               1.9635              -0.0000               0.0000              -0.0000               0.0020               0.0000
[Row   6]               0.1405              -0.5368              -0.2147               0.0000              -0.0000               1.9951               0.5908              -0.0000              -0.0000               0.0274
[Row   7]               0.0462              -0.1524              -0.0834               0.0000               0.0000               0.5908               0.5923              -0.0000              -0.0000               0.0407
[Row   8]               0.0000              -0.0000               0.0000               0.0020              -0.0000              -0.0000              -0.0000               0.4042               0.0000               0.0000
[Row   9]              -0.0000              -0.0000               0.0000              -0.0000               0.0020              -0.0000              -0.0000               0.0000               0.4042              -0.0000
[Row  10]              -0.0015               0.0058              -0.0299              -0.0000               0.0000               0.0274               0.0407               0.0000              -0.0000               2.1138
[Row  11]              -0.0032               0.0155               0.1185              -0.0000               0.0000              -0.2682              -0.0591              -0.0000               0.0000              -0.4815
[Row  12]               0.0274              -0.1055               0.2985              -0.0000              -0.0000               0.0992              -0.6809               0.0000               0.0000               0.0680
[Row  13]               0.0000              -0.0000               0.0000              -0.2809              -0.0000               0.0000              -0.0000               0.7447               0.0000              -0.0000
[Row  14]              -0.0000               0.0000              -0.0000              -0.0000              -0.2809               0.0000               0.0000               0.0000               0.7447              -0.0000
                  [Col 11]              [Col 12]              [Col 13]              [Col 14]
[Row   1]              -0.0032               0.0274               0.0000              -0.0000
[Row   2]               0.0155              -0.1055              -0.0000               0.0000
[Row   3]               0.1185               0.2985               0.0000              -0.0000
[Row   4]              -0.0000              -0.0000              -0.2809              -0.0000
[Row   5]               0.0000              -0.0000              -0.0000              -0.2809
[Row   6]              -0.2682               0.0992               0.0000               0.0000
[Row   7]              -0.0591              -0.6809              -0.0000               0.0000
[Row   8]              -0.0000               0.0000               0.7447               0.0000
[Row   9]               0.0000               0.0000               0.0000               0.7447
[Row  10]              -0.4815               0.0680              -0.0000              -0.0000
[Row  11]               2.0936              -0.3958              -0.0000              -0.0000
[Row  12]              -0.3958               1.3185              -0.0000              -0.0000
[Row  13]              -0.0000              -0.0000               1.4132              -0.0000
[Row  14]              -0.0000              -0.0000              -0.0000               1.4132
====== P^(AO) = SPS =====

                  [Col  1]              [Col  2]              [Col  3]              [Col  4]              [Col  5]              [Col  6]              [Col  7]              [Col  8]              [Col  9]              [Col 10]
[Row   1]               2.0000               0.6285              -0.0001              -0.0000              -0.0000               0.0268               0.0012               0.0000              -0.0000              -0.0000
[Row   2]               0.6285               1.9998               0.0010               0.0000              -0.0000               0.5121              -0.0117              -0.0000              -0.0000               0.0001
[Row   3]              -0.0001               0.0010               1.9955              -0.0000               0.0000              -0.0163               0.5887               0.0000               0.0000              -0.0007
[Row   4]              -0.0000               0.0000              -0.0000               1.9924               0.0000               0.0000               0.0000               0.6331              -0.0000              -0.0000
[Row   5]              -0.0000              -0.0000               0.0000               0.0000               1.9924              -0.0000               0.0000              -0.0000               0.6331               0.0000
[Row   6]               0.0268               0.5121              -0.0163               0.0000              -0.0000               1.9407               0.1878              -0.0000              -0.0000               0.0549
[Row   7]               0.0012              -0.0117               0.5887               0.0000               0.0000               0.1878               1.4051              -0.0000              -0.0000              -0.0893
[Row   8]               0.0000              -0.0000               0.0000               0.6331              -0.0000              -0.0000              -0.0000               0.7786               0.0000               0.0000
[Row   9]              -0.0000              -0.0000               0.0000              -0.0000               0.6331              -0.0000              -0.0000               0.0000               0.7786              -0.0000
[Row  10]              -0.0000               0.0001              -0.0007              -0.0000               0.0000               0.0549              -0.0893               0.0000              -0.0000               1.9999
[Row  11]               0.0055               0.0552              -0.0464              -0.0000              -0.0000               0.5956              -0.8791              -0.0000               0.0000               0.4742
[Row  12]               0.0116               0.0944              -0.0528              -0.0000              -0.0000               0.5618              -0.9200               0.0000               0.0000               0.0043
[Row  13]               0.0000              -0.0000               0.0000              -0.0356              -0.0000              -0.0000              -0.0000               0.9618               0.0000              -0.0000
[Row  14]              -0.0000              -0.0000               0.0000              -0.0000              -0.0356              -0.0000               0.0000               0.0000               0.9618              -0.0000
                  [Col 11]              [Col 12]              [Col 13]              [Col 14]
[Row   1]               0.0055               0.0116               0.0000              -0.0000
[Row   2]               0.0552               0.0944              -0.0000              -0.0000
[Row   3]              -0.0464              -0.0528               0.0000               0.0000
[Row   4]              -0.0000              -0.0000              -0.0356              -0.0000
[Row   5]              -0.0000              -0.0000              -0.0000              -0.0356
[Row   6]               0.5956               0.5618              -0.0000              -0.0000
[Row   7]              -0.8791              -0.9200              -0.0000               0.0000
[Row   8]              -0.0000               0.0000               0.9618               0.0000
[Row   9]               0.0000               0.0000               0.0000               0.9618
[Row  10]               0.4742               0.0043              -0.0000              -0.0000
[Row  11]               1.9938              -0.0359              -0.0000              -0.0000
[Row  12]              -0.0359               1.7911               0.0000              -0.0000
[Row  13]              -0.0000               0.0000               1.6404              -0.0000
[Row  14]              -0.0000              -0.0000              -0.0000               1.6404
====== S^(AO) = S =====

                  [Col  1]              [Col  2]              [Col  3]              [Col  4]              [Col  5]              [Col  6]              [Col  7]              [Col  8]              [Col  9]              [Col 10]
[Row   1]               1.0000               0.3142               0.0000               0.0000               0.0000               0.0136               0.0000               0.0000               0.0000               0.0000
[Row   2]               0.3142               1.0000               0.0000               0.0000               0.0000               0.2542              -0.0000               0.0000               0.0000               0.0000
[Row   3]               0.0000               0.0000               1.0000               0.0000               0.0000               0.0000               0.2685               0.0000               0.0000              -0.0000
[Row   4]               0.0000               0.0000               0.0000               1.0000               0.0000               0.0000               0.0000               0.2685               0.0000               0.0000
[Row   5]               0.0000               0.0000               0.0000               0.0000               1.0000               0.0000               0.0000               0.0000               0.2685               0.0000
[Row   6]               0.0136               0.2542               0.0000               0.0000               0.0000               1.0000              -0.0000               0.0000               0.0000               0.0286
[Row   7]               0.0000              -0.0000               0.2685               0.0000               0.0000              -0.0000               1.0000               0.0000               0.0000              -0.0483
[Row   8]               0.0000               0.0000               0.0000               0.2685               0.0000               0.0000               0.0000               1.0000               0.0000               0.0000
[Row   9]               0.0000               0.0000               0.0000               0.0000               0.2685               0.0000               0.0000               0.0000               1.0000               0.0000
[Row  10]               0.0000               0.0000              -0.0000               0.0000               0.0000               0.0286              -0.0483               0.0000               0.0000               1.0000
[Row  11]               0.0027               0.0282              -0.0258               0.0000               0.0000               0.2883              -0.4093               0.0000               0.0000               0.2367
[Row  12]               0.0054               0.0507              -0.0417               0.0000               0.0000               0.2252              -0.2837               0.0000               0.0000               0.0000
[Row  13]               0.0000               0.0000               0.0000               0.0083               0.0000               0.0000               0.0000               0.1495               0.0000               0.0000
[Row  14]               0.0000               0.0000               0.0000               0.0000               0.0083               0.0000               0.0000               0.0000               0.1495               0.0000
                  [Col 11]              [Col 12]              [Col 13]              [Col 14]
[Row   1]               0.0027               0.0054               0.0000               0.0000
[Row   2]               0.0282               0.0507               0.0000               0.0000
[Row   3]              -0.0258              -0.0417               0.0000               0.0000
[Row   4]               0.0000               0.0000               0.0083               0.0000
[Row   5]               0.0000               0.0000               0.0000               0.0083
[Row   6]               0.2883               0.2252               0.0000               0.0000
[Row   7]              -0.4093              -0.2837               0.0000               0.0000
[Row   8]               0.0000               0.0000               0.1495               0.0000
[Row   9]               0.0000               0.0000               0.0000               0.1495
[Row  10]               0.2367               0.0000               0.0000               0.0000
[Row  11]               1.0000              -0.0000               0.0000               0.0000
[Row  12]              -0.0000               1.0000               0.0000               0.0000
[Row  13]               0.0000               0.0000               1.0000               0.0000
[Row  14]               0.0000               0.0000               0.0000               1.0000
====== P^(AO) std gaussian m_l ordering SPS =====

                  [Col  1]              [Col  2]              [Col  3]              [Col  4]              [Col  5]              [Col  6]              [Col  7]              [Col  8]              [Col  9]              [Col 10]
[Row   1]               2.0000               0.6285              -0.0000              -0.0000              -0.0001               0.0268               0.0000              -0.0000               0.0012              -0.0000
[Row   2]               0.6285               1.9998               0.0000              -0.0000               0.0010               0.5121              -0.0000              -0.0000              -0.0117               0.0001
[Row   3]              -0.0000               0.0000               1.9924               0.0000              -0.0000               0.0000               0.6331              -0.0000               0.0000              -0.0000
[Row   4]              -0.0000              -0.0000               0.0000               1.9924               0.0000              -0.0000              -0.0000               0.6331               0.0000               0.0000
[Row   5]              -0.0001               0.0010              -0.0000               0.0000               1.9955              -0.0163               0.0000               0.0000               0.5887              -0.0007
[Row   6]               0.0268               0.5121               0.0000              -0.0000              -0.0163               1.9407              -0.0000              -0.0000               0.1878               0.0549
[Row   7]               0.0000              -0.0000               0.6331              -0.0000               0.0000              -0.0000               0.7786               0.0000              -0.0000               0.0000
[Row   8]              -0.0000              -0.0000              -0.0000               0.6331               0.0000              -0.0000               0.0000               0.7786              -0.0000              -0.0000
[Row   9]               0.0012              -0.0117               0.0000               0.0000               0.5887               0.1878              -0.0000              -0.0000               1.4051              -0.0893
[Row  10]              -0.0000               0.0001              -0.0000               0.0000              -0.0007               0.0549               0.0000              -0.0000              -0.0893               1.9999
[Row  11]               0.0055               0.0552              -0.0000              -0.0000              -0.0464               0.5956              -0.0000               0.0000              -0.8791               0.4742
[Row  12]               0.0000              -0.0000              -0.0356              -0.0000               0.0000              -0.0000               0.9618               0.0000              -0.0000              -0.0000
[Row  13]              -0.0000              -0.0000              -0.0000              -0.0356               0.0000              -0.0000               0.0000               0.9618               0.0000              -0.0000
[Row  14]               0.0116               0.0944              -0.0000              -0.0000              -0.0528               0.5618               0.0000               0.0000              -0.9200               0.0043
                  [Col 11]              [Col 12]              [Col 13]              [Col 14]
[Row   1]               0.0055               0.0000              -0.0000               0.0116
[Row   2]               0.0552              -0.0000              -0.0000               0.0944
[Row   3]              -0.0000              -0.0356              -0.0000              -0.0000
[Row   4]              -0.0000              -0.0000              -0.0356              -0.0000
[Row   5]              -0.0464               0.0000               0.0000              -0.0528
[Row   6]               0.5956              -0.0000              -0.0000               0.5618
[Row   7]              -0.0000               0.9618               0.0000               0.0000
[Row   8]               0.0000               0.0000               0.9618               0.0000
[Row   9]              -0.8791              -0.0000               0.0000              -0.9200
[Row  10]               0.4742              -0.0000              -0.0000               0.0043
[Row  11]               1.9938              -0.0000              -0.0000              -0.0359
[Row  12]              -0.0000               1.6404              -0.0000               0.0000
[Row  13]              -0.0000              -0.0000               1.6404              -0.0000
[Row  14]              -0.0359               0.0000              -0.0000               1.7911
====== S^(AO) std gaussian m_l ordering =====

                  [Col  1]              [Col  2]              [Col  3]              [Col  4]              [Col  5]              [Col  6]              [Col  7]              [Col  8]              [Col  9]              [Col 10]
[Row   1]               1.0000               0.3142               0.0000               0.0000               0.0000               0.0136               0.0000               0.0000               0.0000               0.0000
[Row   2]               0.3142               1.0000               0.0000               0.0000               0.0000               0.2542               0.0000               0.0000              -0.0000               0.0000
[Row   3]               0.0000               0.0000               1.0000               0.0000               0.0000               0.0000               0.2685               0.0000               0.0000               0.0000
[Row   4]               0.0000               0.0000               0.0000               1.0000               0.0000               0.0000               0.0000               0.2685               0.0000               0.0000
[Row   5]               0.0000               0.0000               0.0000               0.0000               1.0000               0.0000               0.0000               0.0000               0.2685              -0.0000
[Row   6]               0.0136               0.2542               0.0000               0.0000               0.0000               1.0000               0.0000               0.0000              -0.0000               0.0286
[Row   7]               0.0000               0.0000               0.2685               0.0000               0.0000               0.0000               1.0000               0.0000               0.0000               0.0000
[Row   8]               0.0000               0.0000               0.0000               0.2685               0.0000               0.0000               0.0000               1.0000               0.0000               0.0000
[Row   9]               0.0000              -0.0000               0.0000               0.0000               0.2685              -0.0000               0.0000               0.0000               1.0000              -0.0483
[Row  10]               0.0000               0.0000               0.0000               0.0000              -0.0000               0.0286               0.0000               0.0000              -0.0483               1.0000
[Row  11]               0.0027               0.0282               0.0000               0.0000              -0.0258               0.2883               0.0000               0.0000              -0.4093               0.2367
[Row  12]               0.0000               0.0000               0.0083               0.0000               0.0000               0.0000               0.1495               0.0000               0.0000               0.0000
[Row  13]               0.0000               0.0000               0.0000               0.0083               0.0000               0.0000               0.0000               0.1495               0.0000               0.0000
[Row  14]               0.0054               0.0507               0.0000               0.0000              -0.0417               0.2252               0.0000               0.0000              -0.2837               0.0000
                  [Col 11]              [Col 12]              [Col 13]              [Col 14]
[Row   1]               0.0027               0.0000               0.0000               0.0054
[Row   2]               0.0282               0.0000               0.0000               0.0507
[Row   3]               0.0000               0.0083               0.0000               0.0000
[Row   4]               0.0000               0.0000               0.0083               0.0000
[Row   5]              -0.0258               0.0000               0.0000              -0.0417
[Row   6]               0.2883               0.0000               0.0000               0.2252
[Row   7]               0.0000               0.1495               0.0000               0.0000
[Row   8]               0.0000               0.0000               0.1495               0.0000
[Row   9]              -0.4093               0.0000               0.0000              -0.2837
[Row  10]               0.2367               0.0000               0.0000               0.0000
[Row  11]               1.0000               0.0000               0.0000              -0.0000
[Row  12]               0.0000               1.0000               0.0000               0.0000
[Row  13]               0.0000               0.0000               1.0000               0.0000
[Row  14]              -0.0000               0.0000               0.0000               1.0000
