molecule mol41.xyz
System:, atNum: 15 coords [              0.0000               0.0000               1.8257]
System:, atNum: 15 coords [              0.0000               0.0000              -1.8257]
===== Original AO-S matrix =====

                  [Col  1]              [Col  2]              [Col  3]              [Col  4]              [Col  5]              [Col  6]              [Col  7]              [Col  8]              [Col  9]              [Col 10]
[Row   1]               1.0000               0.3256               0.0000               0.0000               0.0000               0.0139              -0.0000               0.0000               0.0000               0.0000
[Row   2]               0.3256               1.0000              -0.0000               0.0000               0.0000               0.2481              -0.0000               0.0000               0.0000               0.0000
[Row   3]               0.0000              -0.0000               1.0000               0.0000               0.0000              -0.0000               0.2624               0.0000               0.0000              -0.0000
[Row   4]               0.0000               0.0000               0.0000               1.0000               0.0000               0.0000               0.0000               0.2624               0.0000               0.0000
[Row   5]               0.0000               0.0000               0.0000               0.0000               1.0000               0.0000               0.0000               0.0000               0.2624               0.0000
[Row   6]               0.0139               0.2481              -0.0000               0.0000               0.0000               1.0000               0.0000               0.0000               0.0000               0.0037
[Row   7]              -0.0000              -0.0000               0.2624               0.0000               0.0000               0.0000               1.0000               0.0000               0.0000              -0.0065
[Row   8]               0.0000               0.0000               0.0000               0.2624               0.0000               0.0000               0.0000               1.0000               0.0000               0.0000
[Row   9]               0.0000               0.0000               0.0000               0.0000               0.2624               0.0000               0.0000               0.0000               1.0000               0.0000
[Row  10]               0.0000               0.0000              -0.0000               0.0000               0.0000               0.0037              -0.0065               0.0000               0.0000               1.0000
[Row  11]               0.0000               0.0000              -0.0000               0.0000               0.0000               0.0311              -0.0531               0.0000               0.0000               0.3256
[Row  12]               0.0000               0.0000              -0.0000               0.0000               0.0000               0.0180              -0.0286               0.0000               0.0000              -0.0000
[Row  13]               0.0000               0.0000               0.0000               0.0000               0.0000               0.0000               0.0000               0.0063               0.0000               0.0000
[Row  14]               0.0000               0.0000               0.0000               0.0000               0.0000               0.0000               0.0000               0.0000               0.0063               0.0000
[Row  15]               0.0037               0.0311              -0.0180               0.0000               0.0000               0.2669              -0.3225               0.0000               0.0000               0.0139
[Row  16]               0.0065               0.0531              -0.0286               0.0000               0.0000               0.3225              -0.3498               0.0000               0.0000               0.0000
[Row  17]               0.0000               0.0000               0.0000               0.0063               0.0000               0.0000               0.0000               0.1422               0.0000               0.0000
[Row  18]               0.0000               0.0000               0.0000               0.0000               0.0063               0.0000               0.0000               0.0000               0.1422               0.0000
                  [Col 11]              [Col 12]              [Col 13]              [Col 14]              [Col 15]              [Col 16]              [Col 17]              [Col 18]
[Row   1]               0.0000               0.0000               0.0000               0.0000               0.0037               0.0065               0.0000               0.0000
[Row   2]               0.0000               0.0000               0.0000               0.0000               0.0311               0.0531               0.0000               0.0000
[Row   3]              -0.0000              -0.0000               0.0000               0.0000              -0.0180              -0.0286               0.0000               0.0000
[Row   4]               0.0000               0.0000               0.0000               0.0000               0.0000               0.0000               0.0063               0.0000
[Row   5]               0.0000               0.0000               0.0000               0.0000               0.0000               0.0000               0.0000               0.0063
[Row   6]               0.0311               0.0180               0.0000               0.0000               0.2669               0.3225               0.0000               0.0000
[Row   7]              -0.0531              -0.0286               0.0000               0.0000              -0.3225              -0.3498               0.0000               0.0000
[Row   8]               0.0000               0.0000               0.0063               0.0000               0.0000               0.0000               0.1422               0.0000
[Row   9]               0.0000               0.0000               0.0000               0.0063               0.0000               0.0000               0.0000               0.1422
[Row  10]               0.3256              -0.0000               0.0000               0.0000               0.0139               0.0000               0.0000               0.0000
[Row  11]               1.0000               0.0000               0.0000               0.0000               0.2481               0.0000               0.0000               0.0000
[Row  12]               0.0000               1.0000               0.0000               0.0000               0.0000               0.2624               0.0000               0.0000
[Row  13]               0.0000               0.0000               1.0000               0.0000               0.0000               0.0000               0.2624               0.0000
[Row  14]               0.0000               0.0000               0.0000               1.0000               0.0000               0.0000               0.0000               0.2624
[Row  15]               0.2481               0.0000               0.0000               0.0000               1.0000              -0.0000               0.0000               0.0000
[Row  16]               0.0000               0.2624               0.0000               0.0000              -0.0000               1.0000               0.0000               0.0000
[Row  17]               0.0000               0.0000               0.2624               0.0000               0.0000               0.0000               1.0000               0.0000
[Row  18]               0.0000               0.0000               0.0000               0.2624               0.0000               0.0000               0.0000               1.0000
nbas 18
 ===== CA ===== 

                  [Col  1]              [Col  2]              [Col  3]              [Col  4]              [Col  5]              [Col  6]              [Col  7]              [Col  8]              [Col  9]              [Col 10]
[Row   1]               0.7029               0.7029               0.2519               0.2523               0.0043               0.0038              -0.0000              -0.0000               0.0000              -0.0000
[Row   2]               0.0128               0.0127              -0.7372              -0.7378              -0.0123              -0.0119               0.0000               0.0000              -0.0000               0.0000
[Row   3]              -0.0002              -0.0001               0.0080               0.0095              -0.6915              -0.6938               0.0000               0.0000              -0.0000               0.0000
[Row   4]               0.0000               0.0000               0.0000              -0.0000              -0.0000               0.0000               0.6935               0.0058               0.6925               0.0598
[Row   5]               0.0000               0.0000              -0.0000               0.0000              -0.0000               0.0000              -0.0058               0.6935               0.0598              -0.6925
[Row   6]              -0.0024              -0.0015              -0.0436              -0.0297               0.0204              -0.0040               0.0000               0.0000               0.0000               0.0000
[Row   7]               0.0008              -0.0001               0.0126              -0.0003              -0.0625              -0.0407               0.0000               0.0000              -0.0000               0.0000
[Row   8]              -0.0000              -0.0000              -0.0000              -0.0000              -0.0000               0.0000               0.0478               0.0004               0.0400               0.0035
[Row   9]              -0.0000              -0.0000              -0.0000               0.0000              -0.0000               0.0000              -0.0004               0.0478               0.0035              -0.0400
[Row  10]              -0.7029               0.7029              -0.2519               0.2523              -0.0043               0.0038              -0.0000              -0.0000              -0.0000              -0.0000
[Row  11]              -0.0128               0.0127               0.7372              -0.7378               0.0123              -0.0119               0.0000               0.0000               0.0000               0.0000
[Row  12]              -0.0002               0.0001               0.0080              -0.0095              -0.6915               0.6938              -0.0000              -0.0000              -0.0000              -0.0000
[Row  13]              -0.0000              -0.0000               0.0000              -0.0000              -0.0000               0.0000              -0.6935              -0.0058               0.6925               0.0598
[Row  14]               0.0000              -0.0000               0.0000              -0.0000              -0.0000              -0.0000               0.0058              -0.6935               0.0598              -0.6925
[Row  15]               0.0024              -0.0015               0.0436              -0.0297              -0.0204              -0.0040              -0.0000               0.0000              -0.0000              -0.0000
[Row  16]               0.0008               0.0001               0.0126               0.0003              -0.0625               0.0407              -0.0000              -0.0000              -0.0000              -0.0000
[Row  17]              -0.0000               0.0000               0.0000              -0.0000              -0.0000               0.0000              -0.0478              -0.0004               0.0400               0.0035
[Row  18]              -0.0000               0.0000               0.0000              -0.0000              -0.0000              -0.0000               0.0004              -0.0478               0.0035              -0.0400
                  [Col 11]              [Col 12]              [Col 13]              [Col 14]              [Col 15]              [Col 16]              [Col 17]              [Col 18]
[Row   1]               0.0629               0.0666               0.0220              -0.0000               0.0000               0.0000              -0.0000               0.0329
[Row   2]              -0.2222              -0.2259              -0.0704               0.0000               0.0000              -0.0000               0.0000              -0.0961
[Row   3]               0.0740              -0.0630              -0.2186               0.0000              -0.0000              -0.0000              -0.0000               0.2721
[Row   4]               0.0000              -0.0000              -0.0000               0.0009               0.2250               0.0013               0.2457               0.0000
[Row   5]               0.0000              -0.0000               0.0000               0.2250              -0.0009              -0.2457               0.0013               0.0000
[Row   6]               0.5905               0.7751               0.3173              -0.0000               0.0000               0.0000              -0.0000               0.5933
[Row   7]              -0.1562               0.1576               0.6291              -0.0000               0.0000               0.0000               0.0000              -1.0343
[Row   8]              -0.0000               0.0000               0.0000              -0.0028              -0.6824              -0.0043              -0.7930              -0.0000
[Row   9]              -0.0000               0.0000              -0.0000              -0.6824               0.0028               0.7930              -0.0043              -0.0000
[Row  10]               0.0629              -0.0666               0.0220              -0.0000              -0.0000               0.0000              -0.0000              -0.0329
[Row  11]              -0.2222               0.2259              -0.0704               0.0000               0.0000              -0.0000               0.0000               0.0961
[Row  12]              -0.0740              -0.0630               0.2186              -0.0000               0.0000               0.0000              -0.0000               0.2721
[Row  13]              -0.0000               0.0000              -0.0000               0.0009               0.2250              -0.0013              -0.2457              -0.0000
[Row  14]               0.0000              -0.0000              -0.0000               0.2250              -0.0009               0.2457              -0.0013               0.0000
[Row  15]               0.5905              -0.7751               0.3173              -0.0000              -0.0000               0.0000               0.0000              -0.5933
[Row  16]               0.1562               0.1576              -0.6291               0.0000              -0.0000              -0.0000               0.0000              -1.0343
[Row  17]               0.0000              -0.0000               0.0000              -0.0028              -0.6824               0.0043               0.7930               0.0000
[Row  18]              -0.0000               0.0000               0.0000              -0.6824               0.0028              -0.7930               0.0043              -0.0000
 ===== CB ===== 

                  [Col  1]              [Col  2]              [Col  3]              [Col  4]              [Col  5]              [Col  6]              [Col  7]              [Col  8]              [Col  9]              [Col 10]
[Row   1]               0.7029               0.7029               0.2519               0.2523               0.0043               0.0038              -0.0000              -0.0000               0.0000              -0.0000
[Row   2]               0.0128               0.0127              -0.7372              -0.7378              -0.0123              -0.0119               0.0000               0.0000              -0.0000               0.0000
[Row   3]              -0.0002              -0.0001               0.0080               0.0095              -0.6915              -0.6938               0.0000               0.0000              -0.0000               0.0000
[Row   4]               0.0000               0.0000               0.0000              -0.0000              -0.0000               0.0000               0.6935               0.0058               0.6925               0.0598
[Row   5]               0.0000               0.0000              -0.0000               0.0000              -0.0000               0.0000              -0.0058               0.6935               0.0598              -0.6925
[Row   6]              -0.0024              -0.0015              -0.0436              -0.0297               0.0204              -0.0040               0.0000               0.0000               0.0000               0.0000
[Row   7]               0.0008              -0.0001               0.0126              -0.0003              -0.0625              -0.0407               0.0000               0.0000              -0.0000               0.0000
[Row   8]              -0.0000              -0.0000              -0.0000              -0.0000              -0.0000               0.0000               0.0478               0.0004               0.0400               0.0035
[Row   9]              -0.0000              -0.0000              -0.0000               0.0000              -0.0000               0.0000              -0.0004               0.0478               0.0035              -0.0400
[Row  10]              -0.7029               0.7029              -0.2519               0.2523              -0.0043               0.0038              -0.0000              -0.0000              -0.0000              -0.0000
[Row  11]              -0.0128               0.0127               0.7372              -0.7378               0.0123              -0.0119               0.0000               0.0000               0.0000               0.0000
[Row  12]              -0.0002               0.0001               0.0080              -0.0095              -0.6915               0.6938              -0.0000              -0.0000              -0.0000              -0.0000
[Row  13]              -0.0000              -0.0000               0.0000              -0.0000              -0.0000               0.0000              -0.6935              -0.0058               0.6925               0.0598
[Row  14]               0.0000              -0.0000               0.0000              -0.0000              -0.0000              -0.0000               0.0058              -0.6935               0.0598              -0.6925
[Row  15]               0.0024              -0.0015               0.0436              -0.0297              -0.0204              -0.0040              -0.0000               0.0000              -0.0000              -0.0000
[Row  16]               0.0008               0.0001               0.0126               0.0003              -0.0625               0.0407              -0.0000              -0.0000              -0.0000              -0.0000
[Row  17]              -0.0000               0.0000               0.0000              -0.0000              -0.0000               0.0000              -0.0478              -0.0004               0.0400               0.0035
[Row  18]              -0.0000               0.0000               0.0000              -0.0000              -0.0000              -0.0000               0.0004              -0.0478               0.0035              -0.0400
                  [Col 11]              [Col 12]              [Col 13]              [Col 14]              [Col 15]              [Col 16]              [Col 17]              [Col 18]
[Row   1]               0.0629               0.0666               0.0220              -0.0000               0.0000               0.0000              -0.0000               0.0329
[Row   2]              -0.2222              -0.2259              -0.0704               0.0000               0.0000              -0.0000               0.0000              -0.0961
[Row   3]               0.0740              -0.0630              -0.2186               0.0000              -0.0000              -0.0000              -0.0000               0.2721
[Row   4]               0.0000              -0.0000              -0.0000               0.0009               0.2250               0.0013               0.2457               0.0000
[Row   5]               0.0000              -0.0000               0.0000               0.2250              -0.0009              -0.2457               0.0013               0.0000
[Row   6]               0.5905               0.7751               0.3173              -0.0000               0.0000               0.0000              -0.0000               0.5933
[Row   7]              -0.1562               0.1576               0.6291              -0.0000               0.0000               0.0000               0.0000              -1.0343
[Row   8]              -0.0000               0.0000               0.0000              -0.0028              -0.6824              -0.0043              -0.7930              -0.0000
[Row   9]              -0.0000               0.0000              -0.0000              -0.6824               0.0028               0.7930              -0.0043              -0.0000
[Row  10]               0.0629              -0.0666               0.0220              -0.0000              -0.0000               0.0000              -0.0000              -0.0329
[Row  11]              -0.2222               0.2259              -0.0704               0.0000               0.0000              -0.0000               0.0000               0.0961
[Row  12]              -0.0740              -0.0630               0.2186              -0.0000               0.0000               0.0000              -0.0000               0.2721
[Row  13]              -0.0000               0.0000              -0.0000               0.0009               0.2250              -0.0013              -0.2457              -0.0000
[Row  14]               0.0000              -0.0000              -0.0000               0.2250              -0.0009               0.2457              -0.0013               0.0000
[Row  15]               0.5905              -0.7751               0.3173              -0.0000              -0.0000               0.0000               0.0000              -0.5933
[Row  16]               0.1562               0.1576              -0.6291               0.0000              -0.0000              -0.0000               0.0000              -1.0343
[Row  17]               0.0000              -0.0000               0.0000              -0.0028              -0.6824               0.0043               0.7930               0.0000
[Row  18]              -0.0000               0.0000               0.0000              -0.6824               0.0028              -0.7930               0.0043              -0.0000
 ===== P_psi ===== Dalpha+Dbeta 

                  [Col  1]              [Col  2]              [Col  3]              [Col  4]              [Col  5]              [Col  6]              [Col  7]              [Col  8]              [Col  9]              [Col 10]
[Row   1]               2.2482              -0.7692              -0.0115               0.0000               0.0000               0.1494               0.0353              -0.0000              -0.0000               0.0005
[Row   2]              -0.7692               2.3876               0.0341               0.0000               0.0000              -0.5496              -0.1059               0.0000              -0.0000              -0.0019
[Row   3]              -0.0115               0.0341               2.0339               0.0000              -0.0000              -0.1729              -0.1749              -0.0000               0.0000               0.0097
[Row   4]               0.0000               0.0000               0.0000               2.0296               0.0000               0.0000              -0.0000              -0.1848              -0.0000               0.0000
[Row   5]               0.0000               0.0000              -0.0000               0.0000               2.0296               0.0000               0.0000              -0.0000              -0.1848               0.0000
[Row   6]               0.1494              -0.5496              -0.1729               0.0000               0.0000               2.1067               0.4558              -0.0000              -0.0000              -0.0070
[Row   7]               0.0353              -0.1059              -0.1749              -0.0000               0.0000               0.4558               0.9015               0.0000              -0.0000              -0.0205
[Row   8]              -0.0000               0.0000              -0.0000              -0.1848              -0.0000              -0.0000               0.0000               0.9392               0.0000              -0.0000
[Row   9]              -0.0000              -0.0000               0.0000              -0.0000              -0.1848              -0.0000              -0.0000               0.0000               0.9392              -0.0000
[Row  10]               0.0005              -0.0019               0.0097               0.0000               0.0000              -0.0070              -0.0205              -0.0000              -0.0000               2.2482
[Row  11]              -0.0019               0.0085              -0.0332              -0.0000               0.0000               0.0233               0.0705               0.0000               0.0000              -0.7692
[Row  12]              -0.0097               0.0332              -0.1051               0.0000               0.0000              -0.0800               0.3085               0.0000              -0.0000               0.0115
[Row  13]              -0.0000               0.0000              -0.0000               0.1054               0.0000              -0.0000               0.0000              -0.3176              -0.0000              -0.0000
[Row  14]              -0.0000               0.0000               0.0000               0.0000               0.1054              -0.0000              -0.0000              -0.0000              -0.3176              -0.0000
[Row  15]              -0.0070               0.0233               0.0800               0.0000               0.0000              -0.3058              -0.0254              -0.0000              -0.0000               0.1494
[Row  16]               0.0205              -0.0705               0.3085               0.0000              -0.0000               0.0254              -0.7859              -0.0000               0.0000              -0.0353
[Row  17]               0.0000              -0.0000               0.0000              -0.3176               0.0000               0.0000              -0.0000               0.9300              -0.0000               0.0000
[Row  18]               0.0000              -0.0000              -0.0000              -0.0000              -0.3176               0.0000               0.0000               0.0000               0.9300               0.0000
                  [Col 11]              [Col 12]              [Col 13]              [Col 14]              [Col 15]              [Col 16]              [Col 17]              [Col 18]
[Row   1]              -0.0019              -0.0097              -0.0000              -0.0000              -0.0070               0.0205               0.0000               0.0000
[Row   2]               0.0085               0.0332               0.0000               0.0000               0.0233              -0.0705              -0.0000              -0.0000
[Row   3]              -0.0332              -0.1051              -0.0000               0.0000               0.0800               0.3085               0.0000              -0.0000
[Row   4]              -0.0000               0.0000               0.1054               0.0000               0.0000               0.0000              -0.3176              -0.0000
[Row   5]               0.0000               0.0000               0.0000               0.1054               0.0000              -0.0000               0.0000              -0.3176
[Row   6]               0.0233              -0.0800              -0.0000              -0.0000              -0.3058               0.0254               0.0000               0.0000
[Row   7]               0.0705               0.3085               0.0000              -0.0000              -0.0254              -0.7859              -0.0000               0.0000
[Row   8]               0.0000               0.0000              -0.3176              -0.0000              -0.0000              -0.0000               0.9300               0.0000
[Row   9]               0.0000              -0.0000              -0.0000              -0.3176              -0.0000               0.0000              -0.0000               0.9300
[Row  10]              -0.7692               0.0115              -0.0000              -0.0000               0.1494              -0.0353               0.0000               0.0000
[Row  11]               2.3876              -0.0341               0.0000              -0.0000              -0.5496               0.1059              -0.0000               0.0000
[Row  12]              -0.0341               2.0339               0.0000              -0.0000               0.1729              -0.1749              -0.0000               0.0000
[Row  13]               0.0000               0.0000               2.0296              -0.0000              -0.0000              -0.0000              -0.1848               0.0000
[Row  14]              -0.0000              -0.0000              -0.0000               2.0296               0.0000               0.0000               0.0000              -0.1848
[Row  15]              -0.5496               0.1729              -0.0000               0.0000               2.1067              -0.4558               0.0000               0.0000
[Row  16]               0.1059              -0.1749              -0.0000               0.0000              -0.4558               0.9015               0.0000              -0.0000
[Row  17]              -0.0000              -0.0000              -0.1848               0.0000               0.0000               0.0000               0.9392              -0.0000
[Row  18]               0.0000               0.0000               0.0000              -0.1848               0.0000              -0.0000              -0.0000               0.9392
===== P_mu,nu local =====

                  [Col  1]              [Col  2]              [Col  3]              [Col  4]              [Col  5]              [Col  6]              [Col  7]              [Col  8]              [Col  9]              [Col 10]
[Row   1]               2.2482              -0.7692              -0.0115               0.0000               0.0000               0.1494               0.0353              -0.0000              -0.0000               0.0005
[Row   2]              -0.7692               2.3876               0.0341               0.0000               0.0000              -0.5496              -0.1059               0.0000              -0.0000              -0.0019
[Row   3]              -0.0115               0.0341               2.0339               0.0000              -0.0000              -0.1729              -0.1749              -0.0000               0.0000               0.0097
[Row   4]               0.0000               0.0000               0.0000               2.0296               0.0000               0.0000              -0.0000              -0.1848              -0.0000               0.0000
[Row   5]               0.0000               0.0000              -0.0000               0.0000               2.0296               0.0000               0.0000              -0.0000              -0.1848               0.0000
[Row   6]               0.1494              -0.5496              -0.1729               0.0000               0.0000               2.1067               0.4558              -0.0000              -0.0000              -0.0070
[Row   7]               0.0353              -0.1059              -0.1749              -0.0000               0.0000               0.4558               0.9015               0.0000              -0.0000              -0.0205
[Row   8]              -0.0000               0.0000              -0.0000              -0.1848              -0.0000              -0.0000               0.0000               0.9392               0.0000              -0.0000
[Row   9]              -0.0000              -0.0000               0.0000              -0.0000              -0.1848              -0.0000              -0.0000               0.0000               0.9392              -0.0000
[Row  10]               0.0005              -0.0019               0.0097               0.0000               0.0000              -0.0070              -0.0205              -0.0000              -0.0000               2.2482
[Row  11]              -0.0019               0.0085              -0.0332              -0.0000               0.0000               0.0233               0.0705               0.0000               0.0000              -0.7692
[Row  12]              -0.0097               0.0332              -0.1051               0.0000               0.0000              -0.0800               0.3085               0.0000              -0.0000               0.0115
[Row  13]              -0.0000               0.0000              -0.0000               0.1054               0.0000              -0.0000               0.0000              -0.3176              -0.0000              -0.0000
[Row  14]              -0.0000               0.0000               0.0000               0.0000               0.1054              -0.0000              -0.0000              -0.0000              -0.3176              -0.0000
[Row  15]              -0.0070               0.0233               0.0800               0.0000               0.0000              -0.3058              -0.0254              -0.0000              -0.0000               0.1494
[Row  16]               0.0205              -0.0705               0.3085               0.0000              -0.0000               0.0254              -0.7859              -0.0000               0.0000              -0.0353
[Row  17]               0.0000              -0.0000               0.0000              -0.3176               0.0000               0.0000              -0.0000               0.9300              -0.0000               0.0000
[Row  18]               0.0000              -0.0000              -0.0000              -0.0000              -0.3176               0.0000               0.0000               0.0000               0.9300               0.0000
                  [Col 11]              [Col 12]              [Col 13]              [Col 14]              [Col 15]              [Col 16]              [Col 17]              [Col 18]
[Row   1]              -0.0019              -0.0097              -0.0000              -0.0000              -0.0070               0.0205               0.0000               0.0000
[Row   2]               0.0085               0.0332               0.0000               0.0000               0.0233              -0.0705              -0.0000              -0.0000
[Row   3]              -0.0332              -0.1051              -0.0000               0.0000               0.0800               0.3085               0.0000              -0.0000
[Row   4]              -0.0000               0.0000               0.1054               0.0000               0.0000               0.0000              -0.3176              -0.0000
[Row   5]               0.0000               0.0000               0.0000               0.1054               0.0000              -0.0000               0.0000              -0.3176
[Row   6]               0.0233              -0.0800              -0.0000              -0.0000              -0.3058               0.0254               0.0000               0.0000
[Row   7]               0.0705               0.3085               0.0000              -0.0000              -0.0254              -0.7859              -0.0000               0.0000
[Row   8]               0.0000               0.0000              -0.3176              -0.0000              -0.0000              -0.0000               0.9300               0.0000
[Row   9]               0.0000              -0.0000              -0.0000              -0.3176              -0.0000               0.0000              -0.0000               0.9300
[Row  10]              -0.7692               0.0115              -0.0000              -0.0000               0.1494              -0.0353               0.0000               0.0000
[Row  11]               2.3876              -0.0341               0.0000              -0.0000              -0.5496               0.1059              -0.0000               0.0000
[Row  12]              -0.0341               2.0339               0.0000              -0.0000               0.1729              -0.1749              -0.0000               0.0000
[Row  13]               0.0000               0.0000               2.0296              -0.0000              -0.0000              -0.0000              -0.1848               0.0000
[Row  14]              -0.0000              -0.0000              -0.0000               2.0296               0.0000               0.0000               0.0000              -0.1848
[Row  15]              -0.5496               0.1729              -0.0000               0.0000               2.1067              -0.4558               0.0000               0.0000
[Row  16]               0.1059              -0.1749              -0.0000               0.0000              -0.4558               0.9015               0.0000              -0.0000
[Row  17]              -0.0000              -0.0000              -0.1848               0.0000               0.0000               0.0000               0.9392              -0.0000
[Row  18]               0.0000               0.0000               0.0000              -0.1848               0.0000              -0.0000              -0.0000               0.9392
===== P_mu,nu psi4 =====

                  [Col  1]              [Col  2]              [Col  3]              [Col  4]              [Col  5]              [Col  6]              [Col  7]              [Col  8]              [Col  9]              [Col 10]
[Row   1]               2.2482              -0.7692              -0.0115               0.0000               0.0000               0.1494               0.0353              -0.0000              -0.0000               0.0005
[Row   2]              -0.7692               2.3876               0.0341               0.0000               0.0000              -0.5496              -0.1059               0.0000              -0.0000              -0.0019
[Row   3]              -0.0115               0.0341               2.0339               0.0000              -0.0000              -0.1729              -0.1749              -0.0000               0.0000               0.0097
[Row   4]               0.0000               0.0000               0.0000               2.0296               0.0000               0.0000              -0.0000              -0.1848              -0.0000               0.0000
[Row   5]               0.0000               0.0000              -0.0000               0.0000               2.0296               0.0000               0.0000              -0.0000              -0.1848               0.0000
[Row   6]               0.1494              -0.5496              -0.1729               0.0000               0.0000               2.1067               0.4558              -0.0000              -0.0000              -0.0070
[Row   7]               0.0353              -0.1059              -0.1749              -0.0000               0.0000               0.4558               0.9015               0.0000              -0.0000              -0.0205
[Row   8]              -0.0000               0.0000              -0.0000              -0.1848              -0.0000              -0.0000               0.0000               0.9392               0.0000              -0.0000
[Row   9]              -0.0000              -0.0000               0.0000              -0.0000              -0.1848              -0.0000              -0.0000               0.0000               0.9392              -0.0000
[Row  10]               0.0005              -0.0019               0.0097               0.0000               0.0000              -0.0070              -0.0205              -0.0000              -0.0000               2.2482
[Row  11]              -0.0019               0.0085              -0.0332              -0.0000               0.0000               0.0233               0.0705               0.0000               0.0000              -0.7692
[Row  12]              -0.0097               0.0332              -0.1051               0.0000               0.0000              -0.0800               0.3085               0.0000              -0.0000               0.0115
[Row  13]              -0.0000               0.0000              -0.0000               0.1054               0.0000              -0.0000               0.0000              -0.3176              -0.0000              -0.0000
[Row  14]              -0.0000               0.0000               0.0000               0.0000               0.1054              -0.0000              -0.0000              -0.0000              -0.3176              -0.0000
[Row  15]              -0.0070               0.0233               0.0800               0.0000               0.0000              -0.3058              -0.0254              -0.0000              -0.0000               0.1494
[Row  16]               0.0205              -0.0705               0.3085               0.0000              -0.0000               0.0254              -0.7859              -0.0000               0.0000              -0.0353
[Row  17]               0.0000              -0.0000               0.0000              -0.3176               0.0000               0.0000              -0.0000               0.9300              -0.0000               0.0000
[Row  18]               0.0000              -0.0000              -0.0000              -0.0000              -0.3176               0.0000               0.0000               0.0000               0.9300               0.0000
                  [Col 11]              [Col 12]              [Col 13]              [Col 14]              [Col 15]              [Col 16]              [Col 17]              [Col 18]
[Row   1]              -0.0019              -0.0097              -0.0000              -0.0000              -0.0070               0.0205               0.0000               0.0000
[Row   2]               0.0085               0.0332               0.0000               0.0000               0.0233              -0.0705              -0.0000              -0.0000
[Row   3]              -0.0332              -0.1051              -0.0000               0.0000               0.0800               0.3085               0.0000              -0.0000
[Row   4]              -0.0000               0.0000               0.1054               0.0000               0.0000               0.0000              -0.3176              -0.0000
[Row   5]               0.0000               0.0000               0.0000               0.1054               0.0000              -0.0000               0.0000              -0.3176
[Row   6]               0.0233              -0.0800              -0.0000              -0.0000              -0.3058               0.0254               0.0000               0.0000
[Row   7]               0.0705               0.3085               0.0000              -0.0000              -0.0254              -0.7859              -0.0000               0.0000
[Row   8]               0.0000               0.0000              -0.3176              -0.0000              -0.0000              -0.0000               0.9300               0.0000
[Row   9]               0.0000              -0.0000              -0.0000              -0.3176              -0.0000               0.0000              -0.0000               0.9300
[Row  10]              -0.7692               0.0115              -0.0000              -0.0000               0.1494              -0.0353               0.0000               0.0000
[Row  11]               2.3876              -0.0341               0.0000              -0.0000              -0.5496               0.1059              -0.0000               0.0000
[Row  12]              -0.0341               2.0339               0.0000              -0.0000               0.1729              -0.1749              -0.0000               0.0000
[Row  13]               0.0000               0.0000               2.0296              -0.0000              -0.0000              -0.0000              -0.1848               0.0000
[Row  14]              -0.0000              -0.0000              -0.0000               2.0296               0.0000               0.0000               0.0000              -0.1848
[Row  15]              -0.5496               0.1729              -0.0000               0.0000               2.1067              -0.4558               0.0000               0.0000
[Row  16]               0.1059              -0.1749              -0.0000               0.0000              -0.4558               0.9015               0.0000              -0.0000
[Row  17]              -0.0000              -0.0000              -0.1848               0.0000               0.0000               0.0000               0.9392              -0.0000
[Row  18]               0.0000               0.0000               0.0000              -0.1848               0.0000              -0.0000              -0.0000               0.9392
====== P^(AO) = SPS =====

                  [Col  1]              [Col  2]              [Col  3]              [Col  4]              [Col  5]              [Col  6]              [Col  7]              [Col  8]              [Col  9]              [Col 10]
[Row   1]               2.0000               0.6512              -0.0001               0.0000               0.0000               0.0277               0.0008              -0.0000              -0.0000               0.0000
[Row   2]               0.6512               1.9997               0.0009               0.0000               0.0000               0.4983              -0.0097               0.0000              -0.0000              -0.0000
[Row   3]              -0.0001               0.0009               1.9966               0.0000              -0.0000              -0.0070               0.5594              -0.0000               0.0000               0.0001
[Row   4]               0.0000               0.0000               0.0000               1.9964               0.0000               0.0000              -0.0000               0.5774               0.0000              -0.0000
[Row   5]               0.0000               0.0000              -0.0000               0.0000               1.9964               0.0000               0.0000              -0.0000               0.5774               0.0000
[Row   6]               0.0277               0.4983              -0.0070               0.0000               0.0000               1.9853               0.0724              -0.0000              -0.0000               0.0076
[Row   7]               0.0008              -0.0097               0.5594              -0.0000               0.0000               0.0724               1.6432               0.0000              -0.0000              -0.0138
[Row   8]              -0.0000               0.0000              -0.0000               0.5774              -0.0000              -0.0000               0.0000               1.2378               0.0000              -0.0000
[Row   9]              -0.0000              -0.0000               0.0000               0.0000               0.5774              -0.0000              -0.0000               0.0000               1.2378              -0.0000
[Row  10]               0.0000              -0.0000               0.0001              -0.0000               0.0000               0.0076              -0.0138              -0.0000              -0.0000               2.0000
[Row  11]              -0.0000               0.0003              -0.0009               0.0000              -0.0000               0.0601              -0.0965               0.0000              -0.0000               0.6512
[Row  12]              -0.0001               0.0009              -0.0034               0.0000               0.0000               0.0289              -0.0227               0.0000              -0.0000               0.0001
[Row  13]              -0.0000              -0.0000              -0.0000               0.0036              -0.0000              -0.0000              -0.0000              -0.0399              -0.0000               0.0000
[Row  14]              -0.0000              -0.0000               0.0000               0.0000               0.0036              -0.0000              -0.0000              -0.0000              -0.0399              -0.0000
[Row  15]               0.0076               0.0601              -0.0289               0.0000              -0.0000               0.5485              -0.7175              -0.0000              -0.0000               0.0277
[Row  16]               0.0138               0.0965              -0.0227               0.0000              -0.0000               0.7175              -1.0565              -0.0000               0.0000              -0.0008
[Row  17]              -0.0000              -0.0000              -0.0000              -0.0399              -0.0000               0.0000              -0.0000               1.0466              -0.0000               0.0000
[Row  18]              -0.0000              -0.0000              -0.0000              -0.0000              -0.0399               0.0000               0.0000              -0.0000               1.0466              -0.0000
                  [Col 11]              [Col 12]              [Col 13]              [Col 14]              [Col 15]              [Col 16]              [Col 17]              [Col 18]
[Row   1]              -0.0000              -0.0001              -0.0000              -0.0000               0.0076               0.0138              -0.0000              -0.0000
[Row   2]               0.0003               0.0009              -0.0000              -0.0000               0.0601               0.0965              -0.0000              -0.0000
[Row   3]              -0.0009              -0.0034              -0.0000               0.0000              -0.0289              -0.0227              -0.0000              -0.0000
[Row   4]               0.0000               0.0000               0.0036               0.0000               0.0000               0.0000              -0.0399              -0.0000
[Row   5]              -0.0000               0.0000              -0.0000               0.0036              -0.0000              -0.0000              -0.0000              -0.0399
[Row   6]               0.0601               0.0289              -0.0000              -0.0000               0.5485               0.7175               0.0000               0.0000
[Row   7]              -0.0965              -0.0227              -0.0000              -0.0000              -0.7175              -1.0565              -0.0000               0.0000
[Row   8]               0.0000               0.0000              -0.0399              -0.0000              -0.0000              -0.0000               1.0466              -0.0000
[Row   9]              -0.0000              -0.0000              -0.0000              -0.0399              -0.0000               0.0000              -0.0000               1.0466
[Row  10]               0.6512               0.0001               0.0000              -0.0000               0.0277              -0.0008               0.0000              -0.0000
[Row  11]               1.9997              -0.0009               0.0000               0.0000               0.4983               0.0097               0.0000               0.0000
[Row  12]              -0.0009               1.9966               0.0000              -0.0000               0.0070               0.5594              -0.0000               0.0000
[Row  13]               0.0000               0.0000               1.9964               0.0000               0.0000               0.0000               0.5774               0.0000
[Row  14]               0.0000              -0.0000               0.0000               1.9964               0.0000               0.0000              -0.0000               0.5774
[Row  15]               0.4983               0.0070               0.0000               0.0000               1.9853              -0.0724               0.0000               0.0000
[Row  16]               0.0097               0.5594               0.0000               0.0000              -0.0724               1.6432               0.0000              -0.0000
[Row  17]               0.0000              -0.0000               0.5774              -0.0000               0.0000               0.0000               1.2378              -0.0000
[Row  18]               0.0000               0.0000               0.0000               0.5774               0.0000              -0.0000              -0.0000               1.2378
====== S^(AO) = S =====

                  [Col  1]              [Col  2]              [Col  3]              [Col  4]              [Col  5]              [Col  6]              [Col  7]              [Col  8]              [Col  9]              [Col 10]
[Row   1]               1.0000               0.3256               0.0000               0.0000               0.0000               0.0139              -0.0000               0.0000               0.0000               0.0000
[Row   2]               0.3256               1.0000              -0.0000               0.0000               0.0000               0.2481              -0.0000               0.0000               0.0000               0.0000
[Row   3]               0.0000              -0.0000               1.0000               0.0000               0.0000              -0.0000               0.2624               0.0000               0.0000              -0.0000
[Row   4]               0.0000               0.0000               0.0000               1.0000               0.0000               0.0000               0.0000               0.2624               0.0000               0.0000
[Row   5]               0.0000               0.0000               0.0000               0.0000               1.0000               0.0000               0.0000               0.0000               0.2624               0.0000
[Row   6]               0.0139               0.2481              -0.0000               0.0000               0.0000               1.0000               0.0000               0.0000               0.0000               0.0037
[Row   7]              -0.0000              -0.0000               0.2624               0.0000               0.0000               0.0000               1.0000               0.0000               0.0000              -0.0065
[Row   8]               0.0000               0.0000               0.0000               0.2624               0.0000               0.0000               0.0000               1.0000               0.0000               0.0000
[Row   9]               0.0000               0.0000               0.0000               0.0000               0.2624               0.0000               0.0000               0.0000               1.0000               0.0000
[Row  10]               0.0000               0.0000              -0.0000               0.0000               0.0000               0.0037              -0.0065               0.0000               0.0000               1.0000
[Row  11]               0.0000               0.0000              -0.0000               0.0000               0.0000               0.0311              -0.0531               0.0000               0.0000               0.3256
[Row  12]               0.0000               0.0000              -0.0000               0.0000               0.0000               0.0180              -0.0286               0.0000               0.0000              -0.0000
[Row  13]               0.0000               0.0000               0.0000               0.0000               0.0000               0.0000               0.0000               0.0063               0.0000               0.0000
[Row  14]               0.0000               0.0000               0.0000               0.0000               0.0000               0.0000               0.0000               0.0000               0.0063               0.0000
[Row  15]               0.0037               0.0311              -0.0180               0.0000               0.0000               0.2669              -0.3225               0.0000               0.0000               0.0139
[Row  16]               0.0065               0.0531              -0.0286               0.0000               0.0000               0.3225              -0.3498               0.0000               0.0000               0.0000
[Row  17]               0.0000               0.0000               0.0000               0.0063               0.0000               0.0000               0.0000               0.1422               0.0000               0.0000
[Row  18]               0.0000               0.0000               0.0000               0.0000               0.0063               0.0000               0.0000               0.0000               0.1422               0.0000
                  [Col 11]              [Col 12]              [Col 13]              [Col 14]              [Col 15]              [Col 16]              [Col 17]              [Col 18]
[Row   1]               0.0000               0.0000               0.0000               0.0000               0.0037               0.0065               0.0000               0.0000
[Row   2]               0.0000               0.0000               0.0000               0.0000               0.0311               0.0531               0.0000               0.0000
[Row   3]              -0.0000              -0.0000               0.0000               0.0000              -0.0180              -0.0286               0.0000               0.0000
[Row   4]               0.0000               0.0000               0.0000               0.0000               0.0000               0.0000               0.0063               0.0000
[Row   5]               0.0000               0.0000               0.0000               0.0000               0.0000               0.0000               0.0000               0.0063
[Row   6]               0.0311               0.0180               0.0000               0.0000               0.2669               0.3225               0.0000               0.0000
[Row   7]              -0.0531              -0.0286               0.0000               0.0000              -0.3225              -0.3498               0.0000               0.0000
[Row   8]               0.0000               0.0000               0.0063               0.0000               0.0000               0.0000               0.1422               0.0000
[Row   9]               0.0000               0.0000               0.0000               0.0063               0.0000               0.0000               0.0000               0.1422
[Row  10]               0.3256              -0.0000               0.0000               0.0000               0.0139               0.0000               0.0000               0.0000
[Row  11]               1.0000               0.0000               0.0000               0.0000               0.2481               0.0000               0.0000               0.0000
[Row  12]               0.0000               1.0000               0.0000               0.0000               0.0000               0.2624               0.0000               0.0000
[Row  13]               0.0000               0.0000               1.0000               0.0000               0.0000               0.0000               0.2624               0.0000
[Row  14]               0.0000               0.0000               0.0000               1.0000               0.0000               0.0000               0.0000               0.2624
[Row  15]               0.2481               0.0000               0.0000               0.0000               1.0000              -0.0000               0.0000               0.0000
[Row  16]               0.0000               0.2624               0.0000               0.0000              -0.0000               1.0000               0.0000               0.0000
[Row  17]               0.0000               0.0000               0.2624               0.0000               0.0000               0.0000               1.0000               0.0000
[Row  18]               0.0000               0.0000               0.0000               0.2624               0.0000               0.0000               0.0000               1.0000
====== P^(AO) std gaussian m_l ordering SPS =====

                  [Col  1]              [Col  2]              [Col  3]              [Col  4]              [Col  5]              [Col  6]              [Col  7]              [Col  8]              [Col  9]              [Col 10]
[Row   1]               2.0000               0.6512               0.0000               0.0000              -0.0001               0.0277              -0.0000              -0.0000               0.0008               0.0000
[Row   2]               0.6512               1.9997               0.0000               0.0000               0.0009               0.4983               0.0000              -0.0000              -0.0097              -0.0000
[Row   3]               0.0000               0.0000               1.9964               0.0000               0.0000               0.0000               0.5774               0.0000              -0.0000              -0.0000
[Row   4]               0.0000               0.0000               0.0000               1.9964              -0.0000               0.0000              -0.0000               0.5774               0.0000               0.0000
[Row   5]              -0.0001               0.0009               0.0000              -0.0000               1.9966              -0.0070              -0.0000               0.0000               0.5594               0.0001
[Row   6]               0.0277               0.4983               0.0000               0.0000              -0.0070               1.9853              -0.0000              -0.0000               0.0724               0.0076
[Row   7]              -0.0000               0.0000               0.5774              -0.0000              -0.0000              -0.0000               1.2378               0.0000               0.0000              -0.0000
[Row   8]              -0.0000              -0.0000               0.0000               0.5774               0.0000              -0.0000               0.0000               1.2378              -0.0000              -0.0000
[Row   9]               0.0008              -0.0097              -0.0000               0.0000               0.5594               0.0724               0.0000              -0.0000               1.6432              -0.0138
[Row  10]               0.0000              -0.0000              -0.0000               0.0000               0.0001               0.0076              -0.0000              -0.0000              -0.0138               2.0000
[Row  11]              -0.0000               0.0003               0.0000              -0.0000              -0.0009               0.0601               0.0000              -0.0000              -0.0965               0.6512
[Row  12]              -0.0000              -0.0000               0.0036              -0.0000              -0.0000              -0.0000              -0.0399              -0.0000              -0.0000               0.0000
[Row  13]              -0.0000              -0.0000               0.0000               0.0036               0.0000              -0.0000              -0.0000              -0.0399              -0.0000              -0.0000
[Row  14]              -0.0001               0.0009               0.0000               0.0000              -0.0034               0.0289               0.0000              -0.0000              -0.0227               0.0001
[Row  15]               0.0076               0.0601               0.0000              -0.0000              -0.0289               0.5485              -0.0000              -0.0000              -0.7175               0.0277
[Row  16]              -0.0000              -0.0000              -0.0399              -0.0000              -0.0000               0.0000               1.0466              -0.0000              -0.0000               0.0000
[Row  17]              -0.0000              -0.0000              -0.0000              -0.0399              -0.0000               0.0000              -0.0000               1.0466               0.0000              -0.0000
[Row  18]               0.0138               0.0965               0.0000              -0.0000              -0.0227               0.7175              -0.0000               0.0000              -1.0565              -0.0008
                  [Col 11]              [Col 12]              [Col 13]              [Col 14]              [Col 15]              [Col 16]              [Col 17]              [Col 18]
[Row   1]              -0.0000              -0.0000              -0.0000              -0.0001               0.0076              -0.0000              -0.0000               0.0138
[Row   2]               0.0003              -0.0000              -0.0000               0.0009               0.0601              -0.0000              -0.0000               0.0965
[Row   3]               0.0000               0.0036               0.0000               0.0000               0.0000              -0.0399              -0.0000               0.0000
[Row   4]              -0.0000              -0.0000               0.0036               0.0000              -0.0000              -0.0000              -0.0399              -0.0000
[Row   5]              -0.0009              -0.0000               0.0000              -0.0034              -0.0289              -0.0000              -0.0000              -0.0227
[Row   6]               0.0601              -0.0000              -0.0000               0.0289               0.5485               0.0000               0.0000               0.7175
[Row   7]               0.0000              -0.0399              -0.0000               0.0000              -0.0000               1.0466              -0.0000              -0.0000
[Row   8]              -0.0000              -0.0000              -0.0399              -0.0000              -0.0000              -0.0000               1.0466               0.0000
[Row   9]              -0.0965              -0.0000              -0.0000              -0.0227              -0.7175              -0.0000               0.0000              -1.0565
[Row  10]               0.6512               0.0000              -0.0000               0.0001               0.0277               0.0000              -0.0000              -0.0008
[Row  11]               1.9997               0.0000               0.0000              -0.0009               0.4983               0.0000               0.0000               0.0097
[Row  12]               0.0000               1.9964               0.0000               0.0000               0.0000               0.5774               0.0000               0.0000
[Row  13]               0.0000               0.0000               1.9964              -0.0000               0.0000              -0.0000               0.5774               0.0000
[Row  14]              -0.0009               0.0000              -0.0000               1.9966               0.0070              -0.0000               0.0000               0.5594
[Row  15]               0.4983               0.0000               0.0000               0.0070               1.9853               0.0000               0.0000              -0.0724
[Row  16]               0.0000               0.5774              -0.0000              -0.0000               0.0000               1.2378              -0.0000               0.0000
[Row  17]               0.0000               0.0000               0.5774               0.0000               0.0000              -0.0000               1.2378              -0.0000
[Row  18]               0.0097               0.0000               0.0000               0.5594              -0.0724               0.0000              -0.0000               1.6432
====== S^(AO) std gaussian m_l ordering =====

                  [Col  1]              [Col  2]              [Col  3]              [Col  4]              [Col  5]              [Col  6]              [Col  7]              [Col  8]              [Col  9]              [Col 10]
[Row   1]               1.0000               0.3256               0.0000               0.0000               0.0000               0.0139               0.0000               0.0000              -0.0000               0.0000
[Row   2]               0.3256               1.0000               0.0000               0.0000              -0.0000               0.2481               0.0000               0.0000              -0.0000               0.0000
[Row   3]               0.0000               0.0000               1.0000               0.0000               0.0000               0.0000               0.2624               0.0000               0.0000               0.0000
[Row   4]               0.0000               0.0000               0.0000               1.0000               0.0000               0.0000               0.0000               0.2624               0.0000               0.0000
[Row   5]               0.0000              -0.0000               0.0000               0.0000               1.0000              -0.0000               0.0000               0.0000               0.2624              -0.0000
[Row   6]               0.0139               0.2481               0.0000               0.0000              -0.0000               1.0000               0.0000               0.0000               0.0000               0.0037
[Row   7]               0.0000               0.0000               0.2624               0.0000               0.0000               0.0000               1.0000               0.0000               0.0000               0.0000
[Row   8]               0.0000               0.0000               0.0000               0.2624               0.0000               0.0000               0.0000               1.0000               0.0000               0.0000
[Row   9]              -0.0000              -0.0000               0.0000               0.0000               0.2624               0.0000               0.0000               0.0000               1.0000              -0.0065
[Row  10]               0.0000               0.0000               0.0000               0.0000              -0.0000               0.0037               0.0000               0.0000              -0.0065               1.0000
[Row  11]               0.0000               0.0000               0.0000               0.0000              -0.0000               0.0311               0.0000               0.0000              -0.0531               0.3256
[Row  12]               0.0000               0.0000               0.0000               0.0000               0.0000               0.0000               0.0063               0.0000               0.0000               0.0000
[Row  13]               0.0000               0.0000               0.0000               0.0000               0.0000               0.0000               0.0000               0.0063               0.0000               0.0000
[Row  14]               0.0000               0.0000               0.0000               0.0000              -0.0000               0.0180               0.0000               0.0000              -0.0286              -0.0000
[Row  15]               0.0037               0.0311               0.0000               0.0000              -0.0180               0.2669               0.0000               0.0000              -0.3225               0.0139
[Row  16]               0.0000               0.0000               0.0063               0.0000               0.0000               0.0000               0.1422               0.0000               0.0000               0.0000
[Row  17]               0.0000               0.0000               0.0000               0.0063               0.0000               0.0000               0.0000               0.1422               0.0000               0.0000
[Row  18]               0.0065               0.0531               0.0000               0.0000              -0.0286               0.3225               0.0000               0.0000              -0.3498               0.0000
                  [Col 11]              [Col 12]              [Col 13]              [Col 14]              [Col 15]              [Col 16]              [Col 17]              [Col 18]
[Row   1]               0.0000               0.0000               0.0000               0.0000               0.0037               0.0000               0.0000               0.0065
[Row   2]               0.0000               0.0000               0.0000               0.0000               0.0311               0.0000               0.0000               0.0531
[Row   3]               0.0000               0.0000               0.0000               0.0000               0.0000               0.0063               0.0000               0.0000
[Row   4]               0.0000               0.0000               0.0000               0.0000               0.0000               0.0000               0.0063               0.0000
[Row   5]              -0.0000               0.0000               0.0000              -0.0000              -0.0180               0.0000               0.0000              -0.0286
[Row   6]               0.0311               0.0000               0.0000               0.0180               0.2669               0.0000               0.0000               0.3225
[Row   7]               0.0000               0.0063               0.0000               0.0000               0.0000               0.1422               0.0000               0.0000
[Row   8]               0.0000               0.0000               0.0063               0.0000               0.0000               0.0000               0.1422               0.0000
[Row   9]              -0.0531               0.0000               0.0000              -0.0286              -0.3225               0.0000               0.0000              -0.3498
[Row  10]               0.3256               0.0000               0.0000              -0.0000               0.0139               0.0000               0.0000               0.0000
[Row  11]               1.0000               0.0000               0.0000               0.0000               0.2481               0.0000               0.0000               0.0000
[Row  12]               0.0000               1.0000               0.0000               0.0000               0.0000               0.2624               0.0000               0.0000
[Row  13]               0.0000               0.0000               1.0000               0.0000               0.0000               0.0000               0.2624               0.0000
[Row  14]               0.0000               0.0000               0.0000               1.0000               0.0000               0.0000               0.0000               0.2624
[Row  15]               0.2481               0.0000               0.0000               0.0000               1.0000               0.0000               0.0000              -0.0000
[Row  16]               0.0000               0.2624               0.0000               0.0000               0.0000               1.0000               0.0000               0.0000
[Row  17]               0.0000               0.0000               0.2624               0.0000               0.0000               0.0000               1.0000               0.0000
[Row  18]               0.0000               0.0000               0.0000               0.2624              -0.0000               0.0000               0.0000               1.0000
