molecule mol52.xyz
System:, atNum: 6 coords [             -0.0906               2.1723               0.0000]
System:, atNum: 16 coords [             -0.0906              -1.2564               0.0000]
System:, atNum: 1 coords [              2.4247              -1.5557               0.0000]
System:, atNum: 1 coords [             -2.0647               2.7617               0.0000]
System:, atNum: 1 coords [              0.8168               2.9314               1.6861]
System:, atNum: 1 coords [              0.8168               2.9314              -1.6861]
===== Original AO-S matrix =====

                  [Col  1]              [Col  2]              [Col  3]              [Col  4]              [Col  5]              [Col  6]              [Col  7]              [Col  8]              [Col  9]              [Col 10]
[Row   1]               1.0000               0.2484               0.0000               0.0000               0.0000               0.0000               0.0000               0.0000              -0.0000               0.0000
[Row   2]               0.2484               1.0000               0.0000               0.0000              -0.0000               0.0027               0.0222               0.0000               0.0000               0.0129
[Row   3]               0.0000               0.0000               1.0000               0.0000               0.0000               0.0000               0.0000               0.0046               0.0000               0.0000
[Row   4]               0.0000               0.0000               0.0000               1.0000              -0.0000               0.0000               0.0000               0.0000               0.0046               0.0000
[Row   5]               0.0000              -0.0000               0.0000              -0.0000               1.0000              -0.0050              -0.0393               0.0000              -0.0000              -0.0204
[Row   6]               0.0000               0.0027               0.0000               0.0000              -0.0050               1.0000               0.3355               0.0000              -0.0000               0.0000
[Row   7]               0.0000               0.0222               0.0000               0.0000              -0.0393               0.3355               1.0000               0.0000              -0.0000              -0.0000
[Row   8]               0.0000               0.0000               0.0046               0.0000               0.0000               0.0000               0.0000               1.0000               0.0000               0.0000
[Row   9]              -0.0000               0.0000               0.0000               0.0046              -0.0000              -0.0000              -0.0000               0.0000               1.0000               0.0000
[Row  10]               0.0000               0.0129               0.0000               0.0000              -0.0204               0.0000              -0.0000               0.0000               0.0000               1.0000
[Row  11]               0.0166               0.2243               0.0000               0.0000              -0.2671               0.0143               0.2431               0.0000              -0.0000              -0.0000
[Row  12]               0.0000               0.0000               0.1144               0.0000               0.0000               0.0000               0.0000               0.2574               0.0000               0.0000
[Row  13]               0.0000               0.0000               0.0000               0.1144              -0.0000               0.0000               0.0000               0.0000               0.2574               0.0000
[Row  14]               0.0288               0.2840               0.0000              -0.0000              -0.2993              -0.0000               0.0000               0.0000               0.0000               0.2574
[Row  15]               0.0030               0.0638               0.0000               0.0485              -0.0718               0.0075               0.0595               0.0000               0.0281              -0.0033
[Row  16]               0.0622               0.4906               0.0000              -0.4477               0.1337               0.0006               0.0053               0.0000              -0.0014               0.0028
[Row  17]               0.0623               0.4908               0.3825               0.2059               0.1722               0.0005               0.0044               0.0010               0.0005               0.0024
[Row  18]               0.0623               0.4908              -0.3825               0.2059               0.1722               0.0005               0.0044              -0.0010               0.0005               0.0024
                  [Col 11]              [Col 12]              [Col 13]              [Col 14]              [Col 15]              [Col 16]              [Col 17]              [Col 18]
[Row   1]               0.0166               0.0000               0.0000               0.0288               0.0030               0.0622               0.0623               0.0623
[Row   2]               0.2243               0.0000               0.0000               0.2840               0.0638               0.4906               0.4908               0.4908
[Row   3]               0.0000               0.1144               0.0000               0.0000               0.0000               0.0000               0.3825              -0.3825
[Row   4]               0.0000               0.0000               0.1144              -0.0000               0.0485              -0.4477               0.2059               0.2059
[Row   5]              -0.2671               0.0000              -0.0000              -0.2993              -0.0718               0.1337               0.1722               0.1722
[Row   6]               0.0143               0.0000               0.0000              -0.0000               0.0075               0.0006               0.0005               0.0005
[Row   7]               0.2431               0.0000               0.0000               0.0000               0.0595               0.0053               0.0044               0.0044
[Row   8]               0.0000               0.2574               0.0000               0.0000               0.0000               0.0000               0.0010              -0.0010
[Row   9]              -0.0000               0.0000               0.2574               0.0000               0.0281              -0.0014               0.0005               0.0005
[Row  10]              -0.0000               0.0000               0.0000               0.2574              -0.0033               0.0028               0.0024               0.0024
[Row  11]               1.0000               0.0000               0.0000               0.0000               0.3990               0.0779               0.0685               0.0685
[Row  12]               0.0000               1.0000               0.0000               0.0000               0.0000               0.0000               0.0345              -0.0345
[Row  13]               0.0000               0.0000               1.0000               0.0000               0.4303              -0.0467               0.0186               0.0186
[Row  14]               0.0000               0.0000               0.0000               1.0000              -0.0512               0.0950               0.0856               0.0856
[Row  15]               0.3990               0.0000               0.4303              -0.0512               1.0000               0.0096               0.0354               0.0354
[Row  16]               0.0779               0.0000              -0.0467               0.0950               0.0096               1.0000               0.1722               0.1722
[Row  17]               0.0685               0.0345               0.0186               0.0856               0.0354               0.1722               1.0000               0.1681
[Row  18]               0.0685              -0.0345               0.0186               0.0856               0.0354               0.1722               0.1681               1.0000
nbas 18
 ===== CA ===== 

                  [Col  1]              [Col  2]              [Col  3]              [Col  4]              [Col  5]              [Col  6]              [Col  7]              [Col  8]              [Col  9]              [Col 10]
[Row   1]              -0.0001               0.9920               0.0012              -0.0009               0.0011               0.0000               0.1794               0.1297               0.0037               0.0000
[Row   2]               0.0005               0.0367              -0.0080               0.0079              -0.0096              -0.0000              -0.5129              -0.3972              -0.0060               0.0000
[Row   3]              -0.0000              -0.0000               0.0000              -0.0000              -0.0000               0.0036               0.0000               0.0000              -0.0000               0.5636
[Row   4]               0.0000              -0.0003              -0.0002              -0.0027              -0.0025              -0.0000              -0.0013               0.0186              -0.5188              -0.0000
[Row   5]              -0.0004               0.0011               0.0071              -0.0068               0.0077               0.0000               0.0515              -0.1641              -0.1201              -0.0000
[Row   6]               0.9942              -0.0001              -0.3673               0.0009               0.0069               0.0000              -0.0539               0.0649               0.0122               0.0000
[Row   7]               0.0171               0.0001               1.0467              -0.0026              -0.0201              -0.0000               0.1853              -0.2200              -0.0392              -0.0000
[Row   8]               0.0000               0.0000              -0.0000               0.0000               0.0000              -0.9860              -0.0000              -0.0000               0.0000              -0.0564
[Row   9]               0.0002               0.0000               0.0121               0.7207               0.6693               0.0000               0.0186              -0.0405               0.0828               0.0000
[Row  10]               0.0001               0.0006               0.0100              -0.6691               0.7211               0.0000               0.0432               0.0184              -0.0208              -0.0000
[Row  11]              -0.0026              -0.0041               0.0543               0.0018               0.0095               0.0000              -0.5011               0.6646               0.1529               0.0000
[Row  12]              -0.0000               0.0000              -0.0000               0.0000               0.0000              -0.0498               0.0000               0.0000              -0.0000               0.1695
[Row  13]              -0.0003              -0.0002               0.0066               0.0448               0.0401               0.0000              -0.0448               0.0986              -0.2306              -0.0000
[Row  14]              -0.0003              -0.0042               0.0053              -0.0412               0.0427               0.0000              -0.0999              -0.0445               0.0535               0.0000
[Row  15]               0.0007               0.0002              -0.0113              -0.0130              -0.0101              -0.0000              -0.1054               0.2285              -0.1907              -0.0000
[Row  16]               0.0000              -0.0070              -0.0002               0.0004               0.0002               0.0000              -0.1305              -0.1671               0.3990               0.0000
[Row  17]              -0.0000              -0.0069              -0.0001               0.0002               0.0001              -0.0001              -0.1299              -0.1597              -0.2427               0.4061
[Row  18]              -0.0000              -0.0069              -0.0001               0.0002               0.0001               0.0001              -0.1299              -0.1597              -0.2427              -0.4061
                  [Col 11]              [Col 12]              [Col 13]              [Col 14]              [Col 15]              [Col 16]              [Col 17]              [Col 18]
[Row   1]               0.0174               0.0284               0.0000               0.1064               0.0495               0.0018               0.0000               0.2148
[Row   2]              -0.0987              -0.1367               0.0000              -0.5686              -0.2591              -0.0077              -0.0000              -1.3778
[Row   3]               0.0000              -0.0000               0.0935              -0.0000               0.0000               0.0000               1.1107              -0.0000
[Row   4]              -0.2390               0.0859               0.0000              -0.1117               0.0797               1.0896              -0.0000               0.0564
[Row   5]               0.4101               0.3693               0.0000               0.6911               0.4632               0.0929              -0.0000              -0.5750
[Row   6]              -0.0098               0.0385               0.0000               0.0117               0.0402              -0.0026               0.0000               0.0017
[Row   7]               0.0304              -0.1211              -0.0000              -0.0363              -0.1156               0.0072              -0.0000              -0.0057
[Row   8]               0.0000              -0.0000               0.3085               0.0000               0.0000               0.0000               0.0323              -0.0000
[Row   9]              -0.1207               0.1534               0.0000               0.1199              -0.2261               0.0607              -0.0000              -0.0148
[Row  10]               0.1239               0.1638               0.0000              -0.2477              -0.0904              -0.0148               0.0000              -0.0055
[Row  11]              -0.1383               0.5284               0.0000               0.1684               0.6969              -0.0471               0.0000               0.0247
[Row  12]              -0.0000               0.0000              -1.0197              -0.0000              -0.0000              -0.0000              -0.1233               0.0000
[Row  13]               0.3427              -0.4673              -0.0000              -0.4468               0.8626              -0.2335               0.0000               0.0580
[Row  14]              -0.3557              -0.5008              -0.0000               0.9133               0.3397               0.0582              -0.0000               0.0190
[Row  15]               0.4531              -0.3010              -0.0000               0.4409              -0.9679               0.1526              -0.0000              -0.0722
[Row  16]               0.3141              -0.0506              -0.0000              -0.0650               0.1432               0.9702              -0.0000               0.7686
[Row  17]               0.0003               0.1400               0.1535               0.1242              -0.0749              -0.4939              -0.8597               0.7414
[Row  18]               0.0003               0.1400              -0.1535               0.1242              -0.0749              -0.4939               0.8597               0.7414
 ===== CB ===== 

                  [Col  1]              [Col  2]              [Col  3]              [Col  4]              [Col  5]              [Col  6]              [Col  7]              [Col  8]              [Col  9]              [Col 10]
[Row   1]              -0.0001               0.9920               0.0012              -0.0009               0.0011               0.0000               0.1794               0.1297               0.0037               0.0000
[Row   2]               0.0005               0.0367              -0.0080               0.0079              -0.0096              -0.0000              -0.5129              -0.3972              -0.0060               0.0000
[Row   3]              -0.0000              -0.0000               0.0000              -0.0000              -0.0000               0.0036               0.0000               0.0000              -0.0000               0.5636
[Row   4]               0.0000              -0.0003              -0.0002              -0.0027              -0.0025              -0.0000              -0.0013               0.0186              -0.5188              -0.0000
[Row   5]              -0.0004               0.0011               0.0071              -0.0068               0.0077               0.0000               0.0515              -0.1641              -0.1201              -0.0000
[Row   6]               0.9942              -0.0001              -0.3673               0.0009               0.0069               0.0000              -0.0539               0.0649               0.0122               0.0000
[Row   7]               0.0171               0.0001               1.0467              -0.0026              -0.0201              -0.0000               0.1853              -0.2200              -0.0392              -0.0000
[Row   8]               0.0000               0.0000              -0.0000               0.0000               0.0000              -0.9860              -0.0000              -0.0000               0.0000              -0.0564
[Row   9]               0.0002               0.0000               0.0121               0.7207               0.6693               0.0000               0.0186              -0.0405               0.0828               0.0000
[Row  10]               0.0001               0.0006               0.0100              -0.6691               0.7211               0.0000               0.0432               0.0184              -0.0208              -0.0000
[Row  11]              -0.0026              -0.0041               0.0543               0.0018               0.0095               0.0000              -0.5011               0.6646               0.1529               0.0000
[Row  12]              -0.0000               0.0000              -0.0000               0.0000               0.0000              -0.0498               0.0000               0.0000              -0.0000               0.1695
[Row  13]              -0.0003              -0.0002               0.0066               0.0448               0.0401               0.0000              -0.0448               0.0986              -0.2306              -0.0000
[Row  14]              -0.0003              -0.0042               0.0053              -0.0412               0.0427               0.0000              -0.0999              -0.0445               0.0535               0.0000
[Row  15]               0.0007               0.0002              -0.0113              -0.0130              -0.0101              -0.0000              -0.1054               0.2285              -0.1907              -0.0000
[Row  16]               0.0000              -0.0070              -0.0002               0.0004               0.0002               0.0000              -0.1305              -0.1671               0.3990               0.0000
[Row  17]              -0.0000              -0.0069              -0.0001               0.0002               0.0001              -0.0001              -0.1299              -0.1597              -0.2427               0.4061
[Row  18]              -0.0000              -0.0069              -0.0001               0.0002               0.0001               0.0001              -0.1299              -0.1597              -0.2427              -0.4061
                  [Col 11]              [Col 12]              [Col 13]              [Col 14]              [Col 15]              [Col 16]              [Col 17]              [Col 18]
[Row   1]               0.0174               0.0284               0.0000               0.1064               0.0495               0.0018               0.0000               0.2148
[Row   2]              -0.0987              -0.1367               0.0000              -0.5686              -0.2591              -0.0077              -0.0000              -1.3778
[Row   3]               0.0000              -0.0000               0.0935              -0.0000               0.0000               0.0000               1.1107              -0.0000
[Row   4]              -0.2390               0.0859               0.0000              -0.1117               0.0797               1.0896              -0.0000               0.0564
[Row   5]               0.4101               0.3693               0.0000               0.6911               0.4632               0.0929              -0.0000              -0.5750
[Row   6]              -0.0098               0.0385               0.0000               0.0117               0.0402              -0.0026               0.0000               0.0017
[Row   7]               0.0304              -0.1211              -0.0000              -0.0363              -0.1156               0.0072              -0.0000              -0.0057
[Row   8]               0.0000              -0.0000               0.3085               0.0000               0.0000               0.0000               0.0323              -0.0000
[Row   9]              -0.1207               0.1534               0.0000               0.1199              -0.2261               0.0607              -0.0000              -0.0148
[Row  10]               0.1239               0.1638               0.0000              -0.2477              -0.0904              -0.0148               0.0000              -0.0055
[Row  11]              -0.1383               0.5284               0.0000               0.1684               0.6969              -0.0471               0.0000               0.0247
[Row  12]              -0.0000               0.0000              -1.0197              -0.0000              -0.0000              -0.0000              -0.1233               0.0000
[Row  13]               0.3427              -0.4673              -0.0000              -0.4468               0.8626              -0.2335               0.0000               0.0580
[Row  14]              -0.3557              -0.5008              -0.0000               0.9133               0.3397               0.0582              -0.0000               0.0190
[Row  15]               0.4531              -0.3010              -0.0000               0.4409              -0.9679               0.1526              -0.0000              -0.0722
[Row  16]               0.3141              -0.0506              -0.0000              -0.0650               0.1432               0.9702              -0.0000               0.7686
[Row  17]               0.0003               0.1400               0.1535               0.1242              -0.0749              -0.4939              -0.8597               0.7414
[Row  18]               0.0003               0.1400              -0.1535               0.1242              -0.0749              -0.4939               0.8597               0.7414
 ===== P_psi ===== Dalpha+Dbeta 

                  [Col  1]              [Col  2]              [Col  3]              [Col  4]              [Col  5]              [Col  6]              [Col  7]              [Col  8]              [Col  9]              [Col 10]
[Row   1]               2.0686              -0.2255               0.0000              -0.0035               0.0125              -0.0017               0.0062              -0.0000               0.0015               0.0377
[Row   2]              -0.2255               0.9017               0.0000               0.0164              -0.1032               0.0016              -0.0042               0.0000              -0.0077              -0.1526
[Row   3]               0.0000               0.0000               0.6527              -0.0000              -0.0000              -0.0000               0.0000              -0.0129              -0.0000              -0.0000
[Row   4]              -0.0035               0.0164              -0.0000               0.6681              -0.0142               0.0013              -0.0035               0.0000              -0.0106              -0.0088
[Row   5]               0.0125              -0.1032              -0.0000              -0.0142               0.6974              -0.0154               0.0508               0.0000               0.0104               0.2463
[Row   6]              -0.0017               0.0016              -0.0000               0.0013              -0.0154               2.2643              -0.7945               0.0000               0.0109               0.0091
[Row   7]               0.0062              -0.0042               0.0000              -0.0035               0.0508              -0.7945               2.3925              -0.0000              -0.0315              -0.0272
[Row   8]              -0.0000               0.0000              -0.0129               0.0000               0.0000               0.0000              -0.0000               2.1412               0.0000               0.0000
[Row   9]               0.0015              -0.0077              -0.0000              -0.0106               0.0104               0.0109              -0.0315               0.0000               2.0289               0.0181
[Row  10]               0.0377              -0.1526              -0.0000              -0.0088               0.2463               0.0091              -0.0272               0.0000               0.0181               2.0251
[Row  11]               0.0108              -0.1343              -0.0000               0.0241              -0.0287               0.1426              -0.5133              -0.0000               0.1650               0.1261
[Row  12]               0.0000              -0.0000               0.0000               0.0000              -0.0000              -0.0000              -0.0000              -0.5499               0.0000              -0.0000
[Row  13]              -0.0070               0.0303               0.0000              -0.0014              -0.0456              -0.0355               0.1041               0.0000              -0.1556              -0.0609
[Row  14]              -0.0959               0.3424               0.0000               0.0271              -0.6688              -0.0292               0.0877              -0.0000              -0.0611              -0.1480
[Row  15]               0.0193              -0.0781               0.0000              -0.0615               0.1091               0.0138              -0.0473               0.0000              -0.2885               0.0235
[Row  16]              -0.0930               0.2131              -0.0000              -0.5787               0.1658              -0.0078               0.0247              -0.0000              -0.0158               0.0270
[Row  17]              -0.0956               0.2242               0.4864               0.2701               0.2009              -0.0018               0.0071               0.0491               0.0113               0.0388
[Row  18]              -0.0956               0.2242              -0.4864               0.2701               0.2009              -0.0018               0.0071              -0.0491               0.0113               0.0388
                  [Col 11]              [Col 12]              [Col 13]              [Col 14]              [Col 15]              [Col 16]              [Col 17]              [Col 18]
[Row   1]               0.0108               0.0000              -0.0070              -0.0959               0.0193              -0.0930              -0.0956              -0.0956
[Row   2]              -0.1343              -0.0000               0.0303               0.3424              -0.0781               0.2131               0.2242               0.2242
[Row   3]              -0.0000               0.0000               0.0000               0.0000               0.0000              -0.0000               0.4864              -0.4864
[Row   4]               0.0241               0.0000              -0.0014               0.0271              -0.0615              -0.5787               0.2701               0.2701
[Row   5]              -0.0287              -0.0000              -0.0456              -0.6688               0.1091               0.1658               0.2009               0.2009
[Row   6]               0.1426              -0.0000              -0.0355              -0.0292               0.0138              -0.0078              -0.0018              -0.0018
[Row   7]              -0.5133              -0.0000               0.1041               0.0877              -0.0473               0.0247               0.0071               0.0071
[Row   8]              -0.0000              -0.5499               0.0000              -0.0000               0.0000              -0.0000               0.0491              -0.0491
[Row   9]               0.1650               0.0000              -0.1556              -0.0611              -0.2885              -0.0158               0.0113               0.0113
[Row  10]               0.1261              -0.0000              -0.0609              -0.1480               0.0235               0.0270               0.0388               0.0388
[Row  11]               2.0354               0.0000              -0.4815              -0.3723              -0.0939              -0.1095              -0.0085              -0.0085
[Row  12]               0.0000               2.1420              -0.0000               0.0000              -0.0000               0.0000              -0.1754               0.1754
[Row  13]              -0.4815              -0.0000               0.8088               0.1996               0.7323               0.0573              -0.0385              -0.0385
[Row  14]              -0.3723               0.0000               0.1996               0.7913              -0.0404              -0.0891              -0.1261              -0.1261
[Row  15]              -0.0939              -0.0000               0.7323              -0.0404               0.7920               0.1140              -0.0371              -0.0371
[Row  16]              -0.1095               0.0000               0.0573              -0.0891               0.1140               0.6108              -0.1203              -0.1203
[Row  17]              -0.0085              -0.1754              -0.0385              -0.1261              -0.0371              -0.1203               0.6187              -0.1351
[Row  18]              -0.0085               0.1754              -0.0385              -0.1261              -0.0371              -0.1203              -0.1351               0.6187
===== P_mu,nu local =====

                  [Col  1]              [Col  2]              [Col  3]              [Col  4]              [Col  5]              [Col  6]              [Col  7]              [Col  8]              [Col  9]              [Col 10]
[Row   1]               2.0686              -0.2255               0.0000              -0.0035               0.0125              -0.0017               0.0062              -0.0000               0.0015               0.0377
[Row   2]              -0.2255               0.9017               0.0000               0.0164              -0.1032               0.0016              -0.0042               0.0000              -0.0077              -0.1526
[Row   3]               0.0000               0.0000               0.6527              -0.0000              -0.0000              -0.0000               0.0000              -0.0129              -0.0000              -0.0000
[Row   4]              -0.0035               0.0164              -0.0000               0.6681              -0.0142               0.0013              -0.0035               0.0000              -0.0106              -0.0088
[Row   5]               0.0125              -0.1032              -0.0000              -0.0142               0.6974              -0.0154               0.0508               0.0000               0.0104               0.2463
[Row   6]              -0.0017               0.0016              -0.0000               0.0013              -0.0154               2.2643              -0.7945               0.0000               0.0109               0.0091
[Row   7]               0.0062              -0.0042               0.0000              -0.0035               0.0508              -0.7945               2.3925              -0.0000              -0.0315              -0.0272
[Row   8]              -0.0000               0.0000              -0.0129               0.0000               0.0000               0.0000              -0.0000               2.1412               0.0000               0.0000
[Row   9]               0.0015              -0.0077              -0.0000              -0.0106               0.0104               0.0109              -0.0315               0.0000               2.0289               0.0181
[Row  10]               0.0377              -0.1526              -0.0000              -0.0088               0.2463               0.0091              -0.0272               0.0000               0.0181               2.0251
[Row  11]               0.0108              -0.1343              -0.0000               0.0241              -0.0287               0.1426              -0.5133              -0.0000               0.1650               0.1261
[Row  12]               0.0000              -0.0000               0.0000               0.0000              -0.0000              -0.0000              -0.0000              -0.5499               0.0000              -0.0000
[Row  13]              -0.0070               0.0303               0.0000              -0.0014              -0.0456              -0.0355               0.1041               0.0000              -0.1556              -0.0609
[Row  14]              -0.0959               0.3424               0.0000               0.0271              -0.6688              -0.0292               0.0877              -0.0000              -0.0611              -0.1480
[Row  15]               0.0193              -0.0781               0.0000              -0.0615               0.1091               0.0138              -0.0473               0.0000              -0.2885               0.0235
[Row  16]              -0.0930               0.2131              -0.0000              -0.5787               0.1658              -0.0078               0.0247              -0.0000              -0.0158               0.0270
[Row  17]              -0.0956               0.2242               0.4864               0.2701               0.2009              -0.0018               0.0071               0.0491               0.0113               0.0388
[Row  18]              -0.0956               0.2242              -0.4864               0.2701               0.2009              -0.0018               0.0071              -0.0491               0.0113               0.0388
                  [Col 11]              [Col 12]              [Col 13]              [Col 14]              [Col 15]              [Col 16]              [Col 17]              [Col 18]
[Row   1]               0.0108               0.0000              -0.0070              -0.0959               0.0193              -0.0930              -0.0956              -0.0956
[Row   2]              -0.1343              -0.0000               0.0303               0.3424              -0.0781               0.2131               0.2242               0.2242
[Row   3]              -0.0000               0.0000               0.0000               0.0000               0.0000              -0.0000               0.4864              -0.4864
[Row   4]               0.0241               0.0000              -0.0014               0.0271              -0.0615              -0.5787               0.2701               0.2701
[Row   5]              -0.0287              -0.0000              -0.0456              -0.6688               0.1091               0.1658               0.2009               0.2009
[Row   6]               0.1426              -0.0000              -0.0355              -0.0292               0.0138              -0.0078              -0.0018              -0.0018
[Row   7]              -0.5133              -0.0000               0.1041               0.0877              -0.0473               0.0247               0.0071               0.0071
[Row   8]              -0.0000              -0.5499               0.0000              -0.0000               0.0000              -0.0000               0.0491              -0.0491
[Row   9]               0.1650               0.0000              -0.1556              -0.0611              -0.2885              -0.0158               0.0113               0.0113
[Row  10]               0.1261              -0.0000              -0.0609              -0.1480               0.0235               0.0270               0.0388               0.0388
[Row  11]               2.0354               0.0000              -0.4815              -0.3723              -0.0939              -0.1095              -0.0085              -0.0085
[Row  12]               0.0000               2.1420              -0.0000               0.0000              -0.0000               0.0000              -0.1754               0.1754
[Row  13]              -0.4815              -0.0000               0.8088               0.1996               0.7323               0.0573              -0.0385              -0.0385
[Row  14]              -0.3723               0.0000               0.1996               0.7913              -0.0404              -0.0891              -0.1261              -0.1261
[Row  15]              -0.0939              -0.0000               0.7323              -0.0404               0.7920               0.1140              -0.0371              -0.0371
[Row  16]              -0.1095               0.0000               0.0573              -0.0891               0.1140               0.6108              -0.1203              -0.1203
[Row  17]              -0.0085              -0.1754              -0.0385              -0.1261              -0.0371              -0.1203               0.6187              -0.1351
[Row  18]              -0.0085               0.1754              -0.0385              -0.1261              -0.0371              -0.1203              -0.1351               0.6187
===== P_mu,nu psi4 =====

                  [Col  1]              [Col  2]              [Col  3]              [Col  4]              [Col  5]              [Col  6]              [Col  7]              [Col  8]              [Col  9]              [Col 10]
[Row   1]               2.0686              -0.2255               0.0000              -0.0035               0.0125              -0.0017               0.0062              -0.0000               0.0015               0.0377
[Row   2]              -0.2255               0.9017               0.0000               0.0164              -0.1032               0.0016              -0.0042               0.0000              -0.0077              -0.1526
[Row   3]               0.0000               0.0000               0.6527              -0.0000              -0.0000              -0.0000               0.0000              -0.0129              -0.0000              -0.0000
[Row   4]              -0.0035               0.0164              -0.0000               0.6681              -0.0142               0.0013              -0.0035               0.0000              -0.0106              -0.0088
[Row   5]               0.0125              -0.1032              -0.0000              -0.0142               0.6974              -0.0154               0.0508               0.0000               0.0104               0.2463
[Row   6]              -0.0017               0.0016              -0.0000               0.0013              -0.0154               2.2643              -0.7945               0.0000               0.0109               0.0091
[Row   7]               0.0062              -0.0042               0.0000              -0.0035               0.0508              -0.7945               2.3925              -0.0000              -0.0315              -0.0272
[Row   8]              -0.0000               0.0000              -0.0129               0.0000               0.0000               0.0000              -0.0000               2.1412               0.0000               0.0000
[Row   9]               0.0015              -0.0077              -0.0000              -0.0106               0.0104               0.0109              -0.0315               0.0000               2.0289               0.0181
[Row  10]               0.0377              -0.1526              -0.0000              -0.0088               0.2463               0.0091              -0.0272               0.0000               0.0181               2.0251
[Row  11]               0.0108              -0.1343              -0.0000               0.0241              -0.0287               0.1426              -0.5133              -0.0000               0.1650               0.1261
[Row  12]               0.0000              -0.0000               0.0000               0.0000              -0.0000              -0.0000              -0.0000              -0.5499               0.0000              -0.0000
[Row  13]              -0.0070               0.0303               0.0000              -0.0014              -0.0456              -0.0355               0.1041               0.0000              -0.1556              -0.0609
[Row  14]              -0.0959               0.3424               0.0000               0.0271              -0.6688              -0.0292               0.0877              -0.0000              -0.0611              -0.1480
[Row  15]               0.0193              -0.0781               0.0000              -0.0615               0.1091               0.0138              -0.0473               0.0000              -0.2885               0.0235
[Row  16]              -0.0930               0.2131              -0.0000              -0.5787               0.1658              -0.0078               0.0247              -0.0000              -0.0158               0.0270
[Row  17]              -0.0956               0.2242               0.4864               0.2701               0.2009              -0.0018               0.0071               0.0491               0.0113               0.0388
[Row  18]              -0.0956               0.2242              -0.4864               0.2701               0.2009              -0.0018               0.0071              -0.0491               0.0113               0.0388
                  [Col 11]              [Col 12]              [Col 13]              [Col 14]              [Col 15]              [Col 16]              [Col 17]              [Col 18]
[Row   1]               0.0108               0.0000              -0.0070              -0.0959               0.0193              -0.0930              -0.0956              -0.0956
[Row   2]              -0.1343              -0.0000               0.0303               0.3424              -0.0781               0.2131               0.2242               0.2242
[Row   3]              -0.0000               0.0000               0.0000               0.0000               0.0000              -0.0000               0.4864              -0.4864
[Row   4]               0.0241               0.0000              -0.0014               0.0271              -0.0615              -0.5787               0.2701               0.2701
[Row   5]              -0.0287              -0.0000              -0.0456              -0.6688               0.1091               0.1658               0.2009               0.2009
[Row   6]               0.1426              -0.0000              -0.0355              -0.0292               0.0138              -0.0078              -0.0018              -0.0018
[Row   7]              -0.5133              -0.0000               0.1041               0.0877              -0.0473               0.0247               0.0071               0.0071
[Row   8]              -0.0000              -0.5499               0.0000              -0.0000               0.0000              -0.0000               0.0491              -0.0491
[Row   9]               0.1650               0.0000              -0.1556              -0.0611              -0.2885              -0.0158               0.0113               0.0113
[Row  10]               0.1261              -0.0000              -0.0609              -0.1480               0.0235               0.0270               0.0388               0.0388
[Row  11]               2.0354               0.0000              -0.4815              -0.3723              -0.0939              -0.1095              -0.0085              -0.0085
[Row  12]               0.0000               2.1420              -0.0000               0.0000              -0.0000               0.0000              -0.1754               0.1754
[Row  13]              -0.4815              -0.0000               0.8088               0.1996               0.7323               0.0573              -0.0385              -0.0385
[Row  14]              -0.3723               0.0000               0.1996               0.7913              -0.0404              -0.0891              -0.1261              -0.1261
[Row  15]              -0.0939              -0.0000               0.7323              -0.0404               0.7920               0.1140              -0.0371              -0.0371
[Row  16]              -0.1095               0.0000               0.0573              -0.0891               0.1140               0.6108              -0.1203              -0.1203
[Row  17]              -0.0085              -0.1754              -0.0385              -0.1261              -0.0371              -0.1203               0.6187              -0.1351
[Row  18]              -0.0085               0.1754              -0.0385              -0.1261              -0.0371              -0.1203              -0.1351               0.6187
====== P^(AO) = SPS =====

                  [Col  1]              [Col  2]              [Col  3]              [Col  4]              [Col  5]              [Col  6]              [Col  7]              [Col  8]              [Col  9]              [Col 10]
[Row   1]               1.9995               0.5048               0.0000              -0.0001              -0.0009              -0.0000               0.0002               0.0000               0.0000               0.0006
[Row   2]               0.5048               1.8668              -0.0000              -0.0023               0.0349               0.0057               0.0412              -0.0000              -0.0003               0.0148
[Row   3]               0.0000              -0.0000               1.6145               0.0000              -0.0000               0.0000               0.0000               0.0056               0.0000              -0.0000
[Row   4]              -0.0001              -0.0023               0.0000               1.6145               0.0065               0.0000              -0.0003               0.0000               0.0066              -0.0016
[Row   5]              -0.0009               0.0349              -0.0000               0.0065               1.4864              -0.0108              -0.0689               0.0000               0.0008              -0.0080
[Row   6]              -0.0000               0.0057               0.0000               0.0000              -0.0108               2.0000               0.6711               0.0000               0.0001               0.0000
[Row   7]               0.0002               0.0412               0.0000              -0.0003              -0.0689               0.6711               1.9996              -0.0000              -0.0008              -0.0006
[Row   8]               0.0000              -0.0000               0.0056               0.0000               0.0000               0.0000              -0.0000               2.0000               0.0000              -0.0000
[Row   9]               0.0000              -0.0003               0.0000               0.0066               0.0008               0.0001              -0.0008               0.0000               1.9973               0.0004
[Row  10]               0.0006               0.0148              -0.0000              -0.0016              -0.0080               0.0000              -0.0006              -0.0000               0.0004               1.9972
[Row  11]               0.0319               0.4729              -0.0000              -0.0003              -0.6110               0.0283               0.4894              -0.0000               0.0052               0.0052
[Row  12]               0.0000              -0.0000               0.2702               0.0000              -0.0000              -0.0000              -0.0000               0.5151               0.0000              -0.0000
[Row  13]               0.0002              -0.0030               0.0000               0.2512               0.0033              -0.0007               0.0092               0.0000               0.5484              -0.0069
[Row  14]               0.0496               0.7158              -0.0000               0.0256              -1.0369              -0.0006               0.0084              -0.0000              -0.0069               0.5523
[Row  15]               0.0065               0.1174               0.0000               0.1034              -0.1066               0.0158               0.1093               0.0000               0.0241              -0.0032
[Row  16]               0.1174               1.0920              -0.0000              -1.2037               0.3529               0.0012               0.0117              -0.0000              -0.0026               0.0067
[Row  17]               0.1173               1.0981               1.0237               0.5578               0.4437               0.0011               0.0090               0.0043               0.0009               0.0075
[Row  18]               0.1173               1.0981              -1.0237               0.5578               0.4437               0.0011               0.0090              -0.0043               0.0009               0.0075
                  [Col 11]              [Col 12]              [Col 13]              [Col 14]              [Col 15]              [Col 16]              [Col 17]              [Col 18]
[Row   1]               0.0319               0.0000               0.0002               0.0496               0.0065               0.1174               0.1173               0.1173
[Row   2]               0.4729              -0.0000              -0.0030               0.7158               0.1174               1.0920               1.0981               1.0981
[Row   3]              -0.0000               0.2702               0.0000              -0.0000               0.0000              -0.0000               1.0237              -1.0237
[Row   4]              -0.0003               0.0000               0.2512               0.0256               0.1034              -1.2037               0.5578               0.5578
[Row   5]              -0.6110              -0.0000               0.0033              -1.0369              -0.1066               0.3529               0.4437               0.4437
[Row   6]               0.0283              -0.0000              -0.0007              -0.0006               0.0158               0.0012               0.0011               0.0011
[Row   7]               0.4894              -0.0000               0.0092               0.0084               0.1093               0.0117               0.0090               0.0090
[Row   8]              -0.0000               0.5151               0.0000              -0.0000               0.0000              -0.0000               0.0043              -0.0043
[Row   9]               0.0052               0.0000               0.5484              -0.0069               0.0241              -0.0026               0.0009               0.0009
[Row  10]               0.0052              -0.0000              -0.0069               0.5523              -0.0032               0.0067               0.0075               0.0075
[Row  11]               1.9759              -0.0000              -0.0634              -0.0676               0.8666               0.1463               0.1366               0.1366
[Row  12]              -0.0000               1.9955               0.0000               0.0000               0.0000               0.0000               0.0411              -0.0411
[Row  13]              -0.0634               0.0000               1.5750               0.1038               1.2671              -0.0998               0.0459               0.0459
[Row  14]              -0.0676               0.0000               0.1038               1.4953              -0.1600               0.1789               0.1343               0.1343
[Row  15]               0.8666               0.0000               1.2671              -0.1600               1.6052               0.0510               0.0533               0.0533
[Row  16]               0.1463               0.0000              -0.0998               0.1789               0.0510               1.6328               0.3357               0.3357
[Row  17]               0.1366               0.0411               0.0459               0.1343               0.0533               0.3357               1.6355               0.3187
[Row  18]               0.1366              -0.0411               0.0459               0.1343               0.0533               0.3357               0.3187               1.6355
====== S^(AO) = S =====

                  [Col  1]              [Col  2]              [Col  3]              [Col  4]              [Col  5]              [Col  6]              [Col  7]              [Col  8]              [Col  9]              [Col 10]
[Row   1]               1.0000               0.2484               0.0000               0.0000               0.0000               0.0000               0.0000               0.0000              -0.0000               0.0000
[Row   2]               0.2484               1.0000               0.0000               0.0000              -0.0000               0.0027               0.0222               0.0000               0.0000               0.0129
[Row   3]               0.0000               0.0000               1.0000               0.0000               0.0000               0.0000               0.0000               0.0046               0.0000               0.0000
[Row   4]               0.0000               0.0000               0.0000               1.0000              -0.0000               0.0000               0.0000               0.0000               0.0046               0.0000
[Row   5]               0.0000              -0.0000               0.0000              -0.0000               1.0000              -0.0050              -0.0393               0.0000              -0.0000              -0.0204
[Row   6]               0.0000               0.0027               0.0000               0.0000              -0.0050               1.0000               0.3355               0.0000              -0.0000               0.0000
[Row   7]               0.0000               0.0222               0.0000               0.0000              -0.0393               0.3355               1.0000               0.0000              -0.0000              -0.0000
[Row   8]               0.0000               0.0000               0.0046               0.0000               0.0000               0.0000               0.0000               1.0000               0.0000               0.0000
[Row   9]              -0.0000               0.0000               0.0000               0.0046              -0.0000              -0.0000              -0.0000               0.0000               1.0000               0.0000
[Row  10]               0.0000               0.0129               0.0000               0.0000              -0.0204               0.0000              -0.0000               0.0000               0.0000               1.0000
[Row  11]               0.0166               0.2243               0.0000               0.0000              -0.2671               0.0143               0.2431               0.0000              -0.0000              -0.0000
[Row  12]               0.0000               0.0000               0.1144               0.0000               0.0000               0.0000               0.0000               0.2574               0.0000               0.0000
[Row  13]               0.0000               0.0000               0.0000               0.1144              -0.0000               0.0000               0.0000               0.0000               0.2574               0.0000
[Row  14]               0.0288               0.2840               0.0000              -0.0000              -0.2993              -0.0000               0.0000               0.0000               0.0000               0.2574
[Row  15]               0.0030               0.0638               0.0000               0.0485              -0.0718               0.0075               0.0595               0.0000               0.0281              -0.0033
[Row  16]               0.0622               0.4906               0.0000              -0.4477               0.1337               0.0006               0.0053               0.0000              -0.0014               0.0028
[Row  17]               0.0623               0.4908               0.3825               0.2059               0.1722               0.0005               0.0044               0.0010               0.0005               0.0024
[Row  18]               0.0623               0.4908              -0.3825               0.2059               0.1722               0.0005               0.0044              -0.0010               0.0005               0.0024
                  [Col 11]              [Col 12]              [Col 13]              [Col 14]              [Col 15]              [Col 16]              [Col 17]              [Col 18]
[Row   1]               0.0166               0.0000               0.0000               0.0288               0.0030               0.0622               0.0623               0.0623
[Row   2]               0.2243               0.0000               0.0000               0.2840               0.0638               0.4906               0.4908               0.4908
[Row   3]               0.0000               0.1144               0.0000               0.0000               0.0000               0.0000               0.3825              -0.3825
[Row   4]               0.0000               0.0000               0.1144              -0.0000               0.0485              -0.4477               0.2059               0.2059
[Row   5]              -0.2671               0.0000              -0.0000              -0.2993              -0.0718               0.1337               0.1722               0.1722
[Row   6]               0.0143               0.0000               0.0000              -0.0000               0.0075               0.0006               0.0005               0.0005
[Row   7]               0.2431               0.0000               0.0000               0.0000               0.0595               0.0053               0.0044               0.0044
[Row   8]               0.0000               0.2574               0.0000               0.0000               0.0000               0.0000               0.0010              -0.0010
[Row   9]              -0.0000               0.0000               0.2574               0.0000               0.0281              -0.0014               0.0005               0.0005
[Row  10]              -0.0000               0.0000               0.0000               0.2574              -0.0033               0.0028               0.0024               0.0024
[Row  11]               1.0000               0.0000               0.0000               0.0000               0.3990               0.0779               0.0685               0.0685
[Row  12]               0.0000               1.0000               0.0000               0.0000               0.0000               0.0000               0.0345              -0.0345
[Row  13]               0.0000               0.0000               1.0000               0.0000               0.4303              -0.0467               0.0186               0.0186
[Row  14]               0.0000               0.0000               0.0000               1.0000              -0.0512               0.0950               0.0856               0.0856
[Row  15]               0.3990               0.0000               0.4303              -0.0512               1.0000               0.0096               0.0354               0.0354
[Row  16]               0.0779               0.0000              -0.0467               0.0950               0.0096               1.0000               0.1722               0.1722
[Row  17]               0.0685               0.0345               0.0186               0.0856               0.0354               0.1722               1.0000               0.1681
[Row  18]               0.0685              -0.0345               0.0186               0.0856               0.0354               0.1722               0.1681               1.0000
====== P^(AO) std gaussian m_l ordering SPS =====

                  [Col  1]              [Col  2]              [Col  3]              [Col  4]              [Col  5]              [Col  6]              [Col  7]              [Col  8]              [Col  9]              [Col 10]
[Row   1]               1.9995               0.5048              -0.0001              -0.0009               0.0000              -0.0000               0.0002               0.0000               0.0006               0.0000
[Row   2]               0.5048               1.8668              -0.0023               0.0349              -0.0000               0.0057               0.0412              -0.0003               0.0148              -0.0000
[Row   3]              -0.0001              -0.0023               1.6145               0.0065               0.0000               0.0000              -0.0003               0.0066              -0.0016               0.0000
[Row   4]              -0.0009               0.0349               0.0065               1.4864              -0.0000              -0.0108              -0.0689               0.0008              -0.0080               0.0000
[Row   5]               0.0000              -0.0000               0.0000              -0.0000               1.6145               0.0000               0.0000               0.0000              -0.0000               0.0056
[Row   6]              -0.0000               0.0057               0.0000              -0.0108               0.0000               2.0000               0.6711               0.0001               0.0000               0.0000
[Row   7]               0.0002               0.0412              -0.0003              -0.0689               0.0000               0.6711               1.9996              -0.0008              -0.0006              -0.0000
[Row   8]               0.0000              -0.0003               0.0066               0.0008               0.0000               0.0001              -0.0008               1.9973               0.0004               0.0000
[Row   9]               0.0006               0.0148              -0.0016              -0.0080              -0.0000               0.0000              -0.0006               0.0004               1.9972              -0.0000
[Row  10]               0.0000              -0.0000               0.0000               0.0000               0.0056               0.0000              -0.0000               0.0000              -0.0000               2.0000
[Row  11]               0.0319               0.4729              -0.0003              -0.6110              -0.0000               0.0283               0.4894               0.0052               0.0052              -0.0000
[Row  12]               0.0002              -0.0030               0.2512               0.0033               0.0000              -0.0007               0.0092               0.5484              -0.0069               0.0000
[Row  13]               0.0496               0.7158               0.0256              -1.0369              -0.0000              -0.0006               0.0084              -0.0069               0.5523              -0.0000
[Row  14]               0.0000              -0.0000               0.0000              -0.0000               0.2702              -0.0000              -0.0000               0.0000              -0.0000               0.5151
[Row  15]               0.0065               0.1174               0.1034              -0.1066               0.0000               0.0158               0.1093               0.0241              -0.0032               0.0000
[Row  16]               0.1174               1.0920              -1.2037               0.3529              -0.0000               0.0012               0.0117              -0.0026               0.0067              -0.0000
[Row  17]               0.1173               1.0981               0.5578               0.4437               1.0237               0.0011               0.0090               0.0009               0.0075               0.0043
[Row  18]               0.1173               1.0981               0.5578               0.4437              -1.0237               0.0011               0.0090               0.0009               0.0075              -0.0043
                  [Col 11]              [Col 12]              [Col 13]              [Col 14]              [Col 15]              [Col 16]              [Col 17]              [Col 18]
[Row   1]               0.0319               0.0002               0.0496               0.0000               0.0065               0.1174               0.1173               0.1173
[Row   2]               0.4729              -0.0030               0.7158              -0.0000               0.1174               1.0920               1.0981               1.0981
[Row   3]              -0.0003               0.2512               0.0256               0.0000               0.1034              -1.2037               0.5578               0.5578
[Row   4]              -0.6110               0.0033              -1.0369              -0.0000              -0.1066               0.3529               0.4437               0.4437
[Row   5]              -0.0000               0.0000              -0.0000               0.2702               0.0000              -0.0000               1.0237              -1.0237
[Row   6]               0.0283              -0.0007              -0.0006              -0.0000               0.0158               0.0012               0.0011               0.0011
[Row   7]               0.4894               0.0092               0.0084              -0.0000               0.1093               0.0117               0.0090               0.0090
[Row   8]               0.0052               0.5484              -0.0069               0.0000               0.0241              -0.0026               0.0009               0.0009
[Row   9]               0.0052              -0.0069               0.5523              -0.0000              -0.0032               0.0067               0.0075               0.0075
[Row  10]              -0.0000               0.0000              -0.0000               0.5151               0.0000              -0.0000               0.0043              -0.0043
[Row  11]               1.9759              -0.0634              -0.0676              -0.0000               0.8666               0.1463               0.1366               0.1366
[Row  12]              -0.0634               1.5750               0.1038               0.0000               1.2671              -0.0998               0.0459               0.0459
[Row  13]              -0.0676               0.1038               1.4953               0.0000              -0.1600               0.1789               0.1343               0.1343
[Row  14]              -0.0000               0.0000               0.0000               1.9955               0.0000               0.0000               0.0411              -0.0411
[Row  15]               0.8666               1.2671              -0.1600               0.0000               1.6052               0.0510               0.0533               0.0533
[Row  16]               0.1463              -0.0998               0.1789               0.0000               0.0510               1.6328               0.3357               0.3357
[Row  17]               0.1366               0.0459               0.1343               0.0411               0.0533               0.3357               1.6355               0.3187
[Row  18]               0.1366               0.0459               0.1343              -0.0411               0.0533               0.3357               0.3187               1.6355
====== S^(AO) std gaussian m_l ordering =====

                  [Col  1]              [Col  2]              [Col  3]              [Col  4]              [Col  5]              [Col  6]              [Col  7]              [Col  8]              [Col  9]              [Col 10]
[Row   1]               1.0000               0.2484               0.0000               0.0000               0.0000               0.0000               0.0000              -0.0000               0.0000               0.0000
[Row   2]               0.2484               1.0000               0.0000              -0.0000               0.0000               0.0027               0.0222               0.0000               0.0129               0.0000
[Row   3]               0.0000               0.0000               1.0000              -0.0000               0.0000               0.0000               0.0000               0.0046               0.0000               0.0000
[Row   4]               0.0000              -0.0000              -0.0000               1.0000               0.0000              -0.0050              -0.0393              -0.0000              -0.0204               0.0000
[Row   5]               0.0000               0.0000               0.0000               0.0000               1.0000               0.0000               0.0000               0.0000               0.0000               0.0046
[Row   6]               0.0000               0.0027               0.0000              -0.0050               0.0000               1.0000               0.3355              -0.0000               0.0000               0.0000
[Row   7]               0.0000               0.0222               0.0000              -0.0393               0.0000               0.3355               1.0000              -0.0000              -0.0000               0.0000
[Row   8]              -0.0000               0.0000               0.0046              -0.0000               0.0000              -0.0000              -0.0000               1.0000               0.0000               0.0000
[Row   9]               0.0000               0.0129               0.0000              -0.0204               0.0000               0.0000              -0.0000               0.0000               1.0000               0.0000
[Row  10]               0.0000               0.0000               0.0000               0.0000               0.0046               0.0000               0.0000               0.0000               0.0000               1.0000
[Row  11]               0.0166               0.2243               0.0000              -0.2671               0.0000               0.0143               0.2431              -0.0000              -0.0000               0.0000
[Row  12]               0.0000               0.0000               0.1144              -0.0000               0.0000               0.0000               0.0000               0.2574               0.0000               0.0000
[Row  13]               0.0288               0.2840              -0.0000              -0.2993               0.0000              -0.0000               0.0000               0.0000               0.2574               0.0000
[Row  14]               0.0000               0.0000               0.0000               0.0000               0.1144               0.0000               0.0000               0.0000               0.0000               0.2574
[Row  15]               0.0030               0.0638               0.0485              -0.0718               0.0000               0.0075               0.0595               0.0281              -0.0033               0.0000
[Row  16]               0.0622               0.4906              -0.4477               0.1337               0.0000               0.0006               0.0053              -0.0014               0.0028               0.0000
[Row  17]               0.0623               0.4908               0.2059               0.1722               0.3825               0.0005               0.0044               0.0005               0.0024               0.0010
[Row  18]               0.0623               0.4908               0.2059               0.1722              -0.3825               0.0005               0.0044               0.0005               0.0024              -0.0010
                  [Col 11]              [Col 12]              [Col 13]              [Col 14]              [Col 15]              [Col 16]              [Col 17]              [Col 18]
[Row   1]               0.0166               0.0000               0.0288               0.0000               0.0030               0.0622               0.0623               0.0623
[Row   2]               0.2243               0.0000               0.2840               0.0000               0.0638               0.4906               0.4908               0.4908
[Row   3]               0.0000               0.1144              -0.0000               0.0000               0.0485              -0.4477               0.2059               0.2059
[Row   4]              -0.2671              -0.0000              -0.2993               0.0000              -0.0718               0.1337               0.1722               0.1722
[Row   5]               0.0000               0.0000               0.0000               0.1144               0.0000               0.0000               0.3825              -0.3825
[Row   6]               0.0143               0.0000              -0.0000               0.0000               0.0075               0.0006               0.0005               0.0005
[Row   7]               0.2431               0.0000               0.0000               0.0000               0.0595               0.0053               0.0044               0.0044
[Row   8]              -0.0000               0.2574               0.0000               0.0000               0.0281              -0.0014               0.0005               0.0005
[Row   9]              -0.0000               0.0000               0.2574               0.0000              -0.0033               0.0028               0.0024               0.0024
[Row  10]               0.0000               0.0000               0.0000               0.2574               0.0000               0.0000               0.0010              -0.0010
[Row  11]               1.0000               0.0000               0.0000               0.0000               0.3990               0.0779               0.0685               0.0685
[Row  12]               0.0000               1.0000               0.0000               0.0000               0.4303              -0.0467               0.0186               0.0186
[Row  13]               0.0000               0.0000               1.0000               0.0000              -0.0512               0.0950               0.0856               0.0856
[Row  14]               0.0000               0.0000               0.0000               1.0000               0.0000               0.0000               0.0345              -0.0345
[Row  15]               0.3990               0.4303              -0.0512               0.0000               1.0000               0.0096               0.0354               0.0354
[Row  16]               0.0779              -0.0467               0.0950               0.0000               0.0096               1.0000               0.1722               0.1722
[Row  17]               0.0685               0.0186               0.0856               0.0345               0.0354               0.1722               1.0000               0.1681
[Row  18]               0.0685               0.0186               0.0856              -0.0345               0.0354               0.1722               0.1681               1.0000
