molecule mol53.xyz
System:, atNum: 8 coords [              0.0694               2.1042               0.0000]
System:, atNum: 1 coords [             -1.7339               2.5112               0.0000]
System:, atNum: 17 coords [              0.0694              -1.1379               0.0000]
===== Original AO-S matrix =====

                  [Col  1]              [Col  2]              [Col  3]              [Col  4]              [Col  5]              [Col  6]              [Col  7]              [Col  8]              [Col  9]              [Col 10]
[Row   1]               1.0000               0.2367               0.0000              -0.0000               0.0000               0.0513               0.0000               0.0000               0.0000               0.0000
[Row   2]               0.2367               1.0000               0.0000               0.0000               0.0000               0.4611               0.0009               0.0086               0.0000               0.0000
[Row   3]               0.0000               0.0000               1.0000               0.0000               0.0000               0.0000               0.0000               0.0000               0.0020               0.0000
[Row   4]              -0.0000               0.0000               0.0000               1.0000               0.0000              -0.3766               0.0000               0.0000               0.0000               0.0020
[Row   5]               0.0000               0.0000               0.0000               0.0000               1.0000               0.0850              -0.0021              -0.0175               0.0000              -0.0000
[Row   6]               0.0513               0.4611               0.0000              -0.3766               0.0850               1.0000               0.0011               0.0082               0.0000              -0.0018
[Row   7]               0.0000               0.0009               0.0000               0.0000              -0.0021               0.0011               1.0000               0.3438               0.0000              -0.0000
[Row   8]               0.0000               0.0086               0.0000               0.0000              -0.0175               0.0082               0.3438               1.0000               0.0000               0.0000
[Row   9]               0.0000               0.0000               0.0020               0.0000               0.0000               0.0000               0.0000               0.0000               1.0000               0.0000
[Row  10]               0.0000               0.0000               0.0000               0.0020              -0.0000              -0.0018              -0.0000               0.0000               0.0000               1.0000
[Row  11]               0.0000               0.0071               0.0000               0.0000              -0.0127               0.0036              -0.0000               0.0000               0.0000              -0.0000
[Row  12]               0.0126               0.1714               0.0000               0.0000              -0.1846               0.1100               0.0133               0.2185               0.0000               0.0000
[Row  13]               0.0000               0.0000               0.0794               0.0000               0.0000               0.0000               0.0000               0.0000               0.2326               0.0000
[Row  14]               0.0000              -0.0000               0.0000               0.0794              -0.0000              -0.0631              -0.0000              -0.0000               0.0000               0.2326
[Row  15]               0.0217               0.2480               0.0000               0.0000              -0.2435               0.1276               0.0000               0.0000               0.0000               0.0000
                  [Col 11]              [Col 12]              [Col 13]              [Col 14]              [Col 15]
[Row   1]               0.0000               0.0126               0.0000               0.0000               0.0217
[Row   2]               0.0071               0.1714               0.0000              -0.0000               0.2480
[Row   3]               0.0000               0.0000               0.0794               0.0000               0.0000
[Row   4]               0.0000               0.0000               0.0000               0.0794               0.0000
[Row   5]              -0.0127              -0.1846               0.0000              -0.0000              -0.2435
[Row   6]               0.0036               0.1100               0.0000              -0.0631               0.1276
[Row   7]              -0.0000               0.0133               0.0000              -0.0000               0.0000
[Row   8]               0.0000               0.2185               0.0000              -0.0000               0.0000
[Row   9]               0.0000               0.0000               0.2326               0.0000               0.0000
[Row  10]              -0.0000               0.0000               0.0000               0.2326               0.0000
[Row  11]               1.0000               0.0000               0.0000               0.0000               0.2326
[Row  12]               0.0000               1.0000               0.0000               0.0000               0.0000
[Row  13]               0.0000               0.0000               1.0000               0.0000               0.0000
[Row  14]               0.0000               0.0000               0.0000               1.0000              -0.0000
[Row  15]               0.2326               0.0000               0.0000              -0.0000               1.0000
nbas 15
 ===== CA ===== 

                  [Col  1]              [Col  2]              [Col  3]              [Col  4]              [Col  5]              [Col  6]              [Col  7]              [Col  8]              [Col  9]              [Col 10]
[Row   1]              -0.0000               0.9944              -0.0008               0.0010              -0.0001               0.0000               0.2260               0.0812               0.0721              -0.0000
[Row   2]               0.0002               0.0244               0.0051              -0.0077               0.0010              -0.0000              -0.8259              -0.3399              -0.3686               0.0000
[Row   3]               0.0000              -0.0000               0.0000               0.0000               0.0000               0.0021              -0.0000               0.0000               0.0000               0.8196
[Row   4]               0.0000              -0.0034               0.0006              -0.0006               0.0016              -0.0000               0.1009               0.0868              -0.6147               0.0000
[Row   5]              -0.0002              -0.0013              -0.0046               0.0063              -0.0002               0.0000               0.0569              -0.1621               0.1510               0.0000
[Row   6]               0.0001              -0.0059               0.0018              -0.0020              -0.0014               0.0000              -0.1481              -0.1447               0.4439               0.0000
[Row   7]               0.9945              -0.0001               0.3771               0.0042               0.0001              -0.0000              -0.0251               0.0817               0.0145               0.0000
[Row   8]               0.0157               0.0003              -1.0538              -0.0119              -0.0004               0.0000               0.0839              -0.2685              -0.0476              -0.0000
[Row   9]               0.0000              -0.0000              -0.0000               0.0000              -0.0000              -0.9902              -0.0000              -0.0000              -0.0000              -0.1436
[Row  10]              -0.0000               0.0000               0.0009              -0.0497              -0.9890               0.0000              -0.0027               0.0019               0.0680              -0.0000
[Row  11]               0.0001               0.0005              -0.0097               0.9877              -0.0497               0.0000               0.0386              -0.0058               0.0729               0.0000
[Row  12]              -0.0017              -0.0023              -0.0424               0.0032              -0.0000              -0.0000              -0.2512               0.9534               0.1799               0.0000
[Row  13]               0.0000              -0.0000               0.0000               0.0000              -0.0000              -0.0390               0.0000               0.0000               0.0000               0.5242
[Row  14]               0.0000              -0.0001               0.0002              -0.0021              -0.0390               0.0000               0.0075              -0.0091              -0.2417               0.0000
[Row  15]              -0.0001              -0.0030              -0.0037               0.0444              -0.0021               0.0000              -0.1042               0.0231              -0.2538              -0.0000
                  [Col 11]              [Col 12]              [Col 13]              [Col 14]              [Col 15]
[Row   1]               0.0529               0.0387               0.0000               0.0749               0.0783
[Row   2]              -0.2597              -0.2063              -0.0000              -0.4299              -0.5341
[Row   3]               0.0000              -0.0000               0.5786              -0.0000               0.0000
[Row   4]              -0.2445              -0.2894              -0.0000               0.1693               0.8128
[Row   5]              -0.5430              -0.1429              -0.0000               0.8102              -0.3353
[Row   6]               0.0115               0.1870               0.0000               0.2000               1.1280
[Row   7]              -0.0158              -0.0006               0.0000               0.0191              -0.0056
[Row   8]               0.0505               0.0013              -0.0000              -0.0598               0.0158
[Row   9]              -0.0000              -0.0000               0.2373              -0.0000              -0.0000
[Row  10]               0.0825              -0.2561              -0.0000               0.0010               0.0032
[Row  11]              -0.1779              -0.0382              -0.0000              -0.2107               0.0346
[Row  12]              -0.2140              -0.0146               0.0000               0.2866              -0.1029
[Row  13]               0.0000               0.0000              -0.8876               0.0000              -0.0000
[Row  14]              -0.3035               0.9560               0.0000              -0.0036              -0.0105
[Row  15]               0.6308               0.1361               0.0000               0.8423              -0.1505
 ===== CB ===== 

                  [Col  1]              [Col  2]              [Col  3]              [Col  4]              [Col  5]              [Col  6]              [Col  7]              [Col  8]              [Col  9]              [Col 10]
[Row   1]              -0.0000               0.9944              -0.0008               0.0010              -0.0001               0.0000               0.2260               0.0812               0.0721              -0.0000
[Row   2]               0.0002               0.0244               0.0051              -0.0077               0.0010              -0.0000              -0.8259              -0.3399              -0.3686               0.0000
[Row   3]               0.0000              -0.0000               0.0000               0.0000               0.0000               0.0021              -0.0000               0.0000               0.0000               0.8196
[Row   4]               0.0000              -0.0034               0.0006              -0.0006               0.0016              -0.0000               0.1009               0.0868              -0.6147               0.0000
[Row   5]              -0.0002              -0.0013              -0.0046               0.0063              -0.0002               0.0000               0.0569              -0.1621               0.1510               0.0000
[Row   6]               0.0001              -0.0059               0.0018              -0.0020              -0.0014               0.0000              -0.1481              -0.1447               0.4439               0.0000
[Row   7]               0.9945              -0.0001               0.3771               0.0042               0.0001              -0.0000              -0.0251               0.0817               0.0145               0.0000
[Row   8]               0.0157               0.0003              -1.0538              -0.0119              -0.0004               0.0000               0.0839              -0.2685              -0.0476              -0.0000
[Row   9]               0.0000              -0.0000              -0.0000               0.0000              -0.0000              -0.9902              -0.0000              -0.0000              -0.0000              -0.1436
[Row  10]              -0.0000               0.0000               0.0009              -0.0497              -0.9890               0.0000              -0.0027               0.0019               0.0680              -0.0000
[Row  11]               0.0001               0.0005              -0.0097               0.9877              -0.0497               0.0000               0.0386              -0.0058               0.0729               0.0000
[Row  12]              -0.0017              -0.0023              -0.0424               0.0032              -0.0000              -0.0000              -0.2512               0.9534               0.1799               0.0000
[Row  13]               0.0000              -0.0000               0.0000               0.0000              -0.0000              -0.0390               0.0000               0.0000               0.0000               0.5242
[Row  14]               0.0000              -0.0001               0.0002              -0.0021              -0.0390               0.0000               0.0075              -0.0091              -0.2417               0.0000
[Row  15]              -0.0001              -0.0030              -0.0037               0.0444              -0.0021               0.0000              -0.1042               0.0231              -0.2538              -0.0000
                  [Col 11]              [Col 12]              [Col 13]              [Col 14]              [Col 15]
[Row   1]               0.0529               0.0387               0.0000               0.0749               0.0783
[Row   2]              -0.2597              -0.2063              -0.0000              -0.4299              -0.5341
[Row   3]               0.0000              -0.0000               0.5786              -0.0000               0.0000
[Row   4]              -0.2445              -0.2894              -0.0000               0.1693               0.8128
[Row   5]              -0.5430              -0.1429              -0.0000               0.8102              -0.3353
[Row   6]               0.0115               0.1870               0.0000               0.2000               1.1280
[Row   7]              -0.0158              -0.0006               0.0000               0.0191              -0.0056
[Row   8]               0.0505               0.0013              -0.0000              -0.0598               0.0158
[Row   9]              -0.0000              -0.0000               0.2373              -0.0000              -0.0000
[Row  10]               0.0825              -0.2561              -0.0000               0.0010               0.0032
[Row  11]              -0.1779              -0.0382              -0.0000              -0.2107               0.0346
[Row  12]              -0.2140              -0.0146               0.0000               0.2866              -0.1029
[Row  13]               0.0000               0.0000              -0.8876               0.0000              -0.0000
[Row  14]              -0.3035               0.9560               0.0000              -0.0036              -0.0105
[Row  15]               0.6308               0.1361               0.0000               0.8423              -0.1505
 ===== P_psi ===== Dalpha+Dbeta 

                  [Col  1]              [Col  2]              [Col  3]              [Col  4]              [Col  5]              [Col  6]              [Col  7]              [Col  8]              [Col  9]              [Col 10]
[Row   1]               2.1121              -0.4767              -0.0000              -0.0839              -0.0499              -0.0226               0.0015              -0.0049              -0.0000              -0.0020
[Row   2]              -0.4767               2.0883              -0.0000               0.4738               0.2456              -0.0675              -0.0121               0.0416              -0.0000               0.0146
[Row   3]              -0.0000              -0.0000               2.0133               0.0000               0.0000               0.0000               0.0000              -0.0000               0.0351               0.0000
[Row   4]              -0.0839               0.4738               0.0000               1.0783               0.1459              -0.7146              -0.0001               0.0021               0.0000               0.0210
[Row   5]              -0.0499               0.2456               0.0000               0.1459               0.7353               0.0981              -0.0116               0.0365               0.0000               0.0029
[Row   6]              -0.0226              -0.0675               0.0000              -0.7146               0.0981               0.5502              -0.0024               0.0085              -0.0000              -0.0302
[Row   7]               0.0015              -0.0121               0.0000              -0.0001              -0.0116              -0.0024               2.2782              -0.8147               0.0000               0.0000
[Row   8]              -0.0049               0.0416              -0.0000               0.0021               0.0365               0.0085              -0.8147               2.3895               0.0000              -0.0001
[Row   9]              -0.0000              -0.0000               0.0351               0.0000               0.0000              -0.0000               0.0000               0.0000               2.1150               0.0000
[Row  10]              -0.0020               0.0146               0.0000               0.0210               0.0029              -0.0302               0.0000              -0.0001               0.0000               2.1151
[Row  11]               0.0083              -0.0208              -0.0000               0.0250               0.2450               0.0328               0.0060              -0.0184               0.0000               0.0000
[Row  12]               0.0390              -0.2492               0.0000               0.0068              -0.0464              -0.0524               0.1451              -0.5036               0.0000               0.0013
[Row  13]              -0.0000               0.0000              -0.1680              -0.0000              -0.0000              -0.0000               0.0000               0.0000              -0.4947              -0.0000
[Row  14]               0.0086              -0.0650               0.0000              -0.1081              -0.0128               0.1364              -0.0002               0.0006              -0.0000              -0.4954
[Row  15]              -0.0086              -0.0412               0.0000              -0.0922              -0.8193              -0.1359              -0.0212               0.0651               0.0000               0.0003
                  [Col 11]              [Col 12]              [Col 13]              [Col 14]              [Col 15]
[Row   1]               0.0083               0.0390              -0.0000               0.0086              -0.0086
[Row   2]              -0.0208              -0.2492               0.0000              -0.0650              -0.0412
[Row   3]              -0.0000               0.0000              -0.1680               0.0000               0.0000
[Row   4]               0.0250               0.0068              -0.0000              -0.1081              -0.0922
[Row   5]               0.2450              -0.0464              -0.0000              -0.0128              -0.8193
[Row   6]               0.0328              -0.0524              -0.0000               0.1364              -0.1359
[Row   7]               0.0060               0.1451               0.0000              -0.0002              -0.0212
[Row   8]              -0.0184              -0.5036               0.0000               0.0006               0.0651
[Row   9]               0.0000               0.0000              -0.4947              -0.0000               0.0000
[Row  10]               0.0000               0.0013              -0.0000              -0.4954               0.0003
[Row  11]               2.0360               0.0803              -0.0000               0.0001              -0.1921
[Row  12]               0.0803               2.1045              -0.0000              -0.0060              -0.2683
[Row  13]              -0.0000              -0.0000               2.1284               0.0000              -0.0000
[Row  14]               0.0001              -0.0060               0.0000               2.1320              -0.0019
[Row  15]              -0.1921              -0.2683              -0.0000              -0.0019               0.9884
===== P_mu,nu local =====

                  [Col  1]              [Col  2]              [Col  3]              [Col  4]              [Col  5]              [Col  6]              [Col  7]              [Col  8]              [Col  9]              [Col 10]
[Row   1]               2.1121              -0.4767              -0.0000              -0.0839              -0.0499              -0.0226               0.0015              -0.0049              -0.0000              -0.0020
[Row   2]              -0.4767               2.0883              -0.0000               0.4738               0.2456              -0.0675              -0.0121               0.0416              -0.0000               0.0146
[Row   3]              -0.0000              -0.0000               2.0133               0.0000               0.0000               0.0000               0.0000              -0.0000               0.0351               0.0000
[Row   4]              -0.0839               0.4738               0.0000               1.0783               0.1459              -0.7146              -0.0001               0.0021               0.0000               0.0210
[Row   5]              -0.0499               0.2456               0.0000               0.1459               0.7353               0.0981              -0.0116               0.0365               0.0000               0.0029
[Row   6]              -0.0226              -0.0675               0.0000              -0.7146               0.0981               0.5502              -0.0024               0.0085              -0.0000              -0.0302
[Row   7]               0.0015              -0.0121               0.0000              -0.0001              -0.0116              -0.0024               2.2782              -0.8147               0.0000               0.0000
[Row   8]              -0.0049               0.0416              -0.0000               0.0021               0.0365               0.0085              -0.8147               2.3895               0.0000              -0.0001
[Row   9]              -0.0000              -0.0000               0.0351               0.0000               0.0000              -0.0000               0.0000               0.0000               2.1150               0.0000
[Row  10]              -0.0020               0.0146               0.0000               0.0210               0.0029              -0.0302               0.0000              -0.0001               0.0000               2.1151
[Row  11]               0.0083              -0.0208              -0.0000               0.0250               0.2450               0.0328               0.0060              -0.0184               0.0000               0.0000
[Row  12]               0.0390              -0.2492               0.0000               0.0068              -0.0464              -0.0524               0.1451              -0.5036               0.0000               0.0013
[Row  13]              -0.0000               0.0000              -0.1680              -0.0000              -0.0000              -0.0000               0.0000               0.0000              -0.4947              -0.0000
[Row  14]               0.0086              -0.0650               0.0000              -0.1081              -0.0128               0.1364              -0.0002               0.0006              -0.0000              -0.4954
[Row  15]              -0.0086              -0.0412               0.0000              -0.0922              -0.8193              -0.1359              -0.0212               0.0651               0.0000               0.0003
                  [Col 11]              [Col 12]              [Col 13]              [Col 14]              [Col 15]
[Row   1]               0.0083               0.0390              -0.0000               0.0086              -0.0086
[Row   2]              -0.0208              -0.2492               0.0000              -0.0650              -0.0412
[Row   3]              -0.0000               0.0000              -0.1680               0.0000               0.0000
[Row   4]               0.0250               0.0068              -0.0000              -0.1081              -0.0922
[Row   5]               0.2450              -0.0464              -0.0000              -0.0128              -0.8193
[Row   6]               0.0328              -0.0524              -0.0000               0.1364              -0.1359
[Row   7]               0.0060               0.1451               0.0000              -0.0002              -0.0212
[Row   8]              -0.0184              -0.5036               0.0000               0.0006               0.0651
[Row   9]               0.0000               0.0000              -0.4947              -0.0000               0.0000
[Row  10]               0.0000               0.0013              -0.0000              -0.4954               0.0003
[Row  11]               2.0360               0.0803              -0.0000               0.0001              -0.1921
[Row  12]               0.0803               2.1045              -0.0000              -0.0060              -0.2683
[Row  13]              -0.0000              -0.0000               2.1284               0.0000              -0.0000
[Row  14]               0.0001              -0.0060               0.0000               2.1320              -0.0019
[Row  15]              -0.1921              -0.2683              -0.0000              -0.0019               0.9884
===== P_mu,nu psi4 =====

                  [Col  1]              [Col  2]              [Col  3]              [Col  4]              [Col  5]              [Col  6]              [Col  7]              [Col  8]              [Col  9]              [Col 10]
[Row   1]               2.1121              -0.4767              -0.0000              -0.0839              -0.0499              -0.0226               0.0015              -0.0049              -0.0000              -0.0020
[Row   2]              -0.4767               2.0883              -0.0000               0.4738               0.2456              -0.0675              -0.0121               0.0416              -0.0000               0.0146
[Row   3]              -0.0000              -0.0000               2.0133               0.0000               0.0000               0.0000               0.0000              -0.0000               0.0351               0.0000
[Row   4]              -0.0839               0.4738               0.0000               1.0783               0.1459              -0.7146              -0.0001               0.0021               0.0000               0.0210
[Row   5]              -0.0499               0.2456               0.0000               0.1459               0.7353               0.0981              -0.0116               0.0365               0.0000               0.0029
[Row   6]              -0.0226              -0.0675               0.0000              -0.7146               0.0981               0.5502              -0.0024               0.0085              -0.0000              -0.0302
[Row   7]               0.0015              -0.0121               0.0000              -0.0001              -0.0116              -0.0024               2.2782              -0.8147               0.0000               0.0000
[Row   8]              -0.0049               0.0416              -0.0000               0.0021               0.0365               0.0085              -0.8147               2.3895               0.0000              -0.0001
[Row   9]              -0.0000              -0.0000               0.0351               0.0000               0.0000              -0.0000               0.0000               0.0000               2.1150               0.0000
[Row  10]              -0.0020               0.0146               0.0000               0.0210               0.0029              -0.0302               0.0000              -0.0001               0.0000               2.1151
[Row  11]               0.0083              -0.0208              -0.0000               0.0250               0.2450               0.0328               0.0060              -0.0184               0.0000               0.0000
[Row  12]               0.0390              -0.2492               0.0000               0.0068              -0.0464              -0.0524               0.1451              -0.5036               0.0000               0.0013
[Row  13]              -0.0000               0.0000              -0.1680              -0.0000              -0.0000              -0.0000               0.0000               0.0000              -0.4947              -0.0000
[Row  14]               0.0086              -0.0650               0.0000              -0.1081              -0.0128               0.1364              -0.0002               0.0006              -0.0000              -0.4954
[Row  15]              -0.0086              -0.0412               0.0000              -0.0922              -0.8193              -0.1359              -0.0212               0.0651               0.0000               0.0003
                  [Col 11]              [Col 12]              [Col 13]              [Col 14]              [Col 15]
[Row   1]               0.0083               0.0390              -0.0000               0.0086              -0.0086
[Row   2]              -0.0208              -0.2492               0.0000              -0.0650              -0.0412
[Row   3]              -0.0000               0.0000              -0.1680               0.0000               0.0000
[Row   4]               0.0250               0.0068              -0.0000              -0.1081              -0.0922
[Row   5]               0.2450              -0.0464              -0.0000              -0.0128              -0.8193
[Row   6]               0.0328              -0.0524              -0.0000               0.1364              -0.1359
[Row   7]               0.0060               0.1451               0.0000              -0.0002              -0.0212
[Row   8]              -0.0184              -0.5036               0.0000               0.0006               0.0651
[Row   9]               0.0000               0.0000              -0.4947              -0.0000               0.0000
[Row  10]               0.0000               0.0013              -0.0000              -0.4954               0.0003
[Row  11]               2.0360               0.0803              -0.0000               0.0001              -0.1921
[Row  12]               0.0803               2.1045              -0.0000              -0.0060              -0.2683
[Row  13]              -0.0000              -0.0000               2.1284               0.0000              -0.0000
[Row  14]               0.0001              -0.0060               0.0000               2.1320              -0.0019
[Row  15]              -0.1921              -0.2683              -0.0000              -0.0019               0.9884
====== P^(AO) = SPS =====

                  [Col  1]              [Col  2]              [Col  3]              [Col  4]              [Col  5]              [Col  6]              [Col  7]              [Col  8]              [Col  9]              [Col 10]
[Row   1]               1.9999               0.4746              -0.0000              -0.0051              -0.0041               0.0956              -0.0000               0.0001              -0.0000              -0.0000
[Row   2]               0.4746               1.9868              -0.0000               0.0507               0.0547               0.9934               0.0019               0.0166              -0.0000               0.0001
[Row   3]              -0.0000              -0.0000               2.0000              -0.0000               0.0000              -0.0000               0.0000              -0.0000               0.0040               0.0000
[Row   4]              -0.0051               0.0507              -0.0000               1.6826               0.0356              -1.1849               0.0000              -0.0002              -0.0000               0.0036
[Row   5]              -0.0041               0.0547               0.0000               0.0356               1.2755               0.1920              -0.0047              -0.0265              -0.0000              -0.0000
[Row   6]               0.0956               0.9934              -0.0000              -1.1849               0.1920               1.4117               0.0021               0.0165              -0.0000              -0.0040
[Row   7]              -0.0000               0.0019               0.0000               0.0000              -0.0047               0.0021               2.0000               0.6876               0.0000              -0.0000
[Row   8]               0.0001               0.0166              -0.0000              -0.0002              -0.0265               0.0165               0.6876               1.9999               0.0000               0.0000
[Row   9]              -0.0000              -0.0000               0.0040              -0.0000              -0.0000              -0.0000               0.0000               0.0000               2.0000               0.0000
[Row  10]              -0.0000               0.0001               0.0000               0.0036              -0.0000              -0.0040              -0.0000               0.0000               0.0000               2.0000
[Row  11]               0.0002               0.0110              -0.0000               0.0019               0.0075               0.0110               0.0000              -0.0004               0.0000               0.0000
[Row  12]               0.0245               0.3517               0.0000              -0.0106              -0.4550               0.2024               0.0265               0.4380               0.0000              -0.0000
[Row  13]              -0.0000              -0.0000               0.1588              -0.0000              -0.0000              -0.0000               0.0000              -0.0000               0.4652              -0.0000
[Row  14]               0.0002              -0.0020               0.0000               0.1719              -0.0031              -0.1083              -0.0000               0.0000              -0.0000               0.4652
[Row  15]               0.0384               0.5573               0.0000              -0.0599              -1.0964               0.1513              -0.0005               0.0073               0.0000              -0.0001
                  [Col 11]              [Col 12]              [Col 13]              [Col 14]              [Col 15]
[Row   1]               0.0002               0.0245              -0.0000               0.0002               0.0384
[Row   2]               0.0110               0.3517              -0.0000              -0.0020               0.5573
[Row   3]              -0.0000               0.0000               0.1588               0.0000               0.0000
[Row   4]               0.0019              -0.0106              -0.0000               0.1719              -0.0599
[Row   5]               0.0075              -0.4550              -0.0000              -0.0031              -1.0964
[Row   6]               0.0110               0.2024              -0.0000              -0.1083               0.1513
[Row   7]               0.0000               0.0265               0.0000              -0.0000              -0.0005
[Row   8]              -0.0004               0.4380              -0.0000               0.0000               0.0073
[Row   9]               0.0000               0.0000               0.4652              -0.0000               0.0000
[Row  10]               0.0000              -0.0000              -0.0000               0.4652              -0.0001
[Row  11]               1.9985               0.0041              -0.0000              -0.0000               0.4939
[Row  12]               0.0041               1.9891              -0.0000               0.0002              -0.0764
[Row  13]              -0.0000              -0.0000               2.0000              -0.0000              -0.0000
[Row  14]              -0.0000               0.0002              -0.0000               1.9995               0.0011
[Row  15]               0.4939              -0.0764              -0.0000               0.0011               1.4618
====== S^(AO) = S =====

                  [Col  1]              [Col  2]              [Col  3]              [Col  4]              [Col  5]              [Col  6]              [Col  7]              [Col  8]              [Col  9]              [Col 10]
[Row   1]               1.0000               0.2367               0.0000              -0.0000               0.0000               0.0513               0.0000               0.0000               0.0000               0.0000
[Row   2]               0.2367               1.0000               0.0000               0.0000               0.0000               0.4611               0.0009               0.0086               0.0000               0.0000
[Row   3]               0.0000               0.0000               1.0000               0.0000               0.0000               0.0000               0.0000               0.0000               0.0020               0.0000
[Row   4]              -0.0000               0.0000               0.0000               1.0000               0.0000              -0.3766               0.0000               0.0000               0.0000               0.0020
[Row   5]               0.0000               0.0000               0.0000               0.0000               1.0000               0.0850              -0.0021              -0.0175               0.0000              -0.0000
[Row   6]               0.0513               0.4611               0.0000              -0.3766               0.0850               1.0000               0.0011               0.0082               0.0000              -0.0018
[Row   7]               0.0000               0.0009               0.0000               0.0000              -0.0021               0.0011               1.0000               0.3438               0.0000              -0.0000
[Row   8]               0.0000               0.0086               0.0000               0.0000              -0.0175               0.0082               0.3438               1.0000               0.0000               0.0000
[Row   9]               0.0000               0.0000               0.0020               0.0000               0.0000               0.0000               0.0000               0.0000               1.0000               0.0000
[Row  10]               0.0000               0.0000               0.0000               0.0020              -0.0000              -0.0018              -0.0000               0.0000               0.0000               1.0000
[Row  11]               0.0000               0.0071               0.0000               0.0000              -0.0127               0.0036              -0.0000               0.0000               0.0000              -0.0000
[Row  12]               0.0126               0.1714               0.0000               0.0000              -0.1846               0.1100               0.0133               0.2185               0.0000               0.0000
[Row  13]               0.0000               0.0000               0.0794               0.0000               0.0000               0.0000               0.0000               0.0000               0.2326               0.0000
[Row  14]               0.0000              -0.0000               0.0000               0.0794              -0.0000              -0.0631              -0.0000              -0.0000               0.0000               0.2326
[Row  15]               0.0217               0.2480               0.0000               0.0000              -0.2435               0.1276               0.0000               0.0000               0.0000               0.0000
                  [Col 11]              [Col 12]              [Col 13]              [Col 14]              [Col 15]
[Row   1]               0.0000               0.0126               0.0000               0.0000               0.0217
[Row   2]               0.0071               0.1714               0.0000              -0.0000               0.2480
[Row   3]               0.0000               0.0000               0.0794               0.0000               0.0000
[Row   4]               0.0000               0.0000               0.0000               0.0794               0.0000
[Row   5]              -0.0127              -0.1846               0.0000              -0.0000              -0.2435
[Row   6]               0.0036               0.1100               0.0000              -0.0631               0.1276
[Row   7]              -0.0000               0.0133               0.0000              -0.0000               0.0000
[Row   8]               0.0000               0.2185               0.0000              -0.0000               0.0000
[Row   9]               0.0000               0.0000               0.2326               0.0000               0.0000
[Row  10]              -0.0000               0.0000               0.0000               0.2326               0.0000
[Row  11]               1.0000               0.0000               0.0000               0.0000               0.2326
[Row  12]               0.0000               1.0000               0.0000               0.0000               0.0000
[Row  13]               0.0000               0.0000               1.0000               0.0000               0.0000
[Row  14]               0.0000               0.0000               0.0000               1.0000              -0.0000
[Row  15]               0.2326               0.0000               0.0000              -0.0000               1.0000
====== P^(AO) std gaussian m_l ordering SPS =====

                  [Col  1]              [Col  2]              [Col  3]              [Col  4]              [Col  5]              [Col  6]              [Col  7]              [Col  8]              [Col  9]              [Col 10]
[Row   1]               1.9999               0.4746              -0.0051              -0.0041              -0.0000               0.0956              -0.0000               0.0001              -0.0000               0.0002
[Row   2]               0.4746               1.9868               0.0507               0.0547              -0.0000               0.9934               0.0019               0.0166               0.0001               0.0110
[Row   3]              -0.0051               0.0507               1.6826               0.0356              -0.0000              -1.1849               0.0000              -0.0002               0.0036               0.0019
[Row   4]              -0.0041               0.0547               0.0356               1.2755               0.0000               0.1920              -0.0047              -0.0265              -0.0000               0.0075
[Row   5]              -0.0000              -0.0000              -0.0000               0.0000               2.0000              -0.0000               0.0000              -0.0000               0.0000              -0.0000
[Row   6]               0.0956               0.9934              -1.1849               0.1920              -0.0000               1.4117               0.0021               0.0165              -0.0040               0.0110
[Row   7]              -0.0000               0.0019               0.0000              -0.0047               0.0000               0.0021               2.0000               0.6876              -0.0000               0.0000
[Row   8]               0.0001               0.0166              -0.0002              -0.0265              -0.0000               0.0165               0.6876               1.9999               0.0000              -0.0004
[Row   9]              -0.0000               0.0001               0.0036              -0.0000               0.0000              -0.0040              -0.0000               0.0000               2.0000               0.0000
[Row  10]               0.0002               0.0110               0.0019               0.0075              -0.0000               0.0110               0.0000              -0.0004               0.0000               1.9985
[Row  11]              -0.0000              -0.0000              -0.0000              -0.0000               0.0040              -0.0000               0.0000               0.0000               0.0000               0.0000
[Row  12]               0.0245               0.3517              -0.0106              -0.4550               0.0000               0.2024               0.0265               0.4380              -0.0000               0.0041
[Row  13]               0.0002              -0.0020               0.1719              -0.0031               0.0000              -0.1083              -0.0000               0.0000               0.4652              -0.0000
[Row  14]               0.0384               0.5573              -0.0599              -1.0964               0.0000               0.1513              -0.0005               0.0073              -0.0001               0.4939
[Row  15]              -0.0000              -0.0000              -0.0000              -0.0000               0.1588              -0.0000               0.0000              -0.0000              -0.0000              -0.0000
                  [Col 11]              [Col 12]              [Col 13]              [Col 14]              [Col 15]
[Row   1]              -0.0000               0.0245               0.0002               0.0384              -0.0000
[Row   2]              -0.0000               0.3517              -0.0020               0.5573              -0.0000
[Row   3]              -0.0000              -0.0106               0.1719              -0.0599              -0.0000
[Row   4]              -0.0000              -0.4550              -0.0031              -1.0964              -0.0000
[Row   5]               0.0040               0.0000               0.0000               0.0000               0.1588
[Row   6]              -0.0000               0.2024              -0.1083               0.1513              -0.0000
[Row   7]               0.0000               0.0265              -0.0000              -0.0005               0.0000
[Row   8]               0.0000               0.4380               0.0000               0.0073              -0.0000
[Row   9]               0.0000              -0.0000               0.4652              -0.0001              -0.0000
[Row  10]               0.0000               0.0041              -0.0000               0.4939              -0.0000
[Row  11]               2.0000               0.0000              -0.0000               0.0000               0.4652
[Row  12]               0.0000               1.9891               0.0002              -0.0764              -0.0000
[Row  13]              -0.0000               0.0002               1.9995               0.0011              -0.0000
[Row  14]               0.0000              -0.0764               0.0011               1.4618              -0.0000
[Row  15]               0.4652              -0.0000              -0.0000              -0.0000               2.0000
====== S^(AO) std gaussian m_l ordering =====

                  [Col  1]              [Col  2]              [Col  3]              [Col  4]              [Col  5]              [Col  6]              [Col  7]              [Col  8]              [Col  9]              [Col 10]
[Row   1]               1.0000               0.2367              -0.0000               0.0000               0.0000               0.0513               0.0000               0.0000               0.0000               0.0000
[Row   2]               0.2367               1.0000               0.0000               0.0000               0.0000               0.4611               0.0009               0.0086               0.0000               0.0071
[Row   3]              -0.0000               0.0000               1.0000               0.0000               0.0000              -0.3766               0.0000               0.0000               0.0020               0.0000
[Row   4]               0.0000               0.0000               0.0000               1.0000               0.0000               0.0850              -0.0021              -0.0175              -0.0000              -0.0127
[Row   5]               0.0000               0.0000               0.0000               0.0000               1.0000               0.0000               0.0000               0.0000               0.0000               0.0000
[Row   6]               0.0513               0.4611              -0.3766               0.0850               0.0000               1.0000               0.0011               0.0082              -0.0018               0.0036
[Row   7]               0.0000               0.0009               0.0000              -0.0021               0.0000               0.0011               1.0000               0.3438              -0.0000              -0.0000
[Row   8]               0.0000               0.0086               0.0000              -0.0175               0.0000               0.0082               0.3438               1.0000               0.0000               0.0000
[Row   9]               0.0000               0.0000               0.0020              -0.0000               0.0000              -0.0018              -0.0000               0.0000               1.0000              -0.0000
[Row  10]               0.0000               0.0071               0.0000              -0.0127               0.0000               0.0036              -0.0000               0.0000              -0.0000               1.0000
[Row  11]               0.0000               0.0000               0.0000               0.0000               0.0020               0.0000               0.0000               0.0000               0.0000               0.0000
[Row  12]               0.0126               0.1714               0.0000              -0.1846               0.0000               0.1100               0.0133               0.2185               0.0000               0.0000
[Row  13]               0.0000              -0.0000               0.0794              -0.0000               0.0000              -0.0631              -0.0000              -0.0000               0.2326               0.0000
[Row  14]               0.0217               0.2480               0.0000              -0.2435               0.0000               0.1276               0.0000               0.0000               0.0000               0.2326
[Row  15]               0.0000               0.0000               0.0000               0.0000               0.0794               0.0000               0.0000               0.0000               0.0000               0.0000
                  [Col 11]              [Col 12]              [Col 13]              [Col 14]              [Col 15]
[Row   1]               0.0000               0.0126               0.0000               0.0217               0.0000
[Row   2]               0.0000               0.1714              -0.0000               0.2480               0.0000
[Row   3]               0.0000               0.0000               0.0794               0.0000               0.0000
[Row   4]               0.0000              -0.1846              -0.0000              -0.2435               0.0000
[Row   5]               0.0020               0.0000               0.0000               0.0000               0.0794
[Row   6]               0.0000               0.1100              -0.0631               0.1276               0.0000
[Row   7]               0.0000               0.0133              -0.0000               0.0000               0.0000
[Row   8]               0.0000               0.2185              -0.0000               0.0000               0.0000
[Row   9]               0.0000               0.0000               0.2326               0.0000               0.0000
[Row  10]               0.0000               0.0000               0.0000               0.2326               0.0000
[Row  11]               1.0000               0.0000               0.0000               0.0000               0.2326
[Row  12]               0.0000               1.0000               0.0000               0.0000               0.0000
[Row  13]               0.0000               0.0000               1.0000              -0.0000               0.0000
[Row  14]               0.0000               0.0000              -0.0000               1.0000               0.0000
[Row  15]               0.2326               0.0000               0.0000               0.0000               1.0000
