molecule mol51.xyz
System:, atNum: 6 coords [              0.0000               0.0000              -2.1191]
System:, atNum: 17 coords [              0.0000               0.0000               1.2396]
System:, atNum: 1 coords [              0.0000               1.9451              -2.7860]
System:, atNum: 1 coords [              1.6845              -0.9726              -2.7860]
System:, atNum: 1 coords [             -1.6845              -0.9726              -2.7860]
===== Original AO-S matrix =====

                  [Col  1]              [Col  2]              [Col  3]              [Col  4]              [Col  5]              [Col  6]              [Col  7]              [Col  8]              [Col  9]              [Col 10]
[Row   1]               1.0000               0.2484               0.0000               0.0000               0.0000               0.0000               0.0000              -0.0000               0.0000               0.0000
[Row   2]               0.2484               1.0000               0.0000               0.0000               0.0000               0.0028               0.0216              -0.0116               0.0000               0.0000
[Row   3]               0.0000               0.0000               1.0000               0.0000               0.0000               0.0050               0.0380              -0.0181               0.0000               0.0000
[Row   4]               0.0000               0.0000               0.0000               1.0000               0.0000               0.0000               0.0000               0.0000               0.0042               0.0000
[Row   5]               0.0000               0.0000               0.0000               0.0000               1.0000               0.0000               0.0000               0.0000               0.0000               0.0042
[Row   6]               0.0000               0.0028               0.0050               0.0000               0.0000               1.0000               0.3438               0.0000               0.0000               0.0000
[Row   7]               0.0000               0.0216               0.0380               0.0000               0.0000               0.3438               1.0000               0.0000               0.0000               0.0000
[Row   8]              -0.0000              -0.0116              -0.0181               0.0000               0.0000               0.0000               0.0000               1.0000               0.0000               0.0000
[Row   9]               0.0000               0.0000               0.0000               0.0042               0.0000               0.0000               0.0000               0.0000               1.0000               0.0000
[Row  10]               0.0000               0.0000               0.0000               0.0000               0.0042               0.0000               0.0000               0.0000               0.0000               1.0000
[Row  11]               0.0170               0.2297               0.2757               0.0000               0.0000               0.0133               0.2185               0.0000               0.0000               0.0000
[Row  12]              -0.0294              -0.2861              -0.3033               0.0000               0.0000               0.0000              -0.0000               0.2326               0.0000               0.0000
[Row  13]               0.0000               0.0000               0.0000               0.1179               0.0000               0.0000               0.0000               0.0000               0.2326               0.0000
[Row  14]               0.0000               0.0000               0.0000               0.0000               0.1179               0.0000               0.0000               0.0000               0.0000               0.2326
[Row  15]               0.0625               0.4918              -0.1517               0.0000               0.4426               0.0006               0.0047              -0.0023               0.0000               0.0011
[Row  16]               0.0625               0.4918              -0.1517               0.3833              -0.2213               0.0006               0.0047              -0.0023               0.0010              -0.0006
[Row  17]               0.0625               0.4918              -0.1517              -0.3833              -0.2213               0.0006               0.0047              -0.0023              -0.0010              -0.0006
                  [Col 11]              [Col 12]              [Col 13]              [Col 14]              [Col 15]              [Col 16]              [Col 17]
[Row   1]               0.0170              -0.0294               0.0000               0.0000               0.0625               0.0625               0.0625
[Row   2]               0.2297              -0.2861               0.0000               0.0000               0.4918               0.4918               0.4918
[Row   3]               0.2757              -0.3033               0.0000               0.0000              -0.1517              -0.1517              -0.1517
[Row   4]               0.0000               0.0000               0.1179               0.0000               0.0000               0.3833              -0.3833
[Row   5]               0.0000               0.0000               0.0000               0.1179               0.4426              -0.2213              -0.2213
[Row   6]               0.0133               0.0000               0.0000               0.0000               0.0006               0.0006               0.0006
[Row   7]               0.2185              -0.0000               0.0000               0.0000               0.0047               0.0047               0.0047
[Row   8]               0.0000               0.2326               0.0000               0.0000              -0.0023              -0.0023              -0.0023
[Row   9]               0.0000               0.0000               0.2326               0.0000               0.0000               0.0010              -0.0010
[Row  10]               0.0000               0.0000               0.0000               0.2326               0.0011              -0.0006              -0.0006
[Row  11]               1.0000               0.0000               0.0000               0.0000               0.0740               0.0740               0.0740
[Row  12]               0.0000               1.0000               0.0000               0.0000              -0.0898              -0.0898              -0.0898
[Row  13]               0.0000               0.0000               1.0000               0.0000               0.0000               0.0376              -0.0376
[Row  14]               0.0000               0.0000               0.0000               1.0000               0.0434              -0.0217              -0.0217
[Row  15]               0.0740              -0.0898               0.0000               0.0434               1.0000               0.1685               0.1685
[Row  16]               0.0740              -0.0898               0.0376              -0.0217               0.1685               1.0000               0.1685
[Row  17]               0.0740              -0.0898              -0.0376              -0.0217               0.1685               0.1685               1.0000
nbas 17
 ===== CA ===== 

                  [Col  1]              [Col  2]              [Col  3]              [Col  4]              [Col  5]              [Col  6]              [Col  7]              [Col  8]              [Col  9]              [Col 10]
[Row   1]              -0.0001               0.9921               0.0017               0.0014               0.0000              -0.0000               0.1457               0.1684               0.0000              -0.0000
[Row   2]               0.0004               0.0364              -0.0073              -0.0107              -0.0000               0.0000              -0.4025              -0.5213              -0.0000               0.0000
[Row   3]               0.0003              -0.0004              -0.0067              -0.0089               0.0000              -0.0000              -0.0683               0.1466              -0.0000               0.0000
[Row   4]               0.0000               0.0000               0.0000              -0.0000               0.0000               0.0030              -0.0000               0.0000               0.5686               0.0000
[Row   5]              -0.0000              -0.0000               0.0000               0.0000               0.0030              -0.0000               0.0000               0.0000              -0.0000               0.5686
[Row   6]               0.9945               0.0001              -0.3771               0.0044               0.0000               0.0000              -0.0655               0.0553               0.0000              -0.0000
[Row   7]               0.0157              -0.0005               1.0536              -0.0127              -0.0000              -0.0000               0.2180              -0.1801              -0.0000               0.0000
[Row   8]              -0.0001              -0.0005              -0.0100              -0.9885               0.0000              -0.0000              -0.0453              -0.0221              -0.0000               0.0000
[Row   9]               0.0000              -0.0000              -0.0000               0.0000              -0.0001              -0.9901               0.0000               0.0000              -0.0716              -0.0000
[Row  10]              -0.0000              -0.0000              -0.0000              -0.0000              -0.9901               0.0001              -0.0000              -0.0000               0.0000              -0.0716
[Row  11]              -0.0018              -0.0043               0.0442               0.0055              -0.0000               0.0000              -0.7115               0.6729               0.0000              -0.0000
[Row  12]               0.0002               0.0043              -0.0054              -0.0466               0.0000              -0.0000               0.1317               0.0604               0.0000              -0.0000
[Row  13]              -0.0000              -0.0000              -0.0000               0.0000              -0.0000              -0.0394               0.0000              -0.0000               0.2496               0.0000
[Row  14]               0.0000               0.0000              -0.0000              -0.0000              -0.0394               0.0000               0.0000               0.0000              -0.0000               0.2496
[Row  15]               0.0000              -0.0068              -0.0002               0.0001              -0.0000               0.0000              -0.0879              -0.1820              -0.0000               0.4382
[Row  16]               0.0000              -0.0068              -0.0002               0.0001               0.0000              -0.0000              -0.0879              -0.1820               0.3795              -0.2191
[Row  17]               0.0000              -0.0068              -0.0002               0.0001               0.0000               0.0000              -0.0879              -0.1820              -0.3795              -0.2191
                  [Col 11]              [Col 12]              [Col 13]              [Col 14]              [Col 15]              [Col 16]              [Col 17]
[Row   1]               0.0155              -0.0000              -0.0000               0.1194              -0.0000              -0.0000               0.2148
[Row   2]              -0.0870               0.0000               0.0000              -0.6292               0.0000               0.0000              -1.3859
[Row   3]              -0.4849              -0.0000              -0.0000              -0.9029              -0.0000              -0.0000               0.5459
[Row   4]               0.0000              -0.0000               0.1592               0.0000              -0.0000               1.1025               0.0000
[Row   5]               0.0000               0.1592               0.0000               0.0000               1.1025               0.0000               0.0000
[Row   6]               0.0209               0.0000               0.0000               0.0236              -0.0000              -0.0000               0.0002
[Row   7]              -0.0642              -0.0000              -0.0000              -0.0662               0.0000               0.0000              -0.0013
[Row   8]              -0.2023              -0.0000              -0.0000               0.2140              -0.0000              -0.0000               0.0090
[Row   9]              -0.0000              -0.0000               0.2678               0.0000              -0.0000               0.0251               0.0000
[Row  10]              -0.0000               0.2678               0.0000               0.0000               0.0251               0.0000               0.0000
[Row  11]               0.3115               0.0000               0.0000               0.4434               0.0000              -0.0000              -0.0021
[Row  12]               0.7024               0.0000               0.0000              -0.9050               0.0000               0.0000              -0.0382
[Row  13]               0.0000               0.0001              -0.9986              -0.0000               0.0000              -0.1085              -0.0000
[Row  14]               0.0000              -0.9986              -0.0001              -0.0000              -0.1085              -0.0000              -0.0000
[Row  15]               0.1218               0.2014               0.0000               0.0578              -1.0039              -0.0000               0.7543
[Row  16]               0.1218              -0.1007               0.1744               0.0578               0.5019              -0.8694               0.7544
[Row  17]               0.1218              -0.1007              -0.1745               0.0578               0.5019               0.8694               0.7544
 ===== CB ===== 

                  [Col  1]              [Col  2]              [Col  3]              [Col  4]              [Col  5]              [Col  6]              [Col  7]              [Col  8]              [Col  9]              [Col 10]
[Row   1]              -0.0001               0.9921               0.0017               0.0014               0.0000              -0.0000               0.1457               0.1684               0.0000              -0.0000
[Row   2]               0.0004               0.0364              -0.0073              -0.0107              -0.0000               0.0000              -0.4025              -0.5213              -0.0000               0.0000
[Row   3]               0.0003              -0.0004              -0.0067              -0.0089               0.0000              -0.0000              -0.0683               0.1466              -0.0000               0.0000
[Row   4]               0.0000               0.0000               0.0000              -0.0000               0.0000               0.0030              -0.0000               0.0000               0.5686               0.0000
[Row   5]              -0.0000              -0.0000               0.0000               0.0000               0.0030              -0.0000               0.0000               0.0000              -0.0000               0.5686
[Row   6]               0.9945               0.0001              -0.3771               0.0044               0.0000               0.0000              -0.0655               0.0553               0.0000              -0.0000
[Row   7]               0.0157              -0.0005               1.0536              -0.0127              -0.0000              -0.0000               0.2180              -0.1801              -0.0000               0.0000
[Row   8]              -0.0001              -0.0005              -0.0100              -0.9885               0.0000              -0.0000              -0.0453              -0.0221              -0.0000               0.0000
[Row   9]               0.0000              -0.0000              -0.0000               0.0000              -0.0001              -0.9901               0.0000               0.0000              -0.0716              -0.0000
[Row  10]              -0.0000              -0.0000              -0.0000              -0.0000              -0.9901               0.0001              -0.0000              -0.0000               0.0000              -0.0716
[Row  11]              -0.0018              -0.0043               0.0442               0.0055              -0.0000               0.0000              -0.7115               0.6729               0.0000              -0.0000
[Row  12]               0.0002               0.0043              -0.0054              -0.0466               0.0000              -0.0000               0.1317               0.0604               0.0000              -0.0000
[Row  13]              -0.0000              -0.0000              -0.0000               0.0000              -0.0000              -0.0394               0.0000              -0.0000               0.2496               0.0000
[Row  14]               0.0000               0.0000              -0.0000              -0.0000              -0.0394               0.0000               0.0000               0.0000              -0.0000               0.2496
[Row  15]               0.0000              -0.0068              -0.0002               0.0001              -0.0000               0.0000              -0.0879              -0.1820              -0.0000               0.4382
[Row  16]               0.0000              -0.0068              -0.0002               0.0001               0.0000              -0.0000              -0.0879              -0.1820               0.3795              -0.2191
[Row  17]               0.0000              -0.0068              -0.0002               0.0001               0.0000               0.0000              -0.0879              -0.1820              -0.3795              -0.2191
                  [Col 11]              [Col 12]              [Col 13]              [Col 14]              [Col 15]              [Col 16]              [Col 17]
[Row   1]               0.0155              -0.0000              -0.0000               0.1194              -0.0000              -0.0000               0.2148
[Row   2]              -0.0870               0.0000               0.0000              -0.6292               0.0000               0.0000              -1.3859
[Row   3]              -0.4849              -0.0000              -0.0000              -0.9029              -0.0000              -0.0000               0.5459
[Row   4]               0.0000              -0.0000               0.1592               0.0000              -0.0000               1.1025               0.0000
[Row   5]               0.0000               0.1592               0.0000               0.0000               1.1025               0.0000               0.0000
[Row   6]               0.0209               0.0000               0.0000               0.0236              -0.0000              -0.0000               0.0002
[Row   7]              -0.0642              -0.0000              -0.0000              -0.0662               0.0000               0.0000              -0.0013
[Row   8]              -0.2023              -0.0000              -0.0000               0.2140              -0.0000              -0.0000               0.0090
[Row   9]              -0.0000              -0.0000               0.2678               0.0000              -0.0000               0.0251               0.0000
[Row  10]              -0.0000               0.2678               0.0000               0.0000               0.0251               0.0000               0.0000
[Row  11]               0.3115               0.0000               0.0000               0.4434               0.0000              -0.0000              -0.0021
[Row  12]               0.7024               0.0000               0.0000              -0.9050               0.0000               0.0000              -0.0382
[Row  13]               0.0000               0.0001              -0.9986              -0.0000               0.0000              -0.1085              -0.0000
[Row  14]               0.0000              -0.9986              -0.0001              -0.0000              -0.1085              -0.0000              -0.0000
[Row  15]               0.1218               0.2014               0.0000               0.0578              -1.0039              -0.0000               0.7543
[Row  16]               0.1218              -0.1007               0.1744               0.0578               0.5019              -0.8694               0.7544
[Row  17]               0.1218              -0.1007              -0.1745               0.0578               0.5019               0.8694               0.7544
 ===== P_psi ===== Dalpha+Dbeta 

                  [Col  1]              [Col  2]              [Col  3]              [Col  4]              [Col  5]              [Col  6]              [Col  7]              [Col  8]              [Col  9]              [Col 10]
[Row   1]               2.0683              -0.2234               0.0136               0.0000              -0.0000              -0.0009               0.0035              -0.0306              -0.0000               0.0000
[Row   2]              -0.2234               0.8858              -0.0133              -0.0000               0.0000              -0.0025               0.0084               0.1159               0.0000               0.0000
[Row   3]               0.0136              -0.0133               0.5227               0.0000              -0.0000               0.0105              -0.0341               0.2136               0.0000               0.0000
[Row   4]               0.0000              -0.0000               0.0000               0.6972               0.0000               0.0000               0.0000              -0.0000              -0.0021               0.0000
[Row   5]              -0.0000               0.0000              -0.0000               0.0000               0.6972              -0.0000               0.0000              -0.0000              -0.0000              -0.0021
[Row   6]              -0.0009              -0.0025               0.0105               0.0000              -0.0000               2.2781              -0.8145              -0.0064               0.0000              -0.0000
[Row   7]               0.0035               0.0084              -0.0341               0.0000               0.0000              -0.8145               2.3890               0.0182              -0.0000               0.0000
[Row   8]              -0.0306               0.1159               0.2136              -0.0000              -0.0000              -0.0064               0.0182               2.0415               0.0000              -0.0000
[Row   9]              -0.0000               0.0000               0.0000              -0.0021              -0.0000               0.0000              -0.0000               0.0000               2.1144              -0.0000
[Row  10]               0.0000               0.0000               0.0000               0.0000              -0.0021              -0.0000               0.0000              -0.0000              -0.0000               2.1144
[Row  11]               0.0206              -0.1841              -0.0082              -0.0000              -0.0000               0.1438              -0.4995              -0.1032               0.0000              -0.0000
[Row  12]               0.0889              -0.2898              -0.6805               0.0000               0.0000               0.0229              -0.0648              -0.2066               0.0000               0.0000
[Row  13]               0.0000              -0.0000              -0.0000              -0.0344              -0.0000              -0.0000              -0.0000               0.0000              -0.4926               0.0000
[Row  14]              -0.0000              -0.0000              -0.0000              -0.0000              -0.0344               0.0000              -0.0000               0.0000               0.0000              -0.4926
[Row  15]              -0.0966               0.2389              -0.1595               0.0000               0.5625              -0.0034               0.0112              -0.0335              -0.0000               0.0453
[Row  16]              -0.0966               0.2389              -0.1595               0.4871              -0.2812              -0.0034               0.0112              -0.0335               0.0392              -0.0226
[Row  17]              -0.0966               0.2389              -0.1595              -0.4871              -0.2812              -0.0034               0.0112              -0.0335              -0.0392              -0.0226
                  [Col 11]              [Col 12]              [Col 13]              [Col 14]              [Col 15]              [Col 16]              [Col 17]
[Row   1]               0.0206               0.0889               0.0000              -0.0000              -0.0966              -0.0966              -0.0966
[Row   2]              -0.1841              -0.2898              -0.0000              -0.0000               0.2389               0.2389               0.2389
[Row   3]              -0.0082              -0.6805              -0.0000              -0.0000              -0.1595              -0.1595              -0.1595
[Row   4]              -0.0000               0.0000              -0.0344              -0.0000               0.0000               0.4871              -0.4871
[Row   5]              -0.0000               0.0000              -0.0000              -0.0344               0.5625              -0.2812              -0.2812
[Row   6]               0.1438               0.0229              -0.0000               0.0000              -0.0034              -0.0034              -0.0034
[Row   7]              -0.4995              -0.0648              -0.0000              -0.0000               0.0112               0.0112               0.0112
[Row   8]              -0.1032              -0.2066               0.0000               0.0000              -0.0335              -0.0335              -0.0335
[Row   9]               0.0000               0.0000              -0.4926               0.0000              -0.0000               0.0392              -0.0392
[Row  10]              -0.0000               0.0000               0.0000              -0.4926               0.0453              -0.0226              -0.0226
[Row  11]               2.1162               0.3304               0.0000               0.0000              -0.0438              -0.0438              -0.0438
[Row  12]               0.3304               1.0332              -0.0000              -0.0000               0.1259               0.1259               0.1259
[Row  13]               0.0000              -0.0000               2.1223               0.0000               0.0000              -0.1589               0.1589
[Row  14]               0.0000              -0.0000               0.0000               2.1223              -0.1835               0.0918               0.0918
[Row  15]              -0.0438               0.1259               0.0000              -0.1835               0.5767              -0.1211              -0.1211
[Row  16]              -0.0438               0.1259              -0.1589               0.0918              -0.1211               0.5767              -0.1211
[Row  17]              -0.0438               0.1259               0.1589               0.0918              -0.1211              -0.1211               0.5767
===== P_mu,nu local =====

                  [Col  1]              [Col  2]              [Col  3]              [Col  4]              [Col  5]              [Col  6]              [Col  7]              [Col  8]              [Col  9]              [Col 10]
[Row   1]               2.0683              -0.2234               0.0136               0.0000              -0.0000              -0.0009               0.0035              -0.0306              -0.0000               0.0000
[Row   2]              -0.2234               0.8858              -0.0133              -0.0000               0.0000              -0.0025               0.0084               0.1159               0.0000               0.0000
[Row   3]               0.0136              -0.0133               0.5227               0.0000              -0.0000               0.0105              -0.0341               0.2136               0.0000               0.0000
[Row   4]               0.0000              -0.0000               0.0000               0.6972               0.0000               0.0000               0.0000              -0.0000              -0.0021               0.0000
[Row   5]              -0.0000               0.0000              -0.0000               0.0000               0.6972              -0.0000               0.0000              -0.0000              -0.0000              -0.0021
[Row   6]              -0.0009              -0.0025               0.0105               0.0000              -0.0000               2.2781              -0.8145              -0.0064               0.0000              -0.0000
[Row   7]               0.0035               0.0084              -0.0341               0.0000               0.0000              -0.8145               2.3890               0.0182              -0.0000               0.0000
[Row   8]              -0.0306               0.1159               0.2136              -0.0000              -0.0000              -0.0064               0.0182               2.0415               0.0000              -0.0000
[Row   9]              -0.0000               0.0000               0.0000              -0.0021              -0.0000               0.0000              -0.0000               0.0000               2.1144              -0.0000
[Row  10]               0.0000               0.0000               0.0000               0.0000              -0.0021              -0.0000               0.0000              -0.0000              -0.0000               2.1144
[Row  11]               0.0206              -0.1841              -0.0082              -0.0000              -0.0000               0.1438              -0.4995              -0.1032               0.0000              -0.0000
[Row  12]               0.0889              -0.2898              -0.6805               0.0000               0.0000               0.0229              -0.0648              -0.2066               0.0000               0.0000
[Row  13]               0.0000              -0.0000              -0.0000              -0.0344              -0.0000              -0.0000              -0.0000               0.0000              -0.4926               0.0000
[Row  14]              -0.0000              -0.0000              -0.0000              -0.0000              -0.0344               0.0000              -0.0000               0.0000               0.0000              -0.4926
[Row  15]              -0.0966               0.2389              -0.1595               0.0000               0.5625              -0.0034               0.0112              -0.0335              -0.0000               0.0453
[Row  16]              -0.0966               0.2389              -0.1595               0.4871              -0.2812              -0.0034               0.0112              -0.0335               0.0392              -0.0226
[Row  17]              -0.0966               0.2389              -0.1595              -0.4871              -0.2812              -0.0034               0.0112              -0.0335              -0.0392              -0.0226
                  [Col 11]              [Col 12]              [Col 13]              [Col 14]              [Col 15]              [Col 16]              [Col 17]
[Row   1]               0.0206               0.0889               0.0000              -0.0000              -0.0966              -0.0966              -0.0966
[Row   2]              -0.1841              -0.2898              -0.0000              -0.0000               0.2389               0.2389               0.2389
[Row   3]              -0.0082              -0.6805              -0.0000              -0.0000              -0.1595              -0.1595              -0.1595
[Row   4]              -0.0000               0.0000              -0.0344              -0.0000               0.0000               0.4871              -0.4871
[Row   5]              -0.0000               0.0000              -0.0000              -0.0344               0.5625              -0.2812              -0.2812
[Row   6]               0.1438               0.0229              -0.0000               0.0000              -0.0034              -0.0034              -0.0034
[Row   7]              -0.4995              -0.0648              -0.0000              -0.0000               0.0112               0.0112               0.0112
[Row   8]              -0.1032              -0.2066               0.0000               0.0000              -0.0335              -0.0335              -0.0335
[Row   9]               0.0000               0.0000              -0.4926               0.0000              -0.0000               0.0392              -0.0392
[Row  10]              -0.0000               0.0000               0.0000              -0.4926               0.0453              -0.0226              -0.0226
[Row  11]               2.1162               0.3304               0.0000               0.0000              -0.0438              -0.0438              -0.0438
[Row  12]               0.3304               1.0332              -0.0000              -0.0000               0.1259               0.1259               0.1259
[Row  13]               0.0000              -0.0000               2.1223               0.0000               0.0000              -0.1589               0.1589
[Row  14]               0.0000              -0.0000               0.0000               2.1223              -0.1835               0.0918               0.0918
[Row  15]              -0.0438               0.1259               0.0000              -0.1835               0.5767              -0.1211              -0.1211
[Row  16]              -0.0438               0.1259              -0.1589               0.0918              -0.1211               0.5767              -0.1211
[Row  17]              -0.0438               0.1259               0.1589               0.0918              -0.1211              -0.1211               0.5767
===== P_mu,nu psi4 =====

                  [Col  1]              [Col  2]              [Col  3]              [Col  4]              [Col  5]              [Col  6]              [Col  7]              [Col  8]              [Col  9]              [Col 10]
[Row   1]               2.0683              -0.2234               0.0136               0.0000              -0.0000              -0.0009               0.0035              -0.0306              -0.0000               0.0000
[Row   2]              -0.2234               0.8858              -0.0133              -0.0000               0.0000              -0.0025               0.0084               0.1159               0.0000               0.0000
[Row   3]               0.0136              -0.0133               0.5227               0.0000              -0.0000               0.0105              -0.0341               0.2136               0.0000               0.0000
[Row   4]               0.0000              -0.0000               0.0000               0.6972               0.0000               0.0000               0.0000              -0.0000              -0.0021               0.0000
[Row   5]              -0.0000               0.0000              -0.0000               0.0000               0.6972              -0.0000               0.0000              -0.0000              -0.0000              -0.0021
[Row   6]              -0.0009              -0.0025               0.0105               0.0000              -0.0000               2.2781              -0.8145              -0.0064               0.0000              -0.0000
[Row   7]               0.0035               0.0084              -0.0341               0.0000               0.0000              -0.8145               2.3890               0.0182              -0.0000               0.0000
[Row   8]              -0.0306               0.1159               0.2136              -0.0000              -0.0000              -0.0064               0.0182               2.0415               0.0000              -0.0000
[Row   9]              -0.0000               0.0000               0.0000              -0.0021              -0.0000               0.0000              -0.0000               0.0000               2.1144              -0.0000
[Row  10]               0.0000               0.0000               0.0000               0.0000              -0.0021              -0.0000               0.0000              -0.0000              -0.0000               2.1144
[Row  11]               0.0206              -0.1841              -0.0082              -0.0000              -0.0000               0.1438              -0.4995              -0.1032               0.0000              -0.0000
[Row  12]               0.0889              -0.2898              -0.6805               0.0000               0.0000               0.0229              -0.0648              -0.2066               0.0000               0.0000
[Row  13]               0.0000              -0.0000              -0.0000              -0.0344              -0.0000              -0.0000              -0.0000               0.0000              -0.4926               0.0000
[Row  14]              -0.0000              -0.0000              -0.0000              -0.0000              -0.0344               0.0000              -0.0000               0.0000               0.0000              -0.4926
[Row  15]              -0.0966               0.2389              -0.1595               0.0000               0.5625              -0.0034               0.0112              -0.0335              -0.0000               0.0453
[Row  16]              -0.0966               0.2389              -0.1595               0.4871              -0.2812              -0.0034               0.0112              -0.0335               0.0392              -0.0226
[Row  17]              -0.0966               0.2389              -0.1595              -0.4871              -0.2812              -0.0034               0.0112              -0.0335              -0.0392              -0.0226
                  [Col 11]              [Col 12]              [Col 13]              [Col 14]              [Col 15]              [Col 16]              [Col 17]
[Row   1]               0.0206               0.0889               0.0000              -0.0000              -0.0966              -0.0966              -0.0966
[Row   2]              -0.1841              -0.2898              -0.0000              -0.0000               0.2389               0.2389               0.2389
[Row   3]              -0.0082              -0.6805              -0.0000              -0.0000              -0.1595              -0.1595              -0.1595
[Row   4]              -0.0000               0.0000              -0.0344              -0.0000               0.0000               0.4871              -0.4871
[Row   5]              -0.0000               0.0000              -0.0000              -0.0344               0.5625              -0.2812              -0.2812
[Row   6]               0.1438               0.0229              -0.0000               0.0000              -0.0034              -0.0034              -0.0034
[Row   7]              -0.4995              -0.0648              -0.0000              -0.0000               0.0112               0.0112               0.0112
[Row   8]              -0.1032              -0.2066               0.0000               0.0000              -0.0335              -0.0335              -0.0335
[Row   9]               0.0000               0.0000              -0.4926               0.0000              -0.0000               0.0392              -0.0392
[Row  10]              -0.0000               0.0000               0.0000              -0.4926               0.0453              -0.0226              -0.0226
[Row  11]               2.1162               0.3304               0.0000               0.0000              -0.0438              -0.0438              -0.0438
[Row  12]               0.3304               1.0332              -0.0000              -0.0000               0.1259               0.1259               0.1259
[Row  13]               0.0000              -0.0000               2.1223               0.0000               0.0000              -0.1589               0.1589
[Row  14]               0.0000              -0.0000               0.0000               2.1223              -0.1835               0.0918               0.0918
[Row  15]              -0.0438               0.1259               0.0000              -0.1835               0.5767              -0.1211              -0.1211
[Row  16]              -0.0438               0.1259              -0.1589               0.0918              -0.1211               0.5767              -0.1211
[Row  17]              -0.0438               0.1259               0.1589               0.0918              -0.1211              -0.1211               0.5767
====== P^(AO) = SPS =====

                  [Col  1]              [Col  2]              [Col  3]              [Col  4]              [Col  5]              [Col  6]              [Col  7]              [Col  8]              [Col  9]              [Col 10]
[Row   1]               1.9995               0.5048               0.0031               0.0000               0.0000              -0.0000               0.0001              -0.0005              -0.0000               0.0000
[Row   2]               0.5048               1.8630              -0.0802              -0.0000              -0.0000               0.0057               0.0405              -0.0142              -0.0000              -0.0000
[Row   3]               0.0031              -0.0802               1.3286               0.0000               0.0000               0.0106               0.0671              -0.0078               0.0000               0.0000
[Row   4]               0.0000              -0.0000               0.0000               1.6416               0.0000               0.0000               0.0000              -0.0000               0.0060              -0.0000
[Row   5]               0.0000              -0.0000               0.0000               0.0000               1.6416              -0.0000               0.0000               0.0000              -0.0000               0.0060
[Row   6]              -0.0000               0.0057               0.0106               0.0000              -0.0000               2.0000               0.6876              -0.0000               0.0000              -0.0000
[Row   7]               0.0001               0.0405               0.0671               0.0000               0.0000               0.6876               1.9999               0.0004              -0.0000               0.0000
[Row   8]              -0.0005              -0.0142              -0.0078              -0.0000               0.0000              -0.0000               0.0004               1.9986               0.0000              -0.0000
[Row   9]              -0.0000              -0.0000               0.0000               0.0060              -0.0000               0.0000              -0.0000               0.0000               2.0000               0.0000
[Row  10]               0.0000              -0.0000               0.0000              -0.0000               0.0060              -0.0000               0.0000              -0.0000               0.0000               2.0000
[Row  11]               0.0331               0.4757               0.6056              -0.0000              -0.0000               0.0265               0.4378              -0.0027               0.0000              -0.0000
[Row  12]              -0.0516              -0.7106              -1.0533               0.0000              -0.0000               0.0005              -0.0070               0.4877              -0.0000               0.0000
[Row  13]              -0.0000              -0.0000              -0.0000               0.2680              -0.0000              -0.0000              -0.0000              -0.0000               0.4654               0.0000
[Row  14]              -0.0000               0.0000              -0.0000              -0.0000               0.2680               0.0000              -0.0000               0.0000               0.0000               0.4654
[Row  15]               0.1178               1.1009              -0.3871               0.0000               1.1827               0.0012               0.0099              -0.0065              -0.0000               0.0042
[Row  16]               0.1178               1.1009              -0.3871               1.0243              -0.5914               0.0012               0.0099              -0.0065               0.0036              -0.0021
[Row  17]               0.1178               1.1009              -0.3871              -1.0243              -0.5914               0.0012               0.0099              -0.0065              -0.0036              -0.0021
                  [Col 11]              [Col 12]              [Col 13]              [Col 14]              [Col 15]              [Col 16]              [Col 17]
[Row   1]               0.0331              -0.0516              -0.0000              -0.0000               0.1178               0.1178               0.1178
[Row   2]               0.4757              -0.7106              -0.0000               0.0000               1.1009               1.1009               1.1009
[Row   3]               0.6056              -1.0533              -0.0000              -0.0000              -0.3871              -0.3871              -0.3871
[Row   4]              -0.0000               0.0000               0.2680              -0.0000               0.0000               1.0243              -1.0243
[Row   5]              -0.0000              -0.0000              -0.0000               0.2680               1.1827              -0.5914              -0.5914
[Row   6]               0.0265               0.0005              -0.0000               0.0000               0.0012               0.0012               0.0012
[Row   7]               0.4378              -0.0070              -0.0000              -0.0000               0.0099               0.0099               0.0099
[Row   8]              -0.0027               0.4877              -0.0000               0.0000              -0.0065              -0.0065              -0.0065
[Row   9]               0.0000              -0.0000               0.4654               0.0000              -0.0000               0.0036              -0.0036
[Row  10]              -0.0000               0.0000               0.0000               0.4654               0.0042              -0.0021              -0.0021
[Row  11]               1.9949               0.0426               0.0000               0.0000               0.1449               0.1449               0.1449
[Row  12]               0.0426               1.6461              -0.0000              -0.0000              -0.1503              -0.1503              -0.1503
[Row  13]               0.0000              -0.0000               1.9971               0.0000              -0.0000               0.0520              -0.0520
[Row  14]               0.0000              -0.0000               0.0000               1.9971               0.0601              -0.0300              -0.0300
[Row  15]               0.1449              -0.1503              -0.0000               0.0601               1.6157               0.3232               0.3232
[Row  16]               0.1449              -0.1503               0.0520              -0.0300               0.3232               1.6157               0.3232
[Row  17]               0.1449              -0.1503              -0.0520              -0.0300               0.3232               0.3232               1.6157
====== S^(AO) = S =====

                  [Col  1]              [Col  2]              [Col  3]              [Col  4]              [Col  5]              [Col  6]              [Col  7]              [Col  8]              [Col  9]              [Col 10]
[Row   1]               1.0000               0.2484               0.0000               0.0000               0.0000               0.0000               0.0000              -0.0000               0.0000               0.0000
[Row   2]               0.2484               1.0000               0.0000               0.0000               0.0000               0.0028               0.0216              -0.0116               0.0000               0.0000
[Row   3]               0.0000               0.0000               1.0000               0.0000               0.0000               0.0050               0.0380              -0.0181               0.0000               0.0000
[Row   4]               0.0000               0.0000               0.0000               1.0000               0.0000               0.0000               0.0000               0.0000               0.0042               0.0000
[Row   5]               0.0000               0.0000               0.0000               0.0000               1.0000               0.0000               0.0000               0.0000               0.0000               0.0042
[Row   6]               0.0000               0.0028               0.0050               0.0000               0.0000               1.0000               0.3438               0.0000               0.0000               0.0000
[Row   7]               0.0000               0.0216               0.0380               0.0000               0.0000               0.3438               1.0000               0.0000               0.0000               0.0000
[Row   8]              -0.0000              -0.0116              -0.0181               0.0000               0.0000               0.0000               0.0000               1.0000               0.0000               0.0000
[Row   9]               0.0000               0.0000               0.0000               0.0042               0.0000               0.0000               0.0000               0.0000               1.0000               0.0000
[Row  10]               0.0000               0.0000               0.0000               0.0000               0.0042               0.0000               0.0000               0.0000               0.0000               1.0000
[Row  11]               0.0170               0.2297               0.2757               0.0000               0.0000               0.0133               0.2185               0.0000               0.0000               0.0000
[Row  12]              -0.0294              -0.2861              -0.3033               0.0000               0.0000               0.0000              -0.0000               0.2326               0.0000               0.0000
[Row  13]               0.0000               0.0000               0.0000               0.1179               0.0000               0.0000               0.0000               0.0000               0.2326               0.0000
[Row  14]               0.0000               0.0000               0.0000               0.0000               0.1179               0.0000               0.0000               0.0000               0.0000               0.2326
[Row  15]               0.0625               0.4918              -0.1517               0.0000               0.4426               0.0006               0.0047              -0.0023               0.0000               0.0011
[Row  16]               0.0625               0.4918              -0.1517               0.3833              -0.2213               0.0006               0.0047              -0.0023               0.0010              -0.0006
[Row  17]               0.0625               0.4918              -0.1517              -0.3833              -0.2213               0.0006               0.0047              -0.0023              -0.0010              -0.0006
                  [Col 11]              [Col 12]              [Col 13]              [Col 14]              [Col 15]              [Col 16]              [Col 17]
[Row   1]               0.0170              -0.0294               0.0000               0.0000               0.0625               0.0625               0.0625
[Row   2]               0.2297              -0.2861               0.0000               0.0000               0.4918               0.4918               0.4918
[Row   3]               0.2757              -0.3033               0.0000               0.0000              -0.1517              -0.1517              -0.1517
[Row   4]               0.0000               0.0000               0.1179               0.0000               0.0000               0.3833              -0.3833
[Row   5]               0.0000               0.0000               0.0000               0.1179               0.4426              -0.2213              -0.2213
[Row   6]               0.0133               0.0000               0.0000               0.0000               0.0006               0.0006               0.0006
[Row   7]               0.2185              -0.0000               0.0000               0.0000               0.0047               0.0047               0.0047
[Row   8]               0.0000               0.2326               0.0000               0.0000              -0.0023              -0.0023              -0.0023
[Row   9]               0.0000               0.0000               0.2326               0.0000               0.0000               0.0010              -0.0010
[Row  10]               0.0000               0.0000               0.0000               0.2326               0.0011              -0.0006              -0.0006
[Row  11]               1.0000               0.0000               0.0000               0.0000               0.0740               0.0740               0.0740
[Row  12]               0.0000               1.0000               0.0000               0.0000              -0.0898              -0.0898              -0.0898
[Row  13]               0.0000               0.0000               1.0000               0.0000               0.0000               0.0376              -0.0376
[Row  14]               0.0000               0.0000               0.0000               1.0000               0.0434              -0.0217              -0.0217
[Row  15]               0.0740              -0.0898               0.0000               0.0434               1.0000               0.1685               0.1685
[Row  16]               0.0740              -0.0898               0.0376              -0.0217               0.1685               1.0000               0.1685
[Row  17]               0.0740              -0.0898              -0.0376              -0.0217               0.1685               0.1685               1.0000
====== P^(AO) std gaussian m_l ordering SPS =====

                  [Col  1]              [Col  2]              [Col  3]              [Col  4]              [Col  5]              [Col  6]              [Col  7]              [Col  8]              [Col  9]              [Col 10]
[Row   1]               1.9995               0.5048               0.0000               0.0000               0.0031              -0.0000               0.0001              -0.0000               0.0000              -0.0005
[Row   2]               0.5048               1.8630              -0.0000              -0.0000              -0.0802               0.0057               0.0405              -0.0000              -0.0000              -0.0142
[Row   3]               0.0000              -0.0000               1.6416               0.0000               0.0000               0.0000               0.0000               0.0060              -0.0000              -0.0000
[Row   4]               0.0000              -0.0000               0.0000               1.6416               0.0000              -0.0000               0.0000              -0.0000               0.0060               0.0000
[Row   5]               0.0031              -0.0802               0.0000               0.0000               1.3286               0.0106               0.0671               0.0000               0.0000              -0.0078
[Row   6]              -0.0000               0.0057               0.0000              -0.0000               0.0106               2.0000               0.6876               0.0000              -0.0000              -0.0000
[Row   7]               0.0001               0.0405               0.0000               0.0000               0.0671               0.6876               1.9999              -0.0000               0.0000               0.0004
[Row   8]              -0.0000              -0.0000               0.0060              -0.0000               0.0000               0.0000              -0.0000               2.0000               0.0000               0.0000
[Row   9]               0.0000              -0.0000              -0.0000               0.0060               0.0000              -0.0000               0.0000               0.0000               2.0000              -0.0000
[Row  10]              -0.0005              -0.0142              -0.0000               0.0000              -0.0078              -0.0000               0.0004               0.0000              -0.0000               1.9986
[Row  11]               0.0331               0.4757              -0.0000              -0.0000               0.6056               0.0265               0.4378               0.0000              -0.0000              -0.0027
[Row  12]              -0.0000              -0.0000               0.2680              -0.0000              -0.0000              -0.0000              -0.0000               0.4654               0.0000              -0.0000
[Row  13]              -0.0000               0.0000              -0.0000               0.2680              -0.0000               0.0000              -0.0000               0.0000               0.4654               0.0000
[Row  14]              -0.0516              -0.7106               0.0000              -0.0000              -1.0533               0.0005              -0.0070              -0.0000               0.0000               0.4877
[Row  15]               0.1178               1.1009               0.0000               1.1827              -0.3871               0.0012               0.0099              -0.0000               0.0042              -0.0065
[Row  16]               0.1178               1.1009               1.0243              -0.5914              -0.3871               0.0012               0.0099               0.0036              -0.0021              -0.0065
[Row  17]               0.1178               1.1009              -1.0243              -0.5914              -0.3871               0.0012               0.0099              -0.0036              -0.0021              -0.0065
                  [Col 11]              [Col 12]              [Col 13]              [Col 14]              [Col 15]              [Col 16]              [Col 17]
[Row   1]               0.0331              -0.0000              -0.0000              -0.0516               0.1178               0.1178               0.1178
[Row   2]               0.4757              -0.0000               0.0000              -0.7106               1.1009               1.1009               1.1009
[Row   3]              -0.0000               0.2680              -0.0000               0.0000               0.0000               1.0243              -1.0243
[Row   4]              -0.0000              -0.0000               0.2680              -0.0000               1.1827              -0.5914              -0.5914
[Row   5]               0.6056              -0.0000              -0.0000              -1.0533              -0.3871              -0.3871              -0.3871
[Row   6]               0.0265              -0.0000               0.0000               0.0005               0.0012               0.0012               0.0012
[Row   7]               0.4378              -0.0000              -0.0000              -0.0070               0.0099               0.0099               0.0099
[Row   8]               0.0000               0.4654               0.0000              -0.0000              -0.0000               0.0036              -0.0036
[Row   9]              -0.0000               0.0000               0.4654               0.0000               0.0042              -0.0021              -0.0021
[Row  10]              -0.0027              -0.0000               0.0000               0.4877              -0.0065              -0.0065              -0.0065
[Row  11]               1.9949               0.0000               0.0000               0.0426               0.1449               0.1449               0.1449
[Row  12]               0.0000               1.9971               0.0000              -0.0000              -0.0000               0.0520              -0.0520
[Row  13]               0.0000               0.0000               1.9971              -0.0000               0.0601              -0.0300              -0.0300
[Row  14]               0.0426              -0.0000              -0.0000               1.6461              -0.1503              -0.1503              -0.1503
[Row  15]               0.1449              -0.0000               0.0601              -0.1503               1.6157               0.3232               0.3232
[Row  16]               0.1449               0.0520              -0.0300              -0.1503               0.3232               1.6157               0.3232
[Row  17]               0.1449              -0.0520              -0.0300              -0.1503               0.3232               0.3232               1.6157
====== S^(AO) std gaussian m_l ordering =====

                  [Col  1]              [Col  2]              [Col  3]              [Col  4]              [Col  5]              [Col  6]              [Col  7]              [Col  8]              [Col  9]              [Col 10]
[Row   1]               1.0000               0.2484               0.0000               0.0000               0.0000               0.0000               0.0000               0.0000               0.0000              -0.0000
[Row   2]               0.2484               1.0000               0.0000               0.0000               0.0000               0.0028               0.0216               0.0000               0.0000              -0.0116
[Row   3]               0.0000               0.0000               1.0000               0.0000               0.0000               0.0000               0.0000               0.0042               0.0000               0.0000
[Row   4]               0.0000               0.0000               0.0000               1.0000               0.0000               0.0000               0.0000               0.0000               0.0042               0.0000
[Row   5]               0.0000               0.0000               0.0000               0.0000               1.0000               0.0050               0.0380               0.0000               0.0000              -0.0181
[Row   6]               0.0000               0.0028               0.0000               0.0000               0.0050               1.0000               0.3438               0.0000               0.0000               0.0000
[Row   7]               0.0000               0.0216               0.0000               0.0000               0.0380               0.3438               1.0000               0.0000               0.0000               0.0000
[Row   8]               0.0000               0.0000               0.0042               0.0000               0.0000               0.0000               0.0000               1.0000               0.0000               0.0000
[Row   9]               0.0000               0.0000               0.0000               0.0042               0.0000               0.0000               0.0000               0.0000               1.0000               0.0000
[Row  10]              -0.0000              -0.0116               0.0000               0.0000              -0.0181               0.0000               0.0000               0.0000               0.0000               1.0000
[Row  11]               0.0170               0.2297               0.0000               0.0000               0.2757               0.0133               0.2185               0.0000               0.0000               0.0000
[Row  12]               0.0000               0.0000               0.1179               0.0000               0.0000               0.0000               0.0000               0.2326               0.0000               0.0000
[Row  13]               0.0000               0.0000               0.0000               0.1179               0.0000               0.0000               0.0000               0.0000               0.2326               0.0000
[Row  14]              -0.0294              -0.2861               0.0000               0.0000              -0.3033               0.0000              -0.0000               0.0000               0.0000               0.2326
[Row  15]               0.0625               0.4918               0.0000               0.4426              -0.1517               0.0006               0.0047               0.0000               0.0011              -0.0023
[Row  16]               0.0625               0.4918               0.3833              -0.2213              -0.1517               0.0006               0.0047               0.0010              -0.0006              -0.0023
[Row  17]               0.0625               0.4918              -0.3833              -0.2213              -0.1517               0.0006               0.0047              -0.0010              -0.0006              -0.0023
                  [Col 11]              [Col 12]              [Col 13]              [Col 14]              [Col 15]              [Col 16]              [Col 17]
[Row   1]               0.0170               0.0000               0.0000              -0.0294               0.0625               0.0625               0.0625
[Row   2]               0.2297               0.0000               0.0000              -0.2861               0.4918               0.4918               0.4918
[Row   3]               0.0000               0.1179               0.0000               0.0000               0.0000               0.3833              -0.3833
[Row   4]               0.0000               0.0000               0.1179               0.0000               0.4426              -0.2213              -0.2213
[Row   5]               0.2757               0.0000               0.0000              -0.3033              -0.1517              -0.1517              -0.1517
[Row   6]               0.0133               0.0000               0.0000               0.0000               0.0006               0.0006               0.0006
[Row   7]               0.2185               0.0000               0.0000              -0.0000               0.0047               0.0047               0.0047
[Row   8]               0.0000               0.2326               0.0000               0.0000               0.0000               0.0010              -0.0010
[Row   9]               0.0000               0.0000               0.2326               0.0000               0.0011              -0.0006              -0.0006
[Row  10]               0.0000               0.0000               0.0000               0.2326              -0.0023              -0.0023              -0.0023
[Row  11]               1.0000               0.0000               0.0000               0.0000               0.0740               0.0740               0.0740
[Row  12]               0.0000               1.0000               0.0000               0.0000               0.0000               0.0376              -0.0376
[Row  13]               0.0000               0.0000               1.0000               0.0000               0.0434              -0.0217              -0.0217
[Row  14]               0.0000               0.0000               0.0000               1.0000              -0.0898              -0.0898              -0.0898
[Row  15]               0.0740               0.0000               0.0434              -0.0898               1.0000               0.1685               0.1685
[Row  16]               0.0740               0.0376              -0.0217              -0.0898               0.1685               1.0000               0.1685
[Row  17]               0.0740              -0.0376              -0.0217              -0.0898               0.1685               0.1685               1.0000
