molecule mol67.xyz
System:, atNum: 17 coords [             -1.0162              -1.8166               0.0000]
System:, atNum: 7 coords [              0.0000               1.8841               0.0000]
System:, atNum: 8 coords [              2.1593               2.2116               0.0000]
===== Original AO-S matrix =====

                  [Col  1]              [Col  2]              [Col  3]              [Col  4]              [Col  5]              [Col  6]              [Col  7]              [Col  8]              [Col  9]              [Col 10]
[Row   1]               1.0000               0.3438               0.0000               0.0000              -0.0000               0.0133               0.0000               0.0000               0.0000               0.0000
[Row   2]               0.3438               1.0000               0.0000              -0.0000              -0.0000               0.2185               0.0000               0.0000               0.0000               0.0000
[Row   3]               0.0000               0.0000               1.0000               0.0000               0.0000               0.0000               0.2326               0.0000               0.0000               0.0000
[Row   4]               0.0000              -0.0000               0.0000               1.0000               0.0000              -0.0000               0.0000               0.2326               0.0000               0.0000
[Row   5]              -0.0000              -0.0000               0.0000               0.0000               1.0000               0.0000               0.0000               0.0000               0.2326               0.0000
[Row   6]               0.0133               0.2185               0.0000              -0.0000               0.0000               1.0000               0.0000              -0.0000              -0.0000               0.0060
[Row   7]               0.0000               0.0000               0.2326               0.0000               0.0000               0.0000               1.0000               0.0000               0.0000               0.0000
[Row   8]               0.0000               0.0000               0.0000               0.2326               0.0000              -0.0000               0.0000               1.0000               0.0000               0.0030
[Row   9]               0.0000               0.0000               0.0000               0.0000               0.2326              -0.0000               0.0000               0.0000               1.0000               0.0109
[Row  10]               0.0000               0.0000               0.0000               0.0000               0.0000               0.0060               0.0000               0.0030               0.0109               1.0000
[Row  11]               0.0006               0.0054               0.0000               0.0011               0.0039               0.1180               0.0000               0.0451               0.1642               0.2350
[Row  12]               0.0000               0.0000               0.0011               0.0000               0.0000               0.0000               0.0521               0.0000               0.0000               0.0000
[Row  13]              -0.0004              -0.0031               0.0000               0.0005              -0.0022              -0.0398               0.0000               0.0345              -0.0641               0.0000
[Row  14]              -0.0013              -0.0111               0.0000              -0.0022              -0.0070              -0.1451               0.0000              -0.0641              -0.1814               0.0000
[Row  15]               0.0000               0.0000               0.0000               0.0000               0.0000               0.0003               0.0000               0.0005               0.0007               0.0000
[Row  16]               0.0000               0.0000               0.0000               0.0000               0.0000               0.0152               0.0000               0.0167               0.0211               0.0337
[Row  17]               0.0000               0.0000               0.0000               0.0000               0.0000               0.0000               0.0051               0.0000               0.0000               0.0000
[Row  18]              -0.0000              -0.0001               0.0000              -0.0001              -0.0001              -0.0142               0.0000              -0.0115              -0.0211              -0.0556
[Row  19]              -0.0000              -0.0001               0.0000              -0.0001              -0.0001              -0.0180               0.0000              -0.0211              -0.0217              -0.0084
                  [Col 11]              [Col 12]              [Col 13]              [Col 14]              [Col 15]              [Col 16]              [Col 17]              [Col 18]              [Col 19]
[Row   1]               0.0006               0.0000              -0.0004              -0.0013               0.0000               0.0000               0.0000              -0.0000              -0.0000
[Row   2]               0.0054               0.0000              -0.0031              -0.0111               0.0000               0.0000               0.0000              -0.0001              -0.0001
[Row   3]               0.0000               0.0011               0.0000               0.0000               0.0000               0.0000               0.0000               0.0000               0.0000
[Row   4]               0.0011               0.0000               0.0005              -0.0022               0.0000               0.0000               0.0000              -0.0001              -0.0001
[Row   5]               0.0039               0.0000              -0.0022              -0.0070               0.0000               0.0000               0.0000              -0.0001              -0.0001
[Row   6]               0.1180               0.0000              -0.0398              -0.1451               0.0003               0.0152               0.0000              -0.0142              -0.0180
[Row   7]               0.0000               0.0521               0.0000               0.0000               0.0000               0.0000               0.0051               0.0000               0.0000
[Row   8]               0.0451               0.0000               0.0345              -0.0641               0.0005               0.0167               0.0000              -0.0115              -0.0211
[Row   9]               0.1642               0.0000              -0.0641              -0.1814               0.0007               0.0211               0.0000              -0.0211              -0.0217
[Row  10]               0.2350               0.0000               0.0000               0.0000               0.0000               0.0337               0.0000              -0.0556              -0.0084
[Row  11]               1.0000               0.0000               0.0000               0.0000               0.0355               0.3588               0.0000              -0.3460              -0.0525
[Row  12]               0.0000               1.0000               0.0000               0.0000               0.0000               0.0000               0.2080               0.0000               0.0000
[Row  13]               0.0000               0.0000               1.0000               0.0000               0.0584               0.4097               0.0000              -0.3115              -0.0788
[Row  14]               0.0000               0.0000               0.0000               1.0000               0.0089               0.0621               0.0000              -0.0788               0.1961
[Row  15]               0.0355               0.0000               0.0584               0.0089               1.0000               0.2367               0.0000              -0.0000               0.0000
[Row  16]               0.3588               0.0000               0.4097               0.0621               0.2367               1.0000               0.0000               0.0000               0.0000
[Row  17]               0.0000               0.2080               0.0000               0.0000               0.0000               0.0000               1.0000               0.0000               0.0000
[Row  18]              -0.3460               0.0000              -0.3115              -0.0788              -0.0000               0.0000               0.0000               1.0000               0.0000
[Row  19]              -0.0525               0.0000              -0.0788               0.1961               0.0000               0.0000               0.0000               0.0000               1.0000
nbas 19
 ===== CA ===== 

                  [Col  1]              [Col  2]              [Col  3]              [Col  4]              [Col  5]              [Col  6]              [Col  7]              [Col  8]              [Col  9]              [Col 10]
[Row   1]               0.9945              -0.0000               0.0001               0.3772               0.0027               0.0000               0.0001               0.0023               0.0626               0.0559
[Row   2]               0.0157               0.0000              -0.0002              -1.0539              -0.0078              -0.0000              -0.0003              -0.0076              -0.2063              -0.1832
[Row   3]              -0.0000               0.0000              -0.0000               0.0000               0.0000               0.9901              -0.0000               0.0000               0.0000              -0.0000
[Row   4]               0.0000              -0.0000              -0.0001              -0.0023               0.3059               0.0000               0.9416              -0.0015              -0.0098              -0.0014
[Row   5]               0.0001               0.0000              -0.0004              -0.0061               0.9408              -0.0000              -0.3061              -0.0043              -0.0308               0.0100
[Row   6]              -0.0017              -0.0001               0.0018              -0.0418               0.0019              -0.0000              -0.0000               0.0199               0.7065               0.6558
[Row   7]               0.0000              -0.0000               0.0000              -0.0000               0.0000               0.0394              -0.0000              -0.0000              -0.0000               0.0000
[Row   8]              -0.0000              -0.0000               0.0008              -0.0007               0.0132               0.0000               0.0374               0.0028               0.0316               0.0067
[Row   9]              -0.0001              -0.0001               0.0022              -0.0021               0.0409              -0.0000              -0.0123               0.0099               0.0964              -0.0297
[Row  10]              -0.0000              -0.0005              -0.9944              -0.0008               0.0010              -0.0000              -0.0000              -0.1398              -0.1209               0.1411
[Row  11]               0.0002               0.0069              -0.0249               0.0042              -0.0061               0.0000               0.0000               0.3981               0.4882              -0.5755
[Row  12]              -0.0000               0.0000               0.0000               0.0000              -0.0000              -0.0015               0.0000               0.0000               0.0000              -0.0000
[Row  13]              -0.0000               0.0056              -0.0057              -0.0009               0.0012              -0.0000              -0.0017               0.1977              -0.1020               0.0130
[Row  14]              -0.0002               0.0008               0.0006              -0.0038               0.0054              -0.0000               0.0000               0.0138              -0.1244              -0.1010
[Row  15]               0.0000              -0.9944              -0.0004               0.0000               0.0000               0.0000               0.0000              -0.1958               0.1039              -0.1233
[Row  16]              -0.0000              -0.0251               0.0067              -0.0002               0.0003               0.0000               0.0003               0.6524              -0.4536               0.5729
[Row  17]               0.0000               0.0000              -0.0000               0.0000              -0.0000               0.0001              -0.0000               0.0000               0.0000              -0.0000
[Row  18]               0.0000               0.0057              -0.0034               0.0002              -0.0003              -0.0000              -0.0003              -0.2053              -0.1169               0.3357
[Row  19]               0.0000               0.0009              -0.0007               0.0001              -0.0001               0.0000               0.0003              -0.0340              -0.0742              -0.0229
                  [Col 11]              [Col 12]              [Col 13]              [Col 14]              [Col 15]              [Col 16]              [Col 17]              [Col 18]              [Col 19]
[Row   1]               0.0204               0.0196              -0.0000               0.0024               0.0000               0.0048               0.0000               0.0133               0.0002
[Row   2]              -0.0660              -0.0634               0.0000              -0.0078              -0.0000              -0.0153              -0.0000              -0.0415              -0.0003
[Row   3]              -0.0000               0.0000               0.0234              -0.0000               0.2744              -0.0000               0.0345              -0.0000               0.0000
[Row   4]               0.0235              -0.0014               0.0000               0.2718               0.0000              -0.0014              -0.0000              -0.0518               0.0128
[Row   5]               0.0370               0.0560              -0.0000              -0.0318              -0.0000               0.2084              -0.0000              -0.1780              -0.0052
[Row   6]               0.2543               0.2466              -0.0000               0.0308               0.0000               0.0654               0.0000               0.1953               0.0060
[Row   7]               0.0000              -0.0000              -0.0831               0.0000              -1.0169               0.0000              -0.1328               0.0000              -0.0000
[Row   8]              -0.0809               0.0067              -0.0000              -1.0069              -0.0000               0.0094               0.0000               0.2017              -0.0524
[Row   9]              -0.1223              -0.1890               0.0000               0.1206               0.0000              -0.7628               0.0000               0.6915               0.0227
[Row  10]              -0.0093               0.0885              -0.0000               0.0012               0.0000              -0.0505               0.0000               0.0492              -0.1099
[Row  11]               0.0425              -0.4450               0.0000              -0.0132              -0.0000               0.2541              -0.0000              -0.2569               0.7953
[Row  12]               0.0000              -0.0000              -0.5979               0.0000              -0.0044               0.0000               0.8311              -0.0000              -0.0000
[Row  13]              -0.1445               0.5789              -0.0000               0.0039               0.0000              -0.1954               0.0000              -0.0098               1.0706
[Row  14]               0.4643               0.0625              -0.0000               0.0500               0.0000               0.3838               0.0000               0.8353               0.1831
[Row  15]              -0.0081               0.0500              -0.0000              -0.0026              -0.0000               0.0045              -0.0000              -0.0046               0.1140
[Row  16]               0.0444              -0.2787               0.0000               0.0110               0.0000              -0.0197              -0.0000               0.0249              -0.8398
[Row  17]               0.0000              -0.0000              -0.6792              -0.0000               0.1472              -0.0000              -0.7499               0.0000               0.0000
[Row  18]              -0.0686              -0.5543               0.0000              -0.0314              -0.0000               0.1404              -0.0000              -0.0121               0.9881
[Row  19]               0.7309              -0.0392               0.0000              -0.1653              -0.0000              -0.5139               0.0000              -0.4462               0.1495
 ===== CB ===== 

                  [Col  1]              [Col  2]              [Col  3]              [Col  4]              [Col  5]              [Col  6]              [Col  7]              [Col  8]              [Col  9]              [Col 10]
[Row   1]               0.9945              -0.0000               0.0001               0.3772               0.0027               0.0000               0.0001               0.0023               0.0626               0.0559
[Row   2]               0.0157               0.0000              -0.0002              -1.0539              -0.0078              -0.0000              -0.0003              -0.0076              -0.2063              -0.1832
[Row   3]              -0.0000               0.0000              -0.0000               0.0000               0.0000               0.9901              -0.0000               0.0000               0.0000              -0.0000
[Row   4]               0.0000              -0.0000              -0.0001              -0.0023               0.3059               0.0000               0.9416              -0.0015              -0.0098              -0.0014
[Row   5]               0.0001               0.0000              -0.0004              -0.0061               0.9408              -0.0000              -0.3061              -0.0043              -0.0308               0.0100
[Row   6]              -0.0017              -0.0001               0.0018              -0.0418               0.0019              -0.0000              -0.0000               0.0199               0.7065               0.6558
[Row   7]               0.0000              -0.0000               0.0000              -0.0000               0.0000               0.0394              -0.0000              -0.0000              -0.0000               0.0000
[Row   8]              -0.0000              -0.0000               0.0008              -0.0007               0.0132               0.0000               0.0374               0.0028               0.0316               0.0067
[Row   9]              -0.0001              -0.0001               0.0022              -0.0021               0.0409              -0.0000              -0.0123               0.0099               0.0964              -0.0297
[Row  10]              -0.0000              -0.0005              -0.9944              -0.0008               0.0010              -0.0000              -0.0000              -0.1398              -0.1209               0.1411
[Row  11]               0.0002               0.0069              -0.0249               0.0042              -0.0061               0.0000               0.0000               0.3981               0.4882              -0.5755
[Row  12]              -0.0000               0.0000               0.0000               0.0000              -0.0000              -0.0015               0.0000               0.0000               0.0000              -0.0000
[Row  13]              -0.0000               0.0056              -0.0057              -0.0009               0.0012              -0.0000              -0.0017               0.1977              -0.1020               0.0130
[Row  14]              -0.0002               0.0008               0.0006              -0.0038               0.0054              -0.0000               0.0000               0.0138              -0.1244              -0.1010
[Row  15]               0.0000              -0.9944              -0.0004               0.0000               0.0000               0.0000               0.0000              -0.1958               0.1039              -0.1233
[Row  16]              -0.0000              -0.0251               0.0067              -0.0002               0.0003               0.0000               0.0003               0.6524              -0.4536               0.5729
[Row  17]               0.0000               0.0000              -0.0000               0.0000              -0.0000               0.0001              -0.0000               0.0000               0.0000              -0.0000
[Row  18]               0.0000               0.0057              -0.0034               0.0002              -0.0003              -0.0000              -0.0003              -0.2053              -0.1169               0.3357
[Row  19]               0.0000               0.0009              -0.0007               0.0001              -0.0001               0.0000               0.0003              -0.0340              -0.0742              -0.0229
                  [Col 11]              [Col 12]              [Col 13]              [Col 14]              [Col 15]              [Col 16]              [Col 17]              [Col 18]              [Col 19]
[Row   1]               0.0204               0.0196              -0.0000               0.0024               0.0000               0.0048               0.0000               0.0133               0.0002
[Row   2]              -0.0660              -0.0634               0.0000              -0.0078              -0.0000              -0.0153              -0.0000              -0.0415              -0.0003
[Row   3]              -0.0000               0.0000               0.0234              -0.0000               0.2744              -0.0000               0.0345              -0.0000               0.0000
[Row   4]               0.0235              -0.0014               0.0000               0.2718               0.0000              -0.0014              -0.0000              -0.0518               0.0128
[Row   5]               0.0370               0.0560              -0.0000              -0.0318              -0.0000               0.2084              -0.0000              -0.1780              -0.0052
[Row   6]               0.2543               0.2466              -0.0000               0.0308               0.0000               0.0654               0.0000               0.1953               0.0060
[Row   7]               0.0000              -0.0000              -0.0831               0.0000              -1.0169               0.0000              -0.1328               0.0000              -0.0000
[Row   8]              -0.0809               0.0067              -0.0000              -1.0069              -0.0000               0.0094               0.0000               0.2017              -0.0524
[Row   9]              -0.1223              -0.1890               0.0000               0.1206               0.0000              -0.7628               0.0000               0.6915               0.0227
[Row  10]              -0.0093               0.0885              -0.0000               0.0012               0.0000              -0.0505               0.0000               0.0492              -0.1099
[Row  11]               0.0425              -0.4450               0.0000              -0.0132              -0.0000               0.2541              -0.0000              -0.2569               0.7953
[Row  12]               0.0000              -0.0000              -0.5979               0.0000              -0.0044               0.0000               0.8311              -0.0000              -0.0000
[Row  13]              -0.1445               0.5789              -0.0000               0.0039               0.0000              -0.1954               0.0000              -0.0098               1.0706
[Row  14]               0.4643               0.0625              -0.0000               0.0500               0.0000               0.3838               0.0000               0.8353               0.1831
[Row  15]              -0.0081               0.0500              -0.0000              -0.0026              -0.0000               0.0045              -0.0000              -0.0046               0.1140
[Row  16]               0.0444              -0.2787               0.0000               0.0110               0.0000              -0.0197              -0.0000               0.0249              -0.8398
[Row  17]               0.0000              -0.0000              -0.6792              -0.0000               0.1472              -0.0000              -0.7499               0.0000               0.0000
[Row  18]              -0.0686              -0.5543               0.0000              -0.0314              -0.0000               0.1404              -0.0000              -0.0121               0.9881
[Row  19]               0.7309              -0.0392               0.0000              -0.1653              -0.0000              -0.5139               0.0000              -0.4462               0.1495
 ===== P_psi ===== Dalpha+Dbeta 

                  [Col  1]              [Col  2]              [Col  3]              [Col  4]              [Col  5]              [Col  6]              [Col  7]              [Col  8]              [Col  9]              [Col 10]
[Row   1]               2.2784              -0.8154              -0.0000               0.0010               0.0034               0.1477               0.0000              -0.0035              -0.0118               0.0018
[Row   2]              -0.8154               2.3916               0.0000              -0.0031              -0.0105              -0.5114               0.0000               0.0109               0.0364              -0.0060
[Row   3]              -0.0000               0.0000               2.1123              -0.0000               0.0000              -0.0000              -0.4839               0.0000              -0.0000               0.0000
[Row   4]               0.0010              -0.0031              -0.0000               2.1095              -0.0166               0.0134               0.0000              -0.4734               0.0625               0.0034
[Row   5]               0.0034              -0.0105               0.0000              -0.0166               2.0576               0.0453              -0.0000               0.0627              -0.2779               0.0022
[Row   6]               0.1477              -0.5114              -0.0000               0.0134               0.0453               2.1241              -0.0000              -0.0450              -0.1498               0.0374
[Row   7]               0.0000               0.0000              -0.4839               0.0000              -0.0000              -0.0000               2.0852              -0.0000               0.0000              -0.0000
[Row   8]              -0.0035               0.0109               0.0000              -0.4734               0.0627              -0.0450              -0.0000               2.0461              -0.2341              -0.0087
[Row   9]              -0.0118               0.0364              -0.0000               0.0625              -0.2779              -0.1498               0.0000              -0.2341               1.3183               0.0075
[Row  10]               0.0018              -0.0060               0.0000               0.0034               0.0022               0.0374              -0.0000              -0.0087               0.0075               2.1067
[Row  11]              -0.0112               0.0379               0.0000              -0.0175               0.0036              -0.2151              -0.0000               0.0436              -0.0974              -0.4476
[Row  12]              -0.0000              -0.0000              -0.0334               0.0000               0.0000              -0.0000               0.1082              -0.0000              -0.0000              -0.0000
[Row  13]               0.0037              -0.0122               0.0000              -0.0069              -0.0194               0.0676              -0.0000               0.0144               0.0993               0.1093
[Row  14]              -0.0047               0.0143              -0.0000               0.0539               0.2139               0.0129               0.0000              -0.1767              -0.7279              -0.0397
[Row  15]              -0.0000              -0.0001               0.0000              -0.0030              -0.0002              -0.0016               0.0000               0.0112              -0.0008               0.0050
[Row  16]               0.0008              -0.0024              -0.0000               0.0150              -0.0027               0.0196              -0.0000              -0.0508               0.0186               0.0274
[Row  17]               0.0000              -0.0000               0.0492              -0.0000              -0.0000               0.0000              -0.1866               0.0000               0.0000              -0.0000
[Row  18]              -0.0012               0.0035               0.0000              -0.0180               0.0087              -0.0251              -0.0000               0.0654              -0.0420               0.0761
[Row  19]               0.0106              -0.0339              -0.0000              -0.0519              -0.1500               0.1389               0.0000               0.1992               0.5665               0.0533
                  [Col 11]              [Col 12]              [Col 13]              [Col 14]              [Col 15]              [Col 16]              [Col 17]              [Col 18]              [Col 19]
[Row   1]              -0.0112              -0.0000               0.0037              -0.0047              -0.0000               0.0008               0.0000              -0.0012               0.0106
[Row   2]               0.0379              -0.0000              -0.0122               0.0143              -0.0001              -0.0024              -0.0000               0.0035              -0.0339
[Row   3]               0.0000              -0.0334               0.0000              -0.0000               0.0000              -0.0000               0.0492               0.0000              -0.0000
[Row   4]              -0.0175               0.0000              -0.0069               0.0539              -0.0030               0.0150              -0.0000              -0.0180              -0.0519
[Row   5]               0.0036               0.0000              -0.0194               0.2139              -0.0002              -0.0027              -0.0000               0.0087              -0.1500
[Row   6]              -0.2151              -0.0000               0.0676               0.0129              -0.0016               0.0196               0.0000              -0.0251               0.1389
[Row   7]              -0.0000               0.1082              -0.0000               0.0000               0.0000              -0.0000              -0.1866              -0.0000               0.0000
[Row   8]               0.0436              -0.0000               0.0144              -0.1767               0.0112              -0.0508               0.0000               0.0654               0.1992
[Row   9]              -0.0974              -0.0000               0.0993              -0.7279              -0.0008               0.0186               0.0000              -0.0420               0.5665
[Row  10]              -0.4476              -0.0000               0.1093              -0.0397               0.0050               0.0274              -0.0000               0.0761               0.0533
[Row  11]               1.9868               0.0000              -0.5838               0.1833               0.0310              -0.3422              -0.0000              -0.1041              -0.2328
[Row  12]               0.0000               0.7150              -0.0000               0.0000               0.0000              -0.0000               0.8109               0.0000              -0.0000
[Row  13]              -0.5838              -0.0000               0.8877              -0.1833              -0.0545               0.0373              -0.0000              -0.7254              -0.0559
[Row  14]               0.1833               0.0000              -0.1833               0.7904              -0.0061               0.0074              -0.0000              -0.0728               0.2850
[Row  15]               0.0310               0.0000              -0.0545              -0.0061               2.1117              -0.4700              -0.0000              -0.0910              -0.0178
[Row  16]              -0.3422              -0.0000               0.0373               0.0074              -0.4700               2.0807               0.0000               0.5192               0.1000
[Row  17]              -0.0000               0.8109              -0.0000              -0.0000              -0.0000               0.0000               0.9660              -0.0000               0.0000
[Row  18]              -0.1041               0.0000              -0.7254              -0.0728              -0.0910               0.5192              -0.0000               1.0024              -0.1748
[Row  19]              -0.2328              -0.0000              -0.0559               0.2850              -0.0178               0.1000               0.0000              -0.1748               1.6688
===== P_mu,nu local =====

                  [Col  1]              [Col  2]              [Col  3]              [Col  4]              [Col  5]              [Col  6]              [Col  7]              [Col  8]              [Col  9]              [Col 10]
[Row   1]               2.2784              -0.8154              -0.0000               0.0010               0.0034               0.1477               0.0000              -0.0035              -0.0118               0.0018
[Row   2]              -0.8154               2.3916               0.0000              -0.0031              -0.0105              -0.5114               0.0000               0.0109               0.0364              -0.0060
[Row   3]              -0.0000               0.0000               2.1123              -0.0000               0.0000              -0.0000              -0.4839               0.0000              -0.0000               0.0000
[Row   4]               0.0010              -0.0031              -0.0000               2.1095              -0.0166               0.0134               0.0000              -0.4734               0.0625               0.0034
[Row   5]               0.0034              -0.0105               0.0000              -0.0166               2.0576               0.0453              -0.0000               0.0627              -0.2779               0.0022
[Row   6]               0.1477              -0.5114              -0.0000               0.0134               0.0453               2.1241              -0.0000              -0.0450              -0.1498               0.0374
[Row   7]               0.0000               0.0000              -0.4839               0.0000              -0.0000              -0.0000               2.0852              -0.0000               0.0000              -0.0000
[Row   8]              -0.0035               0.0109               0.0000              -0.4734               0.0627              -0.0450              -0.0000               2.0461              -0.2341              -0.0087
[Row   9]              -0.0118               0.0364              -0.0000               0.0625              -0.2779              -0.1498               0.0000              -0.2341               1.3183               0.0075
[Row  10]               0.0018              -0.0060               0.0000               0.0034               0.0022               0.0374              -0.0000              -0.0087               0.0075               2.1067
[Row  11]              -0.0112               0.0379               0.0000              -0.0175               0.0036              -0.2151              -0.0000               0.0436              -0.0974              -0.4476
[Row  12]              -0.0000              -0.0000              -0.0334               0.0000               0.0000              -0.0000               0.1082              -0.0000              -0.0000              -0.0000
[Row  13]               0.0037              -0.0122               0.0000              -0.0069              -0.0194               0.0676              -0.0000               0.0144               0.0993               0.1093
[Row  14]              -0.0047               0.0143              -0.0000               0.0539               0.2139               0.0129               0.0000              -0.1767              -0.7279              -0.0397
[Row  15]              -0.0000              -0.0001               0.0000              -0.0030              -0.0002              -0.0016               0.0000               0.0112              -0.0008               0.0050
[Row  16]               0.0008              -0.0024              -0.0000               0.0150              -0.0027               0.0196              -0.0000              -0.0508               0.0186               0.0274
[Row  17]               0.0000              -0.0000               0.0492              -0.0000              -0.0000               0.0000              -0.1866               0.0000               0.0000              -0.0000
[Row  18]              -0.0012               0.0035               0.0000              -0.0180               0.0087              -0.0251              -0.0000               0.0654              -0.0420               0.0761
[Row  19]               0.0106              -0.0339              -0.0000              -0.0519              -0.1500               0.1389               0.0000               0.1992               0.5665               0.0533
                  [Col 11]              [Col 12]              [Col 13]              [Col 14]              [Col 15]              [Col 16]              [Col 17]              [Col 18]              [Col 19]
[Row   1]              -0.0112              -0.0000               0.0037              -0.0047              -0.0000               0.0008               0.0000              -0.0012               0.0106
[Row   2]               0.0379              -0.0000              -0.0122               0.0143              -0.0001              -0.0024              -0.0000               0.0035              -0.0339
[Row   3]               0.0000              -0.0334               0.0000              -0.0000               0.0000              -0.0000               0.0492               0.0000              -0.0000
[Row   4]              -0.0175               0.0000              -0.0069               0.0539              -0.0030               0.0150              -0.0000              -0.0180              -0.0519
[Row   5]               0.0036               0.0000              -0.0194               0.2139              -0.0002              -0.0027              -0.0000               0.0087              -0.1500
[Row   6]              -0.2151              -0.0000               0.0676               0.0129              -0.0016               0.0196               0.0000              -0.0251               0.1389
[Row   7]              -0.0000               0.1082              -0.0000               0.0000               0.0000              -0.0000              -0.1866              -0.0000               0.0000
[Row   8]               0.0436              -0.0000               0.0144              -0.1767               0.0112              -0.0508               0.0000               0.0654               0.1992
[Row   9]              -0.0974              -0.0000               0.0993              -0.7279              -0.0008               0.0186               0.0000              -0.0420               0.5665
[Row  10]              -0.4476              -0.0000               0.1093              -0.0397               0.0050               0.0274              -0.0000               0.0761               0.0533
[Row  11]               1.9868               0.0000              -0.5838               0.1833               0.0310              -0.3422              -0.0000              -0.1041              -0.2328
[Row  12]               0.0000               0.7150              -0.0000               0.0000               0.0000              -0.0000               0.8109               0.0000              -0.0000
[Row  13]              -0.5838              -0.0000               0.8877              -0.1833              -0.0545               0.0373              -0.0000              -0.7254              -0.0559
[Row  14]               0.1833               0.0000              -0.1833               0.7904              -0.0061               0.0074              -0.0000              -0.0728               0.2850
[Row  15]               0.0310               0.0000              -0.0545              -0.0061               2.1117              -0.4700              -0.0000              -0.0910              -0.0178
[Row  16]              -0.3422              -0.0000               0.0373               0.0074              -0.4700               2.0807               0.0000               0.5192               0.1000
[Row  17]              -0.0000               0.8109              -0.0000              -0.0000              -0.0000               0.0000               0.9660              -0.0000               0.0000
[Row  18]              -0.1041               0.0000              -0.7254              -0.0728              -0.0910               0.5192              -0.0000               1.0024              -0.1748
[Row  19]              -0.2328              -0.0000              -0.0559               0.2850              -0.0178               0.1000               0.0000              -0.1748               1.6688
===== P_mu,nu psi4 =====

                  [Col  1]              [Col  2]              [Col  3]              [Col  4]              [Col  5]              [Col  6]              [Col  7]              [Col  8]              [Col  9]              [Col 10]
[Row   1]               2.2784              -0.8154              -0.0000               0.0010               0.0034               0.1477               0.0000              -0.0035              -0.0118               0.0018
[Row   2]              -0.8154               2.3916               0.0000              -0.0031              -0.0105              -0.5114               0.0000               0.0109               0.0364              -0.0060
[Row   3]              -0.0000               0.0000               2.1123              -0.0000               0.0000              -0.0000              -0.4839               0.0000              -0.0000               0.0000
[Row   4]               0.0010              -0.0031              -0.0000               2.1095              -0.0166               0.0134               0.0000              -0.4734               0.0625               0.0034
[Row   5]               0.0034              -0.0105               0.0000              -0.0166               2.0576               0.0453              -0.0000               0.0627              -0.2779               0.0022
[Row   6]               0.1477              -0.5114              -0.0000               0.0134               0.0453               2.1241              -0.0000              -0.0450              -0.1498               0.0374
[Row   7]               0.0000               0.0000              -0.4839               0.0000              -0.0000              -0.0000               2.0852              -0.0000               0.0000              -0.0000
[Row   8]              -0.0035               0.0109               0.0000              -0.4734               0.0627              -0.0450              -0.0000               2.0461              -0.2341              -0.0087
[Row   9]              -0.0118               0.0364              -0.0000               0.0625              -0.2779              -0.1498               0.0000              -0.2341               1.3183               0.0075
[Row  10]               0.0018              -0.0060               0.0000               0.0034               0.0022               0.0374              -0.0000              -0.0087               0.0075               2.1067
[Row  11]              -0.0112               0.0379               0.0000              -0.0175               0.0036              -0.2151              -0.0000               0.0436              -0.0974              -0.4476
[Row  12]              -0.0000              -0.0000              -0.0334               0.0000               0.0000              -0.0000               0.1082              -0.0000              -0.0000              -0.0000
[Row  13]               0.0037              -0.0122               0.0000              -0.0069              -0.0194               0.0676              -0.0000               0.0144               0.0993               0.1093
[Row  14]              -0.0047               0.0143              -0.0000               0.0539               0.2139               0.0129               0.0000              -0.1767              -0.7279              -0.0397
[Row  15]              -0.0000              -0.0001               0.0000              -0.0030              -0.0002              -0.0016               0.0000               0.0112              -0.0008               0.0050
[Row  16]               0.0008              -0.0024              -0.0000               0.0150              -0.0027               0.0196              -0.0000              -0.0508               0.0186               0.0274
[Row  17]               0.0000              -0.0000               0.0492              -0.0000              -0.0000               0.0000              -0.1866               0.0000               0.0000              -0.0000
[Row  18]              -0.0012               0.0035               0.0000              -0.0180               0.0087              -0.0251              -0.0000               0.0654              -0.0420               0.0761
[Row  19]               0.0106              -0.0339              -0.0000              -0.0519              -0.1500               0.1389               0.0000               0.1992               0.5665               0.0533
                  [Col 11]              [Col 12]              [Col 13]              [Col 14]              [Col 15]              [Col 16]              [Col 17]              [Col 18]              [Col 19]
[Row   1]              -0.0112              -0.0000               0.0037              -0.0047              -0.0000               0.0008               0.0000              -0.0012               0.0106
[Row   2]               0.0379              -0.0000              -0.0122               0.0143              -0.0001              -0.0024              -0.0000               0.0035              -0.0339
[Row   3]               0.0000              -0.0334               0.0000              -0.0000               0.0000              -0.0000               0.0492               0.0000              -0.0000
[Row   4]              -0.0175               0.0000              -0.0069               0.0539              -0.0030               0.0150              -0.0000              -0.0180              -0.0519
[Row   5]               0.0036               0.0000              -0.0194               0.2139              -0.0002              -0.0027              -0.0000               0.0087              -0.1500
[Row   6]              -0.2151              -0.0000               0.0676               0.0129              -0.0016               0.0196               0.0000              -0.0251               0.1389
[Row   7]              -0.0000               0.1082              -0.0000               0.0000               0.0000              -0.0000              -0.1866              -0.0000               0.0000
[Row   8]               0.0436              -0.0000               0.0144              -0.1767               0.0112              -0.0508               0.0000               0.0654               0.1992
[Row   9]              -0.0974              -0.0000               0.0993              -0.7279              -0.0008               0.0186               0.0000              -0.0420               0.5665
[Row  10]              -0.4476              -0.0000               0.1093              -0.0397               0.0050               0.0274              -0.0000               0.0761               0.0533
[Row  11]               1.9868               0.0000              -0.5838               0.1833               0.0310              -0.3422              -0.0000              -0.1041              -0.2328
[Row  12]               0.0000               0.7150              -0.0000               0.0000               0.0000              -0.0000               0.8109               0.0000              -0.0000
[Row  13]              -0.5838              -0.0000               0.8877              -0.1833              -0.0545               0.0373              -0.0000              -0.7254              -0.0559
[Row  14]               0.1833               0.0000              -0.1833               0.7904              -0.0061               0.0074              -0.0000              -0.0728               0.2850
[Row  15]               0.0310               0.0000              -0.0545              -0.0061               2.1117              -0.4700              -0.0000              -0.0910              -0.0178
[Row  16]              -0.3422              -0.0000               0.0373               0.0074              -0.4700               2.0807               0.0000               0.5192               0.1000
[Row  17]              -0.0000               0.8109              -0.0000              -0.0000              -0.0000               0.0000               0.9660              -0.0000               0.0000
[Row  18]              -0.1041               0.0000              -0.7254              -0.0728              -0.0910               0.5192              -0.0000               1.0024              -0.1748
[Row  19]              -0.2328              -0.0000              -0.0559               0.2850              -0.0178               0.1000               0.0000              -0.1748               1.6688
====== P^(AO) = SPS =====

                  [Col  1]              [Col  2]              [Col  3]              [Col  4]              [Col  5]              [Col  6]              [Col  7]              [Col  8]              [Col  9]              [Col 10]
[Row   1]               2.0000               0.6876              -0.0000               0.0000               0.0000               0.0265               0.0000              -0.0001              -0.0003              -0.0000
[Row   2]               0.6876               2.0000               0.0000              -0.0001              -0.0002               0.4374               0.0000               0.0013               0.0046               0.0000
[Row   3]              -0.0000               0.0000               2.0000               0.0000              -0.0000              -0.0000               0.4659               0.0000              -0.0000              -0.0000
[Row   4]               0.0000              -0.0001               0.0000               1.9999              -0.0003               0.0006               0.0000               0.4671               0.0065               0.0001
[Row   5]               0.0000              -0.0002              -0.0000              -0.0003               1.9989               0.0021              -0.0000               0.0064               0.4876               0.0002
[Row   6]               0.0265               0.4374              -0.0000               0.0006               0.0021               1.9961              -0.0000              -0.0119              -0.0414               0.0117
[Row   7]               0.0000               0.0000               0.4659               0.0000              -0.0000              -0.0000               1.9854              -0.0000               0.0000              -0.0000
[Row   8]              -0.0001               0.0013               0.0000               0.4671               0.0064              -0.0119              -0.0000               1.9633              -0.1255               0.0048
[Row   9]              -0.0003               0.0046              -0.0000               0.0065               0.4876              -0.0414               0.0000              -0.1255               1.5618               0.0187
[Row  10]              -0.0000               0.0000              -0.0000               0.0001               0.0002               0.0117              -0.0000               0.0048               0.0187               1.9999
[Row  11]               0.0013               0.0102              -0.0000               0.0009               0.0049               0.2415              -0.0000               0.1117               0.3867               0.4723
[Row  12]              -0.0000              -0.0000              -0.0038               0.0000              -0.0000              -0.0000               0.2183              -0.0000              -0.0000              -0.0000
[Row  13]              -0.0007              -0.0061               0.0000              -0.0003              -0.0042              -0.0796              -0.0000               0.0846              -0.1289               0.0060
[Row  14]              -0.0031              -0.0165              -0.0000               0.0034               0.0141              -0.3420              -0.0000              -0.2827              -0.9119              -0.0028
[Row  15]               0.0000              -0.0000               0.0000              -0.0000              -0.0000               0.0007               0.0000               0.0014               0.0016               0.0001
[Row  16]               0.0000               0.0001              -0.0000               0.0003               0.0001               0.0303              -0.0000               0.0300               0.0415               0.0662
[Row  17]               0.0000              -0.0000               0.0052              -0.0000              -0.0000               0.0000              -0.0884               0.0000               0.0000              -0.0000
[Row  18]              -0.0000              -0.0002               0.0000              -0.0013              -0.0001              -0.0280               0.0000              -0.0081              -0.0398              -0.1057
[Row  19]               0.0002              -0.0030              -0.0000              -0.0044              -0.0140              -0.0103               0.0000               0.0381               0.2285              -0.0140
                  [Col 11]              [Col 12]              [Col 13]              [Col 14]              [Col 15]              [Col 16]              [Col 17]              [Col 18]              [Col 19]
[Row   1]               0.0013              -0.0000              -0.0007              -0.0031               0.0000               0.0000               0.0000              -0.0000               0.0002
[Row   2]               0.0102              -0.0000              -0.0061              -0.0165              -0.0000               0.0001              -0.0000              -0.0002              -0.0030
[Row   3]              -0.0000              -0.0038               0.0000              -0.0000               0.0000              -0.0000               0.0052               0.0000              -0.0000
[Row   4]               0.0009               0.0000              -0.0003               0.0034              -0.0000               0.0003              -0.0000              -0.0013              -0.0044
[Row   5]               0.0049              -0.0000              -0.0042               0.0141              -0.0000               0.0001              -0.0000              -0.0001              -0.0140
[Row   6]               0.2415              -0.0000              -0.0796              -0.3420               0.0007               0.0303               0.0000              -0.0280              -0.0103
[Row   7]              -0.0000               0.2183              -0.0000              -0.0000               0.0000              -0.0000              -0.0884               0.0000               0.0000
[Row   8]               0.1117              -0.0000               0.0846              -0.2827               0.0014               0.0300               0.0000              -0.0081               0.0381
[Row   9]               0.3867              -0.0000              -0.1289              -0.9119               0.0016               0.0415               0.0000              -0.0398               0.2285
[Row  10]               0.4723              -0.0000               0.0060              -0.0028               0.0001               0.0662              -0.0000              -0.1057              -0.0140
[Row  11]               1.9607               0.0000              -0.1029               0.0548               0.0690               0.7382               0.0000              -0.7855              -0.1575
[Row  12]               0.0000               1.1070              -0.0000               0.0000              -0.0000              -0.0000               1.1881               0.0000              -0.0000
[Row  13]              -0.1029              -0.0000               1.6635              -0.0605               0.1106               0.8862              -0.0000              -0.9275              -0.2107
[Row  14]               0.0548               0.0000              -0.0605               1.3013               0.0169               0.1352              -0.0000              -0.2085               0.7233
[Row  15]               0.0690              -0.0000               0.1106               0.0169               1.9999               0.4746               0.0000              -0.0056              -0.0011
[Row  16]               0.7382              -0.0000               0.8862               0.1352               0.4746               1.9867               0.0000               0.0605               0.0111
[Row  17]               0.0000               1.1881              -0.0000              -0.0000               0.0000               0.0000               1.3327              -0.0000               0.0000
[Row  18]              -0.7855               0.0000              -0.9275              -0.2085              -0.0056               0.0605              -0.0000               1.7244              -0.0499
[Row  19]              -0.1575              -0.0000              -0.2107               0.7233              -0.0011               0.0111               0.0000              -0.0499               1.8229
====== S^(AO) = S =====

                  [Col  1]              [Col  2]              [Col  3]              [Col  4]              [Col  5]              [Col  6]              [Col  7]              [Col  8]              [Col  9]              [Col 10]
[Row   1]               1.0000               0.3438               0.0000               0.0000              -0.0000               0.0133               0.0000               0.0000               0.0000               0.0000
[Row   2]               0.3438               1.0000               0.0000              -0.0000              -0.0000               0.2185               0.0000               0.0000               0.0000               0.0000
[Row   3]               0.0000               0.0000               1.0000               0.0000               0.0000               0.0000               0.2326               0.0000               0.0000               0.0000
[Row   4]               0.0000              -0.0000               0.0000               1.0000               0.0000              -0.0000               0.0000               0.2326               0.0000               0.0000
[Row   5]              -0.0000              -0.0000               0.0000               0.0000               1.0000               0.0000               0.0000               0.0000               0.2326               0.0000
[Row   6]               0.0133               0.2185               0.0000              -0.0000               0.0000               1.0000               0.0000              -0.0000              -0.0000               0.0060
[Row   7]               0.0000               0.0000               0.2326               0.0000               0.0000               0.0000               1.0000               0.0000               0.0000               0.0000
[Row   8]               0.0000               0.0000               0.0000               0.2326               0.0000              -0.0000               0.0000               1.0000               0.0000               0.0030
[Row   9]               0.0000               0.0000               0.0000               0.0000               0.2326              -0.0000               0.0000               0.0000               1.0000               0.0109
[Row  10]               0.0000               0.0000               0.0000               0.0000               0.0000               0.0060               0.0000               0.0030               0.0109               1.0000
[Row  11]               0.0006               0.0054               0.0000               0.0011               0.0039               0.1180               0.0000               0.0451               0.1642               0.2350
[Row  12]               0.0000               0.0000               0.0011               0.0000               0.0000               0.0000               0.0521               0.0000               0.0000               0.0000
[Row  13]              -0.0004              -0.0031               0.0000               0.0005              -0.0022              -0.0398               0.0000               0.0345              -0.0641               0.0000
[Row  14]              -0.0013              -0.0111               0.0000              -0.0022              -0.0070              -0.1451               0.0000              -0.0641              -0.1814               0.0000
[Row  15]               0.0000               0.0000               0.0000               0.0000               0.0000               0.0003               0.0000               0.0005               0.0007               0.0000
[Row  16]               0.0000               0.0000               0.0000               0.0000               0.0000               0.0152               0.0000               0.0167               0.0211               0.0337
[Row  17]               0.0000               0.0000               0.0000               0.0000               0.0000               0.0000               0.0051               0.0000               0.0000               0.0000
[Row  18]              -0.0000              -0.0001               0.0000              -0.0001              -0.0001              -0.0142               0.0000              -0.0115              -0.0211              -0.0556
[Row  19]              -0.0000              -0.0001               0.0000              -0.0001              -0.0001              -0.0180               0.0000              -0.0211              -0.0217              -0.0084
                  [Col 11]              [Col 12]              [Col 13]              [Col 14]              [Col 15]              [Col 16]              [Col 17]              [Col 18]              [Col 19]
[Row   1]               0.0006               0.0000              -0.0004              -0.0013               0.0000               0.0000               0.0000              -0.0000              -0.0000
[Row   2]               0.0054               0.0000              -0.0031              -0.0111               0.0000               0.0000               0.0000              -0.0001              -0.0001
[Row   3]               0.0000               0.0011               0.0000               0.0000               0.0000               0.0000               0.0000               0.0000               0.0000
[Row   4]               0.0011               0.0000               0.0005              -0.0022               0.0000               0.0000               0.0000              -0.0001              -0.0001
[Row   5]               0.0039               0.0000              -0.0022              -0.0070               0.0000               0.0000               0.0000              -0.0001              -0.0001
[Row   6]               0.1180               0.0000              -0.0398              -0.1451               0.0003               0.0152               0.0000              -0.0142              -0.0180
[Row   7]               0.0000               0.0521               0.0000               0.0000               0.0000               0.0000               0.0051               0.0000               0.0000
[Row   8]               0.0451               0.0000               0.0345              -0.0641               0.0005               0.0167               0.0000              -0.0115              -0.0211
[Row   9]               0.1642               0.0000              -0.0641              -0.1814               0.0007               0.0211               0.0000              -0.0211              -0.0217
[Row  10]               0.2350               0.0000               0.0000               0.0000               0.0000               0.0337               0.0000              -0.0556              -0.0084
[Row  11]               1.0000               0.0000               0.0000               0.0000               0.0355               0.3588               0.0000              -0.3460              -0.0525
[Row  12]               0.0000               1.0000               0.0000               0.0000               0.0000               0.0000               0.2080               0.0000               0.0000
[Row  13]               0.0000               0.0000               1.0000               0.0000               0.0584               0.4097               0.0000              -0.3115              -0.0788
[Row  14]               0.0000               0.0000               0.0000               1.0000               0.0089               0.0621               0.0000              -0.0788               0.1961
[Row  15]               0.0355               0.0000               0.0584               0.0089               1.0000               0.2367               0.0000              -0.0000               0.0000
[Row  16]               0.3588               0.0000               0.4097               0.0621               0.2367               1.0000               0.0000               0.0000               0.0000
[Row  17]               0.0000               0.2080               0.0000               0.0000               0.0000               0.0000               1.0000               0.0000               0.0000
[Row  18]              -0.3460               0.0000              -0.3115              -0.0788              -0.0000               0.0000               0.0000               1.0000               0.0000
[Row  19]              -0.0525               0.0000              -0.0788               0.1961               0.0000               0.0000               0.0000               0.0000               1.0000
====== P^(AO) std gaussian m_l ordering SPS =====

                  [Col  1]              [Col  2]              [Col  3]              [Col  4]              [Col  5]              [Col  6]              [Col  7]              [Col  8]              [Col  9]              [Col 10]
[Row   1]               2.0000               0.6876               0.0000               0.0000              -0.0000               0.0265              -0.0001              -0.0003               0.0000              -0.0000
[Row   2]               0.6876               2.0000              -0.0001              -0.0002               0.0000               0.4374               0.0013               0.0046               0.0000               0.0000
[Row   3]               0.0000              -0.0001               1.9999              -0.0003               0.0000               0.0006               0.4671               0.0065               0.0000               0.0001
[Row   4]               0.0000              -0.0002              -0.0003               1.9989              -0.0000               0.0021               0.0064               0.4876              -0.0000               0.0002
[Row   5]              -0.0000               0.0000               0.0000              -0.0000               2.0000              -0.0000               0.0000              -0.0000               0.4659              -0.0000
[Row   6]               0.0265               0.4374               0.0006               0.0021              -0.0000               1.9961              -0.0119              -0.0414              -0.0000               0.0117
[Row   7]              -0.0001               0.0013               0.4671               0.0064               0.0000              -0.0119               1.9633              -0.1255              -0.0000               0.0048
[Row   8]              -0.0003               0.0046               0.0065               0.4876              -0.0000              -0.0414              -0.1255               1.5618               0.0000               0.0187
[Row   9]               0.0000               0.0000               0.0000              -0.0000               0.4659              -0.0000              -0.0000               0.0000               1.9854              -0.0000
[Row  10]              -0.0000               0.0000               0.0001               0.0002              -0.0000               0.0117               0.0048               0.0187              -0.0000               1.9999
[Row  11]               0.0013               0.0102               0.0009               0.0049              -0.0000               0.2415               0.1117               0.3867              -0.0000               0.4723
[Row  12]              -0.0007              -0.0061              -0.0003              -0.0042               0.0000              -0.0796               0.0846              -0.1289              -0.0000               0.0060
[Row  13]              -0.0031              -0.0165               0.0034               0.0141              -0.0000              -0.3420              -0.2827              -0.9119              -0.0000              -0.0028
[Row  14]              -0.0000              -0.0000               0.0000              -0.0000              -0.0038              -0.0000              -0.0000              -0.0000               0.2183              -0.0000
[Row  15]               0.0000              -0.0000              -0.0000              -0.0000               0.0000               0.0007               0.0014               0.0016               0.0000               0.0001
[Row  16]               0.0000               0.0001               0.0003               0.0001              -0.0000               0.0303               0.0300               0.0415              -0.0000               0.0662
[Row  17]              -0.0000              -0.0002              -0.0013              -0.0001               0.0000              -0.0280              -0.0081              -0.0398               0.0000              -0.1057
[Row  18]               0.0002              -0.0030              -0.0044              -0.0140              -0.0000              -0.0103               0.0381               0.2285               0.0000              -0.0140
[Row  19]               0.0000              -0.0000              -0.0000              -0.0000               0.0052               0.0000               0.0000               0.0000              -0.0884              -0.0000
                  [Col 11]              [Col 12]              [Col 13]              [Col 14]              [Col 15]              [Col 16]              [Col 17]              [Col 18]              [Col 19]
[Row   1]               0.0013              -0.0007              -0.0031              -0.0000               0.0000               0.0000              -0.0000               0.0002               0.0000
[Row   2]               0.0102              -0.0061              -0.0165              -0.0000              -0.0000               0.0001              -0.0002              -0.0030              -0.0000
[Row   3]               0.0009              -0.0003               0.0034               0.0000              -0.0000               0.0003              -0.0013              -0.0044              -0.0000
[Row   4]               0.0049              -0.0042               0.0141              -0.0000              -0.0000               0.0001              -0.0001              -0.0140              -0.0000
[Row   5]              -0.0000               0.0000              -0.0000              -0.0038               0.0000              -0.0000               0.0000              -0.0000               0.0052
[Row   6]               0.2415              -0.0796              -0.3420              -0.0000               0.0007               0.0303              -0.0280              -0.0103               0.0000
[Row   7]               0.1117               0.0846              -0.2827              -0.0000               0.0014               0.0300              -0.0081               0.0381               0.0000
[Row   8]               0.3867              -0.1289              -0.9119              -0.0000               0.0016               0.0415              -0.0398               0.2285               0.0000
[Row   9]              -0.0000              -0.0000              -0.0000               0.2183               0.0000              -0.0000               0.0000               0.0000              -0.0884
[Row  10]               0.4723               0.0060              -0.0028              -0.0000               0.0001               0.0662              -0.1057              -0.0140              -0.0000
[Row  11]               1.9607              -0.1029               0.0548               0.0000               0.0690               0.7382              -0.7855              -0.1575               0.0000
[Row  12]              -0.1029               1.6635              -0.0605              -0.0000               0.1106               0.8862              -0.9275              -0.2107              -0.0000
[Row  13]               0.0548              -0.0605               1.3013               0.0000               0.0169               0.1352              -0.2085               0.7233              -0.0000
[Row  14]               0.0000              -0.0000               0.0000               1.1070              -0.0000              -0.0000               0.0000              -0.0000               1.1881
[Row  15]               0.0690               0.1106               0.0169              -0.0000               1.9999               0.4746              -0.0056              -0.0011               0.0000
[Row  16]               0.7382               0.8862               0.1352              -0.0000               0.4746               1.9867               0.0605               0.0111               0.0000
[Row  17]              -0.7855              -0.9275              -0.2085               0.0000              -0.0056               0.0605               1.7244              -0.0499              -0.0000
[Row  18]              -0.1575              -0.2107               0.7233              -0.0000              -0.0011               0.0111              -0.0499               1.8229               0.0000
[Row  19]               0.0000              -0.0000              -0.0000               1.1881               0.0000               0.0000              -0.0000               0.0000               1.3327
====== S^(AO) std gaussian m_l ordering =====

                  [Col  1]              [Col  2]              [Col  3]              [Col  4]              [Col  5]              [Col  6]              [Col  7]              [Col  8]              [Col  9]              [Col 10]
[Row   1]               1.0000               0.3438               0.0000              -0.0000               0.0000               0.0133               0.0000               0.0000               0.0000               0.0000
[Row   2]               0.3438               1.0000              -0.0000              -0.0000               0.0000               0.2185               0.0000               0.0000               0.0000               0.0000
[Row   3]               0.0000              -0.0000               1.0000               0.0000               0.0000              -0.0000               0.2326               0.0000               0.0000               0.0000
[Row   4]              -0.0000              -0.0000               0.0000               1.0000               0.0000               0.0000               0.0000               0.2326               0.0000               0.0000
[Row   5]               0.0000               0.0000               0.0000               0.0000               1.0000               0.0000               0.0000               0.0000               0.2326               0.0000
[Row   6]               0.0133               0.2185              -0.0000               0.0000               0.0000               1.0000              -0.0000              -0.0000               0.0000               0.0060
[Row   7]               0.0000               0.0000               0.2326               0.0000               0.0000              -0.0000               1.0000               0.0000               0.0000               0.0030
[Row   8]               0.0000               0.0000               0.0000               0.2326               0.0000              -0.0000               0.0000               1.0000               0.0000               0.0109
[Row   9]               0.0000               0.0000               0.0000               0.0000               0.2326               0.0000               0.0000               0.0000               1.0000               0.0000
[Row  10]               0.0000               0.0000               0.0000               0.0000               0.0000               0.0060               0.0030               0.0109               0.0000               1.0000
[Row  11]               0.0006               0.0054               0.0011               0.0039               0.0000               0.1180               0.0451               0.1642               0.0000               0.2350
[Row  12]              -0.0004              -0.0031               0.0005              -0.0022               0.0000              -0.0398               0.0345              -0.0641               0.0000               0.0000
[Row  13]              -0.0013              -0.0111              -0.0022              -0.0070               0.0000              -0.1451              -0.0641              -0.1814               0.0000               0.0000
[Row  14]               0.0000               0.0000               0.0000               0.0000               0.0011               0.0000               0.0000               0.0000               0.0521               0.0000
[Row  15]               0.0000               0.0000               0.0000               0.0000               0.0000               0.0003               0.0005               0.0007               0.0000               0.0000
[Row  16]               0.0000               0.0000               0.0000               0.0000               0.0000               0.0152               0.0167               0.0211               0.0000               0.0337
[Row  17]              -0.0000              -0.0001              -0.0001              -0.0001               0.0000              -0.0142              -0.0115              -0.0211               0.0000              -0.0556
[Row  18]              -0.0000              -0.0001              -0.0001              -0.0001               0.0000              -0.0180              -0.0211              -0.0217               0.0000              -0.0084
[Row  19]               0.0000               0.0000               0.0000               0.0000               0.0000               0.0000               0.0000               0.0000               0.0051               0.0000
                  [Col 11]              [Col 12]              [Col 13]              [Col 14]              [Col 15]              [Col 16]              [Col 17]              [Col 18]              [Col 19]
[Row   1]               0.0006              -0.0004              -0.0013               0.0000               0.0000               0.0000              -0.0000              -0.0000               0.0000
[Row   2]               0.0054              -0.0031              -0.0111               0.0000               0.0000               0.0000              -0.0001              -0.0001               0.0000
[Row   3]               0.0011               0.0005              -0.0022               0.0000               0.0000               0.0000              -0.0001              -0.0001               0.0000
[Row   4]               0.0039              -0.0022              -0.0070               0.0000               0.0000               0.0000              -0.0001              -0.0001               0.0000
[Row   5]               0.0000               0.0000               0.0000               0.0011               0.0000               0.0000               0.0000               0.0000               0.0000
[Row   6]               0.1180              -0.0398              -0.1451               0.0000               0.0003               0.0152              -0.0142              -0.0180               0.0000
[Row   7]               0.0451               0.0345              -0.0641               0.0000               0.0005               0.0167              -0.0115              -0.0211               0.0000
[Row   8]               0.1642              -0.0641              -0.1814               0.0000               0.0007               0.0211              -0.0211              -0.0217               0.0000
[Row   9]               0.0000               0.0000               0.0000               0.0521               0.0000               0.0000               0.0000               0.0000               0.0051
[Row  10]               0.2350               0.0000               0.0000               0.0000               0.0000               0.0337              -0.0556              -0.0084               0.0000
[Row  11]               1.0000               0.0000               0.0000               0.0000               0.0355               0.3588              -0.3460              -0.0525               0.0000
[Row  12]               0.0000               1.0000               0.0000               0.0000               0.0584               0.4097              -0.3115              -0.0788               0.0000
[Row  13]               0.0000               0.0000               1.0000               0.0000               0.0089               0.0621              -0.0788               0.1961               0.0000
[Row  14]               0.0000               0.0000               0.0000               1.0000               0.0000               0.0000               0.0000               0.0000               0.2080
[Row  15]               0.0355               0.0584               0.0089               0.0000               1.0000               0.2367              -0.0000               0.0000               0.0000
[Row  16]               0.3588               0.4097               0.0621               0.0000               0.2367               1.0000               0.0000               0.0000               0.0000
[Row  17]              -0.3460              -0.3115              -0.0788               0.0000              -0.0000               0.0000               1.0000               0.0000               0.0000
[Row  18]              -0.0525              -0.0788               0.1961               0.0000               0.0000               0.0000               0.0000               1.0000               0.0000
[Row  19]               0.0000               0.0000               0.0000               0.2080               0.0000               0.0000               0.0000               0.0000               1.0000
