molecule mol61.xyz
System:, atNum: 8 coords [              0.0000               0.0000              -3.2111]
System:, atNum: 6 coords [              0.0000               0.0000              -0.9836]
System:, atNum: 16 coords [              0.0000               0.0000               1.9744]
===== Original AO-S matrix =====

                  [Col  1]              [Col  2]              [Col  3]              [Col  4]              [Col  5]              [Col  6]              [Col  7]              [Col  8]              [Col  9]              [Col 10]
[Row   1]               1.0000               0.2367               0.0000               0.0000               0.0000               0.0000               0.0398              -0.0672               0.0000               0.0000
[Row   2]               0.2367               1.0000              -0.0000               0.0000               0.0000               0.0405               0.3824              -0.4586               0.0000               0.0000
[Row   3]               0.0000              -0.0000               1.0000               0.0000               0.0000               0.0675               0.3321              -0.3133               0.0000               0.0000
[Row   4]               0.0000               0.0000               0.0000               1.0000               0.0000               0.0000               0.0000               0.0000               0.2255               0.0000
[Row   5]               0.0000               0.0000               0.0000               0.0000               1.0000               0.0000               0.0000               0.0000               0.0000               0.2255
[Row   6]               0.0000               0.0405               0.0675               0.0000               0.0000               1.0000               0.2484              -0.0000               0.0000               0.0000
[Row   7]               0.0398               0.3824               0.3321               0.0000               0.0000               0.2484               1.0000               0.0000               0.0000               0.0000
[Row   8]              -0.0672              -0.4586              -0.3133               0.0000               0.0000              -0.0000               0.0000               1.0000               0.0000               0.0000
[Row   9]               0.0000               0.0000               0.0000               0.2255               0.0000               0.0000               0.0000               0.0000               1.0000               0.0000
[Row  10]               0.0000               0.0000               0.0000               0.0000               0.2255               0.0000               0.0000               0.0000               0.0000               1.0000
[Row  11]               0.0000               0.0000               0.0000               0.0000               0.0000               0.0000               0.0054               0.0091               0.0000               0.0000
[Row  12]               0.0000               0.0000               0.0001               0.0000               0.0000               0.0000               0.0425               0.0713               0.0000               0.0000
[Row  13]              -0.0000              -0.0001              -0.0002               0.0000               0.0000              -0.0000              -0.0226              -0.0356               0.0000               0.0000
[Row  14]               0.0000               0.0000               0.0000               0.0000               0.0000               0.0000               0.0000               0.0000               0.0097               0.0000
[Row  15]               0.0000               0.0000               0.0000               0.0000               0.0000               0.0000               0.0000               0.0000               0.0000               0.0097
[Row  16]               0.0004               0.0156               0.0231               0.0000               0.0000               0.0320               0.3257               0.3492               0.0000               0.0000
[Row  17]              -0.0010              -0.0277              -0.0387               0.0000               0.0000              -0.0536              -0.3824              -0.3468               0.0000               0.0000
[Row  18]               0.0000               0.0000               0.0000               0.0052               0.0000               0.0000               0.0000               0.0000               0.1844               0.0000
[Row  19]               0.0000               0.0000               0.0000               0.0000               0.0052               0.0000               0.0000               0.0000               0.0000               0.1844
                  [Col 11]              [Col 12]              [Col 13]              [Col 14]              [Col 15]              [Col 16]              [Col 17]              [Col 18]              [Col 19]
[Row   1]               0.0000               0.0000              -0.0000               0.0000               0.0000               0.0004              -0.0010               0.0000               0.0000
[Row   2]               0.0000               0.0000              -0.0001               0.0000               0.0000               0.0156              -0.0277               0.0000               0.0000
[Row   3]               0.0000               0.0001              -0.0002               0.0000               0.0000               0.0231              -0.0387               0.0000               0.0000
[Row   4]               0.0000               0.0000               0.0000               0.0000               0.0000               0.0000               0.0000               0.0052               0.0000
[Row   5]               0.0000               0.0000               0.0000               0.0000               0.0000               0.0000               0.0000               0.0000               0.0052
[Row   6]               0.0000               0.0000              -0.0000               0.0000               0.0000               0.0320              -0.0536               0.0000               0.0000
[Row   7]               0.0054               0.0425              -0.0226               0.0000               0.0000               0.3257              -0.3824               0.0000               0.0000
[Row   8]               0.0091               0.0713              -0.0356               0.0000               0.0000               0.3492              -0.3468               0.0000               0.0000
[Row   9]               0.0000               0.0000               0.0000               0.0097               0.0000               0.0000               0.0000               0.1844               0.0000
[Row  10]               0.0000               0.0000               0.0000               0.0000               0.0097               0.0000               0.0000               0.0000               0.1844
[Row  11]               1.0000               0.3355               0.0000               0.0000               0.0000               0.0143              -0.0000               0.0000               0.0000
[Row  12]               0.3355               1.0000               0.0000               0.0000               0.0000               0.2431              -0.0000               0.0000               0.0000
[Row  13]               0.0000               0.0000               1.0000               0.0000               0.0000              -0.0000               0.2574               0.0000               0.0000
[Row  14]               0.0000               0.0000               0.0000               1.0000               0.0000               0.0000               0.0000               0.2574               0.0000
[Row  15]               0.0000               0.0000               0.0000               0.0000               1.0000               0.0000               0.0000               0.0000               0.2574
[Row  16]               0.0143               0.2431              -0.0000               0.0000               0.0000               1.0000              -0.0000               0.0000               0.0000
[Row  17]              -0.0000              -0.0000               0.2574               0.0000               0.0000              -0.0000               1.0000               0.0000               0.0000
[Row  18]               0.0000               0.0000               0.0000               0.2574               0.0000               0.0000               0.0000               1.0000               0.0000
[Row  19]               0.0000               0.0000               0.0000               0.0000               0.2574               0.0000               0.0000               0.0000               1.0000
nbas 19
 ===== CA ===== 

                  [Col  1]              [Col  2]              [Col  3]              [Col  4]              [Col  5]              [Col  6]              [Col  7]              [Col  8]              [Col  9]              [Col 10]
[Row   1]              -0.0000               0.9942               0.0001               0.0000               0.0001              -0.0000              -0.0000               0.2193               0.0524               0.1230
[Row   2]               0.0001               0.0268               0.0049               0.0003               0.0005               0.0000               0.0000              -0.7589              -0.1930              -0.6192
[Row   3]               0.0000               0.0063               0.0006               0.0002               0.0003              -0.0000              -0.0000              -0.1869               0.0413               0.6105
[Row   4]              -0.0000               0.0000               0.0000               0.0000               0.0000              -0.0009              -0.0001               0.0000              -0.0000               0.0000
[Row   5]               0.0000              -0.0000               0.0000               0.0000              -0.0000               0.0001              -0.0009              -0.0000               0.0000               0.0000
[Row   6]              -0.0001               0.0004              -0.9931              -0.0008              -0.0007              -0.0000              -0.0000               0.1252              -0.1375              -0.1264
[Row   7]               0.0007              -0.0073              -0.0293               0.0121               0.0186               0.0000               0.0000              -0.2666               0.4162               0.4326
[Row   8]               0.0006               0.0074              -0.0001               0.0086               0.0125               0.0000               0.0000               0.1742               0.2956              -0.2086
[Row   9]               0.0000              -0.0000              -0.0000               0.0000              -0.0000               0.0054               0.0008               0.0000               0.0000               0.0000
[Row  10]              -0.0000              -0.0000              -0.0000              -0.0000               0.0000              -0.0008               0.0054               0.0000               0.0000               0.0000
[Row  11]               0.9942              -0.0000               0.0001               0.3674              -0.0068              -0.0000              -0.0000              -0.0043               0.0696              -0.0347
[Row  12]               0.0171              -0.0000               0.0000              -1.0471               0.0195               0.0000               0.0000               0.0139              -0.2423               0.1155
[Row  13]              -0.0002              -0.0001               0.0005               0.0147               0.9824               0.0000               0.0000              -0.0098               0.0747               0.0304
[Row  14]              -0.0000              -0.0000              -0.0000               0.0000               0.0000              -0.9746              -0.1460               0.0000              -0.0000              -0.0000
[Row  15]               0.0000               0.0000              -0.0000              -0.0000              -0.0000               0.1460              -0.9746              -0.0000              -0.0000              -0.0000
[Row  16]              -0.0025              -0.0007               0.0052              -0.0531              -0.0121              -0.0000              -0.0000              -0.0473               0.6132              -0.3836
[Row  17]               0.0005               0.0006              -0.0045               0.0100               0.0655               0.0000               0.0000               0.0309              -0.1468              -0.0890
[Row  18]              -0.0000              -0.0000              -0.0000               0.0000               0.0000              -0.0512              -0.0077              -0.0000               0.0000               0.0000
[Row  19]              -0.0000              -0.0000               0.0000               0.0000              -0.0000               0.0077              -0.0512               0.0000              -0.0000               0.0000
                  [Col 11]              [Col 12]              [Col 13]              [Col 14]              [Col 15]              [Col 16]              [Col 17]              [Col 18]              [Col 19]
[Row   1]              -0.0000              -0.0000               0.0232               0.0000               0.0000              -0.0000              -0.0000               0.0557               0.1117
[Row   2]               0.0000               0.0000              -0.1572              -0.0000              -0.0000               0.0000               0.0000              -0.3529              -0.9121
[Row   3]              -0.0000              -0.0000               0.3082               0.0000              -0.0000               0.0000               0.0000              -0.4784              -0.8748
[Row   4]               0.6786               0.0090               0.0000               0.0023               0.4808               0.6028               0.0046               0.0000              -0.0000
[Row   5]              -0.0090               0.6786               0.0000              -0.4808               0.0023              -0.0046               0.6028               0.0000              -0.0000
[Row   6]              -0.0000              -0.0000               0.0803               0.0000              -0.0000               0.0000               0.0000              -0.1878              -0.0487
[Row   7]               0.0000               0.0000              -0.3577              -0.0000               0.0000              -0.0000              -0.0000               1.1889               0.3765
[Row   8]               0.0000               0.0000              -0.4389              -0.0000               0.0000              -0.0000              -0.0000               0.2138              -1.4231
[Row   9]               0.5380               0.0071               0.0000              -0.0008              -0.1647              -0.8817              -0.0067              -0.0000               0.0000
[Row  10]              -0.0071               0.5380              -0.0000               0.1647              -0.0008               0.0067              -0.8817              -0.0000              -0.0000
[Row  11]              -0.0000              -0.0000               0.0553               0.0000              -0.0000               0.0000               0.0000              -0.0296               0.0180
[Row  12]               0.0000               0.0000              -0.1745              -0.0000               0.0000              -0.0000              -0.0000               0.0834              -0.0395
[Row  13]               0.0000               0.0000              -0.1696              -0.0000               0.0000               0.0000               0.0000              -0.2698               0.1333
[Row  14]              -0.0721              -0.0010              -0.0000               0.0013               0.2713              -0.1506              -0.0011              -0.0000               0.0000
[Row  15]               0.0010              -0.0721               0.0000              -0.2713               0.0013               0.0011              -0.1506              -0.0000               0.0000
[Row  16]              -0.0000              -0.0000               0.7447               0.0000              -0.0000               0.0000               0.0000              -0.5292               0.4673
[Row  17]              -0.0000              -0.0000               0.4477               0.0000               0.0000              -0.0000              -0.0000               1.0340              -0.6236
[Row  18]               0.2124               0.0028               0.0000              -0.0043              -0.8824               0.5343               0.0041               0.0000              -0.0000
[Row  19]              -0.0028               0.2124              -0.0000               0.8824              -0.0043              -0.0041               0.5343               0.0000               0.0000
 ===== CB ===== 

                  [Col  1]              [Col  2]              [Col  3]              [Col  4]              [Col  5]              [Col  6]              [Col  7]              [Col  8]              [Col  9]              [Col 10]
[Row   1]              -0.0000               0.9942               0.0001               0.0000               0.0001              -0.0000              -0.0000               0.2193               0.0524               0.1230
[Row   2]               0.0001               0.0268               0.0049               0.0003               0.0005               0.0000               0.0000              -0.7589              -0.1930              -0.6192
[Row   3]               0.0000               0.0063               0.0006               0.0002               0.0003              -0.0000              -0.0000              -0.1869               0.0413               0.6105
[Row   4]              -0.0000               0.0000               0.0000               0.0000               0.0000              -0.0009              -0.0001               0.0000              -0.0000               0.0000
[Row   5]               0.0000              -0.0000               0.0000               0.0000              -0.0000               0.0001              -0.0009              -0.0000               0.0000               0.0000
[Row   6]              -0.0001               0.0004              -0.9931              -0.0008              -0.0007              -0.0000              -0.0000               0.1252              -0.1375              -0.1264
[Row   7]               0.0007              -0.0073              -0.0293               0.0121               0.0186               0.0000               0.0000              -0.2666               0.4162               0.4326
[Row   8]               0.0006               0.0074              -0.0001               0.0086               0.0125               0.0000               0.0000               0.1742               0.2956              -0.2086
[Row   9]               0.0000              -0.0000              -0.0000               0.0000              -0.0000               0.0054               0.0008               0.0000               0.0000               0.0000
[Row  10]              -0.0000              -0.0000              -0.0000              -0.0000               0.0000              -0.0008               0.0054               0.0000               0.0000               0.0000
[Row  11]               0.9942              -0.0000               0.0001               0.3674              -0.0068              -0.0000              -0.0000              -0.0043               0.0696              -0.0347
[Row  12]               0.0171              -0.0000               0.0000              -1.0471               0.0195               0.0000               0.0000               0.0139              -0.2423               0.1155
[Row  13]              -0.0002              -0.0001               0.0005               0.0147               0.9824               0.0000               0.0000              -0.0098               0.0747               0.0304
[Row  14]              -0.0000              -0.0000              -0.0000               0.0000               0.0000              -0.9746              -0.1460               0.0000              -0.0000              -0.0000
[Row  15]               0.0000               0.0000              -0.0000              -0.0000              -0.0000               0.1460              -0.9746              -0.0000              -0.0000              -0.0000
[Row  16]              -0.0025              -0.0007               0.0052              -0.0531              -0.0121              -0.0000              -0.0000              -0.0473               0.6132              -0.3836
[Row  17]               0.0005               0.0006              -0.0045               0.0100               0.0655               0.0000               0.0000               0.0309              -0.1468              -0.0890
[Row  18]              -0.0000              -0.0000              -0.0000               0.0000               0.0000              -0.0512              -0.0077              -0.0000               0.0000               0.0000
[Row  19]              -0.0000              -0.0000               0.0000               0.0000              -0.0000               0.0077              -0.0512               0.0000              -0.0000               0.0000
                  [Col 11]              [Col 12]              [Col 13]              [Col 14]              [Col 15]              [Col 16]              [Col 17]              [Col 18]              [Col 19]
[Row   1]              -0.0000              -0.0000               0.0232               0.0000               0.0000              -0.0000              -0.0000               0.0557               0.1117
[Row   2]               0.0000               0.0000              -0.1572              -0.0000              -0.0000               0.0000               0.0000              -0.3529              -0.9121
[Row   3]              -0.0000              -0.0000               0.3082               0.0000              -0.0000               0.0000               0.0000              -0.4784              -0.8748
[Row   4]               0.6786               0.0090               0.0000               0.0023               0.4808               0.6028               0.0046               0.0000              -0.0000
[Row   5]              -0.0090               0.6786               0.0000              -0.4808               0.0023              -0.0046               0.6028               0.0000              -0.0000
[Row   6]              -0.0000              -0.0000               0.0803               0.0000              -0.0000               0.0000               0.0000              -0.1878              -0.0487
[Row   7]               0.0000               0.0000              -0.3577              -0.0000               0.0000              -0.0000              -0.0000               1.1889               0.3765
[Row   8]               0.0000               0.0000              -0.4389              -0.0000               0.0000              -0.0000              -0.0000               0.2138              -1.4231
[Row   9]               0.5380               0.0071               0.0000              -0.0008              -0.1647              -0.8817              -0.0067              -0.0000               0.0000
[Row  10]              -0.0071               0.5380              -0.0000               0.1647              -0.0008               0.0067              -0.8817              -0.0000              -0.0000
[Row  11]              -0.0000              -0.0000               0.0553               0.0000              -0.0000               0.0000               0.0000              -0.0296               0.0180
[Row  12]               0.0000               0.0000              -0.1745              -0.0000               0.0000              -0.0000              -0.0000               0.0834              -0.0395
[Row  13]               0.0000               0.0000              -0.1696              -0.0000               0.0000               0.0000               0.0000              -0.2698               0.1333
[Row  14]              -0.0721              -0.0010              -0.0000               0.0013               0.2713              -0.1506              -0.0011              -0.0000               0.0000
[Row  15]               0.0010              -0.0721               0.0000              -0.2713               0.0013               0.0011              -0.1506              -0.0000               0.0000
[Row  16]              -0.0000              -0.0000               0.7447               0.0000              -0.0000               0.0000               0.0000              -0.5292               0.4673
[Row  17]              -0.0000              -0.0000               0.4477               0.0000               0.0000              -0.0000              -0.0000               1.0340              -0.6236
[Row  18]               0.2124               0.0028               0.0000              -0.0043              -0.8824               0.5343               0.0041               0.0000              -0.0000
[Row  19]              -0.0028               0.2124              -0.0000               0.8824              -0.0043              -0.0041               0.5343               0.0000               0.0000
 ===== P_psi ===== Dalpha+Dbeta 

                  [Col  1]              [Col  2]              [Col  3]              [Col  4]              [Col  5]              [Col  6]              [Col  7]              [Col  8]              [Col  9]              [Col 10]
[Row   1]               2.1100              -0.4595               0.0994               0.0000              -0.0000               0.0137               0.0021               0.0504              -0.0000              -0.0000
[Row   2]              -0.4595               2.0440              -0.5849              -0.0000               0.0000              -0.0153              -0.1801               0.0181              -0.0000               0.0000
[Row   3]               0.0994              -0.5849               1.0087              -0.0000               0.0000              -0.1642               0.4417              -0.5658               0.0000               0.0000
[Row   4]               0.0000              -0.0000              -0.0000               1.3834              -0.0000              -0.0000               0.0000               0.0000               0.5719               0.0000
[Row   5]              -0.0000               0.0000               0.0000              -0.0000               1.3834              -0.0000              -0.0000              -0.0000               0.0000               0.5719
[Row   6]               0.0137              -0.0153              -0.1642              -0.0000              -0.0000               2.0864              -0.2898              -0.0553              -0.0000               0.0000
[Row   7]               0.0021              -0.1801               0.4417               0.0000              -0.0000              -0.2898               1.1217               0.2873               0.0000              -0.0000
[Row   8]               0.0504               0.0181              -0.5658               0.0000              -0.0000              -0.0553               0.2873               0.7083              -0.0000               0.0000
[Row   9]              -0.0000              -0.0000               0.0000               0.5719               0.0000              -0.0000               0.0000              -0.0000               0.6333               0.0000
[Row  10]              -0.0000               0.0000               0.0000               0.0000               0.5719               0.0000              -0.0000               0.0000               0.0000               0.6333
[Row  11]              -0.0005               0.0055              -0.0006              -0.0000               0.0000              -0.0035               0.0007               0.0129               0.0000              -0.0000
[Row  12]               0.0008              -0.0165               0.0078               0.0000              -0.0000               0.0146              -0.0091              -0.0509               0.0000               0.0000
[Row  13]               0.0031               0.0027              -0.0569              -0.0000               0.0000              -0.0603               0.2519               0.2017               0.0000               0.0000
[Row  14]              -0.0000              -0.0000               0.0000               0.1647              -0.0000               0.0000               0.0000               0.0000              -0.1777               0.0000
[Row  15]               0.0000              -0.0000              -0.0000              -0.0000               0.1647               0.0000              -0.0000              -0.0000               0.0000              -0.1777
[Row  16]              -0.0177               0.0760               0.0591              -0.0000               0.0000               0.0257              -0.3309              -0.1489              -0.0000              -0.0000
[Row  17]              -0.0017              -0.0206               0.1437               0.0000              -0.0000               0.1512              -0.5331              -0.4301              -0.0000              -0.0000
[Row  18]              -0.0000               0.0000               0.0000              -0.5603               0.0000               0.0000              -0.0000              -0.0000               0.5186              -0.0000
[Row  19]              -0.0000               0.0000               0.0000               0.0000              -0.5603              -0.0000              -0.0000              -0.0000              -0.0000               0.5186
                  [Col 11]              [Col 12]              [Col 13]              [Col 14]              [Col 15]              [Col 16]              [Col 17]              [Col 18]              [Col 19]
[Row   1]              -0.0005               0.0008               0.0031              -0.0000               0.0000              -0.0177              -0.0017              -0.0000              -0.0000
[Row   2]               0.0055              -0.0165               0.0027              -0.0000              -0.0000               0.0760              -0.0206               0.0000               0.0000
[Row   3]              -0.0006               0.0078              -0.0569               0.0000              -0.0000               0.0591               0.1437               0.0000               0.0000
[Row   4]              -0.0000               0.0000              -0.0000               0.1647              -0.0000              -0.0000               0.0000              -0.5603               0.0000
[Row   5]               0.0000              -0.0000               0.0000              -0.0000               0.1647               0.0000              -0.0000               0.0000              -0.5603
[Row   6]              -0.0035               0.0146              -0.0603               0.0000               0.0000               0.0257               0.1512               0.0000              -0.0000
[Row   7]               0.0007              -0.0091               0.2519               0.0000              -0.0000              -0.3309              -0.5331              -0.0000              -0.0000
[Row   8]               0.0129              -0.0509               0.2017               0.0000              -0.0000              -0.1489              -0.4301              -0.0000              -0.0000
[Row   9]               0.0000               0.0000               0.0000              -0.1777               0.0000              -0.0000              -0.0000               0.5186              -0.0000
[Row  10]              -0.0000               0.0000               0.0000               0.0000              -0.1777              -0.0000              -0.0000              -0.0000               0.5186
[Row  11]               2.2650              -0.7968              -0.0133              -0.0000              -0.0000               0.1509               0.0426              -0.0000              -0.0000
[Row  12]              -0.7968               2.3995               0.0372              -0.0000               0.0000              -0.5362              -0.1232              -0.0000              -0.0000
[Row  13]              -0.0133               0.0372               2.0014              -0.0000              -0.0000              -0.2086              -0.0509               0.0000               0.0000
[Row  14]              -0.0000              -0.0000              -0.0000               2.1000               0.0000              -0.0000               0.0000              -0.4073              -0.0000
[Row  15]              -0.0000               0.0000              -0.0000               0.0000               2.1000               0.0000              -0.0000              -0.0000              -0.4073
[Row  16]               0.1509              -0.5362              -0.2086              -0.0000               0.0000               2.1661               0.5494               0.0000               0.0000
[Row  17]               0.0426              -0.1232              -0.0509               0.0000              -0.0000               0.5494               0.4706              -0.0000              -0.0000
[Row  18]              -0.0000              -0.0000               0.0000              -0.4073              -0.0000               0.0000              -0.0000               1.6530               0.0000
[Row  19]              -0.0000              -0.0000               0.0000              -0.0000              -0.4073               0.0000              -0.0000               0.0000               1.6530
===== P_mu,nu local =====

                  [Col  1]              [Col  2]              [Col  3]              [Col  4]              [Col  5]              [Col  6]              [Col  7]              [Col  8]              [Col  9]              [Col 10]
[Row   1]               2.1100              -0.4595               0.0994               0.0000              -0.0000               0.0137               0.0021               0.0504              -0.0000              -0.0000
[Row   2]              -0.4595               2.0440              -0.5849              -0.0000               0.0000              -0.0153              -0.1801               0.0181              -0.0000               0.0000
[Row   3]               0.0994              -0.5849               1.0087              -0.0000               0.0000              -0.1642               0.4417              -0.5658               0.0000               0.0000
[Row   4]               0.0000              -0.0000              -0.0000               1.3834              -0.0000              -0.0000               0.0000               0.0000               0.5719               0.0000
[Row   5]              -0.0000               0.0000               0.0000              -0.0000               1.3834              -0.0000              -0.0000              -0.0000               0.0000               0.5719
[Row   6]               0.0137              -0.0153              -0.1642              -0.0000              -0.0000               2.0864              -0.2898              -0.0553              -0.0000               0.0000
[Row   7]               0.0021              -0.1801               0.4417               0.0000              -0.0000              -0.2898               1.1217               0.2873               0.0000              -0.0000
[Row   8]               0.0504               0.0181              -0.5658               0.0000              -0.0000              -0.0553               0.2873               0.7083              -0.0000               0.0000
[Row   9]              -0.0000              -0.0000               0.0000               0.5719               0.0000              -0.0000               0.0000              -0.0000               0.6333               0.0000
[Row  10]              -0.0000               0.0000               0.0000               0.0000               0.5719               0.0000              -0.0000               0.0000               0.0000               0.6333
[Row  11]              -0.0005               0.0055              -0.0006              -0.0000               0.0000              -0.0035               0.0007               0.0129               0.0000              -0.0000
[Row  12]               0.0008              -0.0165               0.0078               0.0000              -0.0000               0.0146              -0.0091              -0.0509               0.0000               0.0000
[Row  13]               0.0031               0.0027              -0.0569              -0.0000               0.0000              -0.0603               0.2519               0.2017               0.0000               0.0000
[Row  14]              -0.0000              -0.0000               0.0000               0.1647              -0.0000               0.0000               0.0000               0.0000              -0.1777               0.0000
[Row  15]               0.0000              -0.0000              -0.0000              -0.0000               0.1647               0.0000              -0.0000              -0.0000               0.0000              -0.1777
[Row  16]              -0.0177               0.0760               0.0591              -0.0000               0.0000               0.0257              -0.3309              -0.1489              -0.0000              -0.0000
[Row  17]              -0.0017              -0.0206               0.1437               0.0000              -0.0000               0.1512              -0.5331              -0.4301              -0.0000              -0.0000
[Row  18]              -0.0000               0.0000               0.0000              -0.5603               0.0000               0.0000              -0.0000              -0.0000               0.5186              -0.0000
[Row  19]              -0.0000               0.0000               0.0000               0.0000              -0.5603              -0.0000              -0.0000              -0.0000              -0.0000               0.5186
                  [Col 11]              [Col 12]              [Col 13]              [Col 14]              [Col 15]              [Col 16]              [Col 17]              [Col 18]              [Col 19]
[Row   1]              -0.0005               0.0008               0.0031              -0.0000               0.0000              -0.0177              -0.0017              -0.0000              -0.0000
[Row   2]               0.0055              -0.0165               0.0027              -0.0000              -0.0000               0.0760              -0.0206               0.0000               0.0000
[Row   3]              -0.0006               0.0078              -0.0569               0.0000              -0.0000               0.0591               0.1437               0.0000               0.0000
[Row   4]              -0.0000               0.0000              -0.0000               0.1647              -0.0000              -0.0000               0.0000              -0.5603               0.0000
[Row   5]               0.0000              -0.0000               0.0000              -0.0000               0.1647               0.0000              -0.0000               0.0000              -0.5603
[Row   6]              -0.0035               0.0146              -0.0603               0.0000               0.0000               0.0257               0.1512               0.0000              -0.0000
[Row   7]               0.0007              -0.0091               0.2519               0.0000              -0.0000              -0.3309              -0.5331              -0.0000              -0.0000
[Row   8]               0.0129              -0.0509               0.2017               0.0000              -0.0000              -0.1489              -0.4301              -0.0000              -0.0000
[Row   9]               0.0000               0.0000               0.0000              -0.1777               0.0000              -0.0000              -0.0000               0.5186              -0.0000
[Row  10]              -0.0000               0.0000               0.0000               0.0000              -0.1777              -0.0000              -0.0000              -0.0000               0.5186
[Row  11]               2.2650              -0.7968              -0.0133              -0.0000              -0.0000               0.1509               0.0426              -0.0000              -0.0000
[Row  12]              -0.7968               2.3995               0.0372              -0.0000               0.0000              -0.5362              -0.1232              -0.0000              -0.0000
[Row  13]              -0.0133               0.0372               2.0014              -0.0000              -0.0000              -0.2086              -0.0509               0.0000               0.0000
[Row  14]              -0.0000              -0.0000              -0.0000               2.1000               0.0000              -0.0000               0.0000              -0.4073              -0.0000
[Row  15]              -0.0000               0.0000              -0.0000               0.0000               2.1000               0.0000              -0.0000              -0.0000              -0.4073
[Row  16]               0.1509              -0.5362              -0.2086              -0.0000               0.0000               2.1661               0.5494               0.0000               0.0000
[Row  17]               0.0426              -0.1232              -0.0509               0.0000              -0.0000               0.5494               0.4706              -0.0000              -0.0000
[Row  18]              -0.0000              -0.0000               0.0000              -0.4073              -0.0000               0.0000              -0.0000               1.6530               0.0000
[Row  19]              -0.0000              -0.0000               0.0000              -0.0000              -0.4073               0.0000              -0.0000               0.0000               1.6530
===== P_mu,nu psi4 =====

                  [Col  1]              [Col  2]              [Col  3]              [Col  4]              [Col  5]              [Col  6]              [Col  7]              [Col  8]              [Col  9]              [Col 10]
[Row   1]               2.1100              -0.4595               0.0994               0.0000              -0.0000               0.0137               0.0021               0.0504              -0.0000              -0.0000
[Row   2]              -0.4595               2.0440              -0.5849              -0.0000               0.0000              -0.0153              -0.1801               0.0181              -0.0000               0.0000
[Row   3]               0.0994              -0.5849               1.0087              -0.0000               0.0000              -0.1642               0.4417              -0.5658               0.0000               0.0000
[Row   4]               0.0000              -0.0000              -0.0000               1.3834              -0.0000              -0.0000               0.0000               0.0000               0.5719               0.0000
[Row   5]              -0.0000               0.0000               0.0000              -0.0000               1.3834              -0.0000              -0.0000              -0.0000               0.0000               0.5719
[Row   6]               0.0137              -0.0153              -0.1642              -0.0000              -0.0000               2.0864              -0.2898              -0.0553              -0.0000               0.0000
[Row   7]               0.0021              -0.1801               0.4417               0.0000              -0.0000              -0.2898               1.1217               0.2873               0.0000              -0.0000
[Row   8]               0.0504               0.0181              -0.5658               0.0000              -0.0000              -0.0553               0.2873               0.7083              -0.0000               0.0000
[Row   9]              -0.0000              -0.0000               0.0000               0.5719               0.0000              -0.0000               0.0000              -0.0000               0.6333               0.0000
[Row  10]              -0.0000               0.0000               0.0000               0.0000               0.5719               0.0000              -0.0000               0.0000               0.0000               0.6333
[Row  11]              -0.0005               0.0055              -0.0006              -0.0000               0.0000              -0.0035               0.0007               0.0129               0.0000              -0.0000
[Row  12]               0.0008              -0.0165               0.0078               0.0000              -0.0000               0.0146              -0.0091              -0.0509               0.0000               0.0000
[Row  13]               0.0031               0.0027              -0.0569              -0.0000               0.0000              -0.0603               0.2519               0.2017               0.0000               0.0000
[Row  14]              -0.0000              -0.0000               0.0000               0.1647              -0.0000               0.0000               0.0000               0.0000              -0.1777               0.0000
[Row  15]               0.0000              -0.0000              -0.0000              -0.0000               0.1647               0.0000              -0.0000              -0.0000               0.0000              -0.1777
[Row  16]              -0.0177               0.0760               0.0591              -0.0000               0.0000               0.0257              -0.3309              -0.1489              -0.0000              -0.0000
[Row  17]              -0.0017              -0.0206               0.1437               0.0000              -0.0000               0.1512              -0.5331              -0.4301              -0.0000              -0.0000
[Row  18]              -0.0000               0.0000               0.0000              -0.5603               0.0000               0.0000              -0.0000              -0.0000               0.5186              -0.0000
[Row  19]              -0.0000               0.0000               0.0000               0.0000              -0.5603              -0.0000              -0.0000              -0.0000              -0.0000               0.5186
                  [Col 11]              [Col 12]              [Col 13]              [Col 14]              [Col 15]              [Col 16]              [Col 17]              [Col 18]              [Col 19]
[Row   1]              -0.0005               0.0008               0.0031              -0.0000               0.0000              -0.0177              -0.0017              -0.0000              -0.0000
[Row   2]               0.0055              -0.0165               0.0027              -0.0000              -0.0000               0.0760              -0.0206               0.0000               0.0000
[Row   3]              -0.0006               0.0078              -0.0569               0.0000              -0.0000               0.0591               0.1437               0.0000               0.0000
[Row   4]              -0.0000               0.0000              -0.0000               0.1647              -0.0000              -0.0000               0.0000              -0.5603               0.0000
[Row   5]               0.0000              -0.0000               0.0000              -0.0000               0.1647               0.0000              -0.0000               0.0000              -0.5603
[Row   6]              -0.0035               0.0146              -0.0603               0.0000               0.0000               0.0257               0.1512               0.0000              -0.0000
[Row   7]               0.0007              -0.0091               0.2519               0.0000              -0.0000              -0.3309              -0.5331              -0.0000              -0.0000
[Row   8]               0.0129              -0.0509               0.2017               0.0000              -0.0000              -0.1489              -0.4301              -0.0000              -0.0000
[Row   9]               0.0000               0.0000               0.0000              -0.1777               0.0000              -0.0000              -0.0000               0.5186              -0.0000
[Row  10]              -0.0000               0.0000               0.0000               0.0000              -0.1777              -0.0000              -0.0000              -0.0000               0.5186
[Row  11]               2.2650              -0.7968              -0.0133              -0.0000              -0.0000               0.1509               0.0426              -0.0000              -0.0000
[Row  12]              -0.7968               2.3995               0.0372              -0.0000               0.0000              -0.5362              -0.1232              -0.0000              -0.0000
[Row  13]              -0.0133               0.0372               2.0014              -0.0000              -0.0000              -0.2086              -0.0509               0.0000               0.0000
[Row  14]              -0.0000              -0.0000              -0.0000               2.1000               0.0000              -0.0000               0.0000              -0.4073              -0.0000
[Row  15]              -0.0000               0.0000              -0.0000               0.0000               2.1000               0.0000              -0.0000              -0.0000              -0.4073
[Row  16]               0.1509              -0.5362              -0.2086              -0.0000               0.0000               2.1661               0.5494               0.0000               0.0000
[Row  17]               0.0426              -0.1232              -0.0509               0.0000              -0.0000               0.5494               0.4706              -0.0000              -0.0000
[Row  18]              -0.0000              -0.0000               0.0000              -0.4073              -0.0000               0.0000              -0.0000               1.6530               0.0000
[Row  19]              -0.0000              -0.0000               0.0000              -0.0000              -0.4073               0.0000              -0.0000               0.0000               1.6530
====== P^(AO) = SPS =====

                  [Col  1]              [Col  2]              [Col  3]              [Col  4]              [Col  5]              [Col  6]              [Col  7]              [Col  8]              [Col  9]              [Col 10]
[Row   1]               1.9999               0.4746               0.0056               0.0000              -0.0000               0.0001               0.0756              -0.1291              -0.0000              -0.0000
[Row   2]               0.4746               1.9896              -0.0481              -0.0000               0.0000               0.0800               0.7963              -0.9662              -0.0000              -0.0000
[Row   3]               0.0056              -0.0481               1.7588              -0.0000               0.0000               0.1285               0.8531              -0.8288               0.0000               0.0000
[Row   4]               0.0000              -0.0000              -0.0000               1.6690              -0.0000              -0.0000               0.0000               0.0000               0.9788               0.0000
[Row   5]              -0.0000               0.0000               0.0000              -0.0000               1.6690              -0.0000              -0.0000              -0.0000               0.0000               0.9788
[Row   6]               0.0001               0.0800               0.1285              -0.0000              -0.0000               1.9997               0.5041              -0.0022               0.0000               0.0000
[Row   7]               0.0756               0.7963               0.8531               0.0000              -0.0000               0.5041               1.8022               0.0884               0.0000              -0.0000
[Row   8]              -0.1291              -0.9662              -0.8288               0.0000              -0.0000              -0.0022               0.0884               1.7317              -0.0000               0.0000
[Row   9]              -0.0000              -0.0000               0.0000               0.9788               0.0000               0.0000               0.0000              -0.0000               1.1585               0.0000
[Row  10]              -0.0000              -0.0000               0.0000               0.0000               0.9788               0.0000              -0.0000               0.0000               0.0000               1.1585
[Row  11]              -0.0000               0.0000              -0.0001              -0.0000              -0.0000              -0.0000               0.0111               0.0185               0.0000              -0.0000
[Row  12]              -0.0000              -0.0001               0.0019              -0.0000              -0.0000               0.0002               0.0802               0.1387              -0.0000               0.0000
[Row  13]               0.0001              -0.0002              -0.0085              -0.0000              -0.0000              -0.0008              -0.0264              -0.0605               0.0000               0.0000
[Row  14]              -0.0000              -0.0000               0.0000               0.0176               0.0000               0.0000               0.0000               0.0000              -0.0087               0.0000
[Row  15]               0.0000               0.0000              -0.0000               0.0000               0.0176               0.0000              -0.0000              -0.0000               0.0000              -0.0087
[Row  16]               0.0006               0.0336               0.0420              -0.0000              -0.0000               0.0627               0.6813               0.7324              -0.0000              -0.0000
[Row  17]              -0.0031              -0.0530               0.0299               0.0000              -0.0000              -0.0973              -1.0009              -0.8179              -0.0000              -0.0000
[Row  18]              -0.0000               0.0000               0.0000              -0.2630               0.0000               0.0000              -0.0000              -0.0000               0.8048              -0.0000
[Row  19]              -0.0000               0.0000               0.0000               0.0000              -0.2630               0.0000              -0.0000              -0.0000              -0.0000               0.8048
                  [Col 11]              [Col 12]              [Col 13]              [Col 14]              [Col 15]              [Col 16]              [Col 17]              [Col 18]              [Col 19]
[Row   1]              -0.0000              -0.0000               0.0001              -0.0000               0.0000               0.0006              -0.0031              -0.0000              -0.0000
[Row   2]               0.0000              -0.0001              -0.0002              -0.0000               0.0000               0.0336              -0.0530               0.0000               0.0000
[Row   3]              -0.0001               0.0019              -0.0085               0.0000              -0.0000               0.0420               0.0299               0.0000               0.0000
[Row   4]              -0.0000              -0.0000              -0.0000               0.0176               0.0000              -0.0000               0.0000              -0.2630               0.0000
[Row   5]              -0.0000              -0.0000              -0.0000               0.0000               0.0176              -0.0000              -0.0000               0.0000              -0.2630
[Row   6]              -0.0000               0.0002              -0.0008               0.0000               0.0000               0.0627              -0.0973               0.0000               0.0000
[Row   7]               0.0111               0.0802              -0.0264               0.0000              -0.0000               0.6813              -1.0009              -0.0000              -0.0000
[Row   8]               0.0185               0.1387              -0.0605               0.0000              -0.0000               0.7324              -0.8179              -0.0000              -0.0000
[Row   9]               0.0000              -0.0000               0.0000              -0.0087               0.0000              -0.0000              -0.0000               0.8048              -0.0000
[Row  10]              -0.0000               0.0000               0.0000               0.0000              -0.0087              -0.0000              -0.0000              -0.0000               0.8048
[Row  11]               2.0000               0.6711              -0.0001              -0.0000               0.0000               0.0283               0.0009              -0.0000              -0.0000
[Row  12]               0.6711               1.9997               0.0010              -0.0000               0.0000               0.4882              -0.0120              -0.0000              -0.0000
[Row  13]              -0.0001               0.0010               1.9966               0.0000              -0.0000              -0.0068               0.5562               0.0000              -0.0000
[Row  14]              -0.0000              -0.0000               0.0000               1.9991               0.0000               0.0000               0.0000               0.5292              -0.0000
[Row  15]               0.0000               0.0000              -0.0000               0.0000               1.9991               0.0000              -0.0000               0.0000               0.5292
[Row  16]               0.0283               0.4882              -0.0068               0.0000               0.0000               1.9857               0.0833               0.0000              -0.0000
[Row  17]               0.0009              -0.0120               0.5562               0.0000              -0.0000               0.0833               1.4870              -0.0000              -0.0000
[Row  18]              -0.0000              -0.0000               0.0000               0.5292               0.0000               0.0000              -0.0000               1.7741               0.0000
[Row  19]              -0.0000              -0.0000              -0.0000              -0.0000               0.5292              -0.0000              -0.0000               0.0000               1.7741
====== S^(AO) = S =====

                  [Col  1]              [Col  2]              [Col  3]              [Col  4]              [Col  5]              [Col  6]              [Col  7]              [Col  8]              [Col  9]              [Col 10]
[Row   1]               1.0000               0.2367               0.0000               0.0000               0.0000               0.0000               0.0398              -0.0672               0.0000               0.0000
[Row   2]               0.2367               1.0000              -0.0000               0.0000               0.0000               0.0405               0.3824              -0.4586               0.0000               0.0000
[Row   3]               0.0000              -0.0000               1.0000               0.0000               0.0000               0.0675               0.3321              -0.3133               0.0000               0.0000
[Row   4]               0.0000               0.0000               0.0000               1.0000               0.0000               0.0000               0.0000               0.0000               0.2255               0.0000
[Row   5]               0.0000               0.0000               0.0000               0.0000               1.0000               0.0000               0.0000               0.0000               0.0000               0.2255
[Row   6]               0.0000               0.0405               0.0675               0.0000               0.0000               1.0000               0.2484              -0.0000               0.0000               0.0000
[Row   7]               0.0398               0.3824               0.3321               0.0000               0.0000               0.2484               1.0000               0.0000               0.0000               0.0000
[Row   8]              -0.0672              -0.4586              -0.3133               0.0000               0.0000              -0.0000               0.0000               1.0000               0.0000               0.0000
[Row   9]               0.0000               0.0000               0.0000               0.2255               0.0000               0.0000               0.0000               0.0000               1.0000               0.0000
[Row  10]               0.0000               0.0000               0.0000               0.0000               0.2255               0.0000               0.0000               0.0000               0.0000               1.0000
[Row  11]               0.0000               0.0000               0.0000               0.0000               0.0000               0.0000               0.0054               0.0091               0.0000               0.0000
[Row  12]               0.0000               0.0000               0.0001               0.0000               0.0000               0.0000               0.0425               0.0713               0.0000               0.0000
[Row  13]              -0.0000              -0.0001              -0.0002               0.0000               0.0000              -0.0000              -0.0226              -0.0356               0.0000               0.0000
[Row  14]               0.0000               0.0000               0.0000               0.0000               0.0000               0.0000               0.0000               0.0000               0.0097               0.0000
[Row  15]               0.0000               0.0000               0.0000               0.0000               0.0000               0.0000               0.0000               0.0000               0.0000               0.0097
[Row  16]               0.0004               0.0156               0.0231               0.0000               0.0000               0.0320               0.3257               0.3492               0.0000               0.0000
[Row  17]              -0.0010              -0.0277              -0.0387               0.0000               0.0000              -0.0536              -0.3824              -0.3468               0.0000               0.0000
[Row  18]               0.0000               0.0000               0.0000               0.0052               0.0000               0.0000               0.0000               0.0000               0.1844               0.0000
[Row  19]               0.0000               0.0000               0.0000               0.0000               0.0052               0.0000               0.0000               0.0000               0.0000               0.1844
                  [Col 11]              [Col 12]              [Col 13]              [Col 14]              [Col 15]              [Col 16]              [Col 17]              [Col 18]              [Col 19]
[Row   1]               0.0000               0.0000              -0.0000               0.0000               0.0000               0.0004              -0.0010               0.0000               0.0000
[Row   2]               0.0000               0.0000              -0.0001               0.0000               0.0000               0.0156              -0.0277               0.0000               0.0000
[Row   3]               0.0000               0.0001              -0.0002               0.0000               0.0000               0.0231              -0.0387               0.0000               0.0000
[Row   4]               0.0000               0.0000               0.0000               0.0000               0.0000               0.0000               0.0000               0.0052               0.0000
[Row   5]               0.0000               0.0000               0.0000               0.0000               0.0000               0.0000               0.0000               0.0000               0.0052
[Row   6]               0.0000               0.0000              -0.0000               0.0000               0.0000               0.0320              -0.0536               0.0000               0.0000
[Row   7]               0.0054               0.0425              -0.0226               0.0000               0.0000               0.3257              -0.3824               0.0000               0.0000
[Row   8]               0.0091               0.0713              -0.0356               0.0000               0.0000               0.3492              -0.3468               0.0000               0.0000
[Row   9]               0.0000               0.0000               0.0000               0.0097               0.0000               0.0000               0.0000               0.1844               0.0000
[Row  10]               0.0000               0.0000               0.0000               0.0000               0.0097               0.0000               0.0000               0.0000               0.1844
[Row  11]               1.0000               0.3355               0.0000               0.0000               0.0000               0.0143              -0.0000               0.0000               0.0000
[Row  12]               0.3355               1.0000               0.0000               0.0000               0.0000               0.2431              -0.0000               0.0000               0.0000
[Row  13]               0.0000               0.0000               1.0000               0.0000               0.0000              -0.0000               0.2574               0.0000               0.0000
[Row  14]               0.0000               0.0000               0.0000               1.0000               0.0000               0.0000               0.0000               0.2574               0.0000
[Row  15]               0.0000               0.0000               0.0000               0.0000               1.0000               0.0000               0.0000               0.0000               0.2574
[Row  16]               0.0143               0.2431              -0.0000               0.0000               0.0000               1.0000              -0.0000               0.0000               0.0000
[Row  17]              -0.0000              -0.0000               0.2574               0.0000               0.0000              -0.0000               1.0000               0.0000               0.0000
[Row  18]               0.0000               0.0000               0.0000               0.2574               0.0000               0.0000               0.0000               1.0000               0.0000
[Row  19]               0.0000               0.0000               0.0000               0.0000               0.2574               0.0000               0.0000               0.0000               1.0000
====== P^(AO) std gaussian m_l ordering SPS =====

                  [Col  1]              [Col  2]              [Col  3]              [Col  4]              [Col  5]              [Col  6]              [Col  7]              [Col  8]              [Col  9]              [Col 10]
[Row   1]               1.9999               0.4746               0.0000              -0.0000               0.0056               0.0001               0.0756              -0.0000              -0.0000              -0.1291
[Row   2]               0.4746               1.9896              -0.0000               0.0000              -0.0481               0.0800               0.7963              -0.0000              -0.0000              -0.9662
[Row   3]               0.0000              -0.0000               1.6690              -0.0000              -0.0000              -0.0000               0.0000               0.9788               0.0000               0.0000
[Row   4]              -0.0000               0.0000              -0.0000               1.6690               0.0000              -0.0000              -0.0000               0.0000               0.9788              -0.0000
[Row   5]               0.0056              -0.0481              -0.0000               0.0000               1.7588               0.1285               0.8531               0.0000               0.0000              -0.8288
[Row   6]               0.0001               0.0800              -0.0000              -0.0000               0.1285               1.9997               0.5041               0.0000               0.0000              -0.0022
[Row   7]               0.0756               0.7963               0.0000              -0.0000               0.8531               0.5041               1.8022               0.0000              -0.0000               0.0884
[Row   8]              -0.0000              -0.0000               0.9788               0.0000               0.0000               0.0000               0.0000               1.1585               0.0000              -0.0000
[Row   9]              -0.0000              -0.0000               0.0000               0.9788               0.0000               0.0000              -0.0000               0.0000               1.1585               0.0000
[Row  10]              -0.1291              -0.9662               0.0000              -0.0000              -0.8288              -0.0022               0.0884              -0.0000               0.0000               1.7317
[Row  11]              -0.0000               0.0000              -0.0000              -0.0000              -0.0001              -0.0000               0.0111               0.0000              -0.0000               0.0185
[Row  12]              -0.0000              -0.0001              -0.0000              -0.0000               0.0019               0.0002               0.0802              -0.0000               0.0000               0.1387
[Row  13]              -0.0000              -0.0000               0.0176               0.0000               0.0000               0.0000               0.0000              -0.0087               0.0000               0.0000
[Row  14]               0.0000               0.0000               0.0000               0.0176              -0.0000               0.0000              -0.0000               0.0000              -0.0087              -0.0000
[Row  15]               0.0001              -0.0002              -0.0000              -0.0000              -0.0085              -0.0008              -0.0264               0.0000               0.0000              -0.0605
[Row  16]               0.0006               0.0336              -0.0000              -0.0000               0.0420               0.0627               0.6813              -0.0000              -0.0000               0.7324
[Row  17]              -0.0000               0.0000              -0.2630               0.0000               0.0000               0.0000              -0.0000               0.8048              -0.0000              -0.0000
[Row  18]              -0.0000               0.0000               0.0000              -0.2630               0.0000               0.0000              -0.0000              -0.0000               0.8048              -0.0000
[Row  19]              -0.0031              -0.0530               0.0000              -0.0000               0.0299              -0.0973              -1.0009              -0.0000              -0.0000              -0.8179
                  [Col 11]              [Col 12]              [Col 13]              [Col 14]              [Col 15]              [Col 16]              [Col 17]              [Col 18]              [Col 19]
[Row   1]              -0.0000              -0.0000              -0.0000               0.0000               0.0001               0.0006              -0.0000              -0.0000              -0.0031
[Row   2]               0.0000              -0.0001              -0.0000               0.0000              -0.0002               0.0336               0.0000               0.0000              -0.0530
[Row   3]              -0.0000              -0.0000               0.0176               0.0000              -0.0000              -0.0000              -0.2630               0.0000               0.0000
[Row   4]              -0.0000              -0.0000               0.0000               0.0176              -0.0000              -0.0000               0.0000              -0.2630              -0.0000
[Row   5]              -0.0001               0.0019               0.0000              -0.0000              -0.0085               0.0420               0.0000               0.0000               0.0299
[Row   6]              -0.0000               0.0002               0.0000               0.0000              -0.0008               0.0627               0.0000               0.0000              -0.0973
[Row   7]               0.0111               0.0802               0.0000              -0.0000              -0.0264               0.6813              -0.0000              -0.0000              -1.0009
[Row   8]               0.0000              -0.0000              -0.0087               0.0000               0.0000              -0.0000               0.8048              -0.0000              -0.0000
[Row   9]              -0.0000               0.0000               0.0000              -0.0087               0.0000              -0.0000              -0.0000               0.8048              -0.0000
[Row  10]               0.0185               0.1387               0.0000              -0.0000              -0.0605               0.7324              -0.0000              -0.0000              -0.8179
[Row  11]               2.0000               0.6711              -0.0000               0.0000              -0.0001               0.0283              -0.0000              -0.0000               0.0009
[Row  12]               0.6711               1.9997              -0.0000               0.0000               0.0010               0.4882              -0.0000              -0.0000              -0.0120
[Row  13]              -0.0000              -0.0000               1.9991               0.0000               0.0000               0.0000               0.5292              -0.0000               0.0000
[Row  14]               0.0000               0.0000               0.0000               1.9991              -0.0000               0.0000               0.0000               0.5292              -0.0000
[Row  15]              -0.0001               0.0010               0.0000              -0.0000               1.9966              -0.0068               0.0000              -0.0000               0.5562
[Row  16]               0.0283               0.4882               0.0000               0.0000              -0.0068               1.9857               0.0000              -0.0000               0.0833
[Row  17]              -0.0000              -0.0000               0.5292               0.0000               0.0000               0.0000               1.7741               0.0000              -0.0000
[Row  18]              -0.0000              -0.0000              -0.0000               0.5292              -0.0000              -0.0000               0.0000               1.7741              -0.0000
[Row  19]               0.0009              -0.0120               0.0000              -0.0000               0.5562               0.0833              -0.0000              -0.0000               1.4870
====== S^(AO) std gaussian m_l ordering =====

                  [Col  1]              [Col  2]              [Col  3]              [Col  4]              [Col  5]              [Col  6]              [Col  7]              [Col  8]              [Col  9]              [Col 10]
[Row   1]               1.0000               0.2367               0.0000               0.0000               0.0000               0.0000               0.0398               0.0000               0.0000              -0.0672
[Row   2]               0.2367               1.0000               0.0000               0.0000              -0.0000               0.0405               0.3824               0.0000               0.0000              -0.4586
[Row   3]               0.0000               0.0000               1.0000               0.0000               0.0000               0.0000               0.0000               0.2255               0.0000               0.0000
[Row   4]               0.0000               0.0000               0.0000               1.0000               0.0000               0.0000               0.0000               0.0000               0.2255               0.0000
[Row   5]               0.0000              -0.0000               0.0000               0.0000               1.0000               0.0675               0.3321               0.0000               0.0000              -0.3133
[Row   6]               0.0000               0.0405               0.0000               0.0000               0.0675               1.0000               0.2484               0.0000               0.0000              -0.0000
[Row   7]               0.0398               0.3824               0.0000               0.0000               0.3321               0.2484               1.0000               0.0000               0.0000               0.0000
[Row   8]               0.0000               0.0000               0.2255               0.0000               0.0000               0.0000               0.0000               1.0000               0.0000               0.0000
[Row   9]               0.0000               0.0000               0.0000               0.2255               0.0000               0.0000               0.0000               0.0000               1.0000               0.0000
[Row  10]              -0.0672              -0.4586               0.0000               0.0000              -0.3133              -0.0000               0.0000               0.0000               0.0000               1.0000
[Row  11]               0.0000               0.0000               0.0000               0.0000               0.0000               0.0000               0.0054               0.0000               0.0000               0.0091
[Row  12]               0.0000               0.0000               0.0000               0.0000               0.0001               0.0000               0.0425               0.0000               0.0000               0.0713
[Row  13]               0.0000               0.0000               0.0000               0.0000               0.0000               0.0000               0.0000               0.0097               0.0000               0.0000
[Row  14]               0.0000               0.0000               0.0000               0.0000               0.0000               0.0000               0.0000               0.0000               0.0097               0.0000
[Row  15]              -0.0000              -0.0001               0.0000               0.0000              -0.0002              -0.0000              -0.0226               0.0000               0.0000              -0.0356
[Row  16]               0.0004               0.0156               0.0000               0.0000               0.0231               0.0320               0.3257               0.0000               0.0000               0.3492
[Row  17]               0.0000               0.0000               0.0052               0.0000               0.0000               0.0000               0.0000               0.1844               0.0000               0.0000
[Row  18]               0.0000               0.0000               0.0000               0.0052               0.0000               0.0000               0.0000               0.0000               0.1844               0.0000
[Row  19]              -0.0010              -0.0277               0.0000               0.0000              -0.0387              -0.0536              -0.3824               0.0000               0.0000              -0.3468
                  [Col 11]              [Col 12]              [Col 13]              [Col 14]              [Col 15]              [Col 16]              [Col 17]              [Col 18]              [Col 19]
[Row   1]               0.0000               0.0000               0.0000               0.0000              -0.0000               0.0004               0.0000               0.0000              -0.0010
[Row   2]               0.0000               0.0000               0.0000               0.0000              -0.0001               0.0156               0.0000               0.0000              -0.0277
[Row   3]               0.0000               0.0000               0.0000               0.0000               0.0000               0.0000               0.0052               0.0000               0.0000
[Row   4]               0.0000               0.0000               0.0000               0.0000               0.0000               0.0000               0.0000               0.0052               0.0000
[Row   5]               0.0000               0.0001               0.0000               0.0000              -0.0002               0.0231               0.0000               0.0000              -0.0387
[Row   6]               0.0000               0.0000               0.0000               0.0000              -0.0000               0.0320               0.0000               0.0000              -0.0536
[Row   7]               0.0054               0.0425               0.0000               0.0000              -0.0226               0.3257               0.0000               0.0000              -0.3824
[Row   8]               0.0000               0.0000               0.0097               0.0000               0.0000               0.0000               0.1844               0.0000               0.0000
[Row   9]               0.0000               0.0000               0.0000               0.0097               0.0000               0.0000               0.0000               0.1844               0.0000
[Row  10]               0.0091               0.0713               0.0000               0.0000              -0.0356               0.3492               0.0000               0.0000              -0.3468
[Row  11]               1.0000               0.3355               0.0000               0.0000               0.0000               0.0143               0.0000               0.0000              -0.0000
[Row  12]               0.3355               1.0000               0.0000               0.0000               0.0000               0.2431               0.0000               0.0000              -0.0000
[Row  13]               0.0000               0.0000               1.0000               0.0000               0.0000               0.0000               0.2574               0.0000               0.0000
[Row  14]               0.0000               0.0000               0.0000               1.0000               0.0000               0.0000               0.0000               0.2574               0.0000
[Row  15]               0.0000               0.0000               0.0000               0.0000               1.0000              -0.0000               0.0000               0.0000               0.2574
[Row  16]               0.0143               0.2431               0.0000               0.0000              -0.0000               1.0000               0.0000               0.0000              -0.0000
[Row  17]               0.0000               0.0000               0.2574               0.0000               0.0000               0.0000               1.0000               0.0000               0.0000
[Row  18]               0.0000               0.0000               0.0000               0.2574               0.0000               0.0000               0.0000               1.0000               0.0000
[Row  19]              -0.0000              -0.0000               0.0000               0.0000               0.2574              -0.0000               0.0000               0.0000               1.0000
