molecule mol68.xyz
System:, atNum: 7 coords [              0.0000               0.0000               0.9253]
System:, atNum: 9 coords [              0.0000               2.3399              -0.2399]
System:, atNum: 9 coords [              2.0264              -1.1699              -0.2399]
System:, atNum: 9 coords [             -2.0264              -1.1699              -0.2399]
===== Original AO-S matrix =====

                  [Col  1]              [Col  2]              [Col  3]              [Col  4]              [Col  5]              [Col  6]              [Col  7]              [Col  8]              [Col  9]              [Col 10]
[Row   1]               1.0000               0.2350               0.0000               0.0000               0.0000               0.0000               0.0094               0.0081               0.0000              -0.0163
[Row   2]               0.2350               1.0000               0.0000               0.0000               0.0000               0.0156               0.1990               0.0924               0.0000              -0.1855
[Row   3]               0.0000               0.0000               1.0000               0.0000               0.0000              -0.0118              -0.1226               0.0279               0.0000               0.1390
[Row   4]               0.0000               0.0000               0.0000               1.0000               0.0000               0.0000               0.0000               0.0000               0.0972               0.0000
[Row   5]               0.0000               0.0000               0.0000               0.0000               1.0000               0.0236               0.2463               0.1390               0.0000              -0.1820
[Row   6]               0.0000               0.0156              -0.0118               0.0000               0.0236               1.0000               0.2380               0.0000               0.0000              -0.0000
[Row   7]               0.0094               0.1990              -0.1226               0.0000               0.2463               0.2380               1.0000               0.0000               0.0000              -0.0000
[Row   8]               0.0081               0.0924               0.0279               0.0000               0.1390               0.0000               0.0000               1.0000               0.0000              -0.0000
[Row   9]               0.0000               0.0000               0.0000               0.0972               0.0000               0.0000               0.0000               0.0000               1.0000               0.0000
[Row  10]              -0.0163              -0.1855               0.1390               0.0000              -0.1820              -0.0000              -0.0000              -0.0000               0.0000               1.0000
[Row  11]               0.0000               0.0156              -0.0118               0.0205              -0.0118               0.0000               0.0001               0.0000               0.0001              -0.0002
[Row  12]               0.0094               0.1990              -0.1226               0.2133              -0.1231               0.0001               0.0099               0.0000               0.0086              -0.0149
[Row  13]               0.0081               0.0924               0.0279               0.1204              -0.0695               0.0000               0.0000               0.0036               0.0000              -0.0000
[Row  14]              -0.0142              -0.1606               0.1204              -0.1122               0.1209              -0.0001              -0.0086              -0.0000              -0.0044               0.0138
[Row  15]               0.0082               0.0927              -0.0695               0.1209               0.0274               0.0002               0.0149               0.0000               0.0138              -0.0203
[Row  16]               0.0000               0.0156              -0.0118              -0.0205              -0.0118               0.0000               0.0001               0.0000              -0.0001              -0.0002
[Row  17]               0.0094               0.1990              -0.1226              -0.2133              -0.1231               0.0001               0.0099               0.0000              -0.0086              -0.0149
[Row  18]               0.0081               0.0924               0.0279              -0.1204              -0.0695               0.0000               0.0000               0.0036              -0.0000              -0.0000
[Row  19]               0.0142               0.1606              -0.1204              -0.1122              -0.1209               0.0001               0.0086               0.0000              -0.0044              -0.0138
[Row  20]               0.0082               0.0927              -0.0695              -0.1209               0.0274               0.0002               0.0149               0.0000              -0.0138              -0.0203
                  [Col 11]              [Col 12]              [Col 13]              [Col 14]              [Col 15]              [Col 16]              [Col 17]              [Col 18]              [Col 19]              [Col 20]
[Row   1]               0.0000               0.0094               0.0081              -0.0142               0.0082               0.0000               0.0094               0.0081               0.0142               0.0082
[Row   2]               0.0156               0.1990               0.0924              -0.1606               0.0927               0.0156               0.1990               0.0924               0.1606               0.0927
[Row   3]              -0.0118              -0.1226               0.0279               0.1204              -0.0695              -0.0118              -0.1226               0.0279              -0.1204              -0.0695
[Row   4]               0.0205               0.2133               0.1204              -0.1122               0.1209              -0.0205              -0.2133              -0.1204              -0.1122              -0.1209
[Row   5]              -0.0118              -0.1231              -0.0695               0.1209               0.0274              -0.0118              -0.1231              -0.0695              -0.1209               0.0274
[Row   6]               0.0000               0.0001               0.0000              -0.0001               0.0002               0.0000               0.0001               0.0000               0.0001               0.0002
[Row   7]               0.0001               0.0099               0.0000              -0.0086               0.0149               0.0001               0.0099               0.0000               0.0086               0.0149
[Row   8]               0.0000               0.0000               0.0036              -0.0000               0.0000               0.0000               0.0000               0.0036               0.0000               0.0000
[Row   9]               0.0001               0.0086               0.0000              -0.0044               0.0138              -0.0001              -0.0086              -0.0000              -0.0044              -0.0138
[Row  10]              -0.0002              -0.0149              -0.0000               0.0138              -0.0203              -0.0002              -0.0149              -0.0000              -0.0138              -0.0203
[Row  11]               1.0000               0.2380               0.0000              -0.0000               0.0000               0.0000               0.0001               0.0000               0.0002               0.0000
[Row  12]               0.2380               1.0000               0.0000              -0.0000               0.0000               0.0001               0.0099               0.0000               0.0173               0.0000
[Row  13]               0.0000               0.0000               1.0000              -0.0000               0.0000               0.0000               0.0000               0.0036               0.0000               0.0000
[Row  14]              -0.0000              -0.0000              -0.0000               1.0000              -0.0000              -0.0002              -0.0173              -0.0000              -0.0283              -0.0000
[Row  15]               0.0000               0.0000               0.0000              -0.0000               1.0000               0.0000               0.0000               0.0000               0.0000               0.0036
[Row  16]               0.0000               0.0001               0.0000              -0.0002               0.0000               1.0000               0.2380               0.0000               0.0000               0.0000
[Row  17]               0.0001               0.0099               0.0000              -0.0173               0.0000               0.2380               1.0000               0.0000               0.0000               0.0000
[Row  18]               0.0000               0.0000               0.0036              -0.0000               0.0000               0.0000               0.0000               1.0000               0.0000               0.0000
[Row  19]               0.0002               0.0173               0.0000              -0.0283               0.0000               0.0000               0.0000               0.0000               1.0000               0.0000
[Row  20]               0.0000               0.0000               0.0000              -0.0000               0.0036               0.0000               0.0000               0.0000               0.0000               1.0000
nbas 20
 ===== CA ===== 

                  [Col  1]              [Col  2]              [Col  3]              [Col  4]              [Col  5]              [Col  6]              [Col  7]              [Col  8]              [Col  9]              [Col 10]
[Row   1]              -0.0008              -0.0000              -0.0000               0.9942               0.1091              -0.0000              -0.0000               0.1983              -0.0000               0.0000
[Row   2]               0.0054               0.0000               0.0000               0.0246              -0.3522               0.0000               0.0000              -0.7747               0.0000              -0.0000
[Row   3]              -0.0028              -0.0000              -0.0000              -0.0040               0.1026              -0.0000              -0.0000               0.0301              -0.0000              -0.0000
[Row   4]               0.0000               0.0036              -0.0000              -0.0000               0.0000               0.1377              -0.0000               0.0000              -0.0000               0.4872
[Row   5]              -0.0000               0.0000               0.0036              -0.0000               0.0000               0.0000               0.1377               0.0000               0.4872               0.0000
[Row   6]              -0.5742              -0.0000              -0.8124               0.0005               0.1245              -0.0000              -0.2084              -0.0863               0.0509               0.0000
[Row   7]              -0.0126              -0.0000              -0.0172              -0.0037              -0.4555               0.0000               0.7983               0.3911              -0.2496              -0.0000
[Row   8]              -0.0006              -0.0000              -0.0008              -0.0009              -0.0201               0.0000               0.0235              -0.0984               0.2818               0.0000
[Row   9]              -0.0000              -0.0001               0.0000              -0.0000               0.0000               0.0155              -0.0000              -0.0000              -0.0000               0.4348
[Row  10]               0.0014               0.0000               0.0015               0.0024               0.0648              -0.0000              -0.0478               0.1972              -0.3181              -0.0000
[Row  11]              -0.5744              -0.7035               0.4061               0.0005               0.1245              -0.1805               0.1042              -0.0863              -0.0254               0.0441
[Row  12]              -0.0126              -0.0149               0.0086              -0.0037              -0.4555               0.6913              -0.3991               0.3911               0.1248              -0.2162
[Row  13]              -0.0006              -0.0007               0.0004              -0.0009              -0.0201               0.0203              -0.0117              -0.0984              -0.1409               0.2441
[Row  14]               0.0012               0.0011              -0.0007               0.0021               0.0561              -0.0320               0.0274               0.1708               0.3260              -0.1298
[Row  15]              -0.0007              -0.0007               0.0003              -0.0012              -0.0324               0.0274              -0.0003              -0.0986               0.2466               0.3260
[Row  16]              -0.5744               0.7035               0.4061               0.0005               0.1245               0.1805               0.1042              -0.0863              -0.0254              -0.0441
[Row  17]              -0.0126               0.0149               0.0086              -0.0037              -0.4555              -0.6913              -0.3991               0.3911               0.1248               0.2162
[Row  18]              -0.0006               0.0007               0.0004              -0.0009              -0.0201              -0.0203              -0.0117              -0.0984              -0.1409              -0.2441
[Row  19]              -0.0012               0.0011               0.0007              -0.0021              -0.0561              -0.0320              -0.0274              -0.1708              -0.3260              -0.1298
[Row  20]              -0.0007               0.0007               0.0003              -0.0012              -0.0324              -0.0274              -0.0003              -0.0986               0.2466              -0.3260
                  [Col 11]              [Col 12]              [Col 13]              [Col 14]              [Col 15]              [Col 16]              [Col 17]              [Col 18]              [Col 19]              [Col 20]
[Row   1]               0.0479              -0.0000              -0.0000               0.0000              -0.0000              -0.0000               0.0810              -0.0000               0.0000               0.1448
[Row   2]              -0.2074               0.0000               0.0000              -0.0000               0.0000               0.0000              -0.3757               0.0000              -0.0000              -0.7283
[Row   3]              -0.5089               0.0000               0.0000              -0.0000              -0.0000               0.0000              -0.6357              -0.0000               0.0000               0.6845
[Row   4]              -0.0000               0.1010              -0.0000              -0.0000               0.2296              -0.0000               0.0000               0.0000               0.9551              -0.0000
[Row   5]              -0.0000               0.0000               0.1010              -0.0000               0.0000               0.2296               0.0000               0.9551              -0.0000               0.0000
[Row   6]               0.0129               0.0000               0.0071              -0.0000               0.0000               0.0172               0.0022               0.0513              -0.0000              -0.0436
[Row   7]              -0.0628              -0.0000              -0.0382               0.0000              -0.0000              -0.0910              -0.0160              -0.2963               0.0000               0.2517
[Row   8]              -0.3362               0.0001               0.6718               0.0000              -0.0000              -0.1969               0.4434              -0.3507               0.0000               0.1511
[Row   9]              -0.0000              -0.4049               0.0000               0.5831              -0.5380               0.0000              -0.0000              -0.0000              -0.1666               0.0000
[Row  10]              -0.2753               0.0000               0.1981               0.0000              -0.0000              -0.5551              -0.0287               0.5244              -0.0000              -0.5192
[Row  11]               0.0129               0.0062              -0.0036              -0.0000               0.0149              -0.0086               0.0022              -0.0257               0.0444              -0.0436
[Row  12]              -0.0628              -0.0331               0.0191               0.0000              -0.0788               0.0455              -0.0160               0.1481              -0.2566               0.2517
[Row  13]              -0.3362               0.5817              -0.3359               0.0000              -0.1705               0.0984               0.4434               0.1754              -0.3037               0.1511
[Row  14]              -0.2384               0.0473              -0.2611              -0.2915              -0.5508               0.0074              -0.0249              -0.2992               0.3517              -0.4496
[Row  15]               0.1377              -0.2611              -0.2541              -0.5049               0.0074              -0.5423               0.0144               0.0062              -0.2992               0.2596
[Row  16]               0.0129              -0.0062              -0.0036               0.0000              -0.0149              -0.0086               0.0022              -0.0257              -0.0444              -0.0436
[Row  17]              -0.0628               0.0331               0.0191              -0.0000               0.0788               0.0455              -0.0160               0.1481               0.2566               0.2517
[Row  18]              -0.3362              -0.5818              -0.3358              -0.0000               0.1705               0.0984               0.4434               0.1754               0.3037               0.1511
[Row  19]               0.2384               0.0474               0.2611              -0.2915              -0.5508              -0.0074               0.0249               0.2992               0.3517               0.4496
[Row  20]               0.1377               0.2611              -0.2541               0.5049              -0.0074              -0.5423               0.0144               0.0062               0.2992               0.2596
 ===== CB ===== 

                  [Col  1]              [Col  2]              [Col  3]              [Col  4]              [Col  5]              [Col  6]              [Col  7]              [Col  8]              [Col  9]              [Col 10]
[Row   1]              -0.0008              -0.0000              -0.0000               0.9942               0.1091              -0.0000              -0.0000               0.1983              -0.0000               0.0000
[Row   2]               0.0054               0.0000               0.0000               0.0246              -0.3522               0.0000               0.0000              -0.7747               0.0000              -0.0000
[Row   3]              -0.0028              -0.0000              -0.0000              -0.0040               0.1026              -0.0000              -0.0000               0.0301              -0.0000              -0.0000
[Row   4]               0.0000               0.0036              -0.0000              -0.0000               0.0000               0.1377              -0.0000               0.0000              -0.0000               0.4872
[Row   5]              -0.0000               0.0000               0.0036              -0.0000               0.0000               0.0000               0.1377               0.0000               0.4872               0.0000
[Row   6]              -0.5742              -0.0000              -0.8124               0.0005               0.1245              -0.0000              -0.2084              -0.0863               0.0509               0.0000
[Row   7]              -0.0126              -0.0000              -0.0172              -0.0037              -0.4555               0.0000               0.7983               0.3911              -0.2496              -0.0000
[Row   8]              -0.0006              -0.0000              -0.0008              -0.0009              -0.0201               0.0000               0.0235              -0.0984               0.2818               0.0000
[Row   9]              -0.0000              -0.0001               0.0000              -0.0000               0.0000               0.0155              -0.0000              -0.0000              -0.0000               0.4348
[Row  10]               0.0014               0.0000               0.0015               0.0024               0.0648              -0.0000              -0.0478               0.1972              -0.3181              -0.0000
[Row  11]              -0.5744              -0.7035               0.4061               0.0005               0.1245              -0.1805               0.1042              -0.0863              -0.0254               0.0441
[Row  12]              -0.0126              -0.0149               0.0086              -0.0037              -0.4555               0.6913              -0.3991               0.3911               0.1248              -0.2162
[Row  13]              -0.0006              -0.0007               0.0004              -0.0009              -0.0201               0.0203              -0.0117              -0.0984              -0.1409               0.2441
[Row  14]               0.0012               0.0011              -0.0007               0.0021               0.0561              -0.0320               0.0274               0.1708               0.3260              -0.1298
[Row  15]              -0.0007              -0.0007               0.0003              -0.0012              -0.0324               0.0274              -0.0003              -0.0986               0.2466               0.3260
[Row  16]              -0.5744               0.7035               0.4061               0.0005               0.1245               0.1805               0.1042              -0.0863              -0.0254              -0.0441
[Row  17]              -0.0126               0.0149               0.0086              -0.0037              -0.4555              -0.6913              -0.3991               0.3911               0.1248               0.2162
[Row  18]              -0.0006               0.0007               0.0004              -0.0009              -0.0201              -0.0203              -0.0117              -0.0984              -0.1409              -0.2441
[Row  19]              -0.0012               0.0011               0.0007              -0.0021              -0.0561              -0.0320              -0.0274              -0.1708              -0.3260              -0.1298
[Row  20]              -0.0007               0.0007               0.0003              -0.0012              -0.0324              -0.0274              -0.0003              -0.0986               0.2466              -0.3260
                  [Col 11]              [Col 12]              [Col 13]              [Col 14]              [Col 15]              [Col 16]              [Col 17]              [Col 18]              [Col 19]              [Col 20]
[Row   1]               0.0479              -0.0000              -0.0000               0.0000              -0.0000              -0.0000               0.0810              -0.0000               0.0000               0.1448
[Row   2]              -0.2074               0.0000               0.0000              -0.0000               0.0000               0.0000              -0.3757               0.0000              -0.0000              -0.7283
[Row   3]              -0.5089               0.0000               0.0000              -0.0000              -0.0000               0.0000              -0.6357              -0.0000               0.0000               0.6845
[Row   4]              -0.0000               0.1010              -0.0000              -0.0000               0.2296              -0.0000               0.0000               0.0000               0.9551              -0.0000
[Row   5]              -0.0000               0.0000               0.1010              -0.0000               0.0000               0.2296               0.0000               0.9551              -0.0000               0.0000
[Row   6]               0.0129               0.0000               0.0071              -0.0000               0.0000               0.0172               0.0022               0.0513              -0.0000              -0.0436
[Row   7]              -0.0628              -0.0000              -0.0382               0.0000              -0.0000              -0.0910              -0.0160              -0.2963               0.0000               0.2517
[Row   8]              -0.3362               0.0001               0.6718               0.0000              -0.0000              -0.1969               0.4434              -0.3507               0.0000               0.1511
[Row   9]              -0.0000              -0.4049               0.0000               0.5831              -0.5380               0.0000              -0.0000              -0.0000              -0.1666               0.0000
[Row  10]              -0.2753               0.0000               0.1981               0.0000              -0.0000              -0.5551              -0.0287               0.5244              -0.0000              -0.5192
[Row  11]               0.0129               0.0062              -0.0036              -0.0000               0.0149              -0.0086               0.0022              -0.0257               0.0444              -0.0436
[Row  12]              -0.0628              -0.0331               0.0191               0.0000              -0.0788               0.0455              -0.0160               0.1481              -0.2566               0.2517
[Row  13]              -0.3362               0.5817              -0.3359               0.0000              -0.1705               0.0984               0.4434               0.1754              -0.3037               0.1511
[Row  14]              -0.2384               0.0473              -0.2611              -0.2915              -0.5508               0.0074              -0.0249              -0.2992               0.3517              -0.4496
[Row  15]               0.1377              -0.2611              -0.2541              -0.5049               0.0074              -0.5423               0.0144               0.0062              -0.2992               0.2596
[Row  16]               0.0129              -0.0062              -0.0036               0.0000              -0.0149              -0.0086               0.0022              -0.0257              -0.0444              -0.0436
[Row  17]              -0.0628               0.0331               0.0191              -0.0000               0.0788               0.0455              -0.0160               0.1481               0.2566               0.2517
[Row  18]              -0.3362              -0.5818              -0.3358              -0.0000               0.1705               0.0984               0.4434               0.1754               0.3037               0.1511
[Row  19]               0.2384               0.0474               0.2611              -0.2915              -0.5508              -0.0074               0.0249               0.2992               0.3517               0.4496
[Row  20]               0.1377               0.2611              -0.2541               0.5049              -0.0074              -0.5423               0.0144               0.0062               0.2992               0.2596
 ===== P_psi ===== Dalpha+Dbeta 

                  [Col  1]              [Col  2]              [Col  3]              [Col  4]              [Col  5]              [Col  6]              [Col  7]              [Col  8]              [Col  9]              [Col 10]
[Row   1]               2.0971              -0.4158              -0.1254              -0.0000              -0.0000              -0.0036               0.0397              -0.0056              -0.0000               0.0660
[Row   2]              -0.4158               1.8181               0.5696               0.0000               0.0000               0.0329              -0.2474              -0.0271              -0.0000              -0.2153
[Row   3]              -0.1254               0.5696               1.3492              -0.0000              -0.0000               0.0077               0.0144              -0.2317               0.0000               0.3419
[Row   4]              -0.0000               0.0000              -0.0000               0.6385              -0.0000              -0.0000              -0.0000               0.0000               0.0991               0.0000
[Row   5]              -0.0000               0.0000              -0.0000              -0.0000               0.6385              -0.0043              -0.0729               0.3264              -0.0000              -0.5379
[Row   6]              -0.0036               0.0329               0.0077              -0.0000              -0.0043               2.1185              -0.5021               0.0288              -0.0000              -0.0578
[Row   7]               0.0397              -0.2474               0.0144              -0.0000              -0.0729              -0.5021               2.1487              -0.1493               0.0000               0.2990
[Row   8]              -0.0056              -0.0271              -0.2317               0.0000               0.3264               0.0288              -0.1493               1.7793               0.0000               0.4214
[Row   9]              -0.0000              -0.0000               0.0000               0.0991              -0.0000              -0.0000               0.0000               0.0000               1.9652              -0.0000
[Row  10]               0.0660              -0.2153               0.3419               0.0000              -0.5379              -0.0578               0.2990               0.4214              -0.0000               1.1410
[Row  11]              -0.0036               0.0329               0.0077              -0.0037               0.0021              -0.0002              -0.0012              -0.0055               0.0118              -0.0111
[Row  12]               0.0397              -0.2474               0.0144              -0.0632               0.0365              -0.0012               0.0200               0.0287              -0.0549               0.0466
[Row  13]              -0.0056              -0.0271              -0.2317               0.2827              -0.1632              -0.0055               0.0287               0.0693              -0.0747              -0.0334
[Row  14]               0.0572              -0.1864               0.2961              -0.3787               0.2758              -0.0038               0.0129              -0.0663               0.1005              -0.1142
[Row  15]              -0.0330               0.1076              -0.1709               0.2758              -0.0602               0.0158              -0.0708              -0.0480              -0.1010               0.2248
[Row  16]              -0.0036               0.0329               0.0077               0.0037               0.0021              -0.0002              -0.0012              -0.0055              -0.0118              -0.0111
[Row  17]               0.0397              -0.2474               0.0144               0.0632               0.0365              -0.0012               0.0200               0.0287               0.0549               0.0466
[Row  18]              -0.0056              -0.0271              -0.2317              -0.2827              -0.1632              -0.0055               0.0287               0.0693               0.0747              -0.0334
[Row  19]              -0.0572               0.1864              -0.2961              -0.3787              -0.2758               0.0038              -0.0129               0.0663               0.1005               0.1142
[Row  20]              -0.0330               0.1076              -0.1709              -0.2758              -0.0602               0.0158              -0.0708              -0.0480               0.1010               0.2248
                  [Col 11]              [Col 12]              [Col 13]              [Col 14]              [Col 15]              [Col 16]              [Col 17]              [Col 18]              [Col 19]              [Col 20]
[Row   1]              -0.0036               0.0397              -0.0056               0.0572              -0.0330              -0.0036               0.0397              -0.0056              -0.0572              -0.0330
[Row   2]               0.0329              -0.2474              -0.0271              -0.1864               0.1076               0.0329              -0.2474              -0.0271               0.1864               0.1076
[Row   3]               0.0077               0.0144              -0.2317               0.2961              -0.1709               0.0077               0.0144              -0.2317              -0.2961              -0.1709
[Row   4]              -0.0037              -0.0632               0.2827              -0.3787               0.2758               0.0037               0.0632              -0.2827              -0.3787              -0.2758
[Row   5]               0.0021               0.0365              -0.1632               0.2758              -0.0602               0.0021               0.0365              -0.1632              -0.2758              -0.0602
[Row   6]              -0.0002              -0.0012              -0.0055              -0.0038               0.0158              -0.0002              -0.0012              -0.0055               0.0038               0.0158
[Row   7]              -0.0012               0.0200               0.0287               0.0129              -0.0708              -0.0012               0.0200               0.0287              -0.0129              -0.0708
[Row   8]              -0.0055               0.0287               0.0693              -0.0663              -0.0480              -0.0055               0.0287               0.0693               0.0663              -0.0480
[Row   9]               0.0118              -0.0549              -0.0747               0.1005              -0.1010              -0.0118               0.0549               0.0747               0.1005               0.1010
[Row  10]              -0.0111               0.0466              -0.0334              -0.1142               0.2248              -0.0111               0.0466              -0.0334               0.1142               0.2248
[Row  11]               2.1185              -0.5021               0.0288              -0.0501               0.0289              -0.0002              -0.0012              -0.0055               0.0155              -0.0046
[Row  12]              -0.5021               2.1487              -0.1493               0.2589              -0.1495              -0.0012               0.0200               0.0287              -0.0678               0.0242
[Row  13]               0.0288              -0.1493               1.7793               0.3649              -0.2107              -0.0055               0.0287               0.0693              -0.0084               0.0814
[Row  14]              -0.0501               0.2589               0.3649               1.3471               0.3569              -0.0155               0.0678               0.0084               0.2869               0.0066
[Row  15]               0.0289              -0.1495              -0.2107               0.3569               1.7591              -0.0046               0.0242               0.0814              -0.0066               0.0383
[Row  16]              -0.0002              -0.0012              -0.0055              -0.0155              -0.0046               2.1185              -0.5021               0.0288               0.0501               0.0289
[Row  17]              -0.0012               0.0200               0.0287               0.0678               0.0242              -0.5021               2.1487              -0.1493              -0.2589              -0.1495
[Row  18]              -0.0055               0.0287               0.0693               0.0084               0.0814               0.0288              -0.1493               1.7793              -0.3649              -0.2107
[Row  19]               0.0155              -0.0678              -0.0084               0.2869              -0.0066               0.0501              -0.2589              -0.3649               1.3471              -0.3569
[Row  20]              -0.0046               0.0242               0.0814               0.0066               0.0383               0.0289              -0.1495              -0.2107              -0.3569               1.7591
===== P_mu,nu local =====

                  [Col  1]              [Col  2]              [Col  3]              [Col  4]              [Col  5]              [Col  6]              [Col  7]              [Col  8]              [Col  9]              [Col 10]
[Row   1]               2.0971              -0.4158              -0.1254              -0.0000              -0.0000              -0.0036               0.0397              -0.0056              -0.0000               0.0660
[Row   2]              -0.4158               1.8181               0.5696               0.0000               0.0000               0.0329              -0.2474              -0.0271              -0.0000              -0.2153
[Row   3]              -0.1254               0.5696               1.3492              -0.0000              -0.0000               0.0077               0.0144              -0.2317               0.0000               0.3419
[Row   4]              -0.0000               0.0000              -0.0000               0.6385              -0.0000              -0.0000              -0.0000               0.0000               0.0991               0.0000
[Row   5]              -0.0000               0.0000              -0.0000              -0.0000               0.6385              -0.0043              -0.0729               0.3264              -0.0000              -0.5379
[Row   6]              -0.0036               0.0329               0.0077              -0.0000              -0.0043               2.1185              -0.5021               0.0288              -0.0000              -0.0578
[Row   7]               0.0397              -0.2474               0.0144              -0.0000              -0.0729              -0.5021               2.1487              -0.1493               0.0000               0.2990
[Row   8]              -0.0056              -0.0271              -0.2317               0.0000               0.3264               0.0288              -0.1493               1.7793               0.0000               0.4214
[Row   9]              -0.0000              -0.0000               0.0000               0.0991              -0.0000              -0.0000               0.0000               0.0000               1.9652              -0.0000
[Row  10]               0.0660              -0.2153               0.3419               0.0000              -0.5379              -0.0578               0.2990               0.4214              -0.0000               1.1410
[Row  11]              -0.0036               0.0329               0.0077              -0.0037               0.0021              -0.0002              -0.0012              -0.0055               0.0118              -0.0111
[Row  12]               0.0397              -0.2474               0.0144              -0.0632               0.0365              -0.0012               0.0200               0.0287              -0.0549               0.0466
[Row  13]              -0.0056              -0.0271              -0.2317               0.2827              -0.1632              -0.0055               0.0287               0.0693              -0.0747              -0.0334
[Row  14]               0.0572              -0.1864               0.2961              -0.3787               0.2758              -0.0038               0.0129              -0.0663               0.1005              -0.1142
[Row  15]              -0.0330               0.1076              -0.1709               0.2758              -0.0602               0.0158              -0.0708              -0.0480              -0.1010               0.2248
[Row  16]              -0.0036               0.0329               0.0077               0.0037               0.0021              -0.0002              -0.0012              -0.0055              -0.0118              -0.0111
[Row  17]               0.0397              -0.2474               0.0144               0.0632               0.0365              -0.0012               0.0200               0.0287               0.0549               0.0466
[Row  18]              -0.0056              -0.0271              -0.2317              -0.2827              -0.1632              -0.0055               0.0287               0.0693               0.0747              -0.0334
[Row  19]              -0.0572               0.1864              -0.2961              -0.3787              -0.2758               0.0038              -0.0129               0.0663               0.1005               0.1142
[Row  20]              -0.0330               0.1076              -0.1709              -0.2758              -0.0602               0.0158              -0.0708              -0.0480               0.1010               0.2248
                  [Col 11]              [Col 12]              [Col 13]              [Col 14]              [Col 15]              [Col 16]              [Col 17]              [Col 18]              [Col 19]              [Col 20]
[Row   1]              -0.0036               0.0397              -0.0056               0.0572              -0.0330              -0.0036               0.0397              -0.0056              -0.0572              -0.0330
[Row   2]               0.0329              -0.2474              -0.0271              -0.1864               0.1076               0.0329              -0.2474              -0.0271               0.1864               0.1076
[Row   3]               0.0077               0.0144              -0.2317               0.2961              -0.1709               0.0077               0.0144              -0.2317              -0.2961              -0.1709
[Row   4]              -0.0037              -0.0632               0.2827              -0.3787               0.2758               0.0037               0.0632              -0.2827              -0.3787              -0.2758
[Row   5]               0.0021               0.0365              -0.1632               0.2758              -0.0602               0.0021               0.0365              -0.1632              -0.2758              -0.0602
[Row   6]              -0.0002              -0.0012              -0.0055              -0.0038               0.0158              -0.0002              -0.0012              -0.0055               0.0038               0.0158
[Row   7]              -0.0012               0.0200               0.0287               0.0129              -0.0708              -0.0012               0.0200               0.0287              -0.0129              -0.0708
[Row   8]              -0.0055               0.0287               0.0693              -0.0663              -0.0480              -0.0055               0.0287               0.0693               0.0663              -0.0480
[Row   9]               0.0118              -0.0549              -0.0747               0.1005              -0.1010              -0.0118               0.0549               0.0747               0.1005               0.1010
[Row  10]              -0.0111               0.0466              -0.0334              -0.1142               0.2248              -0.0111               0.0466              -0.0334               0.1142               0.2248
[Row  11]               2.1185              -0.5021               0.0288              -0.0501               0.0289              -0.0002              -0.0012              -0.0055               0.0155              -0.0046
[Row  12]              -0.5021               2.1487              -0.1493               0.2589              -0.1495              -0.0012               0.0200               0.0287              -0.0678               0.0242
[Row  13]               0.0288              -0.1493               1.7793               0.3649              -0.2107              -0.0055               0.0287               0.0693              -0.0084               0.0814
[Row  14]              -0.0501               0.2589               0.3649               1.3471               0.3569              -0.0155               0.0678               0.0084               0.2869               0.0066
[Row  15]               0.0289              -0.1495              -0.2107               0.3569               1.7591              -0.0046               0.0242               0.0814              -0.0066               0.0383
[Row  16]              -0.0002              -0.0012              -0.0055              -0.0155              -0.0046               2.1185              -0.5021               0.0288               0.0501               0.0289
[Row  17]              -0.0012               0.0200               0.0287               0.0678               0.0242              -0.5021               2.1487              -0.1493              -0.2589              -0.1495
[Row  18]              -0.0055               0.0287               0.0693               0.0084               0.0814               0.0288              -0.1493               1.7793              -0.3649              -0.2107
[Row  19]               0.0155              -0.0678              -0.0084               0.2869              -0.0066               0.0501              -0.2589              -0.3649               1.3471              -0.3569
[Row  20]              -0.0046               0.0242               0.0814               0.0066               0.0383               0.0289              -0.1495              -0.2107              -0.3569               1.7591
===== P_mu,nu psi4 =====

                  [Col  1]              [Col  2]              [Col  3]              [Col  4]              [Col  5]              [Col  6]              [Col  7]              [Col  8]              [Col  9]              [Col 10]
[Row   1]               2.0971              -0.4158              -0.1254              -0.0000              -0.0000              -0.0036               0.0397              -0.0056              -0.0000               0.0660
[Row   2]              -0.4158               1.8181               0.5696               0.0000               0.0000               0.0329              -0.2474              -0.0271              -0.0000              -0.2153
[Row   3]              -0.1254               0.5696               1.3492              -0.0000              -0.0000               0.0077               0.0144              -0.2317               0.0000               0.3419
[Row   4]              -0.0000               0.0000              -0.0000               0.6385              -0.0000              -0.0000              -0.0000               0.0000               0.0991               0.0000
[Row   5]              -0.0000               0.0000              -0.0000              -0.0000               0.6385              -0.0043              -0.0729               0.3264              -0.0000              -0.5379
[Row   6]              -0.0036               0.0329               0.0077              -0.0000              -0.0043               2.1185              -0.5021               0.0288              -0.0000              -0.0578
[Row   7]               0.0397              -0.2474               0.0144              -0.0000              -0.0729              -0.5021               2.1487              -0.1493               0.0000               0.2990
[Row   8]              -0.0056              -0.0271              -0.2317               0.0000               0.3264               0.0288              -0.1493               1.7793               0.0000               0.4214
[Row   9]              -0.0000              -0.0000               0.0000               0.0991              -0.0000              -0.0000               0.0000               0.0000               1.9652              -0.0000
[Row  10]               0.0660              -0.2153               0.3419               0.0000              -0.5379              -0.0578               0.2990               0.4214              -0.0000               1.1410
[Row  11]              -0.0036               0.0329               0.0077              -0.0037               0.0021              -0.0002              -0.0012              -0.0055               0.0118              -0.0111
[Row  12]               0.0397              -0.2474               0.0144              -0.0632               0.0365              -0.0012               0.0200               0.0287              -0.0549               0.0466
[Row  13]              -0.0056              -0.0271              -0.2317               0.2827              -0.1632              -0.0055               0.0287               0.0693              -0.0747              -0.0334
[Row  14]               0.0572              -0.1864               0.2961              -0.3787               0.2758              -0.0038               0.0129              -0.0663               0.1005              -0.1142
[Row  15]              -0.0330               0.1076              -0.1709               0.2758              -0.0602               0.0158              -0.0708              -0.0480              -0.1010               0.2248
[Row  16]              -0.0036               0.0329               0.0077               0.0037               0.0021              -0.0002              -0.0012              -0.0055              -0.0118              -0.0111
[Row  17]               0.0397              -0.2474               0.0144               0.0632               0.0365              -0.0012               0.0200               0.0287               0.0549               0.0466
[Row  18]              -0.0056              -0.0271              -0.2317              -0.2827              -0.1632              -0.0055               0.0287               0.0693               0.0747              -0.0334
[Row  19]              -0.0572               0.1864              -0.2961              -0.3787              -0.2758               0.0038              -0.0129               0.0663               0.1005               0.1142
[Row  20]              -0.0330               0.1076              -0.1709              -0.2758              -0.0602               0.0158              -0.0708              -0.0480               0.1010               0.2248
                  [Col 11]              [Col 12]              [Col 13]              [Col 14]              [Col 15]              [Col 16]              [Col 17]              [Col 18]              [Col 19]              [Col 20]
[Row   1]              -0.0036               0.0397              -0.0056               0.0572              -0.0330              -0.0036               0.0397              -0.0056              -0.0572              -0.0330
[Row   2]               0.0329              -0.2474              -0.0271              -0.1864               0.1076               0.0329              -0.2474              -0.0271               0.1864               0.1076
[Row   3]               0.0077               0.0144              -0.2317               0.2961              -0.1709               0.0077               0.0144              -0.2317              -0.2961              -0.1709
[Row   4]              -0.0037              -0.0632               0.2827              -0.3787               0.2758               0.0037               0.0632              -0.2827              -0.3787              -0.2758
[Row   5]               0.0021               0.0365              -0.1632               0.2758              -0.0602               0.0021               0.0365              -0.1632              -0.2758              -0.0602
[Row   6]              -0.0002              -0.0012              -0.0055              -0.0038               0.0158              -0.0002              -0.0012              -0.0055               0.0038               0.0158
[Row   7]              -0.0012               0.0200               0.0287               0.0129              -0.0708              -0.0012               0.0200               0.0287              -0.0129              -0.0708
[Row   8]              -0.0055               0.0287               0.0693              -0.0663              -0.0480              -0.0055               0.0287               0.0693               0.0663              -0.0480
[Row   9]               0.0118              -0.0549              -0.0747               0.1005              -0.1010              -0.0118               0.0549               0.0747               0.1005               0.1010
[Row  10]              -0.0111               0.0466              -0.0334              -0.1142               0.2248              -0.0111               0.0466              -0.0334               0.1142               0.2248
[Row  11]               2.1185              -0.5021               0.0288              -0.0501               0.0289              -0.0002              -0.0012              -0.0055               0.0155              -0.0046
[Row  12]              -0.5021               2.1487              -0.1493               0.2589              -0.1495              -0.0012               0.0200               0.0287              -0.0678               0.0242
[Row  13]               0.0288              -0.1493               1.7793               0.3649              -0.2107              -0.0055               0.0287               0.0693              -0.0084               0.0814
[Row  14]              -0.0501               0.2589               0.3649               1.3471               0.3569              -0.0155               0.0678               0.0084               0.2869               0.0066
[Row  15]               0.0289              -0.1495              -0.2107               0.3569               1.7591              -0.0046               0.0242               0.0814              -0.0066               0.0383
[Row  16]              -0.0002              -0.0012              -0.0055              -0.0155              -0.0046               2.1185              -0.5021               0.0288               0.0501               0.0289
[Row  17]              -0.0012               0.0200               0.0287               0.0678               0.0242              -0.5021               2.1487              -0.1493              -0.2589              -0.1495
[Row  18]              -0.0055               0.0287               0.0693               0.0084               0.0814               0.0288              -0.1493               1.7793              -0.3649              -0.2107
[Row  19]               0.0155              -0.0678              -0.0084               0.2869              -0.0066               0.0501              -0.2589              -0.3649               1.3471              -0.3569
[Row  20]              -0.0046               0.0242               0.0814               0.0066               0.0383               0.0289              -0.1495              -0.2107              -0.3569               1.7591
====== P^(AO) = SPS =====

                  [Col  1]              [Col  2]              [Col  3]              [Col  4]              [Col  5]              [Col  6]              [Col  7]              [Col  8]              [Col  9]              [Col 10]
[Row   1]               1.9998               0.4743              -0.0077              -0.0000              -0.0000               0.0001               0.0182               0.0142              -0.0000              -0.0263
[Row   2]               0.4743               1.9074               0.1677               0.0000               0.0000               0.0300               0.4128               0.2300              -0.0000              -0.5095
[Row   3]              -0.0077               0.1677               1.6965              -0.0000               0.0000              -0.0213              -0.2720              -0.0261               0.0000               0.5287
[Row   4]              -0.0000               0.0000              -0.0000               1.2633              -0.0000              -0.0000              -0.0000               0.0000               0.3030               0.0000
[Row   5]              -0.0000               0.0000               0.0000              -0.0000               1.2633               0.0431               0.5418               0.5411              -0.0000              -0.7739
[Row   6]               0.0001               0.0300              -0.0213              -0.0000               0.0431               2.0000               0.4765               0.0021              -0.0000              -0.0042
[Row   7]               0.0182               0.4128              -0.2720              -0.0000               0.5418               0.4765               1.9944              -0.0248               0.0000               0.0495
[Row   8]               0.0142               0.2300              -0.0261               0.0000               0.5411               0.0021              -0.0248               1.8839               0.0000               0.2141
[Row   9]              -0.0000              -0.0000               0.0000               0.3030              -0.0000              -0.0000               0.0000               0.0000               1.9840              -0.0000
[Row  10]              -0.0263              -0.5095               0.5287               0.0000              -0.7739              -0.0042               0.0495               0.2141              -0.0000               1.5648
[Row  11]               0.0001               0.0300              -0.0213               0.0373              -0.0215              -0.0000               0.0002              -0.0001               0.0007              -0.0011
[Row  12]               0.0182               0.4128              -0.2720               0.4692              -0.2709               0.0002               0.0191               0.0016               0.0110              -0.0215
[Row  13]               0.0142               0.2300              -0.0261               0.4686              -0.2705              -0.0001               0.0016               0.0320              -0.0336              -0.0055
[Row  14]              -0.0228              -0.4412               0.4579              -0.5047               0.4663              -0.0006              -0.0131              -0.0216               0.0325              -0.0268
[Row  15]               0.0132               0.2548              -0.2643               0.4663               0.0338               0.0012               0.0202              -0.0263              -0.0055               0.0512
[Row  16]               0.0001               0.0300              -0.0213              -0.0373              -0.0215              -0.0000               0.0002              -0.0001              -0.0007              -0.0011
[Row  17]               0.0182               0.4128              -0.2720              -0.4692              -0.2709               0.0002               0.0191               0.0016              -0.0110              -0.0215
[Row  18]               0.0142               0.2300              -0.0261              -0.4686              -0.2705              -0.0001               0.0016               0.0320               0.0336              -0.0055
[Row  19]               0.0228               0.4412              -0.4579              -0.5047              -0.4663               0.0006               0.0131               0.0216               0.0325               0.0268
[Row  20]               0.0132               0.2548              -0.2643              -0.4663               0.0338               0.0012               0.0202              -0.0263               0.0055               0.0512
                  [Col 11]              [Col 12]              [Col 13]              [Col 14]              [Col 15]              [Col 16]              [Col 17]              [Col 18]              [Col 19]              [Col 20]
[Row   1]               0.0001               0.0182               0.0142              -0.0228               0.0132               0.0001               0.0182               0.0142               0.0228               0.0132
[Row   2]               0.0300               0.4128               0.2300              -0.4412               0.2548               0.0300               0.4128               0.2300               0.4412               0.2548
[Row   3]              -0.0213              -0.2720              -0.0261               0.4579              -0.2643              -0.0213              -0.2720              -0.0261              -0.4579              -0.2643
[Row   4]               0.0373               0.4692               0.4686              -0.5047               0.4663              -0.0373              -0.4692              -0.4686              -0.5047              -0.4663
[Row   5]              -0.0215              -0.2709              -0.2705               0.4663               0.0338              -0.0215              -0.2709              -0.2705              -0.4663               0.0338
[Row   6]              -0.0000               0.0002              -0.0001              -0.0006               0.0012              -0.0000               0.0002              -0.0001               0.0006               0.0012
[Row   7]               0.0002               0.0191               0.0016              -0.0131               0.0202               0.0002               0.0191               0.0016               0.0131               0.0202
[Row   8]              -0.0001               0.0016               0.0320              -0.0216              -0.0263              -0.0001               0.0016               0.0320               0.0216              -0.0263
[Row   9]               0.0007               0.0110              -0.0336               0.0325              -0.0055              -0.0007              -0.0110               0.0336               0.0325               0.0055
[Row  10]              -0.0011              -0.0215              -0.0055              -0.0268               0.0512              -0.0011              -0.0215              -0.0055               0.0268               0.0512
[Row  11]               2.0000               0.4765               0.0021              -0.0037               0.0021              -0.0000               0.0002              -0.0001               0.0013              -0.0001
[Row  12]               0.4765               1.9944              -0.0248               0.0428              -0.0247               0.0002               0.0191               0.0016               0.0241               0.0013
[Row  13]               0.0021              -0.0248               1.8839               0.1854              -0.1070              -0.0001               0.0016               0.0320              -0.0120               0.0318
[Row  14]              -0.0037               0.0428               0.1854               1.6696               0.1815              -0.0013              -0.0241               0.0120               0.0606               0.0106
[Row  15]               0.0021              -0.0247              -0.1070               0.1815               1.8792              -0.0001               0.0013               0.0318              -0.0106               0.0232
[Row  16]              -0.0000               0.0002              -0.0001              -0.0013              -0.0001               2.0000               0.4765               0.0021               0.0037               0.0021
[Row  17]               0.0002               0.0191               0.0016              -0.0241               0.0013               0.4765               1.9944              -0.0248              -0.0428              -0.0247
[Row  18]              -0.0001               0.0016               0.0320               0.0120               0.0318               0.0021              -0.0248               1.8839              -0.1854              -0.1070
[Row  19]               0.0013               0.0241              -0.0120               0.0606              -0.0106               0.0037              -0.0428              -0.1854               1.6696              -0.1815
[Row  20]              -0.0001               0.0013               0.0318               0.0106               0.0232               0.0021              -0.0247              -0.1070              -0.1815               1.8792
====== S^(AO) = S =====

                  [Col  1]              [Col  2]              [Col  3]              [Col  4]              [Col  5]              [Col  6]              [Col  7]              [Col  8]              [Col  9]              [Col 10]
[Row   1]               1.0000               0.2350               0.0000               0.0000               0.0000               0.0000               0.0094               0.0081               0.0000              -0.0163
[Row   2]               0.2350               1.0000               0.0000               0.0000               0.0000               0.0156               0.1990               0.0924               0.0000              -0.1855
[Row   3]               0.0000               0.0000               1.0000               0.0000               0.0000              -0.0118              -0.1226               0.0279               0.0000               0.1390
[Row   4]               0.0000               0.0000               0.0000               1.0000               0.0000               0.0000               0.0000               0.0000               0.0972               0.0000
[Row   5]               0.0000               0.0000               0.0000               0.0000               1.0000               0.0236               0.2463               0.1390               0.0000              -0.1820
[Row   6]               0.0000               0.0156              -0.0118               0.0000               0.0236               1.0000               0.2380               0.0000               0.0000              -0.0000
[Row   7]               0.0094               0.1990              -0.1226               0.0000               0.2463               0.2380               1.0000               0.0000               0.0000              -0.0000
[Row   8]               0.0081               0.0924               0.0279               0.0000               0.1390               0.0000               0.0000               1.0000               0.0000              -0.0000
[Row   9]               0.0000               0.0000               0.0000               0.0972               0.0000               0.0000               0.0000               0.0000               1.0000               0.0000
[Row  10]              -0.0163              -0.1855               0.1390               0.0000              -0.1820              -0.0000              -0.0000              -0.0000               0.0000               1.0000
[Row  11]               0.0000               0.0156              -0.0118               0.0205              -0.0118               0.0000               0.0001               0.0000               0.0001              -0.0002
[Row  12]               0.0094               0.1990              -0.1226               0.2133              -0.1231               0.0001               0.0099               0.0000               0.0086              -0.0149
[Row  13]               0.0081               0.0924               0.0279               0.1204              -0.0695               0.0000               0.0000               0.0036               0.0000              -0.0000
[Row  14]              -0.0142              -0.1606               0.1204              -0.1122               0.1209              -0.0001              -0.0086              -0.0000              -0.0044               0.0138
[Row  15]               0.0082               0.0927              -0.0695               0.1209               0.0274               0.0002               0.0149               0.0000               0.0138              -0.0203
[Row  16]               0.0000               0.0156              -0.0118              -0.0205              -0.0118               0.0000               0.0001               0.0000              -0.0001              -0.0002
[Row  17]               0.0094               0.1990              -0.1226              -0.2133              -0.1231               0.0001               0.0099               0.0000              -0.0086              -0.0149
[Row  18]               0.0081               0.0924               0.0279              -0.1204              -0.0695               0.0000               0.0000               0.0036              -0.0000              -0.0000
[Row  19]               0.0142               0.1606              -0.1204              -0.1122              -0.1209               0.0001               0.0086               0.0000              -0.0044              -0.0138
[Row  20]               0.0082               0.0927              -0.0695              -0.1209               0.0274               0.0002               0.0149               0.0000              -0.0138              -0.0203
                  [Col 11]              [Col 12]              [Col 13]              [Col 14]              [Col 15]              [Col 16]              [Col 17]              [Col 18]              [Col 19]              [Col 20]
[Row   1]               0.0000               0.0094               0.0081              -0.0142               0.0082               0.0000               0.0094               0.0081               0.0142               0.0082
[Row   2]               0.0156               0.1990               0.0924              -0.1606               0.0927               0.0156               0.1990               0.0924               0.1606               0.0927
[Row   3]              -0.0118              -0.1226               0.0279               0.1204              -0.0695              -0.0118              -0.1226               0.0279              -0.1204              -0.0695
[Row   4]               0.0205               0.2133               0.1204              -0.1122               0.1209              -0.0205              -0.2133              -0.1204              -0.1122              -0.1209
[Row   5]              -0.0118              -0.1231              -0.0695               0.1209               0.0274              -0.0118              -0.1231              -0.0695              -0.1209               0.0274
[Row   6]               0.0000               0.0001               0.0000              -0.0001               0.0002               0.0000               0.0001               0.0000               0.0001               0.0002
[Row   7]               0.0001               0.0099               0.0000              -0.0086               0.0149               0.0001               0.0099               0.0000               0.0086               0.0149
[Row   8]               0.0000               0.0000               0.0036              -0.0000               0.0000               0.0000               0.0000               0.0036               0.0000               0.0000
[Row   9]               0.0001               0.0086               0.0000              -0.0044               0.0138              -0.0001              -0.0086              -0.0000              -0.0044              -0.0138
[Row  10]              -0.0002              -0.0149              -0.0000               0.0138              -0.0203              -0.0002              -0.0149              -0.0000              -0.0138              -0.0203
[Row  11]               1.0000               0.2380               0.0000              -0.0000               0.0000               0.0000               0.0001               0.0000               0.0002               0.0000
[Row  12]               0.2380               1.0000               0.0000              -0.0000               0.0000               0.0001               0.0099               0.0000               0.0173               0.0000
[Row  13]               0.0000               0.0000               1.0000              -0.0000               0.0000               0.0000               0.0000               0.0036               0.0000               0.0000
[Row  14]              -0.0000              -0.0000              -0.0000               1.0000              -0.0000              -0.0002              -0.0173              -0.0000              -0.0283              -0.0000
[Row  15]               0.0000               0.0000               0.0000              -0.0000               1.0000               0.0000               0.0000               0.0000               0.0000               0.0036
[Row  16]               0.0000               0.0001               0.0000              -0.0002               0.0000               1.0000               0.2380               0.0000               0.0000               0.0000
[Row  17]               0.0001               0.0099               0.0000              -0.0173               0.0000               0.2380               1.0000               0.0000               0.0000               0.0000
[Row  18]               0.0000               0.0000               0.0036              -0.0000               0.0000               0.0000               0.0000               1.0000               0.0000               0.0000
[Row  19]               0.0002               0.0173               0.0000              -0.0283               0.0000               0.0000               0.0000               0.0000               1.0000               0.0000
[Row  20]               0.0000               0.0000               0.0000              -0.0000               0.0036               0.0000               0.0000               0.0000               0.0000               1.0000
====== P^(AO) std gaussian m_l ordering SPS =====

                  [Col  1]              [Col  2]              [Col  3]              [Col  4]              [Col  5]              [Col  6]              [Col  7]              [Col  8]              [Col  9]              [Col 10]
[Row   1]               1.9998               0.4743              -0.0000              -0.0000              -0.0077               0.0001               0.0182              -0.0000              -0.0263               0.0142
[Row   2]               0.4743               1.9074               0.0000               0.0000               0.1677               0.0300               0.4128              -0.0000              -0.5095               0.2300
[Row   3]              -0.0000               0.0000               1.2633              -0.0000              -0.0000              -0.0000              -0.0000               0.3030               0.0000               0.0000
[Row   4]              -0.0000               0.0000              -0.0000               1.2633               0.0000               0.0431               0.5418              -0.0000              -0.7739               0.5411
[Row   5]              -0.0077               0.1677              -0.0000               0.0000               1.6965              -0.0213              -0.2720               0.0000               0.5287              -0.0261
[Row   6]               0.0001               0.0300              -0.0000               0.0431              -0.0213               2.0000               0.4765              -0.0000              -0.0042               0.0021
[Row   7]               0.0182               0.4128              -0.0000               0.5418              -0.2720               0.4765               1.9944               0.0000               0.0495              -0.0248
[Row   8]              -0.0000              -0.0000               0.3030              -0.0000               0.0000              -0.0000               0.0000               1.9840              -0.0000               0.0000
[Row   9]              -0.0263              -0.5095               0.0000              -0.7739               0.5287              -0.0042               0.0495              -0.0000               1.5648               0.2141
[Row  10]               0.0142               0.2300               0.0000               0.5411              -0.0261               0.0021              -0.0248               0.0000               0.2141               1.8839
[Row  11]               0.0001               0.0300               0.0373              -0.0215              -0.0213              -0.0000               0.0002               0.0007              -0.0011              -0.0001
[Row  12]               0.0182               0.4128               0.4692              -0.2709              -0.2720               0.0002               0.0191               0.0110              -0.0215               0.0016
[Row  13]              -0.0228              -0.4412              -0.5047               0.4663               0.4579              -0.0006              -0.0131               0.0325              -0.0268              -0.0216
[Row  14]               0.0132               0.2548               0.4663               0.0338              -0.2643               0.0012               0.0202              -0.0055               0.0512              -0.0263
[Row  15]               0.0142               0.2300               0.4686              -0.2705              -0.0261              -0.0001               0.0016              -0.0336              -0.0055               0.0320
[Row  16]               0.0001               0.0300              -0.0373              -0.0215              -0.0213              -0.0000               0.0002              -0.0007              -0.0011              -0.0001
[Row  17]               0.0182               0.4128              -0.4692              -0.2709              -0.2720               0.0002               0.0191              -0.0110              -0.0215               0.0016
[Row  18]               0.0228               0.4412              -0.5047              -0.4663              -0.4579               0.0006               0.0131               0.0325               0.0268               0.0216
[Row  19]               0.0132               0.2548              -0.4663               0.0338              -0.2643               0.0012               0.0202               0.0055               0.0512              -0.0263
[Row  20]               0.0142               0.2300              -0.4686              -0.2705              -0.0261              -0.0001               0.0016               0.0336              -0.0055               0.0320
                  [Col 11]              [Col 12]              [Col 13]              [Col 14]              [Col 15]              [Col 16]              [Col 17]              [Col 18]              [Col 19]              [Col 20]
[Row   1]               0.0001               0.0182              -0.0228               0.0132               0.0142               0.0001               0.0182               0.0228               0.0132               0.0142
[Row   2]               0.0300               0.4128              -0.4412               0.2548               0.2300               0.0300               0.4128               0.4412               0.2548               0.2300
[Row   3]               0.0373               0.4692              -0.5047               0.4663               0.4686              -0.0373              -0.4692              -0.5047              -0.4663              -0.4686
[Row   4]              -0.0215              -0.2709               0.4663               0.0338              -0.2705              -0.0215              -0.2709              -0.4663               0.0338              -0.2705
[Row   5]              -0.0213              -0.2720               0.4579              -0.2643              -0.0261              -0.0213              -0.2720              -0.4579              -0.2643              -0.0261
[Row   6]              -0.0000               0.0002              -0.0006               0.0012              -0.0001              -0.0000               0.0002               0.0006               0.0012              -0.0001
[Row   7]               0.0002               0.0191              -0.0131               0.0202               0.0016               0.0002               0.0191               0.0131               0.0202               0.0016
[Row   8]               0.0007               0.0110               0.0325              -0.0055              -0.0336              -0.0007              -0.0110               0.0325               0.0055               0.0336
[Row   9]              -0.0011              -0.0215              -0.0268               0.0512              -0.0055              -0.0011              -0.0215               0.0268               0.0512              -0.0055
[Row  10]              -0.0001               0.0016              -0.0216              -0.0263               0.0320              -0.0001               0.0016               0.0216              -0.0263               0.0320
[Row  11]               2.0000               0.4765              -0.0037               0.0021               0.0021              -0.0000               0.0002               0.0013              -0.0001              -0.0001
[Row  12]               0.4765               1.9944               0.0428              -0.0247              -0.0248               0.0002               0.0191               0.0241               0.0013               0.0016
[Row  13]              -0.0037               0.0428               1.6696               0.1815               0.1854              -0.0013              -0.0241               0.0606               0.0106               0.0120
[Row  14]               0.0021              -0.0247               0.1815               1.8792              -0.1070              -0.0001               0.0013              -0.0106               0.0232               0.0318
[Row  15]               0.0021              -0.0248               0.1854              -0.1070               1.8839              -0.0001               0.0016              -0.0120               0.0318               0.0320
[Row  16]              -0.0000               0.0002              -0.0013              -0.0001              -0.0001               2.0000               0.4765               0.0037               0.0021               0.0021
[Row  17]               0.0002               0.0191              -0.0241               0.0013               0.0016               0.4765               1.9944              -0.0428              -0.0247              -0.0248
[Row  18]               0.0013               0.0241               0.0606              -0.0106              -0.0120               0.0037              -0.0428               1.6696              -0.1815              -0.1854
[Row  19]              -0.0001               0.0013               0.0106               0.0232               0.0318               0.0021              -0.0247              -0.1815               1.8792              -0.1070
[Row  20]              -0.0001               0.0016               0.0120               0.0318               0.0320               0.0021              -0.0248              -0.1854              -0.1070               1.8839
====== S^(AO) std gaussian m_l ordering =====

                  [Col  1]              [Col  2]              [Col  3]              [Col  4]              [Col  5]              [Col  6]              [Col  7]              [Col  8]              [Col  9]              [Col 10]
[Row   1]               1.0000               0.2350               0.0000               0.0000               0.0000               0.0000               0.0094               0.0000              -0.0163               0.0081
[Row   2]               0.2350               1.0000               0.0000               0.0000               0.0000               0.0156               0.1990               0.0000              -0.1855               0.0924
[Row   3]               0.0000               0.0000               1.0000               0.0000               0.0000               0.0000               0.0000               0.0972               0.0000               0.0000
[Row   4]               0.0000               0.0000               0.0000               1.0000               0.0000               0.0236               0.2463               0.0000              -0.1820               0.1390
[Row   5]               0.0000               0.0000               0.0000               0.0000               1.0000              -0.0118              -0.1226               0.0000               0.1390               0.0279
[Row   6]               0.0000               0.0156               0.0000               0.0236              -0.0118               1.0000               0.2380               0.0000              -0.0000               0.0000
[Row   7]               0.0094               0.1990               0.0000               0.2463              -0.1226               0.2380               1.0000               0.0000              -0.0000               0.0000
[Row   8]               0.0000               0.0000               0.0972               0.0000               0.0000               0.0000               0.0000               1.0000               0.0000               0.0000
[Row   9]              -0.0163              -0.1855               0.0000              -0.1820               0.1390              -0.0000              -0.0000               0.0000               1.0000              -0.0000
[Row  10]               0.0081               0.0924               0.0000               0.1390               0.0279               0.0000               0.0000               0.0000              -0.0000               1.0000
[Row  11]               0.0000               0.0156               0.0205              -0.0118              -0.0118               0.0000               0.0001               0.0001              -0.0002               0.0000
[Row  12]               0.0094               0.1990               0.2133              -0.1231              -0.1226               0.0001               0.0099               0.0086              -0.0149               0.0000
[Row  13]              -0.0142              -0.1606              -0.1122               0.1209               0.1204              -0.0001              -0.0086              -0.0044               0.0138              -0.0000
[Row  14]               0.0082               0.0927               0.1209               0.0274              -0.0695               0.0002               0.0149               0.0138              -0.0203               0.0000
[Row  15]               0.0081               0.0924               0.1204              -0.0695               0.0279               0.0000               0.0000               0.0000              -0.0000               0.0036
[Row  16]               0.0000               0.0156              -0.0205              -0.0118              -0.0118               0.0000               0.0001              -0.0001              -0.0002               0.0000
[Row  17]               0.0094               0.1990              -0.2133              -0.1231              -0.1226               0.0001               0.0099              -0.0086              -0.0149               0.0000
[Row  18]               0.0142               0.1606              -0.1122              -0.1209              -0.1204               0.0001               0.0086              -0.0044              -0.0138               0.0000
[Row  19]               0.0082               0.0927              -0.1209               0.0274              -0.0695               0.0002               0.0149              -0.0138              -0.0203               0.0000
[Row  20]               0.0081               0.0924              -0.1204              -0.0695               0.0279               0.0000               0.0000              -0.0000              -0.0000               0.0036
                  [Col 11]              [Col 12]              [Col 13]              [Col 14]              [Col 15]              [Col 16]              [Col 17]              [Col 18]              [Col 19]              [Col 20]
[Row   1]               0.0000               0.0094              -0.0142               0.0082               0.0081               0.0000               0.0094               0.0142               0.0082               0.0081
[Row   2]               0.0156               0.1990              -0.1606               0.0927               0.0924               0.0156               0.1990               0.1606               0.0927               0.0924
[Row   3]               0.0205               0.2133              -0.1122               0.1209               0.1204              -0.0205              -0.2133              -0.1122              -0.1209              -0.1204
[Row   4]              -0.0118              -0.1231               0.1209               0.0274              -0.0695              -0.0118              -0.1231              -0.1209               0.0274              -0.0695
[Row   5]              -0.0118              -0.1226               0.1204              -0.0695               0.0279              -0.0118              -0.1226              -0.1204              -0.0695               0.0279
[Row   6]               0.0000               0.0001              -0.0001               0.0002               0.0000               0.0000               0.0001               0.0001               0.0002               0.0000
[Row   7]               0.0001               0.0099              -0.0086               0.0149               0.0000               0.0001               0.0099               0.0086               0.0149               0.0000
[Row   8]               0.0001               0.0086              -0.0044               0.0138               0.0000              -0.0001              -0.0086              -0.0044              -0.0138              -0.0000
[Row   9]              -0.0002              -0.0149               0.0138              -0.0203              -0.0000              -0.0002              -0.0149              -0.0138              -0.0203              -0.0000
[Row  10]               0.0000               0.0000              -0.0000               0.0000               0.0036               0.0000               0.0000               0.0000               0.0000               0.0036
[Row  11]               1.0000               0.2380              -0.0000               0.0000               0.0000               0.0000               0.0001               0.0002               0.0000               0.0000
[Row  12]               0.2380               1.0000              -0.0000               0.0000               0.0000               0.0001               0.0099               0.0173               0.0000               0.0000
[Row  13]              -0.0000              -0.0000               1.0000              -0.0000              -0.0000              -0.0002              -0.0173              -0.0283              -0.0000              -0.0000
[Row  14]               0.0000               0.0000              -0.0000               1.0000               0.0000               0.0000               0.0000               0.0000               0.0036               0.0000
[Row  15]               0.0000               0.0000              -0.0000               0.0000               1.0000               0.0000               0.0000               0.0000               0.0000               0.0036
[Row  16]               0.0000               0.0001              -0.0002               0.0000               0.0000               1.0000               0.2380               0.0000               0.0000               0.0000
[Row  17]               0.0001               0.0099              -0.0173               0.0000               0.0000               0.2380               1.0000               0.0000               0.0000               0.0000
[Row  18]               0.0002               0.0173              -0.0283               0.0000               0.0000               0.0000               0.0000               1.0000               0.0000               0.0000
[Row  19]               0.0000               0.0000              -0.0000               0.0036               0.0000               0.0000               0.0000               0.0000               1.0000               0.0000
[Row  20]               0.0000               0.0000              -0.0000               0.0000               0.0036               0.0000               0.0000               0.0000               0.0000               1.0000
