molecule mol66.xyz
System:, atNum: 7 coords [              0.0000               0.0000              -2.3281]
System:, atNum: 7 coords [              0.0000               0.0000              -0.1150]
System:, atNum: 8 coords [              0.0000               0.0000               2.1377]
===== Original AO-S matrix =====

                  [Col  1]              [Col  2]              [Col  3]              [Col  4]              [Col  5]              [Col  6]              [Col  7]              [Col  8]              [Col  9]              [Col 10]
[Row   1]               1.0000               0.2350              -0.0000               0.0000               0.0000               0.0000               0.0421              -0.0699               0.0000               0.0000
[Row   2]               0.2350               1.0000              -0.0000               0.0000               0.0000               0.0421               0.4018              -0.4136               0.0000               0.0000
[Row   3]              -0.0000              -0.0000               1.0000               0.0000               0.0000               0.0699               0.4136              -0.3277               0.0000               0.0000
[Row   4]               0.0000               0.0000               0.0000               1.0000               0.0000               0.0000               0.0000               0.0000               0.2425               0.0000
[Row   5]               0.0000               0.0000               0.0000               0.0000               1.0000               0.0000               0.0000               0.0000               0.0000               0.2425
[Row   6]               0.0000               0.0421               0.0699               0.0000               0.0000               1.0000               0.2350               0.0000               0.0000               0.0000
[Row   7]               0.0421               0.4018               0.4136               0.0000               0.0000               0.2350               1.0000              -0.0000               0.0000               0.0000
[Row   8]              -0.0699              -0.4136              -0.3277               0.0000               0.0000               0.0000              -0.0000               1.0000               0.0000               0.0000
[Row   9]               0.0000               0.0000               0.0000               0.2425               0.0000               0.0000               0.0000               0.0000               1.0000               0.0000
[Row  10]               0.0000               0.0000               0.0000               0.0000               0.2425               0.0000               0.0000               0.0000               0.0000               1.0000
[Row  11]               0.0000               0.0005               0.0013               0.0000               0.0000               0.0000               0.0322               0.0534               0.0000               0.0000
[Row  12]               0.0001               0.0218               0.0375               0.0000               0.0000               0.0299               0.3375               0.3967               0.0000               0.0000
[Row  13]              -0.0004              -0.0333              -0.0532               0.0000               0.0000              -0.0503              -0.3357              -0.3207               0.0000               0.0000
[Row  14]               0.0000               0.0000               0.0000               0.0082               0.0000               0.0000               0.0000               0.0000               0.1919               0.0000
[Row  15]               0.0000               0.0000               0.0000               0.0000               0.0082               0.0000               0.0000               0.0000               0.0000               0.1919
                  [Col 11]              [Col 12]              [Col 13]              [Col 14]              [Col 15]
[Row   1]               0.0000               0.0001              -0.0004               0.0000               0.0000
[Row   2]               0.0005               0.0218              -0.0333               0.0000               0.0000
[Row   3]               0.0013               0.0375              -0.0532               0.0000               0.0000
[Row   4]               0.0000               0.0000               0.0000               0.0082               0.0000
[Row   5]               0.0000               0.0000               0.0000               0.0000               0.0082
[Row   6]               0.0000               0.0299              -0.0503               0.0000               0.0000
[Row   7]               0.0322               0.3375              -0.3357               0.0000               0.0000
[Row   8]               0.0534               0.3967              -0.3207               0.0000               0.0000
[Row   9]               0.0000               0.0000               0.0000               0.1919               0.0000
[Row  10]               0.0000               0.0000               0.0000               0.0000               0.1919
[Row  11]               1.0000               0.2367              -0.0000               0.0000               0.0000
[Row  12]               0.2367               1.0000               0.0000               0.0000               0.0000
[Row  13]              -0.0000               0.0000               1.0000               0.0000               0.0000
[Row  14]               0.0000               0.0000               0.0000               1.0000               0.0000
[Row  15]               0.0000               0.0000               0.0000               0.0000               1.0000
nbas 15
 ===== CA ===== 

                  [Col  1]              [Col  2]              [Col  3]              [Col  4]              [Col  5]              [Col  6]              [Col  7]              [Col  8]              [Col  9]              [Col 10]
[Row   1]               0.0000               0.0020               0.9942               0.0756               0.1567               0.1216               0.0000              -0.0000               0.1404              -0.0000
[Row   2]               0.0008              -0.0066               0.0268              -0.2186              -0.4456              -0.5132              -0.0000               0.0000              -0.7115               0.0000
[Row   3]               0.0006              -0.0039               0.0075              -0.1120              -0.1686               0.1496               0.0000              -0.0000               0.5065              -0.0000
[Row   4]              -0.0000               0.0000               0.0000               0.0000               0.0000               0.0000               0.0043               0.3480               0.0000               0.0042
[Row   5]               0.0000              -0.0000               0.0000               0.0000              -0.0000              -0.0000               0.3480              -0.0043               0.0000               0.6046
[Row   6]              -0.0004               0.9940              -0.0014               0.1802               0.0719              -0.1260              -0.0000               0.0000              -0.0286              -0.0000
[Row   7]               0.0059               0.0281              -0.0085              -0.5298              -0.2222               0.5489               0.0000              -0.0000               0.1177               0.0000
[Row   8]               0.0061              -0.0015               0.0055              -0.0719               0.4174               0.2210               0.0000              -0.0000              -0.4423               0.0000
[Row   9]              -0.0000               0.0000               0.0000              -0.0000               0.0000               0.0000               0.0084               0.6792               0.0000               0.0011
[Row  10]               0.0000              -0.0000              -0.0000               0.0000              -0.0000              -0.0000               0.6792              -0.0084               0.0000               0.1574
[Row  11]              -0.9944               0.0003              -0.0000               0.1563              -0.1314               0.1505               0.0000              -0.0000              -0.0587               0.0000
[Row  12]              -0.0250              -0.0047              -0.0001              -0.5175               0.4494              -0.7183              -0.0000               0.0000               0.3160              -0.0000
[Row  13]               0.0055               0.0024               0.0001               0.1550              -0.0659              -0.4058              -0.0000               0.0000               0.3179               0.0000
[Row  14]               0.0000              -0.0000              -0.0000              -0.0000               0.0000               0.0000               0.0054               0.4330              -0.0000              -0.0055
[Row  15]               0.0000              -0.0000               0.0000               0.0000              -0.0000              -0.0000               0.4330              -0.0054               0.0000              -0.7866
                  [Col 11]              [Col 12]              [Col 13]              [Col 14]              [Col 15]
[Row   1]              -0.0000               0.0000              -0.0000               0.0768               0.0957
[Row   2]               0.0000              -0.0000               0.0000              -0.5020              -0.8583
[Row   3]              -0.0000              -0.0000              -0.0000              -0.7473              -0.9300
[Row   4]               0.6046               0.7599               0.0040              -0.0000               0.0000
[Row   5]              -0.0042              -0.0040               0.7599               0.0000              -0.0000
[Row   6]               0.0000              -0.0000               0.0000              -0.1741              -0.0252
[Row   7]              -0.0000               0.0000              -0.0000               1.2442               0.3089
[Row   8]               0.0000              -0.0000              -0.0000               0.0711              -1.4186
[Row   9]               0.1574              -0.7865              -0.0042               0.0000               0.0000
[Row  10]              -0.0011               0.0042              -0.7865              -0.0000               0.0000
[Row  11]               0.0000               0.0000              -0.0000               0.0748              -0.0773
[Row  12]              -0.0000              -0.0000               0.0000              -0.4729               0.5900
[Row  13]              -0.0000               0.0000              -0.0000               0.8203              -0.6882
[Row  14]              -0.7866               0.4833               0.0026              -0.0000              -0.0000
[Row  15]               0.0055              -0.0026               0.4833               0.0000              -0.0000
 ===== CB ===== 

                  [Col  1]              [Col  2]              [Col  3]              [Col  4]              [Col  5]              [Col  6]              [Col  7]              [Col  8]              [Col  9]              [Col 10]
[Row   1]               0.0000               0.0020               0.9942               0.0756               0.1567               0.1216               0.0000              -0.0000               0.1404              -0.0000
[Row   2]               0.0008              -0.0066               0.0268              -0.2186              -0.4456              -0.5132              -0.0000               0.0000              -0.7115               0.0000
[Row   3]               0.0006              -0.0039               0.0075              -0.1120              -0.1686               0.1496               0.0000              -0.0000               0.5065              -0.0000
[Row   4]              -0.0000               0.0000               0.0000               0.0000               0.0000               0.0000               0.0043               0.3480               0.0000               0.0042
[Row   5]               0.0000              -0.0000               0.0000               0.0000              -0.0000              -0.0000               0.3480              -0.0043               0.0000               0.6046
[Row   6]              -0.0004               0.9940              -0.0014               0.1802               0.0719              -0.1260              -0.0000               0.0000              -0.0286              -0.0000
[Row   7]               0.0059               0.0281              -0.0085              -0.5298              -0.2222               0.5489               0.0000              -0.0000               0.1177               0.0000
[Row   8]               0.0061              -0.0015               0.0055              -0.0719               0.4174               0.2210               0.0000              -0.0000              -0.4423               0.0000
[Row   9]              -0.0000               0.0000               0.0000              -0.0000               0.0000               0.0000               0.0084               0.6792               0.0000               0.0011
[Row  10]               0.0000              -0.0000              -0.0000               0.0000              -0.0000              -0.0000               0.6792              -0.0084               0.0000               0.1574
[Row  11]              -0.9944               0.0003              -0.0000               0.1563              -0.1314               0.1505               0.0000              -0.0000              -0.0587               0.0000
[Row  12]              -0.0250              -0.0047              -0.0001              -0.5175               0.4494              -0.7183              -0.0000               0.0000               0.3160              -0.0000
[Row  13]               0.0055               0.0024               0.0001               0.1550              -0.0659              -0.4058              -0.0000               0.0000               0.3179               0.0000
[Row  14]               0.0000              -0.0000              -0.0000              -0.0000               0.0000               0.0000               0.0054               0.4330              -0.0000              -0.0055
[Row  15]               0.0000              -0.0000               0.0000               0.0000              -0.0000              -0.0000               0.4330              -0.0054               0.0000              -0.7866
                  [Col 11]              [Col 12]              [Col 13]              [Col 14]              [Col 15]
[Row   1]              -0.0000               0.0000              -0.0000               0.0768               0.0957
[Row   2]               0.0000              -0.0000               0.0000              -0.5020              -0.8583
[Row   3]              -0.0000              -0.0000              -0.0000              -0.7473              -0.9300
[Row   4]               0.6046               0.7599               0.0040              -0.0000               0.0000
[Row   5]              -0.0042              -0.0040               0.7599               0.0000              -0.0000
[Row   6]               0.0000              -0.0000               0.0000              -0.1741              -0.0252
[Row   7]              -0.0000               0.0000              -0.0000               1.2442               0.3089
[Row   8]               0.0000              -0.0000              -0.0000               0.0711              -1.4186
[Row   9]               0.1574              -0.7865              -0.0042               0.0000               0.0000
[Row  10]              -0.0011               0.0042              -0.7865              -0.0000               0.0000
[Row  11]               0.0000               0.0000              -0.0000               0.0748              -0.0773
[Row  12]              -0.0000              -0.0000               0.0000              -0.4729               0.5900
[Row  13]              -0.0000               0.0000              -0.0000               0.8203              -0.6882
[Row  14]              -0.7866               0.4833               0.0026              -0.0000              -0.0000
[Row  15]               0.0055              -0.0026               0.4833               0.0000              -0.0000
 ===== P_psi ===== Dalpha+Dbeta 

                  [Col  1]              [Col  2]              [Col  3]              [Col  4]              [Col  5]              [Col  6]              [Col  7]              [Col  8]              [Col  9]              [Col 10]
[Row   1]               2.1065              -0.4441               0.1237               0.0000               0.0000               0.0123               0.0001               0.0605               0.0000              -0.0000
[Row   2]              -0.4441               2.0334              -0.6745               0.0000               0.0000               0.0141              -0.3021               0.0621              -0.0000               0.0000
[Row   3]               0.1237              -0.6745               0.6399              -0.0000              -0.0000              -0.1391               0.4767              -0.5064               0.0000              -0.0000
[Row   4]               0.0000               0.0000              -0.0000               0.9734              -0.0000               0.0000              -0.0000               0.0000               0.6631               0.0000
[Row   5]               0.0000               0.0000              -0.0000              -0.0000               0.9734              -0.0000               0.0000               0.0000               0.0000               0.6631
[Row   6]               0.0123               0.0141              -0.1391               0.0000              -0.0000               2.0847              -0.3121               0.0007              -0.0000               0.0000
[Row   7]               0.0001              -0.3021               0.4767              -0.0000               0.0000              -0.3121               1.2922               0.0291               0.0000              -0.0000
[Row   8]               0.0605               0.0621              -0.5064               0.0000               0.0000               0.0007               0.0291               0.8478               0.0000               0.0000
[Row   9]               0.0000              -0.0000               0.0000               0.6631               0.0000              -0.0000               0.0000               0.0000               0.9723               0.0000
[Row  10]              -0.0000               0.0000              -0.0000               0.0000               0.6631               0.0000              -0.0000               0.0000               0.0000               0.9723
[Row  11]               0.0025              -0.0237              -0.0063               0.0000              -0.0000               0.0044               0.0324              -0.0258               0.0000               0.0000
[Row  12]              -0.0236               0.1133               0.0695              -0.0000              -0.0000               0.0316              -0.3661              -0.1477              -0.0000              -0.0000
[Row  13]              -0.0064              -0.0448               0.1880               0.0000               0.0000               0.1352              -0.5055              -0.5378               0.0000               0.0000
[Row  14]              -0.0000              -0.0000              -0.0000              -0.6498               0.0000              -0.0000              -0.0000               0.0000               0.3407              -0.0000
[Row  15]               0.0000               0.0000               0.0000               0.0000              -0.6498               0.0000              -0.0000              -0.0000              -0.0000               0.3407
                  [Col 11]              [Col 12]              [Col 13]              [Col 14]              [Col 15]
[Row   1]               0.0025              -0.0236              -0.0064              -0.0000               0.0000
[Row   2]              -0.0237               0.1133              -0.0448              -0.0000               0.0000
[Row   3]              -0.0063               0.0695               0.1880              -0.0000               0.0000
[Row   4]               0.0000              -0.0000               0.0000              -0.6498               0.0000
[Row   5]              -0.0000              -0.0000               0.0000               0.0000              -0.6498
[Row   6]               0.0044               0.0316               0.1352              -0.0000               0.0000
[Row   7]               0.0324              -0.3661              -0.5055              -0.0000              -0.0000
[Row   8]              -0.0258              -0.1477              -0.5378               0.0000              -0.0000
[Row   9]               0.0000              -0.0000               0.0000               0.3407              -0.0000
[Row  10]               0.0000              -0.0000               0.0000              -0.0000               0.3407
[Row  11]               2.1132              -0.4835              -0.1047              -0.0000              -0.0000
[Row  12]              -0.4835               2.1724               0.5639               0.0000               0.0000
[Row  13]              -0.1047               0.5639               0.5883              -0.0000              -0.0000
[Row  14]              -0.0000               0.0000              -0.0000               1.6127               0.0000
[Row  15]              -0.0000               0.0000              -0.0000               0.0000               1.6127
===== P_mu,nu local =====

                  [Col  1]              [Col  2]              [Col  3]              [Col  4]              [Col  5]              [Col  6]              [Col  7]              [Col  8]              [Col  9]              [Col 10]
[Row   1]               2.1065              -0.4441               0.1237               0.0000               0.0000               0.0123               0.0001               0.0605               0.0000              -0.0000
[Row   2]              -0.4441               2.0334              -0.6745               0.0000               0.0000               0.0141              -0.3021               0.0621              -0.0000               0.0000
[Row   3]               0.1237              -0.6745               0.6399              -0.0000              -0.0000              -0.1391               0.4767              -0.5064               0.0000              -0.0000
[Row   4]               0.0000               0.0000              -0.0000               0.9734              -0.0000               0.0000              -0.0000               0.0000               0.6631               0.0000
[Row   5]               0.0000               0.0000              -0.0000              -0.0000               0.9734              -0.0000               0.0000               0.0000               0.0000               0.6631
[Row   6]               0.0123               0.0141              -0.1391               0.0000              -0.0000               2.0847              -0.3121               0.0007              -0.0000               0.0000
[Row   7]               0.0001              -0.3021               0.4767              -0.0000               0.0000              -0.3121               1.2922               0.0291               0.0000              -0.0000
[Row   8]               0.0605               0.0621              -0.5064               0.0000               0.0000               0.0007               0.0291               0.8478               0.0000               0.0000
[Row   9]               0.0000              -0.0000               0.0000               0.6631               0.0000              -0.0000               0.0000               0.0000               0.9723               0.0000
[Row  10]              -0.0000               0.0000              -0.0000               0.0000               0.6631               0.0000              -0.0000               0.0000               0.0000               0.9723
[Row  11]               0.0025              -0.0237              -0.0063               0.0000              -0.0000               0.0044               0.0324              -0.0258               0.0000               0.0000
[Row  12]              -0.0236               0.1133               0.0695              -0.0000              -0.0000               0.0316              -0.3661              -0.1477              -0.0000              -0.0000
[Row  13]              -0.0064              -0.0448               0.1880               0.0000               0.0000               0.1352              -0.5055              -0.5378               0.0000               0.0000
[Row  14]              -0.0000              -0.0000              -0.0000              -0.6498               0.0000              -0.0000              -0.0000               0.0000               0.3407              -0.0000
[Row  15]               0.0000               0.0000               0.0000               0.0000              -0.6498               0.0000              -0.0000              -0.0000              -0.0000               0.3407
                  [Col 11]              [Col 12]              [Col 13]              [Col 14]              [Col 15]
[Row   1]               0.0025              -0.0236              -0.0064              -0.0000               0.0000
[Row   2]              -0.0237               0.1133              -0.0448              -0.0000               0.0000
[Row   3]              -0.0063               0.0695               0.1880              -0.0000               0.0000
[Row   4]               0.0000              -0.0000               0.0000              -0.6498               0.0000
[Row   5]              -0.0000              -0.0000               0.0000               0.0000              -0.6498
[Row   6]               0.0044               0.0316               0.1352              -0.0000               0.0000
[Row   7]               0.0324              -0.3661              -0.5055              -0.0000              -0.0000
[Row   8]              -0.0258              -0.1477              -0.5378               0.0000              -0.0000
[Row   9]               0.0000              -0.0000               0.0000               0.3407              -0.0000
[Row  10]               0.0000              -0.0000               0.0000              -0.0000               0.3407
[Row  11]               2.1132              -0.4835              -0.1047              -0.0000              -0.0000
[Row  12]              -0.4835               2.1724               0.5639               0.0000               0.0000
[Row  13]              -0.1047               0.5639               0.5883              -0.0000              -0.0000
[Row  14]              -0.0000               0.0000              -0.0000               1.6127               0.0000
[Row  15]              -0.0000               0.0000              -0.0000               0.0000               1.6127
===== P_mu,nu psi4 =====

                  [Col  1]              [Col  2]              [Col  3]              [Col  4]              [Col  5]              [Col  6]              [Col  7]              [Col  8]              [Col  9]              [Col 10]
[Row   1]               2.1065              -0.4441               0.1237               0.0000               0.0000               0.0123               0.0001               0.0605               0.0000              -0.0000
[Row   2]              -0.4441               2.0334              -0.6745               0.0000               0.0000               0.0141              -0.3021               0.0621              -0.0000               0.0000
[Row   3]               0.1237              -0.6745               0.6399              -0.0000              -0.0000              -0.1391               0.4767              -0.5064               0.0000              -0.0000
[Row   4]               0.0000               0.0000              -0.0000               0.9734              -0.0000               0.0000              -0.0000               0.0000               0.6631               0.0000
[Row   5]               0.0000               0.0000              -0.0000              -0.0000               0.9734              -0.0000               0.0000               0.0000               0.0000               0.6631
[Row   6]               0.0123               0.0141              -0.1391               0.0000              -0.0000               2.0847              -0.3121               0.0007              -0.0000               0.0000
[Row   7]               0.0001              -0.3021               0.4767              -0.0000               0.0000              -0.3121               1.2922               0.0291               0.0000              -0.0000
[Row   8]               0.0605               0.0621              -0.5064               0.0000               0.0000               0.0007               0.0291               0.8478               0.0000               0.0000
[Row   9]               0.0000              -0.0000               0.0000               0.6631               0.0000              -0.0000               0.0000               0.0000               0.9723               0.0000
[Row  10]              -0.0000               0.0000              -0.0000               0.0000               0.6631               0.0000              -0.0000               0.0000               0.0000               0.9723
[Row  11]               0.0025              -0.0237              -0.0063               0.0000              -0.0000               0.0044               0.0324              -0.0258               0.0000               0.0000
[Row  12]              -0.0236               0.1133               0.0695              -0.0000              -0.0000               0.0316              -0.3661              -0.1477              -0.0000              -0.0000
[Row  13]              -0.0064              -0.0448               0.1880               0.0000               0.0000               0.1352              -0.5055              -0.5378               0.0000               0.0000
[Row  14]              -0.0000              -0.0000              -0.0000              -0.6498               0.0000              -0.0000              -0.0000               0.0000               0.3407              -0.0000
[Row  15]               0.0000               0.0000               0.0000               0.0000              -0.6498               0.0000              -0.0000              -0.0000              -0.0000               0.3407
                  [Col 11]              [Col 12]              [Col 13]              [Col 14]              [Col 15]
[Row   1]               0.0025              -0.0236              -0.0064              -0.0000               0.0000
[Row   2]              -0.0237               0.1133              -0.0448              -0.0000               0.0000
[Row   3]              -0.0063               0.0695               0.1880              -0.0000               0.0000
[Row   4]               0.0000              -0.0000               0.0000              -0.6498               0.0000
[Row   5]              -0.0000              -0.0000               0.0000               0.0000              -0.6498
[Row   6]               0.0044               0.0316               0.1352              -0.0000               0.0000
[Row   7]               0.0324              -0.3661              -0.5055              -0.0000              -0.0000
[Row   8]              -0.0258              -0.1477              -0.5378               0.0000              -0.0000
[Row   9]               0.0000              -0.0000               0.0000               0.3407              -0.0000
[Row  10]               0.0000              -0.0000               0.0000              -0.0000               0.3407
[Row  11]               2.1132              -0.4835              -0.1047              -0.0000              -0.0000
[Row  12]              -0.4835               2.1724               0.5639               0.0000               0.0000
[Row  13]              -0.1047               0.5639               0.5883              -0.0000              -0.0000
[Row  14]              -0.0000               0.0000              -0.0000               1.6127               0.0000
[Row  15]              -0.0000               0.0000              -0.0000               0.0000               1.6127
====== P^(AO) = SPS =====

                  [Col  1]              [Col  2]              [Col  3]              [Col  4]              [Col  5]              [Col  6]              [Col  7]              [Col  8]              [Col  9]              [Col 10]
[Row   1]               1.9999               0.4719               0.0074               0.0000               0.0000               0.0001               0.0810              -0.1365               0.0000              -0.0000
[Row   2]               0.4719               1.9769              -0.0891              -0.0000               0.0000               0.0827               0.8352              -0.8757              -0.0000               0.0000
[Row   3]               0.0074              -0.0891               1.6256              -0.0000              -0.0000               0.1321               1.0035              -0.7849               0.0000              -0.0000
[Row   4]               0.0000              -0.0000              -0.0000               1.3430              -0.0000               0.0000              -0.0000               0.0000               1.0691               0.0000
[Row   5]               0.0000               0.0000              -0.0000              -0.0000               1.3430              -0.0000              -0.0000              -0.0000               0.0000               1.0691
[Row   6]               0.0001               0.0827               0.1321               0.0000              -0.0000               1.9998               0.4755               0.0006               0.0000              -0.0000
[Row   7]               0.0810               0.8352               1.0035              -0.0000              -0.0000               0.4755               1.8614              -0.0345               0.0000              -0.0000
[Row   8]              -0.1365              -0.8757              -0.7849               0.0000              -0.0000               0.0006              -0.0345               1.7914               0.0000               0.0000
[Row   9]               0.0000              -0.0000               0.0000               1.0691               0.0000               0.0000               0.0000               0.0000               1.4807               0.0000
[Row  10]              -0.0000               0.0000              -0.0000               0.0000               1.0691              -0.0000              -0.0000               0.0000               0.0000               1.4807
[Row  11]              -0.0000               0.0007               0.0033               0.0000              -0.0000               0.0001               0.0615               0.1029               0.0000              -0.0000
[Row  12]               0.0001               0.0483               0.0743              -0.0000              -0.0000               0.0590               0.7013               0.8378               0.0000              -0.0000
[Row  13]              -0.0027              -0.0613               0.0421              -0.0000               0.0000              -0.0920              -0.9030              -0.8674              -0.0000               0.0000
[Row  14]              -0.0000              -0.0000              -0.0000              -0.3717               0.0000              -0.0000               0.0000               0.0000               0.7288              -0.0000
[Row  15]              -0.0000               0.0000              -0.0000               0.0000              -0.3717              -0.0000              -0.0000              -0.0000              -0.0000               0.7288
                  [Col 11]              [Col 12]              [Col 13]              [Col 14]              [Col 15]
[Row   1]              -0.0000               0.0001              -0.0027              -0.0000              -0.0000
[Row   2]               0.0007               0.0483              -0.0613              -0.0000               0.0000
[Row   3]               0.0033               0.0743               0.0421              -0.0000              -0.0000
[Row   4]               0.0000              -0.0000              -0.0000              -0.3717               0.0000
[Row   5]              -0.0000              -0.0000               0.0000               0.0000              -0.3717
[Row   6]               0.0001               0.0590              -0.0920              -0.0000              -0.0000
[Row   7]               0.0615               0.7013              -0.9030               0.0000              -0.0000
[Row   8]               0.1029               0.8378              -0.8674               0.0000              -0.0000
[Row   9]               0.0000               0.0000              -0.0000               0.7288              -0.0000
[Row  10]              -0.0000              -0.0000               0.0000              -0.0000               0.7288
[Row  11]               1.9999               0.4746              -0.0075              -0.0000              -0.0000
[Row  12]               0.4746               1.9878               0.0760               0.0000              -0.0000
[Row  13]              -0.0075               0.0760               1.4710              -0.0000               0.0000
[Row  14]              -0.0000               0.0000              -0.0000               1.7707               0.0000
[Row  15]              -0.0000              -0.0000               0.0000               0.0000               1.7707
====== S^(AO) = S =====

                  [Col  1]              [Col  2]              [Col  3]              [Col  4]              [Col  5]              [Col  6]              [Col  7]              [Col  8]              [Col  9]              [Col 10]
[Row   1]               1.0000               0.2350              -0.0000               0.0000               0.0000               0.0000               0.0421              -0.0699               0.0000               0.0000
[Row   2]               0.2350               1.0000              -0.0000               0.0000               0.0000               0.0421               0.4018              -0.4136               0.0000               0.0000
[Row   3]              -0.0000              -0.0000               1.0000               0.0000               0.0000               0.0699               0.4136              -0.3277               0.0000               0.0000
[Row   4]               0.0000               0.0000               0.0000               1.0000               0.0000               0.0000               0.0000               0.0000               0.2425               0.0000
[Row   5]               0.0000               0.0000               0.0000               0.0000               1.0000               0.0000               0.0000               0.0000               0.0000               0.2425
[Row   6]               0.0000               0.0421               0.0699               0.0000               0.0000               1.0000               0.2350               0.0000               0.0000               0.0000
[Row   7]               0.0421               0.4018               0.4136               0.0000               0.0000               0.2350               1.0000              -0.0000               0.0000               0.0000
[Row   8]              -0.0699              -0.4136              -0.3277               0.0000               0.0000               0.0000              -0.0000               1.0000               0.0000               0.0000
[Row   9]               0.0000               0.0000               0.0000               0.2425               0.0000               0.0000               0.0000               0.0000               1.0000               0.0000
[Row  10]               0.0000               0.0000               0.0000               0.0000               0.2425               0.0000               0.0000               0.0000               0.0000               1.0000
[Row  11]               0.0000               0.0005               0.0013               0.0000               0.0000               0.0000               0.0322               0.0534               0.0000               0.0000
[Row  12]               0.0001               0.0218               0.0375               0.0000               0.0000               0.0299               0.3375               0.3967               0.0000               0.0000
[Row  13]              -0.0004              -0.0333              -0.0532               0.0000               0.0000              -0.0503              -0.3357              -0.3207               0.0000               0.0000
[Row  14]               0.0000               0.0000               0.0000               0.0082               0.0000               0.0000               0.0000               0.0000               0.1919               0.0000
[Row  15]               0.0000               0.0000               0.0000               0.0000               0.0082               0.0000               0.0000               0.0000               0.0000               0.1919
                  [Col 11]              [Col 12]              [Col 13]              [Col 14]              [Col 15]
[Row   1]               0.0000               0.0001              -0.0004               0.0000               0.0000
[Row   2]               0.0005               0.0218              -0.0333               0.0000               0.0000
[Row   3]               0.0013               0.0375              -0.0532               0.0000               0.0000
[Row   4]               0.0000               0.0000               0.0000               0.0082               0.0000
[Row   5]               0.0000               0.0000               0.0000               0.0000               0.0082
[Row   6]               0.0000               0.0299              -0.0503               0.0000               0.0000
[Row   7]               0.0322               0.3375              -0.3357               0.0000               0.0000
[Row   8]               0.0534               0.3967              -0.3207               0.0000               0.0000
[Row   9]               0.0000               0.0000               0.0000               0.1919               0.0000
[Row  10]               0.0000               0.0000               0.0000               0.0000               0.1919
[Row  11]               1.0000               0.2367              -0.0000               0.0000               0.0000
[Row  12]               0.2367               1.0000               0.0000               0.0000               0.0000
[Row  13]              -0.0000               0.0000               1.0000               0.0000               0.0000
[Row  14]               0.0000               0.0000               0.0000               1.0000               0.0000
[Row  15]               0.0000               0.0000               0.0000               0.0000               1.0000
====== P^(AO) std gaussian m_l ordering SPS =====

                  [Col  1]              [Col  2]              [Col  3]              [Col  4]              [Col  5]              [Col  6]              [Col  7]              [Col  8]              [Col  9]              [Col 10]
[Row   1]               1.9999               0.4719               0.0000               0.0000               0.0074               0.0001               0.0810               0.0000              -0.0000              -0.1365
[Row   2]               0.4719               1.9769              -0.0000               0.0000              -0.0891               0.0827               0.8352              -0.0000               0.0000              -0.8757
[Row   3]               0.0000              -0.0000               1.3430              -0.0000              -0.0000               0.0000              -0.0000               1.0691               0.0000               0.0000
[Row   4]               0.0000               0.0000              -0.0000               1.3430              -0.0000              -0.0000              -0.0000               0.0000               1.0691              -0.0000
[Row   5]               0.0074              -0.0891              -0.0000              -0.0000               1.6256               0.1321               1.0035               0.0000              -0.0000              -0.7849
[Row   6]               0.0001               0.0827               0.0000              -0.0000               0.1321               1.9998               0.4755               0.0000              -0.0000               0.0006
[Row   7]               0.0810               0.8352              -0.0000              -0.0000               1.0035               0.4755               1.8614               0.0000              -0.0000              -0.0345
[Row   8]               0.0000              -0.0000               1.0691               0.0000               0.0000               0.0000               0.0000               1.4807               0.0000               0.0000
[Row   9]              -0.0000               0.0000               0.0000               1.0691              -0.0000              -0.0000              -0.0000               0.0000               1.4807               0.0000
[Row  10]              -0.1365              -0.8757               0.0000              -0.0000              -0.7849               0.0006              -0.0345               0.0000               0.0000               1.7914
[Row  11]              -0.0000               0.0007               0.0000              -0.0000               0.0033               0.0001               0.0615               0.0000              -0.0000               0.1029
[Row  12]               0.0001               0.0483              -0.0000              -0.0000               0.0743               0.0590               0.7013               0.0000              -0.0000               0.8378
[Row  13]              -0.0000              -0.0000              -0.3717               0.0000              -0.0000              -0.0000               0.0000               0.7288              -0.0000               0.0000
[Row  14]              -0.0000               0.0000               0.0000              -0.3717              -0.0000              -0.0000              -0.0000              -0.0000               0.7288              -0.0000
[Row  15]              -0.0027              -0.0613              -0.0000               0.0000               0.0421              -0.0920              -0.9030              -0.0000               0.0000              -0.8674
                  [Col 11]              [Col 12]              [Col 13]              [Col 14]              [Col 15]
[Row   1]              -0.0000               0.0001              -0.0000              -0.0000              -0.0027
[Row   2]               0.0007               0.0483              -0.0000               0.0000              -0.0613
[Row   3]               0.0000              -0.0000              -0.3717               0.0000              -0.0000
[Row   4]              -0.0000              -0.0000               0.0000              -0.3717               0.0000
[Row   5]               0.0033               0.0743              -0.0000              -0.0000               0.0421
[Row   6]               0.0001               0.0590              -0.0000              -0.0000              -0.0920
[Row   7]               0.0615               0.7013               0.0000              -0.0000              -0.9030
[Row   8]               0.0000               0.0000               0.7288              -0.0000              -0.0000
[Row   9]              -0.0000              -0.0000              -0.0000               0.7288               0.0000
[Row  10]               0.1029               0.8378               0.0000              -0.0000              -0.8674
[Row  11]               1.9999               0.4746              -0.0000              -0.0000              -0.0075
[Row  12]               0.4746               1.9878               0.0000              -0.0000               0.0760
[Row  13]              -0.0000               0.0000               1.7707               0.0000              -0.0000
[Row  14]              -0.0000              -0.0000               0.0000               1.7707               0.0000
[Row  15]              -0.0075               0.0760              -0.0000               0.0000               1.4710
====== S^(AO) std gaussian m_l ordering =====

                  [Col  1]              [Col  2]              [Col  3]              [Col  4]              [Col  5]              [Col  6]              [Col  7]              [Col  8]              [Col  9]              [Col 10]
[Row   1]               1.0000               0.2350               0.0000               0.0000              -0.0000               0.0000               0.0421               0.0000               0.0000              -0.0699
[Row   2]               0.2350               1.0000               0.0000               0.0000              -0.0000               0.0421               0.4018               0.0000               0.0000              -0.4136
[Row   3]               0.0000               0.0000               1.0000               0.0000               0.0000               0.0000               0.0000               0.2425               0.0000               0.0000
[Row   4]               0.0000               0.0000               0.0000               1.0000               0.0000               0.0000               0.0000               0.0000               0.2425               0.0000
[Row   5]              -0.0000              -0.0000               0.0000               0.0000               1.0000               0.0699               0.4136               0.0000               0.0000              -0.3277
[Row   6]               0.0000               0.0421               0.0000               0.0000               0.0699               1.0000               0.2350               0.0000               0.0000               0.0000
[Row   7]               0.0421               0.4018               0.0000               0.0000               0.4136               0.2350               1.0000               0.0000               0.0000              -0.0000
[Row   8]               0.0000               0.0000               0.2425               0.0000               0.0000               0.0000               0.0000               1.0000               0.0000               0.0000
[Row   9]               0.0000               0.0000               0.0000               0.2425               0.0000               0.0000               0.0000               0.0000               1.0000               0.0000
[Row  10]              -0.0699              -0.4136               0.0000               0.0000              -0.3277               0.0000              -0.0000               0.0000               0.0000               1.0000
[Row  11]               0.0000               0.0005               0.0000               0.0000               0.0013               0.0000               0.0322               0.0000               0.0000               0.0534
[Row  12]               0.0001               0.0218               0.0000               0.0000               0.0375               0.0299               0.3375               0.0000               0.0000               0.3967
[Row  13]               0.0000               0.0000               0.0082               0.0000               0.0000               0.0000               0.0000               0.1919               0.0000               0.0000
[Row  14]               0.0000               0.0000               0.0000               0.0082               0.0000               0.0000               0.0000               0.0000               0.1919               0.0000
[Row  15]              -0.0004              -0.0333               0.0000               0.0000              -0.0532              -0.0503              -0.3357               0.0000               0.0000              -0.3207
                  [Col 11]              [Col 12]              [Col 13]              [Col 14]              [Col 15]
[Row   1]               0.0000               0.0001               0.0000               0.0000              -0.0004
[Row   2]               0.0005               0.0218               0.0000               0.0000              -0.0333
[Row   3]               0.0000               0.0000               0.0082               0.0000               0.0000
[Row   4]               0.0000               0.0000               0.0000               0.0082               0.0000
[Row   5]               0.0013               0.0375               0.0000               0.0000              -0.0532
[Row   6]               0.0000               0.0299               0.0000               0.0000              -0.0503
[Row   7]               0.0322               0.3375               0.0000               0.0000              -0.3357
[Row   8]               0.0000               0.0000               0.1919               0.0000               0.0000
[Row   9]               0.0000               0.0000               0.0000               0.1919               0.0000
[Row  10]               0.0534               0.3967               0.0000               0.0000              -0.3207
[Row  11]               1.0000               0.2367               0.0000               0.0000              -0.0000
[Row  12]               0.2367               1.0000               0.0000               0.0000               0.0000
[Row  13]               0.0000               0.0000               1.0000               0.0000               0.0000
[Row  14]               0.0000               0.0000               0.0000               1.0000               0.0000
[Row  15]              -0.0000               0.0000               0.0000               0.0000               1.0000
