molecule mol71.xyz
System:, atNum: 9 coords [              0.0000               2.0987              -0.5173]
System:, atNum: 8 coords [              0.0000               0.0000               1.1639]
System:, atNum: 9 coords [              0.0000              -2.0987              -0.5173]
===== Original AO-S matrix =====

                  [Col  1]              [Col  2]              [Col  3]              [Col  4]              [Col  5]              [Col  6]              [Col  7]              [Col  8]              [Col  9]              [Col 10]
[Row   1]               1.0000               0.2380              -0.0000               0.0000              -0.0000               0.0000               0.0088              -0.0101               0.0000               0.0126
[Row   2]               0.2380               1.0000               0.0000               0.0000              -0.0000               0.0062               0.1443              -0.1246               0.0000               0.1555
[Row   3]              -0.0000               0.0000               1.0000               0.0000               0.0000               0.0078               0.1100              -0.0428               0.0000               0.1376
[Row   4]               0.0000               0.0000               0.0000               1.0000               0.0000               0.0000               0.0000               0.0000               0.0675               0.0000
[Row   5]              -0.0000              -0.0000               0.0000               0.0000               1.0000              -0.0097              -0.1373               0.1376               0.0000              -0.1043
[Row   6]               0.0000               0.0062               0.0078               0.0000              -0.0097               1.0000               0.2367              -0.0000               0.0000               0.0000
[Row   7]               0.0088               0.1443               0.1100               0.0000              -0.1373               0.2367               1.0000               0.0000               0.0000               0.0000
[Row   8]              -0.0101              -0.1246              -0.0428               0.0000               0.1376              -0.0000               0.0000               1.0000               0.0000               0.0000
[Row   9]               0.0000               0.0000               0.0000               0.0675               0.0000               0.0000               0.0000               0.0000               1.0000               0.0000
[Row  10]               0.0126               0.1555               0.1376               0.0000              -0.1043               0.0000               0.0000               0.0000               0.0000               1.0000
[Row  11]               0.0000               0.0000               0.0000               0.0000              -0.0001               0.0000               0.0088              -0.0101               0.0000              -0.0126
[Row  12]               0.0000               0.0073               0.0000               0.0000              -0.0130               0.0062               0.1443              -0.1246               0.0000              -0.1555
[Row  13]              -0.0000               0.0000               0.0026               0.0000               0.0000               0.0078               0.1100              -0.0428               0.0000              -0.1376
[Row  14]               0.0000               0.0000               0.0000               0.0026               0.0000               0.0000               0.0000               0.0000               0.0675               0.0000
[Row  15]               0.0001               0.0130               0.0000               0.0000              -0.0219               0.0097               0.1373              -0.1376               0.0000              -0.1043
                  [Col 11]              [Col 12]              [Col 13]              [Col 14]              [Col 15]
[Row   1]               0.0000               0.0000              -0.0000               0.0000               0.0001
[Row   2]               0.0000               0.0073               0.0000               0.0000               0.0130
[Row   3]               0.0000               0.0000               0.0026               0.0000               0.0000
[Row   4]               0.0000               0.0000               0.0000               0.0026               0.0000
[Row   5]              -0.0001              -0.0130               0.0000               0.0000              -0.0219
[Row   6]               0.0000               0.0062               0.0078               0.0000               0.0097
[Row   7]               0.0088               0.1443               0.1100               0.0000               0.1373
[Row   8]              -0.0101              -0.1246              -0.0428               0.0000              -0.1376
[Row   9]               0.0000               0.0000               0.0000               0.0675               0.0000
[Row  10]              -0.0126              -0.1555              -0.1376               0.0000              -0.1043
[Row  11]               1.0000               0.2380              -0.0000               0.0000               0.0000
[Row  12]               0.2380               1.0000               0.0000               0.0000               0.0000
[Row  13]              -0.0000               0.0000               1.0000               0.0000               0.0000
[Row  14]               0.0000               0.0000               0.0000               1.0000               0.0000
[Row  15]               0.0000               0.0000               0.0000               0.0000               1.0000
nbas 15
 ===== CA ===== 

                  [Col  1]              [Col  2]              [Col  3]              [Col  4]              [Col  5]              [Col  6]              [Col  7]              [Col  8]              [Col  9]              [Col 10]
[Row   1]               0.7036               0.7036              -0.0005               0.1511               0.1823               0.1070               0.0000               0.0190               0.0353              -0.0000
[Row   2]               0.0144               0.0145               0.0024              -0.5676              -0.7041              -0.4498              -0.0000              -0.0891              -0.1671               0.0000
[Row   3]               0.0006               0.0007               0.0013              -0.0347              -0.0235               0.0947               0.0000              -0.2973               0.5234              -0.0000
[Row   4]               0.0000               0.0000               0.0000               0.0000               0.0000              -0.0000               0.5215              -0.0000              -0.0000               0.7080
[Row   5]              -0.0008              -0.0009              -0.0017               0.0573               0.0214              -0.1079              -0.0000              -0.4992              -0.0969              -0.0000
[Row   6]              -0.0000               0.0004              -0.9948               0.1210              -0.0000              -0.2185               0.0000               0.0355              -0.0000              -0.0000
[Row   7]               0.0000              -0.0031              -0.0216              -0.4337               0.0000               0.8642              -0.0000              -0.1585               0.0000               0.0000
[Row   8]              -0.0000               0.0021               0.0023               0.0978              -0.0000               0.0235              -0.0000              -0.4570               0.0000               0.0000
[Row   9]              -0.0000               0.0000               0.0000               0.0000               0.0000               0.0000               0.6076              -0.0000              -0.0000              -0.0000
[Row  10]              -0.0026              -0.0000              -0.0000              -0.0000              -0.1226               0.0000               0.0000               0.0000               0.5152              -0.0000
[Row  11]              -0.7036               0.7036              -0.0005               0.1511              -0.1823               0.1070              -0.0000               0.0190              -0.0353               0.0000
[Row  12]              -0.0144               0.0145               0.0024              -0.5676               0.7041              -0.4498               0.0000              -0.0891               0.1671              -0.0000
[Row  13]              -0.0006               0.0007               0.0013              -0.0347               0.0235               0.0947              -0.0000              -0.2973              -0.5234               0.0000
[Row  14]               0.0000               0.0000              -0.0000               0.0000              -0.0000               0.0000               0.5215              -0.0000              -0.0000              -0.7080
[Row  15]              -0.0008               0.0009               0.0017              -0.0573               0.0214               0.1079               0.0000               0.4992              -0.0969              -0.0000
                  [Col 11]              [Col 12]              [Col 13]              [Col 14]              [Col 15]
[Row   1]               0.0143               0.0124               0.0000               0.0369               0.0364
[Row   2]              -0.0705              -0.0628              -0.0000              -0.1908              -0.1894
[Row   3]              -0.3012               0.5674              -0.0000              -0.3085              -0.3969
[Row   4]              -0.0000               0.0000               0.4810               0.0000               0.0000
[Row   5]              -0.6105              -0.0027               0.0000               0.5182               0.3768
[Row   6]              -0.0000               0.0594              -0.0000              -0.0836               0.0000
[Row   7]               0.0000              -0.2710               0.0000               0.4010              -0.0000
[Row   8]               0.0000              -0.5460               0.0000              -0.7543               0.0000
[Row   9]              -0.0000              -0.0000              -0.8000               0.0000              -0.0000
[Row  10]               0.2578              -0.0000               0.0000               0.0000               0.8822
[Row  11]              -0.0143               0.0124              -0.0000               0.0369              -0.0364
[Row  12]               0.0705              -0.0628               0.0000              -0.1908               0.1894
[Row  13]               0.3012               0.5674              -0.0000              -0.3085               0.3969
[Row  14]               0.0000               0.0000               0.4810              -0.0000               0.0000
[Row  15]              -0.6105               0.0027              -0.0000              -0.5182               0.3768
 ===== CB ===== 

                  [Col  1]              [Col  2]              [Col  3]              [Col  4]              [Col  5]              [Col  6]              [Col  7]              [Col  8]              [Col  9]              [Col 10]
[Row   1]               0.7036               0.7036              -0.0005               0.1511               0.1823               0.1070               0.0000               0.0190               0.0353              -0.0000
[Row   2]               0.0144               0.0145               0.0024              -0.5676              -0.7041              -0.4498              -0.0000              -0.0891              -0.1671               0.0000
[Row   3]               0.0006               0.0007               0.0013              -0.0347              -0.0235               0.0947               0.0000              -0.2973               0.5234              -0.0000
[Row   4]               0.0000               0.0000               0.0000               0.0000               0.0000              -0.0000               0.5215              -0.0000              -0.0000               0.7080
[Row   5]              -0.0008              -0.0009              -0.0017               0.0573               0.0214              -0.1079              -0.0000              -0.4992              -0.0969              -0.0000
[Row   6]              -0.0000               0.0004              -0.9948               0.1210              -0.0000              -0.2185               0.0000               0.0355              -0.0000              -0.0000
[Row   7]               0.0000              -0.0031              -0.0216              -0.4337               0.0000               0.8642              -0.0000              -0.1585               0.0000               0.0000
[Row   8]              -0.0000               0.0021               0.0023               0.0978              -0.0000               0.0235              -0.0000              -0.4570               0.0000               0.0000
[Row   9]              -0.0000               0.0000               0.0000               0.0000               0.0000               0.0000               0.6076              -0.0000              -0.0000              -0.0000
[Row  10]              -0.0026              -0.0000              -0.0000              -0.0000              -0.1226               0.0000               0.0000               0.0000               0.5152              -0.0000
[Row  11]              -0.7036               0.7036              -0.0005               0.1511              -0.1823               0.1070              -0.0000               0.0190              -0.0353               0.0000
[Row  12]              -0.0144               0.0145               0.0024              -0.5676               0.7041              -0.4498               0.0000              -0.0891               0.1671              -0.0000
[Row  13]              -0.0006               0.0007               0.0013              -0.0347               0.0235               0.0947              -0.0000              -0.2973              -0.5234               0.0000
[Row  14]               0.0000               0.0000              -0.0000               0.0000              -0.0000               0.0000               0.5215              -0.0000              -0.0000              -0.7080
[Row  15]              -0.0008               0.0009               0.0017              -0.0573               0.0214               0.1079               0.0000               0.4992              -0.0969              -0.0000
                  [Col 11]              [Col 12]              [Col 13]              [Col 14]              [Col 15]
[Row   1]               0.0143               0.0124               0.0000               0.0369               0.0364
[Row   2]              -0.0705              -0.0628              -0.0000              -0.1908              -0.1894
[Row   3]              -0.3012               0.5674              -0.0000              -0.3085              -0.3969
[Row   4]              -0.0000               0.0000               0.4810               0.0000               0.0000
[Row   5]              -0.6105              -0.0027               0.0000               0.5182               0.3768
[Row   6]              -0.0000               0.0594              -0.0000              -0.0836               0.0000
[Row   7]               0.0000              -0.2710               0.0000               0.4010              -0.0000
[Row   8]               0.0000              -0.5460               0.0000              -0.7543               0.0000
[Row   9]              -0.0000              -0.0000              -0.8000               0.0000              -0.0000
[Row  10]               0.2578              -0.0000               0.0000               0.0000               0.8822
[Row  11]              -0.0143               0.0124              -0.0000               0.0369              -0.0364
[Row  12]               0.0705              -0.0628               0.0000              -0.1908               0.1894
[Row  13]               0.3012               0.5674              -0.0000              -0.3085               0.3969
[Row  14]               0.0000               0.0000               0.4810              -0.0000               0.0000
[Row  15]              -0.6105               0.0027              -0.0000              -0.5182               0.3768
 ===== P_psi ===== Dalpha+Dbeta 

                  [Col  1]              [Col  2]              [Col  3]              [Col  4]              [Col  5]              [Col  6]              [Col  7]              [Col  8]              [Col  9]              [Col 10]
[Row   1]               2.1190              -0.5026               0.0341               0.0000              -0.0437              -0.0059               0.0369               0.0066              -0.0000              -0.0046
[Row   2]              -0.5026               2.1307              -0.1633               0.0000               0.2096               0.0406              -0.2229               0.0179              -0.0000              -0.0359
[Row   3]               0.0341              -0.1633               1.5714               0.0000               0.5347              -0.0061              -0.0195              -0.3501               0.0000               0.3897
[Row   4]               0.0000               0.0000               0.0000               2.0092              -0.0000              -0.0000              -0.0000               0.0000              -0.1358              -0.0000
[Row   5]              -0.0437               0.2096               0.5347              -0.0000               1.2935               0.0287              -0.0763               0.4654               0.0000              -0.4199
[Row   6]              -0.0059               0.0406              -0.0061              -0.0000               0.0287               2.1135              -0.4832              -0.0884              -0.0000               0.0000
[Row   7]               0.0369              -0.2229              -0.0195              -0.0000              -0.0763              -0.4832               2.0679               0.3964               0.0000              -0.0000
[Row   8]               0.0066               0.0179              -0.3501               0.0000               0.4654              -0.0884               0.3964               1.0341               0.0000               0.0000
[Row   9]              -0.0000              -0.0000               0.0000              -0.1358               0.0000              -0.0000               0.0000               0.0000               2.0183               0.0000
[Row  10]              -0.0046              -0.0359               0.3897              -0.0000              -0.4199               0.0000              -0.0000               0.0000               0.0000               0.6938
[Row  11]               0.0002              -0.0020              -0.0072               0.0000              -0.0084              -0.0059               0.0369               0.0066              -0.0000               0.0046
[Row  12]              -0.0020               0.0155               0.0353               0.0000               0.0330               0.0406              -0.2229               0.0179               0.0000               0.0359
[Row  13]              -0.0072               0.0353               0.1106              -0.0000               0.0041              -0.0061              -0.0195              -0.3501              -0.0000              -0.3897
[Row  14]               0.0000              -0.0000              -0.0000               0.0040              -0.0000               0.0000               0.0000              -0.0000              -0.1358              -0.0000
[Row  15]               0.0084              -0.0330              -0.0041               0.0000               0.2369              -0.0287               0.0763              -0.4654               0.0000              -0.4199
                  [Col 11]              [Col 12]              [Col 13]              [Col 14]              [Col 15]
[Row   1]               0.0002              -0.0020              -0.0072               0.0000               0.0084
[Row   2]              -0.0020               0.0155               0.0353              -0.0000              -0.0330
[Row   3]              -0.0072               0.0353               0.1106              -0.0000              -0.0041
[Row   4]               0.0000               0.0000              -0.0000               0.0040               0.0000
[Row   5]              -0.0084               0.0330               0.0041              -0.0000               0.2369
[Row   6]              -0.0059               0.0406              -0.0061               0.0000              -0.0287
[Row   7]               0.0369              -0.2229              -0.0195               0.0000               0.0763
[Row   8]               0.0066               0.0179              -0.3501              -0.0000              -0.4654
[Row   9]              -0.0000               0.0000              -0.0000              -0.1358               0.0000
[Row  10]               0.0046               0.0359              -0.3897              -0.0000              -0.4199
[Row  11]               2.1190              -0.5026               0.0341               0.0000               0.0437
[Row  12]              -0.5026               2.1307              -0.1633              -0.0000              -0.2096
[Row  13]               0.0341              -0.1633               1.5714              -0.0000              -0.5347
[Row  14]               0.0000              -0.0000              -0.0000               2.0092              -0.0000
[Row  15]               0.0437              -0.2096              -0.5347              -0.0000               1.2935
===== P_mu,nu local =====

                  [Col  1]              [Col  2]              [Col  3]              [Col  4]              [Col  5]              [Col  6]              [Col  7]              [Col  8]              [Col  9]              [Col 10]
[Row   1]               2.1190              -0.5026               0.0341               0.0000              -0.0437              -0.0059               0.0369               0.0066              -0.0000              -0.0046
[Row   2]              -0.5026               2.1307              -0.1633               0.0000               0.2096               0.0406              -0.2229               0.0179              -0.0000              -0.0359
[Row   3]               0.0341              -0.1633               1.5714               0.0000               0.5347              -0.0061              -0.0195              -0.3501               0.0000               0.3897
[Row   4]               0.0000               0.0000               0.0000               2.0092              -0.0000              -0.0000              -0.0000               0.0000              -0.1358              -0.0000
[Row   5]              -0.0437               0.2096               0.5347              -0.0000               1.2935               0.0287              -0.0763               0.4654               0.0000              -0.4199
[Row   6]              -0.0059               0.0406              -0.0061              -0.0000               0.0287               2.1135              -0.4832              -0.0884              -0.0000               0.0000
[Row   7]               0.0369              -0.2229              -0.0195              -0.0000              -0.0763              -0.4832               2.0679               0.3964               0.0000              -0.0000
[Row   8]               0.0066               0.0179              -0.3501               0.0000               0.4654              -0.0884               0.3964               1.0341               0.0000               0.0000
[Row   9]              -0.0000              -0.0000               0.0000              -0.1358               0.0000              -0.0000               0.0000               0.0000               2.0183               0.0000
[Row  10]              -0.0046              -0.0359               0.3897              -0.0000              -0.4199               0.0000              -0.0000               0.0000               0.0000               0.6938
[Row  11]               0.0002              -0.0020              -0.0072               0.0000              -0.0084              -0.0059               0.0369               0.0066              -0.0000               0.0046
[Row  12]              -0.0020               0.0155               0.0353               0.0000               0.0330               0.0406              -0.2229               0.0179               0.0000               0.0359
[Row  13]              -0.0072               0.0353               0.1106              -0.0000               0.0041              -0.0061              -0.0195              -0.3501              -0.0000              -0.3897
[Row  14]               0.0000              -0.0000              -0.0000               0.0040              -0.0000               0.0000               0.0000              -0.0000              -0.1358              -0.0000
[Row  15]               0.0084              -0.0330              -0.0041               0.0000               0.2369              -0.0287               0.0763              -0.4654               0.0000              -0.4199
                  [Col 11]              [Col 12]              [Col 13]              [Col 14]              [Col 15]
[Row   1]               0.0002              -0.0020              -0.0072               0.0000               0.0084
[Row   2]              -0.0020               0.0155               0.0353              -0.0000              -0.0330
[Row   3]              -0.0072               0.0353               0.1106              -0.0000              -0.0041
[Row   4]               0.0000               0.0000              -0.0000               0.0040               0.0000
[Row   5]              -0.0084               0.0330               0.0041              -0.0000               0.2369
[Row   6]              -0.0059               0.0406              -0.0061               0.0000              -0.0287
[Row   7]               0.0369              -0.2229              -0.0195               0.0000               0.0763
[Row   8]               0.0066               0.0179              -0.3501              -0.0000              -0.4654
[Row   9]              -0.0000               0.0000              -0.0000              -0.1358               0.0000
[Row  10]               0.0046               0.0359              -0.3897              -0.0000              -0.4199
[Row  11]               2.1190              -0.5026               0.0341               0.0000               0.0437
[Row  12]              -0.5026               2.1307              -0.1633              -0.0000              -0.2096
[Row  13]               0.0341              -0.1633               1.5714              -0.0000              -0.5347
[Row  14]               0.0000              -0.0000              -0.0000               2.0092              -0.0000
[Row  15]               0.0437              -0.2096              -0.5347              -0.0000               1.2935
===== P_mu,nu psi4 =====

                  [Col  1]              [Col  2]              [Col  3]              [Col  4]              [Col  5]              [Col  6]              [Col  7]              [Col  8]              [Col  9]              [Col 10]
[Row   1]               2.1190              -0.5026               0.0341               0.0000              -0.0437              -0.0059               0.0369               0.0066              -0.0000              -0.0046
[Row   2]              -0.5026               2.1307              -0.1633               0.0000               0.2096               0.0406              -0.2229               0.0179              -0.0000              -0.0359
[Row   3]               0.0341              -0.1633               1.5714               0.0000               0.5347              -0.0061              -0.0195              -0.3501               0.0000               0.3897
[Row   4]               0.0000               0.0000               0.0000               2.0092              -0.0000              -0.0000              -0.0000               0.0000              -0.1358              -0.0000
[Row   5]              -0.0437               0.2096               0.5347              -0.0000               1.2935               0.0287              -0.0763               0.4654               0.0000              -0.4199
[Row   6]              -0.0059               0.0406              -0.0061              -0.0000               0.0287               2.1135              -0.4832              -0.0884              -0.0000               0.0000
[Row   7]               0.0369              -0.2229              -0.0195              -0.0000              -0.0763              -0.4832               2.0679               0.3964               0.0000              -0.0000
[Row   8]               0.0066               0.0179              -0.3501               0.0000               0.4654              -0.0884               0.3964               1.0341               0.0000               0.0000
[Row   9]              -0.0000              -0.0000               0.0000              -0.1358               0.0000              -0.0000               0.0000               0.0000               2.0183               0.0000
[Row  10]              -0.0046              -0.0359               0.3897              -0.0000              -0.4199               0.0000              -0.0000               0.0000               0.0000               0.6938
[Row  11]               0.0002              -0.0020              -0.0072               0.0000              -0.0084              -0.0059               0.0369               0.0066              -0.0000               0.0046
[Row  12]              -0.0020               0.0155               0.0353               0.0000               0.0330               0.0406              -0.2229               0.0179               0.0000               0.0359
[Row  13]              -0.0072               0.0353               0.1106              -0.0000               0.0041              -0.0061              -0.0195              -0.3501              -0.0000              -0.3897
[Row  14]               0.0000              -0.0000              -0.0000               0.0040              -0.0000               0.0000               0.0000              -0.0000              -0.1358              -0.0000
[Row  15]               0.0084              -0.0330              -0.0041               0.0000               0.2369              -0.0287               0.0763              -0.4654               0.0000              -0.4199
                  [Col 11]              [Col 12]              [Col 13]              [Col 14]              [Col 15]
[Row   1]               0.0002              -0.0020              -0.0072               0.0000               0.0084
[Row   2]              -0.0020               0.0155               0.0353              -0.0000              -0.0330
[Row   3]              -0.0072               0.0353               0.1106              -0.0000              -0.0041
[Row   4]               0.0000               0.0000              -0.0000               0.0040               0.0000
[Row   5]              -0.0084               0.0330               0.0041              -0.0000               0.2369
[Row   6]              -0.0059               0.0406              -0.0061               0.0000              -0.0287
[Row   7]               0.0369              -0.2229              -0.0195               0.0000               0.0763
[Row   8]               0.0066               0.0179              -0.3501              -0.0000              -0.4654
[Row   9]              -0.0000               0.0000              -0.0000              -0.1358               0.0000
[Row  10]               0.0046               0.0359              -0.3897              -0.0000              -0.4199
[Row  11]               2.1190              -0.5026               0.0341               0.0000               0.0437
[Row  12]              -0.5026               2.1307              -0.1633              -0.0000              -0.2096
[Row  13]               0.0341              -0.1633               1.5714              -0.0000              -0.5347
[Row  14]               0.0000              -0.0000              -0.0000               2.0092              -0.0000
[Row  15]               0.0437              -0.2096              -0.5347              -0.0000               1.2935
====== P^(AO) = SPS =====

                  [Col  1]              [Col  2]              [Col  3]              [Col  4]              [Col  5]              [Col  6]              [Col  7]              [Col  8]              [Col  9]              [Col 10]
[Row   1]               2.0000               0.4764               0.0026               0.0000              -0.0033               0.0000               0.0170              -0.0175              -0.0000               0.0221
[Row   2]               0.4764               1.9942              -0.0386               0.0000               0.0495               0.0119               0.2976              -0.2911              -0.0000               0.3585
[Row   3]               0.0026              -0.0386               1.7403              -0.0000               0.3251               0.0128               0.2745              -0.3370               0.0000               0.6245
[Row   4]               0.0000               0.0000              -0.0000               2.0000              -0.0000              -0.0000              -0.0000              -0.0000               0.1349               0.0000
[Row   5]              -0.0033               0.0495               0.3251              -0.0000               1.5702              -0.0150              -0.3619               0.6779              -0.0000              -0.5575
[Row   6]               0.0000               0.0119               0.0128              -0.0000              -0.0150               1.9999               0.4748              -0.0063              -0.0000               0.0000
[Row   7]               0.0170               0.2976               0.2745              -0.0000              -0.3619               0.4748               1.9728               0.1256               0.0000              -0.0000
[Row   8]              -0.0175              -0.2911              -0.3370              -0.0000               0.6779              -0.0063               0.1256               1.4201               0.0000               0.0000
[Row   9]              -0.0000              -0.0000               0.0000               0.1349              -0.0000              -0.0000               0.0000               0.0000               2.0000               0.0000
[Row  10]               0.0221               0.3585               0.6245               0.0000              -0.5575               0.0000              -0.0000               0.0000               0.0000               1.1903
[Row  11]              -0.0000               0.0001              -0.0002               0.0000              -0.0008               0.0000               0.0170              -0.0175               0.0000              -0.0221
[Row  12]               0.0001               0.0143               0.0023               0.0000              -0.0174               0.0119               0.2976              -0.2911               0.0000              -0.3585
[Row  13]              -0.0002               0.0023               0.0467              -0.0000               0.0242               0.0128               0.2745              -0.3370              -0.0000              -0.6245
[Row  14]               0.0000              -0.0000              -0.0000               0.0052              -0.0000               0.0000               0.0000              -0.0000               0.1349              -0.0000
[Row  15]               0.0008               0.0174              -0.0242               0.0000               0.0856               0.0150               0.3619              -0.6779               0.0000              -0.5575
                  [Col 11]              [Col 12]              [Col 13]              [Col 14]              [Col 15]
[Row   1]              -0.0000               0.0001              -0.0002               0.0000               0.0008
[Row   2]               0.0001               0.0143               0.0023              -0.0000               0.0174
[Row   3]              -0.0002               0.0023               0.0467              -0.0000              -0.0242
[Row   4]               0.0000               0.0000              -0.0000               0.0052               0.0000
[Row   5]              -0.0008              -0.0174               0.0242              -0.0000               0.0856
[Row   6]               0.0000               0.0119               0.0128               0.0000               0.0150
[Row   7]               0.0170               0.2976               0.2745               0.0000               0.3619
[Row   8]              -0.0175              -0.2911              -0.3370              -0.0000              -0.6779
[Row   9]               0.0000               0.0000              -0.0000               0.1349               0.0000
[Row  10]              -0.0221              -0.3585              -0.6245              -0.0000              -0.5575
[Row  11]               2.0000               0.4764               0.0026               0.0000               0.0033
[Row  12]               0.4764               1.9942              -0.0386              -0.0000              -0.0495
[Row  13]               0.0026              -0.0386               1.7403               0.0000              -0.3251
[Row  14]               0.0000              -0.0000               0.0000               2.0000              -0.0000
[Row  15]               0.0033              -0.0495              -0.3251              -0.0000               1.5702
====== S^(AO) = S =====

                  [Col  1]              [Col  2]              [Col  3]              [Col  4]              [Col  5]              [Col  6]              [Col  7]              [Col  8]              [Col  9]              [Col 10]
[Row   1]               1.0000               0.2380              -0.0000               0.0000              -0.0000               0.0000               0.0088              -0.0101               0.0000               0.0126
[Row   2]               0.2380               1.0000               0.0000               0.0000              -0.0000               0.0062               0.1443              -0.1246               0.0000               0.1555
[Row   3]              -0.0000               0.0000               1.0000               0.0000               0.0000               0.0078               0.1100              -0.0428               0.0000               0.1376
[Row   4]               0.0000               0.0000               0.0000               1.0000               0.0000               0.0000               0.0000               0.0000               0.0675               0.0000
[Row   5]              -0.0000              -0.0000               0.0000               0.0000               1.0000              -0.0097              -0.1373               0.1376               0.0000              -0.1043
[Row   6]               0.0000               0.0062               0.0078               0.0000              -0.0097               1.0000               0.2367              -0.0000               0.0000               0.0000
[Row   7]               0.0088               0.1443               0.1100               0.0000              -0.1373               0.2367               1.0000               0.0000               0.0000               0.0000
[Row   8]              -0.0101              -0.1246              -0.0428               0.0000               0.1376              -0.0000               0.0000               1.0000               0.0000               0.0000
[Row   9]               0.0000               0.0000               0.0000               0.0675               0.0000               0.0000               0.0000               0.0000               1.0000               0.0000
[Row  10]               0.0126               0.1555               0.1376               0.0000              -0.1043               0.0000               0.0000               0.0000               0.0000               1.0000
[Row  11]               0.0000               0.0000               0.0000               0.0000              -0.0001               0.0000               0.0088              -0.0101               0.0000              -0.0126
[Row  12]               0.0000               0.0073               0.0000               0.0000              -0.0130               0.0062               0.1443              -0.1246               0.0000              -0.1555
[Row  13]              -0.0000               0.0000               0.0026               0.0000               0.0000               0.0078               0.1100              -0.0428               0.0000              -0.1376
[Row  14]               0.0000               0.0000               0.0000               0.0026               0.0000               0.0000               0.0000               0.0000               0.0675               0.0000
[Row  15]               0.0001               0.0130               0.0000               0.0000              -0.0219               0.0097               0.1373              -0.1376               0.0000              -0.1043
                  [Col 11]              [Col 12]              [Col 13]              [Col 14]              [Col 15]
[Row   1]               0.0000               0.0000              -0.0000               0.0000               0.0001
[Row   2]               0.0000               0.0073               0.0000               0.0000               0.0130
[Row   3]               0.0000               0.0000               0.0026               0.0000               0.0000
[Row   4]               0.0000               0.0000               0.0000               0.0026               0.0000
[Row   5]              -0.0001              -0.0130               0.0000               0.0000              -0.0219
[Row   6]               0.0000               0.0062               0.0078               0.0000               0.0097
[Row   7]               0.0088               0.1443               0.1100               0.0000               0.1373
[Row   8]              -0.0101              -0.1246              -0.0428               0.0000              -0.1376
[Row   9]               0.0000               0.0000               0.0000               0.0675               0.0000
[Row  10]              -0.0126              -0.1555              -0.1376               0.0000              -0.1043
[Row  11]               1.0000               0.2380              -0.0000               0.0000               0.0000
[Row  12]               0.2380               1.0000               0.0000               0.0000               0.0000
[Row  13]              -0.0000               0.0000               1.0000               0.0000               0.0000
[Row  14]               0.0000               0.0000               0.0000               1.0000               0.0000
[Row  15]               0.0000               0.0000               0.0000               0.0000               1.0000
====== P^(AO) std gaussian m_l ordering SPS =====

                  [Col  1]              [Col  2]              [Col  3]              [Col  4]              [Col  5]              [Col  6]              [Col  7]              [Col  8]              [Col  9]              [Col 10]
[Row   1]               2.0000               0.4764               0.0000              -0.0033               0.0026               0.0000               0.0170              -0.0000               0.0221              -0.0175
[Row   2]               0.4764               1.9942               0.0000               0.0495              -0.0386               0.0119               0.2976              -0.0000               0.3585              -0.2911
[Row   3]               0.0000               0.0000               2.0000              -0.0000              -0.0000              -0.0000              -0.0000               0.1349               0.0000              -0.0000
[Row   4]              -0.0033               0.0495              -0.0000               1.5702               0.3251              -0.0150              -0.3619              -0.0000              -0.5575               0.6779
[Row   5]               0.0026              -0.0386              -0.0000               0.3251               1.7403               0.0128               0.2745               0.0000               0.6245              -0.3370
[Row   6]               0.0000               0.0119              -0.0000              -0.0150               0.0128               1.9999               0.4748              -0.0000               0.0000              -0.0063
[Row   7]               0.0170               0.2976              -0.0000              -0.3619               0.2745               0.4748               1.9728               0.0000              -0.0000               0.1256
[Row   8]              -0.0000              -0.0000               0.1349              -0.0000               0.0000              -0.0000               0.0000               2.0000               0.0000               0.0000
[Row   9]               0.0221               0.3585               0.0000              -0.5575               0.6245               0.0000              -0.0000               0.0000               1.1903               0.0000
[Row  10]              -0.0175              -0.2911              -0.0000               0.6779              -0.3370              -0.0063               0.1256               0.0000               0.0000               1.4201
[Row  11]              -0.0000               0.0001               0.0000              -0.0008              -0.0002               0.0000               0.0170               0.0000              -0.0221              -0.0175
[Row  12]               0.0001               0.0143               0.0000              -0.0174               0.0023               0.0119               0.2976               0.0000              -0.3585              -0.2911
[Row  13]               0.0000              -0.0000               0.0052              -0.0000              -0.0000               0.0000               0.0000               0.1349              -0.0000              -0.0000
[Row  14]               0.0008               0.0174               0.0000               0.0856              -0.0242               0.0150               0.3619               0.0000              -0.5575              -0.6779
[Row  15]              -0.0002               0.0023              -0.0000               0.0242               0.0467               0.0128               0.2745              -0.0000              -0.6245              -0.3370
                  [Col 11]              [Col 12]              [Col 13]              [Col 14]              [Col 15]
[Row   1]              -0.0000               0.0001               0.0000               0.0008              -0.0002
[Row   2]               0.0001               0.0143              -0.0000               0.0174               0.0023
[Row   3]               0.0000               0.0000               0.0052               0.0000              -0.0000
[Row   4]              -0.0008              -0.0174              -0.0000               0.0856               0.0242
[Row   5]              -0.0002               0.0023              -0.0000              -0.0242               0.0467
[Row   6]               0.0000               0.0119               0.0000               0.0150               0.0128
[Row   7]               0.0170               0.2976               0.0000               0.3619               0.2745
[Row   8]               0.0000               0.0000               0.1349               0.0000              -0.0000
[Row   9]              -0.0221              -0.3585              -0.0000              -0.5575              -0.6245
[Row  10]              -0.0175              -0.2911              -0.0000              -0.6779              -0.3370
[Row  11]               2.0000               0.4764               0.0000               0.0033               0.0026
[Row  12]               0.4764               1.9942              -0.0000              -0.0495              -0.0386
[Row  13]               0.0000              -0.0000               2.0000              -0.0000               0.0000
[Row  14]               0.0033              -0.0495              -0.0000               1.5702              -0.3251
[Row  15]               0.0026              -0.0386               0.0000              -0.3251               1.7403
====== S^(AO) std gaussian m_l ordering =====

                  [Col  1]              [Col  2]              [Col  3]              [Col  4]              [Col  5]              [Col  6]              [Col  7]              [Col  8]              [Col  9]              [Col 10]
[Row   1]               1.0000               0.2380               0.0000              -0.0000              -0.0000               0.0000               0.0088               0.0000               0.0126              -0.0101
[Row   2]               0.2380               1.0000               0.0000              -0.0000               0.0000               0.0062               0.1443               0.0000               0.1555              -0.1246
[Row   3]               0.0000               0.0000               1.0000               0.0000               0.0000               0.0000               0.0000               0.0675               0.0000               0.0000
[Row   4]              -0.0000              -0.0000               0.0000               1.0000               0.0000              -0.0097              -0.1373               0.0000              -0.1043               0.1376
[Row   5]              -0.0000               0.0000               0.0000               0.0000               1.0000               0.0078               0.1100               0.0000               0.1376              -0.0428
[Row   6]               0.0000               0.0062               0.0000              -0.0097               0.0078               1.0000               0.2367               0.0000               0.0000              -0.0000
[Row   7]               0.0088               0.1443               0.0000              -0.1373               0.1100               0.2367               1.0000               0.0000               0.0000               0.0000
[Row   8]               0.0000               0.0000               0.0675               0.0000               0.0000               0.0000               0.0000               1.0000               0.0000               0.0000
[Row   9]               0.0126               0.1555               0.0000              -0.1043               0.1376               0.0000               0.0000               0.0000               1.0000               0.0000
[Row  10]              -0.0101              -0.1246               0.0000               0.1376              -0.0428              -0.0000               0.0000               0.0000               0.0000               1.0000
[Row  11]               0.0000               0.0000               0.0000              -0.0001               0.0000               0.0000               0.0088               0.0000              -0.0126              -0.0101
[Row  12]               0.0000               0.0073               0.0000              -0.0130               0.0000               0.0062               0.1443               0.0000              -0.1555              -0.1246
[Row  13]               0.0000               0.0000               0.0026               0.0000               0.0000               0.0000               0.0000               0.0675               0.0000               0.0000
[Row  14]               0.0001               0.0130               0.0000              -0.0219               0.0000               0.0097               0.1373               0.0000              -0.1043              -0.1376
[Row  15]              -0.0000               0.0000               0.0000               0.0000               0.0026               0.0078               0.1100               0.0000              -0.1376              -0.0428
                  [Col 11]              [Col 12]              [Col 13]              [Col 14]              [Col 15]
[Row   1]               0.0000               0.0000               0.0000               0.0001              -0.0000
[Row   2]               0.0000               0.0073               0.0000               0.0130               0.0000
[Row   3]               0.0000               0.0000               0.0026               0.0000               0.0000
[Row   4]              -0.0001              -0.0130               0.0000              -0.0219               0.0000
[Row   5]               0.0000               0.0000               0.0000               0.0000               0.0026
[Row   6]               0.0000               0.0062               0.0000               0.0097               0.0078
[Row   7]               0.0088               0.1443               0.0000               0.1373               0.1100
[Row   8]               0.0000               0.0000               0.0675               0.0000               0.0000
[Row   9]              -0.0126              -0.1555               0.0000              -0.1043              -0.1376
[Row  10]              -0.0101              -0.1246               0.0000              -0.1376              -0.0428
[Row  11]               1.0000               0.2380               0.0000               0.0000              -0.0000
[Row  12]               0.2380               1.0000               0.0000               0.0000               0.0000
[Row  13]               0.0000               0.0000               1.0000               0.0000               0.0000
[Row  14]               0.0000               0.0000               0.0000               1.0000               0.0000
[Row  15]              -0.0000               0.0000               0.0000               0.0000               1.0000
