molecule mol78.xyz
System:, atNum: 6 coords [              0.0000               0.0000               1.6220]
System:, atNum: 6 coords [              0.0000              -1.2294              -0.9426]
System:, atNum: 6 coords [              0.0000               1.2294              -0.9426]
System:, atNum: 1 coords [              1.7243               0.0000               2.7522]
System:, atNum: 1 coords [             -1.7243               0.0000               2.7522]
System:, atNum: 1 coords [              0.0000              -2.9935              -1.9624]
System:, atNum: 1 coords [              0.0000               2.9935              -1.9624]
===== Original AO-S matrix =====

                  [Col  1]              [Col  2]              [Col  3]              [Col  4]              [Col  5]              [Col  6]              [Col  7]              [Col  8]              [Col  9]              [Col 10]
[Row   1]               1.0000               0.2484              -0.0000               0.0000               0.0000               0.0000               0.0290               0.0437               0.0000               0.0209
[Row   2]               0.2484               1.0000              -0.0000               0.0000               0.0000               0.0290               0.3143               0.3150               0.0000               0.1510
[Row   3]              -0.0000              -0.0000               1.0000               0.0000               0.0000              -0.0437              -0.3150              -0.2266               0.0000              -0.1928
[Row   4]               0.0000               0.0000               0.0000               1.0000               0.0000               0.0000               0.0000               0.0000               0.1756               0.0000
[Row   5]               0.0000               0.0000               0.0000               0.0000               1.0000              -0.0209              -0.1510              -0.1928               0.0000               0.0831
[Row   6]               0.0000               0.0290              -0.0437               0.0000              -0.0209               1.0000               0.2484               0.0000               0.0000               0.0000
[Row   7]               0.0290               0.3143              -0.3150               0.0000              -0.1510               0.2484               1.0000               0.0000               0.0000              -0.0000
[Row   8]               0.0437               0.3150              -0.2266               0.0000              -0.1928               0.0000               0.0000               1.0000               0.0000               0.0000
[Row   9]               0.0000               0.0000               0.0000               0.1756               0.0000               0.0000               0.0000               0.0000               1.0000               0.0000
[Row  10]               0.0209               0.1510              -0.1928               0.0000               0.0831               0.0000              -0.0000               0.0000               0.0000               1.0000
[Row  11]               0.0000               0.0290              -0.0437               0.0000               0.0209               0.0000               0.0474               0.0000               0.0000               0.0787
[Row  12]               0.0290               0.3143              -0.3150               0.0000               0.1510               0.0474               0.4160               0.0000               0.0000               0.4228
[Row  13]               0.0437               0.3150              -0.2266               0.0000               0.1928               0.0000               0.0000               0.2541               0.0000               0.0000
[Row  14]               0.0000               0.0000               0.0000               0.1756               0.0000               0.0000               0.0000               0.0000               0.2541               0.0000
[Row  15]              -0.0209              -0.1510               0.1928               0.0000               0.0831              -0.0787              -0.4228              -0.0000               0.0000              -0.3259
[Row  16]               0.0621               0.4902               0.2560               0.3905               0.0000               0.0042               0.0812               0.0930               0.0434               0.0309
[Row  17]               0.0621               0.4902               0.2560              -0.3905               0.0000               0.0042               0.0812               0.0930              -0.0434               0.0309
[Row  18]               0.0023               0.0533              -0.0567               0.0000              -0.0473               0.0640               0.4975              -0.2359               0.0000              -0.4080
[Row  19]               0.0023               0.0533              -0.0567               0.0000               0.0473               0.0037               0.0745              -0.0233               0.0000               0.0966
                  [Col 11]              [Col 12]              [Col 13]              [Col 14]              [Col 15]              [Col 16]              [Col 17]              [Col 18]              [Col 19]
[Row   1]               0.0000               0.0290               0.0437               0.0000              -0.0209               0.0621               0.0621               0.0023               0.0023
[Row   2]               0.0290               0.3143               0.3150               0.0000              -0.1510               0.4902               0.4902               0.0533               0.0533
[Row   3]              -0.0437              -0.3150              -0.2266               0.0000               0.1928               0.2560               0.2560              -0.0567              -0.0567
[Row   4]               0.0000               0.0000               0.0000               0.1756               0.0000               0.3905              -0.3905               0.0000               0.0000
[Row   5]               0.0209               0.1510               0.1928               0.0000               0.0831               0.0000               0.0000              -0.0473               0.0473
[Row   6]               0.0000               0.0474               0.0000               0.0000              -0.0787               0.0042               0.0042               0.0640               0.0037
[Row   7]               0.0474               0.4160               0.0000               0.0000              -0.4228               0.0812               0.0812               0.4975               0.0745
[Row   8]               0.0000               0.0000               0.2541               0.0000              -0.0000               0.0930               0.0930              -0.2359              -0.0233
[Row   9]               0.0000               0.0000               0.0000               0.2541               0.0000               0.0434              -0.0434               0.0000               0.0000
[Row  10]               0.0787               0.4228               0.0000               0.0000              -0.3259               0.0309               0.0309              -0.4080               0.0966
[Row  11]               1.0000               0.2484               0.0000               0.0000              -0.0000               0.0042               0.0042               0.0037               0.0640
[Row  12]               0.2484               1.0000               0.0000               0.0000               0.0000               0.0812               0.0812               0.0745               0.4975
[Row  13]               0.0000               0.0000               1.0000               0.0000              -0.0000               0.0930               0.0930              -0.0233              -0.2359
[Row  14]               0.0000               0.0000               0.0000               1.0000               0.0000               0.0434              -0.0434               0.0000               0.0000
[Row  15]              -0.0000               0.0000              -0.0000               0.0000               1.0000              -0.0309              -0.0309              -0.0966               0.4080
[Row  16]               0.0042               0.0812               0.0930               0.0434              -0.0309               1.0000               0.1578               0.0150               0.0150
[Row  17]               0.0042               0.0812               0.0930              -0.0434              -0.0309               0.1578               1.0000               0.0150               0.0150
[Row  18]               0.0037               0.0745              -0.0233               0.0000              -0.0966               0.0150               0.0150               1.0000               0.0127
[Row  19]               0.0640               0.4975              -0.2359               0.0000               0.4080               0.0150               0.0150               0.0127               1.0000
nbas 19
 ===== CA ===== 

                  [Col  1]              [Col  2]              [Col  3]              [Col  4]              [Col  5]              [Col  6]              [Col  7]              [Col  8]              [Col  9]              [Col 10]
[Row   1]               0.9921               0.0039               0.0000               0.1353               0.1698              -0.0000               0.0291               0.0000               0.0168               0.0000
[Row   2]               0.0363              -0.0070              -0.0000              -0.3271              -0.5296               0.0000              -0.1254              -0.0000              -0.0949              -0.0000
[Row   3]              -0.0020               0.0043               0.0000               0.1218              -0.1410               0.0000              -0.2578               0.0000               0.4001               0.0000
[Row   4]              -0.0000               0.0000               0.0000              -0.0000              -0.0000              -0.0000              -0.0000               0.5307              -0.0000               0.0000
[Row   5]              -0.0000              -0.0000               0.0036              -0.0000               0.0000               0.1543               0.0000              -0.0000              -0.0000               0.6308
[Row   6]              -0.0020               0.7017               0.7017               0.1529              -0.0900               0.1331               0.0186               0.0000              -0.0130               0.0331
[Row   7]              -0.0048               0.0196               0.0298              -0.3612               0.2721              -0.4141              -0.1004               0.0000               0.0392              -0.1817
[Row   8]              -0.0037               0.0019               0.0000              -0.0734              -0.1610               0.0227               0.1831               0.0000              -0.3579              -0.3865
[Row   9]              -0.0000              -0.0000               0.0000              -0.0000              -0.0000              -0.0000              -0.0000               0.2155               0.0000               0.0000
[Row  10]              -0.0006              -0.0002               0.0055              -0.1498               0.0496               0.2194               0.3330               0.0000               0.3517              -0.0676
[Row  11]              -0.0020               0.7017              -0.7017               0.1529              -0.0900              -0.1331               0.0186              -0.0000              -0.0130              -0.0331
[Row  12]              -0.0048               0.0196              -0.0298              -0.3612               0.2721               0.4141              -0.1004               0.0000               0.0392               0.1817
[Row  13]              -0.0037               0.0019              -0.0000              -0.0734              -0.1610              -0.0227               0.1831              -0.0000              -0.3579               0.3865
[Row  14]               0.0000              -0.0000              -0.0000              -0.0000               0.0000              -0.0000              -0.0000               0.2155               0.0000               0.0000
[Row  15]               0.0006               0.0002               0.0055               0.1498              -0.0496               0.2194              -0.3330              -0.0000              -0.3517              -0.0676
[Row  16]              -0.0067              -0.0001              -0.0000              -0.0589              -0.2266               0.0000              -0.1490               0.3495               0.1862               0.0000
[Row  17]              -0.0067              -0.0001              -0.0000              -0.0589              -0.2266               0.0000              -0.1490              -0.3495               0.1862               0.0000
[Row  18]               0.0001              -0.0039              -0.0044              -0.0663               0.1329              -0.3016              -0.2990              -0.0000              -0.1281               0.2309
[Row  19]               0.0001              -0.0039               0.0044              -0.0663               0.1329               0.3016              -0.2990              -0.0000              -0.1281              -0.2309
                  [Col 11]              [Col 12]              [Col 13]              [Col 14]              [Col 15]              [Col 16]              [Col 17]              [Col 18]              [Col 19]
[Row   1]               0.0000               0.0000              -0.0000               0.1385              -0.0000               0.2016               0.0000               0.0365               0.0000
[Row   2]              -0.0000              -0.0000               0.0000              -0.7910               0.0000              -1.2823              -0.0000              -0.2310              -0.0000
[Row   3]               0.0000               0.0000              -0.0000               0.4781              -0.0000              -0.3669              -0.0000               1.0704               0.0000
[Row   4]               0.1848               0.0000              -0.0000              -0.0000               0.0000              -0.0000               1.1523               0.0000               0.0000
[Row   5]              -0.0000              -0.0000               0.8509               0.0000               0.1146               0.0000              -0.0000               0.0000               0.2593
[Row   6]              -0.0000              -0.0000              -0.1010              -0.1242               0.1434               0.0126              -0.0000              -0.0138              -0.0831
[Row   7]               0.0000              -0.0000               0.5756               0.7882              -0.9253              -0.1372               0.0000               0.0225               0.7446
[Row   8]              -0.0000              -0.0000               0.4898               0.2129               0.5997               0.2987               0.0000               0.5771               0.2900
[Row   9]              -0.5908               0.8188               0.0000               0.0000              -0.0000               0.0000              -0.1595              -0.0000              -0.0000
[Row  10]               0.0000               0.0000              -0.2221              -0.3675              -0.1770               0.2300               0.0000               0.3830               1.2353
[Row  11]              -0.0000              -0.0000               0.1010              -0.1242              -0.1434               0.0126              -0.0000              -0.0138               0.0831
[Row  12]               0.0000               0.0000              -0.5756               0.7882               0.9253              -0.1372               0.0000               0.0225              -0.7446
[Row  13]               0.0000               0.0000              -0.4898               0.2129              -0.5997               0.2987               0.0000               0.5771              -0.2900
[Row  14]              -0.5908              -0.8188              -0.0000               0.0000              -0.0000               0.0000              -0.1595               0.0000               0.0000
[Row  15]              -0.0000              -0.0000              -0.2221               0.3675              -0.1770              -0.2300              -0.0000              -0.3830               1.2353
[Row  16]               0.2909              -0.0000              -0.0000               0.1706              -0.0000               0.8046              -0.8531              -0.3747              -0.0000
[Row  17]              -0.2909               0.0000              -0.0000               0.1706              -0.0000               0.8046               0.8531              -0.3747               0.0000
[Row  18]               0.0000               0.0000              -0.3500              -0.6711               0.6655               0.3678               0.0000               0.4805               0.5190
[Row  19]              -0.0000              -0.0000               0.3500              -0.6711              -0.6655               0.3678               0.0000               0.4805              -0.5190
 ===== CB ===== 

                  [Col  1]              [Col  2]              [Col  3]              [Col  4]              [Col  5]              [Col  6]              [Col  7]              [Col  8]              [Col  9]              [Col 10]
[Row   1]               0.9921               0.0039               0.0000               0.1353               0.1698              -0.0000               0.0291               0.0000               0.0168               0.0000
[Row   2]               0.0363              -0.0070              -0.0000              -0.3271              -0.5296               0.0000              -0.1254              -0.0000              -0.0949              -0.0000
[Row   3]              -0.0020               0.0043               0.0000               0.1218              -0.1410               0.0000              -0.2578               0.0000               0.4001               0.0000
[Row   4]              -0.0000               0.0000               0.0000              -0.0000              -0.0000              -0.0000              -0.0000               0.5307              -0.0000               0.0000
[Row   5]              -0.0000              -0.0000               0.0036              -0.0000               0.0000               0.1543               0.0000              -0.0000              -0.0000               0.6308
[Row   6]              -0.0020               0.7017               0.7017               0.1529              -0.0900               0.1331               0.0186               0.0000              -0.0130               0.0331
[Row   7]              -0.0048               0.0196               0.0298              -0.3612               0.2721              -0.4141              -0.1004               0.0000               0.0392              -0.1817
[Row   8]              -0.0037               0.0019               0.0000              -0.0734              -0.1610               0.0227               0.1831               0.0000              -0.3579              -0.3865
[Row   9]              -0.0000              -0.0000               0.0000              -0.0000              -0.0000              -0.0000              -0.0000               0.2155               0.0000               0.0000
[Row  10]              -0.0006              -0.0002               0.0055              -0.1498               0.0496               0.2194               0.3330               0.0000               0.3517              -0.0676
[Row  11]              -0.0020               0.7017              -0.7017               0.1529              -0.0900              -0.1331               0.0186              -0.0000              -0.0130              -0.0331
[Row  12]              -0.0048               0.0196              -0.0298              -0.3612               0.2721               0.4141              -0.1004               0.0000               0.0392               0.1817
[Row  13]              -0.0037               0.0019              -0.0000              -0.0734              -0.1610              -0.0227               0.1831              -0.0000              -0.3579               0.3865
[Row  14]               0.0000              -0.0000              -0.0000              -0.0000               0.0000              -0.0000              -0.0000               0.2155               0.0000               0.0000
[Row  15]               0.0006               0.0002               0.0055               0.1498              -0.0496               0.2194              -0.3330              -0.0000              -0.3517              -0.0676
[Row  16]              -0.0067              -0.0001              -0.0000              -0.0589              -0.2266               0.0000              -0.1490               0.3495               0.1862               0.0000
[Row  17]              -0.0067              -0.0001              -0.0000              -0.0589              -0.2266               0.0000              -0.1490              -0.3495               0.1862               0.0000
[Row  18]               0.0001              -0.0039              -0.0044              -0.0663               0.1329              -0.3016              -0.2990              -0.0000              -0.1281               0.2309
[Row  19]               0.0001              -0.0039               0.0044              -0.0663               0.1329               0.3016              -0.2990              -0.0000              -0.1281              -0.2309
                  [Col 11]              [Col 12]              [Col 13]              [Col 14]              [Col 15]              [Col 16]              [Col 17]              [Col 18]              [Col 19]
[Row   1]               0.0000               0.0000              -0.0000               0.1385              -0.0000               0.2016               0.0000               0.0365               0.0000
[Row   2]              -0.0000              -0.0000               0.0000              -0.7910               0.0000              -1.2823              -0.0000              -0.2310              -0.0000
[Row   3]               0.0000               0.0000              -0.0000               0.4781              -0.0000              -0.3669              -0.0000               1.0704               0.0000
[Row   4]               0.1848               0.0000              -0.0000              -0.0000               0.0000              -0.0000               1.1523               0.0000               0.0000
[Row   5]              -0.0000              -0.0000               0.8509               0.0000               0.1146               0.0000              -0.0000               0.0000               0.2593
[Row   6]              -0.0000              -0.0000              -0.1010              -0.1242               0.1434               0.0126              -0.0000              -0.0138              -0.0831
[Row   7]               0.0000              -0.0000               0.5756               0.7882              -0.9253              -0.1372               0.0000               0.0225               0.7446
[Row   8]              -0.0000              -0.0000               0.4898               0.2129               0.5997               0.2987               0.0000               0.5771               0.2900
[Row   9]              -0.5908               0.8188               0.0000               0.0000              -0.0000               0.0000              -0.1595              -0.0000              -0.0000
[Row  10]               0.0000               0.0000              -0.2221              -0.3675              -0.1770               0.2300               0.0000               0.3830               1.2353
[Row  11]              -0.0000              -0.0000               0.1010              -0.1242              -0.1434               0.0126              -0.0000              -0.0138               0.0831
[Row  12]               0.0000               0.0000              -0.5756               0.7882               0.9253              -0.1372               0.0000               0.0225              -0.7446
[Row  13]               0.0000               0.0000              -0.4898               0.2129              -0.5997               0.2987               0.0000               0.5771              -0.2900
[Row  14]              -0.5908              -0.8188              -0.0000               0.0000              -0.0000               0.0000              -0.1595               0.0000               0.0000
[Row  15]              -0.0000              -0.0000              -0.2221               0.3675              -0.1770              -0.2300              -0.0000              -0.3830               1.2353
[Row  16]               0.2909              -0.0000              -0.0000               0.1706              -0.0000               0.8046              -0.8531              -0.3747              -0.0000
[Row  17]              -0.2909               0.0000              -0.0000               0.1706              -0.0000               0.8046               0.8531              -0.3747               0.0000
[Row  18]               0.0000               0.0000              -0.3500              -0.6711               0.6655               0.3678               0.0000               0.4805               0.5190
[Row  19]              -0.0000              -0.0000               0.3500              -0.6711              -0.6655               0.3678               0.0000               0.4805              -0.5190
 ===== P_psi ===== Dalpha+Dbeta 

                  [Col  1]              [Col  2]              [Col  3]              [Col  4]              [Col  5]              [Col  6]              [Col  7]              [Col  8]              [Col  9]              [Col 10]
[Row   1]               2.0652              -0.2069              -0.0205              -0.0000               0.0000               0.0129              -0.0193              -0.0833              -0.0000               0.0064
[Row   2]              -0.2069               0.8271               0.0582              -0.0000              -0.0000              -0.0169              -0.0347               0.2402               0.0000              -0.1049
[Row   3]              -0.0205               0.0582               0.5226              -0.0000               0.0000               0.0487              -0.0814              -0.3532              -0.0000               0.0592
[Row   4]              -0.0000              -0.0000              -0.0000               0.6317              -0.0000               0.0000               0.0000               0.0000               0.0103               0.0000
[Row   5]               0.0000              -0.0000               0.0000              -0.0000               0.8434               0.0879              -0.3567              -0.4806               0.0000              -0.0176
[Row   6]               0.0129              -0.0169               0.0487               0.0000               0.0879               2.0713              -0.2171               0.0058               0.0000               0.0100
[Row   7]              -0.0193              -0.0347              -0.0814               0.0000              -0.3567              -0.2171               0.8438               0.0224              -0.0000              -0.0609
[Row   8]              -0.0833               0.2402              -0.3532               0.0000              -0.4806               0.0058               0.0224               0.6857               0.0000              -0.0616
[Row   9]              -0.0000               0.0000              -0.0000               0.0103               0.0000               0.0000              -0.0000               0.0000               0.7910              -0.0000
[Row  10]               0.0064              -0.1049               0.0592               0.0000              -0.0176               0.0100              -0.0609              -0.0616              -0.0000               0.6244
[Row  11]               0.0129              -0.0169               0.0487               0.0000              -0.0879               0.0265              -0.0563               0.0448              -0.0000              -0.1134
[Row  12]              -0.0193              -0.0347              -0.0814               0.0000               0.3567              -0.0563               0.0224              -0.2210              -0.0000               0.2527
[Row  13]              -0.0833               0.2402              -0.3532               0.0000               0.4806               0.0448              -0.2210               0.0860              -0.0000              -0.1860
[Row  14]               0.0000               0.0000               0.0000               0.0103               0.0000              -0.0000               0.0000               0.0000               0.7910              -0.0000
[Row  15]              -0.0064               0.1049              -0.0592               0.0000              -0.0176               0.1134              -0.2527               0.1860              -0.0000              -0.4136
[Row  16]              -0.1085               0.2801               0.2754               0.4785               0.0000               0.0123              -0.0362              -0.1062              -0.1932               0.0269
[Row  17]              -0.1085               0.2801               0.2754              -0.4785               0.0000               0.0123              -0.0362              -0.1062               0.1932               0.0269
[Row  18]               0.0056               0.0020              -0.0020               0.0000               0.1982              -0.1286               0.3357              -0.2430               0.0000              -0.4198
[Row  19]               0.0056               0.0020              -0.0020              -0.0000              -0.1982               0.0136               0.0045               0.1413               0.0000              -0.0926
                  [Col 11]              [Col 12]              [Col 13]              [Col 14]              [Col 15]              [Col 16]              [Col 17]              [Col 18]              [Col 19]
[Row   1]               0.0129              -0.0193              -0.0833               0.0000              -0.0064              -0.1085              -0.1085               0.0056               0.0056
[Row   2]              -0.0169              -0.0347               0.2402               0.0000               0.1049               0.2801               0.2801               0.0020               0.0020
[Row   3]               0.0487              -0.0814              -0.3532               0.0000              -0.0592               0.2754               0.2754              -0.0020              -0.0020
[Row   4]               0.0000               0.0000               0.0000               0.0103               0.0000               0.4785              -0.4785               0.0000              -0.0000
[Row   5]              -0.0879               0.3567               0.4806               0.0000              -0.0176               0.0000               0.0000               0.1982              -0.1982
[Row   6]               0.0265              -0.0563               0.0448              -0.0000               0.1134               0.0123               0.0123              -0.1286               0.0136
[Row   7]              -0.0563               0.0224              -0.2210               0.0000              -0.2527              -0.0362              -0.0362               0.3357               0.0045
[Row   8]               0.0448              -0.2210               0.0860               0.0000               0.1860              -0.1062              -0.1062              -0.2430               0.1413
[Row   9]              -0.0000              -0.0000              -0.0000               0.7910              -0.0000              -0.1932               0.1932               0.0000               0.0000
[Row  10]              -0.1134               0.2527              -0.1860              -0.0000              -0.4136               0.0269               0.0269              -0.4198              -0.0926
[Row  11]               2.0713              -0.2171               0.0058               0.0000              -0.0100               0.0123               0.0123               0.0136              -0.1286
[Row  12]              -0.2171               0.8438               0.0224              -0.0000               0.0609              -0.0362              -0.0362               0.0045               0.3357
[Row  13]               0.0058               0.0224               0.6857              -0.0000               0.0616              -0.1062              -0.1062               0.1413              -0.2430
[Row  14]               0.0000              -0.0000              -0.0000               0.7910              -0.0000              -0.1932               0.1932              -0.0000               0.0000
[Row  15]              -0.0100               0.0609               0.0616              -0.0000               0.6244              -0.0269              -0.0269               0.0926               0.4198
[Row  16]               0.0123              -0.0362              -0.1062              -0.1932              -0.0269               0.6370              -0.1900              -0.0110              -0.0110
[Row  17]               0.0123              -0.0362              -0.1062               0.1932              -0.0269              -0.1900               0.6370              -0.0110              -0.0110
[Row  18]               0.0136               0.0045               0.1413              -0.0000               0.0926              -0.0110              -0.0110               0.5443              -0.0329
[Row  19]              -0.1286               0.3357              -0.2430               0.0000               0.4198              -0.0110              -0.0110              -0.0329               0.5443
===== P_mu,nu local =====

                  [Col  1]              [Col  2]              [Col  3]              [Col  4]              [Col  5]              [Col  6]              [Col  7]              [Col  8]              [Col  9]              [Col 10]
[Row   1]               2.0652              -0.2069              -0.0205              -0.0000               0.0000               0.0129              -0.0193              -0.0833              -0.0000               0.0064
[Row   2]              -0.2069               0.8271               0.0582              -0.0000              -0.0000              -0.0169              -0.0347               0.2402               0.0000              -0.1049
[Row   3]              -0.0205               0.0582               0.5226              -0.0000               0.0000               0.0487              -0.0814              -0.3532              -0.0000               0.0592
[Row   4]              -0.0000              -0.0000              -0.0000               0.6317              -0.0000               0.0000               0.0000               0.0000               0.0103               0.0000
[Row   5]               0.0000              -0.0000               0.0000              -0.0000               0.8434               0.0879              -0.3567              -0.4806               0.0000              -0.0176
[Row   6]               0.0129              -0.0169               0.0487               0.0000               0.0879               2.0713              -0.2171               0.0058               0.0000               0.0100
[Row   7]              -0.0193              -0.0347              -0.0814               0.0000              -0.3567              -0.2171               0.8438               0.0224              -0.0000              -0.0609
[Row   8]              -0.0833               0.2402              -0.3532               0.0000              -0.4806               0.0058               0.0224               0.6857               0.0000              -0.0616
[Row   9]              -0.0000               0.0000              -0.0000               0.0103               0.0000               0.0000              -0.0000               0.0000               0.7910              -0.0000
[Row  10]               0.0064              -0.1049               0.0592               0.0000              -0.0176               0.0100              -0.0609              -0.0616              -0.0000               0.6244
[Row  11]               0.0129              -0.0169               0.0487               0.0000              -0.0879               0.0265              -0.0563               0.0448              -0.0000              -0.1134
[Row  12]              -0.0193              -0.0347              -0.0814               0.0000               0.3567              -0.0563               0.0224              -0.2210              -0.0000               0.2527
[Row  13]              -0.0833               0.2402              -0.3532               0.0000               0.4806               0.0448              -0.2210               0.0860              -0.0000              -0.1860
[Row  14]               0.0000               0.0000               0.0000               0.0103               0.0000              -0.0000               0.0000               0.0000               0.7910              -0.0000
[Row  15]              -0.0064               0.1049              -0.0592               0.0000              -0.0176               0.1134              -0.2527               0.1860              -0.0000              -0.4136
[Row  16]              -0.1085               0.2801               0.2754               0.4785               0.0000               0.0123              -0.0362              -0.1062              -0.1932               0.0269
[Row  17]              -0.1085               0.2801               0.2754              -0.4785               0.0000               0.0123              -0.0362              -0.1062               0.1932               0.0269
[Row  18]               0.0056               0.0020              -0.0020               0.0000               0.1982              -0.1286               0.3357              -0.2430               0.0000              -0.4198
[Row  19]               0.0056               0.0020              -0.0020              -0.0000              -0.1982               0.0136               0.0045               0.1413               0.0000              -0.0926
                  [Col 11]              [Col 12]              [Col 13]              [Col 14]              [Col 15]              [Col 16]              [Col 17]              [Col 18]              [Col 19]
[Row   1]               0.0129              -0.0193              -0.0833               0.0000              -0.0064              -0.1085              -0.1085               0.0056               0.0056
[Row   2]              -0.0169              -0.0347               0.2402               0.0000               0.1049               0.2801               0.2801               0.0020               0.0020
[Row   3]               0.0487              -0.0814              -0.3532               0.0000              -0.0592               0.2754               0.2754              -0.0020              -0.0020
[Row   4]               0.0000               0.0000               0.0000               0.0103               0.0000               0.4785              -0.4785               0.0000              -0.0000
[Row   5]              -0.0879               0.3567               0.4806               0.0000              -0.0176               0.0000               0.0000               0.1982              -0.1982
[Row   6]               0.0265              -0.0563               0.0448              -0.0000               0.1134               0.0123               0.0123              -0.1286               0.0136
[Row   7]              -0.0563               0.0224              -0.2210               0.0000              -0.2527              -0.0362              -0.0362               0.3357               0.0045
[Row   8]               0.0448              -0.2210               0.0860               0.0000               0.1860              -0.1062              -0.1062              -0.2430               0.1413
[Row   9]              -0.0000              -0.0000              -0.0000               0.7910              -0.0000              -0.1932               0.1932               0.0000               0.0000
[Row  10]              -0.1134               0.2527              -0.1860              -0.0000              -0.4136               0.0269               0.0269              -0.4198              -0.0926
[Row  11]               2.0713              -0.2171               0.0058               0.0000              -0.0100               0.0123               0.0123               0.0136              -0.1286
[Row  12]              -0.2171               0.8438               0.0224              -0.0000               0.0609              -0.0362              -0.0362               0.0045               0.3357
[Row  13]               0.0058               0.0224               0.6857              -0.0000               0.0616              -0.1062              -0.1062               0.1413              -0.2430
[Row  14]               0.0000              -0.0000              -0.0000               0.7910              -0.0000              -0.1932               0.1932              -0.0000               0.0000
[Row  15]              -0.0100               0.0609               0.0616              -0.0000               0.6244              -0.0269              -0.0269               0.0926               0.4198
[Row  16]               0.0123              -0.0362              -0.1062              -0.1932              -0.0269               0.6370              -0.1900              -0.0110              -0.0110
[Row  17]               0.0123              -0.0362              -0.1062               0.1932              -0.0269              -0.1900               0.6370              -0.0110              -0.0110
[Row  18]               0.0136               0.0045               0.1413              -0.0000               0.0926              -0.0110              -0.0110               0.5443              -0.0329
[Row  19]              -0.1286               0.3357              -0.2430               0.0000               0.4198              -0.0110              -0.0110              -0.0329               0.5443
===== P_mu,nu psi4 =====

                  [Col  1]              [Col  2]              [Col  3]              [Col  4]              [Col  5]              [Col  6]              [Col  7]              [Col  8]              [Col  9]              [Col 10]
[Row   1]               2.0652              -0.2069              -0.0205              -0.0000               0.0000               0.0129              -0.0193              -0.0833              -0.0000               0.0064
[Row   2]              -0.2069               0.8271               0.0582              -0.0000              -0.0000              -0.0169              -0.0347               0.2402               0.0000              -0.1049
[Row   3]              -0.0205               0.0582               0.5226              -0.0000               0.0000               0.0487              -0.0814              -0.3532              -0.0000               0.0592
[Row   4]              -0.0000              -0.0000              -0.0000               0.6317              -0.0000               0.0000               0.0000               0.0000               0.0103               0.0000
[Row   5]               0.0000              -0.0000               0.0000              -0.0000               0.8434               0.0879              -0.3567              -0.4806               0.0000              -0.0176
[Row   6]               0.0129              -0.0169               0.0487               0.0000               0.0879               2.0713              -0.2171               0.0058               0.0000               0.0100
[Row   7]              -0.0193              -0.0347              -0.0814               0.0000              -0.3567              -0.2171               0.8438               0.0224              -0.0000              -0.0609
[Row   8]              -0.0833               0.2402              -0.3532               0.0000              -0.4806               0.0058               0.0224               0.6857               0.0000              -0.0616
[Row   9]              -0.0000               0.0000              -0.0000               0.0103               0.0000               0.0000              -0.0000               0.0000               0.7910              -0.0000
[Row  10]               0.0064              -0.1049               0.0592               0.0000              -0.0176               0.0100              -0.0609              -0.0616              -0.0000               0.6244
[Row  11]               0.0129              -0.0169               0.0487               0.0000              -0.0879               0.0265              -0.0563               0.0448              -0.0000              -0.1134
[Row  12]              -0.0193              -0.0347              -0.0814               0.0000               0.3567              -0.0563               0.0224              -0.2210              -0.0000               0.2527
[Row  13]              -0.0833               0.2402              -0.3532               0.0000               0.4806               0.0448              -0.2210               0.0860              -0.0000              -0.1860
[Row  14]               0.0000               0.0000               0.0000               0.0103               0.0000              -0.0000               0.0000               0.0000               0.7910              -0.0000
[Row  15]              -0.0064               0.1049              -0.0592               0.0000              -0.0176               0.1134              -0.2527               0.1860              -0.0000              -0.4136
[Row  16]              -0.1085               0.2801               0.2754               0.4785               0.0000               0.0123              -0.0362              -0.1062              -0.1932               0.0269
[Row  17]              -0.1085               0.2801               0.2754              -0.4785               0.0000               0.0123              -0.0362              -0.1062               0.1932               0.0269
[Row  18]               0.0056               0.0020              -0.0020               0.0000               0.1982              -0.1286               0.3357              -0.2430               0.0000              -0.4198
[Row  19]               0.0056               0.0020              -0.0020              -0.0000              -0.1982               0.0136               0.0045               0.1413               0.0000              -0.0926
                  [Col 11]              [Col 12]              [Col 13]              [Col 14]              [Col 15]              [Col 16]              [Col 17]              [Col 18]              [Col 19]
[Row   1]               0.0129              -0.0193              -0.0833               0.0000              -0.0064              -0.1085              -0.1085               0.0056               0.0056
[Row   2]              -0.0169              -0.0347               0.2402               0.0000               0.1049               0.2801               0.2801               0.0020               0.0020
[Row   3]               0.0487              -0.0814              -0.3532               0.0000              -0.0592               0.2754               0.2754              -0.0020              -0.0020
[Row   4]               0.0000               0.0000               0.0000               0.0103               0.0000               0.4785              -0.4785               0.0000              -0.0000
[Row   5]              -0.0879               0.3567               0.4806               0.0000              -0.0176               0.0000               0.0000               0.1982              -0.1982
[Row   6]               0.0265              -0.0563               0.0448              -0.0000               0.1134               0.0123               0.0123              -0.1286               0.0136
[Row   7]              -0.0563               0.0224              -0.2210               0.0000              -0.2527              -0.0362              -0.0362               0.3357               0.0045
[Row   8]               0.0448              -0.2210               0.0860               0.0000               0.1860              -0.1062              -0.1062              -0.2430               0.1413
[Row   9]              -0.0000              -0.0000              -0.0000               0.7910              -0.0000              -0.1932               0.1932               0.0000               0.0000
[Row  10]              -0.1134               0.2527              -0.1860              -0.0000              -0.4136               0.0269               0.0269              -0.4198              -0.0926
[Row  11]               2.0713              -0.2171               0.0058               0.0000              -0.0100               0.0123               0.0123               0.0136              -0.1286
[Row  12]              -0.2171               0.8438               0.0224              -0.0000               0.0609              -0.0362              -0.0362               0.0045               0.3357
[Row  13]               0.0058               0.0224               0.6857              -0.0000               0.0616              -0.1062              -0.1062               0.1413              -0.2430
[Row  14]               0.0000              -0.0000              -0.0000               0.7910              -0.0000              -0.1932               0.1932              -0.0000               0.0000
[Row  15]              -0.0100               0.0609               0.0616              -0.0000               0.6244              -0.0269              -0.0269               0.0926               0.4198
[Row  16]               0.0123              -0.0362              -0.1062              -0.1932              -0.0269               0.6370              -0.1900              -0.0110              -0.0110
[Row  17]               0.0123              -0.0362              -0.1062               0.1932              -0.0269              -0.1900               0.6370              -0.0110              -0.0110
[Row  18]               0.0136               0.0045               0.1413              -0.0000               0.0926              -0.0110              -0.0110               0.5443              -0.0329
[Row  19]              -0.1286               0.3357              -0.2430               0.0000               0.4198              -0.0110              -0.0110              -0.0329               0.5443
====== P^(AO) = SPS =====

                  [Col  1]              [Col  2]              [Col  3]              [Col  4]              [Col  5]              [Col  6]              [Col  7]              [Col  8]              [Col  9]              [Col 10]
[Row   1]               1.9995               0.5055              -0.0023              -0.0000               0.0000               0.0001               0.0558               0.0812              -0.0000               0.0426
[Row   2]               0.5055               1.8435               0.0338              -0.0000              -0.0000               0.0559               0.6640               0.7402               0.0000               0.2956
[Row   3]              -0.0023               0.0338               1.5595               0.0000               0.0000              -0.0832              -0.7045              -0.6438              -0.0000              -0.3893
[Row   4]              -0.0000              -0.0000               0.0000               1.6302              -0.0000              -0.0000               0.0000               0.0000               0.4128              -0.0000
[Row   5]               0.0000              -0.0000               0.0000              -0.0000               1.5007              -0.0357              -0.4226              -0.7007               0.0000               0.2626
[Row   6]               0.0001               0.0559              -0.0832              -0.0000              -0.0357               1.9996               0.5052               0.0013              -0.0000              -0.0001
[Row   7]               0.0558               0.6640              -0.7045               0.0000              -0.4226               0.5052               1.8315              -0.0158              -0.0000               0.0289
[Row   8]               0.0812               0.7402              -0.6438               0.0000              -0.7007               0.0013              -0.0158               1.5308               0.0000               0.0590
[Row   9]              -0.0000               0.0000              -0.0000               0.4128               0.0000              -0.0000              -0.0000               0.0000               1.2439              -0.0000
[Row  10]               0.0426               0.2956              -0.3893              -0.0000               0.2626              -0.0001               0.0289               0.0590              -0.0000               1.7156
[Row  11]               0.0001               0.0559              -0.0832               0.0000               0.0357               0.0002               0.0919               0.0032              -0.0000               0.1530
[Row  12]               0.0558               0.6640              -0.7045               0.0000               0.4226               0.0919               0.8767              -0.0476              -0.0000               0.9331
[Row  13]               0.0812               0.7402              -0.6438               0.0000               0.7007               0.0032              -0.0476               0.6777               0.0000              -0.1039
[Row  14]               0.0000              -0.0000               0.0000               0.4128               0.0000              -0.0000               0.0000              -0.0000               1.2439               0.0000
[Row  15]              -0.0426              -0.2956               0.3893               0.0000               0.2626              -0.1530              -0.9331               0.1039               0.0000              -0.7836
[Row  16]               0.1166               1.1186               0.6600               1.0238               0.0000               0.0088               0.1579               0.1574               0.0463               0.0705
[Row  17]               0.1166               1.1186               0.6600              -1.0238               0.0000               0.0088               0.1579               0.1574              -0.0463               0.0705
[Row  18]               0.0052               0.1046              -0.1000              -0.0000              -0.0078               0.1195               1.1862              -0.5723               0.0000              -1.0152
[Row  19]               0.0052               0.1046              -0.1000               0.0000               0.0078               0.0087               0.1443              -0.0121               0.0000               0.1528
                  [Col 11]              [Col 12]              [Col 13]              [Col 14]              [Col 15]              [Col 16]              [Col 17]              [Col 18]              [Col 19]
[Row   1]               0.0001               0.0558               0.0812               0.0000              -0.0426               0.1166               0.1166               0.0052               0.0052
[Row   2]               0.0559               0.6640               0.7402              -0.0000              -0.2956               1.1186               1.1186               0.1046               0.1046
[Row   3]              -0.0832              -0.7045              -0.6438               0.0000               0.3893               0.6600               0.6600              -0.1000              -0.1000
[Row   4]               0.0000               0.0000               0.0000               0.4128               0.0000               1.0238              -1.0238              -0.0000               0.0000
[Row   5]               0.0357               0.4226               0.7007               0.0000               0.2626               0.0000               0.0000              -0.0078               0.0078
[Row   6]               0.0002               0.0919               0.0032              -0.0000              -0.1530               0.0088               0.0088               0.1195               0.0087
[Row   7]               0.0919               0.8767              -0.0476               0.0000              -0.9331               0.1579               0.1579               1.1862               0.1443
[Row   8]               0.0032              -0.0476               0.6777              -0.0000               0.1039               0.1574               0.1574              -0.5723              -0.0121
[Row   9]              -0.0000              -0.0000               0.0000               1.2439               0.0000               0.0463              -0.0463               0.0000               0.0000
[Row  10]               0.1530               0.9331              -0.1039               0.0000              -0.7836               0.0705               0.0705              -1.0152               0.1528
[Row  11]               1.9996               0.5052               0.0013               0.0000               0.0001               0.0088               0.0088               0.0087               0.1195
[Row  12]               0.5052               1.8315              -0.0158               0.0000              -0.0289               0.1579               0.1579               0.1443               1.1862
[Row  13]               0.0013              -0.0158               1.5308              -0.0000              -0.0590               0.1574               0.1574              -0.0121              -0.5723
[Row  14]               0.0000               0.0000              -0.0000               1.2439              -0.0000               0.0463              -0.0463              -0.0000               0.0000
[Row  15]               0.0001              -0.0289              -0.0590              -0.0000               1.7156              -0.0705              -0.0705              -0.1528               1.0152
[Row  16]               0.0088               0.1579               0.1574               0.0463              -0.0705               1.6455               0.2800               0.0277               0.0277
[Row  17]               0.0088               0.1579               0.1574              -0.0463              -0.0705               0.2800               1.6455               0.0277               0.0277
[Row  18]               0.0087               0.1443              -0.0121              -0.0000              -0.1528               0.0277               0.0277               1.6333               0.0132
[Row  19]               0.1195               1.1862              -0.5723               0.0000               1.0152               0.0277               0.0277               0.0132               1.6333
====== S^(AO) = S =====

                  [Col  1]              [Col  2]              [Col  3]              [Col  4]              [Col  5]              [Col  6]              [Col  7]              [Col  8]              [Col  9]              [Col 10]
[Row   1]               1.0000               0.2484              -0.0000               0.0000               0.0000               0.0000               0.0290               0.0437               0.0000               0.0209
[Row   2]               0.2484               1.0000              -0.0000               0.0000               0.0000               0.0290               0.3143               0.3150               0.0000               0.1510
[Row   3]              -0.0000              -0.0000               1.0000               0.0000               0.0000              -0.0437              -0.3150              -0.2266               0.0000              -0.1928
[Row   4]               0.0000               0.0000               0.0000               1.0000               0.0000               0.0000               0.0000               0.0000               0.1756               0.0000
[Row   5]               0.0000               0.0000               0.0000               0.0000               1.0000              -0.0209              -0.1510              -0.1928               0.0000               0.0831
[Row   6]               0.0000               0.0290              -0.0437               0.0000              -0.0209               1.0000               0.2484               0.0000               0.0000               0.0000
[Row   7]               0.0290               0.3143              -0.3150               0.0000              -0.1510               0.2484               1.0000               0.0000               0.0000              -0.0000
[Row   8]               0.0437               0.3150              -0.2266               0.0000              -0.1928               0.0000               0.0000               1.0000               0.0000               0.0000
[Row   9]               0.0000               0.0000               0.0000               0.1756               0.0000               0.0000               0.0000               0.0000               1.0000               0.0000
[Row  10]               0.0209               0.1510              -0.1928               0.0000               0.0831               0.0000              -0.0000               0.0000               0.0000               1.0000
[Row  11]               0.0000               0.0290              -0.0437               0.0000               0.0209               0.0000               0.0474               0.0000               0.0000               0.0787
[Row  12]               0.0290               0.3143              -0.3150               0.0000               0.1510               0.0474               0.4160               0.0000               0.0000               0.4228
[Row  13]               0.0437               0.3150              -0.2266               0.0000               0.1928               0.0000               0.0000               0.2541               0.0000               0.0000
[Row  14]               0.0000               0.0000               0.0000               0.1756               0.0000               0.0000               0.0000               0.0000               0.2541               0.0000
[Row  15]              -0.0209              -0.1510               0.1928               0.0000               0.0831              -0.0787              -0.4228              -0.0000               0.0000              -0.3259
[Row  16]               0.0621               0.4902               0.2560               0.3905               0.0000               0.0042               0.0812               0.0930               0.0434               0.0309
[Row  17]               0.0621               0.4902               0.2560              -0.3905               0.0000               0.0042               0.0812               0.0930              -0.0434               0.0309
[Row  18]               0.0023               0.0533              -0.0567               0.0000              -0.0473               0.0640               0.4975              -0.2359               0.0000              -0.4080
[Row  19]               0.0023               0.0533              -0.0567               0.0000               0.0473               0.0037               0.0745              -0.0233               0.0000               0.0966
                  [Col 11]              [Col 12]              [Col 13]              [Col 14]              [Col 15]              [Col 16]              [Col 17]              [Col 18]              [Col 19]
[Row   1]               0.0000               0.0290               0.0437               0.0000              -0.0209               0.0621               0.0621               0.0023               0.0023
[Row   2]               0.0290               0.3143               0.3150               0.0000              -0.1510               0.4902               0.4902               0.0533               0.0533
[Row   3]              -0.0437              -0.3150              -0.2266               0.0000               0.1928               0.2560               0.2560              -0.0567              -0.0567
[Row   4]               0.0000               0.0000               0.0000               0.1756               0.0000               0.3905              -0.3905               0.0000               0.0000
[Row   5]               0.0209               0.1510               0.1928               0.0000               0.0831               0.0000               0.0000              -0.0473               0.0473
[Row   6]               0.0000               0.0474               0.0000               0.0000              -0.0787               0.0042               0.0042               0.0640               0.0037
[Row   7]               0.0474               0.4160               0.0000               0.0000              -0.4228               0.0812               0.0812               0.4975               0.0745
[Row   8]               0.0000               0.0000               0.2541               0.0000              -0.0000               0.0930               0.0930              -0.2359              -0.0233
[Row   9]               0.0000               0.0000               0.0000               0.2541               0.0000               0.0434              -0.0434               0.0000               0.0000
[Row  10]               0.0787               0.4228               0.0000               0.0000              -0.3259               0.0309               0.0309              -0.4080               0.0966
[Row  11]               1.0000               0.2484               0.0000               0.0000              -0.0000               0.0042               0.0042               0.0037               0.0640
[Row  12]               0.2484               1.0000               0.0000               0.0000               0.0000               0.0812               0.0812               0.0745               0.4975
[Row  13]               0.0000               0.0000               1.0000               0.0000              -0.0000               0.0930               0.0930              -0.0233              -0.2359
[Row  14]               0.0000               0.0000               0.0000               1.0000               0.0000               0.0434              -0.0434               0.0000               0.0000
[Row  15]              -0.0000               0.0000              -0.0000               0.0000               1.0000              -0.0309              -0.0309              -0.0966               0.4080
[Row  16]               0.0042               0.0812               0.0930               0.0434              -0.0309               1.0000               0.1578               0.0150               0.0150
[Row  17]               0.0042               0.0812               0.0930              -0.0434              -0.0309               0.1578               1.0000               0.0150               0.0150
[Row  18]               0.0037               0.0745              -0.0233               0.0000              -0.0966               0.0150               0.0150               1.0000               0.0127
[Row  19]               0.0640               0.4975              -0.2359               0.0000               0.4080               0.0150               0.0150               0.0127               1.0000
====== P^(AO) std gaussian m_l ordering SPS =====

                  [Col  1]              [Col  2]              [Col  3]              [Col  4]              [Col  5]              [Col  6]              [Col  7]              [Col  8]              [Col  9]              [Col 10]
[Row   1]               1.9995               0.5055              -0.0000               0.0000              -0.0023               0.0001               0.0558              -0.0000               0.0426               0.0812
[Row   2]               0.5055               1.8435              -0.0000              -0.0000               0.0338               0.0559               0.6640               0.0000               0.2956               0.7402
[Row   3]              -0.0000              -0.0000               1.6302              -0.0000               0.0000              -0.0000               0.0000               0.4128              -0.0000               0.0000
[Row   4]               0.0000              -0.0000              -0.0000               1.5007               0.0000              -0.0357              -0.4226               0.0000               0.2626              -0.7007
[Row   5]              -0.0023               0.0338               0.0000               0.0000               1.5595              -0.0832              -0.7045              -0.0000              -0.3893              -0.6438
[Row   6]               0.0001               0.0559              -0.0000              -0.0357              -0.0832               1.9996               0.5052              -0.0000              -0.0001               0.0013
[Row   7]               0.0558               0.6640               0.0000              -0.4226              -0.7045               0.5052               1.8315              -0.0000               0.0289              -0.0158
[Row   8]              -0.0000               0.0000               0.4128               0.0000              -0.0000              -0.0000              -0.0000               1.2439              -0.0000               0.0000
[Row   9]               0.0426               0.2956              -0.0000               0.2626              -0.3893              -0.0001               0.0289              -0.0000               1.7156               0.0590
[Row  10]               0.0812               0.7402               0.0000              -0.7007              -0.6438               0.0013              -0.0158               0.0000               0.0590               1.5308
[Row  11]               0.0001               0.0559               0.0000               0.0357              -0.0832               0.0002               0.0919              -0.0000               0.1530               0.0032
[Row  12]               0.0558               0.6640               0.0000               0.4226              -0.7045               0.0919               0.8767              -0.0000               0.9331              -0.0476
[Row  13]               0.0000              -0.0000               0.4128               0.0000               0.0000              -0.0000               0.0000               1.2439               0.0000              -0.0000
[Row  14]              -0.0426              -0.2956               0.0000               0.2626               0.3893              -0.1530              -0.9331               0.0000              -0.7836               0.1039
[Row  15]               0.0812               0.7402               0.0000               0.7007              -0.6438               0.0032              -0.0476               0.0000              -0.1039               0.6777
[Row  16]               0.1166               1.1186               1.0238               0.0000               0.6600               0.0088               0.1579               0.0463               0.0705               0.1574
[Row  17]               0.1166               1.1186              -1.0238               0.0000               0.6600               0.0088               0.1579              -0.0463               0.0705               0.1574
[Row  18]               0.0052               0.1046              -0.0000              -0.0078              -0.1000               0.1195               1.1862               0.0000              -1.0152              -0.5723
[Row  19]               0.0052               0.1046               0.0000               0.0078              -0.1000               0.0087               0.1443               0.0000               0.1528              -0.0121
                  [Col 11]              [Col 12]              [Col 13]              [Col 14]              [Col 15]              [Col 16]              [Col 17]              [Col 18]              [Col 19]
[Row   1]               0.0001               0.0558               0.0000              -0.0426               0.0812               0.1166               0.1166               0.0052               0.0052
[Row   2]               0.0559               0.6640              -0.0000              -0.2956               0.7402               1.1186               1.1186               0.1046               0.1046
[Row   3]               0.0000               0.0000               0.4128               0.0000               0.0000               1.0238              -1.0238              -0.0000               0.0000
[Row   4]               0.0357               0.4226               0.0000               0.2626               0.7007               0.0000               0.0000              -0.0078               0.0078
[Row   5]              -0.0832              -0.7045               0.0000               0.3893              -0.6438               0.6600               0.6600              -0.1000              -0.1000
[Row   6]               0.0002               0.0919              -0.0000              -0.1530               0.0032               0.0088               0.0088               0.1195               0.0087
[Row   7]               0.0919               0.8767               0.0000              -0.9331              -0.0476               0.1579               0.1579               1.1862               0.1443
[Row   8]              -0.0000              -0.0000               1.2439               0.0000               0.0000               0.0463              -0.0463               0.0000               0.0000
[Row   9]               0.1530               0.9331               0.0000              -0.7836              -0.1039               0.0705               0.0705              -1.0152               0.1528
[Row  10]               0.0032              -0.0476              -0.0000               0.1039               0.6777               0.1574               0.1574              -0.5723              -0.0121
[Row  11]               1.9996               0.5052               0.0000               0.0001               0.0013               0.0088               0.0088               0.0087               0.1195
[Row  12]               0.5052               1.8315               0.0000              -0.0289              -0.0158               0.1579               0.1579               0.1443               1.1862
[Row  13]               0.0000               0.0000               1.2439              -0.0000              -0.0000               0.0463              -0.0463              -0.0000               0.0000
[Row  14]               0.0001              -0.0289              -0.0000               1.7156              -0.0590              -0.0705              -0.0705              -0.1528               1.0152
[Row  15]               0.0013              -0.0158              -0.0000              -0.0590               1.5308               0.1574               0.1574              -0.0121              -0.5723
[Row  16]               0.0088               0.1579               0.0463              -0.0705               0.1574               1.6455               0.2800               0.0277               0.0277
[Row  17]               0.0088               0.1579              -0.0463              -0.0705               0.1574               0.2800               1.6455               0.0277               0.0277
[Row  18]               0.0087               0.1443              -0.0000              -0.1528              -0.0121               0.0277               0.0277               1.6333               0.0132
[Row  19]               0.1195               1.1862               0.0000               1.0152              -0.5723               0.0277               0.0277               0.0132               1.6333
====== S^(AO) std gaussian m_l ordering =====

                  [Col  1]              [Col  2]              [Col  3]              [Col  4]              [Col  5]              [Col  6]              [Col  7]              [Col  8]              [Col  9]              [Col 10]
[Row   1]               1.0000               0.2484               0.0000               0.0000              -0.0000               0.0000               0.0290               0.0000               0.0209               0.0437
[Row   2]               0.2484               1.0000               0.0000               0.0000              -0.0000               0.0290               0.3143               0.0000               0.1510               0.3150
[Row   3]               0.0000               0.0000               1.0000               0.0000               0.0000               0.0000               0.0000               0.1756               0.0000               0.0000
[Row   4]               0.0000               0.0000               0.0000               1.0000               0.0000              -0.0209              -0.1510               0.0000               0.0831              -0.1928
[Row   5]              -0.0000              -0.0000               0.0000               0.0000               1.0000              -0.0437              -0.3150               0.0000              -0.1928              -0.2266
[Row   6]               0.0000               0.0290               0.0000              -0.0209              -0.0437               1.0000               0.2484               0.0000               0.0000               0.0000
[Row   7]               0.0290               0.3143               0.0000              -0.1510              -0.3150               0.2484               1.0000               0.0000              -0.0000               0.0000
[Row   8]               0.0000               0.0000               0.1756               0.0000               0.0000               0.0000               0.0000               1.0000               0.0000               0.0000
[Row   9]               0.0209               0.1510               0.0000               0.0831              -0.1928               0.0000              -0.0000               0.0000               1.0000               0.0000
[Row  10]               0.0437               0.3150               0.0000              -0.1928              -0.2266               0.0000               0.0000               0.0000               0.0000               1.0000
[Row  11]               0.0000               0.0290               0.0000               0.0209              -0.0437               0.0000               0.0474               0.0000               0.0787               0.0000
[Row  12]               0.0290               0.3143               0.0000               0.1510              -0.3150               0.0474               0.4160               0.0000               0.4228               0.0000
[Row  13]               0.0000               0.0000               0.1756               0.0000               0.0000               0.0000               0.0000               0.2541               0.0000               0.0000
[Row  14]              -0.0209              -0.1510               0.0000               0.0831               0.1928              -0.0787              -0.4228               0.0000              -0.3259              -0.0000
[Row  15]               0.0437               0.3150               0.0000               0.1928              -0.2266               0.0000               0.0000               0.0000               0.0000               0.2541
[Row  16]               0.0621               0.4902               0.3905               0.0000               0.2560               0.0042               0.0812               0.0434               0.0309               0.0930
[Row  17]               0.0621               0.4902              -0.3905               0.0000               0.2560               0.0042               0.0812              -0.0434               0.0309               0.0930
[Row  18]               0.0023               0.0533               0.0000              -0.0473              -0.0567               0.0640               0.4975               0.0000              -0.4080              -0.2359
[Row  19]               0.0023               0.0533               0.0000               0.0473              -0.0567               0.0037               0.0745               0.0000               0.0966              -0.0233
                  [Col 11]              [Col 12]              [Col 13]              [Col 14]              [Col 15]              [Col 16]              [Col 17]              [Col 18]              [Col 19]
[Row   1]               0.0000               0.0290               0.0000              -0.0209               0.0437               0.0621               0.0621               0.0023               0.0023
[Row   2]               0.0290               0.3143               0.0000              -0.1510               0.3150               0.4902               0.4902               0.0533               0.0533
[Row   3]               0.0000               0.0000               0.1756               0.0000               0.0000               0.3905              -0.3905               0.0000               0.0000
[Row   4]               0.0209               0.1510               0.0000               0.0831               0.1928               0.0000               0.0000              -0.0473               0.0473
[Row   5]              -0.0437              -0.3150               0.0000               0.1928              -0.2266               0.2560               0.2560              -0.0567              -0.0567
[Row   6]               0.0000               0.0474               0.0000              -0.0787               0.0000               0.0042               0.0042               0.0640               0.0037
[Row   7]               0.0474               0.4160               0.0000              -0.4228               0.0000               0.0812               0.0812               0.4975               0.0745
[Row   8]               0.0000               0.0000               0.2541               0.0000               0.0000               0.0434              -0.0434               0.0000               0.0000
[Row   9]               0.0787               0.4228               0.0000              -0.3259               0.0000               0.0309               0.0309              -0.4080               0.0966
[Row  10]               0.0000               0.0000               0.0000              -0.0000               0.2541               0.0930               0.0930              -0.2359              -0.0233
[Row  11]               1.0000               0.2484               0.0000              -0.0000               0.0000               0.0042               0.0042               0.0037               0.0640
[Row  12]               0.2484               1.0000               0.0000               0.0000               0.0000               0.0812               0.0812               0.0745               0.4975
[Row  13]               0.0000               0.0000               1.0000               0.0000               0.0000               0.0434              -0.0434               0.0000               0.0000
[Row  14]              -0.0000               0.0000               0.0000               1.0000              -0.0000              -0.0309              -0.0309              -0.0966               0.4080
[Row  15]               0.0000               0.0000               0.0000              -0.0000               1.0000               0.0930               0.0930              -0.0233              -0.2359
[Row  16]               0.0042               0.0812               0.0434              -0.0309               0.0930               1.0000               0.1578               0.0150               0.0150
[Row  17]               0.0042               0.0812              -0.0434              -0.0309               0.0930               0.1578               1.0000               0.0150               0.0150
[Row  18]               0.0037               0.0745               0.0000              -0.0966              -0.0233               0.0150               0.0150               1.0000               0.0127
[Row  19]               0.0640               0.4975               0.0000               0.4080              -0.2359               0.0150               0.0150               0.0127               1.0000
