molecule mol70.xyz
System:, atNum: 8 coords [              0.0000               2.0859              -0.4319]
System:, atNum: 8 coords [              0.0000               0.0000               0.8638]
System:, atNum: 8 coords [              0.0000              -2.0859              -0.4319]
===== Original AO-S matrix =====

                  [Col  1]              [Col  2]              [Col  3]              [Col  4]              [Col  5]              [Col  6]              [Col  7]              [Col  8]              [Col  9]              [Col 10]
[Row   1]               1.0000               0.2367               0.0000               0.0000              -0.0000               0.0000               0.0167              -0.0153               0.0000               0.0247
[Row   2]               0.2367               1.0000              -0.0000               0.0000               0.0000               0.0167               0.2333              -0.1470               0.0000               0.2367
[Row   3]               0.0000              -0.0000               1.0000               0.0000              -0.0000               0.0153               0.1470               0.0080               0.0000               0.1814
[Row   4]               0.0000               0.0000               0.0000               1.0000               0.0000               0.0000               0.0000               0.0000               0.1207               0.0000
[Row   5]              -0.0000               0.0000              -0.0000               0.0000               1.0000              -0.0247              -0.2367               0.1814               0.0000              -0.1713
[Row   6]               0.0000               0.0167               0.0153               0.0000              -0.0247               1.0000               0.2367              -0.0000               0.0000               0.0000
[Row   7]               0.0167               0.2333               0.1470               0.0000              -0.2367               0.2367               1.0000               0.0000               0.0000               0.0000
[Row   8]              -0.0153              -0.1470               0.0080               0.0000               0.1814              -0.0000               0.0000               1.0000               0.0000               0.0000
[Row   9]               0.0000               0.0000               0.0000               0.1207               0.0000               0.0000               0.0000               0.0000               1.0000               0.0000
[Row  10]               0.0247               0.2367               0.1814               0.0000              -0.1713               0.0000               0.0000               0.0000               0.0000               1.0000
[Row  11]               0.0000               0.0003               0.0000               0.0000              -0.0007               0.0000               0.0167              -0.0153               0.0000              -0.0247
[Row  12]               0.0003               0.0208              -0.0000               0.0000              -0.0342               0.0167               0.2333              -0.1470               0.0000              -0.2367
[Row  13]               0.0000              -0.0000               0.0079               0.0000               0.0000               0.0153               0.1470               0.0080               0.0000              -0.1814
[Row  14]               0.0000               0.0000               0.0000               0.0079               0.0000               0.0000               0.0000               0.0000               0.1207               0.0000
[Row  15]               0.0007               0.0342              -0.0000               0.0000              -0.0523               0.0247               0.2367              -0.1814               0.0000              -0.1713
                  [Col 11]              [Col 12]              [Col 13]              [Col 14]              [Col 15]
[Row   1]               0.0000               0.0003               0.0000               0.0000               0.0007
[Row   2]               0.0003               0.0208              -0.0000               0.0000               0.0342
[Row   3]               0.0000              -0.0000               0.0079               0.0000              -0.0000
[Row   4]               0.0000               0.0000               0.0000               0.0079               0.0000
[Row   5]              -0.0007              -0.0342               0.0000               0.0000              -0.0523
[Row   6]               0.0000               0.0167               0.0153               0.0000               0.0247
[Row   7]               0.0167               0.2333               0.1470               0.0000               0.2367
[Row   8]              -0.0153              -0.1470               0.0080               0.0000              -0.1814
[Row   9]               0.0000               0.0000               0.0000               0.1207               0.0000
[Row  10]              -0.0247              -0.2367              -0.1814               0.0000              -0.1713
[Row  11]               1.0000               0.2367               0.0000               0.0000               0.0000
[Row  12]               0.2367               1.0000              -0.0000               0.0000              -0.0000
[Row  13]               0.0000              -0.0000               1.0000               0.0000               0.0000
[Row  14]               0.0000               0.0000               0.0000               1.0000               0.0000
[Row  15]               0.0000              -0.0000               0.0000               0.0000               1.0000
nbas 15
 ===== CA ===== 

                  [Col  1]              [Col  2]              [Col  3]              [Col  4]              [Col  5]              [Col  6]              [Col  7]              [Col  8]              [Col  9]              [Col 10]
[Row   1]               0.0009               0.7033               0.7034               0.0979               0.1655               0.1472               0.0558               0.0823               0.0000               0.0119
[Row   2]               0.0038               0.0157               0.0157              -0.3219              -0.6145              -0.6114              -0.2600              -0.3868              -0.0000              -0.0622
[Row   3]               0.0016               0.0012               0.0012              -0.0471              -0.0571               0.0935              -0.1619               0.3510               0.0000              -0.4947
[Row   4]              -0.0000               0.0000              -0.0000              -0.0000               0.0000              -0.0000              -0.0000              -0.0000               0.3719              -0.0000
[Row   5]              -0.0028              -0.0020              -0.0019               0.0900               0.0640              -0.0652              -0.3507              -0.2204              -0.0000              -0.5085
[Row   6]              -0.9945              -0.0000               0.0026               0.1952               0.0000              -0.1593               0.0184              -0.0000               0.0000               0.0000
[Row   7]              -0.0236               0.0000              -0.0056              -0.6904              -0.0000               0.6877              -0.0909               0.0000              -0.0000              -0.0000
[Row   8]               0.0032              -0.0000               0.0026               0.1288               0.0000               0.2148              -0.6967              -0.0000              -0.0000              -0.0000
[Row   9]              -0.0000              -0.0000               0.0000              -0.0000               0.0000               0.0000              -0.0000              -0.0000               0.7642               0.0000
[Row  10]               0.0000              -0.0042              -0.0000               0.0000              -0.3062              -0.0000              -0.0000               0.5894               0.0000               0.1523
[Row  11]               0.0009              -0.7034               0.7034               0.0979              -0.1655               0.1472               0.0558              -0.0823              -0.0000              -0.0119
[Row  12]               0.0038              -0.0157               0.0157              -0.3219               0.6145              -0.6114              -0.2600               0.3868               0.0000               0.0622
[Row  13]               0.0016              -0.0012               0.0012              -0.0471               0.0571               0.0935              -0.1619              -0.3510              -0.0000               0.4947
[Row  14]              -0.0000               0.0000               0.0000              -0.0000              -0.0000               0.0000              -0.0000              -0.0000               0.3719              -0.0000
[Row  15]               0.0028              -0.0020               0.0019              -0.0900               0.0640               0.0652               0.3507              -0.2204              -0.0000              -0.5085
                  [Col 11]              [Col 12]              [Col 13]              [Col 14]              [Col 15]
[Row   1]               0.0089               0.0000              -0.0000               0.0522               0.0550
[Row   2]              -0.0507              -0.0000               0.0000              -0.2917              -0.3149
[Row   3]               0.6384              -0.0000              -0.0000              -0.2847              -0.4212
[Row   4]               0.0000               0.7099               0.6104              -0.0000              -0.0000
[Row   5]               0.1454              -0.0000              -0.0000               0.6596               0.5150
[Row   6]               0.0369              -0.0000               0.0000              -0.1196              -0.0000
[Row   7]              -0.1932               0.0000              -0.0000               0.6886               0.0000
[Row   8]              -0.4448               0.0000               0.0000              -0.6357              -0.0000
[Row   9]               0.0000               0.0000              -0.6676               0.0000               0.0000
[Row  10]              -0.0000               0.0000               0.0000              -0.0000               0.9334
[Row  11]               0.0089               0.0000              -0.0000               0.0522              -0.0550
[Row  12]              -0.0507              -0.0000               0.0000              -0.2917               0.3149
[Row  13]               0.6384              -0.0000               0.0000              -0.2847               0.4212
[Row  14]              -0.0000              -0.7099               0.6104               0.0000              -0.0000
[Row  15]              -0.1454               0.0000              -0.0000              -0.6596               0.5150
 ===== CB ===== 

                  [Col  1]              [Col  2]              [Col  3]              [Col  4]              [Col  5]              [Col  6]              [Col  7]              [Col  8]              [Col  9]              [Col 10]
[Row   1]               0.0009               0.7033               0.7034               0.0979               0.1655               0.1472               0.0558               0.0823               0.0000               0.0119
[Row   2]               0.0038               0.0157               0.0157              -0.3219              -0.6145              -0.6114              -0.2600              -0.3868              -0.0000              -0.0622
[Row   3]               0.0016               0.0012               0.0012              -0.0471              -0.0571               0.0935              -0.1619               0.3510               0.0000              -0.4947
[Row   4]              -0.0000               0.0000              -0.0000              -0.0000               0.0000              -0.0000              -0.0000              -0.0000               0.3719              -0.0000
[Row   5]              -0.0028              -0.0020              -0.0019               0.0900               0.0640              -0.0652              -0.3507              -0.2204              -0.0000              -0.5085
[Row   6]              -0.9945              -0.0000               0.0026               0.1952               0.0000              -0.1593               0.0184              -0.0000               0.0000               0.0000
[Row   7]              -0.0236               0.0000              -0.0056              -0.6904              -0.0000               0.6877              -0.0909               0.0000              -0.0000              -0.0000
[Row   8]               0.0032              -0.0000               0.0026               0.1288               0.0000               0.2148              -0.6967              -0.0000              -0.0000              -0.0000
[Row   9]              -0.0000              -0.0000               0.0000              -0.0000               0.0000               0.0000              -0.0000              -0.0000               0.7642               0.0000
[Row  10]               0.0000              -0.0042              -0.0000               0.0000              -0.3062              -0.0000              -0.0000               0.5894               0.0000               0.1523
[Row  11]               0.0009              -0.7034               0.7034               0.0979              -0.1655               0.1472               0.0558              -0.0823              -0.0000              -0.0119
[Row  12]               0.0038              -0.0157               0.0157              -0.3219               0.6145              -0.6114              -0.2600               0.3868               0.0000               0.0622
[Row  13]               0.0016              -0.0012               0.0012              -0.0471               0.0571               0.0935              -0.1619              -0.3510              -0.0000               0.4947
[Row  14]              -0.0000               0.0000               0.0000              -0.0000              -0.0000               0.0000              -0.0000              -0.0000               0.3719              -0.0000
[Row  15]               0.0028              -0.0020               0.0019              -0.0900               0.0640               0.0652               0.3507              -0.2204              -0.0000              -0.5085
                  [Col 11]              [Col 12]              [Col 13]              [Col 14]              [Col 15]
[Row   1]               0.0089               0.0000              -0.0000               0.0522               0.0550
[Row   2]              -0.0507              -0.0000               0.0000              -0.2917              -0.3149
[Row   3]               0.6384              -0.0000              -0.0000              -0.2847              -0.4212
[Row   4]               0.0000               0.7099               0.6104              -0.0000              -0.0000
[Row   5]               0.1454              -0.0000              -0.0000               0.6596               0.5150
[Row   6]               0.0369              -0.0000               0.0000              -0.1196              -0.0000
[Row   7]              -0.1932               0.0000              -0.0000               0.6886               0.0000
[Row   8]              -0.4448               0.0000               0.0000              -0.6357              -0.0000
[Row   9]               0.0000               0.0000              -0.6676               0.0000               0.0000
[Row  10]              -0.0000               0.0000               0.0000              -0.0000               0.9334
[Row  11]               0.0089               0.0000              -0.0000               0.0522              -0.0550
[Row  12]              -0.0507              -0.0000               0.0000              -0.2917               0.3149
[Row  13]               0.6384              -0.0000               0.0000              -0.2847               0.4212
[Row  14]              -0.0000              -0.7099               0.6104               0.0000              -0.0000
[Row  15]              -0.1454               0.0000              -0.0000              -0.6596               0.5150
 ===== P_psi ===== Dalpha+Dbeta 

                  [Col  1]              [Col  2]              [Col  3]              [Col  4]              [Col  5]              [Col  6]              [Col  7]              [Col  8]              [Col  9]              [Col 10]
[Row   1]               2.1164              -0.4973               0.0420               0.0000              -0.0708              -0.0041               0.0458               0.0064              -0.0000              -0.0066
[Row   2]              -0.4973               2.1585              -0.2044              -0.0000               0.3443               0.0484              -0.3299               0.0620               0.0000              -0.0988
[Row   3]               0.0420              -0.2044               1.6318               0.0000               0.6196              -0.0101              -0.0236              -0.3143              -0.0000               0.2980
[Row   4]               0.0000              -0.0000               0.0000               1.2845               0.0000              -0.0000               0.0000              -0.0000               0.5684               0.0000
[Row   5]              -0.0708               0.3443               0.6196               0.0000               0.9354               0.0594              -0.2062               0.3544              -0.0000              -0.4539
[Row   6]              -0.0041               0.0484              -0.0101              -0.0000               0.0594               2.1085              -0.4594              -0.0831               0.0000              -0.0000
[Row   7]               0.0458              -0.3299              -0.0236               0.0000              -0.2062              -0.4594               1.9915               0.4160              -0.0000               0.0000
[Row   8]               0.0064               0.0620              -0.3143              -0.0000               0.3544              -0.0831               0.4160               1.4920               0.0000              -0.0000
[Row   9]              -0.0000               0.0000              -0.0000               0.5684              -0.0000               0.0000              -0.0000               0.0000               1.1681              -0.0000
[Row  10]              -0.0066              -0.0988               0.2980               0.0000              -0.4539              -0.0000               0.0000              -0.0000              -0.0000               0.9288
[Row  11]               0.0003              -0.0044              -0.0155              -0.0000              -0.0109              -0.0041               0.0458               0.0064              -0.0000               0.0066
[Row  12]              -0.0044               0.0331               0.0752              -0.0000               0.0343               0.0484              -0.3299               0.0620               0.0000               0.0988
[Row  13]              -0.0155               0.0752               0.1471              -0.0000              -0.0626              -0.0101              -0.0236              -0.3143               0.0000              -0.2980
[Row  14]              -0.0000               0.0000               0.0000              -0.7314               0.0000               0.0000              -0.0000               0.0000               0.5684              -0.0000
[Row  15]               0.0109              -0.0343               0.0626               0.0000               0.3096              -0.0594               0.2062              -0.3544              -0.0000              -0.4539
                  [Col 11]              [Col 12]              [Col 13]              [Col 14]              [Col 15]
[Row   1]               0.0003              -0.0044              -0.0155              -0.0000               0.0109
[Row   2]              -0.0044               0.0331               0.0752               0.0000              -0.0343
[Row   3]              -0.0155               0.0752               0.1471               0.0000               0.0626
[Row   4]              -0.0000              -0.0000              -0.0000              -0.7314               0.0000
[Row   5]              -0.0109               0.0343              -0.0626               0.0000               0.3096
[Row   6]              -0.0041               0.0484              -0.0101               0.0000              -0.0594
[Row   7]               0.0458              -0.3299              -0.0236              -0.0000               0.2062
[Row   8]               0.0064               0.0620              -0.3143               0.0000              -0.3544
[Row   9]              -0.0000               0.0000               0.0000               0.5684              -0.0000
[Row  10]               0.0066               0.0988              -0.2980              -0.0000              -0.4539
[Row  11]               2.1164              -0.4973               0.0420               0.0000               0.0708
[Row  12]              -0.4973               2.1585              -0.2044               0.0000              -0.3443
[Row  13]               0.0420              -0.2044               1.6318              -0.0000              -0.6196
[Row  14]               0.0000               0.0000              -0.0000               1.2845               0.0000
[Row  15]               0.0708              -0.3443              -0.6196               0.0000               0.9354
===== P_mu,nu local =====

                  [Col  1]              [Col  2]              [Col  3]              [Col  4]              [Col  5]              [Col  6]              [Col  7]              [Col  8]              [Col  9]              [Col 10]
[Row   1]               2.1164              -0.4973               0.0420               0.0000              -0.0708              -0.0041               0.0458               0.0064              -0.0000              -0.0066
[Row   2]              -0.4973               2.1585              -0.2044              -0.0000               0.3443               0.0484              -0.3299               0.0620               0.0000              -0.0988
[Row   3]               0.0420              -0.2044               1.6318               0.0000               0.6196              -0.0101              -0.0236              -0.3143              -0.0000               0.2980
[Row   4]               0.0000              -0.0000               0.0000               1.2845               0.0000              -0.0000               0.0000              -0.0000               0.5684               0.0000
[Row   5]              -0.0708               0.3443               0.6196               0.0000               0.9354               0.0594              -0.2062               0.3544              -0.0000              -0.4539
[Row   6]              -0.0041               0.0484              -0.0101              -0.0000               0.0594               2.1085              -0.4594              -0.0831               0.0000              -0.0000
[Row   7]               0.0458              -0.3299              -0.0236               0.0000              -0.2062              -0.4594               1.9915               0.4160              -0.0000               0.0000
[Row   8]               0.0064               0.0620              -0.3143              -0.0000               0.3544              -0.0831               0.4160               1.4920               0.0000              -0.0000
[Row   9]              -0.0000               0.0000              -0.0000               0.5684              -0.0000               0.0000              -0.0000               0.0000               1.1681              -0.0000
[Row  10]              -0.0066              -0.0988               0.2980               0.0000              -0.4539              -0.0000               0.0000              -0.0000              -0.0000               0.9288
[Row  11]               0.0003              -0.0044              -0.0155              -0.0000              -0.0109              -0.0041               0.0458               0.0064              -0.0000               0.0066
[Row  12]              -0.0044               0.0331               0.0752              -0.0000               0.0343               0.0484              -0.3299               0.0620               0.0000               0.0988
[Row  13]              -0.0155               0.0752               0.1471              -0.0000              -0.0626              -0.0101              -0.0236              -0.3143               0.0000              -0.2980
[Row  14]              -0.0000               0.0000               0.0000              -0.7314               0.0000               0.0000              -0.0000               0.0000               0.5684              -0.0000
[Row  15]               0.0109              -0.0343               0.0626               0.0000               0.3096              -0.0594               0.2062              -0.3544              -0.0000              -0.4539
                  [Col 11]              [Col 12]              [Col 13]              [Col 14]              [Col 15]
[Row   1]               0.0003              -0.0044              -0.0155              -0.0000               0.0109
[Row   2]              -0.0044               0.0331               0.0752               0.0000              -0.0343
[Row   3]              -0.0155               0.0752               0.1471               0.0000               0.0626
[Row   4]              -0.0000              -0.0000              -0.0000              -0.7314               0.0000
[Row   5]              -0.0109               0.0343              -0.0626               0.0000               0.3096
[Row   6]              -0.0041               0.0484              -0.0101               0.0000              -0.0594
[Row   7]               0.0458              -0.3299              -0.0236              -0.0000               0.2062
[Row   8]               0.0064               0.0620              -0.3143               0.0000              -0.3544
[Row   9]              -0.0000               0.0000               0.0000               0.5684              -0.0000
[Row  10]               0.0066               0.0988              -0.2980              -0.0000              -0.4539
[Row  11]               2.1164              -0.4973               0.0420               0.0000               0.0708
[Row  12]              -0.4973               2.1585              -0.2044               0.0000              -0.3443
[Row  13]               0.0420              -0.2044               1.6318              -0.0000              -0.6196
[Row  14]               0.0000               0.0000              -0.0000               1.2845               0.0000
[Row  15]               0.0708              -0.3443              -0.6196               0.0000               0.9354
===== P_mu,nu psi4 =====

                  [Col  1]              [Col  2]              [Col  3]              [Col  4]              [Col  5]              [Col  6]              [Col  7]              [Col  8]              [Col  9]              [Col 10]
[Row   1]               2.1164              -0.4973               0.0420               0.0000              -0.0708              -0.0041               0.0458               0.0064              -0.0000              -0.0066
[Row   2]              -0.4973               2.1585              -0.2044              -0.0000               0.3443               0.0484              -0.3299               0.0620               0.0000              -0.0988
[Row   3]               0.0420              -0.2044               1.6318               0.0000               0.6196              -0.0101              -0.0236              -0.3143              -0.0000               0.2980
[Row   4]               0.0000              -0.0000               0.0000               1.2845               0.0000              -0.0000               0.0000              -0.0000               0.5684               0.0000
[Row   5]              -0.0708               0.3443               0.6196               0.0000               0.9354               0.0594              -0.2062               0.3544              -0.0000              -0.4539
[Row   6]              -0.0041               0.0484              -0.0101              -0.0000               0.0594               2.1085              -0.4594              -0.0831               0.0000              -0.0000
[Row   7]               0.0458              -0.3299              -0.0236               0.0000              -0.2062              -0.4594               1.9915               0.4160              -0.0000               0.0000
[Row   8]               0.0064               0.0620              -0.3143              -0.0000               0.3544              -0.0831               0.4160               1.4920               0.0000              -0.0000
[Row   9]              -0.0000               0.0000              -0.0000               0.5684              -0.0000               0.0000              -0.0000               0.0000               1.1681              -0.0000
[Row  10]              -0.0066              -0.0988               0.2980               0.0000              -0.4539              -0.0000               0.0000              -0.0000              -0.0000               0.9288
[Row  11]               0.0003              -0.0044              -0.0155              -0.0000              -0.0109              -0.0041               0.0458               0.0064              -0.0000               0.0066
[Row  12]              -0.0044               0.0331               0.0752              -0.0000               0.0343               0.0484              -0.3299               0.0620               0.0000               0.0988
[Row  13]              -0.0155               0.0752               0.1471              -0.0000              -0.0626              -0.0101              -0.0236              -0.3143               0.0000              -0.2980
[Row  14]              -0.0000               0.0000               0.0000              -0.7314               0.0000               0.0000              -0.0000               0.0000               0.5684              -0.0000
[Row  15]               0.0109              -0.0343               0.0626               0.0000               0.3096              -0.0594               0.2062              -0.3544              -0.0000              -0.4539
                  [Col 11]              [Col 12]              [Col 13]              [Col 14]              [Col 15]
[Row   1]               0.0003              -0.0044              -0.0155              -0.0000               0.0109
[Row   2]              -0.0044               0.0331               0.0752               0.0000              -0.0343
[Row   3]              -0.0155               0.0752               0.1471               0.0000               0.0626
[Row   4]              -0.0000              -0.0000              -0.0000              -0.7314               0.0000
[Row   5]              -0.0109               0.0343              -0.0626               0.0000               0.3096
[Row   6]              -0.0041               0.0484              -0.0101               0.0000              -0.0594
[Row   7]               0.0458              -0.3299              -0.0236              -0.0000               0.2062
[Row   8]               0.0064               0.0620              -0.3143               0.0000              -0.3544
[Row   9]              -0.0000               0.0000               0.0000               0.5684              -0.0000
[Row  10]               0.0066               0.0988              -0.2980              -0.0000              -0.4539
[Row  11]               2.1164              -0.4973               0.0420               0.0000               0.0708
[Row  12]              -0.4973               2.1585              -0.2044               0.0000              -0.3443
[Row  13]               0.0420              -0.2044               1.6318              -0.0000              -0.6196
[Row  14]               0.0000               0.0000              -0.0000               1.2845               0.0000
[Row  15]               0.0708              -0.3443              -0.6196               0.0000               0.9354
====== P^(AO) = SPS =====

                  [Col  1]              [Col  2]              [Col  3]              [Col  4]              [Col  5]              [Col  6]              [Col  7]              [Col  8]              [Col  9]              [Col 10]
[Row   1]               1.9999               0.4743               0.0034               0.0000              -0.0058               0.0001               0.0324              -0.0282               0.0000               0.0457
[Row   2]               0.4743               1.9873              -0.0498              -0.0000               0.0840               0.0326               0.4811              -0.3294              -0.0000               0.5254
[Row   3]               0.0034              -0.0498               1.8022               0.0000               0.3230               0.0277               0.3441              -0.1060              -0.0000               0.5904
[Row   4]               0.0000              -0.0000               0.0000               1.4284               0.0000              -0.0000               0.0000              -0.0000               0.7977               0.0000
[Row   5]              -0.0058               0.0840               0.3230               0.0000               1.4309              -0.0428              -0.5848               0.6344              -0.0000              -0.6333
[Row   6]               0.0001               0.0326               0.0277              -0.0000              -0.0428               1.9999               0.4754              -0.0048               0.0000              -0.0000
[Row   7]               0.0324               0.4811               0.3441               0.0000              -0.5848               0.4754               1.9662               0.0824              -0.0000               0.0000
[Row   8]              -0.0282              -0.3294              -0.1060              -0.0000               0.6344              -0.0048               0.0824               1.7992               0.0000              -0.0000
[Row   9]               0.0000              -0.0000              -0.0000               0.7977              -0.0000               0.0000              -0.0000               0.0000               1.4586              -0.0000
[Row  10]               0.0457               0.5254               0.5904               0.0000              -0.6333              -0.0000               0.0000              -0.0000              -0.0000               1.5808
[Row  11]               0.0000               0.0005              -0.0005              -0.0000              -0.0022               0.0001               0.0324              -0.0282               0.0000              -0.0457
[Row  12]               0.0005               0.0419               0.0067               0.0000              -0.0565               0.0326               0.4811              -0.3294               0.0000              -0.5254
[Row  13]              -0.0005               0.0067               0.0652              -0.0000               0.0073               0.0277               0.3441              -0.1060               0.0000              -0.5904
[Row  14]               0.0000               0.0000               0.0000              -0.5559               0.0000               0.0000               0.0000               0.0000               0.7977               0.0000
[Row  15]               0.0022               0.0565              -0.0073               0.0000               0.0614               0.0428               0.5848              -0.6344              -0.0000              -0.6333
                  [Col 11]              [Col 12]              [Col 13]              [Col 14]              [Col 15]
[Row   1]               0.0000               0.0005              -0.0005               0.0000               0.0022
[Row   2]               0.0005               0.0419               0.0067               0.0000               0.0565
[Row   3]              -0.0005               0.0067               0.0652               0.0000              -0.0073
[Row   4]              -0.0000               0.0000              -0.0000              -0.5559               0.0000
[Row   5]              -0.0022              -0.0565               0.0073               0.0000               0.0614
[Row   6]               0.0001               0.0326               0.0277               0.0000               0.0428
[Row   7]               0.0324               0.4811               0.3441               0.0000               0.5848
[Row   8]              -0.0282              -0.3294              -0.1060               0.0000              -0.6344
[Row   9]               0.0000               0.0000               0.0000               0.7977              -0.0000
[Row  10]              -0.0457              -0.5254              -0.5904               0.0000              -0.6333
[Row  11]               1.9999               0.4743               0.0034               0.0000               0.0058
[Row  12]               0.4743               1.9873              -0.0498               0.0000              -0.0840
[Row  13]               0.0034              -0.0498               1.8022              -0.0000              -0.3230
[Row  14]               0.0000               0.0000              -0.0000               1.4284               0.0000
[Row  15]               0.0058              -0.0840              -0.3230               0.0000               1.4309
====== S^(AO) = S =====

                  [Col  1]              [Col  2]              [Col  3]              [Col  4]              [Col  5]              [Col  6]              [Col  7]              [Col  8]              [Col  9]              [Col 10]
[Row   1]               1.0000               0.2367               0.0000               0.0000              -0.0000               0.0000               0.0167              -0.0153               0.0000               0.0247
[Row   2]               0.2367               1.0000              -0.0000               0.0000               0.0000               0.0167               0.2333              -0.1470               0.0000               0.2367
[Row   3]               0.0000              -0.0000               1.0000               0.0000              -0.0000               0.0153               0.1470               0.0080               0.0000               0.1814
[Row   4]               0.0000               0.0000               0.0000               1.0000               0.0000               0.0000               0.0000               0.0000               0.1207               0.0000
[Row   5]              -0.0000               0.0000              -0.0000               0.0000               1.0000              -0.0247              -0.2367               0.1814               0.0000              -0.1713
[Row   6]               0.0000               0.0167               0.0153               0.0000              -0.0247               1.0000               0.2367              -0.0000               0.0000               0.0000
[Row   7]               0.0167               0.2333               0.1470               0.0000              -0.2367               0.2367               1.0000               0.0000               0.0000               0.0000
[Row   8]              -0.0153              -0.1470               0.0080               0.0000               0.1814              -0.0000               0.0000               1.0000               0.0000               0.0000
[Row   9]               0.0000               0.0000               0.0000               0.1207               0.0000               0.0000               0.0000               0.0000               1.0000               0.0000
[Row  10]               0.0247               0.2367               0.1814               0.0000              -0.1713               0.0000               0.0000               0.0000               0.0000               1.0000
[Row  11]               0.0000               0.0003               0.0000               0.0000              -0.0007               0.0000               0.0167              -0.0153               0.0000              -0.0247
[Row  12]               0.0003               0.0208              -0.0000               0.0000              -0.0342               0.0167               0.2333              -0.1470               0.0000              -0.2367
[Row  13]               0.0000              -0.0000               0.0079               0.0000               0.0000               0.0153               0.1470               0.0080               0.0000              -0.1814
[Row  14]               0.0000               0.0000               0.0000               0.0079               0.0000               0.0000               0.0000               0.0000               0.1207               0.0000
[Row  15]               0.0007               0.0342              -0.0000               0.0000              -0.0523               0.0247               0.2367              -0.1814               0.0000              -0.1713
                  [Col 11]              [Col 12]              [Col 13]              [Col 14]              [Col 15]
[Row   1]               0.0000               0.0003               0.0000               0.0000               0.0007
[Row   2]               0.0003               0.0208              -0.0000               0.0000               0.0342
[Row   3]               0.0000              -0.0000               0.0079               0.0000              -0.0000
[Row   4]               0.0000               0.0000               0.0000               0.0079               0.0000
[Row   5]              -0.0007              -0.0342               0.0000               0.0000              -0.0523
[Row   6]               0.0000               0.0167               0.0153               0.0000               0.0247
[Row   7]               0.0167               0.2333               0.1470               0.0000               0.2367
[Row   8]              -0.0153              -0.1470               0.0080               0.0000              -0.1814
[Row   9]               0.0000               0.0000               0.0000               0.1207               0.0000
[Row  10]              -0.0247              -0.2367              -0.1814               0.0000              -0.1713
[Row  11]               1.0000               0.2367               0.0000               0.0000               0.0000
[Row  12]               0.2367               1.0000              -0.0000               0.0000              -0.0000
[Row  13]               0.0000              -0.0000               1.0000               0.0000               0.0000
[Row  14]               0.0000               0.0000               0.0000               1.0000               0.0000
[Row  15]               0.0000              -0.0000               0.0000               0.0000               1.0000
====== P^(AO) std gaussian m_l ordering SPS =====

                  [Col  1]              [Col  2]              [Col  3]              [Col  4]              [Col  5]              [Col  6]              [Col  7]              [Col  8]              [Col  9]              [Col 10]
[Row   1]               1.9999               0.4743               0.0000              -0.0058               0.0034               0.0001               0.0324               0.0000               0.0457              -0.0282
[Row   2]               0.4743               1.9873              -0.0000               0.0840              -0.0498               0.0326               0.4811              -0.0000               0.5254              -0.3294
[Row   3]               0.0000              -0.0000               1.4284               0.0000               0.0000              -0.0000               0.0000               0.7977               0.0000              -0.0000
[Row   4]              -0.0058               0.0840               0.0000               1.4309               0.3230              -0.0428              -0.5848              -0.0000              -0.6333               0.6344
[Row   5]               0.0034              -0.0498               0.0000               0.3230               1.8022               0.0277               0.3441              -0.0000               0.5904              -0.1060
[Row   6]               0.0001               0.0326              -0.0000              -0.0428               0.0277               1.9999               0.4754               0.0000              -0.0000              -0.0048
[Row   7]               0.0324               0.4811               0.0000              -0.5848               0.3441               0.4754               1.9662              -0.0000               0.0000               0.0824
[Row   8]               0.0000              -0.0000               0.7977              -0.0000              -0.0000               0.0000              -0.0000               1.4586              -0.0000               0.0000
[Row   9]               0.0457               0.5254               0.0000              -0.6333               0.5904              -0.0000               0.0000              -0.0000               1.5808              -0.0000
[Row  10]              -0.0282              -0.3294              -0.0000               0.6344              -0.1060              -0.0048               0.0824               0.0000              -0.0000               1.7992
[Row  11]               0.0000               0.0005              -0.0000              -0.0022              -0.0005               0.0001               0.0324               0.0000              -0.0457              -0.0282
[Row  12]               0.0005               0.0419               0.0000              -0.0565               0.0067               0.0326               0.4811               0.0000              -0.5254              -0.3294
[Row  13]               0.0000               0.0000              -0.5559               0.0000               0.0000               0.0000               0.0000               0.7977               0.0000               0.0000
[Row  14]               0.0022               0.0565               0.0000               0.0614              -0.0073               0.0428               0.5848              -0.0000              -0.6333              -0.6344
[Row  15]              -0.0005               0.0067              -0.0000               0.0073               0.0652               0.0277               0.3441               0.0000              -0.5904              -0.1060
                  [Col 11]              [Col 12]              [Col 13]              [Col 14]              [Col 15]
[Row   1]               0.0000               0.0005               0.0000               0.0022              -0.0005
[Row   2]               0.0005               0.0419               0.0000               0.0565               0.0067
[Row   3]              -0.0000               0.0000              -0.5559               0.0000              -0.0000
[Row   4]              -0.0022              -0.0565               0.0000               0.0614               0.0073
[Row   5]              -0.0005               0.0067               0.0000              -0.0073               0.0652
[Row   6]               0.0001               0.0326               0.0000               0.0428               0.0277
[Row   7]               0.0324               0.4811               0.0000               0.5848               0.3441
[Row   8]               0.0000               0.0000               0.7977              -0.0000               0.0000
[Row   9]              -0.0457              -0.5254               0.0000              -0.6333              -0.5904
[Row  10]              -0.0282              -0.3294               0.0000              -0.6344              -0.1060
[Row  11]               1.9999               0.4743               0.0000               0.0058               0.0034
[Row  12]               0.4743               1.9873               0.0000              -0.0840              -0.0498
[Row  13]               0.0000               0.0000               1.4284               0.0000              -0.0000
[Row  14]               0.0058              -0.0840               0.0000               1.4309              -0.3230
[Row  15]               0.0034              -0.0498              -0.0000              -0.3230               1.8022
====== S^(AO) std gaussian m_l ordering =====

                  [Col  1]              [Col  2]              [Col  3]              [Col  4]              [Col  5]              [Col  6]              [Col  7]              [Col  8]              [Col  9]              [Col 10]
[Row   1]               1.0000               0.2367               0.0000              -0.0000               0.0000               0.0000               0.0167               0.0000               0.0247              -0.0153
[Row   2]               0.2367               1.0000               0.0000               0.0000              -0.0000               0.0167               0.2333               0.0000               0.2367              -0.1470
[Row   3]               0.0000               0.0000               1.0000               0.0000               0.0000               0.0000               0.0000               0.1207               0.0000               0.0000
[Row   4]              -0.0000               0.0000               0.0000               1.0000              -0.0000              -0.0247              -0.2367               0.0000              -0.1713               0.1814
[Row   5]               0.0000              -0.0000               0.0000              -0.0000               1.0000               0.0153               0.1470               0.0000               0.1814               0.0080
[Row   6]               0.0000               0.0167               0.0000              -0.0247               0.0153               1.0000               0.2367               0.0000               0.0000              -0.0000
[Row   7]               0.0167               0.2333               0.0000              -0.2367               0.1470               0.2367               1.0000               0.0000               0.0000               0.0000
[Row   8]               0.0000               0.0000               0.1207               0.0000               0.0000               0.0000               0.0000               1.0000               0.0000               0.0000
[Row   9]               0.0247               0.2367               0.0000              -0.1713               0.1814               0.0000               0.0000               0.0000               1.0000               0.0000
[Row  10]              -0.0153              -0.1470               0.0000               0.1814               0.0080              -0.0000               0.0000               0.0000               0.0000               1.0000
[Row  11]               0.0000               0.0003               0.0000              -0.0007               0.0000               0.0000               0.0167               0.0000              -0.0247              -0.0153
[Row  12]               0.0003               0.0208               0.0000              -0.0342              -0.0000               0.0167               0.2333               0.0000              -0.2367              -0.1470
[Row  13]               0.0000               0.0000               0.0079               0.0000               0.0000               0.0000               0.0000               0.1207               0.0000               0.0000
[Row  14]               0.0007               0.0342               0.0000              -0.0523              -0.0000               0.0247               0.2367               0.0000              -0.1713              -0.1814
[Row  15]               0.0000              -0.0000               0.0000               0.0000               0.0079               0.0153               0.1470               0.0000              -0.1814               0.0080
                  [Col 11]              [Col 12]              [Col 13]              [Col 14]              [Col 15]
[Row   1]               0.0000               0.0003               0.0000               0.0007               0.0000
[Row   2]               0.0003               0.0208               0.0000               0.0342              -0.0000
[Row   3]               0.0000               0.0000               0.0079               0.0000               0.0000
[Row   4]              -0.0007              -0.0342               0.0000              -0.0523               0.0000
[Row   5]               0.0000              -0.0000               0.0000              -0.0000               0.0079
[Row   6]               0.0000               0.0167               0.0000               0.0247               0.0153
[Row   7]               0.0167               0.2333               0.0000               0.2367               0.1470
[Row   8]               0.0000               0.0000               0.1207               0.0000               0.0000
[Row   9]              -0.0247              -0.2367               0.0000              -0.1713              -0.1814
[Row  10]              -0.0153              -0.1470               0.0000              -0.1814               0.0080
[Row  11]               1.0000               0.2367               0.0000               0.0000               0.0000
[Row  12]               0.2367               1.0000               0.0000              -0.0000              -0.0000
[Row  13]               0.0000               0.0000               1.0000               0.0000               0.0000
[Row  14]               0.0000              -0.0000               0.0000               1.0000               0.0000
[Row  15]               0.0000              -0.0000               0.0000               0.0000               1.0000
