molecule mol76.xyz
System:, atNum: 6 coords [              0.0000               0.0000               0.4062]
System:, atNum: 6 coords [              0.0000               0.0000               2.7082]
System:, atNum: 6 coords [              0.0000               0.0000              -2.3555]
System:, atNum: 1 coords [              0.0000               0.0000               4.7222]
System:, atNum: 1 coords [              0.0000               1.9297              -3.0919]
System:, atNum: 1 coords [              1.6712              -0.9648              -3.0919]
System:, atNum: 1 coords [             -1.6712              -0.9648              -3.0919]
===== Original AO-S matrix =====

                  [Col  1]              [Col  2]              [Col  3]              [Col  4]              [Col  5]              [Col  6]              [Col  7]              [Col  8]              [Col  9]              [Col 10]
[Row   1]               1.0000               0.2484               0.0000               0.0000               0.0000               0.0000               0.0574              -0.0958               0.0000               0.0000
[Row   2]               0.2484               1.0000              -0.0000               0.0000               0.0000               0.0574               0.4617              -0.4497               0.0000               0.0000
[Row   3]               0.0000              -0.0000               1.0000               0.0000               0.0000               0.0958               0.4497              -0.3139               0.0000               0.0000
[Row   4]               0.0000               0.0000               0.0000               1.0000               0.0000               0.0000               0.0000               0.0000               0.2933               0.0000
[Row   5]               0.0000               0.0000               0.0000               0.0000               1.0000               0.0000               0.0000               0.0000               0.0000               0.2933
[Row   6]               0.0000               0.0574               0.0958               0.0000               0.0000               1.0000               0.2484               0.0000               0.0000               0.0000
[Row   7]               0.0574               0.4617               0.4497               0.0000               0.0000               0.2484               1.0000              -0.0000               0.0000               0.0000
[Row   8]              -0.0958              -0.4497              -0.3139               0.0000               0.0000               0.0000              -0.0000               1.0000               0.0000               0.0000
[Row   9]               0.0000               0.0000               0.0000               0.2933               0.0000               0.0000               0.0000               0.0000               1.0000               0.0000
[Row  10]               0.0000               0.0000               0.0000               0.0000               0.2933               0.0000               0.0000               0.0000               0.0000               1.0000
[Row  11]               0.0000               0.0323              -0.0537               0.0000               0.0000               0.0000               0.0007              -0.0017               0.0000               0.0000
[Row  12]               0.0323               0.3347              -0.3654               0.0000               0.0000               0.0007               0.0342              -0.0536               0.0000               0.0000
[Row  13]               0.0537               0.3654              -0.3238               0.0000               0.0000               0.0017               0.0536              -0.0776               0.0000               0.0000
[Row  14]               0.0000               0.0000               0.0000               0.1904               0.0000               0.0000               0.0000               0.0000               0.0135               0.0000
[Row  15]               0.0000               0.0000               0.0000               0.0000               0.1904               0.0000               0.0000               0.0000               0.0000               0.0135
[Row  16]               0.0039               0.0767               0.1019               0.0000               0.0000               0.0659               0.5048               0.4755               0.0000               0.0000
[Row  17]               0.0060               0.1049              -0.1174               0.0000               0.0647               0.0002               0.0100              -0.0152               0.0000               0.0051
[Row  18]               0.0060               0.1049              -0.1174               0.0561              -0.0324               0.0002               0.0100              -0.0152               0.0044              -0.0025
[Row  19]               0.0060               0.1049              -0.1174              -0.0561              -0.0324               0.0002               0.0100              -0.0152              -0.0044              -0.0025
                  [Col 11]              [Col 12]              [Col 13]              [Col 14]              [Col 15]              [Col 16]              [Col 17]              [Col 18]              [Col 19]
[Row   1]               0.0000               0.0323               0.0537               0.0000               0.0000               0.0039               0.0060               0.0060               0.0060
[Row   2]               0.0323               0.3347               0.3654               0.0000               0.0000               0.0767               0.1049               0.1049               0.1049
[Row   3]              -0.0537              -0.3654              -0.3238               0.0000               0.0000               0.1019              -0.1174              -0.1174              -0.1174
[Row   4]               0.0000               0.0000               0.0000               0.1904               0.0000               0.0000               0.0000               0.0561              -0.0561
[Row   5]               0.0000               0.0000               0.0000               0.0000               0.1904               0.0000               0.0647              -0.0324              -0.0324
[Row   6]               0.0000               0.0007               0.0017               0.0000               0.0000               0.0659               0.0002               0.0002               0.0002
[Row   7]               0.0007               0.0342               0.0536               0.0000               0.0000               0.5048               0.0100               0.0100               0.0100
[Row   8]              -0.0017              -0.0536              -0.0776               0.0000               0.0000               0.4755              -0.0152              -0.0152              -0.0152
[Row   9]               0.0000               0.0000               0.0000               0.0135               0.0000               0.0000               0.0000               0.0044              -0.0044
[Row  10]               0.0000               0.0000               0.0000               0.0000               0.0135               0.0000               0.0051              -0.0025              -0.0025
[Row  11]               1.0000               0.2484              -0.0000               0.0000               0.0000               0.0000               0.0618               0.0618               0.0618
[Row  12]               0.2484               1.0000               0.0000               0.0000               0.0000               0.0027               0.4890               0.4890               0.4890
[Row  13]              -0.0000               0.0000               1.0000               0.0000               0.0000               0.0048              -0.1662              -0.1662              -0.1662
[Row  14]               0.0000               0.0000               0.0000               1.0000               0.0000               0.0000               0.0000               0.3772              -0.3772
[Row  15]               0.0000               0.0000               0.0000               0.0000               1.0000               0.0000               0.4356              -0.2178              -0.2178
[Row  16]               0.0000               0.0027               0.0048               0.0000               0.0000               1.0000               0.0009               0.0009               0.0009
[Row  17]               0.0618               0.4890              -0.1662               0.0000               0.4356               0.0009               1.0000               0.1722               0.1722
[Row  18]               0.0618               0.4890              -0.1662               0.3772              -0.2178               0.0009               0.1722               1.0000               0.1722
[Row  19]               0.0618               0.4890              -0.1662              -0.3772              -0.2178               0.0009               0.1722               0.1722               1.0000
nbas 19
 ===== CA ===== 

                  [Col  1]              [Col  2]              [Col  3]              [Col  4]              [Col  5]              [Col  6]              [Col  7]              [Col  8]              [Col  9]              [Col 10]
[Row   1]               0.0002               0.9904               0.0678               0.1623               0.1004               0.1192               0.0000              -0.0000               0.0404               0.0000
[Row   2]               0.0061               0.0324               0.0109              -0.4033              -0.2678              -0.3281              -0.0000               0.0000              -0.1849              -0.0000
[Row   3]              -0.0050               0.0020               0.0038               0.0190              -0.2746               0.0543               0.0000              -0.0000               0.4620               0.0000
[Row   4]               0.0000              -0.0000               0.0000               0.0000              -0.0000               0.0000               0.1744               0.0000              -0.0000               0.5927
[Row   5]              -0.0000               0.0000               0.0000               0.0000              -0.0000              -0.0000              -0.0000               0.1744               0.0000              -0.0000
[Row   6]              -0.0004               0.0677              -0.9904               0.1016               0.1770              -0.0968              -0.0000               0.0000              -0.0272              -0.0000
[Row   7]               0.0004              -0.0062              -0.0336              -0.2680              -0.4444               0.3004               0.0000              -0.0000               0.0282              -0.0000
[Row   8]              -0.0004               0.0036               0.0028               0.1087               0.1035               0.4065              -0.0000               0.0000              -0.3154               0.0000
[Row   9]               0.0000               0.0000               0.0000               0.0000              -0.0000               0.0000               0.0883               0.0000              -0.0000               0.6249
[Row  10]               0.0000              -0.0000              -0.0000               0.0000              -0.0000              -0.0000              -0.0000               0.0883               0.0000              -0.0000
[Row  11]              -0.9919               0.0009               0.0006               0.1718              -0.1345              -0.0306              -0.0000               0.0000              -0.0028              -0.0000
[Row  12]              -0.0384              -0.0050              -0.0008              -0.4854               0.3785               0.0973               0.0000              -0.0000               0.0208               0.0000
[Row  13]              -0.0006              -0.0038              -0.0006              -0.0634              -0.0630              -0.2326              -0.0000               0.0000              -0.4747              -0.0000
[Row  14]               0.0000              -0.0000              -0.0000               0.0000              -0.0000               0.0000               0.5620               0.0000              -0.0000              -0.1377
[Row  15]               0.0000               0.0000               0.0000               0.0000              -0.0000              -0.0000              -0.0000               0.5620               0.0000               0.0000
[Row  16]               0.0001              -0.0000               0.0061              -0.0583              -0.1386               0.4241              -0.0000               0.0000              -0.2290              -0.0000
[Row  17]               0.0069              -0.0003              -0.0000              -0.1147               0.1237               0.0965              -0.0000               0.4503               0.1500               0.0000
[Row  18]               0.0069              -0.0003              -0.0000              -0.1147               0.1237               0.0965               0.3900              -0.2252               0.1500              -0.1646
[Row  19]               0.0069              -0.0003              -0.0000              -0.1147               0.1237               0.0965              -0.3900              -0.2252               0.1500               0.1646
                  [Col 11]              [Col 12]              [Col 13]              [Col 14]              [Col 15]              [Col 16]              [Col 17]              [Col 18]              [Col 19]
[Row   1]              -0.0000              -0.0000               0.0000               0.1746               0.0000               0.0000               0.0323               0.0941               0.0794
[Row   2]               0.0000               0.0000              -0.0000              -1.0704              -0.0000              -0.0000              -0.2358              -0.7039              -0.9470
[Row   3]              -0.0000              -0.0000              -0.0000               0.0024               0.0001               0.0000               0.2548               0.5935              -1.4418
[Row   4]               0.0000              -0.0000               0.7930              -0.0000              -0.0000               0.3577              -0.0000               0.0000               0.0000
[Row   5]               0.5927               0.7930               0.0000               0.0000               0.3577               0.0000              -0.0001               0.0000              -0.0000
[Row   6]               0.0000               0.0000              -0.0000              -0.1832               0.0000               0.0000               0.0303               0.0696              -0.0825
[Row   7]              -0.0000               0.0000               0.0000               1.1496              -0.0000              -0.0000              -0.2381              -0.5541               0.9521
[Row   8]               0.0000              -0.0000              -0.0000               0.0605              -0.0000              -0.0000              -0.1792              -0.6386              -1.4256
[Row   9]               0.0000               0.0000              -0.8081               0.0000               0.0000              -0.2123               0.0000              -0.0000               0.0000
[Row  10]               0.6249              -0.8081              -0.0000              -0.0000              -0.2123              -0.0000               0.0000              -0.0000               0.0000
[Row  11]              -0.0000              -0.0000              -0.0000              -0.0863               0.0000               0.0000               0.1599              -0.1708               0.0594
[Row  12]              -0.0000               0.0000               0.0000               0.4920              -0.0002              -0.0000              -1.0310               1.0876              -0.4665
[Row  13]               0.0000              -0.0000              -0.0000               0.5678               0.0002               0.0000               0.8297               0.4503              -0.3560
[Row  14]              -0.0000              -0.0000               0.1763               0.0000               0.0000              -1.0989               0.0000              -0.0000               0.0000
[Row  15]              -0.1377               0.1763               0.0000              -0.0000              -1.0989              -0.0000               0.0002              -0.0000               0.0000
[Row  16]               0.0000               0.0000              -0.0000              -0.8260               0.0001               0.0000               0.2845               0.8269               0.5319
[Row  17]              -0.1901              -0.3324              -0.0000              -0.0404               0.9379               0.0000               0.6857              -0.3020               0.0522
[Row  18]               0.0950               0.1662              -0.2879              -0.0404              -0.4687               0.8121               0.6860              -0.3021               0.0522
[Row  19]               0.0950               0.1662               0.2879              -0.0404              -0.4687              -0.8121               0.6860              -0.3021               0.0522
 ===== CB ===== 

                  [Col  1]              [Col  2]              [Col  3]              [Col  4]              [Col  5]              [Col  6]              [Col  7]              [Col  8]              [Col  9]              [Col 10]
[Row   1]               0.0002               0.9904               0.0678               0.1623               0.1004               0.1192               0.0000              -0.0000               0.0404               0.0000
[Row   2]               0.0061               0.0324               0.0109              -0.4033              -0.2678              -0.3281              -0.0000               0.0000              -0.1849              -0.0000
[Row   3]              -0.0050               0.0020               0.0038               0.0190              -0.2746               0.0543               0.0000              -0.0000               0.4620               0.0000
[Row   4]               0.0000              -0.0000               0.0000               0.0000              -0.0000               0.0000               0.1744               0.0000              -0.0000               0.5927
[Row   5]              -0.0000               0.0000               0.0000               0.0000              -0.0000              -0.0000              -0.0000               0.1744               0.0000              -0.0000
[Row   6]              -0.0004               0.0677              -0.9904               0.1016               0.1770              -0.0968              -0.0000               0.0000              -0.0272              -0.0000
[Row   7]               0.0004              -0.0062              -0.0336              -0.2680              -0.4444               0.3004               0.0000              -0.0000               0.0282              -0.0000
[Row   8]              -0.0004               0.0036               0.0028               0.1087               0.1035               0.4065              -0.0000               0.0000              -0.3154               0.0000
[Row   9]               0.0000               0.0000               0.0000               0.0000              -0.0000               0.0000               0.0883               0.0000              -0.0000               0.6249
[Row  10]               0.0000              -0.0000              -0.0000               0.0000              -0.0000              -0.0000              -0.0000               0.0883               0.0000              -0.0000
[Row  11]              -0.9919               0.0009               0.0006               0.1718              -0.1345              -0.0306              -0.0000               0.0000              -0.0028              -0.0000
[Row  12]              -0.0384              -0.0050              -0.0008              -0.4854               0.3785               0.0973               0.0000              -0.0000               0.0208               0.0000
[Row  13]              -0.0006              -0.0038              -0.0006              -0.0634              -0.0630              -0.2326              -0.0000               0.0000              -0.4747              -0.0000
[Row  14]               0.0000              -0.0000              -0.0000               0.0000              -0.0000               0.0000               0.5620               0.0000              -0.0000              -0.1377
[Row  15]               0.0000               0.0000               0.0000               0.0000              -0.0000              -0.0000              -0.0000               0.5620               0.0000               0.0000
[Row  16]               0.0001              -0.0000               0.0061              -0.0583              -0.1386               0.4241              -0.0000               0.0000              -0.2290              -0.0000
[Row  17]               0.0069              -0.0003              -0.0000              -0.1147               0.1237               0.0965              -0.0000               0.4503               0.1500               0.0000
[Row  18]               0.0069              -0.0003              -0.0000              -0.1147               0.1237               0.0965               0.3900              -0.2252               0.1500              -0.1646
[Row  19]               0.0069              -0.0003              -0.0000              -0.1147               0.1237               0.0965              -0.3900              -0.2252               0.1500               0.1646
                  [Col 11]              [Col 12]              [Col 13]              [Col 14]              [Col 15]              [Col 16]              [Col 17]              [Col 18]              [Col 19]
[Row   1]              -0.0000              -0.0000               0.0000               0.1746               0.0000               0.0000               0.0323               0.0941               0.0794
[Row   2]               0.0000               0.0000              -0.0000              -1.0704              -0.0000              -0.0000              -0.2358              -0.7039              -0.9470
[Row   3]              -0.0000              -0.0000              -0.0000               0.0024               0.0001               0.0000               0.2548               0.5935              -1.4418
[Row   4]               0.0000              -0.0000               0.7930              -0.0000              -0.0000               0.3577              -0.0000               0.0000               0.0000
[Row   5]               0.5927               0.7930               0.0000               0.0000               0.3577               0.0000              -0.0001               0.0000              -0.0000
[Row   6]               0.0000               0.0000              -0.0000              -0.1832               0.0000               0.0000               0.0303               0.0696              -0.0825
[Row   7]              -0.0000               0.0000               0.0000               1.1496              -0.0000              -0.0000              -0.2381              -0.5541               0.9521
[Row   8]               0.0000              -0.0000              -0.0000               0.0605              -0.0000              -0.0000              -0.1792              -0.6386              -1.4256
[Row   9]               0.0000               0.0000              -0.8081               0.0000               0.0000              -0.2123               0.0000              -0.0000               0.0000
[Row  10]               0.6249              -0.8081              -0.0000              -0.0000              -0.2123              -0.0000               0.0000              -0.0000               0.0000
[Row  11]              -0.0000              -0.0000              -0.0000              -0.0863               0.0000               0.0000               0.1599              -0.1708               0.0594
[Row  12]              -0.0000               0.0000               0.0000               0.4920              -0.0002              -0.0000              -1.0310               1.0876              -0.4665
[Row  13]               0.0000              -0.0000              -0.0000               0.5678               0.0002               0.0000               0.8297               0.4503              -0.3560
[Row  14]              -0.0000              -0.0000               0.1763               0.0000               0.0000              -1.0989               0.0000              -0.0000               0.0000
[Row  15]              -0.1377               0.1763               0.0000              -0.0000              -1.0989              -0.0000               0.0002              -0.0000               0.0000
[Row  16]               0.0000               0.0000              -0.0000              -0.8260               0.0001               0.0000               0.2845               0.8269               0.5319
[Row  17]              -0.1901              -0.3324              -0.0000              -0.0404               0.9379               0.0000               0.6857              -0.3020               0.0522
[Row  18]               0.0950               0.1662              -0.2879              -0.0404              -0.4687               0.8121               0.6860              -0.3021               0.0522
[Row  19]               0.0950               0.1662               0.2879              -0.0404              -0.4687              -0.8121               0.6860              -0.3021               0.0522
 ===== P_psi ===== Dalpha+Dbeta 

                  [Col  1]              [Col  2]              [Col  3]              [Col  4]              [Col  5]              [Col  6]              [Col  7]              [Col  8]              [Col  9]              [Col 10]
[Row   1]               2.0755              -0.2122               0.0058              -0.0000               0.0000               0.0430              -0.1193               0.1351               0.0000              -0.0000
[Row   2]              -0.2122               0.7549              -0.0747               0.0000              -0.0000              -0.1204               0.2455              -0.2930               0.0000               0.0000
[Row   3]               0.0058              -0.0747               0.5845               0.0000               0.0000              -0.1363               0.2923              -0.2999               0.0000              -0.0000
[Row   4]              -0.0000               0.0000               0.0000               0.7634               0.0000              -0.0000              -0.0000               0.0000               0.7716              -0.0000
[Row   5]               0.0000              -0.0000               0.0000               0.0000               0.7634              -0.0000               0.0000              -0.0000              -0.0000               0.7716
[Row   6]               0.0430              -0.1204              -0.1363              -0.0000              -0.0000               2.0745              -0.2057              -0.0080              -0.0000               0.0000
[Row   7]              -0.1193               0.2455               0.2923              -0.0000               0.0000              -0.2057               0.7230               0.0760              -0.0000              -0.0000
[Row   8]               0.1351              -0.2930              -0.2999               0.0000              -0.0000              -0.0080               0.0760               0.5746               0.0000               0.0000
[Row   9]               0.0000               0.0000               0.0000               0.7716              -0.0000              -0.0000              -0.0000               0.0000               0.7966              -0.0000
[Row  10]              -0.0000               0.0000              -0.0000              -0.0000               0.7716               0.0000              -0.0000               0.0000              -0.0000               0.7966
[Row  11]               0.0228              -0.0574               0.0844               0.0000              -0.0000              -0.0068               0.0081              -0.0128              -0.0000              -0.0000
[Row  12]              -0.0668               0.1165              -0.1962              -0.0000               0.0000               0.0163              -0.0164               0.0388              -0.0000              -0.0000
[Row  13]              -0.1346               0.4128              -0.4318              -0.0000              -0.0000               0.0364              -0.0765               0.0835               0.0000               0.0000
[Row  14]              -0.0000              -0.0000              -0.0000               0.0328              -0.0000               0.0000               0.0000              -0.0000              -0.0728              -0.0000
[Row  15]               0.0000              -0.0000               0.0000              -0.0000               0.0328              -0.0000               0.0000              -0.0000              -0.0000              -0.0728
[Row  16]               0.0367              -0.0722              -0.0916              -0.0000              -0.0000              -0.1426               0.3959               0.4479              -0.0000               0.0000
[Row  17]               0.0222              -0.0924               0.0767               0.0000              -0.0683              -0.0064               0.0180              -0.0155               0.0000              -0.1581
[Row  18]               0.0222              -0.0924               0.0767              -0.0592               0.0342              -0.0064               0.0180              -0.0155              -0.1369               0.0790
[Row  19]               0.0222              -0.0924               0.0767               0.0592               0.0342              -0.0064               0.0180              -0.0155               0.1369               0.0790
                  [Col 11]              [Col 12]              [Col 13]              [Col 14]              [Col 15]              [Col 16]              [Col 17]              [Col 18]              [Col 19]
[Row   1]               0.0228              -0.0668              -0.1346              -0.0000               0.0000               0.0367               0.0222               0.0222               0.0222
[Row   2]              -0.0574               0.1165               0.4128              -0.0000              -0.0000              -0.0722              -0.0924              -0.0924              -0.0924
[Row   3]               0.0844              -0.1962              -0.4318              -0.0000               0.0000              -0.0916               0.0767               0.0767               0.0767
[Row   4]               0.0000              -0.0000              -0.0000               0.0328              -0.0000              -0.0000               0.0000              -0.0592               0.0592
[Row   5]              -0.0000               0.0000              -0.0000              -0.0000               0.0328              -0.0000              -0.0683               0.0342               0.0342
[Row   6]              -0.0068               0.0163               0.0364               0.0000              -0.0000              -0.1426              -0.0064              -0.0064              -0.0064
[Row   7]               0.0081              -0.0164              -0.0765               0.0000               0.0000               0.3959               0.0180               0.0180               0.0180
[Row   8]              -0.0128               0.0388               0.0835              -0.0000              -0.0000               0.4479              -0.0155              -0.0155              -0.0155
[Row   9]              -0.0000              -0.0000               0.0000              -0.0728              -0.0000              -0.0000               0.0000              -0.1369               0.1369
[Row  10]              -0.0000              -0.0000               0.0000              -0.0000              -0.0728               0.0000              -0.1581               0.0790               0.0790
[Row  11]               2.0648              -0.1985               0.0132              -0.0000               0.0000              -0.0076              -0.0931              -0.0931              -0.0931
[Row  12]              -0.1985               0.7806              -0.0511              -0.0000               0.0000               0.0247               0.2295               0.2295               0.2295
[Row  13]               0.0132              -0.0511               0.5750               0.0000              -0.0000               0.0450              -0.1883              -0.1883              -0.1883
[Row  14]              -0.0000              -0.0000               0.0000               0.6695               0.0000               0.0000               0.0000               0.4836              -0.4836
[Row  15]               0.0000               0.0000              -0.0000               0.0000               0.6695              -0.0000               0.5584              -0.2792              -0.2792
[Row  16]              -0.0076               0.0247               0.0450               0.0000              -0.0000               0.5098              -0.0078              -0.0078              -0.0078
[Row  17]              -0.0931               0.2295              -0.1883               0.0000               0.5584              -0.0078               0.5984              -0.1183              -0.1183
[Row  18]              -0.0931               0.2295              -0.1883               0.4836              -0.2792              -0.0078              -0.1183               0.5984              -0.1183
[Row  19]              -0.0931               0.2295              -0.1883              -0.4836              -0.2792              -0.0078              -0.1183              -0.1183               0.5984
===== P_mu,nu local =====

                  [Col  1]              [Col  2]              [Col  3]              [Col  4]              [Col  5]              [Col  6]              [Col  7]              [Col  8]              [Col  9]              [Col 10]
[Row   1]               2.0755              -0.2122               0.0058              -0.0000               0.0000               0.0430              -0.1193               0.1351               0.0000              -0.0000
[Row   2]              -0.2122               0.7549              -0.0747               0.0000              -0.0000              -0.1204               0.2455              -0.2930               0.0000               0.0000
[Row   3]               0.0058              -0.0747               0.5845               0.0000               0.0000              -0.1363               0.2923              -0.2999               0.0000              -0.0000
[Row   4]              -0.0000               0.0000               0.0000               0.7634               0.0000              -0.0000              -0.0000               0.0000               0.7716              -0.0000
[Row   5]               0.0000              -0.0000               0.0000               0.0000               0.7634              -0.0000               0.0000              -0.0000              -0.0000               0.7716
[Row   6]               0.0430              -0.1204              -0.1363              -0.0000              -0.0000               2.0745              -0.2057              -0.0080              -0.0000               0.0000
[Row   7]              -0.1193               0.2455               0.2923              -0.0000               0.0000              -0.2057               0.7230               0.0760              -0.0000              -0.0000
[Row   8]               0.1351              -0.2930              -0.2999               0.0000              -0.0000              -0.0080               0.0760               0.5746               0.0000               0.0000
[Row   9]               0.0000               0.0000               0.0000               0.7716              -0.0000              -0.0000              -0.0000               0.0000               0.7966              -0.0000
[Row  10]              -0.0000               0.0000              -0.0000              -0.0000               0.7716               0.0000              -0.0000               0.0000              -0.0000               0.7966
[Row  11]               0.0228              -0.0574               0.0844               0.0000              -0.0000              -0.0068               0.0081              -0.0128              -0.0000              -0.0000
[Row  12]              -0.0668               0.1165              -0.1962              -0.0000               0.0000               0.0163              -0.0164               0.0388              -0.0000              -0.0000
[Row  13]              -0.1346               0.4128              -0.4318              -0.0000              -0.0000               0.0364              -0.0765               0.0835               0.0000               0.0000
[Row  14]              -0.0000              -0.0000              -0.0000               0.0328              -0.0000               0.0000               0.0000              -0.0000              -0.0728              -0.0000
[Row  15]               0.0000              -0.0000               0.0000              -0.0000               0.0328              -0.0000               0.0000              -0.0000              -0.0000              -0.0728
[Row  16]               0.0367              -0.0722              -0.0916              -0.0000              -0.0000              -0.1426               0.3959               0.4479              -0.0000               0.0000
[Row  17]               0.0222              -0.0924               0.0767               0.0000              -0.0683              -0.0064               0.0180              -0.0155               0.0000              -0.1581
[Row  18]               0.0222              -0.0924               0.0767              -0.0592               0.0342              -0.0064               0.0180              -0.0155              -0.1369               0.0790
[Row  19]               0.0222              -0.0924               0.0767               0.0592               0.0342              -0.0064               0.0180              -0.0155               0.1369               0.0790
                  [Col 11]              [Col 12]              [Col 13]              [Col 14]              [Col 15]              [Col 16]              [Col 17]              [Col 18]              [Col 19]
[Row   1]               0.0228              -0.0668              -0.1346              -0.0000               0.0000               0.0367               0.0222               0.0222               0.0222
[Row   2]              -0.0574               0.1165               0.4128              -0.0000              -0.0000              -0.0722              -0.0924              -0.0924              -0.0924
[Row   3]               0.0844              -0.1962              -0.4318              -0.0000               0.0000              -0.0916               0.0767               0.0767               0.0767
[Row   4]               0.0000              -0.0000              -0.0000               0.0328              -0.0000              -0.0000               0.0000              -0.0592               0.0592
[Row   5]              -0.0000               0.0000              -0.0000              -0.0000               0.0328              -0.0000              -0.0683               0.0342               0.0342
[Row   6]              -0.0068               0.0163               0.0364               0.0000              -0.0000              -0.1426              -0.0064              -0.0064              -0.0064
[Row   7]               0.0081              -0.0164              -0.0765               0.0000               0.0000               0.3959               0.0180               0.0180               0.0180
[Row   8]              -0.0128               0.0388               0.0835              -0.0000              -0.0000               0.4479              -0.0155              -0.0155              -0.0155
[Row   9]              -0.0000              -0.0000               0.0000              -0.0728              -0.0000              -0.0000               0.0000              -0.1369               0.1369
[Row  10]              -0.0000              -0.0000               0.0000              -0.0000              -0.0728               0.0000              -0.1581               0.0790               0.0790
[Row  11]               2.0648              -0.1985               0.0132              -0.0000               0.0000              -0.0076              -0.0931              -0.0931              -0.0931
[Row  12]              -0.1985               0.7806              -0.0511              -0.0000               0.0000               0.0247               0.2295               0.2295               0.2295
[Row  13]               0.0132              -0.0511               0.5750               0.0000              -0.0000               0.0450              -0.1883              -0.1883              -0.1883
[Row  14]              -0.0000              -0.0000               0.0000               0.6695               0.0000               0.0000               0.0000               0.4836              -0.4836
[Row  15]               0.0000               0.0000              -0.0000               0.0000               0.6695              -0.0000               0.5584              -0.2792              -0.2792
[Row  16]              -0.0076               0.0247               0.0450               0.0000              -0.0000               0.5098              -0.0078              -0.0078              -0.0078
[Row  17]              -0.0931               0.2295              -0.1883               0.0000               0.5584              -0.0078               0.5984              -0.1183              -0.1183
[Row  18]              -0.0931               0.2295              -0.1883               0.4836              -0.2792              -0.0078              -0.1183               0.5984              -0.1183
[Row  19]              -0.0931               0.2295              -0.1883              -0.4836              -0.2792              -0.0078              -0.1183              -0.1183               0.5984
===== P_mu,nu psi4 =====

                  [Col  1]              [Col  2]              [Col  3]              [Col  4]              [Col  5]              [Col  6]              [Col  7]              [Col  8]              [Col  9]              [Col 10]
[Row   1]               2.0755              -0.2122               0.0058              -0.0000               0.0000               0.0430              -0.1193               0.1351               0.0000              -0.0000
[Row   2]              -0.2122               0.7549              -0.0747               0.0000              -0.0000              -0.1204               0.2455              -0.2930               0.0000               0.0000
[Row   3]               0.0058              -0.0747               0.5845               0.0000               0.0000              -0.1363               0.2923              -0.2999               0.0000              -0.0000
[Row   4]              -0.0000               0.0000               0.0000               0.7634               0.0000              -0.0000              -0.0000               0.0000               0.7716              -0.0000
[Row   5]               0.0000              -0.0000               0.0000               0.0000               0.7634              -0.0000               0.0000              -0.0000              -0.0000               0.7716
[Row   6]               0.0430              -0.1204              -0.1363              -0.0000              -0.0000               2.0745              -0.2057              -0.0080              -0.0000               0.0000
[Row   7]              -0.1193               0.2455               0.2923              -0.0000               0.0000              -0.2057               0.7230               0.0760              -0.0000              -0.0000
[Row   8]               0.1351              -0.2930              -0.2999               0.0000              -0.0000              -0.0080               0.0760               0.5746               0.0000               0.0000
[Row   9]               0.0000               0.0000               0.0000               0.7716              -0.0000              -0.0000              -0.0000               0.0000               0.7966              -0.0000
[Row  10]              -0.0000               0.0000              -0.0000              -0.0000               0.7716               0.0000              -0.0000               0.0000              -0.0000               0.7966
[Row  11]               0.0228              -0.0574               0.0844               0.0000              -0.0000              -0.0068               0.0081              -0.0128              -0.0000              -0.0000
[Row  12]              -0.0668               0.1165              -0.1962              -0.0000               0.0000               0.0163              -0.0164               0.0388              -0.0000              -0.0000
[Row  13]              -0.1346               0.4128              -0.4318              -0.0000              -0.0000               0.0364              -0.0765               0.0835               0.0000               0.0000
[Row  14]              -0.0000              -0.0000              -0.0000               0.0328              -0.0000               0.0000               0.0000              -0.0000              -0.0728              -0.0000
[Row  15]               0.0000              -0.0000               0.0000              -0.0000               0.0328              -0.0000               0.0000              -0.0000              -0.0000              -0.0728
[Row  16]               0.0367              -0.0722              -0.0916              -0.0000              -0.0000              -0.1426               0.3959               0.4479              -0.0000               0.0000
[Row  17]               0.0222              -0.0924               0.0767               0.0000              -0.0683              -0.0064               0.0180              -0.0155               0.0000              -0.1581
[Row  18]               0.0222              -0.0924               0.0767              -0.0592               0.0342              -0.0064               0.0180              -0.0155              -0.1369               0.0790
[Row  19]               0.0222              -0.0924               0.0767               0.0592               0.0342              -0.0064               0.0180              -0.0155               0.1369               0.0790
                  [Col 11]              [Col 12]              [Col 13]              [Col 14]              [Col 15]              [Col 16]              [Col 17]              [Col 18]              [Col 19]
[Row   1]               0.0228              -0.0668              -0.1346              -0.0000               0.0000               0.0367               0.0222               0.0222               0.0222
[Row   2]              -0.0574               0.1165               0.4128              -0.0000              -0.0000              -0.0722              -0.0924              -0.0924              -0.0924
[Row   3]               0.0844              -0.1962              -0.4318              -0.0000               0.0000              -0.0916               0.0767               0.0767               0.0767
[Row   4]               0.0000              -0.0000              -0.0000               0.0328              -0.0000              -0.0000               0.0000              -0.0592               0.0592
[Row   5]              -0.0000               0.0000              -0.0000              -0.0000               0.0328              -0.0000              -0.0683               0.0342               0.0342
[Row   6]              -0.0068               0.0163               0.0364               0.0000              -0.0000              -0.1426              -0.0064              -0.0064              -0.0064
[Row   7]               0.0081              -0.0164              -0.0765               0.0000               0.0000               0.3959               0.0180               0.0180               0.0180
[Row   8]              -0.0128               0.0388               0.0835              -0.0000              -0.0000               0.4479              -0.0155              -0.0155              -0.0155
[Row   9]              -0.0000              -0.0000               0.0000              -0.0728              -0.0000              -0.0000               0.0000              -0.1369               0.1369
[Row  10]              -0.0000              -0.0000               0.0000              -0.0000              -0.0728               0.0000              -0.1581               0.0790               0.0790
[Row  11]               2.0648              -0.1985               0.0132              -0.0000               0.0000              -0.0076              -0.0931              -0.0931              -0.0931
[Row  12]              -0.1985               0.7806              -0.0511              -0.0000               0.0000               0.0247               0.2295               0.2295               0.2295
[Row  13]               0.0132              -0.0511               0.5750               0.0000              -0.0000               0.0450              -0.1883              -0.1883              -0.1883
[Row  14]              -0.0000              -0.0000               0.0000               0.6695               0.0000               0.0000               0.0000               0.4836              -0.4836
[Row  15]               0.0000               0.0000              -0.0000               0.0000               0.6695              -0.0000               0.5584              -0.2792              -0.2792
[Row  16]              -0.0076               0.0247               0.0450               0.0000              -0.0000               0.5098              -0.0078              -0.0078              -0.0078
[Row  17]              -0.0931               0.2295              -0.1883               0.0000               0.5584              -0.0078               0.5984              -0.1183              -0.1183
[Row  18]              -0.0931               0.2295              -0.1883               0.4836              -0.2792              -0.0078              -0.1183               0.5984              -0.1183
[Row  19]              -0.0931               0.2295              -0.1883              -0.4836              -0.2792              -0.0078              -0.1183              -0.1183               0.5984
====== P^(AO) = SPS =====

                  [Col  1]              [Col  2]              [Col  3]              [Col  4]              [Col  5]              [Col  6]              [Col  7]              [Col  8]              [Col  9]              [Col 10]
[Row   1]               1.9996               0.5049              -0.0018              -0.0000               0.0000               0.0003               0.1100              -0.1884               0.0000              -0.0000
[Row   2]               0.5049               1.8185               0.0600              -0.0000              -0.0000               0.1098               1.0149              -0.9778               0.0000               0.0000
[Row   3]              -0.0018               0.0600               1.7593               0.0000               0.0000               0.1886               0.9754              -0.6672              -0.0000              -0.0000
[Row   4]              -0.0000              -0.0000               0.0000               1.3160               0.0000              -0.0000              -0.0000              -0.0000               1.2690              -0.0000
[Row   5]               0.0000              -0.0000               0.0000               0.0000               1.3160              -0.0000               0.0000              -0.0000              -0.0000               1.2690
[Row   6]               0.0003               0.1098               0.1886              -0.0000              -0.0000               1.9996               0.5048               0.0013              -0.0000               0.0000
[Row   7]               0.1100               1.0149               0.9754              -0.0000               0.0000               0.5048               1.8266              -0.0433              -0.0000              -0.0000
[Row   8]              -0.1884              -0.9778              -0.6672              -0.0000              -0.0000               0.0013              -0.0433               1.7749               0.0000               0.0000
[Row   9]               0.0000               0.0000              -0.0000               1.2690              -0.0000              -0.0000              -0.0000               0.0000               1.3107              -0.0000
[Row  10]              -0.0000               0.0000              -0.0000              -0.0000               1.2690               0.0000              -0.0000               0.0000              -0.0000               1.3107
[Row  11]               0.0002               0.0602              -0.1027              -0.0000              -0.0000              -0.0001               0.0021              -0.0042              -0.0000              -0.0000
[Row  12]               0.0616               0.7408              -0.8095              -0.0000               0.0000               0.0022               0.0572              -0.0948              -0.0000               0.0000
[Row  13]               0.0990               0.9312              -0.8587              -0.0000              -0.0000               0.0060               0.0694              -0.1213               0.0000              -0.0000
[Row  14]              -0.0000              -0.0000              -0.0000               0.4195               0.0000               0.0000               0.0000               0.0000               0.0443               0.0000
[Row  15]               0.0000              -0.0000               0.0000               0.0000               0.4195               0.0000              -0.0000               0.0000               0.0000               0.0443
[Row  16]               0.0105               0.1125               0.1665              -0.0000              -0.0000               0.1228               1.2157               1.1604               0.0000               0.0000
[Row  17]               0.0125               0.1992              -0.2333               0.0000               0.1846               0.0000               0.0264              -0.0357               0.0000              -0.0903
[Row  18]               0.0125               0.1992              -0.2333               0.1599              -0.0923               0.0000               0.0264              -0.0357              -0.0782               0.0452
[Row  19]               0.0125               0.1992              -0.2333              -0.1599              -0.0923               0.0000               0.0264              -0.0357               0.0782               0.0452
                  [Col 11]              [Col 12]              [Col 13]              [Col 14]              [Col 15]              [Col 16]              [Col 17]              [Col 18]              [Col 19]
[Row   1]               0.0002               0.0616               0.0990              -0.0000               0.0000               0.0105               0.0125               0.0125               0.0125
[Row   2]               0.0602               0.7408               0.9312              -0.0000              -0.0000               0.1125               0.1992               0.1992               0.1992
[Row   3]              -0.1027              -0.8095              -0.8587              -0.0000               0.0000               0.1665              -0.2333              -0.2333              -0.2333
[Row   4]              -0.0000              -0.0000              -0.0000               0.4195               0.0000              -0.0000               0.0000               0.1599              -0.1599
[Row   5]              -0.0000               0.0000              -0.0000               0.0000               0.4195              -0.0000               0.1846              -0.0923              -0.0923
[Row   6]              -0.0001               0.0022               0.0060               0.0000               0.0000               0.1228               0.0000               0.0000               0.0000
[Row   7]               0.0021               0.0572               0.0694               0.0000              -0.0000               1.2157               0.0264               0.0264               0.0264
[Row   8]              -0.0042              -0.0948              -0.1213               0.0000               0.0000               1.1604              -0.0357              -0.0357              -0.0357
[Row   9]              -0.0000              -0.0000               0.0000               0.0443               0.0000               0.0000               0.0000              -0.0782               0.0782
[Row  10]              -0.0000               0.0000              -0.0000               0.0000               0.0443               0.0000              -0.0903               0.0452               0.0452
[Row  11]               1.9995               0.5048               0.0010              -0.0000               0.0000              -0.0004               0.1167               0.1167               0.1167
[Row  12]               0.5048               1.8726              -0.0190              -0.0000              -0.0000               0.0127               1.0874               1.0874               1.0874
[Row  13]               0.0010              -0.0190               1.5756               0.0000               0.0000               0.0344              -0.4407              -0.4407              -0.4407
[Row  14]              -0.0000              -0.0000               0.0000               1.6258               0.0000               0.0000               0.0000               1.0135              -1.0135
[Row  15]               0.0000              -0.0000               0.0000               0.0000               1.6258               0.0000               1.1703              -0.5851              -0.5851
[Row  16]              -0.0004               0.0127               0.0344               0.0000               0.0000               1.6380              -0.0019              -0.0019              -0.0019
[Row  17]               0.1167               1.0874              -0.4407               0.0000               1.1703              -0.0019               1.6189               0.3383               0.3383
[Row  18]               0.1167               1.0874              -0.4407               1.0135              -0.5851              -0.0019               0.3383               1.6189               0.3383
[Row  19]               0.1167               1.0874              -0.4407              -1.0135              -0.5851              -0.0019               0.3383               0.3383               1.6189
====== S^(AO) = S =====

                  [Col  1]              [Col  2]              [Col  3]              [Col  4]              [Col  5]              [Col  6]              [Col  7]              [Col  8]              [Col  9]              [Col 10]
[Row   1]               1.0000               0.2484               0.0000               0.0000               0.0000               0.0000               0.0574              -0.0958               0.0000               0.0000
[Row   2]               0.2484               1.0000              -0.0000               0.0000               0.0000               0.0574               0.4617              -0.4497               0.0000               0.0000
[Row   3]               0.0000              -0.0000               1.0000               0.0000               0.0000               0.0958               0.4497              -0.3139               0.0000               0.0000
[Row   4]               0.0000               0.0000               0.0000               1.0000               0.0000               0.0000               0.0000               0.0000               0.2933               0.0000
[Row   5]               0.0000               0.0000               0.0000               0.0000               1.0000               0.0000               0.0000               0.0000               0.0000               0.2933
[Row   6]               0.0000               0.0574               0.0958               0.0000               0.0000               1.0000               0.2484               0.0000               0.0000               0.0000
[Row   7]               0.0574               0.4617               0.4497               0.0000               0.0000               0.2484               1.0000              -0.0000               0.0000               0.0000
[Row   8]              -0.0958              -0.4497              -0.3139               0.0000               0.0000               0.0000              -0.0000               1.0000               0.0000               0.0000
[Row   9]               0.0000               0.0000               0.0000               0.2933               0.0000               0.0000               0.0000               0.0000               1.0000               0.0000
[Row  10]               0.0000               0.0000               0.0000               0.0000               0.2933               0.0000               0.0000               0.0000               0.0000               1.0000
[Row  11]               0.0000               0.0323              -0.0537               0.0000               0.0000               0.0000               0.0007              -0.0017               0.0000               0.0000
[Row  12]               0.0323               0.3347              -0.3654               0.0000               0.0000               0.0007               0.0342              -0.0536               0.0000               0.0000
[Row  13]               0.0537               0.3654              -0.3238               0.0000               0.0000               0.0017               0.0536              -0.0776               0.0000               0.0000
[Row  14]               0.0000               0.0000               0.0000               0.1904               0.0000               0.0000               0.0000               0.0000               0.0135               0.0000
[Row  15]               0.0000               0.0000               0.0000               0.0000               0.1904               0.0000               0.0000               0.0000               0.0000               0.0135
[Row  16]               0.0039               0.0767               0.1019               0.0000               0.0000               0.0659               0.5048               0.4755               0.0000               0.0000
[Row  17]               0.0060               0.1049              -0.1174               0.0000               0.0647               0.0002               0.0100              -0.0152               0.0000               0.0051
[Row  18]               0.0060               0.1049              -0.1174               0.0561              -0.0324               0.0002               0.0100              -0.0152               0.0044              -0.0025
[Row  19]               0.0060               0.1049              -0.1174              -0.0561              -0.0324               0.0002               0.0100              -0.0152              -0.0044              -0.0025
                  [Col 11]              [Col 12]              [Col 13]              [Col 14]              [Col 15]              [Col 16]              [Col 17]              [Col 18]              [Col 19]
[Row   1]               0.0000               0.0323               0.0537               0.0000               0.0000               0.0039               0.0060               0.0060               0.0060
[Row   2]               0.0323               0.3347               0.3654               0.0000               0.0000               0.0767               0.1049               0.1049               0.1049
[Row   3]              -0.0537              -0.3654              -0.3238               0.0000               0.0000               0.1019              -0.1174              -0.1174              -0.1174
[Row   4]               0.0000               0.0000               0.0000               0.1904               0.0000               0.0000               0.0000               0.0561              -0.0561
[Row   5]               0.0000               0.0000               0.0000               0.0000               0.1904               0.0000               0.0647              -0.0324              -0.0324
[Row   6]               0.0000               0.0007               0.0017               0.0000               0.0000               0.0659               0.0002               0.0002               0.0002
[Row   7]               0.0007               0.0342               0.0536               0.0000               0.0000               0.5048               0.0100               0.0100               0.0100
[Row   8]              -0.0017              -0.0536              -0.0776               0.0000               0.0000               0.4755              -0.0152              -0.0152              -0.0152
[Row   9]               0.0000               0.0000               0.0000               0.0135               0.0000               0.0000               0.0000               0.0044              -0.0044
[Row  10]               0.0000               0.0000               0.0000               0.0000               0.0135               0.0000               0.0051              -0.0025              -0.0025
[Row  11]               1.0000               0.2484              -0.0000               0.0000               0.0000               0.0000               0.0618               0.0618               0.0618
[Row  12]               0.2484               1.0000               0.0000               0.0000               0.0000               0.0027               0.4890               0.4890               0.4890
[Row  13]              -0.0000               0.0000               1.0000               0.0000               0.0000               0.0048              -0.1662              -0.1662              -0.1662
[Row  14]               0.0000               0.0000               0.0000               1.0000               0.0000               0.0000               0.0000               0.3772              -0.3772
[Row  15]               0.0000               0.0000               0.0000               0.0000               1.0000               0.0000               0.4356              -0.2178              -0.2178
[Row  16]               0.0000               0.0027               0.0048               0.0000               0.0000               1.0000               0.0009               0.0009               0.0009
[Row  17]               0.0618               0.4890              -0.1662               0.0000               0.4356               0.0009               1.0000               0.1722               0.1722
[Row  18]               0.0618               0.4890              -0.1662               0.3772              -0.2178               0.0009               0.1722               1.0000               0.1722
[Row  19]               0.0618               0.4890              -0.1662              -0.3772              -0.2178               0.0009               0.1722               0.1722               1.0000
====== P^(AO) std gaussian m_l ordering SPS =====

                  [Col  1]              [Col  2]              [Col  3]              [Col  4]              [Col  5]              [Col  6]              [Col  7]              [Col  8]              [Col  9]              [Col 10]
[Row   1]               1.9996               0.5049              -0.0000               0.0000              -0.0018               0.0003               0.1100               0.0000              -0.0000              -0.1884
[Row   2]               0.5049               1.8185              -0.0000              -0.0000               0.0600               0.1098               1.0149               0.0000               0.0000              -0.9778
[Row   3]              -0.0000              -0.0000               1.3160               0.0000               0.0000              -0.0000              -0.0000               1.2690              -0.0000              -0.0000
[Row   4]               0.0000              -0.0000               0.0000               1.3160               0.0000              -0.0000               0.0000              -0.0000               1.2690              -0.0000
[Row   5]              -0.0018               0.0600               0.0000               0.0000               1.7593               0.1886               0.9754              -0.0000              -0.0000              -0.6672
[Row   6]               0.0003               0.1098              -0.0000              -0.0000               0.1886               1.9996               0.5048              -0.0000               0.0000               0.0013
[Row   7]               0.1100               1.0149              -0.0000               0.0000               0.9754               0.5048               1.8266              -0.0000              -0.0000              -0.0433
[Row   8]               0.0000               0.0000               1.2690              -0.0000              -0.0000              -0.0000              -0.0000               1.3107              -0.0000               0.0000
[Row   9]              -0.0000               0.0000              -0.0000               1.2690              -0.0000               0.0000              -0.0000              -0.0000               1.3107               0.0000
[Row  10]              -0.1884              -0.9778              -0.0000              -0.0000              -0.6672               0.0013              -0.0433               0.0000               0.0000               1.7749
[Row  11]               0.0002               0.0602              -0.0000              -0.0000              -0.1027              -0.0001               0.0021              -0.0000              -0.0000              -0.0042
[Row  12]               0.0616               0.7408              -0.0000               0.0000              -0.8095               0.0022               0.0572              -0.0000               0.0000              -0.0948
[Row  13]              -0.0000              -0.0000               0.4195               0.0000              -0.0000               0.0000               0.0000               0.0443               0.0000               0.0000
[Row  14]               0.0000              -0.0000               0.0000               0.4195               0.0000               0.0000              -0.0000               0.0000               0.0443               0.0000
[Row  15]               0.0990               0.9312              -0.0000              -0.0000              -0.8587               0.0060               0.0694               0.0000              -0.0000              -0.1213
[Row  16]               0.0105               0.1125              -0.0000              -0.0000               0.1665               0.1228               1.2157               0.0000               0.0000               1.1604
[Row  17]               0.0125               0.1992               0.0000               0.1846              -0.2333               0.0000               0.0264               0.0000              -0.0903              -0.0357
[Row  18]               0.0125               0.1992               0.1599              -0.0923              -0.2333               0.0000               0.0264              -0.0782               0.0452              -0.0357
[Row  19]               0.0125               0.1992              -0.1599              -0.0923              -0.2333               0.0000               0.0264               0.0782               0.0452              -0.0357
                  [Col 11]              [Col 12]              [Col 13]              [Col 14]              [Col 15]              [Col 16]              [Col 17]              [Col 18]              [Col 19]
[Row   1]               0.0002               0.0616              -0.0000               0.0000               0.0990               0.0105               0.0125               0.0125               0.0125
[Row   2]               0.0602               0.7408              -0.0000              -0.0000               0.9312               0.1125               0.1992               0.1992               0.1992
[Row   3]              -0.0000              -0.0000               0.4195               0.0000              -0.0000              -0.0000               0.0000               0.1599              -0.1599
[Row   4]              -0.0000               0.0000               0.0000               0.4195              -0.0000              -0.0000               0.1846              -0.0923              -0.0923
[Row   5]              -0.1027              -0.8095              -0.0000               0.0000              -0.8587               0.1665              -0.2333              -0.2333              -0.2333
[Row   6]              -0.0001               0.0022               0.0000               0.0000               0.0060               0.1228               0.0000               0.0000               0.0000
[Row   7]               0.0021               0.0572               0.0000              -0.0000               0.0694               1.2157               0.0264               0.0264               0.0264
[Row   8]              -0.0000              -0.0000               0.0443               0.0000               0.0000               0.0000               0.0000              -0.0782               0.0782
[Row   9]              -0.0000               0.0000               0.0000               0.0443              -0.0000               0.0000              -0.0903               0.0452               0.0452
[Row  10]              -0.0042              -0.0948               0.0000               0.0000              -0.1213               1.1604              -0.0357              -0.0357              -0.0357
[Row  11]               1.9995               0.5048              -0.0000               0.0000               0.0010              -0.0004               0.1167               0.1167               0.1167
[Row  12]               0.5048               1.8726              -0.0000              -0.0000              -0.0190               0.0127               1.0874               1.0874               1.0874
[Row  13]              -0.0000              -0.0000               1.6258               0.0000               0.0000               0.0000               0.0000               1.0135              -1.0135
[Row  14]               0.0000              -0.0000               0.0000               1.6258               0.0000               0.0000               1.1703              -0.5851              -0.5851
[Row  15]               0.0010              -0.0190               0.0000               0.0000               1.5756               0.0344              -0.4407              -0.4407              -0.4407
[Row  16]              -0.0004               0.0127               0.0000               0.0000               0.0344               1.6380              -0.0019              -0.0019              -0.0019
[Row  17]               0.1167               1.0874               0.0000               1.1703              -0.4407              -0.0019               1.6189               0.3383               0.3383
[Row  18]               0.1167               1.0874               1.0135              -0.5851              -0.4407              -0.0019               0.3383               1.6189               0.3383
[Row  19]               0.1167               1.0874              -1.0135              -0.5851              -0.4407              -0.0019               0.3383               0.3383               1.6189
====== S^(AO) std gaussian m_l ordering =====

                  [Col  1]              [Col  2]              [Col  3]              [Col  4]              [Col  5]              [Col  6]              [Col  7]              [Col  8]              [Col  9]              [Col 10]
[Row   1]               1.0000               0.2484               0.0000               0.0000               0.0000               0.0000               0.0574               0.0000               0.0000              -0.0958
[Row   2]               0.2484               1.0000               0.0000               0.0000              -0.0000               0.0574               0.4617               0.0000               0.0000              -0.4497
[Row   3]               0.0000               0.0000               1.0000               0.0000               0.0000               0.0000               0.0000               0.2933               0.0000               0.0000
[Row   4]               0.0000               0.0000               0.0000               1.0000               0.0000               0.0000               0.0000               0.0000               0.2933               0.0000
[Row   5]               0.0000              -0.0000               0.0000               0.0000               1.0000               0.0958               0.4497               0.0000               0.0000              -0.3139
[Row   6]               0.0000               0.0574               0.0000               0.0000               0.0958               1.0000               0.2484               0.0000               0.0000               0.0000
[Row   7]               0.0574               0.4617               0.0000               0.0000               0.4497               0.2484               1.0000               0.0000               0.0000              -0.0000
[Row   8]               0.0000               0.0000               0.2933               0.0000               0.0000               0.0000               0.0000               1.0000               0.0000               0.0000
[Row   9]               0.0000               0.0000               0.0000               0.2933               0.0000               0.0000               0.0000               0.0000               1.0000               0.0000
[Row  10]              -0.0958              -0.4497               0.0000               0.0000              -0.3139               0.0000              -0.0000               0.0000               0.0000               1.0000
[Row  11]               0.0000               0.0323               0.0000               0.0000              -0.0537               0.0000               0.0007               0.0000               0.0000              -0.0017
[Row  12]               0.0323               0.3347               0.0000               0.0000              -0.3654               0.0007               0.0342               0.0000               0.0000              -0.0536
[Row  13]               0.0000               0.0000               0.1904               0.0000               0.0000               0.0000               0.0000               0.0135               0.0000               0.0000
[Row  14]               0.0000               0.0000               0.0000               0.1904               0.0000               0.0000               0.0000               0.0000               0.0135               0.0000
[Row  15]               0.0537               0.3654               0.0000               0.0000              -0.3238               0.0017               0.0536               0.0000               0.0000              -0.0776
[Row  16]               0.0039               0.0767               0.0000               0.0000               0.1019               0.0659               0.5048               0.0000               0.0000               0.4755
[Row  17]               0.0060               0.1049               0.0000               0.0647              -0.1174               0.0002               0.0100               0.0000               0.0051              -0.0152
[Row  18]               0.0060               0.1049               0.0561              -0.0324              -0.1174               0.0002               0.0100               0.0044              -0.0025              -0.0152
[Row  19]               0.0060               0.1049              -0.0561              -0.0324              -0.1174               0.0002               0.0100              -0.0044              -0.0025              -0.0152
                  [Col 11]              [Col 12]              [Col 13]              [Col 14]              [Col 15]              [Col 16]              [Col 17]              [Col 18]              [Col 19]
[Row   1]               0.0000               0.0323               0.0000               0.0000               0.0537               0.0039               0.0060               0.0060               0.0060
[Row   2]               0.0323               0.3347               0.0000               0.0000               0.3654               0.0767               0.1049               0.1049               0.1049
[Row   3]               0.0000               0.0000               0.1904               0.0000               0.0000               0.0000               0.0000               0.0561              -0.0561
[Row   4]               0.0000               0.0000               0.0000               0.1904               0.0000               0.0000               0.0647              -0.0324              -0.0324
[Row   5]              -0.0537              -0.3654               0.0000               0.0000              -0.3238               0.1019              -0.1174              -0.1174              -0.1174
[Row   6]               0.0000               0.0007               0.0000               0.0000               0.0017               0.0659               0.0002               0.0002               0.0002
[Row   7]               0.0007               0.0342               0.0000               0.0000               0.0536               0.5048               0.0100               0.0100               0.0100
[Row   8]               0.0000               0.0000               0.0135               0.0000               0.0000               0.0000               0.0000               0.0044              -0.0044
[Row   9]               0.0000               0.0000               0.0000               0.0135               0.0000               0.0000               0.0051              -0.0025              -0.0025
[Row  10]              -0.0017              -0.0536               0.0000               0.0000              -0.0776               0.4755              -0.0152              -0.0152              -0.0152
[Row  11]               1.0000               0.2484               0.0000               0.0000              -0.0000               0.0000               0.0618               0.0618               0.0618
[Row  12]               0.2484               1.0000               0.0000               0.0000               0.0000               0.0027               0.4890               0.4890               0.4890
[Row  13]               0.0000               0.0000               1.0000               0.0000               0.0000               0.0000               0.0000               0.3772              -0.3772
[Row  14]               0.0000               0.0000               0.0000               1.0000               0.0000               0.0000               0.4356              -0.2178              -0.2178
[Row  15]              -0.0000               0.0000               0.0000               0.0000               1.0000               0.0048              -0.1662              -0.1662              -0.1662
[Row  16]               0.0000               0.0027               0.0000               0.0000               0.0048               1.0000               0.0009               0.0009               0.0009
[Row  17]               0.0618               0.4890               0.0000               0.4356              -0.1662               0.0009               1.0000               0.1722               0.1722
[Row  18]               0.0618               0.4890               0.3772              -0.2178              -0.1662               0.0009               0.1722               1.0000               0.1722
[Row  19]               0.0618               0.4890              -0.3772              -0.2178              -0.1662               0.0009               0.1722               0.1722               1.0000
