molecule mol98.xyz
System:, atNum: 6 coords [              0.0000               0.0000              -2.2430]
System:, atNum: 6 coords [              0.0000               0.0000               0.5175]
System:, atNum: 7 coords [              0.0000               0.0000               2.7443]
System:, atNum: 1 coords [              0.0000               1.9369              -2.9525]
System:, atNum: 1 coords [              1.6774              -0.9685              -2.9525]
System:, atNum: 1 coords [             -1.6774              -0.9685              -2.9525]
===== Original AO-S matrix =====

                  [Col  1]              [Col  2]              [Col  3]              [Col  4]              [Col  5]              [Col  6]              [Col  7]              [Col  8]              [Col  9]              [Col 10]
[Row   1]               1.0000               0.2484               0.0000               0.0000               0.0000               0.0000               0.0324              -0.0538               0.0000               0.0000
[Row   2]               0.2484               1.0000               0.0000               0.0000               0.0000               0.0324               0.3350              -0.3657               0.0000               0.0000
[Row   3]               0.0000               0.0000               1.0000               0.0000               0.0000               0.0538               0.3657              -0.3239               0.0000               0.0000
[Row   4]               0.0000               0.0000               0.0000               1.0000               0.0000               0.0000               0.0000               0.0000               0.1906               0.0000
[Row   5]               0.0000               0.0000               0.0000               0.0000               1.0000               0.0000               0.0000               0.0000               0.0000               0.1906
[Row   6]               0.0000               0.0324               0.0538               0.0000               0.0000               1.0000               0.2484               0.0000               0.0000               0.0000
[Row   7]               0.0324               0.3350               0.3657               0.0000               0.0000               0.2484               1.0000              -0.0000               0.0000               0.0000
[Row   8]              -0.0538              -0.3657              -0.3239               0.0000               0.0000               0.0000              -0.0000               1.0000               0.0000               0.0000
[Row   9]               0.0000               0.0000               0.0000               0.1906               0.0000               0.0000               0.0000               0.0000               1.0000               0.0000
[Row  10]               0.0000               0.0000               0.0000               0.0000               0.1906               0.0000               0.0000               0.0000               0.0000               1.0000
[Row  11]               0.0000               0.0006               0.0015               0.0000               0.0000               0.0000               0.0491               0.0827               0.0000               0.0000
[Row  12]               0.0002               0.0255               0.0430               0.0000               0.0000               0.0530               0.4389               0.4691               0.0000               0.0000
[Row  13]              -0.0006              -0.0388              -0.0607               0.0000               0.0000              -0.0877              -0.4018              -0.3170               0.0000               0.0000
[Row  14]               0.0000               0.0000               0.0000               0.0097               0.0000               0.0000               0.0000               0.0000               0.2733               0.0000
[Row  15]               0.0000               0.0000               0.0000               0.0000               0.0097               0.0000               0.0000               0.0000               0.0000               0.2733
[Row  16]               0.0620               0.4898              -0.1605               0.0000               0.4383               0.0062               0.1071              -0.1191               0.0000               0.0665
[Row  17]               0.0620               0.4898              -0.1605               0.3795              -0.2191               0.0062               0.1071              -0.1191               0.0576              -0.0332
[Row  18]               0.0620               0.4898              -0.1605              -0.3795              -0.2191               0.0062               0.1071              -0.1191              -0.0576              -0.0332
                  [Col 11]              [Col 12]              [Col 13]              [Col 14]              [Col 15]              [Col 16]              [Col 17]              [Col 18]
[Row   1]               0.0000               0.0002              -0.0006               0.0000               0.0000               0.0620               0.0620               0.0620
[Row   2]               0.0006               0.0255              -0.0388               0.0000               0.0000               0.4898               0.4898               0.4898
[Row   3]               0.0015               0.0430              -0.0607               0.0000               0.0000              -0.1605              -0.1605              -0.1605
[Row   4]               0.0000               0.0000               0.0000               0.0097               0.0000               0.0000               0.3795              -0.3795
[Row   5]               0.0000               0.0000               0.0000               0.0000               0.0097               0.4383              -0.2191              -0.2191
[Row   6]               0.0000               0.0530              -0.0877               0.0000               0.0000               0.0062               0.0062               0.0062
[Row   7]               0.0491               0.4389              -0.4018               0.0000               0.0000               0.1071               0.1071               0.1071
[Row   8]               0.0827               0.4691              -0.3170               0.0000               0.0000              -0.1191              -0.1191              -0.1191
[Row   9]               0.0000               0.0000               0.0000               0.2733               0.0000               0.0000               0.0576              -0.0576
[Row  10]               0.0000               0.0000               0.0000               0.0000               0.2733               0.0665              -0.0332              -0.0332
[Row  11]               1.0000               0.2350               0.0000               0.0000               0.0000               0.0002               0.0002               0.0002
[Row  12]               0.2350               1.0000               0.0000               0.0000               0.0000               0.0073               0.0073               0.0073
[Row  13]               0.0000               0.0000               1.0000               0.0000               0.0000              -0.0105              -0.0105              -0.0105
[Row  14]               0.0000               0.0000               0.0000               1.0000               0.0000               0.0000               0.0031              -0.0031
[Row  15]               0.0000               0.0000               0.0000               0.0000               1.0000               0.0036              -0.0018              -0.0018
[Row  16]               0.0002               0.0073              -0.0105               0.0000               0.0036               1.0000               0.1705               0.1705
[Row  17]               0.0002               0.0073              -0.0105               0.0031              -0.0018               0.1705               1.0000               0.1705
[Row  18]               0.0002               0.0073              -0.0105              -0.0031              -0.0018               0.1705               0.1705               1.0000
nbas 18
 ===== CA ===== 

                  [Col  1]              [Col  2]              [Col  3]              [Col  4]              [Col  5]              [Col  6]              [Col  7]              [Col  8]              [Col  9]              [Col 10]
[Row   1]              -0.0000               0.9919               0.0012               0.0459               0.2117               0.0386               0.0000               0.0000               0.0131              -0.0000
[Row   2]               0.0004               0.0384              -0.0050              -0.1388              -0.5927              -0.1370              -0.0000              -0.0000              -0.0359               0.0000
[Row   3]               0.0002               0.0009              -0.0038              -0.0527              -0.0231               0.4790               0.0000               0.0000              -0.1995              -0.0000
[Row   4]              -0.0000              -0.0000              -0.0000              -0.0000               0.0000              -0.0000               0.5581              -0.0000              -0.0000               0.1749
[Row   5]               0.0000               0.0000               0.0000              -0.0000              -0.0000              -0.0000               0.0000               0.5581              -0.0000              -0.0000
[Row   6]              -0.0004              -0.0005               0.9929               0.1694               0.0421              -0.1400              -0.0000              -0.0000              -0.0626               0.0000
[Row   7]               0.0100              -0.0061               0.0311              -0.3807              -0.1186               0.4729               0.0000               0.0000               0.1864              -0.0000
[Row   8]               0.0073               0.0052               0.0013              -0.1719               0.2382              -0.3038              -0.0000              -0.0000               0.3507               0.0000
[Row   9]              -0.0000               0.0000               0.0000              -0.0000              -0.0000              -0.0000               0.2059              -0.0000              -0.0000              -0.5748
[Row  10]              -0.0000              -0.0000              -0.0000              -0.0000              -0.0000              -0.0000               0.0000               0.2059              -0.0000               0.0000
[Row  11]              -0.9940              -0.0000              -0.0004               0.1932              -0.0675               0.0800               0.0000               0.0000               0.1270               0.0000
[Row  12]              -0.0292              -0.0005              -0.0066              -0.6113               0.2068              -0.3099              -0.0000              -0.0000              -0.6675              -0.0000
[Row  13]               0.0083               0.0004               0.0019               0.2117              -0.0389              -0.1077              -0.0000              -0.0000              -0.6565              -0.0000
[Row  14]              -0.0000              -0.0000              -0.0000              -0.0000              -0.0000              -0.0000               0.1233              -0.0000              -0.0000              -0.6372
[Row  15]               0.0000               0.0000               0.0000              -0.0000              -0.0000              -0.0000               0.0000               0.1233              -0.0000               0.0000
[Row  16]              -0.0001              -0.0069              -0.0003              -0.0210              -0.1554              -0.1786               0.0000               0.4344               0.0512              -0.0000
[Row  17]              -0.0001              -0.0069              -0.0003              -0.0210              -0.1554              -0.1786               0.3762              -0.2172               0.0512               0.1758
[Row  18]              -0.0001              -0.0069              -0.0003              -0.0210              -0.1554              -0.1786              -0.3762              -0.2172               0.0512              -0.1758
                  [Col 11]              [Col 12]              [Col 13]              [Col 14]              [Col 15]              [Col 16]              [Col 17]              [Col 18]
[Row   1]               0.0000               0.0000               0.0000               0.1156              -0.0000               0.0000               0.2148               0.0795
[Row   2]              -0.0000              -0.0000              -0.0000              -0.6773               0.0000              -0.0000              -1.3767              -0.6047
[Row   3]               0.0000               0.0000               0.0000              -0.9076              -0.0000               0.0000               0.5637              -0.4532
[Row   4]               0.0000               0.1546              -0.0000              -0.0000               1.1023               0.0000               0.0000               0.0000
[Row   5]               0.1749               0.0000               0.1546              -0.0000              -0.0000               1.1023              -0.0000              -0.0000
[Row   6]              -0.0000               0.0000               0.0000              -0.1961               0.0000              -0.0000              -0.0153               0.0608
[Row   7]               0.0000              -0.0000              -0.0000               1.2911              -0.0000               0.0000               0.1103              -0.6712
[Row   8]              -0.0000               0.0000               0.0000              -0.3073              -0.0000               0.0000               0.0469              -1.5190
[Row   9]              -0.0000               0.7986              -0.0000               0.0000              -0.3377              -0.0000              -0.0000               0.0000
[Row  10]              -0.5748               0.0000               0.7986               0.0000               0.0000              -0.3377               0.0000               0.0000
[Row  11]              -0.0000               0.0000               0.0000               0.0635              -0.0000               0.0000               0.0111              -0.1184
[Row  12]               0.0000              -0.0000              -0.0000              -0.4046               0.0000              -0.0000              -0.0849               1.1498
[Row  13]               0.0000               0.0000               0.0000               0.5117              -0.0000               0.0000               0.0935              -1.0340
[Row  14]              -0.0000              -0.7891               0.0000              -0.0000               0.1975               0.0000               0.0000              -0.0000
[Row  15]              -0.6372              -0.0000              -0.7891              -0.0000              -0.0000               0.1975              -0.0000              -0.0000
[Row  16]               0.2030              -0.0000              -0.3228               0.0127               0.0000              -0.9478               0.7495               0.0763
[Row  17]              -0.1015              -0.2796               0.1614               0.0127              -0.8208               0.4739               0.7495               0.0763
[Row  18]              -0.1015               0.2796               0.1614               0.0127               0.8208               0.4739               0.7495               0.0763
 ===== CB ===== 

                  [Col  1]              [Col  2]              [Col  3]              [Col  4]              [Col  5]              [Col  6]              [Col  7]              [Col  8]              [Col  9]              [Col 10]
[Row   1]              -0.0000               0.9919               0.0012               0.0459               0.2117               0.0386               0.0000               0.0000               0.0131              -0.0000
[Row   2]               0.0004               0.0384              -0.0050              -0.1388              -0.5927              -0.1370              -0.0000              -0.0000              -0.0359               0.0000
[Row   3]               0.0002               0.0009              -0.0038              -0.0527              -0.0231               0.4790               0.0000               0.0000              -0.1995              -0.0000
[Row   4]              -0.0000              -0.0000              -0.0000              -0.0000               0.0000              -0.0000               0.5581              -0.0000              -0.0000               0.1749
[Row   5]               0.0000               0.0000               0.0000              -0.0000              -0.0000              -0.0000               0.0000               0.5581              -0.0000              -0.0000
[Row   6]              -0.0004              -0.0005               0.9929               0.1694               0.0421              -0.1400              -0.0000              -0.0000              -0.0626               0.0000
[Row   7]               0.0100              -0.0061               0.0311              -0.3807              -0.1186               0.4729               0.0000               0.0000               0.1864              -0.0000
[Row   8]               0.0073               0.0052               0.0013              -0.1719               0.2382              -0.3038              -0.0000              -0.0000               0.3507               0.0000
[Row   9]              -0.0000               0.0000               0.0000              -0.0000              -0.0000              -0.0000               0.2059              -0.0000              -0.0000              -0.5748
[Row  10]              -0.0000              -0.0000              -0.0000              -0.0000              -0.0000              -0.0000               0.0000               0.2059              -0.0000               0.0000
[Row  11]              -0.9940              -0.0000              -0.0004               0.1932              -0.0675               0.0800               0.0000               0.0000               0.1270               0.0000
[Row  12]              -0.0292              -0.0005              -0.0066              -0.6113               0.2068              -0.3099              -0.0000              -0.0000              -0.6675              -0.0000
[Row  13]               0.0083               0.0004               0.0019               0.2117              -0.0389              -0.1077              -0.0000              -0.0000              -0.6565              -0.0000
[Row  14]              -0.0000              -0.0000              -0.0000              -0.0000              -0.0000              -0.0000               0.1233              -0.0000              -0.0000              -0.6372
[Row  15]               0.0000               0.0000               0.0000              -0.0000              -0.0000              -0.0000               0.0000               0.1233              -0.0000               0.0000
[Row  16]              -0.0001              -0.0069              -0.0003              -0.0210              -0.1554              -0.1786               0.0000               0.4344               0.0512              -0.0000
[Row  17]              -0.0001              -0.0069              -0.0003              -0.0210              -0.1554              -0.1786               0.3762              -0.2172               0.0512               0.1758
[Row  18]              -0.0001              -0.0069              -0.0003              -0.0210              -0.1554              -0.1786              -0.3762              -0.2172               0.0512              -0.1758
                  [Col 11]              [Col 12]              [Col 13]              [Col 14]              [Col 15]              [Col 16]              [Col 17]              [Col 18]
[Row   1]               0.0000               0.0000               0.0000               0.1156              -0.0000               0.0000               0.2148               0.0795
[Row   2]              -0.0000              -0.0000              -0.0000              -0.6773               0.0000              -0.0000              -1.3767              -0.6047
[Row   3]               0.0000               0.0000               0.0000              -0.9076              -0.0000               0.0000               0.5637              -0.4532
[Row   4]               0.0000               0.1546              -0.0000              -0.0000               1.1023               0.0000               0.0000               0.0000
[Row   5]               0.1749               0.0000               0.1546              -0.0000              -0.0000               1.1023              -0.0000              -0.0000
[Row   6]              -0.0000               0.0000               0.0000              -0.1961               0.0000              -0.0000              -0.0153               0.0608
[Row   7]               0.0000              -0.0000              -0.0000               1.2911              -0.0000               0.0000               0.1103              -0.6712
[Row   8]              -0.0000               0.0000               0.0000              -0.3073              -0.0000               0.0000               0.0469              -1.5190
[Row   9]              -0.0000               0.7986              -0.0000               0.0000              -0.3377              -0.0000              -0.0000               0.0000
[Row  10]              -0.5748               0.0000               0.7986               0.0000               0.0000              -0.3377               0.0000               0.0000
[Row  11]              -0.0000               0.0000               0.0000               0.0635              -0.0000               0.0000               0.0111              -0.1184
[Row  12]               0.0000              -0.0000              -0.0000              -0.4046               0.0000              -0.0000              -0.0849               1.1498
[Row  13]               0.0000               0.0000               0.0000               0.5117              -0.0000               0.0000               0.0935              -1.0340
[Row  14]              -0.0000              -0.7891               0.0000              -0.0000               0.1975               0.0000               0.0000              -0.0000
[Row  15]              -0.6372              -0.0000              -0.7891              -0.0000              -0.0000               0.1975              -0.0000              -0.0000
[Row  16]               0.2030              -0.0000              -0.3228               0.0127               0.0000              -0.9478               0.7495               0.0763
[Row  17]              -0.1015              -0.2796               0.1614               0.0127              -0.8208               0.4739               0.7495               0.0763
[Row  18]              -0.1015               0.2796               0.1614               0.0127               0.8208               0.4739               0.7495               0.0763
 ===== P_psi ===== Dalpha+Dbeta 

                  [Col  1]              [Col  2]              [Col  3]              [Col  4]              [Col  5]              [Col  6]              [Col  7]              [Col  8]              [Col  9]              [Col 10]
[Row   1]               2.0648              -0.1989               0.0189               0.0000               0.0000               0.0224              -0.0559               0.0810               0.0000               0.0000
[Row   2]              -0.1989               0.7841              -0.0748              -0.0000              -0.0000              -0.0640               0.1024              -0.1763               0.0000              -0.0000
[Row   3]               0.0189              -0.0748               0.5452              -0.0000               0.0000              -0.1364               0.4240              -0.4238               0.0000               0.0000
[Row   4]               0.0000              -0.0000              -0.0000               0.6841               0.0000              -0.0000               0.0000              -0.0000               0.0288               0.0000
[Row   5]               0.0000              -0.0000               0.0000               0.0000               0.6841              -0.0000               0.0000              -0.0000              -0.0000               0.0288
[Row   6]               0.0224              -0.0640              -0.1364              -0.0000              -0.0000               2.0795              -0.2329               0.0056               0.0000              -0.0000
[Row   7]              -0.0559               0.1024               0.4240               0.0000               0.0000              -0.2329               0.8370              -0.0820              -0.0000               0.0000
[Row   8]               0.0810              -0.1763              -0.4238              -0.0000              -0.0000               0.0056              -0.0820               0.6033               0.0000              -0.0000
[Row   9]               0.0000               0.0000               0.0000               0.0288              -0.0000               0.0000              -0.0000               0.0000               0.7456               0.0000
[Row  10]               0.0000              -0.0000               0.0000               0.0000               0.0288              -0.0000               0.0000              -0.0000               0.0000               0.7456
[Row  11]              -0.0014              -0.0053               0.0083               0.0000               0.0000               0.0216              -0.0279              -0.0727               0.0000               0.0000
[Row  12]              -0.0111               0.0574               0.0244               0.0000              -0.0000              -0.0325              -0.1265               0.0284              -0.0000               0.0000
[Row  13]              -0.0218               0.0641               0.1383               0.0000               0.0000               0.1845              -0.4984              -0.4861              -0.0000               0.0000
[Row  14]              -0.0000               0.0000               0.0000              -0.0853               0.0000              -0.0000              -0.0000               0.0000               0.7833               0.0000
[Row  15]               0.0000               0.0000              -0.0000               0.0000              -0.0853               0.0000              -0.0000               0.0000              -0.0000               0.7833
[Row  16]              -0.0939               0.2348              -0.1822               0.0000               0.5559               0.0229              -0.0969               0.0775              -0.0000              -0.0544
[Row  17]              -0.0939               0.2348              -0.1822               0.4814              -0.2779               0.0229              -0.0969               0.0775              -0.0471               0.0272
[Row  18]              -0.0939               0.2348              -0.1822              -0.4814              -0.2779               0.0229              -0.0969               0.0775               0.0471               0.0272
                  [Col 11]              [Col 12]              [Col 13]              [Col 14]              [Col 15]              [Col 16]              [Col 17]              [Col 18]
[Row   1]              -0.0014              -0.0111              -0.0218              -0.0000               0.0000              -0.0939              -0.0939              -0.0939
[Row   2]              -0.0053               0.0574               0.0641               0.0000               0.0000               0.2348               0.2348               0.2348
[Row   3]               0.0083               0.0244               0.1383               0.0000              -0.0000              -0.1822              -0.1822              -0.1822
[Row   4]               0.0000               0.0000               0.0000              -0.0853               0.0000               0.0000               0.4814              -0.4814
[Row   5]               0.0000              -0.0000               0.0000               0.0000              -0.0853               0.5559              -0.2779              -0.2779
[Row   6]               0.0216              -0.0325               0.1845              -0.0000               0.0000               0.0229               0.0229               0.0229
[Row   7]              -0.0279              -0.1265              -0.4984              -0.0000              -0.0000              -0.0969              -0.0969              -0.0969
[Row   8]              -0.0727               0.0284              -0.4861               0.0000               0.0000               0.0775               0.0775               0.0775
[Row   9]               0.0000              -0.0000              -0.0000               0.7833              -0.0000              -0.0000              -0.0471               0.0471
[Row  10]               0.0000               0.0000               0.0000               0.0000               0.7833              -0.0544               0.0272               0.0272
[Row  11]               2.1049              -0.4252              -0.1135               0.0000              -0.0000              -0.0026              -0.0026              -0.0026
[Row  12]              -0.4252               1.9179               0.6677               0.0000               0.0000               0.0037               0.0037               0.0037
[Row  13]              -0.1135               0.6677               0.9779              -0.0000              -0.0000              -0.0256              -0.0256              -0.0256
[Row  14]               0.0000               0.0000              -0.0000               0.8425              -0.0000               0.0000              -0.1313               0.1313
[Row  15]              -0.0000               0.0000              -0.0000              -0.0000               0.8425              -0.1516               0.0758               0.0758
[Row  16]              -0.0026               0.0037              -0.0256               0.0000              -0.1516               0.5781              -0.1115              -0.1115
[Row  17]              -0.0026               0.0037              -0.0256              -0.1313               0.0758              -0.1115               0.5781              -0.1115
[Row  18]              -0.0026               0.0037              -0.0256               0.1313               0.0758              -0.1115              -0.1115               0.5781
===== P_mu,nu local =====

                  [Col  1]              [Col  2]              [Col  3]              [Col  4]              [Col  5]              [Col  6]              [Col  7]              [Col  8]              [Col  9]              [Col 10]
[Row   1]               2.0648              -0.1989               0.0189               0.0000               0.0000               0.0224              -0.0559               0.0810               0.0000               0.0000
[Row   2]              -0.1989               0.7841              -0.0748              -0.0000              -0.0000              -0.0640               0.1024              -0.1763               0.0000              -0.0000
[Row   3]               0.0189              -0.0748               0.5452              -0.0000               0.0000              -0.1364               0.4240              -0.4238               0.0000               0.0000
[Row   4]               0.0000              -0.0000              -0.0000               0.6841               0.0000              -0.0000               0.0000              -0.0000               0.0288               0.0000
[Row   5]               0.0000              -0.0000               0.0000               0.0000               0.6841              -0.0000               0.0000              -0.0000              -0.0000               0.0288
[Row   6]               0.0224              -0.0640              -0.1364              -0.0000              -0.0000               2.0795              -0.2329               0.0056               0.0000              -0.0000
[Row   7]              -0.0559               0.1024               0.4240               0.0000               0.0000              -0.2329               0.8370              -0.0820              -0.0000               0.0000
[Row   8]               0.0810              -0.1763              -0.4238              -0.0000              -0.0000               0.0056              -0.0820               0.6033               0.0000              -0.0000
[Row   9]               0.0000               0.0000               0.0000               0.0288              -0.0000               0.0000              -0.0000               0.0000               0.7456               0.0000
[Row  10]               0.0000              -0.0000               0.0000               0.0000               0.0288              -0.0000               0.0000              -0.0000               0.0000               0.7456
[Row  11]              -0.0014              -0.0053               0.0083               0.0000               0.0000               0.0216              -0.0279              -0.0727               0.0000               0.0000
[Row  12]              -0.0111               0.0574               0.0244               0.0000              -0.0000              -0.0325              -0.1265               0.0284              -0.0000               0.0000
[Row  13]              -0.0218               0.0641               0.1383               0.0000               0.0000               0.1845              -0.4984              -0.4861              -0.0000               0.0000
[Row  14]              -0.0000               0.0000               0.0000              -0.0853               0.0000              -0.0000              -0.0000               0.0000               0.7833               0.0000
[Row  15]               0.0000               0.0000              -0.0000               0.0000              -0.0853               0.0000              -0.0000               0.0000              -0.0000               0.7833
[Row  16]              -0.0939               0.2348              -0.1822               0.0000               0.5559               0.0229              -0.0969               0.0775              -0.0000              -0.0544
[Row  17]              -0.0939               0.2348              -0.1822               0.4814              -0.2779               0.0229              -0.0969               0.0775              -0.0471               0.0272
[Row  18]              -0.0939               0.2348              -0.1822              -0.4814              -0.2779               0.0229              -0.0969               0.0775               0.0471               0.0272
                  [Col 11]              [Col 12]              [Col 13]              [Col 14]              [Col 15]              [Col 16]              [Col 17]              [Col 18]
[Row   1]              -0.0014              -0.0111              -0.0218              -0.0000               0.0000              -0.0939              -0.0939              -0.0939
[Row   2]              -0.0053               0.0574               0.0641               0.0000               0.0000               0.2348               0.2348               0.2348
[Row   3]               0.0083               0.0244               0.1383               0.0000              -0.0000              -0.1822              -0.1822              -0.1822
[Row   4]               0.0000               0.0000               0.0000              -0.0853               0.0000               0.0000               0.4814              -0.4814
[Row   5]               0.0000              -0.0000               0.0000               0.0000              -0.0853               0.5559              -0.2779              -0.2779
[Row   6]               0.0216              -0.0325               0.1845              -0.0000               0.0000               0.0229               0.0229               0.0229
[Row   7]              -0.0279              -0.1265              -0.4984              -0.0000              -0.0000              -0.0969              -0.0969              -0.0969
[Row   8]              -0.0727               0.0284              -0.4861               0.0000               0.0000               0.0775               0.0775               0.0775
[Row   9]               0.0000              -0.0000              -0.0000               0.7833              -0.0000              -0.0000              -0.0471               0.0471
[Row  10]               0.0000               0.0000               0.0000               0.0000               0.7833              -0.0544               0.0272               0.0272
[Row  11]               2.1049              -0.4252              -0.1135               0.0000              -0.0000              -0.0026              -0.0026              -0.0026
[Row  12]              -0.4252               1.9179               0.6677               0.0000               0.0000               0.0037               0.0037               0.0037
[Row  13]              -0.1135               0.6677               0.9779              -0.0000              -0.0000              -0.0256              -0.0256              -0.0256
[Row  14]               0.0000               0.0000              -0.0000               0.8425              -0.0000               0.0000              -0.1313               0.1313
[Row  15]              -0.0000               0.0000              -0.0000              -0.0000               0.8425              -0.1516               0.0758               0.0758
[Row  16]              -0.0026               0.0037              -0.0256               0.0000              -0.1516               0.5781              -0.1115              -0.1115
[Row  17]              -0.0026               0.0037              -0.0256              -0.1313               0.0758              -0.1115               0.5781              -0.1115
[Row  18]              -0.0026               0.0037              -0.0256               0.1313               0.0758              -0.1115              -0.1115               0.5781
===== P_mu,nu psi4 =====

                  [Col  1]              [Col  2]              [Col  3]              [Col  4]              [Col  5]              [Col  6]              [Col  7]              [Col  8]              [Col  9]              [Col 10]
[Row   1]               2.0648              -0.1989               0.0189               0.0000               0.0000               0.0224              -0.0559               0.0810               0.0000               0.0000
[Row   2]              -0.1989               0.7841              -0.0748              -0.0000              -0.0000              -0.0640               0.1024              -0.1763               0.0000              -0.0000
[Row   3]               0.0189              -0.0748               0.5452              -0.0000               0.0000              -0.1364               0.4240              -0.4238               0.0000               0.0000
[Row   4]               0.0000              -0.0000              -0.0000               0.6841               0.0000              -0.0000               0.0000              -0.0000               0.0288               0.0000
[Row   5]               0.0000              -0.0000               0.0000               0.0000               0.6841              -0.0000               0.0000              -0.0000              -0.0000               0.0288
[Row   6]               0.0224              -0.0640              -0.1364              -0.0000              -0.0000               2.0795              -0.2329               0.0056               0.0000              -0.0000
[Row   7]              -0.0559               0.1024               0.4240               0.0000               0.0000              -0.2329               0.8370              -0.0820              -0.0000               0.0000
[Row   8]               0.0810              -0.1763              -0.4238              -0.0000              -0.0000               0.0056              -0.0820               0.6033               0.0000              -0.0000
[Row   9]               0.0000               0.0000               0.0000               0.0288              -0.0000               0.0000              -0.0000               0.0000               0.7456               0.0000
[Row  10]               0.0000              -0.0000               0.0000               0.0000               0.0288              -0.0000               0.0000              -0.0000               0.0000               0.7456
[Row  11]              -0.0014              -0.0053               0.0083               0.0000               0.0000               0.0216              -0.0279              -0.0727               0.0000               0.0000
[Row  12]              -0.0111               0.0574               0.0244               0.0000              -0.0000              -0.0325              -0.1265               0.0284              -0.0000               0.0000
[Row  13]              -0.0218               0.0641               0.1383               0.0000               0.0000               0.1845              -0.4984              -0.4861              -0.0000               0.0000
[Row  14]              -0.0000               0.0000               0.0000              -0.0853               0.0000              -0.0000              -0.0000               0.0000               0.7833               0.0000
[Row  15]               0.0000               0.0000              -0.0000               0.0000              -0.0853               0.0000              -0.0000               0.0000              -0.0000               0.7833
[Row  16]              -0.0939               0.2348              -0.1822               0.0000               0.5559               0.0229              -0.0969               0.0775              -0.0000              -0.0544
[Row  17]              -0.0939               0.2348              -0.1822               0.4814              -0.2779               0.0229              -0.0969               0.0775              -0.0471               0.0272
[Row  18]              -0.0939               0.2348              -0.1822              -0.4814              -0.2779               0.0229              -0.0969               0.0775               0.0471               0.0272
                  [Col 11]              [Col 12]              [Col 13]              [Col 14]              [Col 15]              [Col 16]              [Col 17]              [Col 18]
[Row   1]              -0.0014              -0.0111              -0.0218              -0.0000               0.0000              -0.0939              -0.0939              -0.0939
[Row   2]              -0.0053               0.0574               0.0641               0.0000               0.0000               0.2348               0.2348               0.2348
[Row   3]               0.0083               0.0244               0.1383               0.0000              -0.0000              -0.1822              -0.1822              -0.1822
[Row   4]               0.0000               0.0000               0.0000              -0.0853               0.0000               0.0000               0.4814              -0.4814
[Row   5]               0.0000              -0.0000               0.0000               0.0000              -0.0853               0.5559              -0.2779              -0.2779
[Row   6]               0.0216              -0.0325               0.1845              -0.0000               0.0000               0.0229               0.0229               0.0229
[Row   7]              -0.0279              -0.1265              -0.4984              -0.0000              -0.0000              -0.0969              -0.0969              -0.0969
[Row   8]              -0.0727               0.0284              -0.4861               0.0000               0.0000               0.0775               0.0775               0.0775
[Row   9]               0.0000              -0.0000              -0.0000               0.7833              -0.0000              -0.0000              -0.0471               0.0471
[Row  10]               0.0000               0.0000               0.0000               0.0000               0.7833              -0.0544               0.0272               0.0272
[Row  11]               2.1049              -0.4252              -0.1135               0.0000              -0.0000              -0.0026              -0.0026              -0.0026
[Row  12]              -0.4252               1.9179               0.6677               0.0000               0.0000               0.0037               0.0037               0.0037
[Row  13]              -0.1135               0.6677               0.9779              -0.0000              -0.0000              -0.0256              -0.0256              -0.0256
[Row  14]               0.0000               0.0000              -0.0000               0.8425              -0.0000               0.0000              -0.1313               0.1313
[Row  15]              -0.0000               0.0000              -0.0000              -0.0000               0.8425              -0.1516               0.0758               0.0758
[Row  16]              -0.0026               0.0037              -0.0256               0.0000              -0.1516               0.5781              -0.1115              -0.1115
[Row  17]              -0.0026               0.0037              -0.0256              -0.1313               0.0758              -0.1115               0.5781              -0.1115
[Row  18]              -0.0026               0.0037              -0.0256               0.1313               0.0758              -0.1115              -0.1115               0.5781
====== P^(AO) = SPS =====

                  [Col  1]              [Col  2]              [Col  3]              [Col  4]              [Col  5]              [Col  6]              [Col  7]              [Col  8]              [Col  9]              [Col 10]
[Row   1]               1.9995               0.5048               0.0014              -0.0000              -0.0000               0.0002               0.0601              -0.1034              -0.0000               0.0000
[Row   2]               0.5048               1.8734              -0.0249              -0.0000               0.0000               0.0618               0.7443              -0.7991              -0.0000              -0.0000
[Row   3]               0.0014              -0.0249               1.5508              -0.0000              -0.0000               0.0990               0.9490              -0.8385               0.0000               0.0000
[Row   4]              -0.0000              -0.0000              -0.0000               1.6374               0.0000               0.0000               0.0000               0.0000               0.4205               0.0000
[Row   5]              -0.0000               0.0000              -0.0000               0.0000               1.6374               0.0000              -0.0000              -0.0000               0.0000               0.4205
[Row   6]               0.0002               0.0618               0.0990               0.0000               0.0000               1.9997               0.5050              -0.0009               0.0000              -0.0000
[Row   7]               0.0601               0.7443               0.9490               0.0000              -0.0000               0.5050               1.7910               0.0218               0.0000               0.0000
[Row   8]              -0.1034              -0.7991              -0.8385               0.0000              -0.0000              -0.0009               0.0218               1.7573               0.0000              -0.0000
[Row   9]              -0.0000              -0.0000               0.0000               0.4205               0.0000               0.0000               0.0000               0.0000               1.2701               0.0000
[Row  10]               0.0000              -0.0000               0.0000               0.0000               0.4205              -0.0000               0.0000              -0.0000               0.0000               1.2701
[Row  11]              -0.0000               0.0015               0.0044               0.0000              -0.0000               0.0002               0.0940               0.1615               0.0000               0.0000
[Row  12]               0.0004               0.0518               0.0840               0.0000              -0.0000               0.1047               0.9132               0.9854               0.0000              -0.0000
[Row  13]              -0.0028              -0.0527              -0.0452               0.0000              -0.0000              -0.1692              -0.9622              -0.7447              -0.0000               0.0000
[Row  14]              -0.0000               0.0000               0.0000               0.0263               0.0000              -0.0000               0.0000               0.0000               1.2466               0.0000
[Row  15]               0.0000               0.0000              -0.0000               0.0000               0.0263               0.0000              -0.0000               0.0000              -0.0000               1.2466
[Row  16]               0.1171               1.0898              -0.4276               0.0000               1.1734               0.0129               0.2012              -0.2395              -0.0000               0.1975
[Row  17]               0.1171               1.0898              -0.4276               1.0162              -0.5867               0.0129               0.2012              -0.2395               0.1710              -0.0987
[Row  18]               0.1171               1.0898              -0.4276              -1.0162              -0.5867               0.0129               0.2012              -0.2395              -0.1710              -0.0987
                  [Col 11]              [Col 12]              [Col 13]              [Col 14]              [Col 15]              [Col 16]              [Col 17]              [Col 18]
[Row   1]              -0.0000               0.0004              -0.0028              -0.0000               0.0000               0.1171               0.1171               0.1171
[Row   2]               0.0015               0.0518              -0.0527               0.0000               0.0000               1.0898               1.0898               1.0898
[Row   3]               0.0044               0.0840              -0.0452               0.0000              -0.0000              -0.4276              -0.4276              -0.4276
[Row   4]               0.0000               0.0000               0.0000               0.0263               0.0000               0.0000               1.0162              -1.0162
[Row   5]              -0.0000              -0.0000              -0.0000               0.0000               0.0263               1.1734              -0.5867              -0.5867
[Row   6]               0.0002               0.1047              -0.1692              -0.0000               0.0000               0.0129               0.0129               0.0129
[Row   7]               0.0940               0.9132              -0.9622               0.0000              -0.0000               0.2012               0.2012               0.2012
[Row   8]               0.1615               0.9854              -0.7447               0.0000               0.0000              -0.2395              -0.2395              -0.2395
[Row   9]               0.0000               0.0000              -0.0000               1.2466              -0.0000              -0.0000               0.1710              -0.1710
[Row  10]               0.0000              -0.0000               0.0000               0.0000               1.2466               0.1975              -0.0987              -0.0987
[Row  11]               1.9998               0.4717              -0.0055               0.0000              -0.0000               0.0001               0.0001               0.0001
[Row  12]               0.4717               1.9833               0.0537               0.0000               0.0000               0.0164               0.0164               0.0164
[Row  13]              -0.0055               0.0537               1.8123              -0.0000              -0.0000              -0.0324              -0.0324              -0.0324
[Row  14]               0.0000               0.0000              -0.0000               1.3231              -0.0000               0.0000              -0.0796               0.0796
[Row  15]              -0.0000               0.0000              -0.0000              -0.0000               1.3231              -0.0919               0.0459               0.0459
[Row  16]               0.0001               0.0164              -0.0324               0.0000              -0.0919               1.6106               0.3355               0.3355
[Row  17]               0.0001               0.0164              -0.0324              -0.0796               0.0459               0.3355               1.6106               0.3355
[Row  18]               0.0001               0.0164              -0.0324               0.0796               0.0459               0.3355               0.3355               1.6106
====== S^(AO) = S =====

                  [Col  1]              [Col  2]              [Col  3]              [Col  4]              [Col  5]              [Col  6]              [Col  7]              [Col  8]              [Col  9]              [Col 10]
[Row   1]               1.0000               0.2484               0.0000               0.0000               0.0000               0.0000               0.0324              -0.0538               0.0000               0.0000
[Row   2]               0.2484               1.0000               0.0000               0.0000               0.0000               0.0324               0.3350              -0.3657               0.0000               0.0000
[Row   3]               0.0000               0.0000               1.0000               0.0000               0.0000               0.0538               0.3657              -0.3239               0.0000               0.0000
[Row   4]               0.0000               0.0000               0.0000               1.0000               0.0000               0.0000               0.0000               0.0000               0.1906               0.0000
[Row   5]               0.0000               0.0000               0.0000               0.0000               1.0000               0.0000               0.0000               0.0000               0.0000               0.1906
[Row   6]               0.0000               0.0324               0.0538               0.0000               0.0000               1.0000               0.2484               0.0000               0.0000               0.0000
[Row   7]               0.0324               0.3350               0.3657               0.0000               0.0000               0.2484               1.0000              -0.0000               0.0000               0.0000
[Row   8]              -0.0538              -0.3657              -0.3239               0.0000               0.0000               0.0000              -0.0000               1.0000               0.0000               0.0000
[Row   9]               0.0000               0.0000               0.0000               0.1906               0.0000               0.0000               0.0000               0.0000               1.0000               0.0000
[Row  10]               0.0000               0.0000               0.0000               0.0000               0.1906               0.0000               0.0000               0.0000               0.0000               1.0000
[Row  11]               0.0000               0.0006               0.0015               0.0000               0.0000               0.0000               0.0491               0.0827               0.0000               0.0000
[Row  12]               0.0002               0.0255               0.0430               0.0000               0.0000               0.0530               0.4389               0.4691               0.0000               0.0000
[Row  13]              -0.0006              -0.0388              -0.0607               0.0000               0.0000              -0.0877              -0.4018              -0.3170               0.0000               0.0000
[Row  14]               0.0000               0.0000               0.0000               0.0097               0.0000               0.0000               0.0000               0.0000               0.2733               0.0000
[Row  15]               0.0000               0.0000               0.0000               0.0000               0.0097               0.0000               0.0000               0.0000               0.0000               0.2733
[Row  16]               0.0620               0.4898              -0.1605               0.0000               0.4383               0.0062               0.1071              -0.1191               0.0000               0.0665
[Row  17]               0.0620               0.4898              -0.1605               0.3795              -0.2191               0.0062               0.1071              -0.1191               0.0576              -0.0332
[Row  18]               0.0620               0.4898              -0.1605              -0.3795              -0.2191               0.0062               0.1071              -0.1191              -0.0576              -0.0332
                  [Col 11]              [Col 12]              [Col 13]              [Col 14]              [Col 15]              [Col 16]              [Col 17]              [Col 18]
[Row   1]               0.0000               0.0002              -0.0006               0.0000               0.0000               0.0620               0.0620               0.0620
[Row   2]               0.0006               0.0255              -0.0388               0.0000               0.0000               0.4898               0.4898               0.4898
[Row   3]               0.0015               0.0430              -0.0607               0.0000               0.0000              -0.1605              -0.1605              -0.1605
[Row   4]               0.0000               0.0000               0.0000               0.0097               0.0000               0.0000               0.3795              -0.3795
[Row   5]               0.0000               0.0000               0.0000               0.0000               0.0097               0.4383              -0.2191              -0.2191
[Row   6]               0.0000               0.0530              -0.0877               0.0000               0.0000               0.0062               0.0062               0.0062
[Row   7]               0.0491               0.4389              -0.4018               0.0000               0.0000               0.1071               0.1071               0.1071
[Row   8]               0.0827               0.4691              -0.3170               0.0000               0.0000              -0.1191              -0.1191              -0.1191
[Row   9]               0.0000               0.0000               0.0000               0.2733               0.0000               0.0000               0.0576              -0.0576
[Row  10]               0.0000               0.0000               0.0000               0.0000               0.2733               0.0665              -0.0332              -0.0332
[Row  11]               1.0000               0.2350               0.0000               0.0000               0.0000               0.0002               0.0002               0.0002
[Row  12]               0.2350               1.0000               0.0000               0.0000               0.0000               0.0073               0.0073               0.0073
[Row  13]               0.0000               0.0000               1.0000               0.0000               0.0000              -0.0105              -0.0105              -0.0105
[Row  14]               0.0000               0.0000               0.0000               1.0000               0.0000               0.0000               0.0031              -0.0031
[Row  15]               0.0000               0.0000               0.0000               0.0000               1.0000               0.0036              -0.0018              -0.0018
[Row  16]               0.0002               0.0073              -0.0105               0.0000               0.0036               1.0000               0.1705               0.1705
[Row  17]               0.0002               0.0073              -0.0105               0.0031              -0.0018               0.1705               1.0000               0.1705
[Row  18]               0.0002               0.0073              -0.0105              -0.0031              -0.0018               0.1705               0.1705               1.0000
====== P^(AO) std gaussian m_l ordering SPS =====

                  [Col  1]              [Col  2]              [Col  3]              [Col  4]              [Col  5]              [Col  6]              [Col  7]              [Col  8]              [Col  9]              [Col 10]
[Row   1]               1.9995               0.5048              -0.0000              -0.0000               0.0014               0.0002               0.0601              -0.0000               0.0000              -0.1034
[Row   2]               0.5048               1.8734              -0.0000               0.0000              -0.0249               0.0618               0.7443              -0.0000              -0.0000              -0.7991
[Row   3]              -0.0000              -0.0000               1.6374               0.0000              -0.0000               0.0000               0.0000               0.4205               0.0000               0.0000
[Row   4]              -0.0000               0.0000               0.0000               1.6374              -0.0000               0.0000              -0.0000               0.0000               0.4205              -0.0000
[Row   5]               0.0014              -0.0249              -0.0000              -0.0000               1.5508               0.0990               0.9490               0.0000               0.0000              -0.8385
[Row   6]               0.0002               0.0618               0.0000               0.0000               0.0990               1.9997               0.5050               0.0000              -0.0000              -0.0009
[Row   7]               0.0601               0.7443               0.0000              -0.0000               0.9490               0.5050               1.7910               0.0000               0.0000               0.0218
[Row   8]              -0.0000              -0.0000               0.4205               0.0000               0.0000               0.0000               0.0000               1.2701               0.0000               0.0000
[Row   9]               0.0000              -0.0000               0.0000               0.4205               0.0000              -0.0000               0.0000               0.0000               1.2701              -0.0000
[Row  10]              -0.1034              -0.7991               0.0000              -0.0000              -0.8385              -0.0009               0.0218               0.0000              -0.0000               1.7573
[Row  11]              -0.0000               0.0015               0.0000              -0.0000               0.0044               0.0002               0.0940               0.0000               0.0000               0.1615
[Row  12]               0.0004               0.0518               0.0000              -0.0000               0.0840               0.1047               0.9132               0.0000              -0.0000               0.9854
[Row  13]              -0.0000               0.0000               0.0263               0.0000               0.0000              -0.0000               0.0000               1.2466               0.0000               0.0000
[Row  14]               0.0000               0.0000               0.0000               0.0263              -0.0000               0.0000              -0.0000              -0.0000               1.2466               0.0000
[Row  15]              -0.0028              -0.0527               0.0000              -0.0000              -0.0452              -0.1692              -0.9622              -0.0000               0.0000              -0.7447
[Row  16]               0.1171               1.0898               0.0000               1.1734              -0.4276               0.0129               0.2012              -0.0000               0.1975              -0.2395
[Row  17]               0.1171               1.0898               1.0162              -0.5867              -0.4276               0.0129               0.2012               0.1710              -0.0987              -0.2395
[Row  18]               0.1171               1.0898              -1.0162              -0.5867              -0.4276               0.0129               0.2012              -0.1710              -0.0987              -0.2395
                  [Col 11]              [Col 12]              [Col 13]              [Col 14]              [Col 15]              [Col 16]              [Col 17]              [Col 18]
[Row   1]              -0.0000               0.0004              -0.0000               0.0000              -0.0028               0.1171               0.1171               0.1171
[Row   2]               0.0015               0.0518               0.0000               0.0000              -0.0527               1.0898               1.0898               1.0898
[Row   3]               0.0000               0.0000               0.0263               0.0000               0.0000               0.0000               1.0162              -1.0162
[Row   4]              -0.0000              -0.0000               0.0000               0.0263              -0.0000               1.1734              -0.5867              -0.5867
[Row   5]               0.0044               0.0840               0.0000              -0.0000              -0.0452              -0.4276              -0.4276              -0.4276
[Row   6]               0.0002               0.1047              -0.0000               0.0000              -0.1692               0.0129               0.0129               0.0129
[Row   7]               0.0940               0.9132               0.0000              -0.0000              -0.9622               0.2012               0.2012               0.2012
[Row   8]               0.0000               0.0000               1.2466              -0.0000              -0.0000              -0.0000               0.1710              -0.1710
[Row   9]               0.0000              -0.0000               0.0000               1.2466               0.0000               0.1975              -0.0987              -0.0987
[Row  10]               0.1615               0.9854               0.0000               0.0000              -0.7447              -0.2395              -0.2395              -0.2395
[Row  11]               1.9998               0.4717               0.0000              -0.0000              -0.0055               0.0001               0.0001               0.0001
[Row  12]               0.4717               1.9833               0.0000               0.0000               0.0537               0.0164               0.0164               0.0164
[Row  13]               0.0000               0.0000               1.3231              -0.0000              -0.0000               0.0000              -0.0796               0.0796
[Row  14]              -0.0000               0.0000              -0.0000               1.3231              -0.0000              -0.0919               0.0459               0.0459
[Row  15]              -0.0055               0.0537              -0.0000              -0.0000               1.8123              -0.0324              -0.0324              -0.0324
[Row  16]               0.0001               0.0164               0.0000              -0.0919              -0.0324               1.6106               0.3355               0.3355
[Row  17]               0.0001               0.0164              -0.0796               0.0459              -0.0324               0.3355               1.6106               0.3355
[Row  18]               0.0001               0.0164               0.0796               0.0459              -0.0324               0.3355               0.3355               1.6106
====== S^(AO) std gaussian m_l ordering =====

                  [Col  1]              [Col  2]              [Col  3]              [Col  4]              [Col  5]              [Col  6]              [Col  7]              [Col  8]              [Col  9]              [Col 10]
[Row   1]               1.0000               0.2484               0.0000               0.0000               0.0000               0.0000               0.0324               0.0000               0.0000              -0.0538
[Row   2]               0.2484               1.0000               0.0000               0.0000               0.0000               0.0324               0.3350               0.0000               0.0000              -0.3657
[Row   3]               0.0000               0.0000               1.0000               0.0000               0.0000               0.0000               0.0000               0.1906               0.0000               0.0000
[Row   4]               0.0000               0.0000               0.0000               1.0000               0.0000               0.0000               0.0000               0.0000               0.1906               0.0000
[Row   5]               0.0000               0.0000               0.0000               0.0000               1.0000               0.0538               0.3657               0.0000               0.0000              -0.3239
[Row   6]               0.0000               0.0324               0.0000               0.0000               0.0538               1.0000               0.2484               0.0000               0.0000               0.0000
[Row   7]               0.0324               0.3350               0.0000               0.0000               0.3657               0.2484               1.0000               0.0000               0.0000              -0.0000
[Row   8]               0.0000               0.0000               0.1906               0.0000               0.0000               0.0000               0.0000               1.0000               0.0000               0.0000
[Row   9]               0.0000               0.0000               0.0000               0.1906               0.0000               0.0000               0.0000               0.0000               1.0000               0.0000
[Row  10]              -0.0538              -0.3657               0.0000               0.0000              -0.3239               0.0000              -0.0000               0.0000               0.0000               1.0000
[Row  11]               0.0000               0.0006               0.0000               0.0000               0.0015               0.0000               0.0491               0.0000               0.0000               0.0827
[Row  12]               0.0002               0.0255               0.0000               0.0000               0.0430               0.0530               0.4389               0.0000               0.0000               0.4691
[Row  13]               0.0000               0.0000               0.0097               0.0000               0.0000               0.0000               0.0000               0.2733               0.0000               0.0000
[Row  14]               0.0000               0.0000               0.0000               0.0097               0.0000               0.0000               0.0000               0.0000               0.2733               0.0000
[Row  15]              -0.0006              -0.0388               0.0000               0.0000              -0.0607              -0.0877              -0.4018               0.0000               0.0000              -0.3170
[Row  16]               0.0620               0.4898               0.0000               0.4383              -0.1605               0.0062               0.1071               0.0000               0.0665              -0.1191
[Row  17]               0.0620               0.4898               0.3795              -0.2191              -0.1605               0.0062               0.1071               0.0576              -0.0332              -0.1191
[Row  18]               0.0620               0.4898              -0.3795              -0.2191              -0.1605               0.0062               0.1071              -0.0576              -0.0332              -0.1191
                  [Col 11]              [Col 12]              [Col 13]              [Col 14]              [Col 15]              [Col 16]              [Col 17]              [Col 18]
[Row   1]               0.0000               0.0002               0.0000               0.0000              -0.0006               0.0620               0.0620               0.0620
[Row   2]               0.0006               0.0255               0.0000               0.0000              -0.0388               0.4898               0.4898               0.4898
[Row   3]               0.0000               0.0000               0.0097               0.0000               0.0000               0.0000               0.3795              -0.3795
[Row   4]               0.0000               0.0000               0.0000               0.0097               0.0000               0.4383              -0.2191              -0.2191
[Row   5]               0.0015               0.0430               0.0000               0.0000              -0.0607              -0.1605              -0.1605              -0.1605
[Row   6]               0.0000               0.0530               0.0000               0.0000              -0.0877               0.0062               0.0062               0.0062
[Row   7]               0.0491               0.4389               0.0000               0.0000              -0.4018               0.1071               0.1071               0.1071
[Row   8]               0.0000               0.0000               0.2733               0.0000               0.0000               0.0000               0.0576              -0.0576
[Row   9]               0.0000               0.0000               0.0000               0.2733               0.0000               0.0665              -0.0332              -0.0332
[Row  10]               0.0827               0.4691               0.0000               0.0000              -0.3170              -0.1191              -0.1191              -0.1191
[Row  11]               1.0000               0.2350               0.0000               0.0000               0.0000               0.0002               0.0002               0.0002
[Row  12]               0.2350               1.0000               0.0000               0.0000               0.0000               0.0073               0.0073               0.0073
[Row  13]               0.0000               0.0000               1.0000               0.0000               0.0000               0.0000               0.0031              -0.0031
[Row  14]               0.0000               0.0000               0.0000               1.0000               0.0000               0.0036              -0.0018              -0.0018
[Row  15]               0.0000               0.0000               0.0000               0.0000               1.0000              -0.0105              -0.0105              -0.0105
[Row  16]               0.0002               0.0073               0.0000               0.0036              -0.0105               1.0000               0.1705               0.1705
[Row  17]               0.0002               0.0073               0.0031              -0.0018              -0.0105               0.1705               1.0000               0.1705
[Row  18]               0.0002               0.0073              -0.0031              -0.0018              -0.0105               0.1705               0.1705               1.0000
