molecule mol97.xyz
System:, atNum: 6 coords [              0.0978               1.3312               0.0000]
System:, atNum: 7 coords [              0.0978              -1.4355               0.0000]
System:, atNum: 1 coords [             -1.7796               2.2227               0.0000]
System:, atNum: 1 coords [             -0.8658              -2.0776               1.5352]
System:, atNum: 1 coords [             -0.8658              -2.0776              -1.5352]
System:, atNum: 1 coords [              1.1202               1.9969               1.6642]
System:, atNum: 1 coords [              1.1202               1.9969              -1.6642]
===== Original AO-S matrix =====

                  [Col  1]              [Col  2]              [Col  3]              [Col  4]              [Col  5]              [Col  6]              [Col  7]              [Col  8]              [Col  9]              [Col 10]
[Row   1]               1.0000               0.2484               0.0000               0.0000              -0.0000               0.0000               0.0239               0.0000               0.0000               0.0408
[Row   2]               0.2484               1.0000               0.0000              -0.0000              -0.0000               0.0250               0.2893               0.0000               0.0000               0.3044
[Row   3]               0.0000               0.0000               1.0000               0.0000               0.0000               0.0000               0.0000               0.1574               0.0000               0.0000
[Row   4]               0.0000              -0.0000               0.0000               1.0000               0.0000               0.0000               0.0000               0.0000               0.1574               0.0000
[Row   5]              -0.0000              -0.0000               0.0000               0.0000               1.0000              -0.0416              -0.3508               0.0000              -0.0000              -0.3083
[Row   6]               0.0000               0.0250               0.0000               0.0000              -0.0416               1.0000               0.2350               0.0000               0.0000               0.0000
[Row   7]               0.0239               0.2893               0.0000               0.0000              -0.3508               0.2350               1.0000               0.0000               0.0000               0.0000
[Row   8]               0.0000               0.0000               0.1574               0.0000               0.0000               0.0000               0.0000               1.0000               0.0000               0.0000
[Row   9]               0.0000               0.0000               0.0000               0.1574              -0.0000               0.0000               0.0000               0.0000               1.0000              -0.0000
[Row  10]               0.0408               0.3044               0.0000               0.0000              -0.3083               0.0000               0.0000               0.0000              -0.0000               1.0000
[Row  11]               0.0609               0.4851               0.0000              -0.4190               0.1990               0.0040               0.0718               0.0000              -0.0406               0.0791
[Row  12]               0.0072               0.1191               0.0595              -0.0373              -0.1321               0.0577               0.4914               0.3495              -0.2194              -0.1462
[Row  13]               0.0072               0.1191              -0.0595              -0.0373              -0.1321               0.0577               0.4914              -0.3495              -0.2194              -0.1462
[Row  14]               0.0620               0.4896               0.3763               0.2312               0.1505               0.0050               0.0850               0.0435               0.0267               0.0898
[Row  15]               0.0620               0.4896              -0.3763               0.2312               0.1505               0.0050               0.0850              -0.0435               0.0267               0.0898
                  [Col 11]              [Col 12]              [Col 13]              [Col 14]              [Col 15]
[Row   1]               0.0609               0.0072               0.0072               0.0620               0.0620
[Row   2]               0.4851               0.1191               0.1191               0.4896               0.4896
[Row   3]               0.0000               0.0595              -0.0595               0.3763              -0.3763
[Row   4]              -0.4190              -0.0373              -0.0373               0.2312               0.2312
[Row   5]               0.1990              -0.1321              -0.1321               0.1505               0.1505
[Row   6]               0.0040               0.0577               0.0577               0.0050               0.0050
[Row   7]               0.0718               0.4914               0.4914               0.0850               0.0850
[Row   8]               0.0000               0.3495              -0.3495               0.0435              -0.0435
[Row   9]              -0.0406              -0.2194              -0.2194               0.0267               0.0267
[Row  10]               0.0791              -0.1462              -0.1462               0.0898               0.0898
[Row  11]               1.0000               0.0529               0.0529               0.1710               0.1710
[Row  12]               0.0529               1.0000               0.2141               0.0596               0.0209
[Row  13]               0.0529               0.2141               1.0000               0.0209               0.0596
[Row  14]               0.1710               0.0596               0.0209               1.0000               0.1742
[Row  15]               0.1710               0.0209               0.0596               0.1742               1.0000
nbas 15
 ===== CA ===== 

                  [Col  1]              [Col  2]              [Col  3]              [Col  4]              [Col  5]              [Col  6]              [Col  7]              [Col  8]              [Col  9]              [Col 10]
[Row   1]              -0.0005               0.9921               0.1109               0.1901               0.0000               0.0014               0.0143              -0.0000               0.0136               0.0275
[Row   2]               0.0053               0.0370              -0.2847              -0.5688              -0.0000               0.0027              -0.0722               0.0000              -0.0500              -0.1155
[Row   3]              -0.0000               0.0000              -0.0000               0.0000               0.3381               0.0000               0.0000               0.4725               0.0000              -0.0000
[Row   4]              -0.0001               0.0003               0.0080              -0.0110              -0.0000               0.4579               0.3013              -0.0000              -0.1519              -0.1105
[Row   5]              -0.0044               0.0004               0.0905              -0.1151              -0.0000              -0.2365               0.4413              -0.0000               0.1120               0.7183
[Row   6]              -0.9934               0.0005               0.2015              -0.0878              -0.0000              -0.0350               0.0040               0.0000              -0.0791              -0.1787
[Row   7]              -0.0316              -0.0050              -0.6683               0.3261               0.0000               0.1591              -0.0257              -0.0000               0.4032               1.1860
[Row   8]              -0.0000              -0.0000               0.0000              -0.0000               0.4778               0.0000              -0.0000              -0.3519               0.0000              -0.0000
[Row   9]               0.0044              -0.0001               0.1041              -0.0921              -0.0000               0.3091              -0.0307              -0.0000               0.8067              -0.4605
[Row  10]              -0.0013              -0.0037              -0.0594              -0.1620               0.0000               0.1838              -0.5038               0.0000              -0.2863               0.1795
[Row  11]              -0.0003              -0.0068              -0.0520              -0.1901               0.0000              -0.4372              -0.1087               0.0000               0.2867              -0.2763
[Row  12]               0.0067              -0.0004              -0.1361               0.1401               0.3225              -0.1219               0.1799              -0.2921              -0.1247              -0.6742
[Row  13]               0.0067              -0.0004              -0.1361               0.1401              -0.3225              -0.1219               0.1799               0.2921              -0.1247              -0.6742
[Row  14]              -0.0003              -0.0070              -0.0509              -0.1924               0.2054               0.1214               0.2425               0.3756              -0.1107              -0.0501
[Row  15]              -0.0003              -0.0070              -0.0509              -0.1924              -0.2054               0.1214               0.2425              -0.3756              -0.1107              -0.0501
                  [Col 11]              [Col 12]              [Col 13]              [Col 14]              [Col 15]
[Row   1]               0.0000               0.0790               0.1907               0.1404              -0.0000
[Row   2]              -0.0000              -0.4528              -1.2235              -0.8603               0.0000
[Row   3]               0.8167              -0.0000               0.0000               0.0000               0.7418
[Row   4]               0.0000               0.8256               0.1555              -0.7146              -0.0000
[Row   5]               0.0000               0.4767              -0.5899               0.3657               0.0000
[Row   6]              -0.0000              -0.0122              -0.0508               0.0008               0.0000
[Row   7]               0.0000               0.0507               0.3448              -0.0398              -0.0000
[Row   8]               0.5852              -0.0000              -0.0000               0.0000              -0.8840
[Row   9]              -0.0000               0.0698              -0.2605               0.3746               0.0000
[Row  10]               0.0000               0.6763              -0.1601               0.6974               0.0000
[Row  11]               0.0000               0.7670               0.8518              -0.3496              -0.0000
[Row  12]              -0.5577               0.2666              -0.3218               0.3568               0.6504
[Row  13]               0.5577               0.2666              -0.3218               0.3568              -0.6504
[Row  14]              -0.6785              -0.3294               0.6132               0.5699              -0.5280
[Row  15]               0.6785              -0.3294               0.6132               0.5699               0.5280
 ===== CB ===== 

                  [Col  1]              [Col  2]              [Col  3]              [Col  4]              [Col  5]              [Col  6]              [Col  7]              [Col  8]              [Col  9]              [Col 10]
[Row   1]              -0.0005               0.9921               0.1109               0.1901               0.0000               0.0014               0.0143              -0.0000               0.0136               0.0275
[Row   2]               0.0053               0.0370              -0.2847              -0.5688              -0.0000               0.0027              -0.0722               0.0000              -0.0500              -0.1155
[Row   3]              -0.0000               0.0000              -0.0000               0.0000               0.3381               0.0000               0.0000               0.4725               0.0000              -0.0000
[Row   4]              -0.0001               0.0003               0.0080              -0.0110              -0.0000               0.4579               0.3013              -0.0000              -0.1519              -0.1105
[Row   5]              -0.0044               0.0004               0.0905              -0.1151              -0.0000              -0.2365               0.4413              -0.0000               0.1120               0.7183
[Row   6]              -0.9934               0.0005               0.2015              -0.0878              -0.0000              -0.0350               0.0040               0.0000              -0.0791              -0.1787
[Row   7]              -0.0316              -0.0050              -0.6683               0.3261               0.0000               0.1591              -0.0257              -0.0000               0.4032               1.1860
[Row   8]              -0.0000              -0.0000               0.0000              -0.0000               0.4778               0.0000              -0.0000              -0.3519               0.0000              -0.0000
[Row   9]               0.0044              -0.0001               0.1041              -0.0921              -0.0000               0.3091              -0.0307              -0.0000               0.8067              -0.4605
[Row  10]              -0.0013              -0.0037              -0.0594              -0.1620               0.0000               0.1838              -0.5038               0.0000              -0.2863               0.1795
[Row  11]              -0.0003              -0.0068              -0.0520              -0.1901               0.0000              -0.4372              -0.1087               0.0000               0.2867              -0.2763
[Row  12]               0.0067              -0.0004              -0.1361               0.1401               0.3225              -0.1219               0.1799              -0.2921              -0.1247              -0.6742
[Row  13]               0.0067              -0.0004              -0.1361               0.1401              -0.3225              -0.1219               0.1799               0.2921              -0.1247              -0.6742
[Row  14]              -0.0003              -0.0070              -0.0509              -0.1924               0.2054               0.1214               0.2425               0.3756              -0.1107              -0.0501
[Row  15]              -0.0003              -0.0070              -0.0509              -0.1924              -0.2054               0.1214               0.2425              -0.3756              -0.1107              -0.0501
                  [Col 11]              [Col 12]              [Col 13]              [Col 14]              [Col 15]
[Row   1]               0.0000               0.0790               0.1907               0.1404              -0.0000
[Row   2]              -0.0000              -0.4528              -1.2235              -0.8603               0.0000
[Row   3]               0.8167              -0.0000               0.0000               0.0000               0.7418
[Row   4]               0.0000               0.8256               0.1555              -0.7146              -0.0000
[Row   5]               0.0000               0.4767              -0.5899               0.3657               0.0000
[Row   6]              -0.0000              -0.0122              -0.0508               0.0008               0.0000
[Row   7]               0.0000               0.0507               0.3448              -0.0398              -0.0000
[Row   8]               0.5852              -0.0000              -0.0000               0.0000              -0.8840
[Row   9]              -0.0000               0.0698              -0.2605               0.3746               0.0000
[Row  10]               0.0000               0.6763              -0.1601               0.6974               0.0000
[Row  11]               0.0000               0.7670               0.8518              -0.3496              -0.0000
[Row  12]              -0.5577               0.2666              -0.3218               0.3568               0.6504
[Row  13]               0.5577               0.2666              -0.3218               0.3568              -0.6504
[Row  14]              -0.6785              -0.3294               0.6132               0.5699              -0.5280
[Row  15]               0.6785              -0.3294               0.6132               0.5699               0.5280
 ===== P_psi ===== Dalpha+Dbeta 

                  [Col  1]              [Col  2]              [Col  3]              [Col  4]              [Col  5]              [Col  6]              [Col  7]              [Col  8]              [Col  9]              [Col 10]
[Row   1]               2.0660              -0.2094               0.0000               0.0040              -0.0078               0.0111              -0.0234              -0.0000               0.0098              -0.1038
[Row   2]              -0.2094               0.8273              -0.0000              -0.0178               0.0032              -0.0181              -0.0269               0.0000              -0.0290               0.3202
[Row   3]               0.0000              -0.0000               0.6753              -0.0000               0.0000              -0.0000               0.0000              -0.0094               0.0000              -0.0000
[Row   4]               0.0040              -0.0178              -0.0000               0.6475               0.0193              -0.0002              -0.0101              -0.0000               0.0232              -0.0457
[Row   5]              -0.0078               0.0032               0.0000               0.0193               0.5694               0.0677              -0.2034              -0.0000               0.0474              -0.5692
[Row   6]               0.0111              -0.0181              -0.0000              -0.0002               0.0677               2.0853              -0.3390               0.0000              -0.1003               0.0356
[Row   7]              -0.0234              -0.0269               0.0000              -0.0101              -0.2034              -0.3390               1.4851               0.0000               0.5510              -0.1727
[Row   8]              -0.0000               0.0000              -0.0094              -0.0000              -0.0000               0.0000               0.0000               0.7044               0.0000              -0.0000
[Row   9]               0.0098              -0.0290               0.0000               0.0232               0.0474              -0.1003               0.5510               0.0000               1.5330              -0.3000
[Row  10]              -0.1038               0.3202              -0.0000              -0.0457              -0.5692               0.0356              -0.1727              -0.0000              -0.3000               0.7987
[Row  11]              -0.0939               0.2300              -0.0000              -0.5497               0.2095              -0.0025               0.0432               0.0000               0.2231              -0.1475
[Row  12]               0.0236              -0.0960              -0.0580               0.0294               0.1316              -0.0630               0.1242               0.5138              -0.3417              -0.1839
[Row  13]               0.0236              -0.0960               0.0580               0.0294               0.1316              -0.0630               0.1242              -0.5138              -0.3417              -0.1839
[Row  14]              -0.0940               0.2241               0.4939               0.2944               0.1669               0.0247              -0.1204              -0.0681              -0.0936              -0.0679
[Row  15]              -0.0940               0.2241              -0.4939               0.2944               0.1669               0.0247              -0.1204               0.0681              -0.0936              -0.0679
                  [Col 11]              [Col 12]              [Col 13]              [Col 14]              [Col 15]
[Row   1]              -0.0939               0.0236               0.0236              -0.0940              -0.0940
[Row   2]               0.2300              -0.0960              -0.0960               0.2241               0.2241
[Row   3]              -0.0000              -0.0580               0.0580               0.4939              -0.4939
[Row   4]              -0.5497               0.0294               0.0294               0.2944               0.2944
[Row   5]               0.2095               0.1316               0.1316               0.1669               0.1669
[Row   6]              -0.0025              -0.0630              -0.0630               0.0247               0.0247
[Row   7]               0.0432               0.1242               0.1242              -0.1204              -0.1204
[Row   8]               0.0000               0.5138              -0.5138              -0.0681               0.0681
[Row   9]               0.2231              -0.3417              -0.3417              -0.0936              -0.0936
[Row  10]              -0.1475              -0.1839              -0.1839              -0.0679              -0.0679
[Row  11]               0.6481              -0.0431              -0.0431              -0.1438              -0.1438
[Row  12]              -0.0431               0.5806              -0.1767              -0.0417               0.1322
[Row  13]              -0.0431              -0.1767               0.5806               0.1322              -0.0417
[Row  14]              -0.1438              -0.0417               0.1322               0.6176              -0.1156
[Row  15]              -0.1438               0.1322              -0.0417              -0.1156               0.6176
===== P_mu,nu local =====

                  [Col  1]              [Col  2]              [Col  3]              [Col  4]              [Col  5]              [Col  6]              [Col  7]              [Col  8]              [Col  9]              [Col 10]
[Row   1]               2.0660              -0.2094               0.0000               0.0040              -0.0078               0.0111              -0.0234              -0.0000               0.0098              -0.1038
[Row   2]              -0.2094               0.8273              -0.0000              -0.0178               0.0032              -0.0181              -0.0269               0.0000              -0.0290               0.3202
[Row   3]               0.0000              -0.0000               0.6753              -0.0000               0.0000              -0.0000               0.0000              -0.0094               0.0000              -0.0000
[Row   4]               0.0040              -0.0178              -0.0000               0.6475               0.0193              -0.0002              -0.0101              -0.0000               0.0232              -0.0457
[Row   5]              -0.0078               0.0032               0.0000               0.0193               0.5694               0.0677              -0.2034              -0.0000               0.0474              -0.5692
[Row   6]               0.0111              -0.0181              -0.0000              -0.0002               0.0677               2.0853              -0.3390               0.0000              -0.1003               0.0356
[Row   7]              -0.0234              -0.0269               0.0000              -0.0101              -0.2034              -0.3390               1.4851               0.0000               0.5510              -0.1727
[Row   8]              -0.0000               0.0000              -0.0094              -0.0000              -0.0000               0.0000               0.0000               0.7044               0.0000              -0.0000
[Row   9]               0.0098              -0.0290               0.0000               0.0232               0.0474              -0.1003               0.5510               0.0000               1.5330              -0.3000
[Row  10]              -0.1038               0.3202              -0.0000              -0.0457              -0.5692               0.0356              -0.1727              -0.0000              -0.3000               0.7987
[Row  11]              -0.0939               0.2300              -0.0000              -0.5497               0.2095              -0.0025               0.0432               0.0000               0.2231              -0.1475
[Row  12]               0.0236              -0.0960              -0.0580               0.0294               0.1316              -0.0630               0.1242               0.5138              -0.3417              -0.1839
[Row  13]               0.0236              -0.0960               0.0580               0.0294               0.1316              -0.0630               0.1242              -0.5138              -0.3417              -0.1839
[Row  14]              -0.0940               0.2241               0.4939               0.2944               0.1669               0.0247              -0.1204              -0.0681              -0.0936              -0.0679
[Row  15]              -0.0940               0.2241              -0.4939               0.2944               0.1669               0.0247              -0.1204               0.0681              -0.0936              -0.0679
                  [Col 11]              [Col 12]              [Col 13]              [Col 14]              [Col 15]
[Row   1]              -0.0939               0.0236               0.0236              -0.0940              -0.0940
[Row   2]               0.2300              -0.0960              -0.0960               0.2241               0.2241
[Row   3]              -0.0000              -0.0580               0.0580               0.4939              -0.4939
[Row   4]              -0.5497               0.0294               0.0294               0.2944               0.2944
[Row   5]               0.2095               0.1316               0.1316               0.1669               0.1669
[Row   6]              -0.0025              -0.0630              -0.0630               0.0247               0.0247
[Row   7]               0.0432               0.1242               0.1242              -0.1204              -0.1204
[Row   8]               0.0000               0.5138              -0.5138              -0.0681               0.0681
[Row   9]               0.2231              -0.3417              -0.3417              -0.0936              -0.0936
[Row  10]              -0.1475              -0.1839              -0.1839              -0.0679              -0.0679
[Row  11]               0.6481              -0.0431              -0.0431              -0.1438              -0.1438
[Row  12]              -0.0431               0.5806              -0.1767              -0.0417               0.1322
[Row  13]              -0.0431              -0.1767               0.5806               0.1322              -0.0417
[Row  14]              -0.1438              -0.0417               0.1322               0.6176              -0.1156
[Row  15]              -0.1438               0.1322              -0.0417              -0.1156               0.6176
===== P_mu,nu psi4 =====

                  [Col  1]              [Col  2]              [Col  3]              [Col  4]              [Col  5]              [Col  6]              [Col  7]              [Col  8]              [Col  9]              [Col 10]
[Row   1]               2.0660              -0.2094               0.0000               0.0040              -0.0078               0.0111              -0.0234              -0.0000               0.0098              -0.1038
[Row   2]              -0.2094               0.8273              -0.0000              -0.0178               0.0032              -0.0181              -0.0269               0.0000              -0.0290               0.3202
[Row   3]               0.0000              -0.0000               0.6753              -0.0000               0.0000              -0.0000               0.0000              -0.0094               0.0000              -0.0000
[Row   4]               0.0040              -0.0178              -0.0000               0.6475               0.0193              -0.0002              -0.0101              -0.0000               0.0232              -0.0457
[Row   5]              -0.0078               0.0032               0.0000               0.0193               0.5694               0.0677              -0.2034              -0.0000               0.0474              -0.5692
[Row   6]               0.0111              -0.0181              -0.0000              -0.0002               0.0677               2.0853              -0.3390               0.0000              -0.1003               0.0356
[Row   7]              -0.0234              -0.0269               0.0000              -0.0101              -0.2034              -0.3390               1.4851               0.0000               0.5510              -0.1727
[Row   8]              -0.0000               0.0000              -0.0094              -0.0000              -0.0000               0.0000               0.0000               0.7044               0.0000              -0.0000
[Row   9]               0.0098              -0.0290               0.0000               0.0232               0.0474              -0.1003               0.5510               0.0000               1.5330              -0.3000
[Row  10]              -0.1038               0.3202              -0.0000              -0.0457              -0.5692               0.0356              -0.1727              -0.0000              -0.3000               0.7987
[Row  11]              -0.0939               0.2300              -0.0000              -0.5497               0.2095              -0.0025               0.0432               0.0000               0.2231              -0.1475
[Row  12]               0.0236              -0.0960              -0.0580               0.0294               0.1316              -0.0630               0.1242               0.5138              -0.3417              -0.1839
[Row  13]               0.0236              -0.0960               0.0580               0.0294               0.1316              -0.0630               0.1242              -0.5138              -0.3417              -0.1839
[Row  14]              -0.0940               0.2241               0.4939               0.2944               0.1669               0.0247              -0.1204              -0.0681              -0.0936              -0.0679
[Row  15]              -0.0940               0.2241              -0.4939               0.2944               0.1669               0.0247              -0.1204               0.0681              -0.0936              -0.0679
                  [Col 11]              [Col 12]              [Col 13]              [Col 14]              [Col 15]
[Row   1]              -0.0939               0.0236               0.0236              -0.0940              -0.0940
[Row   2]               0.2300              -0.0960              -0.0960               0.2241               0.2241
[Row   3]              -0.0000              -0.0580               0.0580               0.4939              -0.4939
[Row   4]              -0.5497               0.0294               0.0294               0.2944               0.2944
[Row   5]               0.2095               0.1316               0.1316               0.1669               0.1669
[Row   6]              -0.0025              -0.0630              -0.0630               0.0247               0.0247
[Row   7]               0.0432               0.1242               0.1242              -0.1204              -0.1204
[Row   8]               0.0000               0.5138              -0.5138              -0.0681               0.0681
[Row   9]               0.2231              -0.3417              -0.3417              -0.0936              -0.0936
[Row  10]              -0.1475              -0.1839              -0.1839              -0.0679              -0.0679
[Row  11]               0.6481              -0.0431              -0.0431              -0.1438              -0.1438
[Row  12]              -0.0431               0.5806              -0.1767              -0.0417               0.1322
[Row  13]              -0.0431              -0.1767               0.5806               0.1322              -0.0417
[Row  14]              -0.1438              -0.0417               0.1322               0.6176              -0.1156
[Row  15]              -0.1438               0.1322              -0.0417              -0.1156               0.6176
====== P^(AO) = SPS =====

                  [Col  1]              [Col  2]              [Col  3]              [Col  4]              [Col  5]              [Col  6]              [Col  7]              [Col  8]              [Col  9]              [Col 10]
[Row   1]               1.9995               0.5051               0.0000              -0.0001              -0.0014               0.0001               0.0459               0.0000              -0.0001               0.0746
[Row   2]               0.5051               1.8557              -0.0000               0.0062               0.0583               0.0471               0.6187               0.0000              -0.0048               0.7464
[Row   3]               0.0000              -0.0000               1.6200              -0.0000              -0.0000               0.0000               0.0000               0.3417              -0.0000              -0.0000
[Row   4]              -0.0001               0.0062              -0.0000               1.6048              -0.0090               0.0002               0.0048              -0.0000               0.3720              -0.0390
[Row   5]              -0.0014               0.0583              -0.0000              -0.0090               1.4715              -0.0756              -0.8152              -0.0000               0.0155              -0.9654
[Row   6]               0.0001               0.0471               0.0000               0.0002              -0.0756               1.9997               0.4744               0.0000              -0.0049               0.0022
[Row   7]               0.0459               0.6187               0.0000               0.0048              -0.8152               0.4744               1.9398               0.0000               0.0624              -0.0382
[Row   8]               0.0000               0.0000               0.3417              -0.0000              -0.0000               0.0000               0.0000               1.6026              -0.0000               0.0000
[Row   9]              -0.0001              -0.0048              -0.0000               0.3720               0.0155              -0.0049               0.0624              -0.0000               1.8736              -0.0939
[Row  10]               0.0746               0.7464              -0.0000              -0.0390              -0.9654               0.0022              -0.0382               0.0000              -0.0939               1.5922
[Row  11]               0.1147               1.0841              -0.0000              -1.1333               0.5187               0.0078               0.1543               0.0000              -0.0486               0.1164
[Row  12]               0.0149               0.2181               0.1317              -0.0785              -0.1977               0.1075               1.0865               0.9730              -0.6114              -0.4006
[Row  13]               0.0149               0.2181              -0.1317              -0.0785              -0.1977               0.1075               1.0865              -0.9730              -0.6114              -0.4006
[Row  14]               0.1172               1.0859               1.0141               0.6170               0.4065               0.0104               0.1631               0.0970               0.0363               0.1813
[Row  15]               0.1172               1.0859              -1.0141               0.6170               0.4065               0.0104               0.1631              -0.0970               0.0363               0.1813
                  [Col 11]              [Col 12]              [Col 13]              [Col 14]              [Col 15]
[Row   1]               0.1147               0.0149               0.0149               0.1172               0.1172
[Row   2]               1.0841               0.2181               0.2181               1.0859               1.0859
[Row   3]              -0.0000               0.1317              -0.1317               1.0141              -1.0141
[Row   4]              -1.1333              -0.0785              -0.0785               0.6170               0.6170
[Row   5]               0.5187              -0.1977              -0.1977               0.4065               0.4065
[Row   6]               0.0078               0.1075               0.1075               0.0104               0.0104
[Row   7]               0.1543               1.0865               1.0865               0.1631               0.1631
[Row   8]               0.0000               0.9730              -0.9730               0.0970              -0.0970
[Row   9]              -0.0486              -0.6114              -0.6114               0.0363               0.0363
[Row  10]               0.1164              -0.4006              -0.4006               0.1813               0.1813
[Row  11]               1.6379               0.0856               0.0856               0.3259               0.3259
[Row  12]               0.0856               1.5499               0.3610               0.0992               0.0787
[Row  13]               0.0856               0.3610               1.5499               0.0787               0.0992
[Row  14]               0.3259               0.0992               0.0787               1.6325               0.3449
[Row  15]               0.3259               0.0787               0.0992               0.3449               1.6325
====== S^(AO) = S =====

                  [Col  1]              [Col  2]              [Col  3]              [Col  4]              [Col  5]              [Col  6]              [Col  7]              [Col  8]              [Col  9]              [Col 10]
[Row   1]               1.0000               0.2484               0.0000               0.0000              -0.0000               0.0000               0.0239               0.0000               0.0000               0.0408
[Row   2]               0.2484               1.0000               0.0000              -0.0000              -0.0000               0.0250               0.2893               0.0000               0.0000               0.3044
[Row   3]               0.0000               0.0000               1.0000               0.0000               0.0000               0.0000               0.0000               0.1574               0.0000               0.0000
[Row   4]               0.0000              -0.0000               0.0000               1.0000               0.0000               0.0000               0.0000               0.0000               0.1574               0.0000
[Row   5]              -0.0000              -0.0000               0.0000               0.0000               1.0000              -0.0416              -0.3508               0.0000              -0.0000              -0.3083
[Row   6]               0.0000               0.0250               0.0000               0.0000              -0.0416               1.0000               0.2350               0.0000               0.0000               0.0000
[Row   7]               0.0239               0.2893               0.0000               0.0000              -0.3508               0.2350               1.0000               0.0000               0.0000               0.0000
[Row   8]               0.0000               0.0000               0.1574               0.0000               0.0000               0.0000               0.0000               1.0000               0.0000               0.0000
[Row   9]               0.0000               0.0000               0.0000               0.1574              -0.0000               0.0000               0.0000               0.0000               1.0000              -0.0000
[Row  10]               0.0408               0.3044               0.0000               0.0000              -0.3083               0.0000               0.0000               0.0000              -0.0000               1.0000
[Row  11]               0.0609               0.4851               0.0000              -0.4190               0.1990               0.0040               0.0718               0.0000              -0.0406               0.0791
[Row  12]               0.0072               0.1191               0.0595              -0.0373              -0.1321               0.0577               0.4914               0.3495              -0.2194              -0.1462
[Row  13]               0.0072               0.1191              -0.0595              -0.0373              -0.1321               0.0577               0.4914              -0.3495              -0.2194              -0.1462
[Row  14]               0.0620               0.4896               0.3763               0.2312               0.1505               0.0050               0.0850               0.0435               0.0267               0.0898
[Row  15]               0.0620               0.4896              -0.3763               0.2312               0.1505               0.0050               0.0850              -0.0435               0.0267               0.0898
                  [Col 11]              [Col 12]              [Col 13]              [Col 14]              [Col 15]
[Row   1]               0.0609               0.0072               0.0072               0.0620               0.0620
[Row   2]               0.4851               0.1191               0.1191               0.4896               0.4896
[Row   3]               0.0000               0.0595              -0.0595               0.3763              -0.3763
[Row   4]              -0.4190              -0.0373              -0.0373               0.2312               0.2312
[Row   5]               0.1990              -0.1321              -0.1321               0.1505               0.1505
[Row   6]               0.0040               0.0577               0.0577               0.0050               0.0050
[Row   7]               0.0718               0.4914               0.4914               0.0850               0.0850
[Row   8]               0.0000               0.3495              -0.3495               0.0435              -0.0435
[Row   9]              -0.0406              -0.2194              -0.2194               0.0267               0.0267
[Row  10]               0.0791              -0.1462              -0.1462               0.0898               0.0898
[Row  11]               1.0000               0.0529               0.0529               0.1710               0.1710
[Row  12]               0.0529               1.0000               0.2141               0.0596               0.0209
[Row  13]               0.0529               0.2141               1.0000               0.0209               0.0596
[Row  14]               0.1710               0.0596               0.0209               1.0000               0.1742
[Row  15]               0.1710               0.0209               0.0596               0.1742               1.0000
====== P^(AO) std gaussian m_l ordering SPS =====

                  [Col  1]              [Col  2]              [Col  3]              [Col  4]              [Col  5]              [Col  6]              [Col  7]              [Col  8]              [Col  9]              [Col 10]
[Row   1]               1.9995               0.5051              -0.0001              -0.0014               0.0000               0.0001               0.0459              -0.0001               0.0746               0.0000
[Row   2]               0.5051               1.8557               0.0062               0.0583              -0.0000               0.0471               0.6187              -0.0048               0.7464               0.0000
[Row   3]              -0.0001               0.0062               1.6048              -0.0090              -0.0000               0.0002               0.0048               0.3720              -0.0390              -0.0000
[Row   4]              -0.0014               0.0583              -0.0090               1.4715              -0.0000              -0.0756              -0.8152               0.0155              -0.9654              -0.0000
[Row   5]               0.0000              -0.0000              -0.0000              -0.0000               1.6200               0.0000               0.0000              -0.0000              -0.0000               0.3417
[Row   6]               0.0001               0.0471               0.0002              -0.0756               0.0000               1.9997               0.4744              -0.0049               0.0022               0.0000
[Row   7]               0.0459               0.6187               0.0048              -0.8152               0.0000               0.4744               1.9398               0.0624              -0.0382               0.0000
[Row   8]              -0.0001              -0.0048               0.3720               0.0155              -0.0000              -0.0049               0.0624               1.8736              -0.0939              -0.0000
[Row   9]               0.0746               0.7464              -0.0390              -0.9654              -0.0000               0.0022              -0.0382              -0.0939               1.5922               0.0000
[Row  10]               0.0000               0.0000              -0.0000              -0.0000               0.3417               0.0000               0.0000              -0.0000               0.0000               1.6026
[Row  11]               0.1147               1.0841              -1.1333               0.5187              -0.0000               0.0078               0.1543              -0.0486               0.1164               0.0000
[Row  12]               0.0149               0.2181              -0.0785              -0.1977               0.1317               0.1075               1.0865              -0.6114              -0.4006               0.9730
[Row  13]               0.0149               0.2181              -0.0785              -0.1977              -0.1317               0.1075               1.0865              -0.6114              -0.4006              -0.9730
[Row  14]               0.1172               1.0859               0.6170               0.4065               1.0141               0.0104               0.1631               0.0363               0.1813               0.0970
[Row  15]               0.1172               1.0859               0.6170               0.4065              -1.0141               0.0104               0.1631               0.0363               0.1813              -0.0970
                  [Col 11]              [Col 12]              [Col 13]              [Col 14]              [Col 15]
[Row   1]               0.1147               0.0149               0.0149               0.1172               0.1172
[Row   2]               1.0841               0.2181               0.2181               1.0859               1.0859
[Row   3]              -1.1333              -0.0785              -0.0785               0.6170               0.6170
[Row   4]               0.5187              -0.1977              -0.1977               0.4065               0.4065
[Row   5]              -0.0000               0.1317              -0.1317               1.0141              -1.0141
[Row   6]               0.0078               0.1075               0.1075               0.0104               0.0104
[Row   7]               0.1543               1.0865               1.0865               0.1631               0.1631
[Row   8]              -0.0486              -0.6114              -0.6114               0.0363               0.0363
[Row   9]               0.1164              -0.4006              -0.4006               0.1813               0.1813
[Row  10]               0.0000               0.9730              -0.9730               0.0970              -0.0970
[Row  11]               1.6379               0.0856               0.0856               0.3259               0.3259
[Row  12]               0.0856               1.5499               0.3610               0.0992               0.0787
[Row  13]               0.0856               0.3610               1.5499               0.0787               0.0992
[Row  14]               0.3259               0.0992               0.0787               1.6325               0.3449
[Row  15]               0.3259               0.0787               0.0992               0.3449               1.6325
====== S^(AO) std gaussian m_l ordering =====

                  [Col  1]              [Col  2]              [Col  3]              [Col  4]              [Col  5]              [Col  6]              [Col  7]              [Col  8]              [Col  9]              [Col 10]
[Row   1]               1.0000               0.2484               0.0000              -0.0000               0.0000               0.0000               0.0239               0.0000               0.0408               0.0000
[Row   2]               0.2484               1.0000              -0.0000              -0.0000               0.0000               0.0250               0.2893               0.0000               0.3044               0.0000
[Row   3]               0.0000              -0.0000               1.0000               0.0000               0.0000               0.0000               0.0000               0.1574               0.0000               0.0000
[Row   4]              -0.0000              -0.0000               0.0000               1.0000               0.0000              -0.0416              -0.3508              -0.0000              -0.3083               0.0000
[Row   5]               0.0000               0.0000               0.0000               0.0000               1.0000               0.0000               0.0000               0.0000               0.0000               0.1574
[Row   6]               0.0000               0.0250               0.0000              -0.0416               0.0000               1.0000               0.2350               0.0000               0.0000               0.0000
[Row   7]               0.0239               0.2893               0.0000              -0.3508               0.0000               0.2350               1.0000               0.0000               0.0000               0.0000
[Row   8]               0.0000               0.0000               0.1574              -0.0000               0.0000               0.0000               0.0000               1.0000              -0.0000               0.0000
[Row   9]               0.0408               0.3044               0.0000              -0.3083               0.0000               0.0000               0.0000              -0.0000               1.0000               0.0000
[Row  10]               0.0000               0.0000               0.0000               0.0000               0.1574               0.0000               0.0000               0.0000               0.0000               1.0000
[Row  11]               0.0609               0.4851              -0.4190               0.1990               0.0000               0.0040               0.0718              -0.0406               0.0791               0.0000
[Row  12]               0.0072               0.1191              -0.0373              -0.1321               0.0595               0.0577               0.4914              -0.2194              -0.1462               0.3495
[Row  13]               0.0072               0.1191              -0.0373              -0.1321              -0.0595               0.0577               0.4914              -0.2194              -0.1462              -0.3495
[Row  14]               0.0620               0.4896               0.2312               0.1505               0.3763               0.0050               0.0850               0.0267               0.0898               0.0435
[Row  15]               0.0620               0.4896               0.2312               0.1505              -0.3763               0.0050               0.0850               0.0267               0.0898              -0.0435
                  [Col 11]              [Col 12]              [Col 13]              [Col 14]              [Col 15]
[Row   1]               0.0609               0.0072               0.0072               0.0620               0.0620
[Row   2]               0.4851               0.1191               0.1191               0.4896               0.4896
[Row   3]              -0.4190              -0.0373              -0.0373               0.2312               0.2312
[Row   4]               0.1990              -0.1321              -0.1321               0.1505               0.1505
[Row   5]               0.0000               0.0595              -0.0595               0.3763              -0.3763
[Row   6]               0.0040               0.0577               0.0577               0.0050               0.0050
[Row   7]               0.0718               0.4914               0.4914               0.0850               0.0850
[Row   8]              -0.0406              -0.2194              -0.2194               0.0267               0.0267
[Row   9]               0.0791              -0.1462              -0.1462               0.0898               0.0898
[Row  10]               0.0000               0.3495              -0.3495               0.0435              -0.0435
[Row  11]               1.0000               0.0529               0.0529               0.1710               0.1710
[Row  12]               0.0529               1.0000               0.2141               0.0596               0.0209
[Row  13]               0.0529               0.2141               1.0000               0.0209               0.0596
[Row  14]               0.1710               0.0596               0.0209               1.0000               0.1742
[Row  15]               0.1710               0.0209               0.0596               0.1742               1.0000
