molecule mol93.xyz
System:, atNum: 6 coords [              0.0000               0.0000               0.9503]
System:, atNum: 9 coords [              0.0000               2.0971              -0.5492]
System:, atNum: 9 coords [              0.0000              -2.0971              -0.5492]
System:, atNum: 1 coords [             -1.7166               0.0000               2.0914]
System:, atNum: 1 coords [              1.7166               0.0000               2.0914]
===== Original AO-S matrix =====

                  [Col  1]              [Col  2]              [Col  3]              [Col  4]              [Col  5]              [Col  6]              [Col  7]              [Col  8]              [Col  9]              [Col 10]
[Row   1]               1.0000               0.2484               0.0000               0.0000               0.0000               0.0000               0.0137               0.0150               0.0000              -0.0209
[Row   2]               0.2484               1.0000              -0.0000               0.0000               0.0000               0.0214               0.2419               0.1269               0.0000              -0.1775
[Row   3]               0.0000              -0.0000               1.0000               0.0000               0.0000              -0.0207              -0.1958              -0.0096               0.0000               0.1834
[Row   4]               0.0000               0.0000               0.0000               1.0000               0.0000               0.0000               0.0000               0.0000               0.1215               0.0000
[Row   5]               0.0000               0.0000               0.0000               0.0000               1.0000               0.0289               0.2738               0.1834               0.0000              -0.1350
[Row   6]               0.0000               0.0214              -0.0207               0.0000               0.0289               1.0000               0.2380               0.0000               0.0000              -0.0000
[Row   7]               0.0137               0.2419              -0.1958               0.0000               0.2738               0.2380               1.0000               0.0000               0.0000               0.0000
[Row   8]               0.0150               0.1269              -0.0096               0.0000               0.1834               0.0000               0.0000               1.0000               0.0000              -0.0000
[Row   9]               0.0000               0.0000               0.0000               0.1215               0.0000               0.0000               0.0000               0.0000               1.0000               0.0000
[Row  10]              -0.0209              -0.1775               0.1834               0.0000              -0.1350              -0.0000               0.0000              -0.0000               0.0000               1.0000
[Row  11]               0.0000               0.0214              -0.0207               0.0000              -0.0289               0.0000               0.0000               0.0000               0.0000              -0.0001
[Row  12]               0.0137               0.2419              -0.1958               0.0000              -0.2738               0.0000               0.0073               0.0000               0.0000              -0.0131
[Row  13]               0.0150               0.1269              -0.0096               0.0000              -0.1834              -0.0000               0.0000               0.0026               0.0000              -0.0000
[Row  14]               0.0000               0.0000               0.0000               0.1215               0.0000               0.0000               0.0000               0.0000               0.0026               0.0000
[Row  15]               0.0209               0.1775              -0.1834               0.0000              -0.1350               0.0001               0.0131               0.0000               0.0000              -0.0220
[Row  16]               0.0622               0.4903               0.2585              -0.3889               0.0000               0.0041               0.0587               0.0419              -0.0272              -0.0333
[Row  17]               0.0622               0.4903               0.2585               0.3889               0.0000               0.0041               0.0587               0.0419               0.0272              -0.0333
                  [Col 11]              [Col 12]              [Col 13]              [Col 14]              [Col 15]              [Col 16]              [Col 17]
[Row   1]               0.0000               0.0137               0.0150               0.0000               0.0209               0.0622               0.0622
[Row   2]               0.0214               0.2419               0.1269               0.0000               0.1775               0.4903               0.4903
[Row   3]              -0.0207              -0.1958              -0.0096               0.0000              -0.1834               0.2585               0.2585
[Row   4]               0.0000               0.0000               0.0000               0.1215               0.0000              -0.3889               0.3889
[Row   5]              -0.0289              -0.2738              -0.1834               0.0000              -0.1350               0.0000               0.0000
[Row   6]               0.0000               0.0000              -0.0000               0.0000               0.0001               0.0041               0.0041
[Row   7]               0.0000               0.0073               0.0000               0.0000               0.0131               0.0587               0.0587
[Row   8]               0.0000               0.0000               0.0026               0.0000               0.0000               0.0419               0.0419
[Row   9]               0.0000               0.0000               0.0000               0.0026               0.0000              -0.0272               0.0272
[Row  10]              -0.0001              -0.0131              -0.0000               0.0000              -0.0220              -0.0333              -0.0333
[Row  11]               1.0000               0.2380               0.0000               0.0000               0.0000               0.0041               0.0041
[Row  12]               0.2380               1.0000               0.0000               0.0000              -0.0000               0.0587               0.0587
[Row  13]               0.0000               0.0000               1.0000               0.0000               0.0000               0.0419               0.0419
[Row  14]               0.0000               0.0000               0.0000               1.0000               0.0000              -0.0272               0.0272
[Row  15]               0.0000              -0.0000               0.0000               0.0000               1.0000               0.0333               0.0333
[Row  16]               0.0041               0.0587               0.0419              -0.0272               0.0333               1.0000               0.1599
[Row  17]               0.0041               0.0587               0.0419               0.0272               0.0333               0.1599               1.0000
nbas 17
 ===== CA ===== 

                  [Col  1]              [Col  2]              [Col  3]              [Col  4]              [Col  5]              [Col  6]              [Col  7]              [Col  8]              [Col  9]              [Col 10]
[Row   1]              -0.0008               0.0000               0.9925               0.0896               0.0000               0.1997               0.0000               0.0227               0.0000              -0.0000
[Row   2]               0.0058              -0.0000               0.0335              -0.2325              -0.0000              -0.6196               0.0000              -0.1174              -0.0000               0.0000
[Row   3]              -0.0034               0.0000               0.0009               0.0821               0.0000              -0.1383              -0.0000               0.4693              -0.0000              -0.0000
[Row   4]               0.0000               0.0000              -0.0000               0.0000               0.0000               0.0000               0.5220               0.0000              -0.0000               0.0000
[Row   5]               0.0000               0.0047               0.0000              -0.0000               0.1366              -0.0000               0.0000              -0.0000               0.4776               0.0000
[Row   6]              -0.7033              -0.7034               0.0005               0.1665              -0.1795              -0.0711               0.0000              -0.0397               0.0466               0.0000
[Row   7]              -0.0160              -0.0155              -0.0045              -0.6185               0.6822               0.3303              -0.0000               0.2030              -0.2424              -0.0000
[Row   8]              -0.0011              -0.0012              -0.0011              -0.0374               0.0353              -0.1518               0.0000               0.1179               0.4971              -0.0000
[Row   9]               0.0000              -0.0000               0.0000              -0.0000              -0.0000              -0.0000               0.3618               0.0000               0.0000               0.7080
[Row  10]               0.0019               0.0013               0.0017               0.0614              -0.0370               0.1483              -0.0000               0.4785              -0.1868              -0.0000
[Row  11]              -0.7033               0.7034               0.0005               0.1665               0.1795              -0.0711               0.0000              -0.0397              -0.0466              -0.0000
[Row  12]              -0.0160               0.0155              -0.0045              -0.6185              -0.6822               0.3303              -0.0000               0.2030               0.2424               0.0000
[Row  13]              -0.0011               0.0012              -0.0011              -0.0374              -0.0353              -0.1518              -0.0000               0.1179              -0.4971               0.0000
[Row  14]               0.0000               0.0000               0.0000              -0.0000               0.0000              -0.0000               0.3618               0.0000              -0.0000              -0.7080
[Row  15]              -0.0019               0.0013              -0.0017              -0.0614              -0.0370              -0.1483               0.0000              -0.4785              -0.1868              -0.0000
[Row  16]              -0.0004               0.0000              -0.0069              -0.0166              -0.0000              -0.2195              -0.2757               0.1563              -0.0000              -0.0000
[Row  17]              -0.0004               0.0000              -0.0069              -0.0166              -0.0000              -0.2195               0.2757               0.1563              -0.0000               0.0000
                  [Col 11]              [Col 12]              [Col 13]              [Col 14]              [Col 15]              [Col 16]              [Col 17]
[Row   1]              -0.0000               0.0047              -0.0000               0.0000               0.0432              -0.0000               0.2392
[Row   2]               0.0000               0.0326               0.0000              -0.0000              -0.0871               0.0000              -1.4105
[Row   3]               0.0000              -0.2291              -0.0000               0.0000               1.0443               0.0000              -0.2211
[Row   4]              -0.0000              -0.0000               0.2574              -0.0000              -0.0000               1.1273               0.0000
[Row   5]               0.1454              -0.0000              -0.0000               1.0415              -0.0000               0.0000              -0.0000
[Row   6]               0.0123               0.0110               0.0000               0.0548              -0.0502               0.0000              -0.0378
[Row   7]              -0.0669              -0.0596              -0.0000              -0.3419               0.3095              -0.0000               0.2279
[Row   8]              -0.3460               0.6435               0.0000              -0.4231               0.1415              -0.0000               0.2244
[Row   9]              -0.0000               0.0000              -0.5967              -0.0000               0.0000              -0.1689              -0.0000
[Row  10]              -0.6105               0.1009               0.0000               0.3600              -0.4769               0.0000              -0.3004
[Row  11]              -0.0123               0.0110               0.0000              -0.0548              -0.0502               0.0000              -0.0378
[Row  12]               0.0669              -0.0596              -0.0000               0.3419               0.3095              -0.0000               0.2279
[Row  13]               0.3460               0.6435               0.0000               0.4231               0.1415              -0.0000               0.2244
[Row  14]               0.0000               0.0000              -0.5967               0.0000               0.0000              -0.1689              -0.0000
[Row  15]              -0.6105              -0.1009              -0.0000               0.3600               0.4769              -0.0000               0.3004
[Row  16]               0.0000              -0.2087              -0.3458              -0.0000              -0.4130               0.8587               0.8050
[Row  17]               0.0000              -0.2087               0.3458              -0.0000              -0.4130              -0.8587               0.8050
 ===== CB ===== 

                  [Col  1]              [Col  2]              [Col  3]              [Col  4]              [Col  5]              [Col  6]              [Col  7]              [Col  8]              [Col  9]              [Col 10]
[Row   1]              -0.0008               0.0000               0.9925               0.0896               0.0000               0.1997               0.0000               0.0227               0.0000              -0.0000
[Row   2]               0.0058              -0.0000               0.0335              -0.2325              -0.0000              -0.6196               0.0000              -0.1174              -0.0000               0.0000
[Row   3]              -0.0034               0.0000               0.0009               0.0821               0.0000              -0.1383              -0.0000               0.4693              -0.0000              -0.0000
[Row   4]               0.0000               0.0000              -0.0000               0.0000               0.0000               0.0000               0.5220               0.0000              -0.0000               0.0000
[Row   5]               0.0000               0.0047               0.0000              -0.0000               0.1366              -0.0000               0.0000              -0.0000               0.4776               0.0000
[Row   6]              -0.7033              -0.7034               0.0005               0.1665              -0.1795              -0.0711               0.0000              -0.0397               0.0466               0.0000
[Row   7]              -0.0160              -0.0155              -0.0045              -0.6185               0.6822               0.3303              -0.0000               0.2030              -0.2424              -0.0000
[Row   8]              -0.0011              -0.0012              -0.0011              -0.0374               0.0353              -0.1518               0.0000               0.1179               0.4971              -0.0000
[Row   9]               0.0000              -0.0000               0.0000              -0.0000              -0.0000              -0.0000               0.3618               0.0000               0.0000               0.7080
[Row  10]               0.0019               0.0013               0.0017               0.0614              -0.0370               0.1483              -0.0000               0.4785              -0.1868              -0.0000
[Row  11]              -0.7033               0.7034               0.0005               0.1665               0.1795              -0.0711               0.0000              -0.0397              -0.0466              -0.0000
[Row  12]              -0.0160               0.0155              -0.0045              -0.6185              -0.6822               0.3303              -0.0000               0.2030               0.2424               0.0000
[Row  13]              -0.0011               0.0012              -0.0011              -0.0374              -0.0353              -0.1518              -0.0000               0.1179              -0.4971               0.0000
[Row  14]               0.0000               0.0000               0.0000              -0.0000               0.0000              -0.0000               0.3618               0.0000              -0.0000              -0.7080
[Row  15]              -0.0019               0.0013              -0.0017              -0.0614              -0.0370              -0.1483               0.0000              -0.4785              -0.1868              -0.0000
[Row  16]              -0.0004               0.0000              -0.0069              -0.0166              -0.0000              -0.2195              -0.2757               0.1563              -0.0000              -0.0000
[Row  17]              -0.0004               0.0000              -0.0069              -0.0166              -0.0000              -0.2195               0.2757               0.1563              -0.0000               0.0000
                  [Col 11]              [Col 12]              [Col 13]              [Col 14]              [Col 15]              [Col 16]              [Col 17]
[Row   1]              -0.0000               0.0047              -0.0000               0.0000               0.0432              -0.0000               0.2392
[Row   2]               0.0000               0.0326               0.0000              -0.0000              -0.0871               0.0000              -1.4105
[Row   3]               0.0000              -0.2291              -0.0000               0.0000               1.0443               0.0000              -0.2211
[Row   4]              -0.0000              -0.0000               0.2574              -0.0000              -0.0000               1.1273               0.0000
[Row   5]               0.1454              -0.0000              -0.0000               1.0415              -0.0000               0.0000              -0.0000
[Row   6]               0.0123               0.0110               0.0000               0.0548              -0.0502               0.0000              -0.0378
[Row   7]              -0.0669              -0.0596              -0.0000              -0.3419               0.3095              -0.0000               0.2279
[Row   8]              -0.3460               0.6435               0.0000              -0.4231               0.1415              -0.0000               0.2244
[Row   9]              -0.0000               0.0000              -0.5967              -0.0000               0.0000              -0.1689              -0.0000
[Row  10]              -0.6105               0.1009               0.0000               0.3600              -0.4769               0.0000              -0.3004
[Row  11]              -0.0123               0.0110               0.0000              -0.0548              -0.0502               0.0000              -0.0378
[Row  12]               0.0669              -0.0596              -0.0000               0.3419               0.3095              -0.0000               0.2279
[Row  13]               0.3460               0.6435               0.0000               0.4231               0.1415              -0.0000               0.2244
[Row  14]               0.0000               0.0000              -0.5967               0.0000               0.0000              -0.1689              -0.0000
[Row  15]              -0.6105              -0.1009              -0.0000               0.3600               0.4769              -0.0000               0.3004
[Row  16]               0.0000              -0.2087              -0.3458              -0.0000              -0.4130               0.8587               0.8050
[Row  17]               0.0000              -0.2087               0.3458              -0.0000              -0.4130              -0.8587               0.8050
 ===== P_psi ===== Dalpha+Dbeta 

                  [Col  1]              [Col  2]              [Col  3]              [Col  4]              [Col  5]              [Col  6]              [Col  7]              [Col  8]              [Col  9]              [Col 10]
[Row   1]               2.0669              -0.2277              -0.0197               0.0000               0.0000               0.0018               0.0209              -0.0583               0.0000               0.0962
[Row   2]              -0.2277               0.9078               0.0081              -0.0000              -0.0000               0.0125              -0.1736               0.2197              -0.0000              -0.3179
[Row   3]              -0.0197               0.0081               0.5971              -0.0000              -0.0000               0.0096               0.0250              -0.1484               0.0000               0.3719
[Row   4]               0.0000              -0.0000              -0.0000               0.6774               0.0000              -0.0000               0.0000              -0.0000               0.0704               0.0000
[Row   5]               0.0000              -0.0000              -0.0000               0.0000               0.5359              -0.0076              -0.0647               0.3838               0.0000              -0.3661
[Row   6]               0.0018               0.0125               0.0096              -0.0000              -0.0076               2.1170              -0.4951               0.0422              -0.0000              -0.0601
[Row   7]               0.0209              -0.1736               0.0250               0.0000              -0.0647              -0.4951               2.1312              -0.2293               0.0000               0.3258
[Row   8]              -0.0583               0.2197              -0.1484              -0.0000               0.3838               0.0422              -0.2293               1.6410              -0.0000               0.4271
[Row   9]               0.0000              -0.0000               0.0000               0.0704               0.0000              -0.0000               0.0000              -0.0000               1.9764              -0.0000
[Row  10]               0.0962              -0.3179               0.3719               0.0000              -0.3661              -0.0601               0.3258               0.4271              -0.0000               1.3477
[Row  11]               0.0018               0.0125               0.0096               0.0000               0.0076              -0.0004              -0.0004              -0.0114              -0.0000              -0.0179
[Row  12]               0.0209              -0.1736               0.0250              -0.0000               0.0647              -0.0004               0.0155               0.0636               0.0000               0.0824
[Row  13]              -0.0583               0.2197              -0.1484              -0.0000              -0.3838              -0.0114               0.0636               0.1688               0.0000              -0.0411
[Row  14]               0.0000              -0.0000               0.0000               0.0704              -0.0000              -0.0000               0.0000               0.0000              -0.0288              -0.0000
[Row  15]              -0.0962               0.3179              -0.3719              -0.0000              -0.3661               0.0179              -0.0824               0.0411               0.0000               0.2881
[Row  16]              -0.0992               0.2290               0.3003              -0.4659               0.0000               0.0093              -0.0361              -0.1639               0.2132               0.0403
[Row  17]              -0.0992               0.2290               0.3003               0.4659               0.0000               0.0093              -0.0361              -0.1639              -0.2132               0.0403
                  [Col 11]              [Col 12]              [Col 13]              [Col 14]              [Col 15]              [Col 16]              [Col 17]
[Row   1]               0.0018               0.0209              -0.0583               0.0000              -0.0962              -0.0992              -0.0992
[Row   2]               0.0125              -0.1736               0.2197              -0.0000               0.3179               0.2290               0.2290
[Row   3]               0.0096               0.0250              -0.1484               0.0000              -0.3719               0.3003               0.3003
[Row   4]               0.0000              -0.0000              -0.0000               0.0704              -0.0000              -0.4659               0.4659
[Row   5]               0.0076               0.0647              -0.3838              -0.0000              -0.3661               0.0000               0.0000
[Row   6]              -0.0004              -0.0004              -0.0114              -0.0000               0.0179               0.0093               0.0093
[Row   7]              -0.0004               0.0155               0.0636               0.0000              -0.0824              -0.0361              -0.0361
[Row   8]              -0.0114               0.0636               0.1688               0.0000               0.0411              -0.1639              -0.1639
[Row   9]              -0.0000               0.0000               0.0000              -0.0288               0.0000               0.2132              -0.2132
[Row  10]              -0.0179               0.0824              -0.0411              -0.0000               0.2881               0.0403               0.0403
[Row  11]               2.1170              -0.4951               0.0422              -0.0000               0.0601               0.0093               0.0093
[Row  12]              -0.4951               2.1312              -0.2293               0.0000              -0.3258              -0.0361              -0.0361
[Row  13]               0.0422              -0.2293               1.6410               0.0000              -0.4271              -0.1639              -0.1639
[Row  14]              -0.0000               0.0000               0.0000               1.9764               0.0000               0.2132              -0.2132
[Row  15]               0.0601              -0.3258              -0.4271               0.0000               1.3477              -0.0403              -0.0403
[Row  16]               0.0093              -0.0361              -0.1639               0.2132              -0.0403               0.6243              -0.1582
[Row  17]               0.0093              -0.0361              -0.1639              -0.2132              -0.0403              -0.1582               0.6243
===== P_mu,nu local =====

                  [Col  1]              [Col  2]              [Col  3]              [Col  4]              [Col  5]              [Col  6]              [Col  7]              [Col  8]              [Col  9]              [Col 10]
[Row   1]               2.0669              -0.2277              -0.0197               0.0000               0.0000               0.0018               0.0209              -0.0583               0.0000               0.0962
[Row   2]              -0.2277               0.9078               0.0081              -0.0000              -0.0000               0.0125              -0.1736               0.2197              -0.0000              -0.3179
[Row   3]              -0.0197               0.0081               0.5971              -0.0000              -0.0000               0.0096               0.0250              -0.1484               0.0000               0.3719
[Row   4]               0.0000              -0.0000              -0.0000               0.6774               0.0000              -0.0000               0.0000              -0.0000               0.0704               0.0000
[Row   5]               0.0000              -0.0000              -0.0000               0.0000               0.5359              -0.0076              -0.0647               0.3838               0.0000              -0.3661
[Row   6]               0.0018               0.0125               0.0096              -0.0000              -0.0076               2.1170              -0.4951               0.0422              -0.0000              -0.0601
[Row   7]               0.0209              -0.1736               0.0250               0.0000              -0.0647              -0.4951               2.1312              -0.2293               0.0000               0.3258
[Row   8]              -0.0583               0.2197              -0.1484              -0.0000               0.3838               0.0422              -0.2293               1.6410              -0.0000               0.4271
[Row   9]               0.0000              -0.0000               0.0000               0.0704               0.0000              -0.0000               0.0000              -0.0000               1.9764              -0.0000
[Row  10]               0.0962              -0.3179               0.3719               0.0000              -0.3661              -0.0601               0.3258               0.4271              -0.0000               1.3477
[Row  11]               0.0018               0.0125               0.0096               0.0000               0.0076              -0.0004              -0.0004              -0.0114              -0.0000              -0.0179
[Row  12]               0.0209              -0.1736               0.0250              -0.0000               0.0647              -0.0004               0.0155               0.0636               0.0000               0.0824
[Row  13]              -0.0583               0.2197              -0.1484              -0.0000              -0.3838              -0.0114               0.0636               0.1688               0.0000              -0.0411
[Row  14]               0.0000              -0.0000               0.0000               0.0704              -0.0000              -0.0000               0.0000               0.0000              -0.0288              -0.0000
[Row  15]              -0.0962               0.3179              -0.3719              -0.0000              -0.3661               0.0179              -0.0824               0.0411               0.0000               0.2881
[Row  16]              -0.0992               0.2290               0.3003              -0.4659               0.0000               0.0093              -0.0361              -0.1639               0.2132               0.0403
[Row  17]              -0.0992               0.2290               0.3003               0.4659               0.0000               0.0093              -0.0361              -0.1639              -0.2132               0.0403
                  [Col 11]              [Col 12]              [Col 13]              [Col 14]              [Col 15]              [Col 16]              [Col 17]
[Row   1]               0.0018               0.0209              -0.0583               0.0000              -0.0962              -0.0992              -0.0992
[Row   2]               0.0125              -0.1736               0.2197              -0.0000               0.3179               0.2290               0.2290
[Row   3]               0.0096               0.0250              -0.1484               0.0000              -0.3719               0.3003               0.3003
[Row   4]               0.0000              -0.0000              -0.0000               0.0704              -0.0000              -0.4659               0.4659
[Row   5]               0.0076               0.0647              -0.3838              -0.0000              -0.3661               0.0000               0.0000
[Row   6]              -0.0004              -0.0004              -0.0114              -0.0000               0.0179               0.0093               0.0093
[Row   7]              -0.0004               0.0155               0.0636               0.0000              -0.0824              -0.0361              -0.0361
[Row   8]              -0.0114               0.0636               0.1688               0.0000               0.0411              -0.1639              -0.1639
[Row   9]              -0.0000               0.0000               0.0000              -0.0288               0.0000               0.2132              -0.2132
[Row  10]              -0.0179               0.0824              -0.0411              -0.0000               0.2881               0.0403               0.0403
[Row  11]               2.1170              -0.4951               0.0422              -0.0000               0.0601               0.0093               0.0093
[Row  12]              -0.4951               2.1312              -0.2293               0.0000              -0.3258              -0.0361              -0.0361
[Row  13]               0.0422              -0.2293               1.6410               0.0000              -0.4271              -0.1639              -0.1639
[Row  14]              -0.0000               0.0000               0.0000               1.9764               0.0000               0.2132              -0.2132
[Row  15]               0.0601              -0.3258              -0.4271               0.0000               1.3477              -0.0403              -0.0403
[Row  16]               0.0093              -0.0361              -0.1639               0.2132              -0.0403               0.6243              -0.1582
[Row  17]               0.0093              -0.0361              -0.1639              -0.2132              -0.0403              -0.1582               0.6243
===== P_mu,nu psi4 =====

                  [Col  1]              [Col  2]              [Col  3]              [Col  4]              [Col  5]              [Col  6]              [Col  7]              [Col  8]              [Col  9]              [Col 10]
[Row   1]               2.0669              -0.2277              -0.0197               0.0000               0.0000               0.0018               0.0209              -0.0583               0.0000               0.0962
[Row   2]              -0.2277               0.9078               0.0081              -0.0000              -0.0000               0.0125              -0.1736               0.2197              -0.0000              -0.3179
[Row   3]              -0.0197               0.0081               0.5971              -0.0000              -0.0000               0.0096               0.0250              -0.1484               0.0000               0.3719
[Row   4]               0.0000              -0.0000              -0.0000               0.6774               0.0000              -0.0000               0.0000              -0.0000               0.0704               0.0000
[Row   5]               0.0000              -0.0000              -0.0000               0.0000               0.5359              -0.0076              -0.0647               0.3838               0.0000              -0.3661
[Row   6]               0.0018               0.0125               0.0096              -0.0000              -0.0076               2.1170              -0.4951               0.0422              -0.0000              -0.0601
[Row   7]               0.0209              -0.1736               0.0250               0.0000              -0.0647              -0.4951               2.1312              -0.2293               0.0000               0.3258
[Row   8]              -0.0583               0.2197              -0.1484              -0.0000               0.3838               0.0422              -0.2293               1.6410              -0.0000               0.4271
[Row   9]               0.0000              -0.0000               0.0000               0.0704               0.0000              -0.0000               0.0000              -0.0000               1.9764              -0.0000
[Row  10]               0.0962              -0.3179               0.3719               0.0000              -0.3661              -0.0601               0.3258               0.4271              -0.0000               1.3477
[Row  11]               0.0018               0.0125               0.0096               0.0000               0.0076              -0.0004              -0.0004              -0.0114              -0.0000              -0.0179
[Row  12]               0.0209              -0.1736               0.0250              -0.0000               0.0647              -0.0004               0.0155               0.0636               0.0000               0.0824
[Row  13]              -0.0583               0.2197              -0.1484              -0.0000              -0.3838              -0.0114               0.0636               0.1688               0.0000              -0.0411
[Row  14]               0.0000              -0.0000               0.0000               0.0704              -0.0000              -0.0000               0.0000               0.0000              -0.0288              -0.0000
[Row  15]              -0.0962               0.3179              -0.3719              -0.0000              -0.3661               0.0179              -0.0824               0.0411               0.0000               0.2881
[Row  16]              -0.0992               0.2290               0.3003              -0.4659               0.0000               0.0093              -0.0361              -0.1639               0.2132               0.0403
[Row  17]              -0.0992               0.2290               0.3003               0.4659               0.0000               0.0093              -0.0361              -0.1639              -0.2132               0.0403
                  [Col 11]              [Col 12]              [Col 13]              [Col 14]              [Col 15]              [Col 16]              [Col 17]
[Row   1]               0.0018               0.0209              -0.0583               0.0000              -0.0962              -0.0992              -0.0992
[Row   2]               0.0125              -0.1736               0.2197              -0.0000               0.3179               0.2290               0.2290
[Row   3]               0.0096               0.0250              -0.1484               0.0000              -0.3719               0.3003               0.3003
[Row   4]               0.0000              -0.0000              -0.0000               0.0704              -0.0000              -0.4659               0.4659
[Row   5]               0.0076               0.0647              -0.3838              -0.0000              -0.3661               0.0000               0.0000
[Row   6]              -0.0004              -0.0004              -0.0114              -0.0000               0.0179               0.0093               0.0093
[Row   7]              -0.0004               0.0155               0.0636               0.0000              -0.0824              -0.0361              -0.0361
[Row   8]              -0.0114               0.0636               0.1688               0.0000               0.0411              -0.1639              -0.1639
[Row   9]              -0.0000               0.0000               0.0000              -0.0288               0.0000               0.2132              -0.2132
[Row  10]              -0.0179               0.0824              -0.0411              -0.0000               0.2881               0.0403               0.0403
[Row  11]               2.1170              -0.4951               0.0422              -0.0000               0.0601               0.0093               0.0093
[Row  12]              -0.4951               2.1312              -0.2293               0.0000              -0.3258              -0.0361              -0.0361
[Row  13]               0.0422              -0.2293               1.6410               0.0000              -0.4271              -0.1639              -0.1639
[Row  14]              -0.0000               0.0000               0.0000               1.9764               0.0000               0.2132              -0.2132
[Row  15]               0.0601              -0.3258              -0.4271               0.0000               1.3477              -0.0403              -0.0403
[Row  16]               0.0093              -0.0361              -0.1639               0.2132              -0.0403               0.6243              -0.1582
[Row  17]               0.0093              -0.0361              -0.1639              -0.2132              -0.0403              -0.1582               0.6243
====== P^(AO) = SPS =====

                  [Col  1]              [Col  2]              [Col  3]              [Col  4]              [Col  5]              [Col  6]              [Col  7]              [Col  8]              [Col  9]              [Col 10]
[Row   1]               1.9996               0.5059              -0.0029              -0.0000               0.0000               0.0001               0.0264               0.0260               0.0000              -0.0358
[Row   2]               0.5059               1.7994               0.1331              -0.0000               0.0000               0.0405               0.5063               0.3452              -0.0000              -0.5132
[Row   3]              -0.0029               0.1331               1.4296              -0.0000              -0.0000              -0.0379              -0.4261              -0.1103               0.0000               0.6399
[Row   4]              -0.0000              -0.0000              -0.0000               1.6501               0.0000              -0.0000               0.0000              -0.0000               0.3092               0.0000
[Row   5]               0.0000               0.0000              -0.0000               0.0000               1.2679               0.0535               0.5918               0.6463               0.0000              -0.5205
[Row   6]               0.0001               0.0405              -0.0379              -0.0000               0.0535               1.9999               0.4766               0.0028               0.0000              -0.0040
[Row   7]               0.0264               0.5063              -0.4261               0.0000               0.5918               0.4766               1.9940              -0.0283               0.0000               0.0396
[Row   8]               0.0260               0.3452              -0.1103              -0.0000               0.6463               0.0028              -0.0283               1.8499              -0.0000               0.1782
[Row   9]               0.0000              -0.0000               0.0000               0.3092               0.0000               0.0000               0.0000              -0.0000               1.9875               0.0000
[Row  10]              -0.0358              -0.5132               0.6399               0.0000              -0.5205              -0.0040               0.0396               0.1782               0.0000               1.7309
[Row  11]               0.0001               0.0405              -0.0379              -0.0000              -0.0535              -0.0000               0.0002              -0.0005              -0.0000              -0.0013
[Row  12]               0.0264               0.5063              -0.4261              -0.0000              -0.5918               0.0002               0.0140               0.0054               0.0000              -0.0167
[Row  13]               0.0260               0.3452              -0.1103              -0.0000              -0.6463              -0.0005               0.0054               0.0684               0.0000              -0.0131
[Row  14]               0.0000              -0.0000               0.0000               0.3092              -0.0000              -0.0000              -0.0000               0.0000              -0.0073              -0.0000
[Row  15]               0.0358               0.5132              -0.6399              -0.0000              -0.5205               0.0013               0.0167               0.0131              -0.0000               0.0536
[Row  16]               0.1177               1.0905               0.7019              -1.0223               0.0000               0.0084               0.1156               0.0501              -0.0083              -0.0698
[Row  17]               0.1177               1.0905               0.7019               1.0223               0.0000               0.0084               0.1156               0.0501               0.0083              -0.0698
                  [Col 11]              [Col 12]              [Col 13]              [Col 14]              [Col 15]              [Col 16]              [Col 17]
[Row   1]               0.0001               0.0264               0.0260               0.0000               0.0358               0.1177               0.1177
[Row   2]               0.0405               0.5063               0.3452              -0.0000               0.5132               1.0905               1.0905
[Row   3]              -0.0379              -0.4261              -0.1103               0.0000              -0.6399               0.7019               0.7019
[Row   4]              -0.0000              -0.0000              -0.0000               0.3092              -0.0000              -1.0223               1.0223
[Row   5]              -0.0535              -0.5918              -0.6463              -0.0000              -0.5205               0.0000               0.0000
[Row   6]              -0.0000               0.0002              -0.0005              -0.0000               0.0013               0.0084               0.0084
[Row   7]               0.0002               0.0140               0.0054              -0.0000               0.0167               0.1156               0.1156
[Row   8]              -0.0005               0.0054               0.0684               0.0000               0.0131               0.0501               0.0501
[Row   9]              -0.0000               0.0000               0.0000              -0.0073              -0.0000              -0.0083               0.0083
[Row  10]              -0.0013              -0.0167              -0.0131              -0.0000               0.0536              -0.0698              -0.0698
[Row  11]               1.9999               0.4766               0.0028              -0.0000               0.0040               0.0084               0.0084
[Row  12]               0.4766               1.9940              -0.0283               0.0000              -0.0396               0.1156               0.1156
[Row  13]               0.0028              -0.0283               1.8499               0.0000              -0.1782               0.0501               0.0501
[Row  14]              -0.0000               0.0000               0.0000               1.9875               0.0000              -0.0083               0.0083
[Row  15]               0.0040              -0.0396              -0.1782               0.0000               1.7309               0.0698               0.0698
[Row  16]               0.0084               0.1156               0.0501              -0.0083               0.0698               1.6314               0.2926
[Row  17]               0.0084               0.1156               0.0501               0.0083               0.0698               0.2926               1.6314
====== S^(AO) = S =====

                  [Col  1]              [Col  2]              [Col  3]              [Col  4]              [Col  5]              [Col  6]              [Col  7]              [Col  8]              [Col  9]              [Col 10]
[Row   1]               1.0000               0.2484               0.0000               0.0000               0.0000               0.0000               0.0137               0.0150               0.0000              -0.0209
[Row   2]               0.2484               1.0000              -0.0000               0.0000               0.0000               0.0214               0.2419               0.1269               0.0000              -0.1775
[Row   3]               0.0000              -0.0000               1.0000               0.0000               0.0000              -0.0207              -0.1958              -0.0096               0.0000               0.1834
[Row   4]               0.0000               0.0000               0.0000               1.0000               0.0000               0.0000               0.0000               0.0000               0.1215               0.0000
[Row   5]               0.0000               0.0000               0.0000               0.0000               1.0000               0.0289               0.2738               0.1834               0.0000              -0.1350
[Row   6]               0.0000               0.0214              -0.0207               0.0000               0.0289               1.0000               0.2380               0.0000               0.0000              -0.0000
[Row   7]               0.0137               0.2419              -0.1958               0.0000               0.2738               0.2380               1.0000               0.0000               0.0000               0.0000
[Row   8]               0.0150               0.1269              -0.0096               0.0000               0.1834               0.0000               0.0000               1.0000               0.0000              -0.0000
[Row   9]               0.0000               0.0000               0.0000               0.1215               0.0000               0.0000               0.0000               0.0000               1.0000               0.0000
[Row  10]              -0.0209              -0.1775               0.1834               0.0000              -0.1350              -0.0000               0.0000              -0.0000               0.0000               1.0000
[Row  11]               0.0000               0.0214              -0.0207               0.0000              -0.0289               0.0000               0.0000               0.0000               0.0000              -0.0001
[Row  12]               0.0137               0.2419              -0.1958               0.0000              -0.2738               0.0000               0.0073               0.0000               0.0000              -0.0131
[Row  13]               0.0150               0.1269              -0.0096               0.0000              -0.1834              -0.0000               0.0000               0.0026               0.0000              -0.0000
[Row  14]               0.0000               0.0000               0.0000               0.1215               0.0000               0.0000               0.0000               0.0000               0.0026               0.0000
[Row  15]               0.0209               0.1775              -0.1834               0.0000              -0.1350               0.0001               0.0131               0.0000               0.0000              -0.0220
[Row  16]               0.0622               0.4903               0.2585              -0.3889               0.0000               0.0041               0.0587               0.0419              -0.0272              -0.0333
[Row  17]               0.0622               0.4903               0.2585               0.3889               0.0000               0.0041               0.0587               0.0419               0.0272              -0.0333
                  [Col 11]              [Col 12]              [Col 13]              [Col 14]              [Col 15]              [Col 16]              [Col 17]
[Row   1]               0.0000               0.0137               0.0150               0.0000               0.0209               0.0622               0.0622
[Row   2]               0.0214               0.2419               0.1269               0.0000               0.1775               0.4903               0.4903
[Row   3]              -0.0207              -0.1958              -0.0096               0.0000              -0.1834               0.2585               0.2585
[Row   4]               0.0000               0.0000               0.0000               0.1215               0.0000              -0.3889               0.3889
[Row   5]              -0.0289              -0.2738              -0.1834               0.0000              -0.1350               0.0000               0.0000
[Row   6]               0.0000               0.0000              -0.0000               0.0000               0.0001               0.0041               0.0041
[Row   7]               0.0000               0.0073               0.0000               0.0000               0.0131               0.0587               0.0587
[Row   8]               0.0000               0.0000               0.0026               0.0000               0.0000               0.0419               0.0419
[Row   9]               0.0000               0.0000               0.0000               0.0026               0.0000              -0.0272               0.0272
[Row  10]              -0.0001              -0.0131              -0.0000               0.0000              -0.0220              -0.0333              -0.0333
[Row  11]               1.0000               0.2380               0.0000               0.0000               0.0000               0.0041               0.0041
[Row  12]               0.2380               1.0000               0.0000               0.0000              -0.0000               0.0587               0.0587
[Row  13]               0.0000               0.0000               1.0000               0.0000               0.0000               0.0419               0.0419
[Row  14]               0.0000               0.0000               0.0000               1.0000               0.0000              -0.0272               0.0272
[Row  15]               0.0000              -0.0000               0.0000               0.0000               1.0000               0.0333               0.0333
[Row  16]               0.0041               0.0587               0.0419              -0.0272               0.0333               1.0000               0.1599
[Row  17]               0.0041               0.0587               0.0419               0.0272               0.0333               0.1599               1.0000
====== P^(AO) std gaussian m_l ordering SPS =====

                  [Col  1]              [Col  2]              [Col  3]              [Col  4]              [Col  5]              [Col  6]              [Col  7]              [Col  8]              [Col  9]              [Col 10]
[Row   1]               1.9996               0.5059              -0.0000               0.0000              -0.0029               0.0001               0.0264               0.0000              -0.0358               0.0260
[Row   2]               0.5059               1.7994              -0.0000               0.0000               0.1331               0.0405               0.5063              -0.0000              -0.5132               0.3452
[Row   3]              -0.0000              -0.0000               1.6501               0.0000              -0.0000              -0.0000               0.0000               0.3092               0.0000              -0.0000
[Row   4]               0.0000               0.0000               0.0000               1.2679              -0.0000               0.0535               0.5918               0.0000              -0.5205               0.6463
[Row   5]              -0.0029               0.1331              -0.0000              -0.0000               1.4296              -0.0379              -0.4261               0.0000               0.6399              -0.1103
[Row   6]               0.0001               0.0405              -0.0000               0.0535              -0.0379               1.9999               0.4766               0.0000              -0.0040               0.0028
[Row   7]               0.0264               0.5063               0.0000               0.5918              -0.4261               0.4766               1.9940               0.0000               0.0396              -0.0283
[Row   8]               0.0000              -0.0000               0.3092               0.0000               0.0000               0.0000               0.0000               1.9875               0.0000              -0.0000
[Row   9]              -0.0358              -0.5132               0.0000              -0.5205               0.6399              -0.0040               0.0396               0.0000               1.7309               0.1782
[Row  10]               0.0260               0.3452              -0.0000               0.6463              -0.1103               0.0028              -0.0283              -0.0000               0.1782               1.8499
[Row  11]               0.0001               0.0405              -0.0000              -0.0535              -0.0379              -0.0000               0.0002              -0.0000              -0.0013              -0.0005
[Row  12]               0.0264               0.5063              -0.0000              -0.5918              -0.4261               0.0002               0.0140               0.0000              -0.0167               0.0054
[Row  13]               0.0000              -0.0000               0.3092              -0.0000               0.0000              -0.0000              -0.0000              -0.0073              -0.0000               0.0000
[Row  14]               0.0358               0.5132              -0.0000              -0.5205              -0.6399               0.0013               0.0167              -0.0000               0.0536               0.0131
[Row  15]               0.0260               0.3452              -0.0000              -0.6463              -0.1103              -0.0005               0.0054               0.0000              -0.0131               0.0684
[Row  16]               0.1177               1.0905              -1.0223               0.0000               0.7019               0.0084               0.1156              -0.0083              -0.0698               0.0501
[Row  17]               0.1177               1.0905               1.0223               0.0000               0.7019               0.0084               0.1156               0.0083              -0.0698               0.0501
                  [Col 11]              [Col 12]              [Col 13]              [Col 14]              [Col 15]              [Col 16]              [Col 17]
[Row   1]               0.0001               0.0264               0.0000               0.0358               0.0260               0.1177               0.1177
[Row   2]               0.0405               0.5063              -0.0000               0.5132               0.3452               1.0905               1.0905
[Row   3]              -0.0000              -0.0000               0.3092              -0.0000              -0.0000              -1.0223               1.0223
[Row   4]              -0.0535              -0.5918              -0.0000              -0.5205              -0.6463               0.0000               0.0000
[Row   5]              -0.0379              -0.4261               0.0000              -0.6399              -0.1103               0.7019               0.7019
[Row   6]              -0.0000               0.0002              -0.0000               0.0013              -0.0005               0.0084               0.0084
[Row   7]               0.0002               0.0140              -0.0000               0.0167               0.0054               0.1156               0.1156
[Row   8]              -0.0000               0.0000              -0.0073              -0.0000               0.0000              -0.0083               0.0083
[Row   9]              -0.0013              -0.0167              -0.0000               0.0536              -0.0131              -0.0698              -0.0698
[Row  10]              -0.0005               0.0054               0.0000               0.0131               0.0684               0.0501               0.0501
[Row  11]               1.9999               0.4766              -0.0000               0.0040               0.0028               0.0084               0.0084
[Row  12]               0.4766               1.9940               0.0000              -0.0396              -0.0283               0.1156               0.1156
[Row  13]              -0.0000               0.0000               1.9875               0.0000               0.0000              -0.0083               0.0083
[Row  14]               0.0040              -0.0396               0.0000               1.7309              -0.1782               0.0698               0.0698
[Row  15]               0.0028              -0.0283               0.0000              -0.1782               1.8499               0.0501               0.0501
[Row  16]               0.0084               0.1156              -0.0083               0.0698               0.0501               1.6314               0.2926
[Row  17]               0.0084               0.1156               0.0083               0.0698               0.0501               0.2926               1.6314
====== S^(AO) std gaussian m_l ordering =====

                  [Col  1]              [Col  2]              [Col  3]              [Col  4]              [Col  5]              [Col  6]              [Col  7]              [Col  8]              [Col  9]              [Col 10]
[Row   1]               1.0000               0.2484               0.0000               0.0000               0.0000               0.0000               0.0137               0.0000              -0.0209               0.0150
[Row   2]               0.2484               1.0000               0.0000               0.0000              -0.0000               0.0214               0.2419               0.0000              -0.1775               0.1269
[Row   3]               0.0000               0.0000               1.0000               0.0000               0.0000               0.0000               0.0000               0.1215               0.0000               0.0000
[Row   4]               0.0000               0.0000               0.0000               1.0000               0.0000               0.0289               0.2738               0.0000              -0.1350               0.1834
[Row   5]               0.0000              -0.0000               0.0000               0.0000               1.0000              -0.0207              -0.1958               0.0000               0.1834              -0.0096
[Row   6]               0.0000               0.0214               0.0000               0.0289              -0.0207               1.0000               0.2380               0.0000              -0.0000               0.0000
[Row   7]               0.0137               0.2419               0.0000               0.2738              -0.1958               0.2380               1.0000               0.0000               0.0000               0.0000
[Row   8]               0.0000               0.0000               0.1215               0.0000               0.0000               0.0000               0.0000               1.0000               0.0000               0.0000
[Row   9]              -0.0209              -0.1775               0.0000              -0.1350               0.1834              -0.0000               0.0000               0.0000               1.0000              -0.0000
[Row  10]               0.0150               0.1269               0.0000               0.1834              -0.0096               0.0000               0.0000               0.0000              -0.0000               1.0000
[Row  11]               0.0000               0.0214               0.0000              -0.0289              -0.0207               0.0000               0.0000               0.0000              -0.0001               0.0000
[Row  12]               0.0137               0.2419               0.0000              -0.2738              -0.1958               0.0000               0.0073               0.0000              -0.0131               0.0000
[Row  13]               0.0000               0.0000               0.1215               0.0000               0.0000               0.0000               0.0000               0.0026               0.0000               0.0000
[Row  14]               0.0209               0.1775               0.0000              -0.1350              -0.1834               0.0001               0.0131               0.0000              -0.0220               0.0000
[Row  15]               0.0150               0.1269               0.0000              -0.1834              -0.0096              -0.0000               0.0000               0.0000              -0.0000               0.0026
[Row  16]               0.0622               0.4903              -0.3889               0.0000               0.2585               0.0041               0.0587              -0.0272              -0.0333               0.0419
[Row  17]               0.0622               0.4903               0.3889               0.0000               0.2585               0.0041               0.0587               0.0272              -0.0333               0.0419
                  [Col 11]              [Col 12]              [Col 13]              [Col 14]              [Col 15]              [Col 16]              [Col 17]
[Row   1]               0.0000               0.0137               0.0000               0.0209               0.0150               0.0622               0.0622
[Row   2]               0.0214               0.2419               0.0000               0.1775               0.1269               0.4903               0.4903
[Row   3]               0.0000               0.0000               0.1215               0.0000               0.0000              -0.3889               0.3889
[Row   4]              -0.0289              -0.2738               0.0000              -0.1350              -0.1834               0.0000               0.0000
[Row   5]              -0.0207              -0.1958               0.0000              -0.1834              -0.0096               0.2585               0.2585
[Row   6]               0.0000               0.0000               0.0000               0.0001              -0.0000               0.0041               0.0041
[Row   7]               0.0000               0.0073               0.0000               0.0131               0.0000               0.0587               0.0587
[Row   8]               0.0000               0.0000               0.0026               0.0000               0.0000              -0.0272               0.0272
[Row   9]              -0.0001              -0.0131               0.0000              -0.0220              -0.0000              -0.0333              -0.0333
[Row  10]               0.0000               0.0000               0.0000               0.0000               0.0026               0.0419               0.0419
[Row  11]               1.0000               0.2380               0.0000               0.0000               0.0000               0.0041               0.0041
[Row  12]               0.2380               1.0000               0.0000              -0.0000               0.0000               0.0587               0.0587
[Row  13]               0.0000               0.0000               1.0000               0.0000               0.0000              -0.0272               0.0272
[Row  14]               0.0000              -0.0000               0.0000               1.0000               0.0000               0.0333               0.0333
[Row  15]               0.0000               0.0000               0.0000               0.0000               1.0000               0.0419               0.0419
[Row  16]               0.0041               0.0587              -0.0272               0.0333               0.0419               1.0000               0.1599
[Row  17]               0.0041               0.0587               0.0272               0.0333               0.0419               0.1599               1.0000
