molecule mol135.xyz
System:, atNum: 1 coords [              0.0000               0.0000               0.6965]
System:, atNum: 1 coords [              0.0000               0.0000              -0.6965]
===== Original AO-S matrix =====

                  [Col  1]              [Col  2]              [Col  3]              [Col  4]              [Col  5]              [Col  6]              [Col  7]              [Col  8]              [Col  9]              [Col 10]
[Row   1]               1.0000               0.7064               0.3737               0.0000               0.0000               0.0000               0.2728               0.4274               0.3108               0.5619
[Row   2]               0.7064               1.0000               0.7890               0.0000               0.0000               0.0000               0.4274               0.7289               0.6780               0.4143
[Row   3]               0.3737               0.7890               1.0000               0.0000               0.0000               0.0000               0.3108               0.6780               0.9051               0.1282
[Row   4]               0.0000               0.0000               0.0000               1.0000               0.0000               0.0000              -0.5619              -0.4143              -0.1282              -0.2200
[Row   5]               0.0000               0.0000               0.0000               0.0000               1.0000               0.0000               0.0000               0.0000               0.0000               0.0000
[Row   6]               0.0000               0.0000               0.0000               0.0000               0.0000               1.0000               0.0000               0.0000               0.0000               0.0000
[Row   7]               0.2728               0.4274               0.3108              -0.5619               0.0000               0.0000               1.0000               0.7064               0.3737               0.0000
[Row   8]               0.4274               0.7289               0.6780              -0.4143               0.0000               0.0000               0.7064               1.0000               0.7890               0.0000
[Row   9]               0.3108               0.6780               0.9051              -0.1282               0.0000               0.0000               0.3737               0.7890               1.0000              -0.0000
[Row  10]               0.5619               0.4143               0.1282              -0.2200               0.0000               0.0000               0.0000               0.0000              -0.0000               1.0000
[Row  11]               0.0000               0.0000               0.0000               0.0000               0.4830               0.0000               0.0000               0.0000               0.0000               0.0000
[Row  12]               0.0000               0.0000               0.0000               0.0000               0.0000               0.4830               0.0000               0.0000               0.0000               0.0000
                  [Col 11]              [Col 12]
[Row   1]               0.0000               0.0000
[Row   2]               0.0000               0.0000
[Row   3]               0.0000               0.0000
[Row   4]               0.0000               0.0000
[Row   5]               0.4830               0.0000
[Row   6]               0.0000               0.4830
[Row   7]               0.0000               0.0000
[Row   8]               0.0000               0.0000
[Row   9]               0.0000               0.0000
[Row  10]               0.0000               0.0000
[Row  11]               1.0000               0.0000
[Row  12]               0.0000               1.0000
nbas 12
 ===== CA ===== 

                  [Col  1]              [Col  2]              [Col  3]              [Col  4]              [Col  5]              [Col  6]              [Col  7]              [Col  8]              [Col  9]              [Col 10]
[Row   1]               0.1859               0.0708               0.0492               0.1000              -0.0000              -0.0000               0.3345               0.0000              -0.0000               0.5575
[Row   2]               0.2879              -0.1902               0.7114               2.0362              -0.0000               0.0000              -0.7355              -0.0000              -0.0000              -3.4921
[Row   3]               0.1329               2.3644              -0.8472              -2.2890               0.0000               0.0000               0.3590               0.0000               0.0000               1.5990
[Row   4]              -0.0228               0.0726              -0.0011              -0.1648               0.0000              -0.0000              -0.5929               0.0000               0.0000               1.4303
[Row   5]               0.0000              -0.0000               0.0000               0.0000               0.0000               0.5806              -0.0000               0.9834               0.0000              -0.0000
[Row   6]               0.0000               0.0000              -0.0000               0.0000               0.5806               0.0000              -0.0000              -0.0000               0.9834              -0.0000
[Row   7]               0.1859              -0.0708               0.0492              -0.1000              -0.0000               0.0000               0.3345              -0.0000              -0.0000              -0.5575
[Row   8]               0.2879               0.1902               0.7114              -2.0362               0.0000               0.0000              -0.7355               0.0000               0.0000               3.4921
[Row   9]               0.1329              -2.3644              -0.8472               2.2890              -0.0000              -0.0000               0.3590              -0.0000              -0.0000              -1.5990
[Row  10]               0.0228               0.0726               0.0011              -0.1648               0.0000              -0.0000               0.5929               0.0000               0.0000               1.4303
[Row  11]               0.0000              -0.0000               0.0000               0.0000              -0.0000               0.5806               0.0000              -0.9834              -0.0000               0.0000
[Row  12]              -0.0000              -0.0000               0.0000              -0.0000               0.5806              -0.0000               0.0000               0.0000              -0.9834               0.0000
                  [Col 11]              [Col 12]
[Row   1]               1.0870               1.1336
[Row   2]              -0.9729               1.6775
[Row   3]               0.3416              -0.2387
[Row   4]               0.4164              -1.8661
[Row   5]              -0.0000              -0.0000
[Row   6]               0.0000               0.0000
[Row   7]               1.0870              -1.1336
[Row   8]              -0.9729              -1.6775
[Row   9]               0.3416               0.2387
[Row  10]              -0.4164              -1.8661
[Row  11]               0.0000               0.0000
[Row  12]              -0.0000              -0.0000
 ===== CB ===== 

                  [Col  1]              [Col  2]              [Col  3]              [Col  4]              [Col  5]              [Col  6]              [Col  7]              [Col  8]              [Col  9]              [Col 10]
[Row   1]               0.1859               0.0708               0.0492               0.1000              -0.0000              -0.0000               0.3345               0.0000              -0.0000               0.5575
[Row   2]               0.2879              -0.1902               0.7114               2.0362              -0.0000               0.0000              -0.7355              -0.0000              -0.0000              -3.4921
[Row   3]               0.1329               2.3644              -0.8472              -2.2890               0.0000               0.0000               0.3590               0.0000               0.0000               1.5990
[Row   4]              -0.0228               0.0726              -0.0011              -0.1648               0.0000              -0.0000              -0.5929               0.0000               0.0000               1.4303
[Row   5]               0.0000              -0.0000               0.0000               0.0000               0.0000               0.5806              -0.0000               0.9834               0.0000              -0.0000
[Row   6]               0.0000               0.0000              -0.0000               0.0000               0.5806               0.0000              -0.0000              -0.0000               0.9834              -0.0000
[Row   7]               0.1859              -0.0708               0.0492              -0.1000              -0.0000               0.0000               0.3345              -0.0000              -0.0000              -0.5575
[Row   8]               0.2879               0.1902               0.7114              -2.0362               0.0000               0.0000              -0.7355               0.0000               0.0000               3.4921
[Row   9]               0.1329              -2.3644              -0.8472               2.2890              -0.0000              -0.0000               0.3590              -0.0000              -0.0000              -1.5990
[Row  10]               0.0228               0.0726               0.0011              -0.1648               0.0000              -0.0000               0.5929               0.0000               0.0000               1.4303
[Row  11]               0.0000              -0.0000               0.0000               0.0000              -0.0000               0.5806               0.0000              -0.9834              -0.0000               0.0000
[Row  12]              -0.0000              -0.0000               0.0000              -0.0000               0.5806              -0.0000               0.0000               0.0000              -0.9834               0.0000
                  [Col 11]              [Col 12]
[Row   1]               1.0870               1.1336
[Row   2]              -0.9729               1.6775
[Row   3]               0.3416              -0.2387
[Row   4]               0.4164              -1.8661
[Row   5]              -0.0000              -0.0000
[Row   6]               0.0000               0.0000
[Row   7]               1.0870              -1.1336
[Row   8]              -0.9729              -1.6775
[Row   9]               0.3416               0.2387
[Row  10]              -0.4164              -1.8661
[Row  11]               0.0000               0.0000
[Row  12]              -0.0000              -0.0000
 ===== P_psi ===== Dalpha+Dbeta 

                  [Col  1]              [Col  2]              [Col  3]              [Col  4]              [Col  5]              [Col  6]              [Col  7]              [Col  8]              [Col  9]              [Col 10]
[Row   1]               0.0691               0.1071               0.0494              -0.0085               0.0000               0.0000               0.0691               0.1071               0.0494               0.0085
[Row   2]               0.1071               0.1658               0.0765              -0.0131               0.0000               0.0000               0.1071               0.1658               0.0765               0.0131
[Row   3]               0.0494               0.0765               0.0353              -0.0061               0.0000               0.0000               0.0494               0.0765               0.0353               0.0061
[Row   4]              -0.0085              -0.0131              -0.0061               0.0010              -0.0000              -0.0000              -0.0085              -0.0131              -0.0061              -0.0010
[Row   5]               0.0000               0.0000               0.0000              -0.0000               0.0000               0.0000               0.0000               0.0000               0.0000               0.0000
[Row   6]               0.0000               0.0000               0.0000              -0.0000               0.0000               0.0000               0.0000               0.0000               0.0000               0.0000
[Row   7]               0.0691               0.1071               0.0494              -0.0085               0.0000               0.0000               0.0691               0.1071               0.0494               0.0085
[Row   8]               0.1071               0.1658               0.0765              -0.0131               0.0000               0.0000               0.1071               0.1658               0.0765               0.0131
[Row   9]               0.0494               0.0765               0.0353              -0.0061               0.0000               0.0000               0.0494               0.0765               0.0353               0.0061
[Row  10]               0.0085               0.0131               0.0061              -0.0010               0.0000               0.0000               0.0085               0.0131               0.0061               0.0010
[Row  11]               0.0000               0.0000               0.0000              -0.0000               0.0000               0.0000               0.0000               0.0000               0.0000               0.0000
[Row  12]              -0.0000              -0.0000              -0.0000               0.0000              -0.0000              -0.0000              -0.0000              -0.0000              -0.0000              -0.0000
                  [Col 11]              [Col 12]
[Row   1]               0.0000              -0.0000
[Row   2]               0.0000              -0.0000
[Row   3]               0.0000              -0.0000
[Row   4]              -0.0000               0.0000
[Row   5]               0.0000              -0.0000
[Row   6]               0.0000              -0.0000
[Row   7]               0.0000              -0.0000
[Row   8]               0.0000              -0.0000
[Row   9]               0.0000              -0.0000
[Row  10]               0.0000              -0.0000
[Row  11]               0.0000              -0.0000
[Row  12]              -0.0000               0.0000
===== P_mu,nu local =====

                  [Col  1]              [Col  2]              [Col  3]              [Col  4]              [Col  5]              [Col  6]              [Col  7]              [Col  8]              [Col  9]              [Col 10]
[Row   1]               0.0691               0.1071               0.0494              -0.0085               0.0000               0.0000               0.0691               0.1071               0.0494               0.0085
[Row   2]               0.1071               0.1658               0.0765              -0.0131               0.0000               0.0000               0.1071               0.1658               0.0765               0.0131
[Row   3]               0.0494               0.0765               0.0353              -0.0061               0.0000               0.0000               0.0494               0.0765               0.0353               0.0061
[Row   4]              -0.0085              -0.0131              -0.0061               0.0010              -0.0000              -0.0000              -0.0085              -0.0131              -0.0061              -0.0010
[Row   5]               0.0000               0.0000               0.0000              -0.0000               0.0000               0.0000               0.0000               0.0000               0.0000               0.0000
[Row   6]               0.0000               0.0000               0.0000              -0.0000               0.0000               0.0000               0.0000               0.0000               0.0000               0.0000
[Row   7]               0.0691               0.1071               0.0494              -0.0085               0.0000               0.0000               0.0691               0.1071               0.0494               0.0085
[Row   8]               0.1071               0.1658               0.0765              -0.0131               0.0000               0.0000               0.1071               0.1658               0.0765               0.0131
[Row   9]               0.0494               0.0765               0.0353              -0.0061               0.0000               0.0000               0.0494               0.0765               0.0353               0.0061
[Row  10]               0.0085               0.0131               0.0061              -0.0010               0.0000               0.0000               0.0085               0.0131               0.0061               0.0010
[Row  11]               0.0000               0.0000               0.0000              -0.0000               0.0000               0.0000               0.0000               0.0000               0.0000               0.0000
[Row  12]              -0.0000              -0.0000              -0.0000               0.0000              -0.0000              -0.0000              -0.0000              -0.0000              -0.0000              -0.0000
                  [Col 11]              [Col 12]
[Row   1]               0.0000              -0.0000
[Row   2]               0.0000              -0.0000
[Row   3]               0.0000              -0.0000
[Row   4]              -0.0000               0.0000
[Row   5]               0.0000              -0.0000
[Row   6]               0.0000              -0.0000
[Row   7]               0.0000              -0.0000
[Row   8]               0.0000              -0.0000
[Row   9]               0.0000              -0.0000
[Row  10]               0.0000              -0.0000
[Row  11]               0.0000              -0.0000
[Row  12]              -0.0000               0.0000
===== P_mu,nu psi4 =====

                  [Col  1]              [Col  2]              [Col  3]              [Col  4]              [Col  5]              [Col  6]              [Col  7]              [Col  8]              [Col  9]              [Col 10]
[Row   1]               0.0691               0.1071               0.0494              -0.0085               0.0000               0.0000               0.0691               0.1071               0.0494               0.0085
[Row   2]               0.1071               0.1658               0.0765              -0.0131               0.0000               0.0000               0.1071               0.1658               0.0765               0.0131
[Row   3]               0.0494               0.0765               0.0353              -0.0061               0.0000               0.0000               0.0494               0.0765               0.0353               0.0061
[Row   4]              -0.0085              -0.0131              -0.0061               0.0010              -0.0000              -0.0000              -0.0085              -0.0131              -0.0061              -0.0010
[Row   5]               0.0000               0.0000               0.0000              -0.0000               0.0000               0.0000               0.0000               0.0000               0.0000               0.0000
[Row   6]               0.0000               0.0000               0.0000              -0.0000               0.0000               0.0000               0.0000               0.0000               0.0000               0.0000
[Row   7]               0.0691               0.1071               0.0494              -0.0085               0.0000               0.0000               0.0691               0.1071               0.0494               0.0085
[Row   8]               0.1071               0.1658               0.0765              -0.0131               0.0000               0.0000               0.1071               0.1658               0.0765               0.0131
[Row   9]               0.0494               0.0765               0.0353              -0.0061               0.0000               0.0000               0.0494               0.0765               0.0353               0.0061
[Row  10]               0.0085               0.0131               0.0061              -0.0010               0.0000               0.0000               0.0085               0.0131               0.0061               0.0010
[Row  11]               0.0000               0.0000               0.0000              -0.0000               0.0000               0.0000               0.0000               0.0000               0.0000               0.0000
[Row  12]              -0.0000              -0.0000              -0.0000               0.0000              -0.0000              -0.0000              -0.0000              -0.0000              -0.0000              -0.0000
                  [Col 11]              [Col 12]
[Row   1]               0.0000              -0.0000
[Row   2]               0.0000              -0.0000
[Row   3]               0.0000              -0.0000
[Row   4]              -0.0000               0.0000
[Row   5]               0.0000              -0.0000
[Row   6]               0.0000              -0.0000
[Row   7]               0.0000              -0.0000
[Row   8]               0.0000              -0.0000
[Row   9]               0.0000              -0.0000
[Row  10]               0.0000              -0.0000
[Row  11]               0.0000              -0.0000
[Row  12]              -0.0000               0.0000
====== P^(AO) = SPS =====

                  [Col  1]              [Col  2]              [Col  3]              [Col  4]              [Col  5]              [Col  6]              [Col  7]              [Col  8]              [Col  9]              [Col 10]
[Row   1]               0.8894               1.2176               1.0745              -0.3583               0.0000               0.0000               0.8894               1.2176               1.0745               0.3583
[Row   2]               1.2176               1.6669               1.4710              -0.4905               0.0000               0.0000               1.2176               1.6669               1.4710               0.4905
[Row   3]               1.0745               1.4710               1.2982              -0.4328               0.0000               0.0000               1.0745               1.4710               1.2982               0.4328
[Row   4]              -0.3583              -0.4905              -0.4328               0.1443              -0.0000              -0.0000              -0.3583              -0.4905              -0.4328              -0.1443
[Row   5]               0.0000               0.0000               0.0000              -0.0000               0.0000               0.0000               0.0000               0.0000               0.0000               0.0000
[Row   6]               0.0000               0.0000               0.0000              -0.0000               0.0000               0.0000               0.0000               0.0000               0.0000               0.0000
[Row   7]               0.8894               1.2176               1.0745              -0.3583               0.0000               0.0000               0.8894               1.2176               1.0745               0.3583
[Row   8]               1.2176               1.6669               1.4710              -0.4905               0.0000               0.0000               1.2176               1.6669               1.4710               0.4905
[Row   9]               1.0745               1.4710               1.2982              -0.4328               0.0000               0.0000               1.0745               1.4710               1.2982               0.4328
[Row  10]               0.3583               0.4905               0.4328              -0.1443               0.0000               0.0000               0.3583               0.4905               0.4328               0.1443
[Row  11]               0.0000               0.0000               0.0000              -0.0000               0.0000               0.0000               0.0000               0.0000               0.0000               0.0000
[Row  12]               0.0000               0.0000               0.0000              -0.0000               0.0000               0.0000               0.0000               0.0000               0.0000               0.0000
                  [Col 11]              [Col 12]
[Row   1]               0.0000               0.0000
[Row   2]               0.0000               0.0000
[Row   3]               0.0000               0.0000
[Row   4]              -0.0000              -0.0000
[Row   5]               0.0000               0.0000
[Row   6]               0.0000               0.0000
[Row   7]               0.0000               0.0000
[Row   8]               0.0000               0.0000
[Row   9]               0.0000               0.0000
[Row  10]               0.0000               0.0000
[Row  11]               0.0000               0.0000
[Row  12]               0.0000               0.0000
====== S^(AO) = S =====

                  [Col  1]              [Col  2]              [Col  3]              [Col  4]              [Col  5]              [Col  6]              [Col  7]              [Col  8]              [Col  9]              [Col 10]
[Row   1]               1.0000               0.7064               0.3737               0.0000               0.0000               0.0000               0.2728               0.4274               0.3108               0.5619
[Row   2]               0.7064               1.0000               0.7890               0.0000               0.0000               0.0000               0.4274               0.7289               0.6780               0.4143
[Row   3]               0.3737               0.7890               1.0000               0.0000               0.0000               0.0000               0.3108               0.6780               0.9051               0.1282
[Row   4]               0.0000               0.0000               0.0000               1.0000               0.0000               0.0000              -0.5619              -0.4143              -0.1282              -0.2200
[Row   5]               0.0000               0.0000               0.0000               0.0000               1.0000               0.0000               0.0000               0.0000               0.0000               0.0000
[Row   6]               0.0000               0.0000               0.0000               0.0000               0.0000               1.0000               0.0000               0.0000               0.0000               0.0000
[Row   7]               0.2728               0.4274               0.3108              -0.5619               0.0000               0.0000               1.0000               0.7064               0.3737               0.0000
[Row   8]               0.4274               0.7289               0.6780              -0.4143               0.0000               0.0000               0.7064               1.0000               0.7890               0.0000
[Row   9]               0.3108               0.6780               0.9051              -0.1282               0.0000               0.0000               0.3737               0.7890               1.0000              -0.0000
[Row  10]               0.5619               0.4143               0.1282              -0.2200               0.0000               0.0000               0.0000               0.0000              -0.0000               1.0000
[Row  11]               0.0000               0.0000               0.0000               0.0000               0.4830               0.0000               0.0000               0.0000               0.0000               0.0000
[Row  12]               0.0000               0.0000               0.0000               0.0000               0.0000               0.4830               0.0000               0.0000               0.0000               0.0000
                  [Col 11]              [Col 12]
[Row   1]               0.0000               0.0000
[Row   2]               0.0000               0.0000
[Row   3]               0.0000               0.0000
[Row   4]               0.0000               0.0000
[Row   5]               0.4830               0.0000
[Row   6]               0.0000               0.4830
[Row   7]               0.0000               0.0000
[Row   8]               0.0000               0.0000
[Row   9]               0.0000               0.0000
[Row  10]               0.0000               0.0000
[Row  11]               1.0000               0.0000
[Row  12]               0.0000               1.0000
====== P^(AO) std gaussian m_l ordering SPS =====

                  [Col  1]              [Col  2]              [Col  3]              [Col  4]              [Col  5]              [Col  6]              [Col  7]              [Col  8]              [Col  9]              [Col 10]
[Row   1]               0.8894               1.2176               1.0745               0.0000               0.0000              -0.3583               0.8894               1.2176               1.0745               0.0000
[Row   2]               1.2176               1.6669               1.4710               0.0000               0.0000              -0.4905               1.2176               1.6669               1.4710               0.0000
[Row   3]               1.0745               1.4710               1.2982               0.0000               0.0000              -0.4328               1.0745               1.4710               1.2982               0.0000
[Row   4]               0.0000               0.0000               0.0000               0.0000               0.0000              -0.0000               0.0000               0.0000               0.0000               0.0000
[Row   5]               0.0000               0.0000               0.0000               0.0000               0.0000              -0.0000               0.0000               0.0000               0.0000               0.0000
[Row   6]              -0.3583              -0.4905              -0.4328              -0.0000              -0.0000               0.1443              -0.3583              -0.4905              -0.4328              -0.0000
[Row   7]               0.8894               1.2176               1.0745               0.0000               0.0000              -0.3583               0.8894               1.2176               1.0745               0.0000
[Row   8]               1.2176               1.6669               1.4710               0.0000               0.0000              -0.4905               1.2176               1.6669               1.4710               0.0000
[Row   9]               1.0745               1.4710               1.2982               0.0000               0.0000              -0.4328               1.0745               1.4710               1.2982               0.0000
[Row  10]               0.0000               0.0000               0.0000               0.0000               0.0000              -0.0000               0.0000               0.0000               0.0000               0.0000
[Row  11]               0.0000               0.0000               0.0000               0.0000               0.0000              -0.0000               0.0000               0.0000               0.0000               0.0000
[Row  12]               0.3583               0.4905               0.4328               0.0000               0.0000              -0.1443               0.3583               0.4905               0.4328               0.0000
                  [Col 11]              [Col 12]
[Row   1]               0.0000               0.3583
[Row   2]               0.0000               0.4905
[Row   3]               0.0000               0.4328
[Row   4]               0.0000               0.0000
[Row   5]               0.0000               0.0000
[Row   6]              -0.0000              -0.1443
[Row   7]               0.0000               0.3583
[Row   8]               0.0000               0.4905
[Row   9]               0.0000               0.4328
[Row  10]               0.0000               0.0000
[Row  11]               0.0000               0.0000
[Row  12]               0.0000               0.1443
====== S^(AO) std gaussian m_l ordering =====

                  [Col  1]              [Col  2]              [Col  3]              [Col  4]              [Col  5]              [Col  6]              [Col  7]              [Col  8]              [Col  9]              [Col 10]
[Row   1]               1.0000               0.7064               0.3737               0.0000               0.0000               0.0000               0.2728               0.4274               0.3108               0.0000
[Row   2]               0.7064               1.0000               0.7890               0.0000               0.0000               0.0000               0.4274               0.7289               0.6780               0.0000
[Row   3]               0.3737               0.7890               1.0000               0.0000               0.0000               0.0000               0.3108               0.6780               0.9051               0.0000
[Row   4]               0.0000               0.0000               0.0000               1.0000               0.0000               0.0000               0.0000               0.0000               0.0000               0.4830
[Row   5]               0.0000               0.0000               0.0000               0.0000               1.0000               0.0000               0.0000               0.0000               0.0000               0.0000
[Row   6]               0.0000               0.0000               0.0000               0.0000               0.0000               1.0000              -0.5619              -0.4143              -0.1282               0.0000
[Row   7]               0.2728               0.4274               0.3108               0.0000               0.0000              -0.5619               1.0000               0.7064               0.3737               0.0000
[Row   8]               0.4274               0.7289               0.6780               0.0000               0.0000              -0.4143               0.7064               1.0000               0.7890               0.0000
[Row   9]               0.3108               0.6780               0.9051               0.0000               0.0000              -0.1282               0.3737               0.7890               1.0000               0.0000
[Row  10]               0.0000               0.0000               0.0000               0.4830               0.0000               0.0000               0.0000               0.0000               0.0000               1.0000
[Row  11]               0.0000               0.0000               0.0000               0.0000               0.4830               0.0000               0.0000               0.0000               0.0000               0.0000
[Row  12]               0.5619               0.4143               0.1282               0.0000               0.0000              -0.2200               0.0000               0.0000              -0.0000               0.0000
                  [Col 11]              [Col 12]
[Row   1]               0.0000               0.5619
[Row   2]               0.0000               0.4143
[Row   3]               0.0000               0.1282
[Row   4]               0.0000               0.0000
[Row   5]               0.4830               0.0000
[Row   6]               0.0000              -0.2200
[Row   7]               0.0000               0.0000
[Row   8]               0.0000               0.0000
[Row   9]               0.0000              -0.0000
[Row  10]               0.0000               0.0000
[Row  11]               1.0000               0.0000
[Row  12]               0.0000               1.0000
